Metadata: {"arch": "amd64", "binary_sha256": "1d3fae067657ae2622f22cb019d7be6f3054b598a7bc58b61b4211c1198fd493", "binary_size": 1398540, "cc": "gcc 14.2.0 (Debian 14.2.0-19)", "engine": "dscriptcpp", "repository": "https://github.com/DigitalMars/DscriptCPP.git", "revision": "bfa84682939d591c1357da90e4dec109809f49ad", "revision_date": "2025-10-11"}
es1/Array.js: OK
es1/Array.length.assignment.js: OK
es1/Array.length.js: OK
es1/Array.prototype.constructor.js: OK
es1/Array.prototype.join.generic.js: OK
es1/Array.prototype.join.js: OK
es1/Array.prototype.reverse.generic.js: OK
es1/Array.prototype.reverse.js: OK
es1/Array.prototype.sort.generic.js: failed
es1/Array.prototype.sort.js: numeric sort failed; string sort failed; sort with comparefn failed; reverse comparefn failed
es1/Array.prototype.toString.js: OK
es1/Boolean.js: OK
es1/Boolean.prototype.constructor.js: OK
es1/Boolean.prototype.toString.js: OK
es1/Boolean.prototype.valueOf.js: OK
es1/Date.diff.js: OK
es1/Date.js: OK
es1/Date.prototype.constructor.js: OK
es1/Date.prototype.getDate.js: OK
es1/Date.prototype.getDay.js: OK
es1/Date.prototype.getFullYear.js: OK
es1/Date.prototype.getHours.js: OK
es1/Date.prototype.getMilliseconds.js: OK
es1/Date.prototype.getMinutes.js: OK
es1/Date.prototype.getMonth.js: OK
es1/Date.prototype.getSeconds.js: OK
es1/Date.prototype.getTimezoneOffset.js: OK
es1/Date.prototype.getTime.js: OK
es1/Date.prototype.getUTCDate.js: OK
es1/Date.prototype.getUTCDay.js: OK
es1/Date.prototype.getUTCFullYear.js: OK
es1/Date.prototype.getUTCHours.js: OK
es1/Date.prototype.getUTCMilliseconds.js: OK
es1/Date.prototype.getUTCMinutes.js: OK
es1/Date.prototype.getUTCMonth.js: OK
es1/Date.prototype.getUTCSeconds.js: OK
es1/Date.prototype.setDate.js: OK
es1/Date.prototype.setFullYear.js: OK
es1/Date.prototype.setHours.js: OK
es1/Date.prototype.setMilliseconds.js: OK
es1/Date.prototype.setMinutes.js: OK
es1/Date.prototype.setMonth.js: OK
es1/Date.prototype.setSeconds.js: OK
es1/Date.prototype.setTime.js: OK
es1/Date.prototype.setUTCDate.js: OK
es1/Date.prototype.setUTCFullYear.js: OK
es1/Date.prototype.setUTCHours.js: OK
es1/Date.prototype.setUTCMilliseconds.js: OK
es1/Date.prototype.setUTCMinutes.js: OK
es1/Date.prototype.setUTCMonth.js: OK
es1/Date.prototype.setUTCSeconds.js: OK
es1/Date.prototype.toLocaleString.js: OK
es1/Date.prototype.toString.js: OK
es1/Date.prototype.toUTCString.js: OK
es1/Date.prototype.valueOf.js: OK
es1/Function.js: OK
es1/Function.length.js: OK
es1/Function.prototype.constructor.js: OK
es1/Function.prototype.js: OK
es1/Function.prototype.toString.js: OK
es1/Math.E.js: OK
es1/Math.LN2.js: OK
es1/Math.LN10.js: OK
es1/Math.LOG2E.js: OK
es1/Math.LOG10E.js: OK
es1/Math.PI.js: OK
es1/Math.SQRT1_2.js: OK
es1/Math.SQRT2.js: OK
es1/Math.abs.js: OK
es1/Math.acos.js: OK
es1/Math.asin.js: OK
es1/Math.atan2.js: OK
es1/Math.atan.js: OK
es1/Math.ceil.js: OK
es1/Math.cos.js: OK
es1/Math.exp.js: OK
es1/Math.floor.js: OK
es1/Math.log.js: OK
es1/Math.max.js: OK
es1/Math.min.js: OK
es1/Math.pow.js: OK
es1/Math.random.js: OK
es1/Math.round.js: OK
es1/Math.sin.js: OK
es1/Math.sqrt.js: OK
es1/Math.tan.js: OK
es1/Number.MAX_VALUE.js: OK
es1/Number.MIN_VALUE.js: OK
es1/Number.NEGATIVE_INFINITY.js: OK
es1/Number.NaN.js: OK
es1/Number.POSITIVE_INFINITY.js: OK
es1/Number.js: OK
es1/Number.prototype.constructor.js: OK
es1/Number.prototype.toString.js: OK
es1/Number.prototype.valueOf.js: OK
es1/Object.js: OK
es1/Object.prototype.constructor.js: OK
es1/Object.prototype.toString.js: failed
es1/Object.prototype.valueOf.js: OK
es1/String.fromCharCode.js: OK
es1/String.generics.js: OK
es1/String.js: OK
es1/String.length.js: OK
es1/String.prototype.charAt.js: OK
es1/String.prototype.charCodeAt.js: OK
es1/String.prototype.constructor.js: OK
es1/String.prototype.indexOf.js: OK
es1/String.prototype.lastIndexOf.js: OK
es1/String.prototype.split.js: OK
es1/String.prototype.substring.js: OK
es1/String.prototype.toLowerCase.js: OK
es1/String.prototype.toString.js: OK
es1/String.prototype.toUpperCase.js: OK
es1/String.prototype.valueOf.js: OK
es1/annex-b.Date.prototype.getYear.js: non-compliant, expected to return 100 instead of 2000
es1/annex-b.Date.prototype.setYear.js: OK
es1/annex-b.Date.prototype.toGMTString.js: OK
es1/annex-b.global.escape.js: OK
es1/annex-b.global.unescape.js: OK
es1/annex-b.literals.octal.js: OK
es1/annex-b.literals.string.octal.js: OK
es1/arguments.callee.js: OK
es1/arguments.js: OK
es1/asi.eval.js: OK
es1/asi.js: Exception: can't Put(0, 1) to a primitive N
es1/assignment.bitwise.js: OK
es1/assignment.js: OK
es1/assignment.ltr.js: failed: C++ like evaluation order in 'x += f()'
es1/assignment.unsigned-shift.js: OK
es1/bitwise.binary.js: OK
es1/bitwise.shifts.js: OK
es1/bitwise.tilde.js: OK
es1/bitwise.unsigned-shift.js: OK
es1/break.js: OK
es1/comma.js: OK
es1/comments.js: OK
es1/conditional.js: OK
es1/continue.js: OK
es1/conversions.ToBoolean.js: OK
es1/conversions.ToInt32.js: OK
es1/conversions.ToInteger.js: OK
es1/conversions.ToNumber.js: OK
es1/conversions.ToObject.js: OK
es1/conversions.ToString.js: OK
es1/conversions.ToUint32.js: OK
es1/conversions.js: OK
es1/equals.js: OK
es1/eval.js: OK
es1/for-in.js: OK
es1/for.js: OK
es1/functions.js: OK
es1/global.Infinity.js: OK
es1/global.NaN.js: OK
es1/global.isFinite.js: OK
es1/global.isNaN.js: OK
es1/global.parseFloat.js: OK
es1/global.parseInt.hex.js: OK
es1/global.parseInt.js: OK
es1/global.parseInt.radix.js: OK
es1/literals.decimal.js: OK
es1/literals.hex.js: OK
es1/literals.string.escapes.js: OK
es1/literals.string.hex.js: OK
es1/literals.string.js: OK
es1/literals.string.unicode.js: OK
es1/logical.js: OK
es1/new.typeof.js: OK
es1/numbers.double.js: OK
es1/numbers.fmod.js: OK
es1/numbers.inf.js: OK
es1/numbers.int.js: OK
es1/numbers.nan.js: OK
es1/postfix.decrement.js: OK
es1/postfix.increment.js: OK
es1/prefix.js: OK
es1/relational.js: OK
es1/return.js: OK
es1/return.typeof.js: OK
es1/this.js: OK
es1/typeof.js: OK
es1/typeof.null.js: OK
es1/typeof.undeclared.js: OK
es1/types.js: OK
es1/unary.decrement.js: OK
es1/unary.delete.js: OK
es1/unary.delete.var.js: OK
es1/unary.increment.js: OK
es1/unary.minus.js: OK
es1/unary.not.js: OK
es1/unary.plus.js: OK
es1/unary.plus.str.js: OK
es1/unary.tilde.js: OK
es1/var.js: OK
es1/var.typeof.js: OK
es1/void.js: OK
es1/void.typeof.js: OK
es1/while.js: OK
es1/with.js: OK
es3/Array.prototype.concat.js: OK
es3/Array.prototype.pop.generic.js: OK
es3/Array.prototype.pop.js: OK
es3/Array.prototype.push.generic.js: OK
es3/Array.prototype.push.js: OK
es3/Array.prototype.shift.generic.js: OK
es3/Array.prototype.shift.js: OK
es3/Array.prototype.slice.generic.js: OK
es3/Array.prototype.slice.js: OK
es3/Array.prototype.splice.generic.js: OK
es3/Array.prototype.splice.js: OK
es3/Array.prototype.toLocaleString.js: OK
es3/Array.prototype.unshift.generic.js: OK
es3/Array.prototype.unshift.js: OK
es3/Array.prototype.unshift.returns-new-length.js: OK
es3/Date.prototype.toDateString.js: OK
es3/Date.prototype.toLocaleDateString.js: OK
es3/Date.prototype.toLocaleString.js: OK
es3/Date.prototype.toLocaleTimeString.js: OK
es3/Date.prototype.toTimeString.js: OK
es3/Error.js: OK
es3/Error.prototype.constructor.js: OK
es3/Error.prototype.message.js: OK
es3/Error.prototype.name.js: OK
es3/Error.prototype.toString.js: OK
es3/Function.prototype.apply.js: OK
es3/Function.prototype.call.js: OK
es3/Math.max.variadic.js: OK
es3/Math.min.variadic.js: OK
es3/Number.prototype.toExponential.edge-cases.js: OK
es3/Number.prototype.toExponential.js: toExponential(2) failed; negative number failed; zero failed; small number failed
es3/Number.prototype.toExponential.rounding.js: (-6.9e-11).toExponential(4) != '-6.9000e-11' (got: '-6e-10'); (12345).toExponential(3) != '1.235e+4' (got: '1e+4'); (1.25).toExponential(1) != '1.26e+0' (got: '1e+0'); (1.255).toExponential(2) != '1.25e+0', got '1e+0'
es3/Number.prototype.toExponential.throws-infinity.js: OK
es3/Number.prototype.toFixed.js: OK
es3/Number.prototype.toLocaleString.js: OK
es3/Number.prototype.toPrecision.js: small number exponential notation failed; large number exponential notation failed
es3/Object.prototype.hasOwnProperty.js: OK
es3/Object.prototype.isPrototypeOf.js: OK
es3/Object.prototype.propertyIsEnumerable.js: OK
es3/Object.prototype.toLocaleString.js: basic toLocaleString failed; toLocaleString should equal toString failed
es3/RegExp.global.js: OK
es3/RegExp.ignoreCase.js: OK
es3/RegExp.js: OK
es3/RegExp.lastIndex.js: OK
es3/RegExp.multiline.js: OK
es3/RegExp.prototype.constructor.js: OK
es3/RegExp.prototype.exec.js: OK
es3/RegExp.prototype.test.js: OK
es3/RegExp.prototype.toString.js: OK
es3/RegExp.source.js: OK
es3/String.prototype.concat.generic.js: OK
es3/String.prototype.concat.js: OK
es3/String.prototype.localeCompare.js: OK
es3/String.prototype.match.generic.js: OK
es3/String.prototype.match.js: OK
es3/String.prototype.replace.capture.js: spec example failed
es3/String.prototype.replace.extra.js: $$ failed; combined replacements failed
es3/String.prototype.replace.generic.js: OK
es3/String.prototype.replace.regex.js: OK
es3/String.prototype.replace.str.js: OK
es3/String.prototype.search.generic.js: OK
es3/String.prototype.search.js: OK
es3/String.prototype.search.str.js: OK
es3/String.prototype.slice.generic.js: OK
es3/String.prototype.slice.js: OK
es3/String.prototype.split.bugs.js: Exception: Error compiling regular expression
es3/String.prototype.split.limit.js: OK
es3/String.prototype.split.regex.js: Exception: Error compiling regular expression
es3/String.prototype.toLocaleLowerCase.js: OK
es3/String.prototype.toLocaleUpperCase.js: OK
es3/annex-b.String.prototype.substr.js: OK
es3/do-while.js: OK
es3/function-expressions.IIFE.js: Exception: (8) : Error: cannot assign to f
es3/function-expressions.js: crashed (signal 11); assert fail: src/dscript/value.c(176)
es3/global.EvalError.js: OK
es3/global.RangeError.js: OK
es3/global.RangeError.thrown.js: wrong exception for negative array length; wrong exception for array length exceeding 2^32-1
es3/global.ReferenceError.js: OK
es3/global.ReferenceError.thrown.js: no exception for undeclared variable; wrong exception for undeclared function; no exception for undeclared in expression; wrong exception for property access on undeclared
es3/global.SyntaxError.js: OK
es3/global.SyntaxError.thrown.js: OK
es3/global.TypeError.js: OK
es3/global.TypeError.thrown.js: Exception: (91) : Error: cannot assign to 1
es3/global.URIError.js: OK
es3/global.URIError.thrown.js: no exception for encodeURI lone low surrogate; no exception for encodeURI lone high surrogate; no exception for encodeURIComponent lone low surrogate; no exception for encodeURIComponent lone high surrogate
es3/global.decodeURIComponent.js: OK
es3/global.decodeURI.js: OK
es3/global.encodeURIComponent.js: OK
es3/global.encodeURI.js: OK
es3/global.undefined.js: OK
es3/identifiers.unicode.js: Exception: identifiers.unicode.js(8) : Error: unsupported char 0xd0
es3/instanceof.js: OK
es3/in.js: crashed (signal 11)
es3/labelled.break.js: OK
es3/labelled.continue.js: OK
es3/labelled.statements.js: OK
es3/literals.array.elisions.js: array with only elision failed
es3/literals.array.js: OK
es3/literals.array.trailing-comma.js: [1,].length failed; trailing comma failed; multiple elements with trailing comma failed
es3/literals.object.decimal.js: Exception: literals.object.decimal.js(9) : Error: identifier expected
es3/literals.object.hex.js: Exception: literals.object.hex.js(9) : Error: identifier expected
es3/literals.object.int.js: Exception: literals.object.int.js(9) : Error: identifier expected
es3/literals.object.js: OK
es3/literals.object.str.js: Exception: literals.object.str.js(8) : Error: identifier expected
es3/literals.object.unicode.js: Exception: literals.object.unicode.js(9) : Error: unsupported char 0xd0
es3/literals.regex.ambiguous.js: OK
es3/literals.regex.empty.js: Exception: Error compiling regular expression
es3/literals.regex.js: OK
es3/literals.string.esc-v.js: OK
es3/nested-functions.eval.js: OK
es3/nested-functions.js: OK
es3/regex.backref.js: OK
es3/regex.begin.js: OK
es3/regex.bracket.esc-b.js: OK
es3/regex.bracket.js: OK
es3/regex.bracket.ranges.js: dash after range failed; case insensitive range failed
es3/regex.class.esc-d.js: OK
es3/regex.class.esc-s.js: OK
es3/regex.class.esc-w.js: OK
es3/regex.disjunction.js: OK
es3/regex.dot.js: OK
es3/regex.end.js: OK
es3/regex.escape.control.js: OK
es3/regex.escape.hex.js: OK
es3/regex.escape.js: OK
es3/regex.escape.nul.js: crashed (signal 11)
es3/regex.escape.unicode.js: OK
es3/regex.flag.global.js: OK
es3/regex.flag.ignorecase.js: OK
es3/regex.flag.multiline.js: $ before LF failed
es3/regex.group.js: OK
es3/regex.lookahead.js: Exception: Error compiling regular expression
es3/regex.negative-lookahead.js: Exception: Error compiling regular expression
es3/regex.non-capturing-group.js: Exception: Error compiling regular expression
es3/regex.quantifier.exact.js: OK
es3/regex.quantifier.maybe.js: OK
es3/regex.quantifier.min.js: OK
es3/regex.quantifier.plus.js: OK
es3/regex.quantifier.range.js: OK
es3/regex.quantifier.star.js: OK
es3/regex.word-boundary.js: OK
es3/source.line-terminators.js: Exception: source.line-terminators.js(13) : Error: unsupported char 0xe2
es3/source.whitespace.js: Exception: source.whitespace.js(12) : Error: unsupported char 0xc2
es3/source.whitespace.unicode.js: Exception: source.whitespace.unicode.js(8) : Error: unsupported char 0xe2
es3/strict-equals.js: OK
es3/switch.js: OK
es3/try-catch-finally.js: OK
es3/try-catch-throw.js: OK
es5/Array.isArray.js: Array.isArray not a function; Exception:
es5/Array.prototype.every.js: Array.prototype.every not a function; Exception:
es5/Array.prototype.filter.js: Array.prototype.filter not a function; Exception:
es5/Array.prototype.forEach.js: Array.prototype.forEach not a function; Exception:
es5/Array.prototype.indexOf.js: Array.prototype.indexOf not a function; Exception:
es5/Array.prototype.lastIndexOf.js: Array.prototype.lastIndexOf not a function; Exception:
es5/Array.prototype.map.js: Array.prototype.map not a function; Exception:
es5/Array.prototype.reduceRight.js: Array.prototype.reduceRight not a function; Exception:
es5/Array.prototype.reduce.js: Array.prototype.reduce not a function; Exception:
es5/Array.prototype.some.js: Array.prototype.some not a function; Exception:
es5/Array.prototype.sort.TypeError.js: failed
es5/Array.prototype.sort.undefined-comparefn.js: arr.sort(undefined) failed; arr2.sort(undefined) failed
es5/Date.now.js: Date.now not a function; Exception:
es5/Date.prototype.toISOString.js: Date.prototype.toISOString not a function; Exception:
es5/Date.prototype.toJSON.js: Date.prototype.toJSON not a function; Exception:
es5/Function.prototype-not-enumerable.js: OK
es5/Function.prototype.apply.array-like.js: Exception: Function.prototype.apply.array-like.js(15) : Error: identifier expected
es5/Function.prototype.bind.js: Function.prototype.bind not a function; Exception:
es5/JSON.js: failed: typeof JSON !== 'object'
es5/JSON.parse.js: Exception: U u.p cannot convert to Object
es5/JSON.parse.reviver.js: Exception: U u.p cannot convert to Object
es5/JSON.stringify.js: Exception: U u.s cannot convert to Object
es5/JSON.stringify.replacer.js: Exception: U u.s cannot convert to Object
es5/JSON.stringify.space.js: Exception: U u.s cannot convert to Object
es5/Object.create.js: Object.create not a function; Exception:
es5/Object.defineProperties.js: Object.defineProperties not a function; Exception:
es5/Object.defineProperty.js: Object.defineProperty not a function; Exception:
es5/Object.freeze.js: Object.freeze not a function; Exception:
es5/Object.getOwnPropertyDescriptor.js: Object.getOwnPropertyDescriptor not a function; Exception:
es5/Object.getOwnPropertyNames.js: Object.getOwnPropertyNames not a function; Exception:
es5/Object.getPrototypeOf.js: Object.getPrototypeOf not a function; Exception:
es5/Object.isExtensible.js: Object.isExtensible not a function; Exception:
es5/Object.isFrozen.js: Object.isFrozen not a function; Exception:
es5/Object.isSealed.js: Object.isSealed not a function; Exception:
es5/Object.keys.js: Object.keys not a function; Exception:
es5/Object.preventExtensions.js: Object.preventExtensions not a function; Exception:
es5/Object.property-shadowing.js: OK
es5/Object.seal.js: Object.seal not a function; Exception:
es5/String.indexing.js: 'foobar'[3] !== 'b'; test with variable failed
es5/String.prototype.trim.js: String.prototype.trim not a function; Exception:
es5/arguments.toStringTag.js: Exception: (10) : Error: cannot assign to f
es5/debugger.js: Exception: debugger.js(7) : Error: found 'd' instead of statement
es5/global.Infinity.immutable.js: Infinity is not a number after assignment; Infinity not positive infinity after assignment
es5/global.NaN.immutable.js: NaN is not a number after assignment; NaN === NaN after assignment
es5/global.parseInt.no-octal.js: parseInt('010') !== 10; parseInt('0100') !== 100; parseInt('077') !== 77
es5/global.undefined.immutable.js: undefined is not undefined after assignment
es5/literals.object.getters.js: Exception: literals.object.getters.js(9) : Error: found 'x' when expecting ':'
es5/literals.object.setters.js: Exception: literals.object.setters.js(10) : Error: found 'x' when expecting ':'
es5/literals.object.trailing-comma.js: Exception: literals.object.trailing-comma.js(9) : Error: identifier expected
es5/source.keyword-properties.js: Exception: source.keyword-properties.js(15) : Error: identifier expected
es5/source.unreserved-words.js: Exception: source.unreserved-words.js(13) : Error: identifier expected instead of 'a'
es5/source.whitespace.bom.js: Exception: source.whitespace.bom.js(1) : Error: unsupported char 0xef
es5/source.zero-width-chars.js: OK
es5/strict.eval-cannot-create-bindings.js: Exception: (14) : Error: cannot assign to f
es5/strict.function-expr-with-matching-name.js: OK
es5/strict.js: Exception: (10) : Error: cannot assign to f
es5/strict.no-arguments-callee.js: Exception: (12) : Error: cannot assign to f
es5/strict.no-arguments-caller.js: Exception: (12) : Error: cannot assign to f
es5/strict.no-assignment-to-non-writable.js: Exception: strict.no-assignment-to-non-writable.js(29) : Error: found 'x' when expecting ':'
es5/strict.no-assignment-to-unresolvable.js: Exception: (12) : Error: cannot assign to f
es5/strict.no-delete-bindings.js: Exception: (12) : Error: cannot assign to f
es5/strict.no-delete-non-configurable.js: Exception: (12) : Error: cannot assign to f
es5/strict.no-duplicate-parameters.js: Exception: (13) : Error: cannot assign to f
es5/strict.no-eval-or-arguments-assignment.js: Exception: (12) : Error: cannot assign to f
es5/strict.no-eval-or-arguments-bindings.js: Exception: (21) : Error: cannot assign to f
es5/strict.no-function-caller-or-arguments.js: Exception: (12) : Error: cannot assign to f
es5/strict.no-octal-literals.js: Exception: (16) : Error: cannot assign to f
es5/strict.no-with.js: Exception: (11) : Error: cannot assign to f
es5/strict.reserved-words.js: Exception: (11) : Error: cannot assign to f
es5/strict.this-primitive-not-coerced-in-accessors.js: Exception: (7) : Error: cannot assign to f
es5/strict.this-primitive-not-coerced.js: Exception: (10) : Error: cannot assign to f
es5/strict.this-undefined-in-function.js: Exception: (10) : Error: cannot assign to f
es5/strict.unmapped-arguments.js: Exception: (15) : Error: cannot assign to f
es5/this.thrown-function.js: Exception: (10) : Error: cannot assign to f
kangax-es5/Array.isArray.js: failed
kangax-es5/Array.prototype.every.js: failed
kangax-es5/Array.prototype.filter.js: failed
kangax-es5/Array.prototype.forEach.js: failed
kangax-es5/Array.prototype.indexOf.js: failed
kangax-es5/Array.prototype.lastIndexOf.js: failed
kangax-es5/Array.prototype.map.js: failed
kangax-es5/Array.prototype.reduceRight.js: failed
kangax-es5/Array.prototype.reduce.js: failed
kangax-es5/Array.prototype.some.js: failed
kangax-es5/Array.prototype.sort.compareFn-type.js: Exception: Array.prototype.sort.compareFn-type.js(9) : Error: found '[' instead of statement
kangax-es5/Array.prototype.sort.compareFn-undefined.js: failed
kangax-es5/Array.prototype.unshift.return-count.js: OK
kangax-es5/Date.now.js: failed
kangax-es5/Date.prototype.toISOString.js: failed
kangax-es5/Date.prototype.toJSON.js: failed
kangax-es5/Function.prototype.bind.js: failed
kangax-es5/JSON.js: failed
kangax-es5/Number.prototype.toExponential.no-throw-edge-cases.js: OK
kangax-es5/Number.prototype.toExponential.rounds-properly.js: failed
kangax-es5/Number.prototype.toExponential.throws-infinity.js: OK
kangax-es5/Object.create.js: failed
kangax-es5/Object.defineProperties.js: failed
kangax-es5/Object.defineProperty.js: failed
kangax-es5/Object.freeze.js: failed
kangax-es5/Object.getOwnPropertyDescriptor.js: failed
kangax-es5/Object.getOwnPropertyNames.js: failed
kangax-es5/Object.getPrototypeOf.js: failed
kangax-es5/Object.isExtensible.js: failed
kangax-es5/Object.isFrozen.js: failed
kangax-es5/Object.isSealed.js: failed
kangax-es5/Object.keys.js: failed
kangax-es5/Object.preventExtensions.js: failed
kangax-es5/Object.seal.js: failed
kangax-es5/String.property-access.js: failed
kangax-es5/String.prototype.split.js: Error compiling regular expression
kangax-es5/String.prototype.trim.js: failed
kangax-es5/annex-b.String.prototype.substr.js: OK
kangax-es5/immutable-globals.Infinity.js: failed
kangax-es5/immutable-globals.NaN.js: failed
kangax-es5/immutable-globals.undefined.js: failed
kangax-es5/literals.getter-accessors.js: Exception: literals.getter-accessors.js(8) : Error: found 'x' when expecting ':'
kangax-es5/literals.reserved-words-properties.js: Exception: literals.reserved-words-properties.js(8) : Error: identifier expected
kangax-es5/literals.setter-accessors.js: Exception: literals.setter-accessors.js(9) : Error: found 'x' when expecting ':'
kangax-es5/literals.trailing-comma-array.js: failed
kangax-es5/literals.trailing-comma-object.js: Exception: literals.trailing-comma-object.js(8) : Error: identifier expected
kangax-es5/misc.Arguments.toStringTag.js: Exception: testCode(8) : Error: cannot assign to f
kangax-es5/misc.Function.apply.array-likes.js: Exception: misc.Function.apply.array-likes.js(9) : Error: identifier expected
kangax-es5/misc.Function.prototype.non-enumerable.js: OK
kangax-es5/misc.enumerable-shadow.js: OK
kangax-es5/misc.parseInt.ignores-leading-zeros.js: failed
kangax-es5/misc.thrown-functions-this.js: crashed (signal 11)
kangax-es5/misc.unreserved-words.js: Exception: misc.unreserved-words.js(8) : Error: identifier expected instead of 'a'
kangax-es5/misc.zero-width-identifiers.js: OK
kangax-es5/strict.arguments-callee-error.js: failed
kangax-es5/strict.arguments-caller-error.js: crashed (signal 11)
kangax-es5/strict.arguments-unmapped.js: Exception: testCode(10) : Error: cannot assign to f
kangax-es5/strict.assignment-eval-arguments-error.js: failed
kangax-es5/strict.assignment-non-writable-error.js: Exception: strict.assignment-non-writable-error.js(12) : Error: found 'x' when expecting ':'
kangax-es5/strict.assignment-unresolvable-error.js: failed
kangax-es5/strict.delete-bindings-error.js: failed
kangax-es5/strict.delete-non-configurable-error.js: failed
kangax-es5/strict.eval-arguments-bindings-error.js: failed
kangax-es5/strict.eval-no-bindings.js: failed
kangax-es5/strict.function-caller-arguments-error.js: failed
kangax-es5/strict.function-expr-matching-name-arg.js: OK
kangax-es5/strict.legacy-octal-error.js: failed
kangax-es5/strict.repeated-params-error.js: failed
kangax-es5/strict.reserved-words.js: failed
kangax-es5/strict.this-not-coerced-accessors.js: O f.d is undefined and has no Call method
kangax-es5/strict.this-not-coerced-methods.js: failed
kangax-es5/strict.this-undefined.js: failed
kangax-es5/strict.with-error.js: failed
kangax-es6/Array.Symbol.species.js: U u.s cannot convert to Object
kangax-es6/Array.from.array-like.js: Exception: Array.from.array-like.js(10) : Error: identifier expected
kangax-es6/Array.from.generator.js: Exception: Array.from.generator.js(9) : Error: found '*' when expecting '('
kangax-es6/Array.from.iterable-instance.js: Exception: Array.from.iterable-instance.js(20) : Error: identifier expected
kangax-es6/Array.from.iterable.js: Exception: Array.from.iterable.js(20) : Error: identifier expected
kangax-es6/Array.from.iterator-closing.js: Exception: Array.from.iterator-closing.js(20) : Error: identifier expected
kangax-es6/Array.from.map.array-like.js: Exception: Array.from.map.array-like.js(9) : Error: identifier expected
kangax-es6/Array.from.map.generator.js: Exception: Array.from.map.generator.js(9) : Error: found '*' when expecting '('
kangax-es6/Array.from.map.iterable-instance.js: Exception: Array.from.map.iterable-instance.js(20) : Error: identifier expected
kangax-es6/Array.from.map.iterable.js: Exception: Array.from.map.iterable.js(20) : Error: identifier expected
kangax-es6/Array.iterator-prototype-chain.js: U u.i cannot convert to Object
kangax-es6/Array.of.js: failed
kangax-es6/Array.prototype.Symbol.iterator.js: U u.i cannot convert to Object
kangax-es6/Array.prototype.Symbol.unscopables.js: U u.u cannot convert to Object
kangax-es6/Array.prototype.copyWithin.js: failed
kangax-es6/Array.prototype.entries.js: failed
kangax-es6/Array.prototype.fill.js: failed
kangax-es6/Array.prototype.findIndex.js: failed
kangax-es6/Array.prototype.find.js: failed
kangax-es6/Array.prototype.keys.js: failed
kangax-es6/Array.prototype.splice.js: Exception: testCode(28) : Error: cannot assign to f
kangax-es6/Array.prototype.values.js: failed
kangax-es6/Date.prototype.Symbol.toPrimitive.js: U u.t cannot convert to Object
kangax-es6/Function.name.accessor.js: Exception: Function.name.accessor.js(10) : Error: found 'f' when expecting ':'
kangax-es6/Function.name.bound.js: O f.b is undefined and has no Call method
kangax-es6/Function.name.class-expression.js: Exception: Function.name.class-expression.js(10) : Error: expression expected, not 'c'
kangax-es6/Function.name.class-object-method.js: Exception: Function.name.class-object-method.js(10) : Error: expression expected, not 'c'
kangax-es6/Function.name.class-prototype.js: Exception: Function.name.class-prototype.js(10) : Error: found 'c' instead of statement
kangax-es6/Function.name.class-statement.js: Exception: Function.name.class-statement.js(10) : Error: found 'c' instead of statement
kangax-es6/Function.name.class-static.js: Exception: Function.name.class-static.js(10) : Error: found 'c' instead of statement
kangax-es6/Function.name.class-variable.js: Exception: Function.name.class-variable.js(10) : Error: expression expected, not 'c'
kangax-es6/Function.name.configurable.js: O f.g is undefined and has no Call method
kangax-es6/Function.name.expression.js: failed
kangax-es6/Function.name.new-Function.js: failed
kangax-es6/Function.name.object-method.js: failed
kangax-es6/Function.name.shorthand.js: Exception: Function.name.shorthand.js(10) : Error: found '(' when expecting ':'
kangax-es6/Function.name.shorthand.no-lexical.js: Exception: Function.name.shorthand.no-lexical.js(11) : Error: found '(' when expecting ':'
kangax-es6/Function.name.statement.js: failed
kangax-es6/Function.name.symbol-keyed.js: Exception: Function.name.symbol-keyed.js(13) : Error: identifier expected
kangax-es6/Function.name.variable.js: failed
kangax-es6/Map.Symbol.species.js: U u.s cannot convert to Object
kangax-es6/Map.constructor-accepts-null.js: primitive U has no Construct method
kangax-es6/Map.constructor-arguments.js: primitive U has no Construct method
kangax-es6/Map.constructor-invokes-set.js: U u.p cannot convert to Object
kangax-es6/Map.constructor-requires-new.js: primitive U has no Construct method
kangax-es6/Map.iterator-closing.js: Exception: Map.iterator-closing.js(21) : Error: identifier expected
kangax-es6/Map.iterator-prototype-chain.js: primitive U has no Construct method
kangax-es6/Map.js: primitive U has no Construct method
kangax-es6/Map.prototype-not-instance.js: primitive U has no Construct method
kangax-es6/Map.prototype.Symbol.iterator.js: U u.p cannot convert to Object
kangax-es6/Map.prototype.clear.js: U u.p cannot convert to Object
kangax-es6/Map.prototype.delete.js: Exception: Map.prototype.delete.js(10) : Error: identifier expected following '.', not 'd'
kangax-es6/Map.prototype.entries.js: U u.p cannot convert to Object
kangax-es6/Map.prototype.forEach.js: U u.p cannot convert to Object
kangax-es6/Map.prototype.keys.js: U u.p cannot convert to Object
kangax-es6/Map.prototype.set-returns-this.js: primitive U has no Construct method
kangax-es6/Map.prototype.size.js: primitive U has no Construct method
kangax-es6/Map.prototype.values.js: U u.p cannot convert to Object
kangax-es6/Map.zero-key.js: primitive U has no Construct method
kangax-es6/Math.acosh.js: failed
kangax-es6/Math.asinh.js: failed
kangax-es6/Math.atanh.js: failed
kangax-es6/Math.cbrt.js: failed
kangax-es6/Math.clz32.js: failed
kangax-es6/Math.cosh.js: failed
kangax-es6/Math.expm1.js: failed
kangax-es6/Math.fround.js: failed
kangax-es6/Math.hypot.js: O [.h is undefined and has no Call method
kangax-es6/Math.imul.js: failed
kangax-es6/Math.log1p.js: failed
kangax-es6/Math.log2.js: failed
kangax-es6/Math.log10.js: failed
kangax-es6/Math.sign.js: failed
kangax-es6/Math.sinh.js: failed
kangax-es6/Math.tanh.js: failed
kangax-es6/Math.trunc.js: failed
kangax-es6/Number.EPSILON.js: failed
kangax-es6/Number.MAX_SAFE_INTEGER.js: failed
kangax-es6/Number.MIN_SAFE_INTEGER.js: failed
kangax-es6/Number.isFinite.js: failed
kangax-es6/Number.isInteger.js: failed
kangax-es6/Number.isNaN.js: failed
kangax-es6/Number.isSafeInteger.js: failed
kangax-es6/Number.parseFloat.js: failed
kangax-es6/Number.parseInt.js: failed
kangax-es6/Object.assign.js: O f.a is undefined and has no Call method
kangax-es6/Object.getOwnPropertySymbols.js: p S is undefined and has no Call method
kangax-es6/Object.is.js: failed
kangax-es6/Object.setPrototypeOf.js: O f.s is undefined and has no Call method
kangax-es6/Promise.Symbol.species.js: U u.s cannot convert to Object
kangax-es6/Promise.all.iterable.js: Exception: Promise.all.iterable.js(21) : Error: identifier expected
kangax-es6/Promise.all.js: Exception: Promise.all.js(55) : Error: identifier expected following '.', not 'c'
kangax-es6/Promise.constructor-requires-new.js: primitive U has no Construct method
kangax-es6/Promise.js: Exception: Promise.js(55) : Error: identifier expected following '.', not 'c'
kangax-es6/Promise.prototype-not-instance.js: primitive U has no Construct method
kangax-es6/Promise.race.iterable.js: Exception: Promise.race.iterable.js(21) : Error: identifier expected
kangax-es6/Promise.race.js: Exception: Promise.race.js(55) : Error: identifier expected following '.', not 'c'
kangax-es6/Proxy.Array.isArray.js: primitive U has no Construct method
kangax-es6/Proxy.JSON.stringify.js: primitive U has no Construct method
kangax-es6/Proxy.constructor-requires-new.js: Exception: Proxy.constructor-requires-new.js(10) : Error: Object literal in initializer
kangax-es6/Proxy.handler.apply.invariants.js: Exception: Proxy.handler.apply.invariants.js(11) : Error: Object literal in initializer
kangax-es6/Proxy.handler.apply.js: primitive U has no Construct method
kangax-es6/Proxy.handler.construct.invariants.js: Exception: Proxy.handler.construct.invariants.js(11) : Error: Object literal in initializer
kangax-es6/Proxy.handler.construct.js: Exception: Proxy.handler.construct.js(12) : Error: Object literal in initializer
kangax-es6/Proxy.handler.defineProperty.invariants.js: Exception: Proxy.handler.defineProperty.invariants.js(11) : Error: Object literal in initializer
kangax-es6/Proxy.handler.defineProperty.js: primitive U has no Construct method
kangax-es6/Proxy.handler.deleteProperty.invariants.js: Exception: Proxy.handler.deleteProperty.invariants.js(11) : Error: Object literal in initializer
kangax-es6/Proxy.handler.deleteProperty.js: Exception: Proxy.handler.deleteProperty.js(12) : Error: Object literal in initializer
kangax-es6/Proxy.handler.getOwnPropertyDescriptor.invariants.js: Exception: Proxy.handler.getOwnPropertyDescriptor.invariants.js(11) : Error: Object literal in initializer
kangax-es6/Proxy.handler.getOwnPropertyDescriptor.js: primitive U has no Construct method
kangax-es6/Proxy.handler.getPrototypeOf.invariants.js: Exception: Proxy.handler.getPrototypeOf.invariants.js(11) : Error: Object literal in initializer
kangax-es6/Proxy.handler.getPrototypeOf.js: primitive U has no Construct method
kangax-es6/Proxy.handler.get.instances.js: primitive U has no Construct method
kangax-es6/Proxy.handler.get.invariants.js: primitive U has no Construct method
kangax-es6/Proxy.handler.get.js: primitive U has no Construct method
kangax-es6/Proxy.handler.has.instances.js: Exception: Proxy.handler.has.instances.js(12) : Error: Object literal in initializer
kangax-es6/Proxy.handler.has.invariants.js: Exception: Proxy.handler.has.invariants.js(11) : Error: Object literal in initializer
kangax-es6/Proxy.handler.has.js: Exception: Proxy.handler.has.js(12) : Error: Object literal in initializer
kangax-es6/Proxy.handler.isExtensible.invariants.js: Exception: Proxy.handler.isExtensible.invariants.js(11) : Error: Object literal in initializer
kangax-es6/Proxy.handler.isExtensible.js: primitive U has no Construct method
kangax-es6/Proxy.handler.ownKeys.invariants.js: Exception: Proxy.handler.ownKeys.invariants.js(11) : Error: Object literal in initializer
kangax-es6/Proxy.handler.ownKeys.js: primitive U has no Construct method
kangax-es6/Proxy.handler.preventExtensions.invariants.js: Exception: Proxy.handler.preventExtensions.invariants.js(11) : Error: Object literal in initializer
kangax-es6/Proxy.handler.preventExtensions.js: primitive U has no Construct method
kangax-es6/Proxy.handler.setPrototypeOf.invariants.js: Exception: Proxy.handler.setPrototypeOf.invariants.js(11) : Error: Object literal in initializer
kangax-es6/Proxy.handler.setPrototypeOf.js: primitive U has no Construct method
kangax-es6/Proxy.handler.set.instances.js: primitive U has no Construct method
kangax-es6/Proxy.handler.set.invariants.js: Exception: Proxy.handler.set.invariants.js(11) : Error: Object literal in initializer
kangax-es6/Proxy.handler.set.js: primitive U has no Construct method
kangax-es6/Proxy.no-prototype.js: Exception: Proxy.no-prototype.js(10) : Error: Object literal in initializer
kangax-es6/Proxy.revocable.js: U u.r is undefined and has no Call method
kangax-es6/Reflect.apply.js: U u.a is undefined and has no Call method
kangax-es6/Reflect.construct.Array-subclassing.js: U u.c is undefined and has no Call method
kangax-es6/Reflect.construct.Function-subclassing.js: U u.c is undefined and has no Call method
kangax-es6/Reflect.construct.Promise-subclassing.js: Exception: Reflect.construct.Promise-subclassing.js(55) : Error: identifier expected following '.', not 'c'
kangax-es6/Reflect.construct.RegExp-subclassing.js: U u.c is undefined and has no Call method
kangax-es6/Reflect.construct.js: U u.c is undefined and has no Call method
kangax-es6/Reflect.construct.new-target.js: Exception: Reflect.construct.new-target.js(11) : Error: expression expected, not '.'
kangax-es6/Reflect.construct.third-argument.js: U u.c is undefined and has no Call method
kangax-es6/Reflect.defineProperty.js: U u.d is undefined and has no Call method
kangax-es6/Reflect.deleteProperty.js: U u.d is undefined and has no Call method
kangax-es6/Reflect.getOwnPropertyDescriptor.js: U u.g is undefined and has no Call method
kangax-es6/Reflect.getPrototypeOf.js: U u.g is undefined and has no Call method
kangax-es6/Reflect.get.js: U u.g is undefined and has no Call method
kangax-es6/Reflect.has.js: U u.h is undefined and has no Call method
kangax-es6/Reflect.isExtensible.js: U u.i is undefined and has no Call method
kangax-es6/Reflect.ownKeys.string.js: O f.c is undefined and has no Call method
kangax-es6/Reflect.ownKeys.symbol.js: p S is undefined and has no Call method
kangax-es6/Reflect.preventExtensions.js: U u.p is undefined and has no Call method
kangax-es6/Reflect.setPrototypeOf.js: U u.s is undefined and has no Call method
kangax-es6/Reflect.set.js: U u.s is undefined and has no Call method
kangax-es6/RegExp.Symbol.species.js: U u.s cannot convert to Object
kangax-es6/RegExp.prototype.Symbol.match.js: U u.m cannot convert to Object
kangax-es6/RegExp.prototype.Symbol.replace.js: U u.r cannot convert to Object
kangax-es6/RegExp.prototype.Symbol.search.js: U u.s cannot convert to Object
kangax-es6/RegExp.prototype.Symbol.split.js: U u.s cannot convert to Object
kangax-es6/RegExp.prototype.flags.js: failed
kangax-es6/Set.Symbol.species.js: U u.s cannot convert to Object
kangax-es6/Set.constructor-accepts-null.js: primitive U has no Construct method
kangax-es6/Set.constructor-arguments.js: primitive U has no Construct method
kangax-es6/Set.constructor-invokes-add.js: U u.p cannot convert to Object
kangax-es6/Set.constructor-requires-new.js: primitive U has no Construct method
kangax-es6/Set.iterator-closing.js: Exception: Set.iterator-closing.js(21) : Error: identifier expected
kangax-es6/Set.iterator-prototype-chain.js: primitive U has no Construct method
kangax-es6/Set.js: primitive U has no Construct method
kangax-es6/Set.prototype-not-instance.js: primitive U has no Construct method
kangax-es6/Set.prototype.Symbol.iterator.js: U u.p cannot convert to Object
kangax-es6/Set.prototype.add-returns-this.js: primitive U has no Construct method
kangax-es6/Set.prototype.clear.js: U u.p cannot convert to Object
kangax-es6/Set.prototype.delete.js: Exception: Set.prototype.delete.js(10) : Error: identifier expected following '.', not 'd'
kangax-es6/Set.prototype.entries.js: U u.p cannot convert to Object
kangax-es6/Set.prototype.forEach.js: U u.p cannot convert to Object
kangax-es6/Set.prototype.keys.js: U u.p cannot convert to Object
kangax-es6/Set.prototype.size.js: primitive U has no Construct method
kangax-es6/Set.prototype.values.js: U u.p cannot convert to Object
kangax-es6/Set.zero-key.js: primitive U has no Construct method
kangax-es6/String.fromCodePoint.js: failed
kangax-es6/String.iterator-prototype-chain.js: U u.i cannot convert to Object
kangax-es6/String.prototype.Symbol.iterator.js: U u.i cannot convert to Object
kangax-es6/String.prototype.codePointAt.js: failed
kangax-es6/String.prototype.endsWith.js: failed
kangax-es6/String.prototype.endsWith.throws-regex.js: failed
kangax-es6/String.prototype.includes.js: failed
kangax-es6/String.prototype.normalize.js: failed
kangax-es6/String.prototype.repeat.js: failed
kangax-es6/String.prototype.startsWith.js: failed
kangax-es6/String.prototype.startsWith.throws-regex.js: failed
kangax-es6/String.raw.js: failed
kangax-es6/Symbol.JSON.stringify.object.js: p S is undefined and has no Call method
kangax-es6/Symbol.JSON.stringify.primitive.js: p S is undefined and has no Call method
kangax-es6/Symbol.Object.js: p S is undefined and has no Call method
kangax-es6/Symbol.String.js: p S is undefined and has no Call method
kangax-es6/Symbol.defineProperty.js: p S is undefined and has no Call method
kangax-es6/Symbol.global-registry.js: Exception: Symbol.global-registry.js(10) : Error: identifier expected following '.', not 'f'
kangax-es6/Symbol.hidden-keys.js: p S is undefined and has no Call method
kangax-es6/Symbol.js: p S is undefined and has no Call method
kangax-es6/Symbol.no-coerce.js: p S is undefined and has no Call method
kangax-es6/Symbol.no-new.js: p S is undefined and has no Call method
kangax-es6/Symbol.prototype.js: p S is undefined and has no Call method
kangax-es6/Symbol.typeof.js: p S is undefined and has no Call method
kangax-es6/WeakMap.accept-primitives.js: Exception: WeakMap.accept-primitives.js(13) : Error: identifier expected following '.', not 'd'
kangax-es6/WeakMap.constructor-accepts-null.js: primitive U has no Construct method
kangax-es6/WeakMap.constructor-arguments.js: primitive U has no Construct method
kangax-es6/WeakMap.constructor-invokes-set.js: Exception: WeakMap.constructor-invokes-set.js(17) : Error: Object literal in initializer
kangax-es6/WeakMap.constructor-requires-new.js: primitive U has no Construct method
kangax-es6/WeakMap.frozen-keys.js: O f.f is undefined and has no Call method
kangax-es6/WeakMap.iterator-closing.js: Exception: WeakMap.iterator-closing.js(21) : Error: identifier expected
kangax-es6/WeakMap.js: primitive U has no Construct method
kangax-es6/WeakMap.no-clear.js: crashed (signal 11)
kangax-es6/WeakMap.prototype-not-instance.js: primitive U has no Construct method
kangax-es6/WeakMap.prototype.delete.js: Exception: WeakMap.prototype.delete.js(10) : Error: identifier expected following '.', not 'd'
kangax-es6/WeakMap.prototype.set-returns-this.js: primitive U has no Construct method
kangax-es6/WeakSet.accept-primitives.js: Exception: WeakSet.accept-primitives.js(12) : Error: identifier expected following '.', not 'd'
kangax-es6/WeakSet.constructor-accepts-null.js: primitive U has no Construct method
kangax-es6/WeakSet.constructor-arguments.js: primitive U has no Construct method
kangax-es6/WeakSet.constructor-invokes-add.js: Exception: WeakSet.constructor-invokes-add.js(17) : Error: Object literal in initializer
kangax-es6/WeakSet.constructor-requires-new.js: primitive U has no Construct method
kangax-es6/WeakSet.iterator-closing.js: Exception: WeakSet.iterator-closing.js(21) : Error: identifier expected
kangax-es6/WeakSet.js: primitive U has no Construct method
kangax-es6/WeakSet.no-clear.js: crashed (signal 11)
kangax-es6/WeakSet.prototype-not-instance.js: primitive U has no Construct method
kangax-es6/WeakSet.prototype.add-returns-this.js: primitive U has no Construct method
kangax-es6/WeakSet.prototype.delete.js: Exception: WeakSet.prototype.delete.js(10) : Error: identifier expected following '.', not 'd'
kangax-es6/annex-b.RegExp.prototype.compile.js: OK
kangax-es6/annex-b.RegExp.prototype.compile.returns-this.js: failed
kangax-es6/annex-b.String.prototype.html.existence.js: OK
kangax-es6/annex-b.String.prototype.html.lowercase.js: failed
kangax-es6/annex-b.String.prototype.html.quotes-escaped.js: failed
kangax-es6/annex-b.function.hoisted-block-level.js: Exception: annex-b.function.hoisted-block-level.js(15) : Error: found 'f' instead of statement
kangax-es6/annex-b.function.if-statement.js: Exception: annex-b.function.if-statement.js(12) : Error: found 'f' instead of statement
kangax-es6/annex-b.function.labeled.js: Exception: annex-b.function.labeled.js(12) : Error: found 'f' instead of statement
kangax-es6/annex-b.html-comments.js: Exception: annex-b.html-comments.js(9) : Error: expression expected, not '>'
kangax-es6/annex-b.regex.backreferences-octal.js: Error compiling regular expression
kangax-es6/annex-b.regex.hyphens.js: Error compiling regular expression
kangax-es6/annex-b.regex.incomplete-patterns.js: Error compiling regular expression
kangax-es6/annex-b.regex.invalid-char-escapes.js: OK
kangax-es6/annex-b.regex.invalid-control-escapes.js: Error compiling regular expression
kangax-es6/annex-b.regex.invalid-hex-escapes.js: cannot convert N to Object
kangax-es6/annex-b.regex.invalid-unicode-escapes.js: OK
kangax-es6/annex-b.regex.octal-escapes.js: OK
kangax-es6/annex-b.__proto__.Object.prototype.absent-from-null.js: O f.c is undefined and has no Call method
kangax-es6/annex-b.__proto__.Object.prototype.descriptor.js: O f.g is undefined and has no Call method
kangax-es6/annex-b.__proto__.Object.prototype.getOwnPropertyNames.js: O f.g is undefined and has no Call method
kangax-es6/annex-b.__proto__.Object.prototype.get.js: failed
kangax-es6/annex-b.__proto__.Object.prototype.hasOwnProperty.js: failed
kangax-es6/annex-b.__proto__.Object.prototype.set.js: failed
kangax-es6/annex-b.__proto__.literals.js: failed
kangax-es6/annex-b.__proto__.literals.multiple-error.js: failed
kangax-es6/annex-b.__proto__.literals.not-computed.js: Exception: annex-b.__proto__.literals.not-computed.js(14) : Error: identifier expected
kangax-es6/annex-b.__proto__.literals.not-shorthand-method.js: Exception: annex-b.__proto__.literals.not-shorthand-method.js(13) : Error: found '(' when expecting ':'
kangax-es6/annex-b.__proto__.literals.not-shorthand-property.js: Exception: annex-b.__proto__.literals.not-shorthand-property.js(14) : Error: found '}' when expecting ':'
kangax-es6/arrow.0-params.js: Exception: arrow.0-params.js(10) : Error: expression expected, not ')'
kangax-es6/arrow.1-param.js: Exception: arrow.1-param.js(10) : Error: expression expected, not '>'
kangax-es6/arrow.5-param.js: Exception: arrow.5-param.js(10) : Error: expression expected, not '>'
kangax-es6/arrow.bind.js: Exception: arrow.bind.js(10) : Error: expression expected, not '>'
kangax-es6/arrow.lexical-arguments.js: Exception: arrow.lexical-arguments.js(10) : Error: expression expected, not '>'
kangax-es6/arrow.lexical-super.constructor.js: Exception: arrow.lexical-super.constructor.js(12) : Error: found 'c' instead of statement
kangax-es6/arrow.lexical-super.methods.js: Exception: arrow.lexical-super.methods.js(10) : Error: found 'c' instead of statement
kangax-es6/arrow.lexical-this.js: Exception: arrow.lexical-this.js(10) : Error: expression expected, not '>'
kangax-es6/arrow.new-target.js: Exception: arrow.new-target.js(11) : Error: expression expected, not '>'
kangax-es6/arrow.no-line-break.js: Exception: arrow.no-line-break.js(10) : Error: expression expected, not ')'
kangax-es6/arrow.no-prototype.js: Exception: arrow.no-prototype.js(10) : Error: expression expected, not ')'
kangax-es6/arrow.precedence.js: Exception: arrow.precedence.js(10) : Error: expression expected, not ')'
kangax-es6/arrow.this-call-apply.js: Exception: arrow.this-call-apply.js(10) : Error: expression expected, not ')'
kangax-es6/class.accessor-properties.js: Exception: class.accessor-properties.js(11) : Error: found 'c' instead of statement
kangax-es6/class.anonymous.js: Exception: class.anonymous.js(10) : Error: expression expected, not 'c'
kangax-es6/class.block-scoped.js: Exception: class.block-scoped.js(10) : Error: found 'c' instead of statement
kangax-es6/class.computed-accessor-properties.js: Exception: class.computed-accessor-properties.js(11) : Error: found 'c' instead of statement
kangax-es6/class.computed-names-tdz.js: Exception: class.computed-names-tdz.js(11) : Error: expression expected, not 'c'
kangax-es6/class.computed-prototype-methods.js: Exception: class.computed-prototype-methods.js(11) : Error: found 'c' instead of statement
kangax-es6/class.computed-static-accessor-properties.js: Exception: class.computed-static-accessor-properties.js(11) : Error: found 'c' instead of statement
kangax-es6/class.computed-static-methods.js: Exception: class.computed-static-methods.js(11) : Error: found 'c' instead of statement
kangax-es6/class.constructor-requires-new.js: Exception: class.constructor-requires-new.js(10) : Error: found 'c' instead of statement
kangax-es6/class.constructor.js: Exception: class.constructor.js(10) : Error: found 'c' instead of statement
kangax-es6/class.expression.js: Exception: class.expression.js(10) : Error: expression expected, not 'c'
kangax-es6/class.extends-expressions.js: Exception: class.extends-expressions.js(11) : Error: found 'c' instead of statement
kangax-es6/class.extends-null.js: Exception: class.extends-null.js(10) : Error: found 'c' instead of statement
kangax-es6/class.extends.js: Exception: class.extends.js(10) : Error: found 'c' instead of statement
kangax-es6/class.implicit-strict.js: Exception: class.implicit-strict.js(10) : Error: found 'c' instead of statement
kangax-es6/class.lexical-name.js: Exception: class.lexical-name.js(10) : Error: found 'c' instead of statement
kangax-es6/class.methods-not-enumerable.js: Exception: class.methods-not-enumerable.js(10) : Error: found 'c' instead of statement
kangax-es6/class.new-target.js: Exception: class.new-target.js(12) : Error: expression expected, not '.'
kangax-es6/class.optional-semicolons.js: Exception: class.optional-semicolons.js(10) : Error: found 'c' instead of statement
kangax-es6/class.prototype-methods.js: Exception: class.prototype-methods.js(10) : Error: found 'c' instead of statement
kangax-es6/class.statement.js: Exception: class.statement.js(10) : Error: found 'c' instead of statement
kangax-es6/class.static-accessor-properties.js: Exception: class.static-accessor-properties.js(11) : Error: found 'c' instead of statement
kangax-es6/class.static-methods.js: Exception: class.static-methods.js(10) : Error: found 'c' instead of statement
kangax-es6/class.string-keyed-methods.js: Exception: class.string-keyed-methods.js(10) : Error: found 'c' instead of statement
kangax-es6/const.basic.js: Exception: const.basic.js(10) : Error: found 'c' instead of statement
kangax-es6/const.block-scoped.js: Exception: const.block-scoped.js(10) : Error: found 'c' instead of statement
kangax-es6/const.for-in.js: Exception: const.for-in.js(11) : Error: expression expected, not 'c'
kangax-es6/const.for-loop.js: Exception: const.for-loop.js(10) : Error: found 'c' instead of statement
kangax-es6/const.for-of.js: Exception: const.for-of.js(11) : Error: expression expected, not 'c'
kangax-es6/const.no-redefine.js: Exception: const.no-redefine.js(10) : Error: found 'c' instead of statement
kangax-es6/const.no-statement.js: Exception: const.no-statement.js(10) : Error: found 'c' instead of statement
kangax-es6/const.shadow.js: Exception: const.shadow.js(11) : Error: found 'c' instead of statement
kangax-es6/const.strict.basic.js: Exception: const.strict.basic.js(11) : Error: found 'c' instead of statement
kangax-es6/const.strict.block-scoped.js: Exception: const.strict.block-scoped.js(11) : Error: found 'c' instead of statement
kangax-es6/const.strict.for-in.js: Exception: const.strict.for-in.js(12) : Error: expression expected, not 'c'
kangax-es6/const.strict.for-loop.js: Exception: const.strict.for-loop.js(11) : Error: found 'c' instead of statement
kangax-es6/const.strict.for-of.js: Exception: const.strict.for-of.js(12) : Error: expression expected, not 'c'
kangax-es6/const.strict.no-redefine.js: Exception: const.strict.no-redefine.js(11) : Error: found 'c' instead of statement
kangax-es6/const.strict.no-statement.js: Exception: const.strict.no-statement.js(11) : Error: found 'c' instead of statement
kangax-es6/const.strict.shadow.js: Exception: const.strict.shadow.js(12) : Error: found 'c' instead of statement
kangax-es6/const.strict.tdz.js: Exception: const.strict.tdz.js(13) : Error: found 'c' instead of statement
kangax-es6/const.tdz.js: Exception: const.tdz.js(12) : Error: found 'c' instead of statement
kangax-es6/default-params.arguments.js: Exception: default-params.arguments.js(10) : Error: found '=' when expecting ')'
kangax-es6/default-params.basic.js: Exception: default-params.basic.js(10) : Error: found '=' when expecting ')'
kangax-es6/default-params.explicit-undefined.js: Exception: default-params.explicit-undefined.js(10) : Error: found '=' when expecting ')'
kangax-es6/default-params.new-function.js: Exception: testCode(10) : Error: cannot assign to n
kangax-es6/default-params.refer-previous.js: Exception: default-params.refer-previous.js(10) : Error: found '=' when expecting ')'
kangax-es6/default-params.separate-scope.js: Exception: default-params.separate-scope.js(10) : Error: found '=' when expecting ')'
kangax-es6/default-params.tdz.js: Exception: default-params.tdz.js(10) : Error: found '=' when expecting ')'
kangax-es6/destructuring-assign.array.js: Exception: destructuring-assign.array.js(11) : Error: found '[' instead of statement
kangax-es6/destructuring-assign.astral-string.js: Exception: destructuring-assign.astral-string.js(11) : Error: found '[' instead of statement
kangax-es6/destructuring-assign.chained-iterable.js: Exception: destructuring-assign.chained-iterable.js(11) : Error: found '[' instead of statement
kangax-es6/destructuring-assign.chained-object.js: Exception: destructuring-assign.chained-object.js(11) : Error: found ',' when expecting ':'
kangax-es6/destructuring-assign.computed-properties.js: Exception: destructuring-assign.computed-properties.js(11) : Error: identifier expected
kangax-es6/destructuring-assign.defaults.js: Exception: destructuring-assign.defaults.js(11) : Error: found '=' when expecting ':'
kangax-es6/destructuring-assign.empty-patterns.js: Exception: destructuring-assign.empty-patterns.js(10) : Error: found '[' instead of statement
kangax-es6/destructuring-assign.generator.js: Exception: destructuring-assign.generator.js(11) : Error: found '[' instead of statement
kangax-es6/destructuring-assign.iterable-expression.js: Exception: testCode(11) : Error: cannot assign to [
kangax-es6/destructuring-assign.iterable-instance.js: Exception: destructuring-assign.iterable-instance.js(21) : Error: identifier expected
kangax-es6/destructuring-assign.iterable.js: Exception: destructuring-assign.iterable.js(21) : Error: identifier expected
kangax-es6/destructuring-assign.iterator-closing.js: Exception: destructuring-assign.iterator-closing.js(21) : Error: identifier expected
kangax-es6/destructuring-assign.nested-rest.js: Exception: destructuring-assign.nested-rest.js(11) : Error: found '[' instead of statement
kangax-es6/destructuring-assign.nested.js: Exception: destructuring-assign.nested.js(11) : Error: found '[' instead of statement
kangax-es6/destructuring-assign.object-expression.js: Exception: destructuring-assign.object-expression.js(11) : Error: found ',' when expecting ':'
kangax-es6/destructuring-assign.object-primitives.js: Exception: destructuring-assign.object-primitives.js(11) : Error: found '}' when expecting ':'
kangax-es6/destructuring-assign.object.js: Exception: destructuring-assign.object.js(11) : Error: found ',' when expecting ':'
kangax-es6/destructuring-assign.parenthesised-error.js: Exception: destructuring-assign.parenthesised-error.js(11) : Error: found ',' when expecting ':'
kangax-es6/destructuring-assign.rest.js: Exception: destructuring-assign.rest.js(11) : Error: found '[' instead of statement
kangax-es6/destructuring-assign.sparse-array.js: Exception: destructuring-assign.sparse-array.js(11) : Error: found '[' instead of statement
kangax-es6/destructuring-assign.string.js: Exception: destructuring-assign.string.js(11) : Error: found '[' instead of statement
kangax-es6/destructuring-assign.throws-null-undefined.js: Exception: destructuring-assign.throws-null-undefined.js(12) : Error: found '}' when expecting ':'
kangax-es6/destructuring-assign.trailing-comma-iterable.js: Exception: destructuring-assign.trailing-comma-iterable.js(11) : Error: found '[' instead of statement
kangax-es6/destructuring-assign.trailing-comma-object.js: Exception: destructuring-assign.trailing-comma-object.js(11) : Error: found ',' when expecting ':'
kangax-es6/destructuring-decl.array.js: Exception: destructuring-decl.array.js(10) : Error: identifier expected instead of '['
kangax-es6/destructuring-decl.astral-string.js: Exception: destructuring-decl.astral-string.js(10) : Error: identifier expected instead of '['
kangax-es6/destructuring-decl.catch.js: Exception: destructuring-decl.catch.js(12) : Error: found '[' when expecting 'T'
kangax-es6/destructuring-decl.computed-properties.js: Exception: destructuring-decl.computed-properties.js(11) : Error: identifier expected instead of '{'
kangax-es6/destructuring-decl.defaults-tdz.js: Exception: destructuring-decl.defaults-tdz.js(10) : Error: identifier expected instead of '{'
kangax-es6/destructuring-decl.defaults.js: Exception: destructuring-decl.defaults.js(10) : Error: identifier expected instead of '{'
kangax-es6/destructuring-decl.for-in.js: Exception: destructuring-decl.for-in.js(10) : Error: identifier expected instead of '['
kangax-es6/destructuring-decl.for-of.js: Exception: destructuring-decl.for-of.js(10) : Error: identifier expected instead of '['
kangax-es6/destructuring-decl.generator.js: Exception: destructuring-decl.generator.js(10) : Error: identifier expected instead of '['
kangax-es6/destructuring-decl.iterable-instance.js: Exception: destructuring-decl.iterable-instance.js(21) : Error: identifier expected
kangax-es6/destructuring-decl.iterable.js: Exception: destructuring-decl.iterable.js(21) : Error: identifier expected
kangax-es6/destructuring-decl.iterator-closing.js: Exception: destructuring-decl.iterator-closing.js(21) : Error: identifier expected
kangax-es6/destructuring-decl.multiple-var.js: Exception: destructuring-decl.multiple-var.js(10) : Error: identifier expected instead of '['
kangax-es6/destructuring-decl.nested.js: Exception: destructuring-decl.nested.js(10) : Error: identifier expected instead of '['
kangax-es6/destructuring-decl.object-primitives.js: Exception: destructuring-decl.object-primitives.js(10) : Error: identifier expected instead of '{'
kangax-es6/destructuring-decl.object.js: Exception: destructuring-decl.object.js(10) : Error: identifier expected instead of '{'
kangax-es6/destructuring-decl.rest.js: Exception: destructuring-decl.rest.js(10) : Error: identifier expected instead of '['
kangax-es6/destructuring-decl.sparse-array.js: Exception: destructuring-decl.sparse-array.js(10) : Error: identifier expected instead of '['
kangax-es6/destructuring-decl.string.js: Exception: destructuring-decl.string.js(10) : Error: identifier expected instead of '['
kangax-es6/destructuring-decl.throws-null-undefined.js: Exception: destructuring-decl.throws-null-undefined.js(11) : Error: identifier expected instead of '{'
kangax-es6/destructuring-decl.trailing-comma-iterable.js: Exception: destructuring-decl.trailing-comma-iterable.js(10) : Error: identifier expected instead of '['
kangax-es6/destructuring-decl.trailing-comma-object.js: Exception: destructuring-decl.trailing-comma-object.js(10) : Error: identifier expected instead of '{'
kangax-es6/destructuring-params.aliased-defaults-arrow.js: Exception: destructuring-params.aliased-defaults-arrow.js(10) : Error: expression expected, not '>'
kangax-es6/destructuring-params.arguments.js: Exception: destructuring-params.arguments.js(10) : Error: identifier expected
kangax-es6/destructuring-params.array.js: Exception: destructuring-params.array.js(10) : Error: identifier expected
kangax-es6/destructuring-params.astral-string.js: Exception: destructuring-params.astral-string.js(10) : Error: identifier expected
kangax-es6/destructuring-params.computed-properties.js: Exception: destructuring-params.computed-properties.js(11) : Error: identifier expected
kangax-es6/destructuring-params.defaults-new-function.js: Exception: testCode(10) : Error: cannot assign to n
kangax-es6/destructuring-params.defaults-separate-scope.js: Exception: destructuring-params.defaults-separate-scope.js(10) : Error: identifier expected
kangax-es6/destructuring-params.defaults.js: Exception: destructuring-params.defaults.js(10) : Error: identifier expected
kangax-es6/destructuring-params.duplicate-identifier.js: failed
kangax-es6/destructuring-params.empty-patterns.js: Exception: destructuring-params.empty-patterns.js(10) : Error: identifier expected
kangax-es6/destructuring-params.generator.js: Exception: destructuring-params.generator.js(10) : Error: identifier expected
kangax-es6/destructuring-params.iterable-instance.js: Exception: destructuring-params.iterable-instance.js(21) : Error: identifier expected
kangax-es6/destructuring-params.iterable.js: Exception: destructuring-params.iterable.js(21) : Error: identifier expected
kangax-es6/destructuring-params.iterator-closing.js: Exception: destructuring-params.iterator-closing.js(21) : Error: identifier expected
kangax-es6/destructuring-params.length.js: Exception: destructuring-params.length.js(10) : Error: identifier expected
kangax-es6/destructuring-params.nested.js: Exception: destructuring-params.nested.js(10) : Error: identifier expected
kangax-es6/destructuring-params.new-function.js: Exception: testCode(10) : Error: cannot assign to n
kangax-es6/destructuring-params.object-primitives.js: Exception: destructuring-params.object-primitives.js(10) : Error: identifier expected
kangax-es6/destructuring-params.object.js: Exception: destructuring-params.object.js(10) : Error: identifier expected
kangax-es6/destructuring-params.rest.js: Exception: destructuring-params.rest.js(10) : Error: identifier expected
kangax-es6/destructuring-params.shorthand-defaults-arrow.js: Exception: destructuring-params.shorthand-defaults-arrow.js(10) : Error: found '=' when expecting ':'
kangax-es6/destructuring-params.sparse-array.js: Exception: destructuring-params.sparse-array.js(10) : Error: identifier expected
kangax-es6/destructuring-params.string.js: Exception: destructuring-params.string.js(10) : Error: identifier expected
kangax-es6/destructuring-params.throws-null-undefined.js: Exception: destructuring-params.throws-null-undefined.js(11) : Error: identifier expected
kangax-es6/destructuring-params.trailing-comma-iterable.js: Exception: destructuring-params.trailing-comma-iterable.js(10) : Error: identifier expected
kangax-es6/destructuring-params.trailing-comma-object.js: Exception: destructuring-params.trailing-comma-object.js(10) : Error: identifier expected
kangax-es6/for-of.array.js: Exception: for-of.array.js(11) : Error: ';' or 'in' expected, not 'o'
kangax-es6/for-of.astral-string.js: Exception: for-of.astral-string.js(11) : Error: ';' or 'in' expected, not 'o'
kangax-es6/for-of.generator.js: Exception: for-of.generator.js(11) : Error: found '*' when expecting '('
kangax-es6/for-of.iterable-instance.js: Exception: for-of.iterable-instance.js(21) : Error: identifier expected
kangax-es6/for-of.iterable.js: Exception: for-of.iterable.js(21) : Error: identifier expected
kangax-es6/for-of.iterator-closing-break.js: Exception: for-of.iterator-closing-break.js(20) : Error: identifier expected
kangax-es6/for-of.iterator-closing-throw.js: Exception: for-of.iterator-closing-throw.js(20) : Error: identifier expected
kangax-es6/for-of.sparse-array.js: Exception: for-of.sparse-array.js(12) : Error: ';' or 'in' expected, not 'o'
kangax-es6/for-of.string.js: Exception: for-of.string.js(11) : Error: ';' or 'in' expected, not 'o'
kangax-es6/function.block-level-decl.js: Exception: function.block-level-decl.js(16) : Error: found 'f' instead of statement
kangax-es6/generators.basic.js: Exception: generators.basic.js(10) : Error: found '*' when expecting '('
kangax-es6/generators.constructor.js: Exception: generators.constructor.js(10) : Error: found '*' when expecting '('
kangax-es6/generators.expression.js: Exception: generators.expression.js(10) : Error: found '*' when expecting '('
kangax-es6/generators.no-new-this.js: Exception: generators.no-new-this.js(10) : Error: found '*' when expecting '('
kangax-es6/generators.prototype-chain.js: Exception: generators.prototype-chain.js(10) : Error: found '*' when expecting '('
kangax-es6/generators.prototype.js: Exception: generators.prototype.js(10) : Error: found '*' when expecting '('
kangax-es6/generators.return.js: Exception: generators.return.js(10) : Error: found '*' when expecting '('
kangax-es6/generators.sending.js: Exception: generators.sending.js(11) : Error: found '*' when expecting '('
kangax-es6/generators.shorthand.class.js: Exception: generators.shorthand.class.js(10) : Error: found 'c' instead of statement
kangax-es6/generators.shorthand.computed.class.js: Exception: generators.shorthand.computed.class.js(11) : Error: found 'c' instead of statement
kangax-es6/generators.shorthand.computed.js: Exception: generators.shorthand.computed.js(12) : Error: identifier expected
kangax-es6/generators.shorthand.js: Exception: generators.shorthand.js(11) : Error: identifier expected
kangax-es6/generators.shorthand.no-constructor.js: Exception: generators.shorthand.no-constructor.js(10) : Error: found 'c' instead of statement
kangax-es6/generators.shorthand.string-keyed.js: Exception: generators.shorthand.string-keyed.js(11) : Error: identifier expected
kangax-es6/generators.this.js: Exception: generators.this.js(10) : Error: found '*' when expecting '('
kangax-es6/generators.throw.js: Exception: generators.throw.js(11) : Error: found '*' when expecting '('
kangax-es6/generators.yield-precedence.js: Exception: generators.yield-precedence.js(11) : Error: found '*' when expecting '('
kangax-es6/generators.yield-star.array.js: Exception: generators.yield-star.array.js(10) : Error: found '*' when expecting '('
kangax-es6/generators.yield-star.astral-string.js: Exception: generators.yield-star.astral-string.js(10) : Error: found '*' when expecting '('
kangax-es6/generators.yield-star.generator.js: Exception: generators.yield-star.generator.js(10) : Error: found '*' when expecting '('
kangax-es6/generators.yield-star.iterable-instance.js: Exception: generators.yield-star.iterable-instance.js(20) : Error: identifier expected
kangax-es6/generators.yield-star.iterable.js: Exception: generators.yield-star.iterable.js(21) : Error: identifier expected
kangax-es6/generators.yield-star.iterator-closing-throw.js: Exception: generators.yield-star.iterator-closing-throw.js(21) : Error: identifier expected
kangax-es6/generators.yield-star.iterator-closing.js: Exception: generators.yield-star.iterator-closing.js(20) : Error: identifier expected
kangax-es6/generators.yield-star.non-iterable-error.js: Exception: generators.yield-star.non-iterable-error.js(10) : Error: found '*' when expecting '('
kangax-es6/generators.yield-star.sparse-array.js: Exception: generators.yield-star.sparse-array.js(10) : Error: found '*' when expecting '('
kangax-es6/generators.yield-star.string.js: Exception: generators.yield-star.string.js(10) : Error: found '*' when expecting '('
kangax-es6/let.basic.js: Exception: let.basic.js(10) : Error: found 'f' when expecting ';'
kangax-es6/let.block-scoped.js: Exception: let.block-scoped.js(10) : Error: found 'b' when expecting ';'
kangax-es6/let.for-in-shadow.js: failed
kangax-es6/let.for-iteration.js: Exception: let.for-iteration.js(10) : Error: found 's' when expecting ';'
kangax-es6/let.for-loop.js: Exception: let.for-loop.js(10) : Error: found 'b' when expecting ';'
kangax-es6/let.no-statement.js: Exception: let.no-statement.js(10) : Error: found 'b' when expecting ';'
kangax-es6/let.shadow.js: Exception: let.shadow.js(11) : Error: found 'b' when expecting ';'
kangax-es6/let.strict.basic.js: Exception: let.strict.basic.js(11) : Error: found 'f' when expecting ';'
kangax-es6/let.strict.block-scoped.js: Exception: let.strict.block-scoped.js(11) : Error: found 'b' when expecting ';'
kangax-es6/let.strict.for-in-shadow.js: failed
kangax-es6/let.strict.for-iteration.js: Exception: let.strict.for-iteration.js(11) : Error: found 's' when expecting ';'
kangax-es6/let.strict.for-loop.js: Exception: let.strict.for-loop.js(11) : Error: found 'b' when expecting ';'
kangax-es6/let.strict.no-statement.js: Exception: let.strict.no-statement.js(11) : Error: found 'b' when expecting ';'
kangax-es6/let.strict.shadow.js: Exception: let.strict.shadow.js(12) : Error: found 'b' when expecting ';'
kangax-es6/let.strict.tdz.js: Exception: let.strict.tdz.js(13) : Error: found 'q' when expecting ';'
kangax-es6/let.tdz.js: Exception: let.tdz.js(12) : Error: found 'q' when expecting ';'
kangax-es6/literals.binary.Number.js: failed
kangax-es6/literals.binary.js: Exception: literals.binary.js(9) : Error: found 'b' when expecting ';'
kangax-es6/literals.object.computed-accessors.js: Exception: literals.object.computed-accessors.js(13) : Error: found '[' when expecting ':'
kangax-es6/literals.object.computed-properties.js: Exception: literals.object.computed-properties.js(11) : Error: identifier expected
kangax-es6/literals.object.computed-shorthand-methods.js: Exception: literals.object.computed-shorthand-methods.js(11) : Error: identifier expected
kangax-es6/literals.object.shorthand-methods.js: Exception: literals.object.shorthand-methods.js(10) : Error: found '(' when expecting ':'
kangax-es6/literals.object.shorthand-properties.js: Exception: literals.object.shorthand-properties.js(10) : Error: found ',' when expecting ':'
kangax-es6/literals.object.string-keyed-shorthand-methods.js: Exception: literals.object.string-keyed-shorthand-methods.js(10) : Error: identifier expected
kangax-es6/literals.octal.Number.js: failed
kangax-es6/literals.octal.js: Exception: literals.octal.js(9) : Error: found 'o' when expecting ';'
kangax-es6/misc.Invalid-Date.js: OK
kangax-es6/misc.Object.freeze.primitives.js: O f.f is undefined and has no Call method
kangax-es6/misc.Object.getOwnPropertyDescriptor.primitives.js: O f.g is undefined and has no Call method
kangax-es6/misc.Object.getOwnPropertyNames.primitives.js: O f.g is undefined and has no Call method
kangax-es6/misc.Object.getPrototypeOf.primitives.js: O f.g is undefined and has no Call method
kangax-es6/misc.Object.isExtensible.primitives.js: O f.i is undefined and has no Call method
kangax-es6/misc.Object.isFrozen.primitives.js: O f.i is undefined and has no Call method
kangax-es6/misc.Object.isSealed.primitives.js: O f.i is undefined and has no Call method
kangax-es6/misc.Object.keys.primitives.js: O f.k is undefined and has no Call method
kangax-es6/misc.Object.preventExtensions.primitives.js: O f.p is undefined and has no Call method
kangax-es6/misc.Object.seal.primitives.js: O f.s is undefined and has no Call method
kangax-es6/misc.Proxy.defineProperty.SetIntegrityLevel.js: primitive U has no Construct method
kangax-es6/misc.Proxy.defineProperty.Set.js: primitive U has no Construct method
kangax-es6/misc.Proxy.deleteProperty.Array.copyWithin.js: primitive U has no Construct method
kangax-es6/misc.Proxy.deleteProperty.Array.pop.js: primitive U has no Construct method
kangax-es6/misc.Proxy.deleteProperty.Array.reverse.js: primitive U has no Construct method
kangax-es6/misc.Proxy.deleteProperty.Array.shift.js: primitive U has no Construct method
kangax-es6/misc.Proxy.deleteProperty.Array.splice.js: primitive U has no Construct method
kangax-es6/misc.Proxy.deleteProperty.Array.unshift.js: primitive U has no Construct method
kangax-es6/misc.Proxy.getOwnPropertyDescriptor.Function.bind.js: primitive U has no Construct method
kangax-es6/misc.Proxy.getOwnPropertyDescriptor.Object.assign.js: primitive U has no Construct method
kangax-es6/misc.Proxy.getOwnPropertyDescriptor.Object.hasOwnProperty.js: primitive U has no Construct method
kangax-es6/misc.Proxy.getOwnPropertyDescriptor.Set.js: primitive U has no Construct method
kangax-es6/misc.Proxy.get.Array.concat.js: primitive U has no Construct method
kangax-es6/misc.Proxy.get.Array.from.js: Exception: misc.Proxy.get.Array.from.js(12) : Error: identifier expected
kangax-es6/misc.Proxy.get.Array.iteration.js: Exception: misc.Proxy.get.Array.iteration.js(14) : Error: identifier expected
kangax-es6/misc.Proxy.get.Array.pop.js: primitive U has no Construct method
kangax-es6/misc.Proxy.get.Array.reverse.js: primitive U has no Construct method
kangax-es6/misc.Proxy.get.Array.shift.js: primitive U has no Construct method
kangax-es6/misc.Proxy.get.Array.splice.js: primitive U has no Construct method
kangax-es6/misc.Proxy.get.Array.toString.js: primitive U has no Construct method
kangax-es6/misc.Proxy.get.ClassDefinitionEvaluation.js: Exception: misc.Proxy.get.ClassDefinitionEvaluation.js(13) : Error: found 'c' instead of statement
kangax-es6/misc.Proxy.get.CreateDynamicFunction.js: primitive U has no Construct method
kangax-es6/misc.Proxy.get.CreateListFromArrayLike.js: Exception: misc.Proxy.get.CreateListFromArrayLike.js(12) : Error: identifier expected
kangax-es6/misc.Proxy.get.Date.toJSON.js: primitive U has no Construct method
kangax-es6/misc.Proxy.get.Error.toString.js: primitive U has no Construct method
kangax-es6/misc.Proxy.get.Function.bind.js: primitive U has no Construct method
kangax-es6/misc.Proxy.get.HasBinding.js: primitive U has no Construct method
kangax-es6/misc.Proxy.get.IteratorComplete.js: Exception: misc.Proxy.get.IteratorComplete.js(22) : Error: ';' or 'in' expected, not 'o'
kangax-es6/misc.Proxy.get.JSON.stringify.js: primitive U has no Construct method
kangax-es6/misc.Proxy.get.Object.assign.js: primitive U has no Construct method
kangax-es6/misc.Proxy.get.Object.defineProperties.js: primitive U has no Construct method
kangax-es6/misc.Proxy.get.Promise.resolve.js: primitive U has no Construct method
kangax-es6/misc.Proxy.get.RegExp-constructor.js: U u.m cannot convert to Object
kangax-es6/misc.Proxy.get.RegExp.Symbol.match.js: primitive U has no Construct method
kangax-es6/misc.Proxy.get.RegExp.Symbol.replace.js: primitive U has no Construct method
kangax-es6/misc.Proxy.get.RegExp.Symbol.search.js: primitive U has no Construct method
kangax-es6/misc.Proxy.get.RegExp.Symbol.split.js: U u.s cannot convert to Object
kangax-es6/misc.Proxy.get.RegExp.flags.js: crashed (signal 11)
kangax-es6/misc.Proxy.get.RegExp.test.js: primitive U has no Construct method
kangax-es6/misc.Proxy.get.RegExp.toString.js: primitive U has no Construct method
kangax-es6/misc.Proxy.get.String.match.js: U u.t cannot convert to Object
kangax-es6/misc.Proxy.get.String.raw.js: Exception: misc.Proxy.get.String.raw.js(12) : Error: identifier expected
kangax-es6/misc.Proxy.get.String.replace.js: U u.t cannot convert to Object
kangax-es6/misc.Proxy.get.String.search.js: U u.t cannot convert to Object
kangax-es6/misc.Proxy.get.String.split.js: U u.t cannot convert to Object
kangax-es6/misc.Proxy.get.ToPrimitive.js: primitive U has no Construct method
kangax-es6/misc.Proxy.get.ToPropertyDescriptor.js: primitive U has no Construct method
kangax-es6/misc.Proxy.get.instanceof.js: primitive U has no Construct method
kangax-es6/misc.Proxy.ownKeys.SerializeJSONObject.js: primitive U has no Construct method
kangax-es6/misc.Proxy.ownKeys.SetIntegrityLevel.js: primitive U has no Construct method
kangax-es6/misc.Proxy.ownKeys.TestIntegrityLevel.js: O f.p is undefined and has no Call method
kangax-es6/misc.Proxy.set.Array.copyWithin.js: primitive U has no Construct method
kangax-es6/misc.Proxy.set.Array.fill.js: primitive U has no Construct method
kangax-es6/misc.Proxy.set.Array.from.js: Exception: misc.Proxy.set.Array.from.js(13) : Error: identifier expected
kangax-es6/misc.Proxy.set.Array.of.js: primitive U has no Construct method
kangax-es6/misc.Proxy.set.Array.pop.js: primitive U has no Construct method
kangax-es6/misc.Proxy.set.Array.push.js: primitive U has no Construct method
kangax-es6/misc.Proxy.set.Array.reverse.js: primitive U has no Construct method
kangax-es6/misc.Proxy.set.Array.shift.js: primitive U has no Construct method
kangax-es6/misc.Proxy.set.Array.splice.js: primitive U has no Construct method
kangax-es6/misc.Proxy.set.Array.unshift.js: primitive U has no Construct method
kangax-es6/misc.Proxy.set.Object.assign.js: primitive U has no Construct method
kangax-es6/misc.RegExp-alter-flags.js: TypeError in R
kangax-es6/misc.RegExp-prototype-toString-generic.js: R not transferrable
kangax-es6/misc.accessors-no-constructor.js: Exception: misc.accessors-no-constructor.js(9) : Error: found 'a' when expecting ':'
kangax-es6/misc.bound-function-prototype.arrow.js: Exception: misc.bound-function-prototype.arrow.js(10) : Error: expression expected, not ')'
kangax-es6/misc.bound-function-prototype.class.js: Exception: misc.bound-function-prototype.class.js(10) : Error: found 'c' instead of statement
kangax-es6/misc.bound-function-prototype.function.js: U u.c is undefined and has no Call method
kangax-es6/misc.bound-function-prototype.generator.js: Exception: misc.bound-function-prototype.generator.js(10) : Error: found '*' when expecting '('
kangax-es6/misc.bound-function-prototype.subclass.js: Exception: misc.bound-function-prototype.subclass.js(10) : Error: found 'c' instead of statement
kangax-es6/misc.do-while-no-semicolon.js: Exception: misc.do-while-no-semicolon.js(9) : Error: found 'r' when expecting ';'
kangax-es6/misc.duplicate-properties-strict.js: failed
kangax-es6/misc.for-in-no-assignment-strict.js: OK
kangax-es6/misc.function-length-configurable.js: O f.g is undefined and has no Call method
kangax-es6/misc.identifier-syntax.no-escaped-reserved.js: OK
kangax-es6/misc.identifier-syntax.var-1.js: OK
kangax-es6/misc.identifier-syntax.var-2.js: Exception: misc.identifier-syntax.var-2.js(9) : Error: unsupported char 0xf0
kangax-es6/misc.property-order.JSON.parse.js: U u.p is undefined and has no Call method
kangax-es6/misc.property-order.JSON.stringify.js: Exception: misc.property-order.JSON.stringify.js(10) : Error: identifier expected
kangax-es6/misc.property-order.Object.assign.js: Exception: misc.property-order.Object.assign.js(20) : Error: identifier expected
kangax-es6/misc.property-order.Object.getOwnPropertyNames.js: Exception: misc.property-order.Object.getOwnPropertyNames.js(10) : Error: identifier expected
kangax-es6/misc.property-order.Object.keys.js: Exception: misc.property-order.Object.keys.js(11) : Error: identifier expected
kangax-es6/misc.property-order.Reflect.ownKeys.string.js: Exception: misc.property-order.Reflect.ownKeys.string.js(10) : Error: identifier expected
kangax-es6/misc.property-order.Reflect.ownKeys.symbol.js: Exception: misc.property-order.Reflect.ownKeys.symbol.js(11) : Error: identifier expected
kangax-es6/misc.prototypes-not-instances.js: failed
kangax-es6/new-target.assignment-error.js: Exception: new-target.assignment-error.js(12) : Error: expression expected, not '.'
kangax-es6/new-target.constructor.js: Exception: new-target.constructor.js(12) : Error: expression expected, not '.'
kangax-es6/regex.flags.u.case-folding.js: Error compiling regular expression
kangax-es6/regex.flags.u.codepoint.js: Error compiling regular expression
kangax-es6/regex.flags.u.js: Error compiling regular expression
kangax-es6/regex.flags.u.non-bmp.js: Error compiling regular expression
kangax-es6/regex.flags.y.js: Error compiling regular expression
kangax-es6/regex.flags.y.lastIndex.js: Error compiling regular expression
kangax-es6/rest-params.arguments.js: Exception: rest-params.arguments.js(10) : Error: identifier expected
kangax-es6/rest-params.basic.js: Exception: rest-params.basic.js(10) : Error: identifier expected
kangax-es6/rest-params.length.js: Exception: rest-params.length.js(10) : Error: identifier expected
kangax-es6/rest-params.new-function.js: Exception: testCode(10) : Error: cannot assign to n
kangax-es6/rest-params.no-setter.js: Exception: rest-params.no-setter.js(10) : Error: identifier expected
kangax-es6/spread.array-call.js: Exception: spread.array-call.js(10) : Error: expression expected, not '.'
kangax-es6/spread.array-literal.js: Exception: spread.array-literal.js(10) : Error: expression expected, not '.'
kangax-es6/spread.astral-call.js: Exception: spread.astral-call.js(10) : Error: expression expected, not '.'
kangax-es6/spread.astral-literal.js: Exception: spread.astral-literal.js(10) : Error: expression expected, not '.'
kangax-es6/spread.generator-call.js: Exception: spread.generator-call.js(10) : Error: found '*' when expecting '('
kangax-es6/spread.generator-literal.js: Exception: spread.generator-literal.js(10) : Error: found '*' when expecting '('
kangax-es6/spread.iterable-call.js: Exception: spread.iterable-call.js(21) : Error: identifier expected
kangax-es6/spread.iterable-instance-call.js: Exception: spread.iterable-instance-call.js(21) : Error: identifier expected
kangax-es6/spread.iterable-instance-literal.js: Exception: spread.iterable-instance-literal.js(21) : Error: identifier expected
kangax-es6/spread.iterable-literal.js: Exception: spread.iterable-literal.js(21) : Error: identifier expected
kangax-es6/spread.non-iterable-error.js: Exception: spread.non-iterable-error.js(11) : Error: expression expected, not '.'
kangax-es6/spread.sparse-call.js: Exception: spread.sparse-call.js(10) : Error: expression expected, not '.'
kangax-es6/spread.sparse-literal.js: Exception: spread.sparse-literal.js(10) : Error: expression expected, not '.'
kangax-es6/spread.string-call.js: Exception: spread.string-call.js(10) : Error: expression expected, not '.'
kangax-es6/spread.string-literal.js: Exception: spread.string-literal.js(10) : Error: expression expected, not '.'
kangax-es6/subclassing.Array.concat.js: Exception: subclassing.Array.concat.js(9) : Error: found 'c' instead of statement
kangax-es6/subclassing.Array.filter.js: Exception: subclassing.Array.filter.js(9) : Error: found 'c' instead of statement
kangax-es6/subclassing.Array.from.js: Exception: subclassing.Array.from.js(9) : Error: found 'c' instead of statement
kangax-es6/subclassing.Array.isArray.js: Exception: subclassing.Array.isArray.js(9) : Error: found 'c' instead of statement
kangax-es6/subclassing.Array.length-access.js: Exception: subclassing.Array.length-access.js(9) : Error: found 'c' instead of statement
kangax-es6/subclassing.Array.length-set.js: Exception: subclassing.Array.length-set.js(9) : Error: found 'c' instead of statement
kangax-es6/subclassing.Array.map.js: Exception: subclassing.Array.map.js(9) : Error: found 'c' instead of statement
kangax-es6/subclassing.Array.of.js: Exception: subclassing.Array.of.js(9) : Error: found 'c' instead of statement
kangax-es6/subclassing.Array.prototype-chain.js: Exception: subclassing.Array.prototype-chain.js(9) : Error: found 'c' instead of statement
kangax-es6/subclassing.Array.slice.js: Exception: subclassing.Array.slice.js(9) : Error: found 'c' instead of statement
kangax-es6/subclassing.Array.splice.js: Exception: subclassing.Array.splice.js(9) : Error: found 'c' instead of statement
kangax-es6/subclassing.Function.call.js: Exception: subclassing.Function.call.js(9) : Error: found 'c' instead of statement
kangax-es6/subclassing.Function.new.js: Exception: subclassing.Function.new.js(9) : Error: found 'c' instead of statement
kangax-es6/subclassing.Function.prototype-chain.js: Exception: subclassing.Function.prototype-chain.js(9) : Error: found 'c' instead of statement
kangax-es6/subclassing.Function.prototype.apply.js: Exception: subclassing.Function.prototype.apply.js(9) : Error: found 'c' instead of statement
kangax-es6/subclassing.Function.prototype.bind.js: Exception: subclassing.Function.prototype.bind.js(9) : Error: found 'c' instead of statement
kangax-es6/subclassing.Function.prototype.call.js: Exception: subclassing.Function.prototype.call.js(9) : Error: found 'c' instead of statement
kangax-es6/subclassing.Promise.all.js: Exception: subclassing.Promise.all.js(44) : Error: found 'c' instead of statement
kangax-es6/subclassing.Promise.js: Exception: subclassing.Promise.js(44) : Error: found 'c' instead of statement
kangax-es6/subclassing.Promise.prototype-chain.js: Exception: subclassing.Promise.prototype-chain.js(9) : Error: found 'c' instead of statement
kangax-es6/subclassing.Promise.race.js: Exception: subclassing.Promise.race.js(44) : Error: found 'c' instead of statement
kangax-es6/subclassing.RegExp.exec.js: Exception: subclassing.RegExp.exec.js(9) : Error: found 'c' instead of statement
kangax-es6/subclassing.RegExp.js: Exception: subclassing.RegExp.js(11) : Error: found 'c' instead of statement
kangax-es6/subclassing.RegExp.prototype-chain.js: Exception: subclassing.RegExp.prototype-chain.js(9) : Error: found 'c' instead of statement
kangax-es6/subclassing.RegExp.test.js: Exception: subclassing.RegExp.test.js(9) : Error: found 'c' instead of statement
kangax-es6/subclassing.misc.Boolean.js: Exception: subclassing.misc.Boolean.js(9) : Error: found 'c' instead of statement
kangax-es6/subclassing.misc.Error.js: Exception: subclassing.misc.Error.js(9) : Error: found 'c' instead of statement
kangax-es6/subclassing.misc.Map.js: Exception: subclassing.misc.Map.js(10) : Error: found 'c' instead of statement
kangax-es6/subclassing.misc.Number.js: Exception: subclassing.misc.Number.js(9) : Error: found 'c' instead of statement
kangax-es6/subclassing.misc.Set.js: Exception: subclassing.misc.Set.js(10) : Error: found 'c' instead of statement
kangax-es6/subclassing.misc.String.js: Exception: subclassing.misc.String.js(9) : Error: found 'c' instead of statement
kangax-es6/super.correct-constructor.js: Exception: super.correct-constructor.js(12) : Error: found 'c' instead of statement
kangax-es6/super.expression.js: Exception: super.expression.js(10) : Error: found 'c' instead of statement
kangax-es6/super.method-calls.js: Exception: super.method-calls.js(10) : Error: found 'c' instead of statement
kangax-es6/super.new-target-binding.js: Exception: super.new-target-binding.js(11) : Error: found 'c' instead of statement
kangax-es6/super.property-access.js: Exception: super.property-access.js(10) : Error: found 'c' instead of statement
kangax-es6/super.statement.js: Exception: super.statement.js(11) : Error: found 'c' instead of statement
kangax-es6/super.static-binding.js: Exception: super.static-binding.js(10) : Error: found 'c' instead of statement
kangax-es6/super.this-binding.js: Exception: super.this-binding.js(10) : Error: found 'c' instead of statement
kangax-es6/tail-calls.direct.js: Exception: testCode(10) : Error: cannot assign to f
kangax-es6/tail-calls.mutual.js: crashed (signal 11)
kangax-es6/template.basic.js: Exception: template.basic.js(11) : Error: unsupported char '`'
kangax-es6/template.caching.js: Exception: template.caching.js(17) : Error: unsupported char '`'
kangax-es6/template.escape-sequences.js: Exception: template.escape-sequences.js(13) : Error: unsupported char '`'
kangax-es6/template.frozen-array.js: Exception: template.frozen-array.js(12) : Error: unsupported char '`'
kangax-es6/template.line-break.js: eval(1) : Error: unsupported char '`'
kangax-es6/template.permanent-caching.js: Exception: template.permanent-caching.js(14) : Error: unsupported char '`'
kangax-es6/template.tagged.js: Exception: template.tagged.js(21) : Error: unsupported char '`'
kangax-es6/template.toString.js: Exception: template.toString.js(14) : Error: unsupported char '`'
kangax-es6/typed-arrays.ArrayBuffer.Symbol.species.js: U u.s cannot convert to Object
kangax-es6/typed-arrays.DataView.Float32.js: primitive U has no Construct method
kangax-es6/typed-arrays.DataView.Float64.js: primitive U has no Construct method
kangax-es6/typed-arrays.DataView.Int8.js: primitive U has no Construct method
kangax-es6/typed-arrays.DataView.Int16.js: primitive U has no Construct method
kangax-es6/typed-arrays.DataView.Int32.js: primitive U has no Construct method
kangax-es6/typed-arrays.DataView.Uint8.js: primitive U has no Construct method
kangax-es6/typed-arrays.DataView.Uint16.js: primitive U has no Construct method
kangax-es6/typed-arrays.DataView.Uint32.js: primitive U has no Construct method
kangax-es6/typed-arrays.Float32Array.js: primitive U has no Construct method
kangax-es6/typed-arrays.Float64Array.js: primitive U has no Construct method
kangax-es6/typed-arrays.Int8Array.js: primitive U has no Construct method
kangax-es6/typed-arrays.Int16Array.js: primitive U has no Construct method
kangax-es6/typed-arrays.Int32Array.js: primitive U has no Construct method
kangax-es6/typed-arrays.Symbol.species.js: U u.s cannot convert to Object
kangax-es6/typed-arrays.Uint8Array.js: primitive U has no Construct method
kangax-es6/typed-arrays.Uint8ClampedArray.js: primitive U has no Construct method
kangax-es6/typed-arrays.Uint16Array.js: primitive U has no Construct method
kangax-es6/typed-arrays.Uint32Array.js: primitive U has no Construct method
kangax-es6/typed-arrays.constructor-iterables.js: Exception: typed-arrays.constructor-iterables.js(21) : Error: identifier expected
kangax-es6/typed-arrays.constructor-requires-new.js: primitive U has no Construct method
kangax-es6/typed-arrays.correct-prototype-chains.js: Exception: typed-arrays.correct-prototype-chains.js(32) : Error: found 'c' instead of statement
kangax-es6/typed-arrays.from.js: U u.f cannot convert to Object
kangax-es6/typed-arrays.of.js: U u.o cannot convert to Object
kangax-es6/typed-arrays.prototype.Symbol.iterator.js: U u.p cannot convert to Object
kangax-es6/typed-arrays.prototype.copyWithin.js: U u.p cannot convert to Object
kangax-es6/typed-arrays.prototype.entries.js: U u.p cannot convert to Object
kangax-es6/typed-arrays.prototype.every.js: U u.p cannot convert to Object
kangax-es6/typed-arrays.prototype.fill.js: U u.p cannot convert to Object
kangax-es6/typed-arrays.prototype.filter.js: U u.p cannot convert to Object
kangax-es6/typed-arrays.prototype.findIndex.js: U u.p cannot convert to Object
kangax-es6/typed-arrays.prototype.find.js: U u.p cannot convert to Object
kangax-es6/typed-arrays.prototype.forEach.js: U u.p cannot convert to Object
kangax-es6/typed-arrays.prototype.indexOf.js: U u.p cannot convert to Object
kangax-es6/typed-arrays.prototype.join.js: U u.p cannot convert to Object
kangax-es6/typed-arrays.prototype.keys.js: U u.p cannot convert to Object
kangax-es6/typed-arrays.prototype.lastIndexOf.js: U u.p cannot convert to Object
kangax-es6/typed-arrays.prototype.map.js: U u.p cannot convert to Object
kangax-es6/typed-arrays.prototype.reduceRight.js: U u.p cannot convert to Object
kangax-es6/typed-arrays.prototype.reduce.js: U u.p cannot convert to Object
kangax-es6/typed-arrays.prototype.reverse.js: U u.p cannot convert to Object
kangax-es6/typed-arrays.prototype.slice.js: U u.p cannot convert to Object
kangax-es6/typed-arrays.prototype.some.js: U u.p cannot convert to Object
kangax-es6/typed-arrays.prototype.sort.js: U u.p cannot convert to Object
kangax-es6/typed-arrays.prototype.subarray.js: U u.p cannot convert to Object
kangax-es6/typed-arrays.prototype.values.js: U u.p cannot convert to Object
kangax-es6/unicode-escapes.identifier.js: Exception: unicode-escapes.identifier.js(9) : Error: \u sequence must be followed by 4 hex characters
kangax-es6/unicode-escapes.property-access.js: Exception: unicode-escapes.property-access.js(9) : Error: identifier expected
kangax-es6/unicode-escapes.property-key.js: Exception: unicode-escapes.property-key.js(9) : Error: \u sequence must be followed by 4 hex characters
kangax-es6/unicode-escapes.string.js: Exception: unicode-escapes.string.js(9) : Error: \u sequence must be followed by 4 hex characters
kangax-es6/well-known.hasInstance.js: U u.h cannot convert to Object
kangax-es6/well-known.isConcatSpreadable.non-spreadable.js: U u.i cannot convert to Object
kangax-es6/well-known.isConcatSpreadable.poisoned-getter.js: Exception: well-known.isConcatSpreadable.poisoned-getter.js(19) : Error: found '[' instead of statement
kangax-es6/well-known.iterator.arguments.js: Exception: testCode(9) : Error: cannot assign to f
kangax-es6/well-known.iterator.js: crashed (signal 11)
kangax-es6/well-known.match.RegExp-constructor.js: U u.m cannot convert to Object
kangax-es6/well-known.match.String.endsWith.js: U u.m cannot convert to Object
kangax-es6/well-known.match.String.includes.js: U u.m cannot convert to Object
kangax-es6/well-known.match.String.startsWith.js: U u.m cannot convert to Object
kangax-es6/well-known.match.js: U u.m cannot convert to Object
kangax-es6/well-known.replace.js: U u.r cannot convert to Object
kangax-es6/well-known.search.js: U u.s cannot convert to Object
kangax-es6/well-known.species.Array.concat.js: U u.s cannot convert to Object
kangax-es6/well-known.species.Array.filter.js: U u.s cannot convert to Object
kangax-es6/well-known.species.Array.map.js: U u.s cannot convert to Object
kangax-es6/well-known.species.Array.slice.js: U u.s cannot convert to Object
kangax-es6/well-known.species.Array.splice.js: U u.s cannot convert to Object
kangax-es6/well-known.species.Promise.then.js: primitive U has no Construct method
kangax-es6/well-known.species.RegExp.split.js: U u.s cannot convert to Object
kangax-es6/well-known.species.js: crashed (signal 11)
kangax-es6/well-known.split.js: U u.s cannot convert to Object
kangax-es6/well-known.toPrimitive.js: Exception: well-known.toPrimitive.js(17) : Error: Object literal in initializer
kangax-es6/well-known.toStringTag.existing-builtins.js: Exception: well-known.toStringTag.existing-builtins.js(11) : Error: found '[' instead of statement
kangax-es6/well-known.toStringTag.js: U u.t cannot convert to Object
kangax-es6/well-known.toStringTag.misc-builtins.js: U u.t cannot convert to Object
kangax-es6/well-known.toStringTag.new-builtins.js: Exception: well-known.toStringTag.new-builtins.js(11) : Error: found '[' instead of statement
kangax-es6/well-known.unscopables.js: U u.u cannot convert to Object
kangax-es2016/Array.prototype.includes.generic.js: Exception: Array.prototype.includes.generic.js(13) : Error: found '"' when expecting ':'
kangax-es2016/Array.prototype.includes.js: O 1.i is undefined and has no Call method
kangax-es2016/Array.prototype.includes.sparse.js: O ,.i is undefined and has no Call method
kangax-es2016/Array.prototype.includes.typed-array.js: O ,.e is undefined and has no Call method
kangax-es2016/exponentiation.assignment.js: Exception: exponentiation.assignment.js(10) : Error: expression expected, not '*'
kangax-es2016/exponentiation.basic.js: Exception: exponentiation.basic.js(10) : Error: expression expected, not '*'
kangax-es2016/exponentiation.unary-negation-error.js: Exception: exponentiation.unary-negation-error.js(10) : Error: expression expected, not '*'
kangax-es2016/misc.Proxy-Array-includes.js: Exception: misc.Proxy-Array-includes.js(11) : Error: identifier expected
kangax-es2016/misc.Proxy-enumerate-removed.js: primitive U has no Construct method
kangax-es2016/misc.generator-no-new.js: Exception: misc.generator-no-new.js(10) : Error: found '*' when expecting '('
kangax-es2016/misc.generator-throw-inner.js: Exception: misc.generator-throw-inner.js(10) : Error: found '*' when expecting '('
kangax-es2016/misc.nested-rest-destructuring-decl.js: Exception: misc.nested-rest-destructuring-decl.js(10) : Error: identifier expected instead of '['
kangax-es2016/misc.nested-rest-destructuring-params.js: Exception: misc.nested-rest-destructuring-params.js(9) : Error: identifier expected
kangax-es2016/misc.strict-fn-non-simple-params-error.js: Exception: misc.strict-fn-non-simple-params-error.js(9) : Error: identifier expected
kangax-es2017/Atomics.add.js: U u.a cannot convert to Object
kangax-es2017/Atomics.and.js: U u.a cannot convert to Object
kangax-es2017/Atomics.compareExchange.js: U u.c cannot convert to Object
kangax-es2017/Atomics.exchange.js: U u.e cannot convert to Object
kangax-es2017/Atomics.isLockFree.js: U u.i cannot convert to Object
kangax-es2017/Atomics.load.js: U u.l cannot convert to Object
kangax-es2017/Atomics.notify.js: U u.n cannot convert to Object
kangax-es2017/Atomics.or.js: U u.o cannot convert to Object
kangax-es2017/Atomics.store.js: U u.s cannot convert to Object
kangax-es2017/Atomics.sub.js: U u.s cannot convert to Object
kangax-es2017/Atomics.wait.js: U u.w cannot convert to Object
kangax-es2017/Atomics.xor.js: U u.x cannot convert to Object
kangax-es2017/Object.entries.js: O f.c is undefined and has no Call method
kangax-es2017/Object.getOwnPropertyDescriptors.js: O f.d is undefined and has no Call method
kangax-es2017/Object.getOwnPropertyDescriptors.no-undefined.js: primitive U has no Construct method
kangax-es2017/Object.values.js: O f.c is undefined and has no Call method
kangax-es2017/SharedArrayBuffer.Symbol.species.js: U u.s cannot convert to Object
kangax-es2017/SharedArrayBuffer.js: failed
kangax-es2017/SharedArrayBuffer.prototype.Symbol.toStringTag.js: U u.p cannot convert to Object
kangax-es2017/SharedArrayBuffer.prototype.byteLength.js: crashed (signal 11)
kangax-es2017/SharedArrayBuffer.prototype.slice.js: U u.p cannot convert to Object
kangax-es2017/String.prototype.padEnd.js: S h.p is undefined and has no Call method
kangax-es2017/String.prototype.padStart.js: S h.p is undefined and has no Call method
kangax-es2017/annex-b.Object.prototype.__defineGetter__.ToObject.js: U u.c is undefined and has no Call method
kangax-es2017/annex-b.Object.prototype.__defineGetter__.js: U u.c is undefined and has no Call method
kangax-es2017/annex-b.Object.prototype.__defineGetter__.symbols.js: p S is undefined and has no Call method
kangax-es2017/annex-b.Object.prototype.__defineSetter__.ToObject.js: U u.c is undefined and has no Call method
kangax-es2017/annex-b.Object.prototype.__defineSetter__.js: U u.c is undefined and has no Call method
kangax-es2017/annex-b.Object.prototype.__defineSetter__.symbols.js: p S is undefined and has no Call method
kangax-es2017/annex-b.Object.prototype.__lookupGetter__.ToObject.js: U u.c is undefined and has no Call method
kangax-es2017/annex-b.Object.prototype.__lookupGetter__.js: Exception: annex-b.Object.prototype.__lookupGetter__.js(11) : Error: found 'f' when expecting ':'
kangax-es2017/annex-b.Object.prototype.__lookupGetter__.prototype-chain.js: Exception: annex-b.Object.prototype.__lookupGetter__.prototype-chain.js(10) : Error: found 'f' when expecting ':'
kangax-es2017/annex-b.Object.prototype.__lookupGetter__.shadow-accessors.js: O f.c is undefined and has no Call method
kangax-es2017/annex-b.Object.prototype.__lookupGetter__.symbols.js: p S is undefined and has no Call method
kangax-es2017/annex-b.Object.prototype.__lookupSetter__.ToObject.js: U u.c is undefined and has no Call method
kangax-es2017/annex-b.Object.prototype.__lookupSetter__.js: Exception: annex-b.Object.prototype.__lookupSetter__.js(11) : Error: found 'f' when expecting ':'
kangax-es2017/annex-b.Object.prototype.__lookupSetter__.prototype-chain.js: Exception: annex-b.Object.prototype.__lookupSetter__.prototype-chain.js(10) : Error: found 'f' when expecting ':'
kangax-es2017/annex-b.Object.prototype.__lookupSetter__.shadow-accessors.js: O f.c is undefined and has no Call method
kangax-es2017/annex-b.Object.prototype.__lookupSetter__.symbols.js: p S is undefined and has no Call method
kangax-es2017/annex-b.Proxy.__defineGetter__.js: primitive U has no Construct method
kangax-es2017/annex-b.Proxy.__defineSetter__.js: primitive U has no Construct method
kangax-es2017/annex-b.Proxy.__lookupGetter__.js: primitive U has no Construct method
kangax-es2017/annex-b.Proxy.__lookupSetter__.js: primitive U has no Construct method
kangax-es2017/annex-b.for-in-assignment-non-strict.js: Exception: annex-b.for-in-assignment-non-strict.js(10) : Error: ';' or 'in' expected, not ')'
kangax-es2017/async.Symbol.toStringTag.js: Exception: async.Symbol.toStringTag.js(10) : Error: found 'f' when expecting ','
kangax-es2017/async.arrow-in-class.js: Exception: async.arrow-in-class.js(48) : Error: found 'c' instead of statement
kangax-es2017/async.arrow.js: Exception: async.arrow.js(45) : Error: expression expected, not '>'
kangax-es2017/async.await-non-promise.js: Exception: async.await-non-promise.js(45) : Error: found 'f' when expecting ')'
kangax-es2017/async.await-rejection.js: Exception: async.await-rejection.js(45) : Error: found 'f' when expecting ')'
kangax-es2017/async.await.js: Exception: async.await.js(45) : Error: found 'f' when expecting ')'
kangax-es2017/async.constructor.js: Exception: async.constructor.js(45) : Error: found 'f' when expecting ';'
kangax-es2017/async.methods-class.js: Exception: async.methods-class.js(45) : Error: found 'c' instead of statement
kangax-es2017/async.methods-object.js: Exception: async.methods-object.js(46) : Error: found 'a' when expecting ':'
kangax-es2017/async.must-await-value.js: Exception: async.must-await-value.js(10) : Error: found 'f' when expecting ';'
kangax-es2017/async.no-await-in-params.js: Exception: async.no-await-in-params.js(10) : Error: found 'f' when expecting ';'
kangax-es2017/async.no-line-break.js: Exception: async.no-line-break.js(10) : Error: found 'f' when expecting ';'
kangax-es2017/async.no-prototype.js: Exception: async.no-prototype.js(10) : Error: found 'f' when expecting ';'
kangax-es2017/async.prototype-chain.js: Exception: async.prototype-chain.js(10) : Error: found 'f' when expecting ','
kangax-es2017/async.return.js: Exception: async.return.js(45) : Error: found 'f' when expecting ';'
kangax-es2017/async.throw.js: Exception: async.throw.js(45) : Error: found 'f' when expecting ';'
kangax-es2017/misc.arguments-caller-removed.js: Exception: testCode(10) : Error: cannot assign to f
kangax-es2017/regex.flags.u.case-folding.js: Error compiling regular expression
kangax-es2017/trailing-comma.arguments.js: Exception: trailing-comma.arguments.js(10) : Error: expression expected, not ')'
kangax-es2017/trailing-comma.params.js: Exception: trailing-comma.params.js(10) : Error: identifier expected
kangax-es2018/Promise.prototype.finally.change-rejection.js: Exception: Promise.prototype.finally.change-rejection.js(48) : Error: identifier expected following '.', not 'f'
kangax-es2018/Promise.prototype.finally.js: Exception: Promise.prototype.finally.js(61) : Error: identifier expected following '.', not 'f'
kangax-es2018/Promise.prototype.finally.no-change-resolution.js: Exception: Promise.prototype.finally.no-change-resolution.js(59) : Error: identifier expected following '.', not 'f'
kangax-es2018/async-iterators.for-await-of.js: Exception: async-iterators.for-await-of.js(58) : Error: found 'f' when expecting ')'
kangax-es2018/async-iterators.generators.js: Exception: async-iterators.generators.js(44) : Error: found 'f' when expecting ';'
kangax-es2018/misc.Proxy-ownKeys-duplicate-keys.js: Exception: misc.Proxy-ownKeys-duplicate-keys.js(11) : Error: found '(' when expecting ':'
kangax-es2018/misc.template-literal-revision.js: Exception: misc.template-literal-revision.js(16) : Error: unsupported char '`'
kangax-es2018/object-rest.js: Exception: object-rest.js(9) : Error: identifier expected instead of '{'
kangax-es2018/object-spread.js: Exception: object-spread.js(10) : Error: identifier expected
kangax-es2018/regex.flags.s.js: Exception: regex.flags.s.js(10) : Error: found 'c' instead of statement
kangax-es2018/regex.lookbehind.js: Error compiling regular expression
kangax-es2018/regex.named-capture-groups.js: Error compiling regular expression
kangax-es2018/regex.unicode-property-escapes.js: Exception: regex.unicode-property-escapes.js(10) : Error: found 'c' instead of statement
kangax-es2018/regex.unicode-property-escapes.unicode-11.js: Error compiling regular expression
kangax-es2018/regex.unicode-property-escapes.unicode-12.1.js: Error compiling regular expression
kangax-es2018/regex.unicode-property-escapes.unicode-12.js: Exception: regex.unicode-property-escapes.unicode-12.js(10) : Error: \u sequence must be followed by 4 hex characters
kangax-es2018/regex.unicode-property-escapes.unicode-13.js: Exception: regex.unicode-property-escapes.unicode-13.js(10) : Error: \u sequence must be followed by 4 hex characters
kangax-es2018/regex.unicode-property-escapes.unicode-14.js: Exception: regex.unicode-property-escapes.unicode-14.js(10) : Error: \u sequence must be followed by 4 hex characters
kangax-es2018/regex.unicode-property-escapes.unicode-15.1.js: Exception: regex.unicode-property-escapes.unicode-15.1.js(10) : Error: \u sequence must be followed by 4 hex characters
kangax-es2018/regex.unicode-property-escapes.unicode-15.js: Exception: regex.unicode-property-escapes.unicode-15.js(10) : Error: \u sequence must be followed by 4 hex characters
kangax-es2018/regex.unicode-property-escapes.unicode-16.0.js: Exception: regex.unicode-property-escapes.unicode-16.0.js(10) : Error: \u sequence must be followed by 4 hex characters
kangax-es2018/regex.unicode-property-escapes.unicode-17.0.js: Exception: regex.unicode-property-escapes.unicode-17.0.js(10) : Error: \u sequence must be followed by 4 hex characters
kangax-es2019/Array.prototype.flatMap.js: O [.f is undefined and has no Call method
kangax-es2019/Array.prototype.flat-flatMap.unscopables.js: U u.u cannot convert to Object
kangax-es2019/Array.prototype.flat.js: O 1.f is undefined and has no Call method
kangax-es2019/Object.fromEntries.js: primitive U has no Construct method
kangax-es2019/String.prototype.trimEnd.js: S .t is undefined and has no Call method
kangax-es2019/String.prototype.trimStart.js: S .t is undefined and has no Call method
kangax-es2019/Symbol.prototype.description.empty.js: p S is undefined and has no Call method
kangax-es2019/Symbol.prototype.description.js: p S is undefined and has no Call method
kangax-es2019/Symbol.prototype.description.undefined.js: U u.p cannot convert to Object
kangax-es2019/annex-b.String.prototype.trimLeft.js: S .t is undefined and has no Call method
kangax-es2019/annex-b.String.prototype.trimRight.js: S .t is undefined and has no Call method
kangax-es2019/misc.Function-toString.Function-constructor.js: failed
kangax-es2019/misc.Function-toString.arrows.js: eval(1) : Error: expression expected, not '>'
kangax-es2019/misc.Function-toString.class-explicit-constructor.js: eval(1) : Error: expression expected, not 'c'
kangax-es2019/misc.Function-toString.class-implicit-constructor.js: eval(1) : Error: expression expected, not 'c'
kangax-es2019/misc.Function-toString.computed-names.js: eval(1) : Error: identifier expected
kangax-es2019/misc.Function-toString.native-code.js: Exception: misc.Function-toString.native-code.js(10) : Error: found 'c' instead of statement
kangax-es2019/misc.Function-toString.unicode-escapes.js: eval(1) : Error: \u sequence must be followed by 4 hex characters
kangax-es2019/misc.JSON-stringify-well-formed.js: U u.s is undefined and has no Call method
kangax-es2019/misc.JSON-superset.line-separator.js: OK
kangax-es2019/misc.JSON-superset.paragraph-separator.js: OK
kangax-es2019/misc.optional-catch-binding.await.js: Exception: misc.optional-catch-binding.await.js(44) : Error: found 'f' when expecting ')'
kangax-es2019/misc.optional-catch-binding.js: Exception: misc.optional-catch-binding.js(12) : Error: found '{' when expecting '('
kangax-es2019/misc.optional-catch-binding.yield.js: Exception: misc.optional-catch-binding.yield.js(9) : Error: found '*' when expecting '('
kangax-es2020/BigInt64Array.js: Exception: BigInt64Array.js(12) : Error: found 'n' when expecting ';'
kangax-es2020/BigInt.asIntN.js: U u.a cannot convert to Object
kangax-es2020/BigInt.asUintN.js: U u.a cannot convert to Object
kangax-es2020/BigInt.constructor.js: Exception: BigInt.constructor.js(10) : Error: found 'n' when expecting ';'
kangax-es2020/BigInt.js: Exception: BigInt.js(10) : Error: found 'n' when expecting ')'
kangax-es2020/BigUint64Array.js: Exception: BigUint64Array.js(12) : Error: found 'n' when expecting ';'
kangax-es2020/DataView.prototype.getBigInt64.js: Exception: DataView.prototype.getBigInt64.js(12) : Error: found 'n' when expecting ','
kangax-es2020/DataView.prototype.getBigUint64.js: Exception: DataView.prototype.getBigUint64.js(12) : Error: found 'n' when expecting ','
kangax-es2020/Promise.allSettled.js: Exception: Promise.allSettled.js(49) : Error: expression expected, not '>'
kangax-es2020/String.prototype.matchAll.js: S 1.m is undefined and has no Call method
kangax-es2020/String.prototype.matchAll.throws-non-global.js: failed
kangax-es2020/globalThis.descriptor.js: crashed (signal 11)
kangax-es2020/globalThis.js: failed
kangax-es2020/nullish-coalescing.js: Exception: nullish-coalescing.js(10) : Error: expression expected, not '?'
kangax-es2020/optional-chaining.bracket.js: Exception: optional-chaining.bracket.js(12) : Error: expression expected, not '.'
kangax-es2020/optional-chaining.function-call.js: Exception: optional-chaining.function-call.js(14) : Error: expression expected, not '.'
kangax-es2020/optional-chaining.method-call.js: Exception: optional-chaining.method-call.js(12) : Error: expression expected, not '.'
kangax-es2020/optional-chaining.property.js: Exception: optional-chaining.property.js(12) : Error: expression expected, not '.'
kangax-es2020/optional-chaining.spread-params.js: Exception: optional-chaining.spread-params.js(14) : Error: expression expected, not '.'
kangax-es2021/FinalizationRegistry.js: primitive U has no Construct method
kangax-es2021/Promise.any.AggregateError.js: Exception: Promise.any.AggregateError.js(49) : Error: identifier expected following '.', not 'c'
kangax-es2021/Promise.any.fulfillment.js: Exception: Promise.any.fulfillment.js(49) : Error: expression expected, not '>'
kangax-es2021/String.prototype.replaceAll.js: S q.r is undefined and has no Call method
kangax-es2021/WeakRef.js: primitive U has no Construct method
kangax-es2021/logical-assignment.and.js: Exception: logical-assignment.and.js(10) : Error: found 'a' when expecting ';'
kangax-es2021/logical-assignment.and.setter-not-invoked.js: Exception: logical-assignment.and.setter-not-invoked.js(9) : Error: found 'i' when expecting ';'
kangax-es2021/logical-assignment.and.short-circuit.js: Exception: logical-assignment.and.short-circuit.js(9) : Error: found 'a' when expecting ';'
kangax-es2021/logical-assignment.nullish.js: Exception: logical-assignment.nullish.js(10) : Error: found 'a' when expecting ';'
kangax-es2021/logical-assignment.nullish.setter-not-invoked.js: Exception: logical-assignment.nullish.setter-not-invoked.js(9) : Error: found 'i' when expecting ';'
kangax-es2021/logical-assignment.nullish.short-circuit.js: Exception: logical-assignment.nullish.short-circuit.js(9) : Error: found 'a' when expecting ';'
kangax-es2021/logical-assignment.or.js: Exception: logical-assignment.or.js(10) : Error: found 'a' when expecting ';'
kangax-es2021/logical-assignment.or.setter-not-invoked.js: Exception: logical-assignment.or.setter-not-invoked.js(9) : Error: found 'i' when expecting ';'
kangax-es2021/logical-assignment.or.short-circuit.js: Exception: logical-assignment.or.short-circuit.js(9) : Error: found 'a' when expecting ';'
kangax-es2021/numeric-separators.js: Exception: numeric-separators.js(9) : Error: found '_' when expecting ';'
kangax-es2022/Error.cause.AggregateError-prototype-lacks.js: crashed (signal 11)
kangax-es2022/Error.cause.AggregateError.js: primitive U has no Construct method
kangax-es2022/Error.cause.Error-prototype-lacks.js: crashed (signal 11)
kangax-es2022/Error.cause.Error.js: failed
kangax-es2022/Error.cause.EvalError-prototype-lacks.js: crashed (signal 11)
kangax-es2022/Error.cause.EvalError.js: failed
kangax-es2022/Error.cause.RangeError-prototype-lacks.js: crashed (signal 11)
kangax-es2022/Error.cause.RangeError.js: failed
kangax-es2022/Error.cause.ReferenceError-prototype-lacks.js: crashed (signal 11)
kangax-es2022/Error.cause.ReferenceError.js: failed
kangax-es2022/Error.cause.SyntaxError-prototype-lacks.js: crashed (signal 11)
kangax-es2022/Error.cause.SyntaxError.js: failed
kangax-es2022/Error.cause.TypeError-prototype-lacks.js: crashed (signal 11)
kangax-es2022/Error.cause.TypeError.js: failed
kangax-es2022/Error.cause.URIError-prototype-lacks.js: crashed (signal 11)
kangax-es2022/Error.cause.URIError.js: failed
kangax-es2022/Object.hasOwn.ToObject-first.js: failed
kangax-es2022/Object.hasOwn.js: O f.h is undefined and has no Call method
kangax-es2022/at-method.Array.js: O 1.a is undefined and has no Call method
kangax-es2022/at-method.String.js: S a.a is undefined and has no Call method
kangax-es2022/at-method.TypedArray.js: O I.e is undefined and has no Call method
kangax-es2022/class-fields.computed-instance.js: Exception: class-fields.computed-instance.js(9) : Error: found 'c' instead of statement
kangax-es2022/class-fields.computed-static.js: Exception: class-fields.computed-static.js(9) : Error: found 'c' instead of statement
kangax-es2022/class-fields.instance.parent-scope.js: Exception: class-fields.instance.parent-scope.js(10) : Error: found 'a' when expecting ';'
kangax-es2022/class-fields.private-instance.initializers.js: Exception: class-fields.private-instance.initializers.js(9) : Error: found 'c' instead of statement
kangax-es2022/class-fields.private-instance.js: Exception: class-fields.private-instance.js(10) : Error: found 'c' instead of statement
kangax-es2022/class-fields.private-instance.optional-access.js: Exception: class-fields.private-instance.optional-access.js(9) : Error: found 'c' instead of statement
kangax-es2022/class-fields.private-instance.optional-deep-access.js: Exception: class-fields.private-instance.optional-deep-access.js(9) : Error: found 'c' instead of statement
kangax-es2022/class-fields.private-static.js: Exception: class-fields.private-static.js(10) : Error: found 'c' instead of statement
kangax-es2022/class-fields.public-instance.js: Exception: class-fields.public-instance.js(10) : Error: found 'c' instead of statement
kangax-es2022/class-fields.public-static.js: Exception: class-fields.public-static.js(10) : Error: found 'c' instead of statement
kangax-es2022/class-fields.static.define.js: Exception: class-fields.static.define.js(9) : Error: expression expected, not 'c'
kangax-es2022/class-methods.private-accessor.js: Exception: class-methods.private-accessor.js(10) : Error: found 'c' instead of statement
kangax-es2022/class-methods.private-instance.js: Exception: class-methods.private-instance.js(9) : Error: found 'c' instead of statement
kangax-es2022/class-methods.private-static-accessor.js: Exception: class-methods.private-static-accessor.js(10) : Error: found 'c' instead of statement
kangax-es2022/class-methods.private-static.js: Exception: class-methods.private-static.js(9) : Error: found 'c' instead of statement
kangax-es2022/class-static-init-blocks.js: Exception: class-static-init-blocks.js(10) : Error: found 'o' when expecting ';'
kangax-es2022/ergonomic-brand-checks.js: Exception: ergonomic-brand-checks.js(9) : Error: found 'c' instead of statement
kangax-es2022/regex.flags.d.constructor.js: Error compiling regular expression
kangax-es2022/regex.flags.d.shows-in-flags.js: crashed (signal 11)
kangax-es2023/Array.prototype.findLastIndex.js: O [.f is undefined and has no Call method
kangax-es2023/Array.prototype.findLast.js: O [.f is undefined and has no Call method
kangax-es2023/Array.prototype.toReversed.js: O 1.t is undefined and has no Call method
kangax-es2023/Array.prototype.toSorted.js: O C.t is undefined and has no Call method
kangax-es2023/Array.prototype.toSpliced.js: O A.t is undefined and has no Call method
kangax-es2023/Array.prototype.with.js: Exception: Array.prototype.with.js(11) : Error: identifier expected following '.', not 'w'
kangax-es2023/TypedArray.prototype.toReversed.js: primitive U has no Construct method
kangax-es2023/TypedArray.prototype.toSorted.js: primitive U has no Construct method
kangax-es2023/TypedArray.prototype.with.js: Exception: TypedArray.prototype.with.js(11) : Error: identifier expected following '.', not 'w'
kangax-es2023/hashbang.js: Exception: hashbang.js(1) : Error: unsupported char '#'
kangax-es2024/ArrayBuffer.prototype.detached.js: Exception: ArrayBuffer.prototype.detached.js(10) : Error: found 'c' instead of statement
kangax-es2024/ArrayBuffer.prototype.transferToFixedLength.js: Exception: ArrayBuffer.prototype.transferToFixedLength.js(10) : Error: found 'c' instead of statement
kangax-es2024/ArrayBuffer.prototype.transfer.js: Exception: ArrayBuffer.prototype.transfer.js(10) : Error: found 'c' instead of statement
kangax-es2024/Map.groupBy.js: Exception: Map.groupBy.js(10) : Error: found 'c' instead of statement
kangax-es2024/Object.groupBy.js: Exception: Object.groupBy.js(10) : Error: found 'c' instead of statement
kangax-es2024/Promise.withResolvers.js: U u.w is undefined and has no Call method
kangax-es2024/regex.flags.v.constructor.js: Error compiling regular expression
kangax-es2024/regex.flags.v.properties-of-strings.js: Error compiling regular expression
kangax-es2024/regex.flags.v.set-notations.js: Error compiling regular expression
kangax-es2024/regex.flags.v.shows-in-flags.js: primitive U has no Construct method
kangax-es2024/regex.flags.v.unicode-15.1.js: Error compiling regular expression
kangax-es2024/regex.flags.v.unicode-16.0.js: Error compiling regular expression
kangax-es2024/regex.flags.v.unicode-17.0.js: Error compiling regular expression
kangax-es2025/Iterator.extends.js: Exception: Iterator.extends.js(10) : Error: found 'c' instead of statement
kangax-es2025/Iterator.from.iterable.js: Exception: Iterator.from.iterable.js(10) : Error: found 'c' instead of statement
kangax-es2025/Iterator.from.iterator.js: Exception: Iterator.from.iterator.js(10) : Error: found 'c' instead of statement
kangax-es2025/Iterator.instanceof.js: O 1.v is undefined and has no Call method
kangax-es2025/Iterator.prototype.Symbol.toStringTag.js: U u.p cannot convert to Object
kangax-es2025/Iterator.prototype.drop.js: O 1.v is undefined and has no Call method
kangax-es2025/Iterator.prototype.every.js: Exception: Iterator.prototype.every.js(10) : Error: expression expected, not '>'
kangax-es2025/Iterator.prototype.filter.js: Exception: Iterator.prototype.filter.js(10) : Error: expression expected, not '>'
kangax-es2025/Iterator.prototype.find.js: Exception: Iterator.prototype.find.js(10) : Error: expression expected, not '>'
kangax-es2025/Iterator.prototype.flatMap.js: Exception: Iterator.prototype.flatMap.js(10) : Error: expression expected, not '>'
kangax-es2025/Iterator.prototype.forEach.js: Exception: Iterator.prototype.forEach.js(10) : Error: found 'r' when expecting ';'
kangax-es2025/Iterator.prototype.map.js: Exception: Iterator.prototype.map.js(10) : Error: expression expected, not '>'
kangax-es2025/Iterator.prototype.reduce.js: Exception: Iterator.prototype.reduce.js(10) : Error: expression expected, not '>'
kangax-es2025/Iterator.prototype.some.js: Exception: Iterator.prototype.some.js(10) : Error: expression expected, not '>'
kangax-es2025/Iterator.prototype.take.js: O 1.v is undefined and has no Call method
kangax-es2025/Iterator.prototype.toArray.js: Exception: Iterator.prototype.toArray.js(10) : Error: found 'c' instead of statement
kangax-es2025/Promise.try.js: Exception: Promise.try.js(50) : Error: identifier expected following '.', not 't'
kangax-es2025/RegExp.escape.js: O f.e is undefined and has no Call method
kangax-es2025/Set.prototype.difference.js: primitive U has no Construct method
kangax-es2025/Set.prototype.intersection.js: primitive U has no Construct method
kangax-es2025/Set.prototype.isDisjointFrom.js: primitive U has no Construct method
kangax-es2025/Set.prototype.isSubsetOf.js: primitive U has no Construct method
kangax-es2025/Set.prototype.isSupersetOf.js: primitive U has no Construct method
kangax-es2025/Set.prototype.symmetricDifference.js: primitive U has no Construct method
kangax-es2025/Set.prototype.union.js: primitive U has no Construct method
kangax-es2025/regex.duplicate-named-groups.js: Error compiling regular expression
kangax-es2025/regex.pattern-modifiers.i.js: Exception: regex.pattern-modifiers.i.js(9) : Error: found 'c' instead of statement
kangax-es2025/regex.pattern-modifiers.m.js: Exception: regex.pattern-modifiers.m.js(9) : Error: found 'c' instead of statement
kangax-es2025/regex.pattern-modifiers.s.js: Exception: regex.pattern-modifiers.s.js(9) : Error: found 'c' instead of statement
kangax-intl/Array.prototype.toLocaleString.js: OK
kangax-intl/Date.prototype.toLocaleDateString.js: OK
kangax-intl/Date.prototype.toLocaleString.js: OK
kangax-intl/Date.prototype.toLocaleTimeString.js: OK
kangax-intl/Intl.Collator.js: U u.C cannot convert to Object
kangax-intl/Intl.Collator.new-instances.js: U u.C cannot convert to Object
kangax-intl/Intl.Collator.prototype.compare.js: U u.C is undefined and has no Call method
kangax-intl/Intl.Collator.prototype.resolvedOptions.js: U u.C is undefined and has no Call method
kangax-intl/Intl.Collator.rejects-invalid-tags.js: U u.C cannot convert to Object
kangax-intl/Intl.Collator.valid-tags.js: failed
kangax-intl/Intl.Collator.without-new.js: U u.C is undefined and has no Call method
kangax-intl/Intl.DateTimeFormat.iana-timezones.js: Exception: Intl.DateTimeFormat.iana-timezones.js(11) : Error: Object literal in initializer
kangax-intl/Intl.DateTimeFormat.js: U u.D cannot convert to Object
kangax-intl/Intl.DateTimeFormat.new-instances.js: U u.D cannot convert to Object
kangax-intl/Intl.DateTimeFormat.rejects-invalid-tags.js: U u.D cannot convert to Object
kangax-intl/Intl.DateTimeFormat.resolvedOptions.timeZone-default.js: U u.D is undefined and has no Call method
kangax-intl/Intl.DateTimeFormat.valid-tags.js: failed
kangax-intl/Intl.DateTimeFormat.without-new.js: U u.D is undefined and has no Call method
kangax-intl/Intl.NumberFormat.js: U u.N cannot convert to Object
kangax-intl/Intl.NumberFormat.new-instances.js: U u.N cannot convert to Object
kangax-intl/Intl.NumberFormat.rejects-invalid-tags.js: U u.N cannot convert to Object
kangax-intl/Intl.NumberFormat.valid-tags.js: failed
kangax-intl/Intl.NumberFormat.without-new.js: U u.N is undefined and has no Call method
kangax-intl/Intl.js: failed
kangax-intl/Intl.prototype.js: U u.c cannot convert to Object
kangax-intl/Number.prototype.toLocaleString.js: OK
kangax-intl/Object.prototype.toLocaleString.js: OK
kangax-intl/String.prototype.localeCompare.js: OK
kangax-next/Array.isTemplateObject.js: Exception: Array.isTemplateObject.js(10) : Error: expression expected, not '>'
kangax-next/AsyncDisposableStack.js: Exception: AsyncDisposableStack.js(47) : Error: found '[' when expecting ':'
kangax-next/AsyncIterator.extends.js: Exception: AsyncIterator.extends.js(9) : Error: found 'c' instead of statement
kangax-next/AsyncIterator.from.async-iterable.js: Exception: AsyncIterator.from.async-iterable.js(44) : Error: found 'f' when expecting ';'
kangax-next/AsyncIterator.from.iterable.js: Exception: AsyncIterator.from.iterable.js(44) : Error: found 'f' when expecting ';'
kangax-next/AsyncIterator.from.iterator.js: Exception: AsyncIterator.from.iterator.js(44) : Error: found 'f' when expecting ';'
kangax-next/AsyncIterator.instanceof.js: Exception: AsyncIterator.instanceof.js(9) : Error: found 'f' when expecting ')'
kangax-next/AsyncIterator.prototype.Symbol.toStringTag.js: U u.p cannot convert to Object
kangax-next/AsyncIterator.prototype.drop.js: Exception: AsyncIterator.prototype.drop.js(44) : Error: found 'f' when expecting ';'
kangax-next/AsyncIterator.prototype.every.js: Exception: AsyncIterator.prototype.every.js(44) : Error: found 'f' when expecting ')'
kangax-next/AsyncIterator.prototype.filter.js: Exception: AsyncIterator.prototype.filter.js(44) : Error: found 'f' when expecting ';'
kangax-next/AsyncIterator.prototype.find.js: Exception: AsyncIterator.prototype.find.js(44) : Error: found 'f' when expecting ')'
kangax-next/AsyncIterator.prototype.flatMap.js: Exception: AsyncIterator.prototype.flatMap.js(44) : Error: found 'f' when expecting ';'
kangax-next/AsyncIterator.prototype.forEach.js: Exception: AsyncIterator.prototype.forEach.js(44) : Error: found 'r' when expecting ';'
kangax-next/AsyncIterator.prototype.map.js: Exception: AsyncIterator.prototype.map.js(44) : Error: found 'f' when expecting ';'
kangax-next/AsyncIterator.prototype.reduce.js: Exception: AsyncIterator.prototype.reduce.js(44) : Error: found 'f' when expecting ')'
kangax-next/AsyncIterator.prototype.some.js: Exception: AsyncIterator.prototype.some.js(44) : Error: found 'f' when expecting ')'
kangax-next/AsyncIterator.prototype.take.js: Exception: AsyncIterator.prototype.take.js(44) : Error: found 'f' when expecting ';'
kangax-next/AsyncIterator.prototype.toArray.js: Exception: AsyncIterator.prototype.toArray.js(44) : Error: found 'f' when expecting ')'
kangax-next/DisposableStack.js: Exception: DisposableStack.js(12) : Error: identifier expected
kangax-next/Map.prototype.upsert.js: Exception: Map.prototype.upsert.js(9) : Error: found 'c' instead of statement
kangax-next/RegExp.1-9.js: crashed (signal 11)
kangax-next/RegExp.lastMatch.js: OK
kangax-next/ShadowRealm.js: failed
kangax-next/SuppressedError.js: Exception: SuppressedError.js(13) : Error: found '_' when expecting ';'
kangax-next/Uint8Array.fromBase64.js: Exception: Uint8Array.fromBase64.js(10) : Error: found 'c' instead of statement
kangax-next/Uint8Array.fromHex.js: Exception: Uint8Array.fromHex.js(10) : Error: found 'c' instead of statement
kangax-next/Uint8Array.setFromBase64.js: Exception: Uint8Array.setFromBase64.js(10) : Error: found 'c' instead of statement
kangax-next/Uint8Array.setFromHex.js: Exception: Uint8Array.setFromHex.js(10) : Error: found 'c' instead of statement
kangax-next/Uint8Array.toBase64.js: Exception: Uint8Array.toBase64.js(10) : Error: found 'c' instead of statement
kangax-next/Uint8Array.toHex.js: Exception: Uint8Array.toHex.js(10) : Error: found 'c' instead of statement
kangax-next/WeakMap.prototype.upsert.js: Exception: WeakMap.prototype.upsert.js(9) : Error: found 'c' instead of statement
kangax-next/await-using.for-of.js: Exception: await-using.for-of.js(46) : Error: found '[' when expecting ':'
kangax-next/await-using.js: Exception: await-using.js(44) : Error: found 'f' when expecting ')'
kangax-next/class-decorators.js: Exception: class-decorators.js(9) : Error: found 'c' instead of statement
kangax-next/function.sent.js: Exception: function.sent.js(10) : Error: found '*' when expecting '('
kangax-next/throw-expr.arrow.js: Exception: throw-expr.arrow.js(9) : Error: expression expected, not ')'
kangax-next/throw-expr.conditional.js: Exception: throw-expr.conditional.js(9) : Error: expression expected, not 't'
kangax-next/throw-expr.logical.js: Exception: throw-expr.logical.js(11) : Error: expression expected, not 't'
kangax-next/throw-expr.param-init.js: Exception: throw-expr.param-init.js(9) : Error: found '=' when expecting ')'
kangax-next/using.for-of.js: Exception: using.for-of.js(11) : Error: identifier expected
kangax-next/using.js: Exception: using.js(11) : Error: identifier expected
