Metadata: {"arch": "arm64", "binary_sha256": "845ab06d73147f8db5680222aea186c88bd8b0081c9e585644c0aec79ecde5d5", "binary_size": 1053384, "engine": "echosoar-jsi", "repository": "https://github.com/echosoar/jsi.git", "revision": "fe199b5c182341a94c9b340486c25acebe163f02", "revision_date": "2025-08-24", "rustc": "rustc 1.91.0 (f8297e351 2025-10-28)"}
es1/Array.js: Array.length failed; Runtime error: JSIError { error_type: TypeError, message: "Array is not a constructor", line: 0, column: 0, value: None }
es1/Array.length.assignment.js: Runtime error: JSIError { error_type: TypeError, message: "Array is not a constructor", line: 0, column: 0, value: None }
es1/Array.length.js: Runtime error: JSIError { error_type: TypeError, message: "Array is not a constructor", line: 0, column: 0, value: None }
es1/Array.prototype.constructor.js: Runtime error: JSIError { error_type: TypeError, message: "Array is not a constructor", line: 0, column: 0, value: None }
es1/Array.prototype.join.generic.js: failed
es1/Array.prototype.join.js: Runtime error: JSIError { error_type: TypeError, message: "Array is not a constructor", line: 0, column: 0, value: None }
es1/Array.prototype.reverse.generic.js: Runtime error: JSIError { error_type: TypeError, message: "\"obj.reverse\" is not a function", line: 0, column: 0, value: None }
es1/Array.prototype.reverse.js: Runtime error: JSIError { error_type: TypeError, message: "Array is not a constructor", line: 0, column: 0, value: None }
es1/Array.prototype.sort.generic.js: Runtime error: JSIError { error_type: TypeError, message: "\"obj.sort\" is not a function", line: 0, column: 0, value: None }
es1/Array.prototype.sort.js: Runtime error: JSIError { error_type: TypeError, message: "Array is not a constructor", line: 0, column: 0, value: None }
es1/Array.prototype.toString.js: Runtime error: JSIError { error_type: TypeError, message: "Array is not a constructor", line: 0, column: 0, value: None }
es1/Boolean.js: Boolean(true) failed; Boolean(false) failed
es1/Boolean.prototype.constructor.js: OK
es1/Boolean.prototype.toString.js: OK
es1/Boolean.prototype.valueOf.js: OK
es1/Date.diff.js: Runtime error: JSIError { error_type: ReferenceError, message: "Date is not defined", line: 0, column: 0, value: None }
es1/Date.js: Runtime error: JSIError { error_type: ReferenceError, message: "Date is not defined", line: 0, column: 0, value: None }
es1/Date.prototype.constructor.js: Runtime error: JSIError { error_type: ReferenceError, message: "Date is not defined", line: 0, column: 0, value: None }
es1/Date.prototype.getDate.js: Runtime error: JSIError { error_type: ReferenceError, message: "Date is not defined", line: 0, column: 0, value: None }
es1/Date.prototype.getDay.js: Runtime error: JSIError { error_type: ReferenceError, message: "Date is not defined", line: 0, column: 0, value: None }
es1/Date.prototype.getFullYear.js: Runtime error: JSIError { error_type: ReferenceError, message: "Date is not defined", line: 0, column: 0, value: None }
es1/Date.prototype.getHours.js: Runtime error: JSIError { error_type: ReferenceError, message: "Date is not defined", line: 0, column: 0, value: None }
es1/Date.prototype.getMilliseconds.js: Runtime error: JSIError { error_type: ReferenceError, message: "Date is not defined", line: 0, column: 0, value: None }
es1/Date.prototype.getMinutes.js: Runtime error: JSIError { error_type: ReferenceError, message: "Date is not defined", line: 0, column: 0, value: None }
es1/Date.prototype.getMonth.js: Runtime error: JSIError { error_type: ReferenceError, message: "Date is not defined", line: 0, column: 0, value: None }
es1/Date.prototype.getSeconds.js: Runtime error: JSIError { error_type: ReferenceError, message: "Date is not defined", line: 0, column: 0, value: None }
es1/Date.prototype.getTimezoneOffset.js: Runtime error: JSIError { error_type: ReferenceError, message: "Date is not defined", line: 0, column: 0, value: None }
es1/Date.prototype.getTime.js: Runtime error: JSIError { error_type: ReferenceError, message: "Date is not defined", line: 0, column: 0, value: None }
es1/Date.prototype.getUTCDate.js: Runtime error: JSIError { error_type: ReferenceError, message: "Date is not defined", line: 0, column: 0, value: None }
es1/Date.prototype.getUTCDay.js: Runtime error: JSIError { error_type: ReferenceError, message: "Date is not defined", line: 0, column: 0, value: None }
es1/Date.prototype.getUTCFullYear.js: Runtime error: JSIError { error_type: ReferenceError, message: "Date is not defined", line: 0, column: 0, value: None }
es1/Date.prototype.getUTCHours.js: Runtime error: JSIError { error_type: ReferenceError, message: "Date is not defined", line: 0, column: 0, value: None }
es1/Date.prototype.getUTCMilliseconds.js: Runtime error: JSIError { error_type: ReferenceError, message: "Date is not defined", line: 0, column: 0, value: None }
es1/Date.prototype.getUTCMinutes.js: Runtime error: JSIError { error_type: ReferenceError, message: "Date is not defined", line: 0, column: 0, value: None }
es1/Date.prototype.getUTCMonth.js: Runtime error: JSIError { error_type: ReferenceError, message: "Date is not defined", line: 0, column: 0, value: None }
es1/Date.prototype.getUTCSeconds.js: Runtime error: JSIError { error_type: ReferenceError, message: "Date is not defined", line: 0, column: 0, value: None }
es1/Date.prototype.setDate.js: Runtime error: JSIError { error_type: ReferenceError, message: "Date is not defined", line: 0, column: 0, value: None }
es1/Date.prototype.setFullYear.js: Runtime error: JSIError { error_type: ReferenceError, message: "Date is not defined", line: 0, column: 0, value: None }
es1/Date.prototype.setHours.js: Runtime error: JSIError { error_type: ReferenceError, message: "Date is not defined", line: 0, column: 0, value: None }
es1/Date.prototype.setMilliseconds.js: Runtime error: JSIError { error_type: ReferenceError, message: "Date is not defined", line: 0, column: 0, value: None }
es1/Date.prototype.setMinutes.js: Runtime error: JSIError { error_type: ReferenceError, message: "Date is not defined", line: 0, column: 0, value: None }
es1/Date.prototype.setMonth.js: Runtime error: JSIError { error_type: ReferenceError, message: "Date is not defined", line: 0, column: 0, value: None }
es1/Date.prototype.setSeconds.js: Runtime error: JSIError { error_type: ReferenceError, message: "Date is not defined", line: 0, column: 0, value: None }
es1/Date.prototype.setTime.js: Runtime error: JSIError { error_type: ReferenceError, message: "Date is not defined", line: 0, column: 0, value: None }
es1/Date.prototype.setUTCDate.js: Runtime error: JSIError { error_type: ReferenceError, message: "Date is not defined", line: 0, column: 0, value: None }
es1/Date.prototype.setUTCFullYear.js: Runtime error: JSIError { error_type: ReferenceError, message: "Date is not defined", line: 0, column: 0, value: None }
es1/Date.prototype.setUTCHours.js: Runtime error: JSIError { error_type: ReferenceError, message: "Date is not defined", line: 0, column: 0, value: None }
es1/Date.prototype.setUTCMilliseconds.js: Runtime error: JSIError { error_type: ReferenceError, message: "Date is not defined", line: 0, column: 0, value: None }
es1/Date.prototype.setUTCMinutes.js: Runtime error: JSIError { error_type: ReferenceError, message: "Date is not defined", line: 0, column: 0, value: None }
es1/Date.prototype.setUTCMonth.js: Runtime error: JSIError { error_type: ReferenceError, message: "Date is not defined", line: 0, column: 0, value: None }
es1/Date.prototype.setUTCSeconds.js: Runtime error: JSIError { error_type: ReferenceError, message: "Date is not defined", line: 0, column: 0, value: None }
es1/Date.prototype.toLocaleString.js: Runtime error: JSIError { error_type: ReferenceError, message: "Date is not defined", line: 0, column: 0, value: None }
es1/Date.prototype.toString.js: Runtime error: JSIError { error_type: ReferenceError, message: "Date is not defined", line: 0, column: 0, value: None }
es1/Date.prototype.toUTCString.js: Runtime error: JSIError { error_type: ReferenceError, message: "Date is not defined", line: 0, column: 0, value: None }
es1/Date.prototype.valueOf.js: Runtime error: JSIError { error_type: ReferenceError, message: "Date is not defined", line: 0, column: 0, value: None }
es1/Function.js: Runtime error: JSIError { error_type: TypeError, message: "Function is not a constructor", line: 0, column: 0, value: None }
es1/Function.length.js: Function.length failed
es1/Function.prototype.constructor.js: OK
es1/Function.prototype.js: OK
es1/Function.prototype.toString.js: Runtime error: JSIError { error_type: TypeError, message: "Function is not a constructor", line: 0, column: 0, value: None }
es1/Math.E.js: Runtime error: JSIError { error_type: ReferenceError, message: "Math is not defined", line: 0, column: 0, value: None }
es1/Math.LN2.js: Runtime error: JSIError { error_type: ReferenceError, message: "Math is not defined", line: 0, column: 0, value: None }
es1/Math.LN10.js: Runtime error: JSIError { error_type: ReferenceError, message: "Math is not defined", line: 0, column: 0, value: None }
es1/Math.LOG2E.js: Runtime error: JSIError { error_type: ReferenceError, message: "Math is not defined", line: 0, column: 0, value: None }
es1/Math.LOG10E.js: Runtime error: JSIError { error_type: ReferenceError, message: "Math is not defined", line: 0, column: 0, value: None }
es1/Math.PI.js: Runtime error: JSIError { error_type: ReferenceError, message: "Math is not defined", line: 0, column: 0, value: None }
es1/Math.SQRT1_2.js: Runtime error: JSIError { error_type: ReferenceError, message: "Math is not defined", line: 0, column: 0, value: None }
es1/Math.SQRT2.js: Runtime error: JSIError { error_type: ReferenceError, message: "Math is not defined", line: 0, column: 0, value: None }
es1/Math.abs.js: Runtime error: JSIError { error_type: ReferenceError, message: "Math is not defined", line: 0, column: 0, value: None }
es1/Math.acos.js: Runtime error: JSIError { error_type: ReferenceError, message: "Math is not defined", line: 0, column: 0, value: None }
es1/Math.asin.js: Runtime error: JSIError { error_type: ReferenceError, message: "Math is not defined", line: 0, column: 0, value: None }
es1/Math.atan2.js: Runtime error: JSIError { error_type: ReferenceError, message: "Math is not defined", line: 0, column: 0, value: None }
es1/Math.atan.js: Runtime error: JSIError { error_type: ReferenceError, message: "Math is not defined", line: 0, column: 0, value: None }
es1/Math.ceil.js: Runtime error: JSIError { error_type: ReferenceError, message: "Math is not defined", line: 0, column: 0, value: None }
es1/Math.cos.js: Runtime error: JSIError { error_type: ReferenceError, message: "Math is not defined", line: 0, column: 0, value: None }
es1/Math.exp.js: Runtime error: JSIError { error_type: ReferenceError, message: "Math is not defined", line: 0, column: 0, value: None }
es1/Math.floor.js: Runtime error: JSIError { error_type: ReferenceError, message: "Math is not defined", line: 0, column: 0, value: None }
es1/Math.log.js: Runtime error: JSIError { error_type: ReferenceError, message: "Math is not defined", line: 0, column: 0, value: None }
es1/Math.max.js: Runtime error: JSIError { error_type: ReferenceError, message: "Math is not defined", line: 0, column: 0, value: None }
es1/Math.min.js: Runtime error: JSIError { error_type: ReferenceError, message: "Math is not defined", line: 0, column: 0, value: None }
es1/Math.pow.js: Runtime error: JSIError { error_type: ReferenceError, message: "Math is not defined", line: 0, column: 0, value: None }
es1/Math.random.js: Runtime error: JSIError { error_type: ReferenceError, message: "Math is not defined", line: 0, column: 0, value: None }
es1/Math.round.js: Runtime error: JSIError { error_type: ReferenceError, message: "Math is not defined", line: 0, column: 0, value: None }
es1/Math.sin.js: Runtime error: JSIError { error_type: ReferenceError, message: "Math is not defined", line: 0, column: 0, value: None }
es1/Math.sqrt.js: Runtime error: JSIError { error_type: ReferenceError, message: "Math is not defined", line: 0, column: 0, value: None }
es1/Math.tan.js: Runtime error: JSIError { error_type: ReferenceError, message: "Math is not defined", line: 0, column: 0, value: None }
es1/Number.MAX_VALUE.js: Runtime error: JSIError { error_type: SyntaxError, message: "Unexpected identifier 'e308'", line: 0, column: 0, value: None }
es1/Number.MIN_VALUE.js: Runtime error: JSIError { error_type: SyntaxError, message: "Unexpected identifier 'e'", line: 0, column: 0, value: None }
es1/Number.NEGATIVE_INFINITY.js: Runtime error: JSIError { error_type: SyntaxError, message: "Unexpected identifier 'e308'", line: 0, column: 0, value: None }
es1/Number.NaN.js: failed
es1/Number.POSITIVE_INFINITY.js: Runtime error: JSIError { error_type: SyntaxError, message: "Unexpected identifier 'e308'", line: 0, column: 0, value: None }
es1/Number.js: Number(value) failed; thread 'main' (351481) panicked at src/value.rs:442:80: called `Result::unwrap()` on an `Err` value: JSIError { error_type: TypeError, message: "Number.prototype.valueOf requires that 'this' be a Number", line: 0, column: 0, value: None }
es1/Number.prototype.constructor.js: OK
es1/Number.prototype.toString.js: OK
es1/Number.prototype.valueOf.js: OK
es1/Object.js: OK
es1/Object.prototype.constructor.js: OK
es1/Object.prototype.toString.js: OK
es1/Object.prototype.valueOf.js: Runtime error: JSIError { error_type: TypeError, message: "\"o.valueOf\" is not a function", line: 0, column: 0, value: None }
es1/String.fromCharCode.js: Runtime error: JSIError { error_type: TypeError, message: "\"String.fromCharCode\" is not a function", line: 0, column: 0, value: None }
es1/String.generics.js: Runtime error: JSIError { error_type: TypeError, message: "unknown error", line: 0, column: 0, value: None }
es1/String.js: 15.5.1.1 String(value) failed; 15.5.1.2 String() failed
es1/String.length.js: string length failed; empty string length failed; String object length failed; single char length failed
es1/String.prototype.charAt.js: charAt(0) failed; charAt(4) failed; charAt negative failed
es1/String.prototype.charCodeAt.js: Runtime error: JSIError { error_type: TypeError, message: "\"s.charCodeAt\" is not a function", line: 0, column: 0, value: None }
es1/String.prototype.constructor.js: OK
es1/String.prototype.indexOf.js: Runtime error: JSIError { error_type: TypeError, message: "\"s.indexOf\" is not a function", line: 0, column: 0, value: None }
es1/String.prototype.lastIndexOf.js: Runtime error: JSIError { error_type: TypeError, message: "\"s.lastIndexOf\" is not a function", line: 0, column: 0, value: None }
es1/String.prototype.split.js: Runtime error: JSIError { error_type: TypeError, message: "\"s1.split\" is not a function", line: 0, column: 0, value: None }
es1/String.prototype.substring.js: Runtime error: JSIError { error_type: TypeError, message: "\"s.substring\" is not a function", line: 0, column: 0, value: None }
es1/String.prototype.toLowerCase.js: Runtime error: JSIError { error_type: TypeError, message: "\"s1.toLowerCase\" is not a function", line: 0, column: 0, value: None }
es1/String.prototype.toString.js: OK
es1/String.prototype.toUpperCase.js: Runtime error: JSIError { error_type: TypeError, message: "\"s1.toUpperCase\" is not a function", line: 0, column: 0, value: None }
es1/String.prototype.valueOf.js: OK
es1/annex-b.Date.prototype.getYear.js: Runtime error: JSIError { error_type: ReferenceError, message: "Date is not defined", line: 0, column: 0, value: None }
es1/annex-b.Date.prototype.setYear.js: Runtime error: JSIError { error_type: ReferenceError, message: "Date is not defined", line: 0, column: 0, value: None }
es1/annex-b.Date.prototype.toGMTString.js: Runtime error: JSIError { error_type: ReferenceError, message: "Date is not defined", line: 0, column: 0, value: None }
es1/annex-b.global.escape.js: Runtime error: JSIError { error_type: ReferenceError, message: "escape is not defined", line: 0, column: 0, value: None }
es1/annex-b.global.unescape.js: Runtime error: JSIError { error_type: ReferenceError, message: "unescape is not defined", line: 0, column: 0, value: None }
es1/annex-b.literals.octal.js: 0755 failed; max safe integer failed
es1/annex-b.literals.string.octal.js: failed
es1/arguments.callee.js: Runtime error: JSIError { error_type: TypeError, message: "\"arguments.callee\" is not a function", line: 0, column: 0, value: None }
es1/arguments.js: OK
es1/asi.eval.js: Runtime error: JSIError { error_type: ReferenceError, message: "eval is not defined", line: 0, column: 0, value: None }
es1/asi.js: Runtime error: JSIError { error_type: TypeError, message: "Cannot read properties of undefined (reading '0')", line: 0, column: 0, value: None }
es1/assignment.bitwise.js: Runtime error: JSIError { error_type: SyntaxError, message: "todo: unsupported operator", line: 0, column: 0, value: None }
es1/assignment.js: OK
es1/assignment.ltr.js: failed: C++ like evaluation order in 'x += f()'
es1/assignment.unsigned-shift.js: Runtime error: JSIError { error_type: SyntaxError, message: "todo: unsupported operator", line: 0, column: 0, value: None }
es1/bitwise.binary.js: Runtime error: JSIError { error_type: Unknown, message: "unsupport binary BinaryExpression { left: Identifier(IdentifierLiteral { literal: \"a\" }), operator: And, right: Identifier(IdentifierLiteral { literal: \"b\" }) }", line: 0, column: 0, value: None }
es1/bitwise.shifts.js: Runtime error: JSIError { error_type: Unknown, message: "unsupport binary BinaryExpression { left: Identifier(IdentifierLiteral { literal: \"a\" }), operator: ShiftRight, right: Number(NumberLiteral { literal: \"2\", value: 2.0 }) }", line: 0, column: 0, value: None }
es1/bitwise.tilde.js: failed
es1/bitwise.unsigned-shift.js: Runtime error: JSIError { error_type: Unknown, message: "unsupport binary BinaryExpression { left: Identifier(IdentifierLiteral { literal: \"a\" }), operator: UnsignedShiftRight, right: Number(NumberLiteral { literal: \"2\", value: 2.0 }) }", line: 0, column: 0, value: None }
es1/break.js: OK
es1/comma.js: OK
es1/comments.js: OK
es1/conditional.js: OK
es1/continue.js: OK
es1/conversions.ToBoolean.js: new Boolean(false) failed - expected it to be truthy; NaN failed
es1/conversions.ToInt32.js: Runtime error: JSIError { error_type: Unknown, message: "unsupport binary BinaryExpression { left: Number(NumberLiteral { literal: \"2.9\", value: 2.9 }), operator: Or, right: Number(NumberLiteral { literal: \"0\", value: 0.0 }) }", line: 0, column: 0, value: None }
es1/conversions.ToInteger.js: 2.9 failed; -0 failed; NaN failed; 1.1 failed; -1.9 failed; 5.7 failed
es1/conversions.ToNumber.js: null failed; '' failed; thread 'main' (351252) panicked at src/value.rs:442:80: called `Result::unwrap()` on an `Err` value: JSIError { error_type: TypeError, message: "Number.prototype.valueOf requires that 'this' be a Number", line: 0, column: 0, value: None }
es1/conversions.ToObject.js: OK
es1/conversions.ToString.js: Runtime error: JSIError { error_type: SyntaxError, message: "Unexpected identifier 'e21'", line: 0, column: 0, value: None }
es1/conversions.ToUint32.js: Runtime error: JSIError { error_type: Unknown, message: "unsupport binary BinaryExpression { left: Number(NumberLiteral { literal: \"2.9\", value: 2.9 }), operator: UnsignedShiftRight, right: Number(NumberLiteral { literal: \"0\", value: 0.0 }) }", line: 0, column: 0, value: None }
es1/conversions.js: 0 != ''; false != ''; null + '' != 'null'; 123 - '' != 123; 123 * '' != 0
es1/equals.js: OK
es1/eval.js: Runtime error: JSIError { error_type: ReferenceError, message: "eval is not defined", line: 0, column: 0, value: None }
es1/for-in.js: Runtime error: JSIError { error_type: SyntaxError, message: "Unexpected token In", line: 0, column: 0, value: None }
es1/for.js: Runtime error: JSIError { error_type: SyntaxError, message: "Unexpected token Semicolon", line: 0, column: 0, value: None }
es1/function.js: OK
es1/global.Infinity.js: Runtime error: JSIError { error_type: ReferenceError, message: "Infinity is not defined", line: 0, column: 0, value: None }
es1/global.NaN.js: Runtime error: JSIError { error_type: ReferenceError, message: "NaN is not defined", line: 0, column: 0, value: None }
es1/global.isFinite.js: Runtime error: JSIError { error_type: ReferenceError, message: "isFinite is not defined", line: 0, column: 0, value: None }
es1/global.isNaN.js: Runtime error: JSIError { error_type: ReferenceError, message: "isNaN is not defined", line: 0, column: 0, value: None }
es1/global.parseFloat.js: Runtime error: JSIError { error_type: ReferenceError, message: "parseFloat is not defined", line: 0, column: 0, value: None }
es1/global.parseInt.hex.js: Runtime error: JSIError { error_type: ReferenceError, message: "parseInt is not defined", line: 0, column: 0, value: None }
es1/global.parseInt.js: Runtime error: JSIError { error_type: ReferenceError, message: "parseInt is not defined", line: 0, column: 0, value: None }
es1/global.parseInt.radix.js: Runtime error: JSIError { error_type: ReferenceError, message: "parseInt is not defined", line: 0, column: 0, value: None }
es1/literals.decimal.js: Runtime error: JSIError { error_type: SyntaxError, message: "Unexpected number", line: 0, column: 0, value: None }
es1/literals.hex.js: Error: "Illegal hex characters" Runtime error: JSIError { error_type: SyntaxError, message: "Unexpected identifier 'xff'", line: 0, column: 0, value: None }
es1/literals.string.escapes.js: Runtime error: JSIError { error_type: SyntaxError, message: "Unexpected token ILLEGAL", line: 0, column: 0, value: None }
es1/literals.string.hex.js: failed
es1/literals.string.js: OK
es1/literals.string.unicode.js: failed
es1/logical.js: OK
es1/new.typeof.js: typeof String('x') != 'string'
es1/numbers.double.js: Runtime error: JSIError { error_type: ReferenceError, message: "e5 is not defined", line: 0, column: 0, value: None }
es1/numbers.fmod.js: OK
es1/numbers.inf.js: Runtime error: JSIError { error_type: SyntaxError, message: "Unexpected identifier 'e10000'", line: 0, column: 0, value: None }
es1/numbers.int.js: OK
es1/numbers.nan.js: OK
es1/postfix.decrement.js: OK
es1/postfix.increment.js: OK
es1/prefix.js: OK
es1/relational.js: Runtime error: JSIError { error_type: SyntaxError, message: "Unexpected token 'Less'", line: 0, column: 0, value: None }
es1/return.js: OK
es1/return.typeof.js: OK
es1/this.js: OK
es1/typeof.js: OK
es1/typeof.null.js: OK
es1/typeof.undeclared.js: OK
es1/types.js: OK
es1/unary.decrement.js: OK
es1/unary.delete.js: delete failed
es1/unary.delete.var.js: Runtime error: JSIError { error_type: ReferenceError, message: "a is not defined", line: 0, column: 0, value: None }
es1/unary.increment.js: OK
es1/unary.minus.js: OK
es1/unary.not.js: OK
es1/unary.plus.js: OK
es1/unary.plus.str.js: OK
es1/unary.tilde.js: ~5 failed; ~(-1) failed
es1/var.js: OK
es1/var.typeof.js: OK
es1/void.js: OK
es1/void.typeof.js: OK
es1/while.js: OK
es1/with.js: Runtime error: JSIError { error_type: SyntaxError, message: "Unexpected token With", line: 0, column: 0, value: None }
es3/Array.prototype.concat.js: Runtime error: JSIError { error_type: TypeError, message: "Array is not a constructor", line: 0, column: 0, value: None }
es3/Array.prototype.pop.generic.js: Runtime error: JSIError { error_type: TypeError, message: "Cannot read properties of undefined (reading 'call')", line: 0, column: 0, value: None }
es3/Array.prototype.pop.js: Runtime error: JSIError { error_type: TypeError, message: "Array is not a constructor", line: 0, column: 0, value: None }
es3/Array.prototype.push.generic.js: OK
es3/Array.prototype.push.js: Runtime error: JSIError { error_type: TypeError, message: "Array is not a constructor", line: 0, column: 0, value: None }
es3/Array.prototype.shift.generic.js: Runtime error: JSIError { error_type: TypeError, message: "Cannot read properties of undefined (reading 'call')", line: 0, column: 0, value: None }
es3/Array.prototype.shift.js: Runtime error: JSIError { error_type: TypeError, message: "Array is not a constructor", line: 0, column: 0, value: None }
es3/Array.prototype.slice.generic.js: Runtime error: JSIError { error_type: TypeError, message: "Cannot read properties of undefined (reading 'call')", line: 0, column: 0, value: None }
es3/Array.prototype.slice.js: Runtime error: JSIError { error_type: TypeError, message: "Array is not a constructor", line: 0, column: 0, value: None }
es3/Array.prototype.splice.generic.js: Runtime error: JSIError { error_type: TypeError, message: "Cannot read properties of undefined (reading 'call')", line: 0, column: 0, value: None }
es3/Array.prototype.splice.js: Runtime error: JSIError { error_type: TypeError, message: "Array is not a constructor", line: 0, column: 0, value: None }
es3/Array.prototype.toLocaleString.js: Runtime error: JSIError { error_type: TypeError, message: "Array is not a constructor", line: 0, column: 0, value: None }
es3/Array.prototype.unshift.generic.js: Runtime error: JSIError { error_type: TypeError, message: "Cannot read properties of undefined (reading 'call')", line: 0, column: 0, value: None }
es3/Array.prototype.unshift.js: Runtime error: JSIError { error_type: TypeError, message: "Array is not a constructor", line: 0, column: 0, value: None }
es3/Array.prototype.unshift.returns-new-length.js: Runtime error: JSIError { error_type: TypeError, message: "\".unshift\" is not a function", line: 0, column: 0, value: None }
es3/Date.prototype.toDateString.js: Runtime error: JSIError { error_type: ReferenceError, message: "Date is not defined", line: 0, column: 0, value: None }
es3/Date.prototype.toLocaleDateString.js: Runtime error: JSIError { error_type: ReferenceError, message: "Date is not defined", line: 0, column: 0, value: None }
es3/Date.prototype.toLocaleString.js: Runtime error: JSIError { error_type: ReferenceError, message: "Date is not defined", line: 0, column: 0, value: None }
es3/Date.prototype.toLocaleTimeString.js: Runtime error: JSIError { error_type: ReferenceError, message: "Date is not defined", line: 0, column: 0, value: None }
es3/Date.prototype.toTimeString.js: Runtime error: JSIError { error_type: ReferenceError, message: "Date is not defined", line: 0, column: 0, value: None }
es3/Error.js: OK
es3/Error.prototype.constructor.js: OK
es3/Error.prototype.message.js: failed
es3/Error.prototype.name.js: OK
es3/Error.prototype.toString.js: OK
es3/Function.prototype.apply.js: OK
es3/Function.prototype.call.js: OK
es3/Math.max.variadic.js: Runtime error: JSIError { error_type: ReferenceError, message: "Math is not defined", line: 0, column: 0, value: None }
es3/Math.min.variadic.js: Runtime error: JSIError { error_type: ReferenceError, message: "Math is not defined", line: 0, column: 0, value: None }
es3/Number.prototype.toExponential.edge-cases.js: NaN.toExponential(Infinity) throws; Infinity.toExponential(Infinity) throws
es3/Number.prototype.toExponential.js: Runtime error: JSIError { error_type: TypeError, message: "\"n1.toExponential\" is not a function", line: 0, column: 0, value: None }
es3/Number.prototype.toExponential.rounding.js: Runtime error: JSIError { error_type: SyntaxError, message: "Unexpected identifier 'e'", line: 0, column: 0, value: None }
es3/Number.prototype.toExponential.throws-infinity.js: Runtime error: JSIError { error_type: ReferenceError, message: "RangeError is not defined", line: 0, column: 0, value: None }
es3/Number.prototype.toFixed.js: Runtime error: JSIError { error_type: TypeError, message: "\"n1.toFixed\" is not a function", line: 0, column: 0, value: None }
es3/Number.prototype.toLocaleString.js: Runtime error: JSIError { error_type: TypeError, message: "\"n1.toLocaleString\" is not a function", line: 0, column: 0, value: None }
es3/Number.prototype.toPrecision.js: Runtime error: JSIError { error_type: TypeError, message: "\"n1.toPrecision\" is not a function", line: 0, column: 0, value: None }
es3/Object.prototype.hasOwnProperty.js: Runtime error: JSIError { error_type: TypeError, message: "\"obj.hasOwnProperty\" is not a function", line: 0, column: 0, value: None }
es3/Object.prototype.isPrototypeOf.js: Runtime error: JSIError { error_type: TypeError, message: "\"Child.prototype.isPrototypeOf\" is not a function", line: 0, column: 0, value: None }
es3/Object.prototype.propertyIsEnumerable.js: Runtime error: JSIError { error_type: TypeError, message: "\"obj.propertyIsEnumerable\" is not a function", line: 0, column: 0, value: None }
es3/Object.prototype.toLocaleString.js: Runtime error: JSIError { error_type: TypeError, message: "\"o1.toLocaleString\" is not a function", line: 0, column: 0, value: None }
es3/RegExp.global.js: Runtime error: JSIError { error_type: SyntaxError, message: "Unexpected token Slash", line: 0, column: 0, value: None }
es3/RegExp.ignoreCase.js: Runtime error: JSIError { error_type: SyntaxError, message: "Unexpected token Slash", line: 0, column: 0, value: None }
es3/RegExp.js: Runtime error: JSIError { error_type: ReferenceError, message: "RegExp is not defined", line: 0, column: 0, value: None }
es3/RegExp.lastIndex.js: Runtime error: JSIError { error_type: ReferenceError, message: "RegExp is not defined", line: 0, column: 0, value: None }
es3/RegExp.multiline.js: Runtime error: JSIError { error_type: SyntaxError, message: "Unexpected token Slash", line: 0, column: 0, value: None }
es3/RegExp.prototype.constructor.js: Runtime error: JSIError { error_type: ReferenceError, message: "RegExp is not defined", line: 0, column: 0, value: None }
es3/RegExp.prototype.exec.js: Runtime error: JSIError { error_type: ReferenceError, message: "RegExp is not defined", line: 0, column: 0, value: None }
es3/RegExp.prototype.test.js: Runtime error: JSIError { error_type: ReferenceError, message: "RegExp is not defined", line: 0, column: 0, value: None }
es3/RegExp.prototype.toString.js: Runtime error: JSIError { error_type: ReferenceError, message: "RegExp is not defined", line: 0, column: 0, value: None }
es3/RegExp.source.js: Runtime error: JSIError { error_type: ReferenceError, message: "RegExp is not defined", line: 0, column: 0, value: None }
es3/String.prototype.concat.generic.js: Runtime error: JSIError { error_type: TypeError, message: "Cannot read properties of undefined (reading 'call')", line: 0, column: 0, value: None }
es3/String.prototype.concat.js: Runtime error: JSIError { error_type: TypeError, message: "\"s1.concat\" is not a function", line: 0, column: 0, value: None }
es3/String.prototype.localeCompare.js: Runtime error: JSIError { error_type: TypeError, message: "\"s1.localeCompare\" is not a function", line: 0, column: 0, value: None }
es3/String.prototype.match.generic.js: Runtime error: JSIError { error_type: SyntaxError, message: "Unexpected token Slash", line: 0, column: 0, value: None }
es3/String.prototype.match.js: Runtime error: JSIError { error_type: SyntaxError, message: "Unexpected token Slash", line: 0, column: 0, value: None }
es3/String.prototype.replace.capture.js: Runtime error: JSIError { error_type: SyntaxError, message: "Unexpected token Slash", line: 0, column: 0, value: None }
es3/String.prototype.replace.extra.js: Runtime error: JSIError { error_type: SyntaxError, message: "Unexpected token Slash", line: 0, column: 0, value: None }
es3/String.prototype.replace.generic.js: Runtime error: JSIError { error_type: SyntaxError, message: "Unexpected token Slash", line: 0, column: 0, value: None }
es3/String.prototype.replace.regex.js: Runtime error: JSIError { error_type: SyntaxError, message: "Unexpected token Slash", line: 0, column: 0, value: None }
es3/String.prototype.replace.str.js: Runtime error: JSIError { error_type: TypeError, message: "\"s1.replace\" is not a function", line: 0, column: 0, value: None }
es3/String.prototype.search.generic.js: Runtime error: JSIError { error_type: SyntaxError, message: "Unexpected token Slash", line: 0, column: 0, value: None }
es3/String.prototype.search.js: Runtime error: JSIError { error_type: SyntaxError, message: "Unexpected token Slash", line: 0, column: 0, value: None }
es3/String.prototype.search.str.js: Runtime error: JSIError { error_type: TypeError, message: "\"s1.search\" is not a function", line: 0, column: 0, value: None }
es3/String.prototype.slice.generic.js: Runtime error: JSIError { error_type: TypeError, message: "Cannot read properties of undefined (reading 'call')", line: 0, column: 0, value: None }
es3/String.prototype.slice.js: Runtime error: JSIError { error_type: TypeError, message: "\"s1.slice\" is not a function", line: 0, column: 0, value: None }
es3/String.prototype.split.bugs.js: Runtime error: JSIError { error_type: SyntaxError, message: "Unexpected token Slash", line: 0, column: 0, value: None }
es3/String.prototype.split.limit.js: Runtime error: JSIError { error_type: TypeError, message: "\"s1.split\" is not a function", line: 0, column: 0, value: None }
es3/String.prototype.split.regex.js: Runtime error: JSIError { error_type: SyntaxError, message: "Unexpected token Slash", line: 0, column: 0, value: None }
es3/String.prototype.toLocaleLowerCase.js: Runtime error: JSIError { error_type: TypeError, message: "\"str.toLocaleLowerCase\" is not a function", line: 0, column: 0, value: None }
es3/String.prototype.toLocaleUpperCase.js: Runtime error: JSIError { error_type: TypeError, message: "\"str.toLocaleUpperCase\" is not a function", line: 0, column: 0, value: None }
es3/annex-b.String.prototype.substr.js: Runtime error: JSIError { error_type: TypeError, message: "\"s.substr\" is not a function", line: 0, column: 0, value: None }
es3/do-while.js: OK
es3/function-expressions.IIFE.js: Runtime error: JSIError { error_type: ReferenceError, message: "count is not defined", line: 0, column: 0, value: None }
es3/function-expressions.js: Runtime error: JSIError { error_type: TypeError, message: "Array is not a constructor", line: 0, column: 0, value: None }
es3/global.EvalError.js: constructor failed; Runtime error: JSIError { error_type: ReferenceError, message: "EvalError is not defined", line: 0, column: 0, value: None }
es3/global.RangeError.js: constructor failed; Runtime error: JSIError { error_type: ReferenceError, message: "RangeError is not defined", line: 0, column: 0, value: None }
es3/global.RangeError.thrown.js: Runtime error: JSIError { error_type: TypeError, message: "Array is not a constructor", line: 0, column: 0, value: None }
es3/global.ReferenceError.js: constructor failed; Runtime error: JSIError { error_type: ReferenceError, message: "ReferenceError is not defined", line: 0, column: 0, value: None }
es3/global.ReferenceError.thrown.js: OK
es3/global.SyntaxError.js: constructor failed; Runtime error: JSIError { error_type: ReferenceError, message: "SyntaxError is not defined", line: 0, column: 0, value: None }
es3/global.SyntaxError.thrown.js: OK
es3/global.TypeError.js: constructor failed
es3/global.TypeError.thrown.js: no exception for Function.prototype.toString on non-function
es3/global.URIError.js: constructor failed; Runtime error: JSIError { error_type: ReferenceError, message: "URIError is not defined", line: 0, column: 0, value: None }
es3/global.URIError.thrown.js: OK
es3/global.decodeURIComponent.js: Runtime error: JSIError { error_type: ReferenceError, message: "decodeURIComponent is not defined", line: 0, column: 0, value: None }
es3/global.decodeURI.js: Runtime error: JSIError { error_type: ReferenceError, message: "decodeURI is not defined", line: 0, column: 0, value: None }
es3/global.encodeURIComponent.js: Runtime error: JSIError { error_type: ReferenceError, message: "encodeURIComponent is not defined", line: 0, column: 0, value: None }
es3/global.encodeURI.js: Runtime error: JSIError { error_type: ReferenceError, message: "encodeURI is not defined", line: 0, column: 0, value: None }
es3/global.undefined.js: OK
es3/identifiers.unicode.js: Runtime error: JSIError { error_type: SyntaxError, message: "Unexpected token ILLEGAL", line: 0, column: 0, value: None }
es3/instanceof.js: Runtime error: JSIError { error_type: TypeError, message: "Array is not a constructor", line: 0, column: 0, value: None }
es3/in.js: Runtime error: JSIError { error_type: Unknown, message: "unsupport binary BinaryExpression { left: String(StringLiteral { literal: \"\\\"foo\\\"\", value: \"foo\" }), operator: In, right: Identifier(IdentifierLiteral { literal: \"obj\" }) }", line: 0, column: 0, value: None }
es3/labelled.break.js: failed
es3/labelled.continue.js: OK
es3/labelled.statements.js: OK
es3/literals.array.elisions.js: OK
es3/literals.array.js: OK
es3/literals.array.trailing-comma.js: OK
es3/literals.object.decimal.js: Runtime error: JSIError { error_type: Unknown, message: "expression unsupported Unknown", line: 0, column: 0, value: None }
es3/literals.object.hex.js: Error: "Illegal hex characters" Runtime error: JSIError { error_type: Unknown, message: "expression unsupported Unknown", line: 0, column: 0, value: None }
es3/literals.object.int.js: OK
es3/literals.object.js: OK
es3/literals.object.str.js: OK
es3/literals.object.unicode.js: Runtime error: JSIError { error_type: SyntaxError, message: "Unexpected token ILLEGAL", line: 0, column: 0, value: None }
es3/literals.regex.ambiguous.js: Runtime error: JSIError { error_type: SyntaxError, message: "Unexpected token Comma", line: 0, column: 0, value: None }
es3/literals.regex.empty.js: Runtime error: JSIError { error_type: SyntaxError, message: "Unexpected token Slash", line: 0, column: 0, value: None }
es3/literals.regex.js: Runtime error: JSIError { error_type: SyntaxError, message: "Unexpected token Slash", line: 0, column: 0, value: None }
es3/literals.string.esc-v.js: failed
es3/nested-functions.eval.js: Runtime error: JSIError { error_type: ReferenceError, message: "eval is not defined", line: 0, column: 0, value: None }
es3/nested-functions.js: Runtime error: JSIError { error_type: ReferenceError, message: "count is not defined", line: 0, column: 0, value: None }
es3/regex.backref.js: Runtime error: JSIError { error_type: SyntaxError, message: "Unexpected token Slash", line: 0, column: 0, value: None }
es3/regex.begin.js: Runtime error: JSIError { error_type: SyntaxError, message: "Unexpected token Slash", line: 0, column: 0, value: None }
es3/regex.bracket.esc-b.js: Runtime error: JSIError { error_type: SyntaxError, message: "Unexpected token Slash", line: 0, column: 0, value: None }
es3/regex.bracket.js: Runtime error: JSIError { error_type: SyntaxError, message: "Unexpected token Slash", line: 0, column: 0, value: None }
es3/regex.bracket.ranges.js: Runtime error: JSIError { error_type: SyntaxError, message: "Unexpected token Slash", line: 0, column: 0, value: None }
es3/regex.class.esc-d.js: Runtime error: JSIError { error_type: SyntaxError, message: "Unexpected token Slash", line: 0, column: 0, value: None }
es3/regex.class.esc-s.js: Runtime error: JSIError { error_type: SyntaxError, message: "Unexpected token Slash", line: 0, column: 0, value: None }
es3/regex.class.esc-w.js: Runtime error: JSIError { error_type: SyntaxError, message: "Unexpected token Slash", line: 0, column: 0, value: None }
es3/regex.disjunction.js: Runtime error: JSIError { error_type: SyntaxError, message: "Unexpected token Slash", line: 0, column: 0, value: None }
es3/regex.dot.js: Runtime error: JSIError { error_type: SyntaxError, message: "Unexpected token Slash", line: 0, column: 0, value: None }
es3/regex.end.js: Runtime error: JSIError { error_type: SyntaxError, message: "Unexpected token Slash", line: 0, column: 0, value: None }
es3/regex.escape.control.js: Runtime error: JSIError { error_type: SyntaxError, message: "Unexpected token Slash", line: 0, column: 0, value: None }
es3/regex.escape.hex.js: Runtime error: JSIError { error_type: SyntaxError, message: "Unexpected token Slash", line: 0, column: 0, value: None }
es3/regex.escape.js: Runtime error: JSIError { error_type: SyntaxError, message: "Unexpected token Slash", line: 0, column: 0, value: None }
es3/regex.escape.nul.js: Runtime error: JSIError { error_type: SyntaxError, message: "Unexpected token Slash", line: 0, column: 0, value: None }
es3/regex.escape.unicode.js: Runtime error: JSIError { error_type: SyntaxError, message: "Unexpected token Slash", line: 0, column: 0, value: None }
es3/regex.flag.global.js: Runtime error: JSIError { error_type: SyntaxError, message: "Unexpected token Slash", line: 0, column: 0, value: None }
es3/regex.flag.ignorecase.js: Runtime error: JSIError { error_type: SyntaxError, message: "Unexpected token Slash", line: 0, column: 0, value: None }
es3/regex.flag.multiline.js: Runtime error: JSIError { error_type: SyntaxError, message: "Unexpected token Slash", line: 0, column: 0, value: None }
es3/regex.group.js: Runtime error: JSIError { error_type: SyntaxError, message: "Unexpected token Slash", line: 0, column: 0, value: None }
es3/regex.lookahead.js: Runtime error: JSIError { error_type: SyntaxError, message: "Unexpected token Slash", line: 0, column: 0, value: None }
es3/regex.negative-lookahead.js: Runtime error: JSIError { error_type: SyntaxError, message: "Unexpected token Slash", line: 0, column: 0, value: None }
es3/regex.non-capturing-group.js: Runtime error: JSIError { error_type: SyntaxError, message: "Unexpected token Slash", line: 0, column: 0, value: None }
es3/regex.quantifier.exact.js: Runtime error: JSIError { error_type: SyntaxError, message: "Unexpected token Slash", line: 0, column: 0, value: None }
es3/regex.quantifier.maybe.js: Runtime error: JSIError { error_type: SyntaxError, message: "Unexpected token Slash", line: 0, column: 0, value: None }
es3/regex.quantifier.min.js: Runtime error: JSIError { error_type: SyntaxError, message: "Unexpected token Slash", line: 0, column: 0, value: None }
es3/regex.quantifier.plus.js: Runtime error: JSIError { error_type: SyntaxError, message: "Unexpected token Slash", line: 0, column: 0, value: None }
es3/regex.quantifier.range.js: Runtime error: JSIError { error_type: SyntaxError, message: "Unexpected token Slash", line: 0, column: 0, value: None }
es3/regex.quantifier.star.js: Runtime error: JSIError { error_type: SyntaxError, message: "Unexpected token Slash", line: 0, column: 0, value: None }
es3/regex.word-boundary.js: Runtime error: JSIError { error_type: SyntaxError, message: "Unexpected token Slash", line: 0, column: 0, value: None }
es3/source.line-terminators.js: Runtime error: JSIError { error_type: SyntaxError, message: "Unexpected token ILLEGAL", line: 0, column: 0, value: None }
es3/source.whitespace.js: Runtime error: JSIError { error_type: SyntaxError, message: "Unexpected token ILLEGAL", line: 0, column: 0, value: None }
es3/source.whitespace.unicode.js: Runtime error: JSIError { error_type: SyntaxError, message: "Unexpected token ILLEGAL", line: 0, column: 0, value: None }
es3/strict-equals.js: OK
es3/switch.js: OK
es3/try-catch-finally.js: Runtime error: JSIError { error_type: SyntaxError, message: "Unexpected token Finally", line: 0, column: 0, value: None }
es3/try-catch-throw.js: basic throw/catch failed; throw string failed; throw stops execution failed
es5/Array.isArray.js: empty array failed; array with elements failed
es5/Array.prototype.every.js: Array.prototype.every not a function; Runtime error: JSIError { error_type: TypeError, message: "\"arr.every\" is not a function", line: 0, column: 0, value: None }
es5/Array.prototype.filter.js: Array.prototype.filter not a function; Runtime error: JSIError { error_type: TypeError, message: "\"arr.filter\" is not a function", line: 0, column: 0, value: None }
es5/Array.prototype.forEach.js: Array.prototype.forEach not a function; Runtime error: JSIError { error_type: TypeError, message: "\"arr.forEach\" is not a function", line: 0, column: 0, value: None }
es5/Array.prototype.indexOf.js: Array.prototype.indexOf not a function; Runtime error: JSIError { error_type: TypeError, message: "\"arr.indexOf\" is not a function", line: 0, column: 0, value: None }
es5/Array.prototype.lastIndexOf.js: Array.prototype.lastIndexOf not a function; Runtime error: JSIError { error_type: TypeError, message: "\"arr.lastIndexOf\" is not a function", line: 0, column: 0, value: None }
es5/Array.prototype.map.js: Array.prototype.map not a function; Runtime error: JSIError { error_type: TypeError, message: "\"arr.map\" is not a function", line: 0, column: 0, value: None }
es5/Array.prototype.reduceRight.js: Array.prototype.reduceRight not a function; Runtime error: JSIError { error_type: TypeError, message: "\"arr.reduceRight\" is not a function", line: 0, column: 0, value: None }
es5/Array.prototype.reduce.js: Array.prototype.reduce not a function; Runtime error: JSIError { error_type: TypeError, message: "\"arr.reduce\" is not a function", line: 0, column: 0, value: None }
es5/Array.prototype.some.js: Array.prototype.some not a function; Runtime error: JSIError { error_type: TypeError, message: "\"arr.some\" is not a function", line: 0, column: 0, value: None }
es5/Array.prototype.sort.TypeError.js: Runtime error: JSIError { error_type: SyntaxError, message: "Unexpected token Slash", line: 0, column: 0, value: None }
es5/Array.prototype.sort.undefined-comparefn.js: Runtime error: JSIError { error_type: TypeError, message: "\"arr.sort\" is not a function", line: 0, column: 0, value: None }
es5/Date.now.js: Date.now not a function; Runtime error: JSIError { error_type: ReferenceError, message: "Date is not defined", line: 0, column: 0, value: None }
es5/Date.prototype.toISOString.js: Date.prototype.toISOString not a function; Runtime error: JSIError { error_type: ReferenceError, message: "Date is not defined", line: 0, column: 0, value: None }
es5/Date.prototype.toJSON.js: Date.prototype.toJSON not a function; Runtime error: JSIError { error_type: ReferenceError, message: "Date is not defined", line: 0, column: 0, value: None }
es5/Function.prototype-not-enumerable.js: Runtime error: JSIError { error_type: SyntaxError, message: "Unexpected token In", line: 0, column: 0, value: None }
es5/Function.prototype.apply.array-like.js: OK
es5/Function.prototype.bind.js: argument binding failed; length property incorrect; Runtime error: JSIError { error_type: TypeError, message: "Cannot read properties of null (reading 'value')", line: 0, column: 0, value: None }
es5/JSON.js: failed: typeof JSON !== 'object'
es5/JSON.parse.js: Runtime error: JSIError { error_type: SyntaxError, message: "Unexpected identifier 'a'", line: 0, column: 0, value: None }
es5/JSON.parse.reviver.js: failed: typeof JSON.parse !== 'function'
es5/JSON.stringify.js: failed: typeof JSON.stringify !== 'function'
es5/JSON.stringify.replacer.js: failed: typeof JSON.stringify !== 'function'
es5/JSON.stringify.space.js: failed: typeof JSON.stringify !== 'function'
es5/Object.create.js: null prototype failed; Properties argument failed
es5/Object.defineProperties.js: Object.defineProperties not a function; Runtime error: JSIError { error_type: TypeError, message: "\"Object.defineProperties\" is not a function", line: 0, column: 0, value: None }
es5/Object.defineProperty.js: Object.defineProperty not a function; Runtime error: JSIError { error_type: TypeError, message: "\"Object.defineProperty\" is not a function", line: 0, column: 0, value: None }
es5/Object.freeze.js: Object.freeze not a function; Runtime error: JSIError { error_type: TypeError, message: "\"Object.freeze\" is not a function", line: 0, column: 0, value: None }
es5/Object.getOwnPropertyDescriptor.js: Object.getOwnPropertyDescriptor not a function; Runtime error: JSIError { error_type: TypeError, message: "\"Object.getOwnPropertyDescriptor\" is not a function", line: 0, column: 0, value: None }
es5/Object.getOwnPropertyNames.js: Runtime error: JSIError { error_type: TypeError, message: "\"Object.defineProperty\" is not a function", line: 0, column: 0, value: None }
es5/Object.getPrototypeOf.js: OK
es5/Object.isExtensible.js: Object.isExtensible not a function; Runtime error: JSIError { error_type: TypeError, message: "\"Object.isExtensible\" is not a function", line: 0, column: 0, value: None }
es5/Object.isFrozen.js: Object.isFrozen not a function; Runtime error: JSIError { error_type: TypeError, message: "\"Object.isFrozen\" is not a function", line: 0, column: 0, value: None }
es5/Object.isSealed.js: Object.isSealed not a function; Runtime error: JSIError { error_type: TypeError, message: "\"Object.isSealed\" is not a function", line: 0, column: 0, value: None }
es5/Object.keys.js: only own properties failed; Runtime error: JSIError { error_type: TypeError, message: "\"Object.defineProperty\" is not a function", line: 0, column: 0, value: None }
es5/Object.preventExtensions.js: Object.preventExtensions not a function; Runtime error: JSIError { error_type: TypeError, message: "\"Object.preventExtensions\" is not a function", line: 0, column: 0, value: None }
es5/Object.property-shadowing.js: Runtime error: JSIError { error_type: SyntaxError, message: "Unexpected token In", line: 0, column: 0, value: None }
es5/Object.seal.js: Object.seal not a function; Runtime error: JSIError { error_type: TypeError, message: "\"Object.seal\" is not a function", line: 0, column: 0, value: None }
es5/String.indexing.js: 'foobar'[3] !== 'b'; test with variable failed
es5/String.prototype.trim.js: String.prototype.trim not a function; Runtime error: JSIError { error_type: TypeError, message: "\"s1.trim\" is not a function", line: 0, column: 0, value: None }
es5/arguments.toStringTag.js: failed
es5/debugger.js: Runtime error: JSIError { error_type: SyntaxError, message: "Unexpected token Debugger", line: 0, column: 0, value: None }
es5/global.Infinity.immutable.js: Runtime error: JSIError { error_type: ReferenceError, message: "Infinity is not defined", line: 0, column: 0, value: None }
es5/global.NaN.immutable.js: Runtime error: JSIError { error_type: ReferenceError, message: "NaN is not defined", line: 0, column: 0, value: None }
es5/global.parseInt.no-octal.js: Runtime error: JSIError { error_type: ReferenceError, message: "parseInt is not defined", line: 0, column: 0, value: None }
es5/global.undefined.immutable.js: Runtime error: JSIError { error_type: SyntaxError, message: "Invalid left-hand side in assignment", line: 0, column: 0, value: None }
es5/literals.object.getters.js: Runtime error: JSIError { error_type: SyntaxError, message: "Unexpected token LeftParenthesis", line: 0, column: 0, value: None }
es5/literals.object.setters.js: Runtime error: JSIError { error_type: SyntaxError, message: "Unexpected token LeftParenthesis", line: 0, column: 0, value: None }
es5/literals.object.trailing-comma.js: OK
es5/source.keyword-properties.js: Runtime error: JSIError { error_type: SyntaxError, message: "Unexpected token If", line: 0, column: 0, value: None }
es5/source.unreserved-words.js: OK
es5/source.whitespace.bom.js: Runtime error: JSIError { error_type: SyntaxError, message: "Unexpected token ILLEGAL", line: 0, column: 0, value: None }
es5/source.zero-width-chars.js: Runtime error: JSIError { error_type: SyntaxError, message: "Unexpected token ILLEGAL", line: 0, column: 0, value: None }
es5/strict.eval-cannot-create-bindings.js: Runtime error: JSIError { error_type: ReferenceError, message: "ReferenceError is not defined", line: 0, column: 0, value: None }
es5/strict.function-expr-with-matching-name.js: failed
es5/strict.js: Runtime error: JSIError { error_type: ReferenceError, message: "ReferenceError is not defined", line: 0, column: 0, value: None }
es5/strict.no-arguments-callee.js: failed
es5/strict.no-arguments-caller.js: Runtime error: JSIError { error_type: Unknown, message: "unsupport binary BinaryExpression { left: String(StringLiteral { literal: \"'caller'\", value: \"caller\" }), operator: In, right: Identifier(IdentifierLiteral { literal: \"arguments\" }) }", line: 0, column: 0, value: None }
es5/strict.no-assignment-to-non-writable.js: Runtime error: JSIError { error_type: SyntaxError, message: "Unexpected token LeftParenthesis", line: 0, column: 0, value: None }
es5/strict.no-assignment-to-unresolvable.js: Runtime error: JSIError { error_type: ReferenceError, message: "ReferenceError is not defined", line: 0, column: 0, value: None }
es5/strict.no-delete-bindings.js: Runtime error: JSIError { error_type: ReferenceError, message: "SyntaxError is not defined", line: 0, column: 0, value: None }
es5/strict.no-delete-non-configurable.js: failed
es5/strict.no-duplicate-parameters.js: Runtime error: JSIError { error_type: ReferenceError, message: "SyntaxError is not defined", line: 0, column: 0, value: None }
es5/strict.no-eval-or-arguments-assignment.js: Runtime error: JSIError { error_type: ReferenceError, message: "SyntaxError is not defined", line: 0, column: 0, value: None }
es5/strict.no-eval-or-arguments-bindings.js: Runtime error: JSIError { error_type: ReferenceError, message: "SyntaxError is not defined", line: 0, column: 0, value: None }
es5/strict.no-function-caller-or-arguments.js: failed
es5/strict.no-octal-literals.js: Runtime error: JSIError { error_type: ReferenceError, message: "SyntaxError is not defined", line: 0, column: 0, value: None }
es5/strict.no-with.js: Runtime error: JSIError { error_type: ReferenceError, message: "SyntaxError is not defined", line: 0, column: 0, value: None }
es5/strict.reserved-words.js: Runtime error: JSIError { error_type: TypeError, message: "\"implements,interface,let,package,private,protected,public,static,yield.split\" is not a function", line: 0, column: 0, value: None }
es5/strict.this-primitive-not-coerced-in-accessors.js: Runtime error: JSIError { error_type: TypeError, message: "\"Object.defineProperty\" is not a function", line: 0, column: 0, value: None }
es5/strict.this-primitive-not-coerced.js: OK
es5/strict.this-undefined-in-function.js: OK
es5/strict.unmapped-arguments.js: OK
es5/this.thrown-function.js: Runtime error: JSIError { error_type: TypeError, message: "\"e\" is not a function", line: 0, column: 0, value: None }
