es1/Array.js: OK
es1/Array.length.assignment.js: OK
es1/Array.length.js: OK
es1/Array.prototype.constructor.js: OK
es1/Array.prototype.join.generic.js: OK
es1/Array.prototype.join.js: OK
es1/Array.prototype.reverse.generic.js: OK
es1/Array.prototype.reverse.js: OK
es1/Array.prototype.sort.generic.js: OK
es1/Array.prototype.sort.js: OK
es1/Array.prototype.toString.js: OK
es1/Boolean.js: Uncaught TypeError: Boolean is not a constructor
es1/Boolean.prototype.constructor.js: Uncaught TypeError: Boolean is not a constructor
es1/Boolean.prototype.toString.js: Uncaught TypeError: Boolean is not a constructor
es1/Boolean.prototype.valueOf.js: Uncaught TypeError: Boolean is not a constructor
es1/Date.diff.js: Uncaught ReferenceError: Date is not defined
es1/Date.js: Uncaught ReferenceError: Date is not defined
es1/Date.prototype.constructor.js: Uncaught ReferenceError: Date is not defined
es1/Date.prototype.getDate.js: Uncaught ReferenceError: Date is not defined
es1/Date.prototype.getDay.js: Uncaught ReferenceError: Date is not defined
es1/Date.prototype.getFullYear.js: Uncaught ReferenceError: Date is not defined
es1/Date.prototype.getHours.js: Uncaught ReferenceError: Date is not defined
es1/Date.prototype.getMilliseconds.js: Uncaught ReferenceError: Date is not defined
es1/Date.prototype.getMinutes.js: Uncaught ReferenceError: Date is not defined
es1/Date.prototype.getMonth.js: Uncaught ReferenceError: Date is not defined
es1/Date.prototype.getSeconds.js: Uncaught ReferenceError: Date is not defined
es1/Date.prototype.getTimezoneOffset.js: Uncaught ReferenceError: Date is not defined
es1/Date.prototype.getTime.js: Uncaught ReferenceError: Date is not defined
es1/Date.prototype.getUTCDate.js: Uncaught ReferenceError: Date is not defined
es1/Date.prototype.getUTCDay.js: Uncaught ReferenceError: Date is not defined
es1/Date.prototype.getUTCFullYear.js: Uncaught ReferenceError: Date is not defined
es1/Date.prototype.getUTCHours.js: Uncaught ReferenceError: Date is not defined
es1/Date.prototype.getUTCMilliseconds.js: Uncaught ReferenceError: Date is not defined
es1/Date.prototype.getUTCMinutes.js: Uncaught ReferenceError: Date is not defined
es1/Date.prototype.getUTCMonth.js: Uncaught ReferenceError: Date is not defined
es1/Date.prototype.getUTCSeconds.js: Uncaught ReferenceError: Date is not defined
es1/Date.prototype.setDate.js: Uncaught ReferenceError: Date is not defined
es1/Date.prototype.setFullYear.js: Uncaught ReferenceError: Date is not defined
es1/Date.prototype.setHours.js: Uncaught ReferenceError: Date is not defined
es1/Date.prototype.setMilliseconds.js: Uncaught ReferenceError: Date is not defined
es1/Date.prototype.setMinutes.js: Uncaught ReferenceError: Date is not defined
es1/Date.prototype.setMonth.js: Uncaught ReferenceError: Date is not defined
es1/Date.prototype.setSeconds.js: Uncaught ReferenceError: Date is not defined
es1/Date.prototype.setTime.js: Uncaught ReferenceError: Date is not defined
es1/Date.prototype.setUTCDate.js: Uncaught ReferenceError: Date is not defined
es1/Date.prototype.setUTCFullYear.js: Uncaught ReferenceError: Date is not defined
es1/Date.prototype.setUTCHours.js: Uncaught ReferenceError: Date is not defined
es1/Date.prototype.setUTCMilliseconds.js: Uncaught ReferenceError: Date is not defined
es1/Date.prototype.setUTCMinutes.js: Uncaught ReferenceError: Date is not defined
es1/Date.prototype.setUTCMonth.js: Uncaught ReferenceError: Date is not defined
es1/Date.prototype.setUTCSeconds.js: Uncaught ReferenceError: Date is not defined
es1/Date.prototype.toLocaleString.js: Uncaught ReferenceError: Date is not defined
es1/Date.prototype.toString.js: Uncaught ReferenceError: Date is not defined
es1/Date.prototype.toUTCString.js: Uncaught ReferenceError: Date is not defined
es1/Date.prototype.valueOf.js: Uncaught ReferenceError: Date is not defined
es1/Function.js: failed
es1/Function.length.js: OK
es1/Function.prototype.constructor.js: OK
es1/Function.prototype.js: OK
es1/Function.prototype.toString.js: failed
es1/Math.E.js: OK
es1/Math.LN2.js: OK
es1/Math.LN10.js: OK
es1/Math.LOG2E.js: OK
es1/Math.LOG10E.js: OK
es1/Math.PI.js: OK
es1/Math.SQRT1_2.js: OK
es1/Math.SQRT2.js: OK
es1/Math.abs.js: OK
es1/Math.acos.js: OK
es1/Math.asin.js: OK
es1/Math.atan2.js: OK
es1/Math.atan.js: OK
es1/Math.ceil.js: OK
es1/Math.cos.js: OK
es1/Math.exp.js: OK
es1/Math.floor.js: OK
es1/Math.log.js: OK
es1/Math.max.js: OK
es1/Math.min.js: OK
es1/Math.pow.js: OK
es1/Math.random.js: OK
es1/Math.round.js: OK
es1/Math.sin.js: OK
es1/Math.sqrt.js: OK
es1/Math.tan.js: OK
es1/Number.MAX_VALUE.js: OK
es1/Number.MIN_VALUE.js: OK
es1/Number.NEGATIVE_INFINITY.js: OK
es1/Number.NaN.js: OK
es1/Number.POSITIVE_INFINITY.js: OK
es1/Number.js: Uncaught TypeError: Number is not a constructor
es1/Number.prototype.constructor.js: Uncaught TypeError: Number is not a constructor
es1/Number.prototype.toString.js: Uncaught TypeError: Number is not a constructor
es1/Number.prototype.valueOf.js: Uncaught TypeError: Number is not a constructor
es1/Object.js: OK
es1/Object.prototype.constructor.js: OK
es1/Object.prototype.toString.js: OK
es1/Object.prototype.valueOf.js: OK
es1/String.fromCharCode.js: OK
es1/String.generics.js: OK
es1/String.js: Uncaught TypeError: String is not a constructor
es1/String.length.js: Uncaught TypeError: String is not a constructor
es1/String.prototype.charAt.js: OK
es1/String.prototype.charCodeAt.js: OK
es1/String.prototype.constructor.js: Uncaught TypeError: String is not a constructor
es1/String.prototype.indexOf.js: OK
es1/String.prototype.lastIndexOf.js: OK
es1/String.prototype.split.js: OK
es1/String.prototype.substring.js: OK
es1/String.prototype.toLowerCase.js: OK
es1/String.prototype.toString.js: Uncaught TypeError: String is not a constructor
es1/String.prototype.toUpperCase.js: OK
es1/String.prototype.valueOf.js: Uncaught TypeError: String is not a constructor
es1/annex-b.Date.prototype.getYear.js: Uncaught ReferenceError: Date is not defined
es1/annex-b.Date.prototype.setYear.js: Uncaught ReferenceError: Date is not defined
es1/annex-b.Date.prototype.toGMTString.js: Uncaught ReferenceError: Date is not defined
es1/annex-b.global.escape.js: Uncaught ReferenceError: escape is not defined
es1/annex-b.global.unescape.js: Uncaught ReferenceError: unescape is not defined
es1/annex-b.literals.octal.js: SyntaxError: Unexpected leading zero (14:13)
es1/annex-b.literals.string.octal.js: failed
es1/arguments.callee.js: Uncaught ReferenceError: arguments is not defined
es1/arguments.js: Uncaught ReferenceError: arguments is not defined
es1/asi.eval.js: Uncaught SyntaxError: Unexpected token '3' (2:5)
es1/asi.js: SyntaxError: Invalid left-hand side expression in postfix operation (71:5)
es1/assignment.bitwise.js: OK
es1/assignment.js: OK
es1/assignment.ltr.js: OK
es1/assignment.unsigned-shift.js: OK
es1/bitwise.binary.js: OK
es1/bitwise.shifts.js: OK
es1/bitwise.tilde.js: OK
es1/bitwise.unsigned-shift.js: OK
es1/break.js: OK
es1/comma.js: OK
es1/comments.js: SyntaxError: Regular expression literal may not contain line terminator (11:5)
es1/conditional.js: OK
es1/continue.js: OK
es1/conversions.ToBoolean.js: Uncaught TypeError: Boolean is not a constructor
es1/conversions.ToInt32.js: OK
es1/conversions.ToInteger.js: OK
es1/conversions.ToNumber.js: OK
es1/conversions.ToObject.js: OK
es1/conversions.ToString.js: OK
es1/conversions.ToUint32.js: OK
es1/conversions.js: 123 != '123' ; 123 != '0123' ; 0 != '' ; '123' != 123.0 ; 123.0 != '0123' ; null != undefined ; true != 1 ; false != 0 ; false != '' ; failed
es1/equals.js: OK
es1/eval.js: OK
es1/for-in.js: OK
es1/for.js: for with break failed ; Uncaught ReferenceError: s is not defined
es1/function.js: OK
es1/global.Infinity.js: OK
es1/global.NaN.js: OK
es1/global.isFinite.js: Uncaught ReferenceError: isFinite is not defined
es1/global.isNaN.js: Uncaught ReferenceError: isNaN is not defined
es1/global.parseFloat.js: OK
es1/global.parseInt.hex.js: OK
es1/global.parseInt.js: OK
es1/global.parseInt.radix.js: OK
es1/literals.decimal.js: OK
es1/literals.hex.js: OK
es1/literals.string.escapes.js: OK
es1/literals.string.hex.js: OK
es1/literals.string.js: OK
es1/literals.string.unicode.js: OK
es1/logical.js: OK
es1/new.typeof.js: Uncaught TypeError: String is not a constructor
es1/numbers.double.js: OK
es1/numbers.fmod.js: OK
es1/numbers.inf.js: OK
es1/numbers.int.js: OK
es1/numbers.nan.js: OK
es1/postfix.decrement.js: OK
es1/postfix.increment.js: OK
es1/prefix.js: OK
es1/relational.js: OK
es1/return.js: return without value failed ; failed
es1/return.typeof.js: OK
es1/this.js: OK
es1/typeof.js: OK
es1/typeof.null.js: OK
es1/typeof.undeclared.js: OK
es1/types.js: OK
es1/unary.decrement.js: OK
es1/unary.delete.js: delete failed ; failed
es1/unary.delete.var.js: Uncaught ReferenceError: a is not defined
es1/unary.increment.js: OK
es1/unary.minus.js: OK
es1/unary.not.js: OK
es1/unary.plus.js: OK
es1/unary.plus.str.js: OK
es1/unary.tilde.js: OK
es1/var.js: Uncaught ReferenceError: Identifier 'n' has already been declared
es1/var.typeof.js: OK
es1/void.js: void(...) is not nullish
es1/void.typeof.js: OK
es1/while.js: OK
es1/with.js: SyntaxError: Unexpected token '{' (38:13)
es3/Array.prototype.concat.js: OK
es3/Array.prototype.pop.generic.js: OK
es3/Array.prototype.pop.js: OK
es3/Array.prototype.push.generic.js: OK
es3/Array.prototype.push.js: OK
es3/Array.prototype.shift.generic.js: OK
es3/Array.prototype.shift.js: OK
es3/Array.prototype.slice.generic.js: OK
es3/Array.prototype.slice.js: OK
es3/Array.prototype.splice.generic.js: OK
es3/Array.prototype.splice.js: OK
es3/Array.prototype.toLocaleString.js: failed
es3/Array.prototype.unshift.generic.js: OK
es3/Array.prototype.unshift.js: OK
es3/Array.prototype.unshift.returns-new-length.js: OK
es3/Date.prototype.toDateString.js: Uncaught ReferenceError: Date is not defined
es3/Date.prototype.toLocaleDateString.js: Uncaught ReferenceError: Date is not defined
es3/Date.prototype.toLocaleString.js: Uncaught ReferenceError: Date is not defined
es3/Date.prototype.toLocaleTimeString.js: Uncaught ReferenceError: Date is not defined
es3/Date.prototype.toTimeString.js: Uncaught ReferenceError: Date is not defined
es3/Error.js: OK
es3/Error.prototype.constructor.js: OK
es3/Error.prototype.message.js: failed
es3/Error.prototype.name.js: failed
es3/Error.prototype.toString.js: OK
es3/Function.prototype.apply.js: Uncaught ReferenceError: arguments is not defined
es3/Function.prototype.call.js: OK
es3/Math.max.variadic.js: Uncaught ReferenceError: isNaN is not defined
es3/Math.min.variadic.js: Uncaught ReferenceError: isNaN is not defined
es3/Number.prototype.toExponential.edge-cases.js: failed
es3/Number.prototype.toExponential.js: failed
es3/Number.prototype.toExponential.rounding.js: failed
es3/Number.prototype.toExponential.throws-infinity.js: failed
es3/Number.prototype.toFixed.js: OK
es3/Number.prototype.toLocaleString.js: OK
es3/Number.prototype.toPrecision.js: OK
es3/Object.prototype.hasOwnProperty.js: OK
es3/Object.prototype.isPrototypeOf.js: OK
es3/Object.prototype.propertyIsEnumerable.js: OK
es3/Object.prototype.toLocaleString.js: OK
es3/RegExp.global.js: OK
es3/RegExp.ignoreCase.js: OK
es3/RegExp.js: lastIndex failed ; RegExp passthrough failed ; failed
es3/RegExp.lastIndex.js: initial value failed
es3/RegExp.multiline.js: OK
es3/RegExp.prototype.constructor.js: OK
es3/RegExp.prototype.exec.js: failed
es3/RegExp.prototype.test.js: failed
es3/RegExp.prototype.toString.js: OK
es3/RegExp.source.js: OK
es3/String.prototype.concat.generic.js: Uncaught TypeError: Number is not a constructor
es3/String.prototype.concat.js: OK
es3/String.prototype.localeCompare.js: failed
es3/String.prototype.match.generic.js: Uncaught TypeError: Number is not a constructor
es3/String.prototype.match.js: failed
es3/String.prototype.replace.capture.js: failed
es3/String.prototype.replace.extra.js: failed
es3/String.prototype.replace.generic.js: failed
es3/String.prototype.replace.regex.js: failed
es3/String.prototype.replace.str.js: failed
es3/String.prototype.search.generic.js: Uncaught TypeError: Number is not a constructor
es3/String.prototype.search.js: failed
es3/String.prototype.search.str.js: failed
es3/String.prototype.slice.generic.js: Uncaught TypeError: Number is not a constructor
es3/String.prototype.slice.js: OK
es3/String.prototype.split.bugs.js: failed
es3/String.prototype.split.limit.js: OK
es3/String.prototype.split.regex.js: failed
es3/String.prototype.toLocaleLowerCase.js: failed
es3/String.prototype.toLocaleUpperCase.js: failed
es3/annex-b.String.prototype.substr.js: Uncaught TypeError: s.substr is not a function
es3/do-while.js: OK
es3/function-expressions.IIFE.js: OK
es3/function-expressions.js: OK
es3/global.EvalError.js: constructor failed ; Uncaught ReferenceError: EvalError is not defined
es3/global.RangeError.js: name failed ; failed
es3/global.RangeError.thrown.js: OK
es3/global.ReferenceError.js: name failed ; failed
es3/global.ReferenceError.thrown.js: OK
es3/global.SyntaxError.js: name failed ; failed
es3/global.SyntaxError.thrown.js: OK
es3/global.TypeError.js: name failed ; failed
es3/global.TypeError.thrown.js: OK
es3/global.URIError.js: constructor failed ; Uncaught ReferenceError: URIError is not defined
es3/global.URIError.thrown.js: wrong exception for decodeURI incomplete escape ; wrong exception for decodeURI invalid hex ; wrong exception for decodeURI invalid UTF-8 ; wrong exception for decodeURIComponent incomplete escape ; wrong exception for decodeURIComponent invalid hex ; wrong exception for encodeURI lone low surrogate
es3/global.decodeURIComponent.js: Uncaught ReferenceError: decodeURIComponent is not defined
es3/global.decodeURI.js: Uncaught ReferenceError: decodeURI is not defined
es3/global.encodeURIComponent.js: Uncaught ReferenceError: encodeURIComponent is not defined
es3/global.encodeURI.js: Uncaught ReferenceError: encodeURI is not defined
es3/global.undefined.js: OK
es3/identifiers.unicode.js: SyntaxError: Unexpected token '\' (17:5)
es3/instanceof.js: Uncaught ReferenceError: Date is not defined
es3/in.js: OK
es3/labelled.break.js: failed
es3/labelled.continue.js: failed
es3/labelled.statements.js: failed
es3/literals.array.elisions.js: OK
es3/literals.array.js: OK
es3/literals.array.trailing-comma.js: OK
es3/literals.object.decimal.js: property name 1e2 failed ; property name 2.5e1 failed ; failed
es3/literals.object.hex.js: OK
es3/literals.object.int.js: OK
es3/literals.object.js: OK
es3/literals.object.str.js: OK
es3/literals.object.unicode.js: SyntaxError: Unexpected token '\', expected '[' (16:11)
es3/literals.regex.ambiguous.js: failed
es3/literals.regex.empty.js: failed
es3/literals.regex.js: OK
es3/literals.string.esc-v.js: OK
es3/nested-functions.eval.js: OK
es3/nested-functions.js: OK
es3/regex.backref.js: failed
es3/regex.begin.js: failed
es3/regex.bracket.esc-b.js: Uncaught SyntaxError: Invalid regular expression '[\\b]': Illegal/unsupported escape sequence
es3/regex.bracket.js: failed
es3/regex.bracket.ranges.js: failed
es3/regex.class.esc-d.js: failed
es3/regex.class.esc-s.js: failed
es3/regex.class.esc-w.js: failed
es3/regex.disjunction.js: failed
es3/regex.dot.js: failed
es3/regex.end.js: failed
es3/regex.escape.control.js: failed
es3/regex.escape.hex.js: failed
es3/regex.escape.js: failed
es3/regex.escape.nul.js: Uncaught SyntaxError: Invalid regular expression '\\0': Illegal octal escape sequence
es3/regex.escape.unicode.js: failed
es3/regex.flag.global.js: OK
es3/regex.flag.ignorecase.js: failed
es3/regex.flag.multiline.js: failed
es3/regex.group.js: failed
es3/regex.lookahead.js: failed
es3/regex.negative-lookahead.js: failed
es3/regex.non-capturing-group.js: failed
es3/regex.quantifier.exact.js: failed
es3/regex.quantifier.maybe.js: failed
es3/regex.quantifier.min.js: failed
es3/regex.quantifier.plus.js: failed
es3/regex.quantifier.range.js: failed
es3/regex.quantifier.star.js: failed
es3/regex.word-boundary.js: failed
es3/source.line-terminators.js: OK
es3/source.whitespace.js: SyntaxError: Cannot tokenize character ' ' (12:4)
es3/source.whitespace.unicode.js: SyntaxError: Cannot tokenize character ' ' (8:4)
es3/strict-equals.js: OK
es3/switch.js: OK
es3/try-catch-finally.js: NullPointerException: Cannot invoke "xyz.lebster.core.node.statement.BlockStatement.executeWithoutNewContext(xyz.lebster.core.interpreter.Interpreter)" because "this.catchBody" is null
es3/try-catch-throw.js: OK
es5/Array.isArray.js: OK
es5/Array.prototype.every.js: OK
es5/Array.prototype.filter.js: OK
es5/Array.prototype.forEach.js: OK
es5/Array.prototype.indexOf.js: OK
es5/Array.prototype.lastIndexOf.js: OK
es5/Array.prototype.map.js: OK
es5/Array.prototype.reduceRight.js: OK
es5/Array.prototype.reduce.js: OK
es5/Array.prototype.some.js: OK
es5/Array.prototype.sort.TypeError.js: OK
es5/Array.prototype.sort.undefined-comparefn.js: OK
es5/Date.now.js: Uncaught ReferenceError: Date is not defined
es5/Date.prototype.toISOString.js: Uncaught ReferenceError: Date is not defined
es5/Date.prototype.toJSON.js: Uncaught ReferenceError: Date is not defined
es5/Function.prototype-not-enumerable.js: failed
es5/Function.prototype.apply.array-like.js: OK
es5/Function.prototype.bind.js: failed
es5/JSON.js: OK
es5/JSON.parse.js: OK
es5/JSON.parse.reviver.js: OK
es5/JSON.stringify.js: OK
es5/JSON.stringify.replacer.js: OK
es5/JSON.stringify.space.js: OK
es5/Object.create.js: Properties argument failed ; failed
es5/Object.defineProperties.js: failed
es5/Object.defineProperty.js: failed
es5/Object.freeze.js: failed
es5/Object.getOwnPropertyDescriptor.js: failed
es5/Object.getOwnPropertyNames.js: failed
es5/Object.getPrototypeOf.js: OK
es5/Object.isExtensible.js: failed
es5/Object.isFrozen.js: failed
es5/Object.isSealed.js: failed
es5/Object.keys.js: failed
es5/Object.preventExtensions.js: failed
es5/Object.property-shadowing.js: OK
es5/Object.seal.js: failed
es5/String.indexing.js: OK
es5/String.prototype.trim.js: OK
es5/arguments.toStringTag.js: Uncaught ReferenceError: arguments is not defined
es5/debugger.js: failed
es5/global.Infinity.immutable.js: Uncaught TypeError: Cannot assign to read-only property 'Infinity'
es5/global.NaN.immutable.js: Uncaught TypeError: Cannot assign to read-only property 'NaN'
es5/global.parseInt.no-octal.js: OK
es5/global.undefined.immutable.js: Uncaught TypeError: Cannot assign to read-only property 'undefined'
es5/literals.object.getters.js: OK
es5/literals.object.setters.js: OK
es5/literals.object.trailing-comma.js: OK
es5/source.keyword-properties.js: OK
es5/source.unreserved-words.js: OK
es5/source.whitespace.bom.js: SyntaxError: Cannot tokenize character '﻿' (1:1)
es5/source.zero-width-chars.js: SyntaxError: Unexpected token '\' (11:6)
es5/strict.eval-cannot-create-bindings.js: OK
es5/strict.function-expr-with-matching-name.js: OK
es5/strict.js: failed
es5/strict.no-arguments-callee.js: failed
es5/strict.no-arguments-caller.js: Uncaught ReferenceError: arguments is not defined
es5/strict.no-assignment-to-non-writable.js: failed
es5/strict.no-assignment-to-unresolvable.js: OK
es5/strict.no-delete-bindings.js: failed
es5/strict.no-delete-non-configurable.js: failed
es5/strict.no-duplicate-parameters.js: failed
es5/strict.no-eval-or-arguments-assignment.js: failed
es5/strict.no-eval-or-arguments-bindings.js: failed
es5/strict.no-function-caller-or-arguments.js: failed
es5/strict.no-octal-literals.js: failed
es5/strict.no-with.js: OK
es5/strict.reserved-words.js: 'var implements' did not throw in strict mode ; failed
es5/strict.this-primitive-not-coerced-in-accessors.js: failed
es5/strict.this-primitive-not-coerced.js: OK
es5/strict.this-undefined-in-function.js: failed: outer 'this' is not undefined
es5/strict.unmapped-arguments.js: Uncaught ReferenceError: arguments is not defined
es5/this.thrown-function.js: OK
kangax-es5/Array.isArray.js: OK
kangax-es5/Array.prototype.every.js: OK
kangax-es5/Array.prototype.filter.js: OK
kangax-es5/Array.prototype.forEach.js: OK
kangax-es5/Array.prototype.indexOf.js: OK
kangax-es5/Array.prototype.lastIndexOf.js: OK
kangax-es5/Array.prototype.map.js: OK
kangax-es5/Array.prototype.reduceRight.js: OK
kangax-es5/Array.prototype.reduce.js: OK
kangax-es5/Array.prototype.some.js: OK
kangax-es5/Array.prototype.sort.compareFn-type.js: OK
kangax-es5/Array.prototype.sort.compareFn-undefined.js: OK
kangax-es5/Array.prototype.unshift.return-count.js: OK
kangax-es5/Date.now.js: ReferenceError: Date is not defined
kangax-es5/Date.prototype.toISOString.js: ReferenceError: Date is not defined
kangax-es5/Date.prototype.toJSON.js: failed
kangax-es5/Function.prototype.bind.js: OK
kangax-es5/JSON.js: OK
kangax-es5/Number.prototype.toExponential.no-throw-edge-cases.js: failed
kangax-es5/Number.prototype.toExponential.rounds-properly.js: failed
kangax-es5/Number.prototype.toExponential.throws-infinity.js: failed
kangax-es5/Object.create.js: OK
kangax-es5/Object.defineProperties.js: OK
kangax-es5/Object.defineProperty.js: OK
kangax-es5/Object.freeze.js: OK
kangax-es5/Object.getOwnPropertyDescriptor.js: OK
kangax-es5/Object.getOwnPropertyNames.js: OK
kangax-es5/Object.getPrototypeOf.js: OK
kangax-es5/Object.isExtensible.js: OK
kangax-es5/Object.isFrozen.js: OK
kangax-es5/Object.isSealed.js: OK
kangax-es5/Object.keys.js: OK
kangax-es5/Object.preventExtensions.js: OK
kangax-es5/Object.seal.js: OK
kangax-es5/String.property-access.js: OK
kangax-es5/String.prototype.split.js: failed
kangax-es5/String.prototype.trim.js: OK
kangax-es5/annex-b.String.prototype.substr.js: TypeError: '0b'.substr is not a function
kangax-es5/immutable-globals.Infinity.js: TypeError: Cannot assign to read-only property 'Infinity'
kangax-es5/immutable-globals.NaN.js: TypeError: Cannot assign to read-only property 'NaN'
kangax-es5/immutable-globals.undefined.js: TypeError: Cannot assign to read-only property 'undefined'
kangax-es5/literals.getter-accessors.js: OK
kangax-es5/literals.reserved-words-properties.js: OK
kangax-es5/literals.setter-accessors.js: OK
kangax-es5/literals.trailing-comma-array.js: OK
kangax-es5/literals.trailing-comma-object.js: OK
kangax-es5/misc.Arguments.toStringTag.js: ReferenceError: arguments is not defined
kangax-es5/misc.Function.apply.array-likes.js: OK
kangax-es5/misc.Function.prototype.non-enumerable.js: failed
kangax-es5/misc.enumerable-shadow.js: OK
kangax-es5/misc.parseInt.ignores-leading-zeros.js: OK
kangax-es5/misc.thrown-functions-this.js: OK
kangax-es5/misc.unreserved-words.js: OK
kangax-es5/misc.zero-width-identifiers.js: SyntaxError: Unexpected token '\' (8:8)
kangax-es5/strict.arguments-callee-error.js: failed
kangax-es5/strict.arguments-caller-error.js: ReferenceError: arguments is not defined
kangax-es5/strict.arguments-unmapped.js: ReferenceError: arguments is not defined
kangax-es5/strict.assignment-eval-arguments-error.js: failed
kangax-es5/strict.assignment-non-writable-error.js: failed
kangax-es5/strict.assignment-unresolvable-error.js: OK
kangax-es5/strict.delete-bindings-error.js: failed
kangax-es5/strict.delete-non-configurable-error.js: failed
kangax-es5/strict.eval-arguments-bindings-error.js: failed
kangax-es5/strict.eval-no-bindings.js: OK
kangax-es5/strict.function-caller-arguments-error.js: failed
kangax-es5/strict.function-expr-matching-name-arg.js: OK
kangax-es5/strict.legacy-octal-error.js: failed
kangax-es5/strict.repeated-params-error.js: failed
kangax-es5/strict.reserved-words.js: failed
kangax-es5/strict.this-not-coerced-accessors.js: failed
kangax-es5/strict.this-not-coerced-methods.js: OK
kangax-es5/strict.this-undefined.js: failed
kangax-es5/strict.with-error.js: OK
kangax-es6/Array.Symbol.species.js: TypeError: Cannot use `in` operator to search for `'get'` in undefined
kangax-es6/Array.from.array-like.js: OK
kangax-es6/Array.from.generator.js: failed
kangax-es6/Array.from.iterable-instance.js: Uncaught ReferenceError: global is not defined
kangax-es6/Array.from.iterable.js: Uncaught ReferenceError: global is not defined
kangax-es6/Array.from.iterator-closing.js: Uncaught ReferenceError: global is not defined
kangax-es6/Array.from.map.array-like.js: OK
kangax-es6/Array.from.map.generator.js: failed
kangax-es6/Array.from.map.iterable-instance.js: Uncaught ReferenceError: global is not defined
kangax-es6/Array.from.map.iterable.js: Uncaught ReferenceError: global is not defined
kangax-es6/Array.iterator-prototype-chain.js: failed
kangax-es6/Array.of.js: TypeError: undefined is not a function
kangax-es6/Array.prototype.Symbol.iterator.js: OK
kangax-es6/Array.prototype.Symbol.unscopables.js: failed
kangax-es6/Array.prototype.copyWithin.js: OK
kangax-es6/Array.prototype.entries.js: OK
kangax-es6/Array.prototype.fill.js: OK
kangax-es6/Array.prototype.findIndex.js: OK
kangax-es6/Array.prototype.find.js: OK
kangax-es6/Array.prototype.keys.js: OK
kangax-es6/Array.prototype.splice.js: OK
kangax-es6/Array.prototype.values.js: OK
kangax-es6/Date.prototype.Symbol.toPrimitive.js: ReferenceError: Date is not defined
kangax-es6/Function.name.accessor.js: TypeError: Cannot read property 'name' of xyz.lebster.core.value.globals.Undefined@0
kangax-es6/Function.name.bound.js: failed
kangax-es6/Function.name.class-expression.js: failed
kangax-es6/Function.name.class-object-method.js: failed
kangax-es6/Function.name.class-prototype.js: failed
kangax-es6/Function.name.class-statement.js: failed
kangax-es6/Function.name.class-static.js: failed
kangax-es6/Function.name.class-variable.js: failed
kangax-es6/Function.name.configurable.js: OK
kangax-es6/Function.name.expression.js: OK
kangax-es6/Function.name.new-Function.js: failed
kangax-es6/Function.name.object-method.js: OK
kangax-es6/Function.name.shorthand.js: OK
kangax-es6/Function.name.shorthand.no-lexical.js: OK
kangax-es6/Function.name.statement.js: OK
kangax-es6/Function.name.symbol-keyed.js: NullPointerException: Cannot read field "value" because "this.description" is null
kangax-es6/Function.name.variable.js: OK
kangax-es6/Map.Symbol.species.js: TypeError: Cannot use `in` operator to search for `'get'` in undefined
kangax-es6/Map.constructor-accepts-null.js: OK
kangax-es6/Map.constructor-arguments.js: OK
kangax-es6/Map.constructor-invokes-set.js: OK
kangax-es6/Map.constructor-requires-new.js: OK
kangax-es6/Map.iterator-closing.js: Uncaught ReferenceError: global is not defined
kangax-es6/Map.iterator-prototype-chain.js: failed
kangax-es6/Map.js: OK
kangax-es6/Map.prototype-not-instance.js: OK
kangax-es6/Map.prototype.Symbol.iterator.js: OK
kangax-es6/Map.prototype.clear.js: OK
kangax-es6/Map.prototype.delete.js: OK
kangax-es6/Map.prototype.entries.js: OK
kangax-es6/Map.prototype.forEach.js: OK
kangax-es6/Map.prototype.keys.js: OK
kangax-es6/Map.prototype.set-returns-this.js: OK
kangax-es6/Map.prototype.size.js: OK
kangax-es6/Map.prototype.values.js: OK
kangax-es6/Map.zero-key.js: OK
kangax-es6/Math.acosh.js: OK
kangax-es6/Math.asinh.js: OK
kangax-es6/Math.atanh.js: OK
kangax-es6/Math.cbrt.js: OK
kangax-es6/Math.clz32.js: OK
kangax-es6/Math.cosh.js: OK
kangax-es6/Math.expm1.js: OK
kangax-es6/Math.fround.js: OK
kangax-es6/Math.hypot.js: OK
kangax-es6/Math.imul.js: OK
kangax-es6/Math.log1p.js: OK
kangax-es6/Math.log2.js: OK
kangax-es6/Math.log10.js: OK
kangax-es6/Math.sign.js: OK
kangax-es6/Math.sinh.js: OK
kangax-es6/Math.tanh.js: OK
kangax-es6/Math.trunc.js: OK
kangax-es6/Number.EPSILON.js: OK
kangax-es6/Number.MAX_SAFE_INTEGER.js: OK
kangax-es6/Number.MIN_SAFE_INTEGER.js: OK
kangax-es6/Number.isFinite.js: OK
kangax-es6/Number.isInteger.js: OK
kangax-es6/Number.isNaN.js: OK
kangax-es6/Number.isSafeInteger.js: OK
kangax-es6/Number.parseFloat.js: failed
kangax-es6/Number.parseInt.js: failed
kangax-es6/Object.assign.js: OK
kangax-es6/Object.getOwnPropertySymbols.js: failed
kangax-es6/Object.is.js: OK
kangax-es6/Object.setPrototypeOf.js: OK
kangax-es6/Promise.Symbol.species.js: ReferenceError: Promise is not defined
kangax-es6/Promise.all.iterable.js: Uncaught ReferenceError: global is not defined
kangax-es6/Promise.all.js: ReferenceError: Promise is not defined
kangax-es6/Promise.constructor-requires-new.js: ReferenceError: Promise is not defined
kangax-es6/Promise.js: ReferenceError: Promise is not defined
kangax-es6/Promise.prototype-not-instance.js: ReferenceError: Promise is not defined
kangax-es6/Promise.race.iterable.js: Uncaught ReferenceError: global is not defined
kangax-es6/Promise.race.js: ReferenceError: Promise is not defined
kangax-es6/Proxy.Array.isArray.js: ReferenceError: Proxy is not defined
kangax-es6/Proxy.JSON.stringify.js: ReferenceError: Proxy is not defined
kangax-es6/Proxy.constructor-requires-new.js: ReferenceError: Proxy is not defined
kangax-es6/Proxy.handler.apply.invariants.js: ReferenceError: Proxy is not defined
kangax-es6/Proxy.handler.apply.js: ReferenceError: Proxy is not defined
kangax-es6/Proxy.handler.construct.invariants.js: ReferenceError: Proxy is not defined
kangax-es6/Proxy.handler.construct.js: ReferenceError: Proxy is not defined
kangax-es6/Proxy.handler.defineProperty.invariants.js: ReferenceError: Proxy is not defined
kangax-es6/Proxy.handler.defineProperty.js: ReferenceError: Proxy is not defined
kangax-es6/Proxy.handler.deleteProperty.invariants.js: ReferenceError: Proxy is not defined
kangax-es6/Proxy.handler.deleteProperty.js: ReferenceError: Proxy is not defined
kangax-es6/Proxy.handler.getOwnPropertyDescriptor.invariants.js: ReferenceError: Proxy is not defined
kangax-es6/Proxy.handler.getOwnPropertyDescriptor.js: ReferenceError: Proxy is not defined
kangax-es6/Proxy.handler.getPrototypeOf.invariants.js: ReferenceError: Proxy is not defined
kangax-es6/Proxy.handler.getPrototypeOf.js: ReferenceError: Proxy is not defined
kangax-es6/Proxy.handler.get.instances.js: ReferenceError: Proxy is not defined
kangax-es6/Proxy.handler.get.invariants.js: ReferenceError: Proxy is not defined
kangax-es6/Proxy.handler.get.js: ReferenceError: Proxy is not defined
kangax-es6/Proxy.handler.has.instances.js: ReferenceError: Proxy is not defined
kangax-es6/Proxy.handler.has.invariants.js: ReferenceError: Proxy is not defined
kangax-es6/Proxy.handler.has.js: ReferenceError: Proxy is not defined
kangax-es6/Proxy.handler.isExtensible.invariants.js: ReferenceError: Proxy is not defined
kangax-es6/Proxy.handler.isExtensible.js: ReferenceError: Proxy is not defined
kangax-es6/Proxy.handler.ownKeys.invariants.js: ReferenceError: Proxy is not defined
kangax-es6/Proxy.handler.ownKeys.js: ReferenceError: Proxy is not defined
kangax-es6/Proxy.handler.preventExtensions.invariants.js: ReferenceError: Proxy is not defined
kangax-es6/Proxy.handler.preventExtensions.js: ReferenceError: Proxy is not defined
kangax-es6/Proxy.handler.setPrototypeOf.invariants.js: ReferenceError: Proxy is not defined
kangax-es6/Proxy.handler.setPrototypeOf.js: ReferenceError: Proxy is not defined
kangax-es6/Proxy.handler.set.instances.js: ReferenceError: Proxy is not defined
kangax-es6/Proxy.handler.set.invariants.js: ReferenceError: Proxy is not defined
kangax-es6/Proxy.handler.set.js: ReferenceError: Proxy is not defined
kangax-es6/Proxy.no-prototype.js: ReferenceError: Proxy is not defined
kangax-es6/Proxy.revocable.js: ReferenceError: Proxy is not defined
kangax-es6/Reflect.apply.js: ReferenceError: Reflect is not defined
kangax-es6/Reflect.construct.Array-subclassing.js: ReferenceError: Reflect is not defined
kangax-es6/Reflect.construct.Function-subclassing.js: ReferenceError: Reflect is not defined
kangax-es6/Reflect.construct.Promise-subclassing.js: ReferenceError: Reflect is not defined
kangax-es6/Reflect.construct.RegExp-subclassing.js: ReferenceError: Reflect is not defined
kangax-es6/Reflect.construct.js: ReferenceError: Reflect is not defined
kangax-es6/Reflect.construct.new-target.js: failed
kangax-es6/Reflect.construct.third-argument.js: ReferenceError: Reflect is not defined
kangax-es6/Reflect.defineProperty.js: ReferenceError: Reflect is not defined
kangax-es6/Reflect.deleteProperty.js: ReferenceError: Reflect is not defined
kangax-es6/Reflect.getOwnPropertyDescriptor.js: ReferenceError: Reflect is not defined
kangax-es6/Reflect.getPrototypeOf.js: ReferenceError: Reflect is not defined
kangax-es6/Reflect.get.js: ReferenceError: Reflect is not defined
kangax-es6/Reflect.has.js: ReferenceError: Reflect is not defined
kangax-es6/Reflect.isExtensible.js: ReferenceError: Reflect is not defined
kangax-es6/Reflect.ownKeys.string.js: failed
kangax-es6/Reflect.ownKeys.symbol.js: failed
kangax-es6/Reflect.preventExtensions.js: ReferenceError: Reflect is not defined
kangax-es6/Reflect.setPrototypeOf.js: ReferenceError: Reflect is not defined
kangax-es6/Reflect.set.js: ReferenceError: Reflect is not defined
kangax-es6/RegExp.Symbol.species.js: TypeError: Cannot use `in` operator to search for `'get'` in undefined
kangax-es6/RegExp.prototype.Symbol.match.js: OK
kangax-es6/RegExp.prototype.Symbol.replace.js: OK
kangax-es6/RegExp.prototype.Symbol.search.js: OK
kangax-es6/RegExp.prototype.Symbol.split.js: OK
kangax-es6/RegExp.prototype.flags.js: OK
kangax-es6/Set.Symbol.species.js: TypeError: Cannot use `in` operator to search for `'get'` in undefined
kangax-es6/Set.constructor-accepts-null.js: OK
kangax-es6/Set.constructor-arguments.js: OK
kangax-es6/Set.constructor-invokes-add.js: OK
kangax-es6/Set.constructor-requires-new.js: OK
kangax-es6/Set.iterator-closing.js: Uncaught ReferenceError: global is not defined
kangax-es6/Set.iterator-prototype-chain.js: failed
kangax-es6/Set.js: OK
kangax-es6/Set.prototype-not-instance.js: OK
kangax-es6/Set.prototype.Symbol.iterator.js: OK
kangax-es6/Set.prototype.add-returns-this.js: OK
kangax-es6/Set.prototype.clear.js: OK
kangax-es6/Set.prototype.delete.js: OK
kangax-es6/Set.prototype.entries.js: OK
kangax-es6/Set.prototype.forEach.js: OK
kangax-es6/Set.prototype.keys.js: OK
kangax-es6/Set.prototype.size.js: OK
kangax-es6/Set.prototype.values.js: OK
kangax-es6/Set.zero-key.js: OK
kangax-es6/String.fromCodePoint.js: OK
kangax-es6/String.iterator-prototype-chain.js: failed
kangax-es6/String.prototype.Symbol.iterator.js: OK
kangax-es6/String.prototype.codePointAt.js: OK
kangax-es6/String.prototype.endsWith.js: OK
kangax-es6/String.prototype.endsWith.throws-regex.js: OK
kangax-es6/String.prototype.includes.js: OK
kangax-es6/String.prototype.normalize.js: failed
kangax-es6/String.prototype.repeat.js: OK
kangax-es6/String.prototype.startsWith.js: OK
kangax-es6/String.prototype.startsWith.throws-regex.js: OK
kangax-es6/String.raw.js: OK
kangax-es6/Symbol.JSON.stringify.object.js: failed
kangax-es6/Symbol.JSON.stringify.primitive.js: OK
kangax-es6/Symbol.Object.js: failed
kangax-es6/Symbol.String.js: OK
kangax-es6/Symbol.defineProperty.js: failed
kangax-es6/Symbol.global-registry.js: TypeError: Symbol.for is not a function
kangax-es6/Symbol.hidden-keys.js: ReferenceError: x is not defined
kangax-es6/Symbol.js: OK
kangax-es6/Symbol.no-coerce.js: OK
kangax-es6/Symbol.no-new.js: OK
kangax-es6/Symbol.prototype.js: OK
kangax-es6/Symbol.typeof.js: OK
kangax-es6/WeakMap.accept-primitives.js: ReferenceError: WeakMap is not defined
kangax-es6/WeakMap.constructor-accepts-null.js: ReferenceError: WeakMap is not defined
kangax-es6/WeakMap.constructor-arguments.js: ReferenceError: WeakMap is not defined
kangax-es6/WeakMap.constructor-invokes-set.js: ReferenceError: WeakMap is not defined
kangax-es6/WeakMap.constructor-requires-new.js: ReferenceError: WeakMap is not defined
kangax-es6/WeakMap.frozen-keys.js: failed
kangax-es6/WeakMap.iterator-closing.js: Uncaught ReferenceError: global is not defined
kangax-es6/WeakMap.js: ReferenceError: WeakMap is not defined
kangax-es6/WeakMap.no-clear.js: ReferenceError: WeakMap is not defined
kangax-es6/WeakMap.prototype-not-instance.js: ReferenceError: WeakMap is not defined
kangax-es6/WeakMap.prototype.delete.js: ReferenceError: WeakMap is not defined
kangax-es6/WeakMap.prototype.set-returns-this.js: ReferenceError: WeakMap is not defined
kangax-es6/WeakSet.accept-primitives.js: ReferenceError: WeakSet is not defined
kangax-es6/WeakSet.constructor-accepts-null.js: ReferenceError: WeakSet is not defined
kangax-es6/WeakSet.constructor-arguments.js: ReferenceError: WeakSet is not defined
kangax-es6/WeakSet.constructor-invokes-add.js: ReferenceError: WeakSet is not defined
kangax-es6/WeakSet.constructor-requires-new.js: ReferenceError: WeakSet is not defined
kangax-es6/WeakSet.iterator-closing.js: Uncaught ReferenceError: global is not defined
kangax-es6/WeakSet.js: ReferenceError: WeakSet is not defined
kangax-es6/WeakSet.no-clear.js: ReferenceError: WeakSet is not defined
kangax-es6/WeakSet.prototype-not-instance.js: ReferenceError: WeakSet is not defined
kangax-es6/WeakSet.prototype.add-returns-this.js: ReferenceError: WeakSet is not defined
kangax-es6/WeakSet.prototype.delete.js: ReferenceError: WeakSet is not defined
kangax-es6/annex-b.RegExp.prototype.compile.js: failed
kangax-es6/annex-b.RegExp.prototype.compile.returns-this.js: TypeError: rx.compile is not a function
kangax-es6/annex-b.String.prototype.html.existence.js: failed
kangax-es6/annex-b.String.prototype.html.lowercase.js: TypeError: ""[names[i]] is not a function
kangax-es6/annex-b.String.prototype.html.quotes-escaped.js: TypeError: ""[names[i]] is not a function
kangax-es6/annex-b.function.hoisted-block-level.js: ReferenceError: f is not defined
kangax-es6/annex-b.function.if-statement.js: OK
kangax-es6/annex-b.function.labeled.js: failed
kangax-es6/annex-b.html-comments.js: SyntaxError: Unexpected token '>' (9:5)
kangax-es6/annex-b.regex.backreferences-octal.js: failed
kangax-es6/annex-b.regex.hyphens.js: failed
kangax-es6/annex-b.regex.incomplete-patterns.js: SyntaxError: Invalid regular expression 'x{1': Unclosed counted closure
kangax-es6/annex-b.regex.invalid-char-escapes.js: failed
kangax-es6/annex-b.regex.invalid-control-escapes.js: failed
kangax-es6/annex-b.regex.invalid-hex-escapes.js: SyntaxError: Invalid regular expression '\\x1': Illegal hexadecimal escape sequence
kangax-es6/annex-b.regex.invalid-unicode-escapes.js: SyntaxError: Invalid regular expression '\\u1': Illegal Unicode escape sequence
kangax-es6/annex-b.regex.octal-escapes.js: failed
kangax-es6/annex-b.__proto__.Object.prototype.absent-from-null.js: OK
kangax-es6/annex-b.__proto__.Object.prototype.descriptor.js: failed
kangax-es6/annex-b.__proto__.Object.prototype.getOwnPropertyNames.js: failed
kangax-es6/annex-b.__proto__.Object.prototype.get.js: failed
kangax-es6/annex-b.__proto__.Object.prototype.hasOwnProperty.js: failed
kangax-es6/annex-b.__proto__.Object.prototype.set.js: failed
kangax-es6/annex-b.__proto__.literals.js: failed
kangax-es6/annex-b.__proto__.literals.multiple-error.js: failed
kangax-es6/annex-b.__proto__.literals.not-computed.js: failed
kangax-es6/annex-b.__proto__.literals.not-shorthand-method.js: failed
kangax-es6/annex-b.__proto__.literals.not-shorthand-property.js: failed
kangax-es6/arrow.0-params.js: OK
kangax-es6/arrow.1-param.js: OK
kangax-es6/arrow.5-param.js: OK
kangax-es6/arrow.bind.js: failed
kangax-es6/arrow.lexical-arguments.js: ReferenceError: arguments is not defined
kangax-es6/arrow.lexical-super.constructor.js: failed
kangax-es6/arrow.lexical-super.methods.js: failed
kangax-es6/arrow.lexical-this.js: OK
kangax-es6/arrow.new-target.js: failed
kangax-es6/arrow.no-line-break.js: failed
kangax-es6/arrow.no-prototype.js: OK
kangax-es6/arrow.precedence.js: failed
kangax-es6/arrow.this-call-apply.js: OK
kangax-es6/class.accessor-properties.js: failed
kangax-es6/class.anonymous.js: failed
kangax-es6/class.block-scoped.js: failed
kangax-es6/class.computed-accessor-properties.js: failed
kangax-es6/class.computed-names-tdz.js: failed
kangax-es6/class.computed-prototype-methods.js: failed
kangax-es6/class.computed-static-accessor-properties.js: failed
kangax-es6/class.computed-static-methods.js: failed
kangax-es6/class.constructor-requires-new.js: failed
kangax-es6/class.constructor.js: OK
kangax-es6/class.expression.js: failed
kangax-es6/class.extends-expressions.js: failed
kangax-es6/class.extends-null.js: failed
kangax-es6/class.extends.js: failed
kangax-es6/class.implicit-strict.js: failed
kangax-es6/class.lexical-name.js: failed
kangax-es6/class.methods-not-enumerable.js: failed
kangax-es6/class.new-target.js: failed
kangax-es6/class.optional-semicolons.js: failed
kangax-es6/class.prototype-methods.js: failed
kangax-es6/class.statement.js: failed
kangax-es6/class.static-accessor-properties.js: failed
kangax-es6/class.static-methods.js: failed
kangax-es6/class.string-keyed-methods.js: failed
kangax-es6/const.basic.js: OK
kangax-es6/const.block-scoped.js: OK
kangax-es6/const.for-in.js: OK
kangax-es6/const.for-loop.js: OK
kangax-es6/const.for-of.js: OK
kangax-es6/const.no-redefine.js: failed
kangax-es6/const.no-statement.js: failed
kangax-es6/const.shadow.js: OK
kangax-es6/const.strict.basic.js: OK
kangax-es6/const.strict.block-scoped.js: OK
kangax-es6/const.strict.for-in.js: OK
kangax-es6/const.strict.for-loop.js: OK
kangax-es6/const.strict.for-of.js: OK
kangax-es6/const.strict.no-redefine.js: failed
kangax-es6/const.strict.no-statement.js: failed
kangax-es6/const.strict.shadow.js: OK
kangax-es6/const.strict.tdz.js: OK
kangax-es6/const.tdz.js: OK
kangax-es6/default-params.arguments.js: ReferenceError: arguments is not defined
kangax-es6/default-params.basic.js: OK
kangax-es6/default-params.explicit-undefined.js: OK
kangax-es6/default-params.new-function.js: failed
kangax-es6/default-params.refer-previous.js: OK
kangax-es6/default-params.separate-scope.js: failed
kangax-es6/default-params.tdz.js: OK
kangax-es6/destructuring-assign.array.js: OK
kangax-es6/destructuring-assign.astral-string.js: OK
kangax-es6/destructuring-assign.chained-iterable.js: OK
kangax-es6/destructuring-assign.chained-object.js: OK
kangax-es6/destructuring-assign.computed-properties.js: OK
kangax-es6/destructuring-assign.defaults.js: OK
kangax-es6/destructuring-assign.empty-patterns.js: SyntaxError: Unexpected token ']' (1:2)
kangax-es6/destructuring-assign.generator.js: failed
kangax-es6/destructuring-assign.iterable-expression.js: OK
kangax-es6/destructuring-assign.iterable-instance.js: Uncaught ReferenceError: global is not defined
kangax-es6/destructuring-assign.iterable.js: Uncaught ReferenceError: global is not defined
kangax-es6/destructuring-assign.iterator-closing.js: Uncaught ReferenceError: global is not defined
kangax-es6/destructuring-assign.nested-rest.js: OK
kangax-es6/destructuring-assign.nested.js: OK
kangax-es6/destructuring-assign.object-expression.js: OK
kangax-es6/destructuring-assign.object-primitives.js: OK
kangax-es6/destructuring-assign.object.js: OK
kangax-es6/destructuring-assign.parenthesised-error.js: OK
kangax-es6/destructuring-assign.rest.js: OK
kangax-es6/destructuring-assign.sparse-array.js: OK
kangax-es6/destructuring-assign.string.js: OK
kangax-es6/destructuring-assign.throws-null-undefined.js: OK
kangax-es6/destructuring-assign.trailing-comma-iterable.js: SyntaxError: Unexpected token ']' (1:4)
kangax-es6/destructuring-assign.trailing-comma-object.js: OK
kangax-es6/destructuring-decl.array.js: OK
kangax-es6/destructuring-decl.astral-string.js: OK
kangax-es6/destructuring-decl.catch.js: SyntaxError: Unexpected token '[' (12:11)
kangax-es6/destructuring-decl.computed-properties.js: OK
kangax-es6/destructuring-decl.defaults-tdz.js: OK
kangax-es6/destructuring-decl.defaults.js: OK
kangax-es6/destructuring-decl.for-in.js: OK
kangax-es6/destructuring-decl.for-of.js: OK
kangax-es6/destructuring-decl.generator.js: failed
kangax-es6/destructuring-decl.iterable-instance.js: Uncaught ReferenceError: global is not defined
kangax-es6/destructuring-decl.iterable.js: Uncaught ReferenceError: global is not defined
kangax-es6/destructuring-decl.iterator-closing.js: Uncaught ReferenceError: global is not defined
kangax-es6/destructuring-decl.multiple-var.js: OK
kangax-es6/destructuring-decl.nested.js: OK
kangax-es6/destructuring-decl.object-primitives.js: OK
kangax-es6/destructuring-decl.object.js: OK
kangax-es6/destructuring-decl.rest.js: OK
kangax-es6/destructuring-decl.sparse-array.js: OK
kangax-es6/destructuring-decl.string.js: OK
kangax-es6/destructuring-decl.throws-null-undefined.js: OK
kangax-es6/destructuring-decl.trailing-comma-iterable.js: SyntaxError: Unexpected token ']' (10:10)
kangax-es6/destructuring-decl.trailing-comma-object.js: OK
kangax-es6/destructuring-params.aliased-defaults-arrow.js: OK
kangax-es6/destructuring-params.arguments.js: ReferenceError: arguments is not defined
kangax-es6/destructuring-params.array.js: OK
kangax-es6/destructuring-params.astral-string.js: OK
kangax-es6/destructuring-params.computed-properties.js: OK
kangax-es6/destructuring-params.defaults-new-function.js: failed
kangax-es6/destructuring-params.defaults-separate-scope.js: failed
kangax-es6/destructuring-params.defaults.js: OK
kangax-es6/destructuring-params.duplicate-identifier.js: OK
kangax-es6/destructuring-params.empty-patterns.js: SyntaxError: Unexpected token ']' (10:21)
kangax-es6/destructuring-params.generator.js: failed
kangax-es6/destructuring-params.iterable-instance.js: Uncaught ReferenceError: global is not defined
kangax-es6/destructuring-params.iterable.js: Uncaught ReferenceError: global is not defined
kangax-es6/destructuring-params.iterator-closing.js: Uncaught ReferenceError: global is not defined
kangax-es6/destructuring-params.length.js: OK
kangax-es6/destructuring-params.nested.js: OK
kangax-es6/destructuring-params.new-function.js: failed
kangax-es6/destructuring-params.object-primitives.js: OK
kangax-es6/destructuring-params.object.js: OK
kangax-es6/destructuring-params.rest.js: OK
kangax-es6/destructuring-params.shorthand-defaults-arrow.js: OK
kangax-es6/destructuring-params.sparse-array.js: OK
kangax-es6/destructuring-params.string.js: OK
kangax-es6/destructuring-params.throws-null-undefined.js: OK
kangax-es6/destructuring-params.trailing-comma-iterable.js: SyntaxError: Unexpected token ']' (10:22)
kangax-es6/destructuring-params.trailing-comma-object.js: OK
kangax-es6/for-of.array.js: OK
kangax-es6/for-of.astral-string.js: OK
kangax-es6/for-of.generator.js: failed
kangax-es6/for-of.iterable-instance.js: Uncaught ReferenceError: global is not defined
kangax-es6/for-of.iterable.js: Uncaught ReferenceError: global is not defined
kangax-es6/for-of.iterator-closing-break.js: failed
kangax-es6/for-of.iterator-closing-throw.js: failed
kangax-es6/for-of.sparse-array.js: OK
kangax-es6/for-of.string.js: OK
kangax-es6/function.block-level-decl.js: ReferenceError: f is not defined
kangax-es6/generators.basic.js: failed
kangax-es6/generators.constructor.js: failed
kangax-es6/generators.expression.js: failed
kangax-es6/generators.no-new-this.js: failed
kangax-es6/generators.prototype-chain.js: failed
kangax-es6/generators.prototype.js: failed
kangax-es6/generators.return.js: failed
kangax-es6/generators.sending.js: failed
kangax-es6/generators.shorthand.class.js: failed
kangax-es6/generators.shorthand.computed.class.js: failed
kangax-es6/generators.shorthand.computed.js: failed
kangax-es6/generators.shorthand.js: failed
kangax-es6/generators.shorthand.no-constructor.js: failed
kangax-es6/generators.shorthand.string-keyed.js: failed
kangax-es6/generators.this.js: failed
kangax-es6/generators.throw.js: failed
kangax-es6/generators.yield-precedence.js: failed
kangax-es6/generators.yield-star.array.js: failed
kangax-es6/generators.yield-star.astral-string.js: failed
kangax-es6/generators.yield-star.generator.js: failed
kangax-es6/generators.yield-star.iterable-instance.js: failed
kangax-es6/generators.yield-star.iterable.js: failed
kangax-es6/generators.yield-star.iterator-closing-throw.js: failed
kangax-es6/generators.yield-star.iterator-closing.js: failed
kangax-es6/generators.yield-star.non-iterable-error.js: failed
kangax-es6/generators.yield-star.sparse-array.js: failed
kangax-es6/generators.yield-star.string.js: failed
kangax-es6/let.basic.js: OK
kangax-es6/let.block-scoped.js: OK
kangax-es6/let.for-in-shadow.js: failed
kangax-es6/let.for-iteration.js: failed
kangax-es6/let.for-loop.js: OK
kangax-es6/let.no-statement.js: failed
kangax-es6/let.shadow.js: OK
kangax-es6/let.strict.basic.js: OK
kangax-es6/let.strict.block-scoped.js: OK
kangax-es6/let.strict.for-in-shadow.js: failed
kangax-es6/let.strict.for-iteration.js: failed
kangax-es6/let.strict.for-loop.js: OK
kangax-es6/let.strict.no-statement.js: failed
kangax-es6/let.strict.shadow.js: OK
kangax-es6/let.strict.tdz.js: OK
kangax-es6/let.tdz.js: OK
kangax-es6/literals.binary.Number.js: OK
kangax-es6/literals.binary.js: OK
kangax-es6/literals.object.computed-accessors.js: failed
kangax-es6/literals.object.computed-properties.js: OK
kangax-es6/literals.object.computed-shorthand-methods.js: OK
kangax-es6/literals.object.shorthand-methods.js: OK
kangax-es6/literals.object.shorthand-properties.js: OK
kangax-es6/literals.object.string-keyed-shorthand-methods.js: OK
kangax-es6/literals.octal.Number.js: OK
kangax-es6/literals.octal.js: OK
kangax-es6/misc.Invalid-Date.js: ReferenceError: Date is not defined
kangax-es6/misc.Object.freeze.primitives.js: failed
kangax-es6/misc.Object.getOwnPropertyDescriptor.primitives.js: OK
kangax-es6/misc.Object.getOwnPropertyNames.primitives.js: failed
kangax-es6/misc.Object.getPrototypeOf.primitives.js: OK
kangax-es6/misc.Object.isExtensible.primitives.js: failed
kangax-es6/misc.Object.isFrozen.primitives.js: failed
kangax-es6/misc.Object.isSealed.primitives.js: failed
kangax-es6/misc.Object.keys.primitives.js: OK
kangax-es6/misc.Object.preventExtensions.primitives.js: failed
kangax-es6/misc.Object.seal.primitives.js: failed
kangax-es6/misc.Proxy.defineProperty.SetIntegrityLevel.js: ReferenceError: Proxy is not defined
kangax-es6/misc.Proxy.defineProperty.Set.js: ReferenceError: Proxy is not defined
kangax-es6/misc.Proxy.deleteProperty.Array.copyWithin.js: ReferenceError: Proxy is not defined
kangax-es6/misc.Proxy.deleteProperty.Array.pop.js: ReferenceError: Proxy is not defined
kangax-es6/misc.Proxy.deleteProperty.Array.reverse.js: ReferenceError: Proxy is not defined
kangax-es6/misc.Proxy.deleteProperty.Array.shift.js: ReferenceError: Proxy is not defined
kangax-es6/misc.Proxy.deleteProperty.Array.splice.js: ReferenceError: Proxy is not defined
kangax-es6/misc.Proxy.deleteProperty.Array.unshift.js: ReferenceError: Proxy is not defined
kangax-es6/misc.Proxy.getOwnPropertyDescriptor.Function.bind.js: ReferenceError: Proxy is not defined
kangax-es6/misc.Proxy.getOwnPropertyDescriptor.Object.assign.js: ReferenceError: Proxy is not defined
kangax-es6/misc.Proxy.getOwnPropertyDescriptor.Object.hasOwnProperty.js: ReferenceError: Proxy is not defined
kangax-es6/misc.Proxy.getOwnPropertyDescriptor.Set.js: ReferenceError: Proxy is not defined
kangax-es6/misc.Proxy.get.Array.concat.js: ReferenceError: Proxy is not defined
kangax-es6/misc.Proxy.get.Array.from.js: ReferenceError: Proxy is not defined
kangax-es6/misc.Proxy.get.Array.iteration.js: ReferenceError: Proxy is not defined
kangax-es6/misc.Proxy.get.Array.pop.js: ReferenceError: Proxy is not defined
kangax-es6/misc.Proxy.get.Array.reverse.js: ReferenceError: Proxy is not defined
kangax-es6/misc.Proxy.get.Array.shift.js: ReferenceError: Proxy is not defined
kangax-es6/misc.Proxy.get.Array.splice.js: ReferenceError: Proxy is not defined
kangax-es6/misc.Proxy.get.Array.toString.js: ReferenceError: Proxy is not defined
kangax-es6/misc.Proxy.get.ClassDefinitionEvaluation.js: ReferenceError: Proxy is not defined
kangax-es6/misc.Proxy.get.CreateDynamicFunction.js: ReferenceError: Proxy is not defined
kangax-es6/misc.Proxy.get.CreateListFromArrayLike.js: ReferenceError: Proxy is not defined
kangax-es6/misc.Proxy.get.Date.toJSON.js: ReferenceError: Proxy is not defined
kangax-es6/misc.Proxy.get.Error.toString.js: ReferenceError: Proxy is not defined
kangax-es6/misc.Proxy.get.Function.bind.js: ReferenceError: Proxy is not defined
kangax-es6/misc.Proxy.get.HasBinding.js: ReferenceError: Proxy is not defined
kangax-es6/misc.Proxy.get.IteratorComplete.js: ReferenceError: Proxy is not defined
kangax-es6/misc.Proxy.get.JSON.stringify.js: ReferenceError: Proxy is not defined
kangax-es6/misc.Proxy.get.Object.assign.js: ReferenceError: Proxy is not defined
kangax-es6/misc.Proxy.get.Object.defineProperties.js: ReferenceError: Proxy is not defined
kangax-es6/misc.Proxy.get.Promise.resolve.js: ReferenceError: Proxy is not defined
kangax-es6/misc.Proxy.get.RegExp-constructor.js: ReferenceError: Proxy is not defined
kangax-es6/misc.Proxy.get.RegExp.Symbol.match.js: Uncaught ReferenceError: global is not defined
kangax-es6/misc.Proxy.get.RegExp.Symbol.replace.js: Uncaught ReferenceError: global is not defined
kangax-es6/misc.Proxy.get.RegExp.Symbol.search.js: ReferenceError: Proxy is not defined
kangax-es6/misc.Proxy.get.RegExp.Symbol.split.js: failed
kangax-es6/misc.Proxy.get.RegExp.flags.js: Uncaught ReferenceError: global is not defined
kangax-es6/misc.Proxy.get.RegExp.test.js: ReferenceError: Proxy is not defined
kangax-es6/misc.Proxy.get.RegExp.toString.js: ReferenceError: Proxy is not defined
kangax-es6/misc.Proxy.get.String.match.js: failed
kangax-es6/misc.Proxy.get.String.raw.js: ReferenceError: Proxy is not defined
kangax-es6/misc.Proxy.get.String.replace.js: failed
kangax-es6/misc.Proxy.get.String.search.js: failed
kangax-es6/misc.Proxy.get.String.split.js: failed
kangax-es6/misc.Proxy.get.ToPrimitive.js: ReferenceError: Proxy is not defined
kangax-es6/misc.Proxy.get.ToPropertyDescriptor.js: ReferenceError: Proxy is not defined
kangax-es6/misc.Proxy.get.instanceof.js: ReferenceError: Proxy is not defined
kangax-es6/misc.Proxy.ownKeys.SerializeJSONObject.js: ReferenceError: Proxy is not defined
kangax-es6/misc.Proxy.ownKeys.SetIntegrityLevel.js: ReferenceError: Proxy is not defined
kangax-es6/misc.Proxy.ownKeys.TestIntegrityLevel.js: ReferenceError: Proxy is not defined
kangax-es6/misc.Proxy.set.Array.copyWithin.js: ReferenceError: Proxy is not defined
kangax-es6/misc.Proxy.set.Array.fill.js: ReferenceError: Proxy is not defined
kangax-es6/misc.Proxy.set.Array.from.js: ReferenceError: Proxy is not defined
kangax-es6/misc.Proxy.set.Array.of.js: ReferenceError: Proxy is not defined
kangax-es6/misc.Proxy.set.Array.pop.js: ReferenceError: Proxy is not defined
kangax-es6/misc.Proxy.set.Array.push.js: ReferenceError: Proxy is not defined
kangax-es6/misc.Proxy.set.Array.reverse.js: ReferenceError: Proxy is not defined
kangax-es6/misc.Proxy.set.Array.shift.js: ReferenceError: Proxy is not defined
kangax-es6/misc.Proxy.set.Array.splice.js: ReferenceError: Proxy is not defined
kangax-es6/misc.Proxy.set.Array.unshift.js: ReferenceError: Proxy is not defined
kangax-es6/misc.Proxy.set.Object.assign.js: ReferenceError: Proxy is not defined
kangax-es6/misc.RegExp-alter-flags.js: Uncaught ReferenceError: global is not defined
kangax-es6/misc.RegExp-prototype-toString-generic.js: OK
kangax-es6/misc.accessors-no-constructor.js: OK
kangax-es6/misc.bound-function-prototype.arrow.js: failed
kangax-es6/misc.bound-function-prototype.class.js: failed
kangax-es6/misc.bound-function-prototype.function.js: failed
kangax-es6/misc.bound-function-prototype.generator.js: failed
kangax-es6/misc.bound-function-prototype.subclass.js: failed
kangax-es6/misc.do-while-no-semicolon.js: OK
kangax-es6/misc.duplicate-properties-strict.js: failed
kangax-es6/misc.for-in-no-assignment-strict.js: OK
kangax-es6/misc.function-length-configurable.js: failed
kangax-es6/misc.identifier-syntax.no-escaped-reserved.js: SyntaxError: Unexpected token '\' (9:7)
kangax-es6/misc.identifier-syntax.var-1.js: failed
kangax-es6/misc.identifier-syntax.var-2.js: OK
kangax-es6/misc.property-order.JSON.parse.js: failed
kangax-es6/misc.property-order.JSON.stringify.js: failed
kangax-es6/misc.property-order.Object.assign.js: failed
kangax-es6/misc.property-order.Object.getOwnPropertyNames.js: failed
kangax-es6/misc.property-order.Object.keys.js: failed
kangax-es6/misc.property-order.Reflect.ownKeys.string.js: failed
kangax-es6/misc.property-order.Reflect.ownKeys.symbol.js: failed
kangax-es6/misc.prototypes-not-instances.js: failed
kangax-es6/new-target.assignment-error.js: failed
kangax-es6/new-target.constructor.js: failed
kangax-es6/regex.flags.u.case-folding.js: failed
kangax-es6/regex.flags.u.codepoint.js: SyntaxError: Invalid regular expression '\\u{1d306}': Illegal Unicode escape sequence
kangax-es6/regex.flags.u.js: OK
kangax-es6/regex.flags.u.non-bmp.js: OK
kangax-es6/regex.flags.y.js: failed
kangax-es6/regex.flags.y.lastIndex.js: failed
kangax-es6/rest-params.arguments.js: ReferenceError: arguments is not defined
kangax-es6/rest-params.basic.js: OK
kangax-es6/rest-params.length.js: OK
kangax-es6/rest-params.new-function.js: failed
kangax-es6/rest-params.no-setter.js: failed
kangax-es6/spread.array-call.js: OK
kangax-es6/spread.array-literal.js: OK
kangax-es6/spread.astral-call.js: OK
kangax-es6/spread.astral-literal.js: OK
kangax-es6/spread.generator-call.js: failed
kangax-es6/spread.generator-literal.js: failed
kangax-es6/spread.iterable-call.js: Uncaught ReferenceError: global is not defined
kangax-es6/spread.iterable-instance-call.js: Uncaught ReferenceError: global is not defined
kangax-es6/spread.iterable-instance-literal.js: Uncaught ReferenceError: global is not defined
kangax-es6/spread.iterable-literal.js: Uncaught ReferenceError: global is not defined
kangax-es6/spread.non-iterable-error.js: OK
kangax-es6/spread.sparse-call.js: OK
kangax-es6/spread.sparse-literal.js: OK
kangax-es6/spread.string-call.js: OK
kangax-es6/spread.string-literal.js: OK
kangax-es6/subclassing.Array.concat.js: failed
kangax-es6/subclassing.Array.filter.js: failed
kangax-es6/subclassing.Array.from.js: failed
kangax-es6/subclassing.Array.isArray.js: failed
kangax-es6/subclassing.Array.length-access.js: failed
kangax-es6/subclassing.Array.length-set.js: failed
kangax-es6/subclassing.Array.map.js: failed
kangax-es6/subclassing.Array.of.js: failed
kangax-es6/subclassing.Array.prototype-chain.js: failed
kangax-es6/subclassing.Array.slice.js: failed
kangax-es6/subclassing.Array.splice.js: failed
kangax-es6/subclassing.Function.call.js: failed
kangax-es6/subclassing.Function.new.js: failed
kangax-es6/subclassing.Function.prototype-chain.js: failed
kangax-es6/subclassing.Function.prototype.apply.js: failed
kangax-es6/subclassing.Function.prototype.bind.js: failed
kangax-es6/subclassing.Function.prototype.call.js: failed
kangax-es6/subclassing.Promise.all.js: failed
kangax-es6/subclassing.Promise.js: failed
kangax-es6/subclassing.Promise.prototype-chain.js: failed
kangax-es6/subclassing.Promise.race.js: failed
kangax-es6/subclassing.RegExp.exec.js: failed
kangax-es6/subclassing.RegExp.js: Uncaught ReferenceError: global is not defined
kangax-es6/subclassing.RegExp.prototype-chain.js: failed
kangax-es6/subclassing.RegExp.test.js: failed
kangax-es6/subclassing.misc.Boolean.js: failed
kangax-es6/subclassing.misc.Error.js: failed
kangax-es6/subclassing.misc.Map.js: failed
kangax-es6/subclassing.misc.Number.js: failed
kangax-es6/subclassing.misc.Set.js: failed
kangax-es6/subclassing.misc.String.js: failed
kangax-es6/super.correct-constructor.js: failed
kangax-es6/super.expression.js: failed
kangax-es6/super.method-calls.js: failed
kangax-es6/super.new-target-binding.js: failed
kangax-es6/super.property-access.js: failed
kangax-es6/super.statement.js: OK
kangax-es6/super.static-binding.js: failed
kangax-es6/super.this-binding.js: failed
kangax-es6/tail-calls.direct.js: RangeError: Maximum call stack size exceeded
kangax-es6/tail-calls.mutual.js: RangeError: Maximum call stack size exceeded
kangax-es6/template.basic.js: OK
kangax-es6/template.caching.js: failed
kangax-es6/template.escape-sequences.js: failed
kangax-es6/template.frozen-array.js: OK
kangax-es6/template.line-break.js: failed
kangax-es6/template.permanent-caching.js: failed
kangax-es6/template.tagged.js: failed
kangax-es6/template.toString.js: OK
kangax-es6/typed-arrays.ArrayBuffer.Symbol.species.js: ReferenceError: ArrayBuffer is not defined
kangax-es6/typed-arrays.DataView.Float32.js: ReferenceError: ArrayBuffer is not defined
kangax-es6/typed-arrays.DataView.Float64.js: ReferenceError: ArrayBuffer is not defined
kangax-es6/typed-arrays.DataView.Int8.js: ReferenceError: ArrayBuffer is not defined
kangax-es6/typed-arrays.DataView.Int16.js: ReferenceError: ArrayBuffer is not defined
kangax-es6/typed-arrays.DataView.Int32.js: ReferenceError: ArrayBuffer is not defined
kangax-es6/typed-arrays.DataView.Uint8.js: ReferenceError: ArrayBuffer is not defined
kangax-es6/typed-arrays.DataView.Uint16.js: ReferenceError: ArrayBuffer is not defined
kangax-es6/typed-arrays.DataView.Uint32.js: ReferenceError: ArrayBuffer is not defined
kangax-es6/typed-arrays.Float32Array.js: ReferenceError: ArrayBuffer is not defined
kangax-es6/typed-arrays.Float64Array.js: ReferenceError: ArrayBuffer is not defined
kangax-es6/typed-arrays.Int8Array.js: ReferenceError: ArrayBuffer is not defined
kangax-es6/typed-arrays.Int16Array.js: ReferenceError: ArrayBuffer is not defined
kangax-es6/typed-arrays.Int32Array.js: ReferenceError: ArrayBuffer is not defined
kangax-es6/typed-arrays.Symbol.species.js: ReferenceError: Int8Array is not defined
kangax-es6/typed-arrays.Uint8Array.js: ReferenceError: ArrayBuffer is not defined
kangax-es6/typed-arrays.Uint8ClampedArray.js: ReferenceError: ArrayBuffer is not defined
kangax-es6/typed-arrays.Uint16Array.js: ReferenceError: ArrayBuffer is not defined
kangax-es6/typed-arrays.Uint32Array.js: ReferenceError: ArrayBuffer is not defined
kangax-es6/typed-arrays.constructor-iterables.js: Uncaught ReferenceError: global is not defined
kangax-es6/typed-arrays.constructor-requires-new.js: Uncaught ReferenceError: global is not defined
kangax-es6/typed-arrays.correct-prototype-chains.js: Uncaught ReferenceError: global is not defined
kangax-es6/typed-arrays.from.js: ReferenceError: Int8Array is not defined
kangax-es6/typed-arrays.of.js: ReferenceError: Int8Array is not defined
kangax-es6/typed-arrays.prototype.Symbol.iterator.js: ReferenceError: Int8Array is not defined
kangax-es6/typed-arrays.prototype.copyWithin.js: ReferenceError: Int8Array is not defined
kangax-es6/typed-arrays.prototype.entries.js: ReferenceError: Int8Array is not defined
kangax-es6/typed-arrays.prototype.every.js: ReferenceError: Int8Array is not defined
kangax-es6/typed-arrays.prototype.fill.js: ReferenceError: Int8Array is not defined
kangax-es6/typed-arrays.prototype.filter.js: ReferenceError: Int8Array is not defined
kangax-es6/typed-arrays.prototype.findIndex.js: ReferenceError: Int8Array is not defined
kangax-es6/typed-arrays.prototype.find.js: ReferenceError: Int8Array is not defined
kangax-es6/typed-arrays.prototype.forEach.js: ReferenceError: Int8Array is not defined
kangax-es6/typed-arrays.prototype.indexOf.js: ReferenceError: Int8Array is not defined
kangax-es6/typed-arrays.prototype.join.js: ReferenceError: Int8Array is not defined
kangax-es6/typed-arrays.prototype.keys.js: ReferenceError: Int8Array is not defined
kangax-es6/typed-arrays.prototype.lastIndexOf.js: ReferenceError: Int8Array is not defined
kangax-es6/typed-arrays.prototype.map.js: ReferenceError: Int8Array is not defined
kangax-es6/typed-arrays.prototype.reduceRight.js: ReferenceError: Int8Array is not defined
kangax-es6/typed-arrays.prototype.reduce.js: ReferenceError: Int8Array is not defined
kangax-es6/typed-arrays.prototype.reverse.js: ReferenceError: Int8Array is not defined
kangax-es6/typed-arrays.prototype.slice.js: ReferenceError: Int8Array is not defined
kangax-es6/typed-arrays.prototype.some.js: ReferenceError: Int8Array is not defined
kangax-es6/typed-arrays.prototype.sort.js: ReferenceError: Int8Array is not defined
kangax-es6/typed-arrays.prototype.subarray.js: ReferenceError: Int8Array is not defined
kangax-es6/typed-arrays.prototype.values.js: ReferenceError: Int8Array is not defined
kangax-es6/unicode-escapes.identifier.js: SyntaxError: Unexpected token '\' (9:7)
kangax-es6/unicode-escapes.property-access.js: SyntaxError: Unexpected token '\', expected IdentifierName (10:12)
kangax-es6/unicode-escapes.property-key.js: SyntaxError: Unexpected token '\', expected '[' (9:13)
kangax-es6/unicode-escapes.string.js: OK
kangax-es6/well-known.hasInstance.js: failed
kangax-es6/well-known.isConcatSpreadable.non-spreadable.js: OK
kangax-es6/well-known.isConcatSpreadable.poisoned-getter.js: failed
kangax-es6/well-known.iterator.arguments.js: ReferenceError: arguments is not defined
kangax-es6/well-known.iterator.js: OK
kangax-es6/well-known.match.RegExp-constructor.js: failed
kangax-es6/well-known.match.String.endsWith.js: TypeError: First argument to String.prototype.endsWith must not be a regular expression
kangax-es6/well-known.match.String.includes.js: TypeError: First argument to String.prototype.includes must not be a regular expression
kangax-es6/well-known.match.String.startsWith.js: TypeError: First argument to String.prototype.startsWith must not be a regular expression
kangax-es6/well-known.match.js: failed
kangax-es6/well-known.replace.js: failed
kangax-es6/well-known.search.js: failed
kangax-es6/well-known.species.Array.concat.js: failed
kangax-es6/well-known.species.Array.filter.js: failed
kangax-es6/well-known.species.Array.map.js: failed
kangax-es6/well-known.species.Array.slice.js: failed
kangax-es6/well-known.species.Array.splice.js: failed
kangax-es6/well-known.species.Promise.then.js: ReferenceError: Promise is not defined
kangax-es6/well-known.species.RegExp.split.js: failed
kangax-es6/well-known.species.js: failed
kangax-es6/well-known.split.js: OK
kangax-es6/well-known.toPrimitive.js: failed
kangax-es6/well-known.toStringTag.existing-builtins.js: ReferenceError: arguments is not defined
kangax-es6/well-known.toStringTag.js: OK
kangax-es6/well-known.toStringTag.misc-builtins.js: OK
kangax-es6/well-known.toStringTag.new-builtins.js: failed
kangax-es6/well-known.unscopables.js: ReferenceError: with is not defined
kangax-es2016/Array.prototype.includes.generic.js: OK
kangax-es2016/Array.prototype.includes.js: OK
kangax-es2016/Array.prototype.includes.sparse.js: OK
kangax-es2016/Array.prototype.includes.typed-array.js: ReferenceError: Int8Array is not defined
kangax-es2016/exponentiation.assignment.js: OK
kangax-es2016/exponentiation.basic.js: OK
kangax-es2016/exponentiation.unary-negation-error.js: failed
kangax-es2016/misc.Proxy-Array-includes.js: ReferenceError: Proxy is not defined
kangax-es2016/misc.Proxy-enumerate-removed.js: ReferenceError: Proxy is not defined
kangax-es2016/misc.generator-no-new.js: failed
kangax-es2016/misc.generator-throw-inner.js: failed
kangax-es2016/misc.nested-rest-destructuring-decl.js: OK
kangax-es2016/misc.nested-rest-destructuring-params.js: OK
kangax-es2016/misc.strict-fn-non-simple-params-error.js: failed
kangax-es2017/Atomics.add.js: ReferenceError: Atomics is not defined
kangax-es2017/Atomics.and.js: ReferenceError: Atomics is not defined
kangax-es2017/Atomics.compareExchange.js: ReferenceError: Atomics is not defined
kangax-es2017/Atomics.exchange.js: ReferenceError: Atomics is not defined
kangax-es2017/Atomics.isLockFree.js: ReferenceError: Atomics is not defined
kangax-es2017/Atomics.load.js: ReferenceError: Atomics is not defined
kangax-es2017/Atomics.notify.js: ReferenceError: Atomics is not defined
kangax-es2017/Atomics.or.js: ReferenceError: Atomics is not defined
kangax-es2017/Atomics.store.js: ReferenceError: Atomics is not defined
kangax-es2017/Atomics.sub.js: ReferenceError: Atomics is not defined
kangax-es2017/Atomics.wait.js: ReferenceError: Atomics is not defined
kangax-es2017/Atomics.xor.js: ReferenceError: Atomics is not defined
kangax-es2017/Object.entries.js: OK
kangax-es2017/Object.getOwnPropertyDescriptors.js: failed
kangax-es2017/Object.getOwnPropertyDescriptors.no-undefined.js: ReferenceError: Proxy is not defined
kangax-es2017/Object.values.js: OK
kangax-es2017/SharedArrayBuffer.Symbol.species.js: ReferenceError: SharedArrayBuffer is not defined
kangax-es2017/SharedArrayBuffer.js: failed
kangax-es2017/SharedArrayBuffer.prototype.Symbol.toStringTag.js: ReferenceError: SharedArrayBuffer is not defined
kangax-es2017/SharedArrayBuffer.prototype.byteLength.js: ReferenceError: SharedArrayBuffer is not defined
kangax-es2017/SharedArrayBuffer.prototype.slice.js: ReferenceError: SharedArrayBuffer is not defined
kangax-es2017/String.prototype.padEnd.js: OK
kangax-es2017/String.prototype.padStart.js: OK
kangax-es2017/annex-b.Object.prototype.__defineGetter__.ToObject.js: ReferenceError: __defineGetter__ is not defined
kangax-es2017/annex-b.Object.prototype.__defineGetter__.js: TypeError: Cannot read property 'call' of xyz.lebster.core.value.globals.Undefined@0
kangax-es2017/annex-b.Object.prototype.__defineGetter__.symbols.js: TypeError: Cannot read property 'call' of xyz.lebster.core.value.globals.Undefined@0
kangax-es2017/annex-b.Object.prototype.__defineSetter__.ToObject.js: ReferenceError: __defineSetter__ is not defined
kangax-es2017/annex-b.Object.prototype.__defineSetter__.js: TypeError: Cannot read property 'call' of xyz.lebster.core.value.globals.Undefined@0
kangax-es2017/annex-b.Object.prototype.__defineSetter__.symbols.js: TypeError: Cannot read property 'call' of xyz.lebster.core.value.globals.Undefined@0
kangax-es2017/annex-b.Object.prototype.__lookupGetter__.ToObject.js: ReferenceError: __lookupGetter__ is not defined
kangax-es2017/annex-b.Object.prototype.__lookupGetter__.js: TypeError: Cannot read property 'call' of xyz.lebster.core.value.globals.Undefined@0
kangax-es2017/annex-b.Object.prototype.__lookupGetter__.prototype-chain.js: TypeError: Cannot read property 'call' of xyz.lebster.core.value.globals.Undefined@0
kangax-es2017/annex-b.Object.prototype.__lookupGetter__.shadow-accessors.js: TypeError: a.__defineGetter__ is not a function
kangax-es2017/annex-b.Object.prototype.__lookupGetter__.symbols.js: failed
kangax-es2017/annex-b.Object.prototype.__lookupSetter__.ToObject.js: ReferenceError: __lookupSetter__ is not defined
kangax-es2017/annex-b.Object.prototype.__lookupSetter__.js: TypeError: Cannot read property 'call' of xyz.lebster.core.value.globals.Undefined@0
kangax-es2017/annex-b.Object.prototype.__lookupSetter__.prototype-chain.js: TypeError: Cannot read property 'call' of xyz.lebster.core.value.globals.Undefined@0
kangax-es2017/annex-b.Object.prototype.__lookupSetter__.shadow-accessors.js: TypeError: a.__defineSetter__ is not a function
kangax-es2017/annex-b.Object.prototype.__lookupSetter__.symbols.js: failed
kangax-es2017/annex-b.Proxy.__defineGetter__.js: ReferenceError: Proxy is not defined
kangax-es2017/annex-b.Proxy.__defineSetter__.js: ReferenceError: Proxy is not defined
kangax-es2017/annex-b.Proxy.__lookupGetter__.js: ReferenceError: Proxy is not defined
kangax-es2017/annex-b.Proxy.__lookupSetter__.js: ReferenceError: Proxy is not defined
kangax-es2017/annex-b.for-in-assignment-non-strict.js: SyntaxError: Unexpected token ')', expected ';' (10:23)
kangax-es2017/async.Symbol.toStringTag.js: failed
kangax-es2017/async.arrow-in-class.js: failed
kangax-es2017/async.arrow.js: failed
kangax-es2017/async.await-non-promise.js: failed
kangax-es2017/async.await-rejection.js: failed
kangax-es2017/async.await.js: failed
kangax-es2017/async.constructor.js: failed
kangax-es2017/async.methods-class.js: failed
kangax-es2017/async.methods-object.js: failed
kangax-es2017/async.must-await-value.js: failed
kangax-es2017/async.no-await-in-params.js: failed
kangax-es2017/async.no-line-break.js: failed
kangax-es2017/async.no-prototype.js: failed
kangax-es2017/async.prototype-chain.js: failed
kangax-es2017/async.return.js: failed
kangax-es2017/async.throw.js: failed
kangax-es2017/misc.arguments-caller-removed.js: ReferenceError: arguments is not defined
kangax-es2017/regex.flags.u.case-folding.js: failed
kangax-es2017/trailing-comma.arguments.js: OK
kangax-es2017/trailing-comma.params.js: OK
kangax-es2018/Promise.prototype.finally.change-rejection.js: ReferenceError: Promise is not defined
kangax-es2018/Promise.prototype.finally.js: ReferenceError: Promise is not defined
kangax-es2018/Promise.prototype.finally.no-change-resolution.js: ReferenceError: Promise is not defined
kangax-es2018/async-iterators.for-await-of.js: failed
kangax-es2018/async-iterators.generators.js: failed
kangax-es2018/misc.Proxy-ownKeys-duplicate-keys.js: ReferenceError: Proxy is not defined
kangax-es2018/misc.template-literal-revision.js: failed
kangax-es2018/object-rest.js: OK
kangax-es2018/object-spread.js: OK
kangax-es2018/regex.flags.s.js: failed
kangax-es2018/regex.lookbehind.js: failed
kangax-es2018/regex.named-capture-groups.js: failed
kangax-es2018/regex.unicode-property-escapes.js: failed
kangax-es2018/regex.unicode-property-escapes.unicode-11.js: SyntaxError: Invalid regular expression '\\p{Extended_Pictographic}': Unknown character property name {Extended_Pictographic}
kangax-es2018/regex.unicode-property-escapes.unicode-12.1.js: SyntaxError: Invalid regular expression '\\p{Other_Symbol}': Unknown character property name {Other_Symbol}
kangax-es2018/regex.unicode-property-escapes.unicode-12.js: failed
kangax-es2018/regex.unicode-property-escapes.unicode-13.js: failed
kangax-es2018/regex.unicode-property-escapes.unicode-14.js: failed
kangax-es2018/regex.unicode-property-escapes.unicode-15.1.js: SyntaxError: Invalid regular expression '\\p{Unified_Ideograph}': Unknown character property name {Unified_Ideograph}
kangax-es2018/regex.unicode-property-escapes.unicode-15.js: failed
kangax-es2018/regex.unicode-property-escapes.unicode-16.0.js: failed
kangax-es2018/regex.unicode-property-escapes.unicode-17.0.js: SyntaxError: Invalid regular expression '\\p{Script=Sidetic}': Unknown Unicode property {name=<script>, value=<Sidetic>}
kangax-es2019/Array.prototype.flatMap.js: OK
kangax-es2019/Array.prototype.flat-flatMap.unscopables.js: TypeError: Cannot read property 'flat' of xyz.lebster.core.value.globals.Undefined@0
kangax-es2019/Array.prototype.flat.js: OK
kangax-es2019/Object.fromEntries.js: TypeError: Object.fromEntries call with non-array
kangax-es2019/String.prototype.trimEnd.js: OK
kangax-es2019/String.prototype.trimStart.js: OK
kangax-es2019/Symbol.prototype.description.empty.js: OK
kangax-es2019/Symbol.prototype.description.js: OK
kangax-es2019/Symbol.prototype.description.undefined.js: NullPointerException: Cannot invoke "xyz.lebster.core.value.Value.isStrictlyEqual(xyz.lebster.core.value.Value)" because "<local2>" is null
kangax-es2019/annex-b.String.prototype.trimLeft.js: TypeError: ' \t \n abc   \t\n'.trimLeft is not a function
kangax-es2019/annex-b.String.prototype.trimRight.js: TypeError: ' \t \n abc   \t\n'.trimRight is not a function
kangax-es2019/misc.Function-toString.Function-constructor.js: failed
kangax-es2019/misc.Function-toString.arrows.js: OK
kangax-es2019/misc.Function-toString.class-explicit-constructor.js: failed
kangax-es2019/misc.Function-toString.class-implicit-constructor.js: failed
kangax-es2019/misc.Function-toString.computed-names.js: failed
kangax-es2019/misc.Function-toString.native-code.js: failed
kangax-es2019/misc.Function-toString.unicode-escapes.js: SyntaxError: Unexpected token '\', expected '(' (1:23)
kangax-es2019/misc.JSON-stringify-well-formed.js: OK
kangax-es2019/misc.JSON-superset.line-separator.js: OK
kangax-es2019/misc.JSON-superset.paragraph-separator.js: OK
kangax-es2019/misc.optional-catch-binding.await.js: failed
kangax-es2019/misc.optional-catch-binding.js: OK
kangax-es2019/misc.optional-catch-binding.yield.js: failed
kangax-es2020/BigInt64Array.js: ReferenceError: ArrayBuffer is not defined
kangax-es2020/BigInt.asIntN.js: failed
kangax-es2020/BigInt.asUintN.js: failed
kangax-es2020/BigInt.constructor.js: OK
kangax-es2020/BigInt.js: OK
kangax-es2020/BigUint64Array.js: ReferenceError: ArrayBuffer is not defined
kangax-es2020/DataView.prototype.getBigInt64.js: ReferenceError: ArrayBuffer is not defined
kangax-es2020/DataView.prototype.getBigUint64.js: ReferenceError: ArrayBuffer is not defined
kangax-es2020/Promise.allSettled.js: ReferenceError: Promise is not defined
kangax-es2020/String.prototype.matchAll.js: failed
kangax-es2020/String.prototype.matchAll.throws-non-global.js: failed
kangax-es2020/globalThis.descriptor.js: failed
kangax-es2020/globalThis.js: failed
kangax-es2020/nullish-coalescing.js: ReferenceError: isNaN is not defined
kangax-es2020/optional-chaining.bracket.js: failed
kangax-es2020/optional-chaining.function-call.js: failed
kangax-es2020/optional-chaining.method-call.js: failed
kangax-es2020/optional-chaining.property.js: failed
kangax-es2020/optional-chaining.spread-params.js: failed
kangax-es2021/FinalizationRegistry.js: ReferenceError: FinalizationRegistry is not defined
kangax-es2021/Promise.any.AggregateError.js: ReferenceError: Promise is not defined
kangax-es2021/Promise.any.fulfillment.js: ReferenceError: Promise is not defined
kangax-es2021/String.prototype.replaceAll.js: OK
kangax-es2021/WeakRef.js: ReferenceError: WeakRef is not defined
kangax-es2021/logical-assignment.and.js: OK
kangax-es2021/logical-assignment.and.setter-not-invoked.js: OK
kangax-es2021/logical-assignment.and.short-circuit.js: OK
kangax-es2021/logical-assignment.nullish.js: OK
kangax-es2021/logical-assignment.nullish.setter-not-invoked.js: failed
kangax-es2021/logical-assignment.nullish.short-circuit.js: OK
kangax-es2021/logical-assignment.or.js: OK
kangax-es2021/logical-assignment.or.setter-not-invoked.js: failed
kangax-es2021/logical-assignment.or.short-circuit.js: OK
kangax-es2021/numeric-separators.js: OK
kangax-es2022/Error.cause.AggregateError-prototype-lacks.js: ReferenceError: AggregateError is not defined
kangax-es2022/Error.cause.AggregateError.js: ReferenceError: AggregateError is not defined
kangax-es2022/Error.cause.Error-prototype-lacks.js: OK
kangax-es2022/Error.cause.Error.js: failed
kangax-es2022/Error.cause.EvalError-prototype-lacks.js: ReferenceError: EvalError is not defined
kangax-es2022/Error.cause.EvalError.js: ReferenceError: EvalError is not defined
kangax-es2022/Error.cause.RangeError-prototype-lacks.js: OK
kangax-es2022/Error.cause.RangeError.js: failed
kangax-es2022/Error.cause.ReferenceError-prototype-lacks.js: OK
kangax-es2022/Error.cause.ReferenceError.js: failed
kangax-es2022/Error.cause.SyntaxError-prototype-lacks.js: OK
kangax-es2022/Error.cause.SyntaxError.js: failed
kangax-es2022/Error.cause.TypeError-prototype-lacks.js: OK
kangax-es2022/Error.cause.TypeError.js: failed
kangax-es2022/Error.cause.URIError-prototype-lacks.js: ReferenceError: URIError is not defined
kangax-es2022/Error.cause.URIError.js: ReferenceError: URIError is not defined
kangax-es2022/Object.hasOwn.ToObject-first.js: OK
kangax-es2022/Object.hasOwn.js: OK
kangax-es2022/at-method.Array.js: OK
kangax-es2022/at-method.String.js: OK
kangax-es2022/at-method.TypedArray.js: failed
kangax-es2022/class-fields.computed-instance.js: failed
kangax-es2022/class-fields.computed-static.js: failed
kangax-es2022/class-fields.instance.parent-scope.js: failed
kangax-es2022/class-fields.private-instance.initializers.js: failed
kangax-es2022/class-fields.private-instance.js: failed
kangax-es2022/class-fields.private-instance.optional-access.js: failed
kangax-es2022/class-fields.private-instance.optional-deep-access.js: failed
kangax-es2022/class-fields.private-static.js: failed
kangax-es2022/class-fields.public-instance.js: failed
kangax-es2022/class-fields.public-static.js: failed
kangax-es2022/class-fields.static.define.js: failed
kangax-es2022/class-methods.private-accessor.js: failed
kangax-es2022/class-methods.private-instance.js: failed
kangax-es2022/class-methods.private-static-accessor.js: failed
kangax-es2022/class-methods.private-static.js: failed
kangax-es2022/class-static-init-blocks.js: failed
kangax-es2022/ergonomic-brand-checks.js: failed
kangax-es2022/regex.flags.d.constructor.js: OK
kangax-es2022/regex.flags.d.shows-in-flags.js: Uncaught ReferenceError: global is not defined
kangax-es2023/Array.prototype.findLastIndex.js: OK
kangax-es2023/Array.prototype.findLast.js: OK
kangax-es2023/Array.prototype.toReversed.js: OK
kangax-es2023/Array.prototype.toSorted.js: OK
kangax-es2023/Array.prototype.toSpliced.js: OK
kangax-es2023/Array.prototype.with.js: OK
kangax-es2023/TypedArray.prototype.toReversed.js: ReferenceError: Uint8Array is not defined
kangax-es2023/TypedArray.prototype.toSorted.js: ReferenceError: Uint8Array is not defined
kangax-es2023/TypedArray.prototype.with.js: ReferenceError: Uint8Array is not defined
kangax-es2023/hashbang.js: OK
kangax-es2024/ArrayBuffer.prototype.detached.js: ReferenceError: Uint8Array is not defined
kangax-es2024/ArrayBuffer.prototype.transferToFixedLength.js: ReferenceError: Uint8Array is not defined
kangax-es2024/ArrayBuffer.prototype.transfer.js: ReferenceError: Uint8Array is not defined
kangax-es2024/Map.groupBy.js: OK
kangax-es2024/Object.groupBy.js: OK
kangax-es2024/Promise.withResolvers.js: ReferenceError: Promise is not defined
kangax-es2024/regex.flags.v.constructor.js: OK
kangax-es2024/regex.flags.v.properties-of-strings.js: SyntaxError: Invalid regular expression '^\\p{Emoji_Keycap_Sequence}$': Unknown character property name {Emoji_Keycap_Sequence}
kangax-es2024/regex.flags.v.set-notations.js: SyntaxError: Invalid regular expression '[\\p{ASCII}&&\\p{Decimal_Number}]': Unknown character property name {Decimal_Number}
kangax-es2024/regex.flags.v.shows-in-flags.js: ReferenceError: Proxy is not defined
kangax-es2024/regex.flags.v.unicode-15.1.js: SyntaxError: Invalid regular expression '^\\p{RGI_Emoji}$': Unknown character property name {RGI_Emoji}
kangax-es2024/regex.flags.v.unicode-16.0.js: SyntaxError: Invalid regular expression '^\\p{RGI_Emoji}$': Unknown character property name {RGI_Emoji}
kangax-es2024/regex.flags.v.unicode-17.0.js: SyntaxError: Invalid regular expression '^\\p{RGI_Emoji}$': Unknown character property name {RGI_Emoji}
kangax-es2025/Iterator.extends.js: failed
kangax-es2025/Iterator.from.iterable.js: TypeError: Iterator.from is not a function
kangax-es2025/Iterator.from.iterator.js: TypeError: Iterator.from is not a function
kangax-es2025/Iterator.instanceof.js: OK
kangax-es2025/Iterator.prototype.Symbol.toStringTag.js: failed
kangax-es2025/Iterator.prototype.drop.js: OK
kangax-es2025/Iterator.prototype.every.js: OK
kangax-es2025/Iterator.prototype.filter.js: OK
kangax-es2025/Iterator.prototype.find.js: OK
kangax-es2025/Iterator.prototype.flatMap.js: failed
kangax-es2025/Iterator.prototype.forEach.js: OK
kangax-es2025/Iterator.prototype.map.js: OK
kangax-es2025/Iterator.prototype.reduce.js: OK
kangax-es2025/Iterator.prototype.some.js: OK
kangax-es2025/Iterator.prototype.take.js: OK
kangax-es2025/Iterator.prototype.toArray.js: OK
kangax-es2025/Promise.try.js: ReferenceError: Promise is not defined
kangax-es2025/RegExp.escape.js: TypeError: RegExp.escape is not a function
kangax-es2025/Set.prototype.difference.js: OK
kangax-es2025/Set.prototype.intersection.js: OK
kangax-es2025/Set.prototype.isDisjointFrom.js: OK
kangax-es2025/Set.prototype.isSubsetOf.js: OK
kangax-es2025/Set.prototype.isSupersetOf.js: OK
kangax-es2025/Set.prototype.symmetricDifference.js: OK
kangax-es2025/Set.prototype.union.js: OK
kangax-es2025/regex.duplicate-named-groups.js: SyntaxError: Invalid regular expression '(?<year>[0-9]{4})-[0-9]{2}|[0-9]{2}-(?<year>[0-9]{4})': Named capturing group <year> is already defined
kangax-es2025/regex.pattern-modifiers.i.js: failed
kangax-es2025/regex.pattern-modifiers.m.js: failed
kangax-es2025/regex.pattern-modifiers.s.js: failed
kangax-intl/Array.prototype.toLocaleString.js: OK
kangax-intl/Date.prototype.toLocaleDateString.js: ReferenceError: Date is not defined
kangax-intl/Date.prototype.toLocaleString.js: ReferenceError: Date is not defined
kangax-intl/Date.prototype.toLocaleTimeString.js: ReferenceError: Date is not defined
kangax-intl/Intl.Collator.js: ReferenceError: Intl is not defined
kangax-intl/Intl.Collator.new-instances.js: ReferenceError: Intl is not defined
kangax-intl/Intl.Collator.prototype.compare.js: ReferenceError: Intl is not defined
kangax-intl/Intl.Collator.prototype.resolvedOptions.js: ReferenceError: Intl is not defined
kangax-intl/Intl.Collator.rejects-invalid-tags.js: ReferenceError: Intl is not defined
kangax-intl/Intl.Collator.valid-tags.js: failed
kangax-intl/Intl.Collator.without-new.js: ReferenceError: Intl is not defined
kangax-intl/Intl.DateTimeFormat.iana-timezones.js: failed
kangax-intl/Intl.DateTimeFormat.js: ReferenceError: Intl is not defined
kangax-intl/Intl.DateTimeFormat.new-instances.js: ReferenceError: Intl is not defined
kangax-intl/Intl.DateTimeFormat.rejects-invalid-tags.js: ReferenceError: Intl is not defined
kangax-intl/Intl.DateTimeFormat.resolvedOptions.timeZone-default.js: ReferenceError: Intl is not defined
kangax-intl/Intl.DateTimeFormat.valid-tags.js: failed
kangax-intl/Intl.DateTimeFormat.without-new.js: ReferenceError: Intl is not defined
kangax-intl/Intl.NumberFormat.js: ReferenceError: Intl is not defined
kangax-intl/Intl.NumberFormat.new-instances.js: ReferenceError: Intl is not defined
kangax-intl/Intl.NumberFormat.rejects-invalid-tags.js: ReferenceError: Intl is not defined
kangax-intl/Intl.NumberFormat.valid-tags.js: failed
kangax-intl/Intl.NumberFormat.without-new.js: ReferenceError: Intl is not defined
kangax-intl/Intl.js: failed
kangax-intl/Intl.prototype.js: ReferenceError: Intl is not defined
kangax-intl/Number.prototype.toLocaleString.js: OK
kangax-intl/Object.prototype.toLocaleString.js: OK
kangax-intl/String.prototype.localeCompare.js: OK
