Metadata: {"arch": "arm64", "binary_sha256": "afd696503d9a4e583ea90b3b91261529e939820e9a1b920c78fe9c2b833740a8", "binary_size": 1509656, "engine": "rapidus", "repository": "https://github.com/maekawatoshiki/rapidus.git", "revision": "e2cbce0e2ee7bb640df056d790e7d5e61fde94e0", "revision_date": "2023-02-25", "rustc": "rustc 1.91.0 (f8297e351 2025-10-28)"}
es1/Array.js: Array.length failed
es1/Array.length.assignment.js: OK
es1/Array.length.js: OK
es1/Array.prototype.constructor.js: OK
es1/Array.prototype.join.generic.js: Runtime error: Array.prototype.join.generic.js:13:13: Uncaught Exception Error(Unknown)
es1/Array.prototype.join.js: OK
es1/Array.prototype.reverse.generic.js: Runtime error: Array.prototype.reverse.generic.js:13:0: Uncaught Exception Error(Type error: Not a function)
es1/Array.prototype.reverse.js: Runtime error: Array.prototype.reverse.js:9:9: Uncaught Exception Error(Type error: Not a function)
es1/Array.prototype.sort.generic.js: Runtime error: Array.prototype.sort.generic.js:14:0: Uncaught Exception Error(Type error: Not a function)
es1/Array.prototype.sort.js: Runtime error: Array.prototype.sort.js:9:9: Uncaught Exception Error(Type error: Not a function)
es1/Array.prototype.toString.js: Runtime error: Array.prototype.toString.js:9:9: Uncaught Exception Error(Type error: Not a function)
es1/Boolean.js: Runtime error: Boolean.js:12:9: Uncaught Exception Error(Reference error: 'Boolean' is not defined)
es1/Boolean.prototype.constructor.js: Runtime error: Boolean.prototype.constructor.js:8:4: Uncaught Exception Error(Reference error: 'Boolean' is not defined)
es1/Boolean.prototype.toString.js: Runtime error: Boolean.prototype.toString.js:8:13: Uncaught Exception Error(Reference error: 'Boolean' is not defined)
es1/Boolean.prototype.valueOf.js: Runtime error: Boolean.prototype.valueOf.js:8:13: Uncaught Exception Error(Reference error: 'Boolean' is not defined)
es1/Date.diff.js: failed
es1/Date.js: typeof Date() != 'string'; Runtime error: Date.js:26:4: Uncaught Exception Error(Type error: Not a function)
es1/Date.prototype.constructor.js: OK
es1/Date.prototype.getDate.js: Runtime error: Date.prototype.getDate.js:7:4: Uncaught Exception Error(Type error: Not a function)
es1/Date.prototype.getDay.js: Runtime error: Date.prototype.getDay.js:7:4: Uncaught Exception Error(Type error: Not a function)
es1/Date.prototype.getFullYear.js: Runtime error: Date.prototype.getFullYear.js:7:4: Uncaught Exception Error(Type error: Not a function)
es1/Date.prototype.getHours.js: failed
es1/Date.prototype.getMilliseconds.js: Runtime error: Date.prototype.getMilliseconds.js:7:4: Uncaught Exception Error(Type error: Not a function)
es1/Date.prototype.getMinutes.js: failed
es1/Date.prototype.getMonth.js: Runtime error: Date.prototype.getMonth.js:7:4: Uncaught Exception Error(Type error: Not a function)
es1/Date.prototype.getSeconds.js: Runtime error: Date.prototype.getSeconds.js:7:4: Uncaught Exception Error(Type error: Not a function)
es1/Date.prototype.getTimezoneOffset.js: Runtime error: Date.prototype.getTimezoneOffset.js:7:11: Uncaught Exception Error(Type error: Not a function)
es1/Date.prototype.getTime.js: Runtime error: Date.prototype.getTime.js:8:4: Uncaught Exception Error(Type error: Not a function)
es1/Date.prototype.getUTCDate.js: Runtime error: Date.prototype.getUTCDate.js:6:17: Uncaught Exception Error(Type error: Not a function)
es1/Date.prototype.getUTCDay.js: Runtime error: Date.prototype.getUTCDay.js:6:17: Uncaught Exception Error(Type error: Not a function)
es1/Date.prototype.getUTCFullYear.js: Runtime error: Date.prototype.getUTCFullYear.js:6:17: Uncaught Exception Error(Type error: Not a function)
es1/Date.prototype.getUTCHours.js: Runtime error: Date.prototype.getUTCHours.js:6:17: Uncaught Exception Error(Type error: Not a function)
es1/Date.prototype.getUTCMilliseconds.js: Runtime error: Date.prototype.getUTCMilliseconds.js:6:17: Uncaught Exception Error(Type error: Not a function)
es1/Date.prototype.getUTCMinutes.js: Runtime error: Date.prototype.getUTCMinutes.js:6:17: Uncaught Exception Error(Type error: Not a function)
es1/Date.prototype.getUTCMonth.js: Runtime error: Date.prototype.getUTCMonth.js:6:17: Uncaught Exception Error(Type error: Not a function)
es1/Date.prototype.getUTCSeconds.js: Runtime error: Date.prototype.getUTCSeconds.js:6:17: Uncaught Exception Error(Type error: Not a function)
es1/Date.prototype.setDate.js: Runtime error: Date.prototype.setDate.js:7:0: Uncaught Exception Error(Type error: Not a function)
es1/Date.prototype.setFullYear.js: Runtime error: Date.prototype.setFullYear.js:7:0: Uncaught Exception Error(Type error: Not a function)
es1/Date.prototype.setHours.js: Runtime error: Date.prototype.setHours.js:7:0: Uncaught Exception Error(Type error: Not a function)
es1/Date.prototype.setMilliseconds.js: Runtime error: Date.prototype.setMilliseconds.js:7:0: Uncaught Exception Error(Type error: Not a function)
es1/Date.prototype.setMinutes.js: Runtime error: Date.prototype.setMinutes.js:7:0: Uncaught Exception Error(Type error: Not a function)
es1/Date.prototype.setMonth.js: Runtime error: Date.prototype.setMonth.js:7:0: Uncaught Exception Error(Type error: Not a function)
es1/Date.prototype.setSeconds.js: Runtime error: Date.prototype.setSeconds.js:7:0: Uncaught Exception Error(Type error: Not a function)
es1/Date.prototype.setTime.js: Runtime error: Date.prototype.setTime.js:7:0: Uncaught Exception Error(Type error: Not a function)
es1/Date.prototype.setUTCDate.js: Runtime error: Date.prototype.setUTCDate.js:6:17: Uncaught Exception Error(Type error: Not a function)
es1/Date.prototype.setUTCFullYear.js: Runtime error: Date.prototype.setUTCFullYear.js:6:17: Uncaught Exception Error(Type error: Not a function)
es1/Date.prototype.setUTCHours.js: Runtime error: Date.prototype.setUTCHours.js:6:17: Uncaught Exception Error(Type error: Not a function)
es1/Date.prototype.setUTCMilliseconds.js: Runtime error: Date.prototype.setUTCMilliseconds.js:6:17: Uncaught Exception Error(Type error: Not a function)
es1/Date.prototype.setUTCMinutes.js: Runtime error: Date.prototype.setUTCMinutes.js:6:17: Uncaught Exception Error(Type error: Not a function)
es1/Date.prototype.setUTCMonth.js: Runtime error: Date.prototype.setUTCMonth.js:6:17: Uncaught Exception Error(Type error: Not a function)
es1/Date.prototype.setUTCSeconds.js: Runtime error: Date.prototype.setUTCSeconds.js:6:17: Uncaught Exception Error(Type error: Not a function)
es1/Date.prototype.toLocaleString.js: Runtime error: Date.prototype.toLocaleString.js:7:11: Uncaught Exception Error(Type error: Not a function)
es1/Date.prototype.toString.js: Runtime error: Date.prototype.toString.js:7:11: Uncaught Exception Error(Type error: Not a function)
es1/Date.prototype.toUTCString.js: Runtime error: Date.prototype.toUTCString.js:7:11: Uncaught Exception Error(Type error: Not a function)
es1/Date.prototype.valueOf.js: Runtime error: Date.prototype.valueOf.js:8:4: Uncaught Exception Error(Type error: Not a function)
es1/Function.js: new Function with body failed; new Function with parameter failed; new Function with two parameters failed; Function as function failed
es1/Function.length.js: Function.length failed
es1/Function.prototype.constructor.js: OK
es1/Function.prototype.js: OK
es1/Function.prototype.toString.js: Runtime error: Function.prototype.toString.js:11:9: Uncaught Exception Error(Type error: Not a function)
es1/Math.E.js: failed
es1/Math.LN2.js: failed
es1/Math.LN10.js: failed
es1/Math.LOG2E.js: failed
es1/Math.LOG10E.js: failed
es1/Math.PI.js: failed
es1/Math.SQRT1_2.js: failed
es1/Math.SQRT2.js: failed
es1/Math.abs.js: Runtime error: Math.abs.js:6:4: Uncaught Exception Error(Type error: Not a function)
es1/Math.acos.js: Runtime error: Math.acos.js:6:4: Uncaught Exception Error(Type error: Not a function)
es1/Math.asin.js: Runtime error: Math.asin.js:6:4: Uncaught Exception Error(Type error: Not a function)
es1/Math.atan2.js: Runtime error: Math.atan2.js:6:4: Uncaught Exception Error(Type error: Not a function)
es1/Math.atan.js: Runtime error: Math.atan.js:6:4: Uncaught Exception Error(Type error: Not a function)
es1/Math.ceil.js: Runtime error: Math.ceil.js:6:4: Uncaught Exception Error(Type error: Not a function)
es1/Math.cos.js: Runtime error: Math.cos.js:6:4: Uncaught Exception Error(Type error: Not a function)
es1/Math.exp.js: Runtime error: Math.exp.js:6:4: Uncaught Exception Error(Type error: Not a function)
es1/Math.floor.js: Runtime error: Math.floor.js:6:4: Uncaught Exception Error(Type error: Not a function)
es1/Math.log.js: Runtime error: Math.log.js:6:4: Uncaught Exception Error(Type error: Not a function)
es1/Math.max.js: Runtime error: Math.max.js:6:4: Uncaught Exception Error(Type error: Not a function)
es1/Math.min.js: Runtime error: Math.min.js:6:4: Uncaught Exception Error(Type error: Not a function)
es1/Math.pow.js: Runtime error: Math.pow.js:6:4: Uncaught Exception Error(Type error: Not a function)
es1/Math.random.js: OK
es1/Math.round.js: Runtime error: Math.round.js:6:4: Uncaught Exception Error(Type error: Not a function)
es1/Math.sin.js: Runtime error: Math.sin.js:6:4: Uncaught Exception Error(Type error: Not a function)
es1/Math.sqrt.js: Runtime error: Math.sqrt.js:6:4: Uncaught Exception Error(Type error: Not a function)
es1/Math.tan.js: Runtime error: Math.tan.js:6:4: Uncaught Exception Error(Type error: Not a function)
es1/Number.MAX_VALUE.js: Runtime error: Number.MAX_VALUE.js:6:4: Uncaught Exception Error(Reference error: 'Number' is not defined)
es1/Number.MIN_VALUE.js: Runtime error: Number.MIN_VALUE.js:6:4: Uncaught Exception Error(Reference error: 'Number' is not defined)
es1/Number.NEGATIVE_INFINITY.js: Runtime error: Number.NEGATIVE_INFINITY.js:6:4: Uncaught Exception Error(Reference error: 'Number' is not defined)
es1/Number.NaN.js: Runtime error: Number.NaN.js:6:8: Uncaught Exception Error(Reference error: 'Number' is not defined)
es1/Number.POSITIVE_INFINITY.js: Runtime error: Number.POSITIVE_INFINITY.js:6:10: Uncaught Exception Error(Reference error: 'Number' is not defined)
es1/Number.js: Runtime error: Number.js:12:9: Uncaught Exception Error(Reference error: 'Number' is not defined)
es1/Number.prototype.constructor.js: Runtime error: Number.prototype.constructor.js:8:4: Uncaught Exception Error(Reference error: 'Number' is not defined)
es1/Number.prototype.toString.js: Runtime error: Number.prototype.toString.js:8:13: Uncaught Exception Error(Reference error: 'Number' is not defined)
es1/Number.prototype.valueOf.js: Runtime error: Number.prototype.valueOf.js:8:13: Uncaught Exception Error(Reference error: 'Number' is not defined)
es1/Object.js: Object(number) failed; new Object(string) failed
es1/Object.prototype.constructor.js: OK
es1/Object.prototype.toString.js: Runtime error: Object.prototype.toString.js:7:8: Uncaught Exception Error(Type error: Not a function)
es1/Object.prototype.valueOf.js: Runtime error: Object.prototype.valueOf.js:9:8: Uncaught Exception Error(Type error: Not a function)
es1/String.fromCharCode.js: Runtime error: String.fromCharCode.js:8:9: Uncaught Exception Error(Reference error: 'String' is not defined)
es1/String.generics.js: Runtime error: String.generics.js:21:13: Uncaught Exception Error(Reference error: 'String' is not defined)
es1/String.js: Runtime error: String.js:10:9: Uncaught Exception Error(Reference error: 'String' is not defined)
es1/String.length.js: Runtime error: String.length.js:22:13: Uncaught Exception Error(Reference error: 'String' is not defined)
es1/String.prototype.charAt.js: Runtime error: String.prototype.charAt.js:9:4: Uncaught Exception Error(Type error: Not a function)
es1/String.prototype.charCodeAt.js: Runtime error: String.prototype.charCodeAt.js:9:4: Uncaught Exception Error(Type error: Not a function)
es1/String.prototype.constructor.js: Runtime error: String.prototype.constructor.js:8:4: Uncaught Exception Error(Reference error: 'String' is not defined)
es1/String.prototype.indexOf.js: indexOf with position failed
es1/String.prototype.lastIndexOf.js: Runtime error: String.prototype.lastIndexOf.js:9:4: Uncaught Exception Error(Type error: Not a function)
es1/String.prototype.split.js: split('') failed
es1/String.prototype.substring.js: Runtime error: String.prototype.substring.js:10:4: Uncaught Exception Error(Type error: Not a function)
es1/String.prototype.toLowerCase.js: Runtime error: String.prototype.toLowerCase.js:9:4: Uncaught Exception Error(Type error: Not a function)
es1/String.prototype.toString.js: Runtime error: String.prototype.toString.js:6:12: Uncaught Exception Error(Reference error: 'String' is not defined)
es1/String.prototype.toUpperCase.js: Runtime error: String.prototype.toUpperCase.js:9:4: Uncaught Exception Error(Type error: Not a function)
es1/String.prototype.valueOf.js: Runtime error: String.prototype.valueOf.js:6:12: Uncaught Exception Error(Reference error: 'String' is not defined)
es1/annex-b.Date.prototype.getYear.js: Runtime error: annex-b.Date.prototype.getYear.js:9:11: Uncaught Exception Error(Type error: Not a function)
es1/annex-b.Date.prototype.setYear.js: Runtime error: annex-b.Date.prototype.setYear.js:9:0: Uncaught Exception Error(Type error: Not a function)
es1/annex-b.Date.prototype.toGMTString.js: Runtime error: annex-b.Date.prototype.toGMTString.js:9:11: Uncaught Exception Error(Type error: Not a function)
es1/annex-b.global.escape.js: Runtime error: annex-b.global.escape.js:9:8: Uncaught Exception Error(Reference error: 'escape' is not defined)
es1/annex-b.global.unescape.js: Runtime error: annex-b.global.unescape.js:9:8: Uncaught Exception Error(Reference error: 'unescape' is not defined)
es1/annex-b.literals.octal.js: OK
es1/annex-b.literals.string.octal.js: failed
es1/arguments.callee.js: OK
es1/arguments.js: OK
es1/asi.eval.js: Runtime error: asi.eval.js:6:8: Uncaught Exception Error(Reference error: 'eval' is not defined)
es1/asi.js: OK
es1/assignment.bitwise.js: Syntax error: assignment.bitwise.js:9:2: unexpected token.
es1/assignment.js: OK
es1/assignment.ltr.js: OK
es1/assignment.unsigned-shift.js: >>>= failed
es1/bitwise.binary.js: OK
es1/bitwise.shifts.js: OK
es1/bitwise.tilde.js: OK
es1/bitwise.unsigned-shift.js: -12345 >>> 2 != 1073738737 (got: 0); -12345 >>> 0 != 4294954951 (got: 0)
es1/break.js: OK
es1/comma.js: OK
es1/comments.js: Syntax error: comments.js:13:4: unexpected token.
es1/conditional.js: OK
es1/continue.js: OK
es1/conversions.ToBoolean.js: Runtime error: conversions.ToBoolean.js:31:4: Uncaught Exception Error(Reference error: 'Boolean' is not defined)
es1/conversions.ToInt32.js: 2^32-1 failed; 2^32 failed; 2^31 failed; -2^31-1 failed
es1/conversions.ToInteger.js: Runtime error: conversions.ToInteger.js:13:8: Uncaught Exception Error(Type error: Not a function)
es1/conversions.ToNumber.js: Runtime error: conversions.ToNumber.js:21:4: Uncaught Exception Error(Reference error: 'Number' is not defined)
es1/conversions.ToObject.js: true failed; false failed; 123 failed; 'hello' failed
es1/conversions.ToString.js: Runtime error: conversions.ToString.js:11:8: Uncaught Exception Error(Reference error: 'String' is not defined)
es1/conversions.ToUint32.js: 2^32 failed; -1 failed; -2^31 failed
es1/conversions.js: false != ''; '5' * '6' != 30; 123 * '' != 0; true * '5' != 5; false * 123 != 0; '6' / '5' != 1.2; false / 1 != 0; '5' % '6' != 5
es1/equals.js: OK
es1/eval.js: Runtime error: eval.js:5:8: Uncaught Exception Error(Reference error: 'eval' is not defined)
es1/for-in.js: Syntax error: for-in.js:9:13: expect ';' or line terminator
es1/for.js: OK
es1/function.js: OK
es1/global.Infinity.js: OK
es1/global.NaN.js: OK
es1/global.isFinite.js: Runtime error: global.isFinite.js:8:4: Uncaught Exception Error(Reference error: 'isFinite' is not defined)
es1/global.isNaN.js: Runtime error: global.isNaN.js:8:4: Uncaught Exception Error(Reference error: 'isNaN' is not defined)
es1/global.parseFloat.js: OK
es1/global.parseInt.hex.js: OK
es1/global.parseInt.js: OK
es1/global.parseInt.radix.js: OK
es1/literals.decimal.js: Syntax error: literals.decimal.js:16:4: unexpected token.
es1/literals.hex.js: OK
es1/literals.string.escapes.js: OK
es1/literals.string.hex.js: OK
es1/literals.string.js: OK
es1/literals.string.unicode.js: OK
es1/logical.js: OK
es1/new.typeof.js: Runtime error: new.typeof.js:6:12: Uncaught Exception Error(Reference error: 'String' is not defined)
es1/numbers.double.js: OK
es1/numbers.fmod.js: 5.5 % 2.5 failed; 7.2 % 3.0 failed; -5.5 % 2.5 sign failed
es1/numbers.inf.js: OK
es1/numbers.int.js: OK
es1/numbers.nan.js: OK
es1/postfix.decrement.js: OK
es1/postfix.increment.js: OK
es1/prefix.js: OK
es1/relational.js: OK
es1/return.js: OK
es1/return.typeof.js: OK
es1/this.js: OK
es1/typeof.js: OK
es1/typeof.null.js: OK
es1/typeof.undeclared.js: Runtime error: typeof.undeclared.js:6:15: Uncaught Exception Error(Reference error: 'a' is not defined)
es1/types.js: OK
es1/unary.decrement.js: OK
es1/unary.delete.js: thread 'main' panicked at 'not implemented', core/src/vm/codegen.rs:816:18
es1/unary.delete.var.js: thread 'main' panicked at 'not implemented', core/src/vm/codegen.rs:816:18
es1/unary.increment.js: OK
es1/unary.minus.js: OK
es1/unary.not.js: OK
es1/unary.plus.js: OK
es1/unary.plus.str.js: OK
es1/unary.tilde.js: OK
es1/var.js: OK
es1/var.typeof.js: OK
es1/void.js: thread 'main' panicked at 'not implemented', core/src/vm/codegen.rs:816:18
es1/void.typeof.js: thread 'main' panicked at 'not implemented', core/src/vm/codegen.rs:816:18
es1/while.js: OK
es1/with.js: Syntax error: with.js:15:5: unexpected token.
es3/Array.prototype.concat.js: Runtime error: Array.prototype.concat.js:14:14: Uncaught Exception Error(Type error: Not a function)
es3/Array.prototype.pop.generic.js: Runtime error: Array.prototype.pop.generic.js:13:14: Uncaught Exception Error(Unknown)
es3/Array.prototype.pop.js: OK
es3/Array.prototype.push.generic.js: Runtime error: Array.prototype.push.generic.js:12:11: Uncaught Exception Error(Unknown)
es3/Array.prototype.push.js: OK
es3/Array.prototype.shift.generic.js: Runtime error: Array.prototype.shift.generic.js:13:15: Uncaught Exception Error(Type error: TypeError: Cannot read property 'call' of undefined)
es3/Array.prototype.shift.js: Runtime error: Array.prototype.shift.js:12:15: Uncaught Exception Error(Type error: Not a function)
es3/Array.prototype.slice.generic.js: Runtime error: Array.prototype.slice.generic.js:14:14: Uncaught Exception Error(Type error: TypeError: Cannot read property 'call' of undefined)
es3/Array.prototype.slice.js: Runtime error: Array.prototype.slice.js:13:14: Uncaught Exception Error(Type error: Not a function)
es3/Array.prototype.splice.generic.js: Runtime error: Array.prototype.splice.generic.js:14:15: Uncaught Exception Error(Type error: TypeError: Cannot read property 'call' of undefined)
es3/Array.prototype.splice.js: Runtime error: Array.prototype.splice.js:13:15: Uncaught Exception Error(Type error: Not a function)
es3/Array.prototype.toLocaleString.js: Runtime error: Array.prototype.toLocaleString.js:12:9: Uncaught Exception Error(Type error: Not a function)
es3/Array.prototype.unshift.generic.js: Runtime error: Array.prototype.unshift.generic.js:12:11: Uncaught Exception Error(Type error: TypeError: Cannot read property 'call' of undefined)
es3/Array.prototype.unshift.js: Runtime error: Array.prototype.unshift.js:11:11: Uncaught Exception Error(Type error: Not a function)
es3/Array.prototype.unshift.returns-new-length.js: Runtime error: Array.prototype.unshift.returns-new-length.js:9:15: Uncaught Exception Error(Type error: Not a function)
es3/Date.prototype.toDateString.js: Runtime error: Date.prototype.toDateString.js:7:14: Uncaught Exception Error(Type error: Not a function)
es3/Date.prototype.toLocaleDateString.js: Runtime error: Date.prototype.toLocaleDateString.js:11:10: Uncaught Exception Error(Type error: Not a function)
es3/Date.prototype.toLocaleString.js: Runtime error: Date.prototype.toLocaleString.js:11:10: Uncaught Exception Error(Type error: Not a function)
es3/Date.prototype.toLocaleTimeString.js: Runtime error: Date.prototype.toLocaleTimeString.js:11:10: Uncaught Exception Error(Type error: Not a function)
es3/Date.prototype.toTimeString.js: Runtime error: Date.prototype.toTimeString.js:7:14: Uncaught Exception Error(Type error: Not a function)
es3/Error.js: new Error failed; Error as function failed; Error without message failed
es3/Error.prototype.constructor.js: OK
es3/Error.prototype.message.js: failed
es3/Error.prototype.name.js: failed
es3/Error.prototype.toString.js: Runtime error: Error.prototype.toString.js:7:11: Uncaught Exception Error(Type error: Not a function)
es3/Function.prototype.apply.js: Runtime error: Function.prototype.apply.js:12:14: Uncaught Exception Error(Type error: Not a function)
es3/Function.prototype.call.js: OK
es3/Math.max.variadic.js: Runtime error: Math.max.variadic.js:8:14: Uncaught Exception Error(Type error: Not a function)
es3/Math.min.variadic.js: Runtime error: Math.min.variadic.js:8:14: Uncaught Exception Error(Type error: Not a function)
es3/Number.prototype.toExponential.edge-cases.js: NaN.toExponential(Infinity) throws; Infinity.toExponential(Infinity) throws
es3/Number.prototype.toExponential.js: Runtime error: Number.prototype.toExponential.js:9:14: Uncaught Exception Error(Type error: Not a function)
es3/Number.prototype.toExponential.rounding.js: Runtime error: Number.prototype.toExponential.rounding.js:13:12: Uncaught Exception Error(Type error: Not a function)
es3/Number.prototype.toExponential.throws-infinity.js: Syntax error: Number.prototype.toExponential.throws-infinity.js:13:8: expect ')' if (e instanceof RangeError) {
es3/Number.prototype.toFixed.js: Runtime error: Number.prototype.toFixed.js:9:14: Uncaught Exception Error(Type error: Not a function)
es3/Number.prototype.toLocaleString.js: Runtime error: Number.prototype.toLocaleString.js:7:14: Uncaught Exception Error(Type error: Not a function)
es3/Number.prototype.toPrecision.js: Runtime error: Number.prototype.toPrecision.js:9:14: Uncaught Exception Error(Type error: Not a function)
es3/Object.prototype.hasOwnProperty.js: Runtime error: Object.prototype.hasOwnProperty.js:18:4: Uncaught Exception Error(Type error: Not a function)
es3/Object.prototype.isPrototypeOf.js: Runtime error: Object.prototype.isPrototypeOf.js:14:4: Uncaught Exception Error(Type error: Not a function)
es3/Object.prototype.propertyIsEnumerable.js: Runtime error: Object.prototype.propertyIsEnumerable.js:11:4: Uncaught Exception Error(Type error: Not a function)
es3/Object.prototype.toLocaleString.js: Runtime error: Object.prototype.toLocaleString.js:9:9: Uncaught Exception Error(Type error: Not a function)
es3/RegExp.global.js: Syntax error: RegExp.global.js:22:10: unexpected token.
es3/RegExp.ignoreCase.js: Syntax error: RegExp.ignoreCase.js:22:10: unexpected token.
es3/RegExp.js: Runtime error: RegExp.js:9:13: Uncaught Exception Error(Reference error: 'RegExp' is not defined)
es3/RegExp.lastIndex.js: Runtime error: RegExp.lastIndex.js:8:13: Uncaught Exception Error(Reference error: 'RegExp' is not defined)
es3/RegExp.multiline.js: Syntax error: RegExp.multiline.js:22:10: unexpected token.
es3/RegExp.prototype.constructor.js: Runtime error: RegExp.prototype.constructor.js:6:4: Uncaught Exception Error(Reference error: 'RegExp' is not defined)
es3/RegExp.prototype.exec.js: Runtime error: RegExp.prototype.exec.js:8:13: Uncaught Exception Error(Reference error: 'RegExp' is not defined)
es3/RegExp.prototype.test.js: Runtime error: RegExp.prototype.test.js:8:13: Uncaught Exception Error(Reference error: 'RegExp' is not defined)
es3/RegExp.prototype.toString.js: Runtime error: RegExp.prototype.toString.js:8:13: Uncaught Exception Error(Reference error: 'RegExp' is not defined)
es3/RegExp.source.js: Runtime error: RegExp.source.js:6:13: Uncaught Exception Error(Reference error: 'RegExp' is not defined)
es3/String.prototype.concat.generic.js: Runtime error: String.prototype.concat.generic.js:6:14: Uncaught Exception Error(Reference error: 'Number' is not defined)
es3/String.prototype.concat.js: Runtime error: String.prototype.concat.js:9:14: Uncaught Exception Error(Type error: Not a function)
es3/String.prototype.localeCompare.js: Runtime error: String.prototype.localeCompare.js:9:14: Uncaught Exception Error(Type error: Not a function)
es3/String.prototype.match.generic.js: Syntax error: String.prototype.match.generic.js:7:46: unexpected token.
es3/String.prototype.match.js: Syntax error: String.prototype.match.js:9:23: unexpected token.
es3/String.prototype.replace.capture.js: Syntax error: String.prototype.replace.capture.js:9:20: unexpected token.
es3/String.prototype.replace.extra.js: Syntax error: String.prototype.replace.extra.js:9:20: unexpected token.
es3/String.prototype.replace.generic.js: Syntax error: String.prototype.replace.generic.js:46:45: unexpected token.
es3/String.prototype.replace.regex.js: Syntax error: String.prototype.replace.regex.js:9:25: unexpected token.
es3/String.prototype.replace.str.js: Runtime error: String.prototype.replace.str.js:9:14: Uncaught Exception Error(Type error: Not a function)
es3/String.prototype.search.generic.js: Syntax error: String.prototype.search.generic.js:7:47: unexpected token.
es3/String.prototype.search.js: Syntax error: String.prototype.search.js:9:24: unexpected token.
es3/String.prototype.search.str.js: Runtime error: String.prototype.search.str.js:9:14: Uncaught Exception Error(Type error: Not a function)
es3/String.prototype.slice.generic.js: Runtime error: String.prototype.slice.generic.js:6:14: Uncaught Exception Error(Reference error: 'Number' is not defined)
es3/String.prototype.slice.js: Runtime error: String.prototype.slice.js:9:14: Uncaught Exception Error(Type error: Not a function)
es3/String.prototype.split.bugs.js: Syntax error: String.prototype.split.bugs.js:68:15: unexpected token.
es3/String.prototype.split.limit.js: split with limit 2 failed; split with limit 0 failed; split with limit 3 failed; split with limit 1 failed
es3/String.prototype.split.regex.js: Syntax error: String.prototype.split.regex.js:9:23: unexpected token.
es3/String.prototype.toLocaleLowerCase.js: Runtime error: String.prototype.toLocaleLowerCase.js:7:10: Uncaught Exception Error(Type error: Not a function)
es3/String.prototype.toLocaleUpperCase.js: Runtime error: String.prototype.toLocaleUpperCase.js:7:10: Uncaught Exception Error(Type error: Not a function)
es3/annex-b.String.prototype.substr.js: Runtime error: annex-b.String.prototype.substr.js:12:8: Uncaught Exception Error(Type error: Not a function)
es3/do-while.js: Syntax error: do-while.js:9:3: unexpected token.
es3/function-expressions.IIFE.js: OK
es3/function-expressions.js: OK
es3/global.EvalError.js: Runtime error: global.EvalError.js:8:11: Uncaught Exception if (typeof EvalError == "function") { Error(Reference error: 'EvalError' is not defined)
es3/global.RangeError.js: Runtime error: global.RangeError.js:8:11: Uncaught Exception if (typeof RangeError == "function") { Error(Reference error: 'RangeError' is not defined)
es3/global.RangeError.thrown.js: crashed (signal 6); no exception for new Array with negative length; no exception for new Array with non-integer length; memory allocation of 171798691800 bytes failed
es3/global.ReferenceError.js: Runtime error: global.ReferenceError.js:8:11: Uncaught Exception if (typeof ReferenceError == "function") { Error(Reference error: 'ReferenceError' is not defined)
es3/global.ReferenceError.thrown.js: wrong exception for undeclared variable; wrong exception for undeclared function; wrong exception for undeclared in expression; wrong exception for property access on undeclared
es3/global.SyntaxError.js: Runtime error: global.SyntaxError.js:8:11: Uncaught Exception if (typeof SyntaxError == "function") { Error(Reference error: 'SyntaxError' is not defined)
es3/global.SyntaxError.thrown.js: wrong exception type; wrong exception for unclosed string; wrong exception for invalid token
es3/global.TypeError.js: Runtime error: global.TypeError.js:8:11: Uncaught Exception if (typeof TypeError == "function") { Error(Reference error: 'TypeError' is not defined)
es3/global.TypeError.thrown.js: Syntax error: global.TypeError.thrown.js:11:13: expect ';' or line terminator
es3/global.URIError.js: Runtime error: global.URIError.js:8:11: Uncaught Exception if (typeof URIError == "function") { Error(Reference error: 'URIError' is not defined)
es3/global.URIError.thrown.js: thread 'main' panicked at 'called `Result::unwrap()` on an `Err` value: "invalid sequence"', lexer/src/lib.rs:449:22
es3/global.decodeURIComponent.js: Runtime error: global.decodeURIComponent.js:8:15: Uncaught Exception Error(Reference error: 'decodeURIComponent' is not defined)
es3/global.decodeURI.js: Runtime error: global.decodeURI.js:8:15: Uncaught Exception Error(Reference error: 'decodeURI' is not defined)
es3/global.encodeURIComponent.js: Runtime error: global.encodeURIComponent.js:8:15: Uncaught Exception Error(Reference error: 'encodeURIComponent' is not defined)
es3/global.encodeURI.js: Runtime error: global.encodeURI.js:8:15: Uncaught Exception Error(Reference error: 'encodeURI' is not defined)
es3/global.undefined.js: OK
es3/identifiers.unicode.js: thread 'main' panicked at 'byte index 127 is not a char boundary; it is inside 'ж' (bytes 126..128) of `// ES3: 7.6 Identifiers console.log("es3/identifiers.unicode.js: cyrillic vars ж/ш failed")`[...]', /src/lexer/src/lib.rs:717:31
es3/instanceof.js: Syntax error: instanceof.js:9:8: expect ')'
es3/in.js: Syntax error: in.js:10:10: expect ')'
es3/labelled.break.js: thread 'main' panicked at 'not implemented: Label("loop1")', core/src/vm/codegen.rs:230:22
es3/labelled.continue.js: thread 'main' panicked at 'not implemented: Label("loop1")', core/src/vm/codegen.rs:230:22
es3/labelled.statements.js: thread 'main' panicked at 'not implemented: Label("label1")', core/src/vm/codegen.rs:230:22
es3/literals.array.elisions.js: OK
es3/literals.array.js: OK
es3/literals.array.trailing-comma.js: OK
es3/literals.object.decimal.js: OK
es3/literals.object.hex.js: OK
es3/literals.object.int.js: OK
es3/literals.object.js: OK
es3/literals.object.str.js: OK
es3/literals.object.unicode.js: thread 'main' panicked at 'not implemented', parser/src/lib.rs:1095:22
es3/literals.regex.ambiguous.js: Syntax error: literals.regex.ambiguous.js:19:12: unexpected token.
es3/literals.regex.empty.js: Syntax error: literals.regex.empty.js:8:9: unexpected token.
es3/literals.regex.js: Syntax error: literals.regex.js:6:9: unexpected token.
es3/literals.string.esc-v.js: OK
es3/nested-functions.eval.js: Runtime error: nested-functions.eval.js:23:9: Uncaught Exception Error(Reference error: 'eval' is not defined)
es3/nested-functions.js: OK
es3/regex.backref.js: Syntax error: regex.backref.js:9:9: unexpected token.
es3/regex.begin.js: Syntax error: regex.begin.js:9:4: unexpected token.
es3/regex.bracket.esc-b.js: Syntax error: regex.bracket.esc-b.js:7:4: unexpected token.
es3/regex.bracket.js: Syntax error: regex.bracket.js:10:9: unexpected token.
es3/regex.bracket.ranges.js: Syntax error: regex.bracket.ranges.js:10:4: unexpected token.
es3/regex.class.esc-d.js: Syntax error: regex.class.esc-d.js:11:4: unexpected token.
es3/regex.class.esc-s.js: Syntax error: regex.class.esc-s.js:11:4: unexpected token.
es3/regex.class.esc-w.js: Syntax error: regex.class.esc-w.js:11:4: unexpected token.
es3/regex.disjunction.js: Syntax error: regex.disjunction.js:8:9: unexpected token.
es3/regex.dot.js: Syntax error: regex.dot.js:9:9: unexpected token.
es3/regex.end.js: Syntax error: regex.end.js:9:4: unexpected token.
es3/regex.escape.control.js: Syntax error: regex.escape.control.js:9:4: unexpected token.
es3/regex.escape.hex.js: Syntax error: regex.escape.hex.js:9:9: unexpected token.
es3/regex.escape.js: Syntax error: regex.escape.js:10:9: unexpected token.
es3/regex.escape.nul.js: Syntax error: regex.escape.nul.js:7:8: unexpected token.
es3/regex.escape.unicode.js: Syntax error: regex.escape.unicode.js:9:9: unexpected token.
es3/regex.flag.global.js: Syntax error: regex.flag.global.js:9:21: unexpected token.
es3/regex.flag.ignorecase.js: Syntax error: regex.flag.ignorecase.js:9:9: unexpected token.
es3/regex.flag.multiline.js: Syntax error: regex.flag.multiline.js:10:9: unexpected token.
es3/regex.group.js: Syntax error: regex.group.js:9:9: unexpected token.
es3/regex.lookahead.js: Syntax error: regex.lookahead.js:9:9: unexpected token.
es3/regex.negative-lookahead.js: Syntax error: regex.negative-lookahead.js:9:25: invalid token
es3/regex.non-capturing-group.js: Syntax error: regex.non-capturing-group.js:9:9: unexpected token.
es3/regex.quantifier.exact.js: Syntax error: regex.quantifier.exact.js:9:9: unexpected token.
es3/regex.quantifier.maybe.js: Syntax error: regex.quantifier.maybe.js:9:9: unexpected token.
es3/regex.quantifier.min.js: Syntax error: regex.quantifier.min.js:9:9: unexpected token.
es3/regex.quantifier.plus.js: Syntax error: regex.quantifier.plus.js:9:9: unexpected token.
es3/regex.quantifier.range.js: Syntax error: regex.quantifier.range.js:9:9: unexpected token.
es3/regex.quantifier.star.js: Syntax error: regex.quantifier.star.js:9:9: unexpected token.
es3/regex.word-boundary.js: Syntax error: regex.word-boundary.js:10:4: unexpected token.
es3/source.line-terminators.js: timeout
es3/source.whitespace.js: timeout
es3/source.whitespace.unicode.js: timeout
es3/strict-equals.js: OK
es3/switch.js: Syntax error: switch.js:36:9: unexpected token.
es3/try-catch-finally.js: OK
es3/try-catch-throw.js: OK
es5/Array.isArray.js: Array.isArray not a function; Runtime error: Array.isArray.js:16:4: Uncaught Exception Error(Type error: Not a function)
es5/Array.prototype.every.js: Array.prototype.every not a function; Runtime error: Array.prototype.every.js:17:4: Uncaught Exception Error(Type error: Not a function)
es5/Array.prototype.filter.js: Array.prototype.filter not a function; Runtime error: Array.prototype.filter.js:17:13: Uncaught Exception Error(Type error: Not a function)
es5/Array.prototype.forEach.js: Array.prototype.forEach not a function; Runtime error: Array.prototype.forEach.js:18:0: Uncaught Exception Error(Type error: Not a function)
es5/Array.prototype.indexOf.js: Array.prototype.indexOf not a function; Runtime error: Array.prototype.indexOf.js:17:4: Uncaught Exception Error(Type error: Not a function)
es5/Array.prototype.lastIndexOf.js: Array.prototype.lastIndexOf not a function; Runtime error: Array.prototype.lastIndexOf.js:17:4: Uncaught Exception Error(Type error: Not a function)
es5/Array.prototype.map.js: OK
es5/Array.prototype.reduceRight.js: Array.prototype.reduceRight not a function; Runtime error: Array.prototype.reduceRight.js:17:13: Uncaught Exception Error(Type error: Not a function)
es5/Array.prototype.reduce.js: Array.prototype.reduce not a function; Runtime error: Array.prototype.reduce.js:17:10: Uncaught Exception Error(Type error: Not a function)
es5/Array.prototype.some.js: Array.prototype.some not a function; Runtime error: Array.prototype.some.js:17:4: Uncaught Exception Error(Type error: Not a function)
es5/Array.prototype.sort.TypeError.js: Syntax error: Array.prototype.sort.TypeError.js:35:12: unexpected token.
es5/Array.prototype.sort.undefined-comparefn.js: Runtime error: Array.prototype.sort.undefined-comparefn.js:10:13: Uncaught Exception Error(Type error: Not a function)
es5/Date.now.js: Date.now not a function; Runtime error: Date.now.js:16:11: Uncaught Exception Error(Type error: Not a function)
es5/Date.prototype.toISOString.js: Syntax error: Date.prototype.toISOString.js:45:8: expect ')' if (e instanceof RangeError) {
es5/Date.prototype.toJSON.js: Date.prototype.toJSON not a function; Runtime error: Date.prototype.toJSON.js:16:14: Uncaught Exception Error(Type error: TypeError: Cannot read property 'call' of undefined)
es5/Function.prototype-not-enumerable.js: Syntax error: Function.prototype-not-enumerable.js:25:13: expect ';' or line terminator
es5/Function.prototype.apply.array-like.js: array-like object not accepted
es5/Function.prototype.bind.js: Syntax error: Function.prototype.bind.js:44:30: expect ')'
es5/JSON.js: Runtime error: JSON.js:8:11: Uncaught Exception Error(Reference error: 'JSON' is not defined)
es5/JSON.parse.js: Syntax error: JSON.parse.js:73:10: expect ')' if (e instanceof SyntaxError) {
es5/JSON.parse.reviver.js: Syntax error: JSON.parse.reviver.js:30:31: expect ')'
es5/JSON.stringify.js: Syntax error: JSON.stringify.js:62:10: expect ')' if (e instanceof TypeError) {
es5/JSON.stringify.replacer.js: Runtime error: JSON.stringify.replacer.js:7:11: Uncaught Exception Error(Reference error: 'JSON' is not defined)
es5/JSON.stringify.space.js: Runtime error: JSON.stringify.space.js:7:11: Uncaught Exception Error(Reference error: 'JSON' is not defined)
es5/Object.create.js: Object.create not a function; Runtime error: Object.create.js:17:10: Uncaught Exception Error(Type error: Not a function)
es5/Object.defineProperties.js: Object.defineProperties not a function; Runtime error: Object.defineProperties.js:17:0: Uncaught Exception Error(Type error: Not a function)
es5/Object.defineProperty.js: Object.defineProperty not a function; Runtime error: Object.defineProperty.js:17:0: Uncaught Exception Error(Type error: Not a function)
es5/Object.freeze.js: thread 'main' panicked at 'not implemented', core/src/vm/codegen.rs:816:18
es5/Object.getOwnPropertyDescriptor.js: Object.getOwnPropertyDescriptor not a function; Runtime error: Object.getOwnPropertyDescriptor.js:17:11: Uncaught Exception Error(Type error: Not a function)
es5/Object.getOwnPropertyNames.js: Object.getOwnPropertyNames not a function; Runtime error: Object.getOwnPropertyNames.js:17:12: Uncaught Exception Error(Type error: Not a function)
es5/Object.getPrototypeOf.js: Object.getPrototypeOf not a function; Runtime error: Object.getPrototypeOf.js:17:10: Uncaught Exception Error(Type error: Not a function)
es5/Object.isExtensible.js: Object.isExtensible not a function; Runtime error: Object.isExtensible.js:17:4: Uncaught Exception Error(Type error: Not a function)
es5/Object.isFrozen.js: Object.isFrozen not a function; Runtime error: Object.isFrozen.js:17:4: Uncaught Exception Error(Type error: Not a function)
es5/Object.isSealed.js: Object.isSealed not a function; Runtime error: Object.isSealed.js:17:4: Uncaught Exception Error(Type error: Not a function)
es5/Object.keys.js: Object.keys not a function; Runtime error: Object.keys.js:17:11: Uncaught Exception Error(Type error: Not a function)
es5/Object.preventExtensions.js: thread 'main' panicked at 'not implemented', core/src/vm/codegen.rs:816:18
es5/Object.property-shadowing.js: Syntax error: Object.property-shadowing.js:12:11: expect ';' or line terminator
es5/Object.seal.js: thread 'main' panicked at 'not implemented', core/src/vm/codegen.rs:816:18
es5/String.indexing.js: thread 'main' panicked at 'called `Option::unwrap()` on a `None` value', core/src/vm/jsvalue/value.rs:379:64
es5/String.prototype.trim.js: Runtime error: String.prototype.trim.js:10:11: Uncaught Exception Error(Reference error: 'String' is not defined)
es5/arguments.toStringTag.js: Runtime error: arguments.toStringTag.js:11:9: Uncaught Exception Error(Type error: TypeError: Cannot read property 'call' of undefined)
es5/debugger.js: Syntax error: debugger.js:7:0: unexpected token.
es5/global.Infinity.immutable.js: OK
es5/global.NaN.immutable.js: Runtime error: global.NaN.immutable.js:25:6: Uncaught Exception Error(Type error: Not a function)
es5/global.parseInt.no-octal.js: OK
es5/global.undefined.immutable.js: thread 'main' panicked at 'not implemented', core/src/vm/codegen.rs:816:18
es5/literals.object.getters.js: OK
es5/literals.object.setters.js: OK
es5/literals.object.trailing-comma.js: OK
es5/source.keyword-properties.js: thread 'main' panicked at 'not implemented', parser/src/lib.rs:1095:22
es5/source.unreserved-words.js: Syntax error: source.unreserved-words.js:13:4: Expect identifier.
es5/source.whitespace.bom.js: OK
es5/source.zero-width-chars.js: Syntax error: source.zero-width-chars.js:11:5: expect ';' or line terminator
es5/strict.eval-cannot-create-bindings.js: Syntax error: strict.eval-cannot-create-bindings.js:22:24: expect ')' return e instanceof ReferenceError
es5/strict.function-expr-with-matching-name.js: failed
es5/strict.js: Syntax error: strict.js:16:24: expect ')' return e instanceof ReferenceError
es5/strict.no-arguments-callee.js: Syntax error: strict.no-arguments-callee.js:19:23: expect ')' if (!(e instanceof TypeError)) return false
es5/strict.no-arguments-caller.js: Syntax error: strict.no-arguments-caller.js:15:18: expect ')'
es5/strict.no-assignment-to-non-writable.js: Syntax error: strict.no-assignment-to-non-writable.js:19:21: expect ')' if (e instanceof TypeError) ok++
es5/strict.no-assignment-to-unresolvable.js: Syntax error: strict.no-assignment-to-unresolvable.js:19:24: expect ')' return e instanceof ReferenceError
es5/strict.no-delete-bindings.js: Syntax error: strict.no-delete-bindings.js:20:21: expect ')' if (e instanceof SyntaxError) ok++
es5/strict.no-delete-non-configurable.js: Syntax error: strict.no-delete-non-configurable.js:19:24: expect ')' return e instanceof TypeError
es5/strict.no-duplicate-parameters.js: Syntax error: strict.no-duplicate-parameters.js:21:21: expect ')' if (e instanceof SyntaxError) ok++
es5/strict.no-eval-or-arguments-assignment.js: Syntax error: strict.no-eval-or-arguments-assignment.js:20:21: expect ')' if (e instanceof SyntaxError) ok++
es5/strict.no-eval-or-arguments-bindings.js: Syntax error: strict.no-eval-or-arguments-bindings.js:29:21: expect ')' if (e instanceof SyntaxError) ok++
es5/strict.no-function-caller-or-arguments.js: Syntax error: strict.no-function-caller-or-arguments.js:20:21: expect ')' if (e instanceof TypeError) ok++
es5/strict.no-octal-literals.js: Syntax error: strict.no-octal-literals.js:24:21: expect ')' if (e instanceof SyntaxError) ok++
es5/strict.no-with.js: Syntax error: strict.no-with.js:18:24: expect ')' return e instanceof SyntaxError
es5/strict.reserved-words.js: Syntax error: strict.reserved-words.js:22:27: expect ')' if (!(err instanceof SyntaxError)) {
es5/strict.this-primitive-not-coerced-in-accessors.js: Runtime error: strict.this-primitive-not-coerced-in-accessors.js:23:12: Uncaught Exception Error(Reference error: 'String' is not defined)
es5/strict.this-primitive-not-coerced.js: OK
es5/strict.this-undefined-in-function.js: failed: outer 'this' is not undefined
es5/strict.unmapped-arguments.js: OK
es5/this.thrown-function.js: Syntax error: this.thrown-function.js:12:39: expect ')'
kangax-es5/Array.isArray.js: failed
kangax-es5/Array.prototype.every.js: failed
kangax-es5/Array.prototype.filter.js: failed
kangax-es5/Array.prototype.forEach.js: failed
kangax-es5/Array.prototype.indexOf.js: failed
kangax-es5/Array.prototype.lastIndexOf.js: failed
kangax-es5/Array.prototype.map.js: OK
kangax-es5/Array.prototype.reduceRight.js: failed
kangax-es5/Array.prototype.reduce.js: failed
kangax-es5/Array.prototype.some.js: failed
kangax-es5/Array.prototype.sort.compareFn-type.js: Syntax error: Array.prototype.sort.compareFn-type.js:25:16: unexpected token.
kangax-es5/Array.prototype.sort.compareFn-undefined.js: failed
kangax-es5/Array.prototype.unshift.return-count.js: [unimplemented]
kangax-es5/Date.now.js: failed
kangax-es5/Date.prototype.toISOString.js: failed
kangax-es5/Date.prototype.toJSON.js: failed
kangax-es5/Function.prototype.bind.js: failed
kangax-es5/JSON.js: [unimplemented]
kangax-es5/Number.prototype.toExponential.no-throw-edge-cases.js: failed
kangax-es5/Number.prototype.toExponential.rounds-properly.js: [unimplemented]
kangax-es5/Number.prototype.toExponential.throws-infinity.js: failed
kangax-es5/Object.create.js: failed
kangax-es5/Object.defineProperties.js: failed
kangax-es5/Object.defineProperty.js: failed
kangax-es5/Object.freeze.js: failed
kangax-es5/Object.getOwnPropertyDescriptor.js: failed
kangax-es5/Object.getOwnPropertyNames.js: failed
kangax-es5/Object.getPrototypeOf.js: failed
kangax-es5/Object.isExtensible.js: failed
kangax-es5/Object.isFrozen.js: failed
kangax-es5/Object.isSealed.js: failed
kangax-es5/Object.keys.js: failed
kangax-es5/Object.preventExtensions.js: failed
kangax-es5/Object.seal.js: failed
kangax-es5/String.property-access.js: OK
kangax-es5/String.prototype.split.js: Syntax error: String.prototype.split.js:16:18: unexpected token.
kangax-es5/String.prototype.trim.js: [unimplemented]
kangax-es5/annex-b.String.prototype.substr.js: [unimplemented]
kangax-es5/immutable-globals.Infinity.js: OK
kangax-es5/immutable-globals.NaN.js: [unimplemented]
kangax-es5/immutable-globals.undefined.js: thread 'main' panicked at 'not implemented', core/src/vm/codegen.rs:816:18
kangax-es5/literals.getter-accessors.js: OK
kangax-es5/literals.reserved-words-properties.js: thread 'main' panicked at 'not implemented', parser/src/lib.rs:1095:22
kangax-es5/literals.setter-accessors.js: OK
kangax-es5/literals.trailing-comma-array.js: OK
kangax-es5/literals.trailing-comma-object.js: OK
kangax-es5/misc.Arguments.toStringTag.js: [unimplemented]
kangax-es5/misc.Function.apply.array-likes.js: failed
kangax-es5/misc.Function.prototype.non-enumerable.js: [unimplemented]
kangax-es5/misc.enumerable-shadow.js: Syntax error: misc.enumerable-shadow.js:10:13: expect ';' or line terminator
kangax-es5/misc.parseInt.ignores-leading-zeros.js: OK
kangax-es5/misc.thrown-functions-this.js: Syntax error: misc.thrown-functions-this.js:9:36: expect ')'
kangax-es5/misc.unreserved-words.js: Syntax error: misc.unreserved-words.js:8:6: Expect identifier.
kangax-es5/misc.zero-width-identifiers.js: Syntax error: misc.zero-width-identifiers.js:8:7: expect ';' or line terminator
kangax-es5/strict.arguments-callee-error.js: Syntax error: strict.arguments-callee-error.js:10:66: expect ')' try { arguments.callee; return false; } catch (err) { if (!(err instanceof TypeError)) return false; }
kangax-es5/strict.arguments-caller-error.js: Syntax error: strict.arguments-caller-error.js:10:15: expect ')'
kangax-es5/strict.arguments-unmapped.js: OK
kangax-es5/strict.assignment-eval-arguments-error.js: Syntax error: strict.assignment-eval-arguments-error.js:10:71: expect ')' try { eval('eval = 1');      return false; } catch (err) { if (!(err instanceof SyntaxError)) return false; }
kangax-es5/strict.assignment-non-writable-error.js: Syntax error: strict.assignment-non-writable-error.js:10:105: expect ')' try { Object.defineProperty({},"x",{ writable: false }).x = 1; return false; } catch (err) { if (!(err instanceof TypeError)) return false; }
kangax-es5/strict.assignment-unresolvable-error.js: Syntax error: strict.assignment-unresolvable-error.js:10:74: unexpected token. try { eval('__i_dont_exist = 1'); } catch (err) { return err instanceof ReferenceError; }
kangax-es5/strict.delete-bindings-error.js: Syntax error: strict.delete-bindings-error.js:10:72: unexpected token. try { eval('var x; delete x;'); } catch (err) { return err instanceof SyntaxError; }
kangax-es5/strict.delete-non-configurable-error.js: Syntax error: strict.delete-non-configurable-error.js:10:71: unexpected token. try { delete Object.prototype; } catch (err) { return err instanceof TypeError; }
kangax-es5/strict.eval-arguments-bindings-error.js: Syntax error: strict.eval-arguments-bindings-error.js:10:81: expect ')' try { eval('var eval');                return false; } catch (err) { if (!(err instanceof SyntaxError)) return false; }
kangax-es5/strict.eval-no-bindings.js: Syntax error: strict.eval-no-bindings.js:10:107: unexpected token. try { eval('var __some_unique_variable;'); __some_unique_variable; } catch (err) { return err instanceof ReferenceError; }
kangax-es5/strict.function-caller-arguments-error.js: Syntax error: strict.function-caller-arguments-error.js:10:74: expect ')' try { (function(){}).caller;    return false; } catch (err) { if (!(err instanceof TypeError)) return false; }
kangax-es5/strict.function-expr-matching-name-arg.js: OK
kangax-es5/strict.legacy-octal-error.js: Syntax error: strict.legacy-octal-error.js:10:65: expect ')' try { eval('010');     return false; } catch (err) { if (!(err instanceof SyntaxError)) return false; }
kangax-es5/strict.repeated-params-error.js: Syntax error: strict.repeated-params-error.js:10:76: unexpected token. try { eval('function f(x, x) { }'); } catch (err) { return err instanceof SyntaxError; }
kangax-es5/strict.reserved-words.js: Syntax error: strict.reserved-words.js:12:75: expect ')' try { eval('var ' + words[i]); return false; } catch (err) { if (!(err instanceof SyntaxError)) return false; }
kangax-es5/strict.this-not-coerced-accessors.js: [unimplemented]
kangax-es5/strict.this-not-coerced-methods.js: OK
kangax-es5/strict.this-undefined.js: thread 'main' panicked at 'not implemented', core/src/vm/codegen.rs:816:18
kangax-es5/strict.with-error.js: Syntax error: strict.with-error.js:10:66: unexpected token. try { eval('with({}){}'); } catch (err) { return err instanceof SyntaxError; }
kangax-es6/Array.Symbol.species.js: Syntax error: Array.Symbol.species.js:11:18: unexpected token.
kangax-es6/Array.from.array-like.js: [unimplemented]
kangax-es6/Array.from.generator.js: Syntax error: Array.from.generator.js:9:27: expect ')'
kangax-es6/Array.from.iterable-instance.js: Runtime error: Array.from.iterable-instance.js:8:11: Uncaught Exception Error(Reference error: 'global' is not defined)
kangax-es6/Array.from.iterable.js: Runtime error: Array.from.iterable.js:8:11: Uncaught Exception Error(Reference error: 'global' is not defined)
kangax-es6/Array.from.iterator-closing.js: Runtime error: Array.from.iterator-closing.js:8:11: Uncaught Exception Error(Reference error: 'global' is not defined)
kangax-es6/Array.from.map.array-like.js: [unimplemented]
kangax-es6/Array.from.map.generator.js: Syntax error: Array.from.map.generator.js:9:27: expect ')'
kangax-es6/Array.from.map.iterable-instance.js: Runtime error: Array.from.map.iterable-instance.js:8:11: Uncaught Exception Error(Reference error: 'global' is not defined)
kangax-es6/Array.from.map.iterable.js: Runtime error: Array.from.map.iterable.js:8:11: Uncaught Exception Error(Reference error: 'global' is not defined)
kangax-es6/Array.iterator-prototype-chain.js: Syntax error: Array.iterator-prototype-chain.js:17:4: unexpected token.
kangax-es6/Array.of.js: failed
kangax-es6/Array.prototype.Symbol.iterator.js: failed
kangax-es6/Array.prototype.Symbol.unscopables.js: failed
kangax-es6/Array.prototype.copyWithin.js: failed
kangax-es6/Array.prototype.entries.js: failed
kangax-es6/Array.prototype.fill.js: failed
kangax-es6/Array.prototype.findIndex.js: failed
kangax-es6/Array.prototype.find.js: failed
kangax-es6/Array.prototype.keys.js: failed
kangax-es6/Array.prototype.splice.js: [unimplemented]
kangax-es6/Array.prototype.values.js: failed
kangax-es6/Date.prototype.Symbol.toPrimitive.js: [unimplemented]
kangax-es6/Function.name.accessor.js: [unimplemented]
kangax-es6/Function.name.bound.js: [unimplemented]
kangax-es6/Function.name.class-expression.js: Syntax error: Function.name.class-expression.js:10:19: unexpected token.
kangax-es6/Function.name.class-object-method.js: Syntax error: Function.name.class-object-method.js:10:23: expect ',' or '}'.
kangax-es6/Function.name.class-prototype.js: Syntax error: Function.name.class-prototype.js:10:8: unexpected token.
kangax-es6/Function.name.class-statement.js: Syntax error: Function.name.class-statement.js:10:8: unexpected token.
kangax-es6/Function.name.class-static.js: Syntax error: Function.name.class-static.js:10:8: unexpected token.
kangax-es6/Function.name.class-variable.js: Syntax error: Function.name.class-variable.js:10:18: expect ';' or line terminator
kangax-es6/Function.name.configurable.js: [unimplemented]
kangax-es6/Function.name.expression.js: OK
kangax-es6/Function.name.new-Function.js: Syntax error: Function.name.new-Function.js:10:23: expect ')'
kangax-es6/Function.name.object-method.js: failed
kangax-es6/Function.name.shorthand.js: Syntax error: Function.name.shorthand.js:10:15: expect ',' or '}'.
kangax-es6/Function.name.shorthand.no-lexical.js: Syntax error: Function.name.shorthand.no-lexical.js:11:12: expect ')'
kangax-es6/Function.name.statement.js: OK
kangax-es6/Function.name.symbol-keyed.js: Syntax error: Function.name.symbol-keyed.js:13:4: Expect property definition.
kangax-es6/Function.name.variable.js: failed
kangax-es6/Map.Symbol.species.js: Syntax error: Map.Symbol.species.js:11:18: unexpected token.
kangax-es6/Map.constructor-accepts-null.js: [unimplemented]
kangax-es6/Map.constructor-arguments.js: [unimplemented]
kangax-es6/Map.constructor-invokes-set.js: [unimplemented]
kangax-es6/Map.constructor-requires-new.js: [unimplemented]
kangax-es6/Map.iterator-closing.js: Runtime error: Map.iterator-closing.js:9:11: Uncaught Exception Error(Reference error: 'global' is not defined)
kangax-es6/Map.iterator-prototype-chain.js: Syntax error: Map.iterator-prototype-chain.js:18:4: unexpected token.
kangax-es6/Map.js: [unimplemented]
kangax-es6/Map.prototype-not-instance.js: [unimplemented]
kangax-es6/Map.prototype.Symbol.iterator.js: [unimplemented]
kangax-es6/Map.prototype.clear.js: [unimplemented]
kangax-es6/Map.prototype.delete.js: [unimplemented]
kangax-es6/Map.prototype.entries.js: [unimplemented]
kangax-es6/Map.prototype.forEach.js: [unimplemented]
kangax-es6/Map.prototype.keys.js: [unimplemented]
kangax-es6/Map.prototype.set-returns-this.js: [unimplemented]
kangax-es6/Map.prototype.size.js: [unimplemented]
kangax-es6/Map.prototype.values.js: [unimplemented]
kangax-es6/Map.zero-key.js: [unimplemented]
kangax-es6/Math.acosh.js: failed
kangax-es6/Math.asinh.js: failed
kangax-es6/Math.atanh.js: failed
kangax-es6/Math.cbrt.js: failed
kangax-es6/Math.clz32.js: failed
kangax-es6/Math.cosh.js: failed
kangax-es6/Math.expm1.js: failed
kangax-es6/Math.fround.js: failed
kangax-es6/Math.hypot.js: [unimplemented]
kangax-es6/Math.imul.js: failed
kangax-es6/Math.log1p.js: failed
kangax-es6/Math.log2.js: failed
kangax-es6/Math.log10.js: failed
kangax-es6/Math.sign.js: failed
kangax-es6/Math.sinh.js: failed
kangax-es6/Math.tanh.js: failed
kangax-es6/Math.trunc.js: failed
kangax-es6/Number.EPSILON.js: [unimplemented]
kangax-es6/Number.MAX_SAFE_INTEGER.js: [unimplemented]
kangax-es6/Number.MIN_SAFE_INTEGER.js: [unimplemented]
kangax-es6/Number.isFinite.js: [unimplemented]
kangax-es6/Number.isInteger.js: [unimplemented]
kangax-es6/Number.isNaN.js: [unimplemented]
kangax-es6/Number.isSafeInteger.js: [unimplemented]
kangax-es6/Number.parseFloat.js: [unimplemented]
kangax-es6/Number.parseInt.js: [unimplemented]
kangax-es6/Object.assign.js: Syntax error: Object.assign.js:11:16: unexpected token.
kangax-es6/Object.getOwnPropertySymbols.js: [unimplemented]
kangax-es6/Object.is.js: Syntax error: Object.is.js:12:3: unexpected token.
kangax-es6/Object.setPrototypeOf.js: Syntax error: Object.setPrototypeOf.js:10:63: unexpected token.
kangax-es6/Promise.Symbol.species.js: Syntax error: Promise.Symbol.species.js:11:18: unexpected token.
kangax-es6/Promise.all.iterable.js: Syntax error: Promise.all.iterable.js:49:19: expect ';' or line terminator
kangax-es6/Promise.all.js: Syntax error: Promise.all.js:25:19: expect ';' or line terminator
kangax-es6/Promise.constructor-requires-new.js: [unimplemented]
kangax-es6/Promise.js: Syntax error: Promise.js:25:19: expect ';' or line terminator
kangax-es6/Promise.prototype-not-instance.js: [unimplemented]
kangax-es6/Promise.race.iterable.js: Syntax error: Promise.race.iterable.js:49:19: expect ';' or line terminator
kangax-es6/Promise.race.js: Syntax error: Promise.race.js:25:19: expect ';' or line terminator
kangax-es6/Proxy.Array.isArray.js: [unimplemented]
kangax-es6/Proxy.JSON.stringify.js: [unimplemented]
kangax-es6/Proxy.constructor-requires-new.js: [unimplemented]
kangax-es6/Proxy.handler.apply.invariants.js: [unimplemented]
kangax-es6/Proxy.handler.apply.js: [unimplemented]
kangax-es6/Proxy.handler.construct.invariants.js: [unimplemented]
kangax-es6/Proxy.handler.construct.js: [unimplemented]
kangax-es6/Proxy.handler.defineProperty.invariants.js: [unimplemented]
kangax-es6/Proxy.handler.defineProperty.js: [unimplemented]
kangax-es6/Proxy.handler.deleteProperty.invariants.js: thread 'main' panicked at 'not implemented', core/src/vm/codegen.rs:816:18
kangax-es6/Proxy.handler.deleteProperty.js: thread 'main' panicked at 'not implemented', core/src/vm/codegen.rs:816:18
kangax-es6/Proxy.handler.getOwnPropertyDescriptor.invariants.js: [unimplemented]
kangax-es6/Proxy.handler.getOwnPropertyDescriptor.js: [unimplemented]
kangax-es6/Proxy.handler.getPrototypeOf.invariants.js: [unimplemented]
kangax-es6/Proxy.handler.getPrototypeOf.js: [unimplemented]
kangax-es6/Proxy.handler.get.instances.js: [unimplemented]
kangax-es6/Proxy.handler.get.invariants.js: [unimplemented]
kangax-es6/Proxy.handler.get.js: [unimplemented]
kangax-es6/Proxy.handler.has.instances.js: Syntax error: Proxy.handler.has.instances.js:12:8: unexpected token.
kangax-es6/Proxy.handler.has.invariants.js: Syntax error: Proxy.handler.has.invariants.js:23:10: unexpected token.
kangax-es6/Proxy.handler.has.js: Syntax error: Proxy.handler.has.js:12:8: unexpected token.
kangax-es6/Proxy.handler.isExtensible.invariants.js: [unimplemented]
kangax-es6/Proxy.handler.isExtensible.js: [unimplemented]
kangax-es6/Proxy.handler.ownKeys.invariants.js: [unimplemented]
kangax-es6/Proxy.handler.ownKeys.js: [unimplemented]
kangax-es6/Proxy.handler.preventExtensions.invariants.js: [unimplemented]
kangax-es6/Proxy.handler.preventExtensions.js: [unimplemented]
kangax-es6/Proxy.handler.setPrototypeOf.invariants.js: [unimplemented]
kangax-es6/Proxy.handler.setPrototypeOf.js: [unimplemented]
kangax-es6/Proxy.handler.set.instances.js: [unimplemented]
kangax-es6/Proxy.handler.set.invariants.js: [unimplemented]
kangax-es6/Proxy.handler.set.js: [unimplemented]
kangax-es6/Proxy.no-prototype.js: [unimplemented]
kangax-es6/Proxy.revocable.js: Syntax error: Proxy.revocable.js:16:11: unexpected token. passed &= e instanceof TypeError
kangax-es6/Reflect.apply.js: [unimplemented]
kangax-es6/Reflect.construct.Array-subclassing.js: Syntax error: Reflect.construct.Array-subclassing.js:13:44: unexpected token.
kangax-es6/Reflect.construct.Function-subclassing.js: Syntax error: Reflect.construct.Function-subclassing.js:12:39: unexpected token.
kangax-es6/Reflect.construct.Promise-subclassing.js: Syntax error: Reflect.construct.Promise-subclassing.js:25:19: expect ';' or line terminator
kangax-es6/Reflect.construct.RegExp-subclassing.js: Syntax error: Reflect.construct.RegExp-subclassing.js:13:45: unexpected token.
kangax-es6/Reflect.construct.js: [unimplemented]
kangax-es6/Reflect.construct.new-target.js: Syntax error: Reflect.construct.new-target.js:11:11: unexpected token.
kangax-es6/Reflect.construct.third-argument.js: Syntax error: Reflect.construct.third-argument.js:12:39: unexpected token.
kangax-es6/Reflect.defineProperty.js: [unimplemented]
kangax-es6/Reflect.deleteProperty.js: Syntax error: Reflect.deleteProperty.js:12:17: expect ')'
kangax-es6/Reflect.getOwnPropertyDescriptor.js: [unimplemented]
kangax-es6/Reflect.getPrototypeOf.js: [unimplemented]
kangax-es6/Reflect.get.js: [unimplemented]
kangax-es6/Reflect.has.js: [unimplemented]
kangax-es6/Reflect.isExtensible.js: Syntax error: Reflect.isExtensible.js:11:4: unexpected token.
kangax-es6/Reflect.ownKeys.string.js: [unimplemented]
kangax-es6/Reflect.ownKeys.symbol.js: [unimplemented]
kangax-es6/Reflect.preventExtensions.js: [unimplemented]
kangax-es6/Reflect.setPrototypeOf.js: Syntax error: Reflect.setPrototypeOf.js:12:24: unexpected token.
kangax-es6/Reflect.set.js: [unimplemented]
kangax-es6/RegExp.Symbol.species.js: Syntax error: RegExp.Symbol.species.js:11:18: unexpected token.
kangax-es6/RegExp.prototype.Symbol.match.js: [unimplemented]
kangax-es6/RegExp.prototype.Symbol.replace.js: [unimplemented]
kangax-es6/RegExp.prototype.Symbol.search.js: [unimplemented]
kangax-es6/RegExp.prototype.Symbol.split.js: [unimplemented]
kangax-es6/RegExp.prototype.flags.js: Syntax error: RegExp.prototype.flags.js:10:9: unexpected token.
kangax-es6/Set.Symbol.species.js: Syntax error: Set.Symbol.species.js:11:18: unexpected token.
kangax-es6/Set.constructor-accepts-null.js: [unimplemented]
kangax-es6/Set.constructor-arguments.js: [unimplemented]
kangax-es6/Set.constructor-invokes-add.js: [unimplemented]
kangax-es6/Set.constructor-requires-new.js: [unimplemented]
kangax-es6/Set.iterator-closing.js: Runtime error: Set.iterator-closing.js:9:11: Uncaught Exception Error(Reference error: 'global' is not defined)
kangax-es6/Set.iterator-prototype-chain.js: Syntax error: Set.iterator-prototype-chain.js:18:4: unexpected token.
kangax-es6/Set.js: [unimplemented]
kangax-es6/Set.prototype-not-instance.js: [unimplemented]
kangax-es6/Set.prototype.Symbol.iterator.js: [unimplemented]
kangax-es6/Set.prototype.add-returns-this.js: [unimplemented]
kangax-es6/Set.prototype.clear.js: [unimplemented]
kangax-es6/Set.prototype.delete.js: [unimplemented]
kangax-es6/Set.prototype.entries.js: [unimplemented]
kangax-es6/Set.prototype.forEach.js: [unimplemented]
kangax-es6/Set.prototype.keys.js: [unimplemented]
kangax-es6/Set.prototype.size.js: [unimplemented]
kangax-es6/Set.prototype.values.js: [unimplemented]
kangax-es6/Set.zero-key.js: [unimplemented]
kangax-es6/String.fromCodePoint.js: [unimplemented]
kangax-es6/String.iterator-prototype-chain.js: Syntax error: String.iterator-prototype-chain.js:17:4: unexpected token.
kangax-es6/String.prototype.Symbol.iterator.js: [unimplemented]
kangax-es6/String.prototype.codePointAt.js: [unimplemented]
kangax-es6/String.prototype.endsWith.js: [unimplemented]
kangax-es6/String.prototype.endsWith.throws-regex.js: Syntax error: String.prototype.endsWith.throws-regex.js:10:18: unexpected token.
kangax-es6/String.prototype.includes.js: [unimplemented]
kangax-es6/String.prototype.normalize.js: [unimplemented]
kangax-es6/String.prototype.repeat.js: [unimplemented]
kangax-es6/String.prototype.startsWith.js: [unimplemented]
kangax-es6/String.prototype.startsWith.throws-regex.js: Syntax error: String.prototype.startsWith.throws-regex.js:10:20: unexpected token.
kangax-es6/String.raw.js: [unimplemented]
kangax-es6/Symbol.JSON.stringify.object.js: [unimplemented]
kangax-es6/Symbol.JSON.stringify.primitive.js: thread 'main' panicked at 'not implemented', core/src/vm/codegen.rs:816:18
kangax-es6/Symbol.Object.js: Syntax error: Symbol.Object.js:14:28: unexpected token.
kangax-es6/Symbol.String.js: [unimplemented]
kangax-es6/Symbol.defineProperty.js: [unimplemented]
kangax-es6/Symbol.global-registry.js: OK
kangax-es6/Symbol.hidden-keys.js: Syntax error: Symbol.hidden-keys.js:14:13: expect ';' or line terminator
kangax-es6/Symbol.js: OK
kangax-es6/Symbol.no-coerce.js: failed
kangax-es6/Symbol.no-new.js: failed
kangax-es6/Symbol.prototype.js: Syntax error: Symbol.prototype.js:13:9: unexpected token.
kangax-es6/Symbol.typeof.js: OK
kangax-es6/WeakMap.accept-primitives.js: Syntax error: WeakMap.accept-primitives.js:10:21: expect '('.
kangax-es6/WeakMap.constructor-accepts-null.js: [unimplemented]
kangax-es6/WeakMap.constructor-arguments.js: [unimplemented]
kangax-es6/WeakMap.constructor-invokes-set.js: [unimplemented]
kangax-es6/WeakMap.constructor-requires-new.js: [unimplemented]
kangax-es6/WeakMap.frozen-keys.js: Syntax error: WeakMap.frozen-keys.js:11:21: expect '('.
kangax-es6/WeakMap.iterator-closing.js: Runtime error: WeakMap.iterator-closing.js:9:11: Uncaught Exception Error(Reference error: 'global' is not defined)
kangax-es6/WeakMap.js: [unimplemented]
kangax-es6/WeakMap.no-clear.js: Syntax error: WeakMap.no-clear.js:10:16: expect ')'
kangax-es6/WeakMap.prototype-not-instance.js: [unimplemented]
kangax-es6/WeakMap.prototype.delete.js: [unimplemented]
kangax-es6/WeakMap.prototype.set-returns-this.js: [unimplemented]
kangax-es6/WeakSet.accept-primitives.js: Syntax error: WeakSet.accept-primitives.js:10:21: expect '('.
kangax-es6/WeakSet.constructor-accepts-null.js: [unimplemented]
kangax-es6/WeakSet.constructor-arguments.js: [unimplemented]
kangax-es6/WeakSet.constructor-invokes-add.js: [unimplemented]
kangax-es6/WeakSet.constructor-requires-new.js: [unimplemented]
kangax-es6/WeakSet.iterator-closing.js: Runtime error: WeakSet.iterator-closing.js:9:11: Uncaught Exception Error(Reference error: 'global' is not defined)
kangax-es6/WeakSet.js: [unimplemented]
kangax-es6/WeakSet.no-clear.js: Syntax error: WeakSet.no-clear.js:10:16: expect ')'
kangax-es6/WeakSet.prototype-not-instance.js: [unimplemented]
kangax-es6/WeakSet.prototype.add-returns-this.js: [unimplemented]
kangax-es6/WeakSet.prototype.delete.js: [unimplemented]
kangax-es6/annex-b.RegExp.prototype.compile.js: Syntax error: annex-b.RegExp.prototype.compile.js:12:11: unexpected token.
kangax-es6/annex-b.RegExp.prototype.compile.returns-this.js: Syntax error: annex-b.RegExp.prototype.compile.returns-this.js:10:11: unexpected token.
kangax-es6/annex-b.String.prototype.html.existence.js: [unimplemented]
kangax-es6/annex-b.String.prototype.html.lowercase.js: [unimplemented]
kangax-es6/annex-b.String.prototype.html.quotes-escaped.js: [unimplemented]
kangax-es6/annex-b.function.hoisted-block-level.js: Syntax error: annex-b.function.hoisted-block-level.js:14:9: unexpected token.
kangax-es6/annex-b.function.if-statement.js: Syntax error: annex-b.function.if-statement.js:14:40: unexpected token.
kangax-es6/annex-b.function.labeled.js: thread 'main' panicked at 'not implemented: Label("label")', core/src/vm/codegen.rs:230:22
kangax-es6/annex-b.html-comments.js: Syntax error: annex-b.html-comments.js:9:6: unexpected token.
kangax-es6/annex-b.regex.backreferences-octal.js: Syntax error: annex-b.regex.backreferences-octal.js:9:9: unexpected token.
kangax-es6/annex-b.regex.hyphens.js: Syntax error: annex-b.regex.hyphens.js:9:9: unexpected token.
kangax-es6/annex-b.regex.incomplete-patterns.js: Syntax error: annex-b.regex.incomplete-patterns.js:9:9: unexpected token.
kangax-es6/annex-b.regex.invalid-char-escapes.js: Syntax error: annex-b.regex.invalid-char-escapes.js:9:9: unexpected token.
kangax-es6/annex-b.regex.invalid-control-escapes.js: Syntax error: annex-b.regex.invalid-control-escapes.js:9:9: unexpected token.
kangax-es6/annex-b.regex.invalid-hex-escapes.js: Syntax error: annex-b.regex.invalid-hex-escapes.js:9:9: unexpected token.
kangax-es6/annex-b.regex.invalid-unicode-escapes.js: Syntax error: annex-b.regex.invalid-unicode-escapes.js:9:9: unexpected token.
kangax-es6/annex-b.regex.octal-escapes.js: Syntax error: annex-b.regex.octal-escapes.js:9:9: unexpected token.
kangax-es6/annex-b.__proto__.Object.prototype.absent-from-null.js: [unimplemented]
kangax-es6/annex-b.__proto__.Object.prototype.descriptor.js: Syntax error: annex-b.__proto__.Object.prototype.descriptor.js:14:13: expect ')'
kangax-es6/annex-b.__proto__.Object.prototype.getOwnPropertyNames.js: [unimplemented]
kangax-es6/annex-b.__proto__.Object.prototype.get.js: OK
kangax-es6/annex-b.__proto__.Object.prototype.hasOwnProperty.js: [unimplemented]
kangax-es6/annex-b.__proto__.Object.prototype.set.js: Syntax error: annex-b.__proto__.Object.prototype.set.js:12:22: unexpected token.
kangax-es6/annex-b.__proto__.literals.js: Syntax error: annex-b.__proto__.literals.js:10:39: unexpected token.
kangax-es6/annex-b.__proto__.literals.multiple-error.js: OK
kangax-es6/annex-b.__proto__.literals.not-computed.js: Syntax error: annex-b.__proto__.literals.not-computed.js:10:27: expect ')'
kangax-es6/annex-b.__proto__.literals.not-shorthand-method.js: Syntax error: annex-b.__proto__.literals.not-shorthand-method.js:10:27: expect ')'
kangax-es6/annex-b.__proto__.literals.not-shorthand-property.js: Syntax error: annex-b.__proto__.literals.not-shorthand-property.js:10:27: expect ')'
kangax-es6/arrow.0-params.js: OK
kangax-es6/arrow.1-param.js: OK
kangax-es6/arrow.5-param.js: OK
kangax-es6/arrow.bind.js: [unimplemented]
kangax-es6/arrow.lexical-arguments.js: OK
kangax-es6/arrow.lexical-super.constructor.js: Syntax error: arrow.lexical-super.constructor.js:12:8: unexpected token.
kangax-es6/arrow.lexical-super.methods.js: Syntax error: arrow.lexical-super.methods.js:10:8: unexpected token.
kangax-es6/arrow.lexical-this.js: OK
kangax-es6/arrow.new-target.js: Syntax error: arrow.new-target.js:11:19: unexpected token.
kangax-es6/arrow.no-line-break.js: failed
kangax-es6/arrow.no-prototype.js: [unimplemented]
kangax-es6/arrow.precedence.js: failed
kangax-es6/arrow.this-call-apply.js: [unimplemented]
kangax-es6/class.accessor-properties.js: Syntax error: class.accessor-properties.js:11:8: unexpected token.
kangax-es6/class.anonymous.js: Syntax error: class.anonymous.js:10:29: unexpected token.
kangax-es6/class.block-scoped.js: Syntax error: class.block-scoped.js:10:8: unexpected token.
kangax-es6/class.computed-accessor-properties.js: Syntax error: class.computed-accessor-properties.js:11:8: unexpected token.
kangax-es6/class.computed-names-tdz.js: Syntax error: class.computed-names-tdz.js:11:18: expect ';' or line terminator
kangax-es6/class.computed-prototype-methods.js: Syntax error: class.computed-prototype-methods.js:11:8: unexpected token.
kangax-es6/class.computed-static-accessor-properties.js: Syntax error: class.computed-static-accessor-properties.js:11:8: unexpected token.
kangax-es6/class.computed-static-methods.js: Syntax error: class.computed-static-methods.js:11:8: unexpected token.
kangax-es6/class.constructor-requires-new.js: Syntax error: class.constructor-requires-new.js:10:8: unexpected token.
kangax-es6/class.constructor.js: Syntax error: class.constructor.js:10:8: unexpected token.
kangax-es6/class.expression.js: Syntax error: class.expression.js:10:24: unexpected token.
kangax-es6/class.extends-expressions.js: Syntax error: class.extends-expressions.js:11:8: unexpected token.
kangax-es6/class.extends-null.js: Syntax error: class.extends-null.js:10:8: unexpected token.
kangax-es6/class.extends.js: Syntax error: class.extends.js:10:8: unexpected token.
kangax-es6/class.implicit-strict.js: Syntax error: class.implicit-strict.js:10:8: unexpected token.
kangax-es6/class.lexical-name.js: Syntax error: class.lexical-name.js:10:8: unexpected token.
kangax-es6/class.methods-not-enumerable.js: Syntax error: class.methods-not-enumerable.js:10:8: unexpected token.
kangax-es6/class.new-target.js: Syntax error: class.new-target.js:12:17: unexpected token.
kangax-es6/class.optional-semicolons.js: Syntax error: class.optional-semicolons.js:10:8: unexpected token.
kangax-es6/class.prototype-methods.js: Syntax error: class.prototype-methods.js:10:8: unexpected token.
kangax-es6/class.statement.js: Syntax error: class.statement.js:10:8: unexpected token.
kangax-es6/class.static-accessor-properties.js: Syntax error: class.static-accessor-properties.js:11:8: unexpected token.
kangax-es6/class.static-methods.js: Syntax error: class.static-methods.js:10:8: unexpected token.
kangax-es6/class.string-keyed-methods.js: Syntax error: class.string-keyed-methods.js:10:8: unexpected token.
kangax-es6/const.basic.js: OK
kangax-es6/const.block-scoped.js: OK
kangax-es6/const.for-in.js: Syntax error: const.for-in.js:11:14: expect ';' or line terminator
kangax-es6/const.for-loop.js: OK
kangax-es6/const.for-of.js: Syntax error: const.for-of.js:11:14: expect ';' or line terminator
kangax-es6/const.no-redefine.js: failed
kangax-es6/const.no-statement.js: failed
kangax-es6/const.shadow.js: OK
kangax-es6/const.strict.basic.js: OK
kangax-es6/const.strict.block-scoped.js: OK
kangax-es6/const.strict.for-in.js: Syntax error: const.strict.for-in.js:12:14: expect ';' or line terminator
kangax-es6/const.strict.for-loop.js: OK
kangax-es6/const.strict.for-of.js: Syntax error: const.strict.for-of.js:12:14: expect ';' or line terminator
kangax-es6/const.strict.no-redefine.js: failed
kangax-es6/const.strict.no-statement.js: failed
kangax-es6/const.strict.shadow.js: OK
kangax-es6/const.strict.tdz.js: Syntax error: const.strict.tdz.js:12:25: unexpected token.
kangax-es6/const.tdz.js: Syntax error: const.tdz.js:11:25: unexpected token.
kangax-es6/default-params.arguments.js: Syntax error: default-params.arguments.js:10:24: expect ')'
kangax-es6/default-params.basic.js: Syntax error: default-params.basic.js:10:24: expect ')'
kangax-es6/default-params.explicit-undefined.js: Syntax error: default-params.explicit-undefined.js:10:24: expect ')'
kangax-es6/default-params.new-function.js: failed
kangax-es6/default-params.refer-previous.js: Syntax error: default-params.refer-previous.js:10:27: expect ')'
kangax-es6/default-params.separate-scope.js: Syntax error: default-params.separate-scope.js:10:21: expect ')'
kangax-es6/default-params.tdz.js: Syntax error: default-params.tdz.js:10:23: expect ')'
kangax-es6/destructuring-assign.array.js: Syntax error: destructuring-assign.array.js:11:3: Reference error: Invalid left-hand side in assignment.
kangax-es6/destructuring-assign.astral-string.js: thread 'main' panicked at 'byte index 467 is not a char boundary; it is inside '𠮷' (bytes 466..470) of `// compat-table: ES6 > syntax > destructuring, assignment (medium) > with astral plane strings
kangax-es6/destructuring-assign.chained-iterable.js: Syntax error: destructuring-assign.chained-iterable.js:11:11: Reference error: Invalid left-hand side in assignment.
kangax-es6/destructuring-assign.chained-object.js: Syntax error: destructuring-assign.chained-object.js:11:12: Reference error: Invalid left-hand side in assignment.
kangax-es6/destructuring-assign.computed-properties.js: Syntax error: destructuring-assign.computed-properties.js:11:9: unexpected token.
kangax-es6/destructuring-assign.defaults.js: Syntax error: destructuring-assign.defaults.js:11:8: unexpected token.
kangax-es6/destructuring-assign.empty-patterns.js: Syntax error: destructuring-assign.empty-patterns.js:10:3: Reference error: Invalid left-hand side in assignment.
kangax-es6/destructuring-assign.generator.js: Syntax error: destructuring-assign.generator.js:11:25: unexpected token.
kangax-es6/destructuring-assign.iterable-expression.js: Syntax error: destructuring-assign.iterable-expression.js:11:11: Reference error: Invalid left-hand side in assignment.
kangax-es6/destructuring-assign.iterable-instance.js: Syntax error: destructuring-assign.iterable-instance.js:35:3: Reference error: Invalid left-hand side in assignment.
kangax-es6/destructuring-assign.iterable.js: Syntax error: destructuring-assign.iterable.js:35:3: Reference error: Invalid left-hand side in assignment.
kangax-es6/destructuring-assign.iterator-closing.js: Syntax error: destructuring-assign.iterator-closing.js:39:3: Reference error: Invalid left-hand side in assignment.
kangax-es6/destructuring-assign.nested-rest.js: Syntax error: destructuring-assign.nested-rest.js:11:3: Reference error: Invalid left-hand side in assignment.
kangax-es6/destructuring-assign.nested.js: Syntax error: destructuring-assign.nested.js:11:3: Reference error: Invalid left-hand side in assignment.
kangax-es6/destructuring-assign.object-expression.js: Syntax error: destructuring-assign.object-expression.js:11:11: Reference error: Invalid left-hand side in assignment.
kangax-es6/destructuring-assign.object-primitives.js: Syntax error: destructuring-assign.object-primitives.js:11:4: Reference error: Invalid left-hand side in assignment.
kangax-es6/destructuring-assign.object.js: Syntax error: destructuring-assign.object.js:11:4: Reference error: Invalid left-hand side in assignment.
kangax-es6/destructuring-assign.parenthesised-error.js: Syntax error: destructuring-assign.parenthesised-error.js:11:4: Reference error: Invalid left-hand side in assignment.
kangax-es6/destructuring-assign.rest.js: Syntax error: destructuring-assign.rest.js:13:33: unexpected token.
kangax-es6/destructuring-assign.sparse-array.js: Syntax error: destructuring-assign.sparse-array.js:11:3: Reference error: Invalid left-hand side in assignment.
kangax-es6/destructuring-assign.string.js: Syntax error: destructuring-assign.string.js:11:3: Reference error: Invalid left-hand side in assignment.
kangax-es6/destructuring-assign.throws-null-undefined.js: Syntax error: destructuring-assign.throws-null-undefined.js:15:12: expect ')' if (!(e instanceof TypeError))
kangax-es6/destructuring-assign.trailing-comma-iterable.js: Syntax error: destructuring-assign.trailing-comma-iterable.js:11:3: Reference error: Invalid left-hand side in assignment.
kangax-es6/destructuring-assign.trailing-comma-object.js: Syntax error: destructuring-assign.trailing-comma-object.js:11:4: Reference error: Invalid left-hand side in assignment.
kangax-es6/destructuring-decl.array.js: Syntax error: destructuring-decl.array.js:10:6: Expect identifier.
kangax-es6/destructuring-decl.astral-string.js: thread 'main' panicked at 'byte index 464 is not a char boundary; it is inside '𠮷' (bytes 463..467) of `// compat-table: ES6 > syntax > destructuring, declarations (medium) > with astral plane strings
kangax-es6/destructuring-decl.catch.js: Syntax error: destructuring-decl.catch.js:12:10: expected identifier.
kangax-es6/destructuring-decl.computed-properties.js: Syntax error: destructuring-decl.computed-properties.js:11:6: Expect identifier.
kangax-es6/destructuring-decl.defaults-tdz.js: Syntax error: destructuring-decl.defaults-tdz.js:10:6: Expect identifier.
kangax-es6/destructuring-decl.defaults.js: Syntax error: destructuring-decl.defaults.js:10:6: Expect identifier.
kangax-es6/destructuring-decl.for-in.js: Syntax error: destructuring-decl.for-in.js:10:10: Expect identifier.
kangax-es6/destructuring-decl.for-of.js: Syntax error: destructuring-decl.for-of.js:10:10: Expect identifier.
kangax-es6/destructuring-decl.generator.js: Syntax error: destructuring-decl.generator.js:10:6: Expect identifier.
kangax-es6/destructuring-decl.iterable-instance.js: Syntax error: destructuring-decl.iterable-instance.js:34:6: Expect identifier.
kangax-es6/destructuring-decl.iterable.js: Syntax error: destructuring-decl.iterable.js:34:6: Expect identifier.
kangax-es6/destructuring-decl.iterator-closing.js: Syntax error: destructuring-decl.iterator-closing.js:38:6: Expect identifier.
kangax-es6/destructuring-decl.multiple-var.js: Syntax error: destructuring-decl.multiple-var.js:10:6: Expect identifier.
kangax-es6/destructuring-decl.nested.js: Syntax error: destructuring-decl.nested.js:10:6: Expect identifier.
kangax-es6/destructuring-decl.object-primitives.js: Syntax error: destructuring-decl.object-primitives.js:10:6: Expect identifier.
kangax-es6/destructuring-decl.object.js: Syntax error: destructuring-decl.object.js:10:6: Expect identifier.
kangax-es6/destructuring-decl.rest.js: Syntax error: destructuring-decl.rest.js:10:6: Expect identifier.
kangax-es6/destructuring-decl.sparse-array.js: Syntax error: destructuring-decl.sparse-array.js:10:6: Expect identifier.
kangax-es6/destructuring-decl.string.js: Syntax error: destructuring-decl.string.js:10:6: Expect identifier.
kangax-es6/destructuring-decl.throws-null-undefined.js: Syntax error: destructuring-decl.throws-null-undefined.js:11:8: Expect identifier.
kangax-es6/destructuring-decl.trailing-comma-iterable.js: Syntax error: destructuring-decl.trailing-comma-iterable.js:10:6: Expect identifier.
kangax-es6/destructuring-decl.trailing-comma-object.js: Syntax error: destructuring-decl.trailing-comma-object.js:10:6: Expect identifier.
kangax-es6/destructuring-params.aliased-defaults-arrow.js: Syntax error: destructuring-params.aliased-defaults-arrow.js:10:36: expect ')'
kangax-es6/destructuring-params.arguments.js: Syntax error: destructuring-params.arguments.js:10:20: expect ')'
kangax-es6/destructuring-params.array.js: Syntax error: destructuring-params.array.js:10:18: expect identifier (unsupported feature)
kangax-es6/destructuring-params.astral-string.js: Syntax error: destructuring-params.astral-string.js:10:18: expect identifier (unsupported feature)
kangax-es6/destructuring-params.computed-properties.js: Syntax error: destructuring-params.computed-properties.js:11:18: expect identifier (unsupported feature)
kangax-es6/destructuring-params.defaults-new-function.js: failed
kangax-es6/destructuring-params.defaults-separate-scope.js: Syntax error: destructuring-params.defaults-separate-scope.js:10:20: expect ')'
kangax-es6/destructuring-params.defaults.js: Syntax error: destructuring-params.defaults.js:10:20: expect ')'
kangax-es6/destructuring-params.duplicate-identifier.js: Syntax error: destructuring-params.duplicate-identifier.js:14:15: expect ')' return !(e instanceof SyntaxError)
kangax-es6/destructuring-params.empty-patterns.js: Syntax error: destructuring-params.empty-patterns.js:10:19: expect identifier (unsupported feature)
kangax-es6/destructuring-params.generator.js: Syntax error: destructuring-params.generator.js:10:18: expect identifier (unsupported feature)
kangax-es6/destructuring-params.iterable-instance.js: Syntax error: destructuring-params.iterable-instance.js:34:18: expect identifier (unsupported feature)
kangax-es6/destructuring-params.iterable.js: Syntax error: destructuring-params.iterable.js:34:18: expect identifier (unsupported feature)
kangax-es6/destructuring-params.iterator-closing.js: Syntax error: destructuring-params.iterator-closing.js:38:14: unexpected token.
kangax-es6/destructuring-params.length.js: Syntax error: destructuring-params.length.js:10:18: expect identifier (unsupported feature)
kangax-es6/destructuring-params.nested.js: Syntax error: destructuring-params.nested.js:10:18: expect identifier (unsupported feature)
kangax-es6/destructuring-params.new-function.js: failed
kangax-es6/destructuring-params.object-primitives.js: Syntax error: destructuring-params.object-primitives.js:10:18: expect identifier (unsupported feature)
kangax-es6/destructuring-params.object.js: Syntax error: destructuring-params.object.js:10:18: expect identifier (unsupported feature)
kangax-es6/destructuring-params.rest.js: Syntax error: destructuring-params.rest.js:10:18: expect identifier (unsupported feature)
kangax-es6/destructuring-params.shorthand-defaults-arrow.js: Syntax error: destructuring-params.shorthand-defaults-arrow.js:10:19: expect ')'
kangax-es6/destructuring-params.sparse-array.js: Syntax error: destructuring-params.sparse-array.js:10:18: expect identifier (unsupported feature)
kangax-es6/destructuring-params.string.js: Syntax error: destructuring-params.string.js:10:18: expect identifier (unsupported feature)
kangax-es6/destructuring-params.throws-null-undefined.js: Syntax error: destructuring-params.throws-null-undefined.js:11:15: expect ')'
kangax-es6/destructuring-params.trailing-comma-iterable.js: Syntax error: destructuring-params.trailing-comma-iterable.js:10:18: expect identifier (unsupported feature)
kangax-es6/destructuring-params.trailing-comma-object.js: Syntax error: destructuring-params.trailing-comma-object.js:10:18: expect identifier (unsupported feature)
kangax-es6/for-of.array.js: Syntax error: for-of.array.js:11:16: expect ';' or line terminator
kangax-es6/for-of.astral-string.js: thread 'main' panicked at 'byte index 461 is not a char boundary; it is inside '𠮷' (bytes 460..464) of `// compat-table: ES6 > syntax > for..of loops (large) > with astral plane strings
kangax-es6/for-of.generator.js: Syntax error: for-of.generator.js:11:27: expect ')'
kangax-es6/for-of.iterable-instance.js: Syntax error: for-of.iterable-instance.js:36:16: expect ';' or line terminator
kangax-es6/for-of.iterable.js: Syntax error: for-of.iterable.js:36:16: expect ';' or line terminator
kangax-es6/for-of.iterator-closing-break.js: Syntax error: for-of.iterator-closing-break.js:37:14: expect ';' or line terminator
kangax-es6/for-of.iterator-closing-throw.js: Syntax error: for-of.iterator-closing-throw.js:38:16: expect ';' or line terminator
kangax-es6/for-of.sparse-array.js: Syntax error: for-of.sparse-array.js:12:16: expect ';' or line terminator
kangax-es6/for-of.string.js: Syntax error: for-of.string.js:11:16: expect ';' or line terminator
kangax-es6/function.block-level-decl.js: failed
kangax-es6/generators.basic.js: Syntax error: generators.basic.js:10:11: expect function name
kangax-es6/generators.constructor.js: Syntax error: generators.constructor.js:10:11: expect function name
kangax-es6/generators.expression.js: Syntax error: generators.expression.js:10:27: expect '('
kangax-es6/generators.no-new-this.js: Syntax error: generators.no-new-this.js:10:11: expect function name
kangax-es6/generators.prototype-chain.js: Syntax error: generators.prototype-chain.js:10:11: expect function name
kangax-es6/generators.prototype.js: Syntax error: generators.prototype.js:10:11: expect function name
kangax-es6/generators.return.js: Syntax error: generators.return.js:10:11: expect function name
kangax-es6/generators.sending.js: Syntax error: generators.sending.js:11:11: expect function name
kangax-es6/generators.shorthand.class.js: Syntax error: generators.shorthand.class.js:10:8: unexpected token.
kangax-es6/generators.shorthand.computed.class.js: Syntax error: generators.shorthand.computed.class.js:11:8: unexpected token.
kangax-es6/generators.shorthand.computed.js: Syntax error: generators.shorthand.computed.js:12:4: Expect property definition.
kangax-es6/generators.shorthand.js: Syntax error: generators.shorthand.js:11:4: Expect property definition.
kangax-es6/generators.shorthand.no-constructor.js: Syntax error: generators.shorthand.no-constructor.js:10:8: unexpected token.
kangax-es6/generators.shorthand.string-keyed.js: Syntax error: generators.shorthand.string-keyed.js:11:4: Expect property definition.
kangax-es6/generators.this.js: Syntax error: generators.this.js:10:11: expect function name
kangax-es6/generators.throw.js: Syntax error: generators.throw.js:11:11: expect function name
kangax-es6/generators.yield-precedence.js: Syntax error: generators.yield-precedence.js:11:11: expect function name
kangax-es6/generators.yield-star.array.js: Syntax error: generators.yield-star.array.js:10:29: expect ')'
kangax-es6/generators.yield-star.astral-string.js: Syntax error: generators.yield-star.astral-string.js:10:29: expect ')'
kangax-es6/generators.yield-star.generator.js: Syntax error: generators.yield-star.generator.js:10:29: expect ')'
kangax-es6/generators.yield-star.iterable-instance.js: Syntax error: generators.yield-star.iterable-instance.js:33:29: expect ')'
kangax-es6/generators.yield-star.iterable.js: Syntax error: generators.yield-star.iterable.js:34:29: expect ')'
kangax-es6/generators.yield-star.iterator-closing-throw.js: Syntax error: generators.yield-star.iterator-closing-throw.js:42:22: expect ')'
kangax-es6/generators.yield-star.iterator-closing.js: Syntax error: generators.yield-star.iterator-closing.js:40:23: expect ')'
kangax-es6/generators.yield-star.non-iterable-error.js: Syntax error: generators.yield-star.non-iterable-error.js:10:29: expect ')'
kangax-es6/generators.yield-star.sparse-array.js: Syntax error: generators.yield-star.sparse-array.js:10:29: expect ')'
kangax-es6/generators.yield-star.string.js: Syntax error: generators.yield-star.string.js:10:29: expect ')'
kangax-es6/let.basic.js: OK
kangax-es6/let.block-scoped.js: OK
kangax-es6/let.for-in-shadow.js: OK
kangax-es6/let.for-iteration.js: Syntax error: let.for-iteration.js:17:12: expect ';' or line terminator
kangax-es6/let.for-loop.js: OK
kangax-es6/let.no-statement.js: failed
kangax-es6/let.shadow.js: OK
kangax-es6/let.strict.basic.js: OK
kangax-es6/let.strict.block-scoped.js: OK
kangax-es6/let.strict.for-in-shadow.js: OK
kangax-es6/let.strict.for-iteration.js: Syntax error: let.strict.for-iteration.js:18:12: expect ';' or line terminator
kangax-es6/let.strict.for-loop.js: OK
kangax-es6/let.strict.no-statement.js: failed
kangax-es6/let.strict.shadow.js: OK
kangax-es6/let.strict.tdz.js: Syntax error: let.strict.tdz.js:12:25: unexpected token.
kangax-es6/let.tdz.js: Syntax error: let.tdz.js:11:25: unexpected token.
kangax-es6/literals.binary.Number.js: [unimplemented]
kangax-es6/literals.binary.js: OK
kangax-es6/literals.object.computed-accessors.js: Syntax error: literals.object.computed-accessors.js:13:12: expect ',' or '}'.
kangax-es6/literals.object.computed-properties.js: Syntax error: literals.object.computed-properties.js:11:13: expect ')'
kangax-es6/literals.object.computed-shorthand-methods.js: Syntax error: literals.object.computed-shorthand-methods.js:11:13: expect ')'
kangax-es6/literals.object.shorthand-methods.js: Syntax error: literals.object.shorthand-methods.js:10:13: expect ')'
kangax-es6/literals.object.shorthand-properties.js: OK
kangax-es6/literals.object.string-keyed-shorthand-methods.js: Syntax error: literals.object.string-keyed-shorthand-methods.js:10:21: expect ')'
kangax-es6/literals.octal.Number.js: [unimplemented]
kangax-es6/literals.octal.js: OK
kangax-es6/misc.Invalid-Date.js: failed
kangax-es6/misc.Object.freeze.primitives.js: [unimplemented]
kangax-es6/misc.Object.getOwnPropertyDescriptor.primitives.js: thread 'main' panicked at 'not implemented', core/src/vm/codegen.rs:816:18
kangax-es6/misc.Object.getOwnPropertyNames.primitives.js: [unimplemented]
kangax-es6/misc.Object.getPrototypeOf.primitives.js: [unimplemented]
kangax-es6/misc.Object.isExtensible.primitives.js: [unimplemented]
kangax-es6/misc.Object.isFrozen.primitives.js: [unimplemented]
kangax-es6/misc.Object.isSealed.primitives.js: [unimplemented]
kangax-es6/misc.Object.keys.primitives.js: [unimplemented]
kangax-es6/misc.Object.preventExtensions.primitives.js: [unimplemented]
kangax-es6/misc.Object.seal.primitives.js: [unimplemented]
kangax-es6/misc.Proxy.defineProperty.SetIntegrityLevel.js: [unimplemented]
kangax-es6/misc.Proxy.defineProperty.Set.js: [unimplemented]
kangax-es6/misc.Proxy.deleteProperty.Array.copyWithin.js: thread 'main' panicked at 'not implemented', core/src/vm/codegen.rs:816:18
kangax-es6/misc.Proxy.deleteProperty.Array.pop.js: thread 'main' panicked at 'not implemented', core/src/vm/codegen.rs:816:18
kangax-es6/misc.Proxy.deleteProperty.Array.reverse.js: thread 'main' panicked at 'not implemented', core/src/vm/codegen.rs:816:18
kangax-es6/misc.Proxy.deleteProperty.Array.shift.js: thread 'main' panicked at 'not implemented', core/src/vm/codegen.rs:816:18
kangax-es6/misc.Proxy.deleteProperty.Array.splice.js: thread 'main' panicked at 'not implemented', core/src/vm/codegen.rs:816:18
kangax-es6/misc.Proxy.deleteProperty.Array.unshift.js: thread 'main' panicked at 'not implemented', core/src/vm/codegen.rs:816:18
kangax-es6/misc.Proxy.getOwnPropertyDescriptor.Function.bind.js: [unimplemented]
kangax-es6/misc.Proxy.getOwnPropertyDescriptor.Object.assign.js: [unimplemented]
kangax-es6/misc.Proxy.getOwnPropertyDescriptor.Object.hasOwnProperty.js: [unimplemented]
kangax-es6/misc.Proxy.getOwnPropertyDescriptor.Set.js: [unimplemented]
kangax-es6/misc.Proxy.get.Array.concat.js: thread 'main' panicked at 'not implemented', core/src/vm/codegen.rs:816:18
kangax-es6/misc.Proxy.get.Array.from.js: [unimplemented]
kangax-es6/misc.Proxy.get.Array.iteration.js: [unimplemented]
kangax-es6/misc.Proxy.get.Array.pop.js: [unimplemented]
kangax-es6/misc.Proxy.get.Array.reverse.js: [unimplemented]
kangax-es6/misc.Proxy.get.Array.shift.js: [unimplemented]
kangax-es6/misc.Proxy.get.Array.splice.js: [unimplemented]
kangax-es6/misc.Proxy.get.Array.toString.js: [unimplemented]
kangax-es6/misc.Proxy.get.ClassDefinitionEvaluation.js: Syntax error: misc.Proxy.get.ClassDefinitionEvaluation.js:13:8: unexpected token.
kangax-es6/misc.Proxy.get.CreateDynamicFunction.js: Syntax error: misc.Proxy.get.CreateDynamicFunction.js:13:7: expect '('.
kangax-es6/misc.Proxy.get.CreateListFromArrayLike.js: [unimplemented]
kangax-es6/misc.Proxy.get.Date.toJSON.js: [unimplemented]
kangax-es6/misc.Proxy.get.Error.toString.js: [unimplemented]
kangax-es6/misc.Proxy.get.Function.bind.js: [unimplemented]
kangax-es6/misc.Proxy.get.HasBinding.js: Syntax error: misc.Proxy.get.HasBinding.js:14:6: unexpected token.
kangax-es6/misc.Proxy.get.IteratorComplete.js: Syntax error: misc.Proxy.get.IteratorComplete.js:22:12: expect ';' or line terminator
kangax-es6/misc.Proxy.get.JSON.stringify.js: [unimplemented]
kangax-es6/misc.Proxy.get.Object.assign.js: [unimplemented]
kangax-es6/misc.Proxy.get.Object.defineProperties.js: [unimplemented]
kangax-es6/misc.Proxy.get.Promise.resolve.js: [unimplemented]
kangax-es6/misc.Proxy.get.RegExp-constructor.js: [unimplemented]
kangax-es6/misc.Proxy.get.RegExp.Symbol.match.js: Runtime error: misc.Proxy.get.RegExp.Symbol.match.js:9:11: Uncaught Exception Error(Reference error: 'global' is not defined)
kangax-es6/misc.Proxy.get.RegExp.Symbol.replace.js: Runtime error: misc.Proxy.get.RegExp.Symbol.replace.js:9:11: Uncaught Exception Error(Reference error: 'global' is not defined)
kangax-es6/misc.Proxy.get.RegExp.Symbol.search.js: [unimplemented]
kangax-es6/misc.Proxy.get.RegExp.Symbol.split.js: [unimplemented]
kangax-es6/misc.Proxy.get.RegExp.flags.js: Syntax error: misc.Proxy.get.RegExp.flags.js:15:19: expect ')'
kangax-es6/misc.Proxy.get.RegExp.test.js: [unimplemented]
kangax-es6/misc.Proxy.get.RegExp.toString.js: [unimplemented]
kangax-es6/misc.Proxy.get.String.match.js: [unimplemented]
kangax-es6/misc.Proxy.get.String.raw.js: [unimplemented]
kangax-es6/misc.Proxy.get.String.replace.js: [unimplemented]
kangax-es6/misc.Proxy.get.String.search.js: [unimplemented]
kangax-es6/misc.Proxy.get.String.split.js: [unimplemented]
kangax-es6/misc.Proxy.get.ToPrimitive.js: [unimplemented]
kangax-es6/misc.Proxy.get.ToPropertyDescriptor.js: [unimplemented]
kangax-es6/misc.Proxy.get.instanceof.js: Syntax error: misc.Proxy.get.instanceof.js:14:7: unexpected token.
kangax-es6/misc.Proxy.ownKeys.SerializeJSONObject.js: [unimplemented]
kangax-es6/misc.Proxy.ownKeys.SetIntegrityLevel.js: [unimplemented]
kangax-es6/misc.Proxy.ownKeys.TestIntegrityLevel.js: [unimplemented]
kangax-es6/misc.Proxy.set.Array.copyWithin.js: [unimplemented]
kangax-es6/misc.Proxy.set.Array.fill.js: [unimplemented]
kangax-es6/misc.Proxy.set.Array.from.js: [unimplemented]
kangax-es6/misc.Proxy.set.Array.of.js: [unimplemented]
kangax-es6/misc.Proxy.set.Array.pop.js: [unimplemented]
kangax-es6/misc.Proxy.set.Array.push.js: [unimplemented]
kangax-es6/misc.Proxy.set.Array.reverse.js: [unimplemented]
kangax-es6/misc.Proxy.set.Array.shift.js: [unimplemented]
kangax-es6/misc.Proxy.set.Array.splice.js: [unimplemented]
kangax-es6/misc.Proxy.set.Array.unshift.js: [unimplemented]
kangax-es6/misc.Proxy.set.Object.assign.js: [unimplemented]
kangax-es6/misc.RegExp-alter-flags.js: Syntax error: misc.RegExp-alter-flags.js:11:20: unexpected token.
kangax-es6/misc.RegExp-prototype-toString-generic.js: [unimplemented]
kangax-es6/misc.accessors-no-constructor.js: Syntax error: misc.accessors-no-constructor.js:11:9: expect '('.
kangax-es6/misc.bound-function-prototype.arrow.js: [unimplemented]
kangax-es6/misc.bound-function-prototype.class.js: Syntax error: misc.bound-function-prototype.class.js:10:10: unexpected token.
kangax-es6/misc.bound-function-prototype.function.js: [unimplemented]
kangax-es6/misc.bound-function-prototype.generator.js: Syntax error: misc.bound-function-prototype.generator.js:10:20: expect '('
kangax-es6/misc.bound-function-prototype.subclass.js: Syntax error: misc.bound-function-prototype.subclass.js:10:10: unexpected token.
kangax-es6/misc.do-while-no-semicolon.js: Syntax error: misc.do-while-no-semicolon.js:9:5: unexpected token.
kangax-es6/misc.duplicate-properties-strict.js: thread 'main' panicked at 'not implemented', core/src/vm/codegen.rs:816:18
kangax-es6/misc.for-in-no-assignment-strict.js: OK
kangax-es6/misc.function-length-configurable.js: [unimplemented]
kangax-es6/misc.identifier-syntax.no-escaped-reserved.js: Syntax error: misc.identifier-syntax.no-escaped-reserved.js:9:6: Expect identifier.
kangax-es6/misc.identifier-syntax.var-1.js: OK
kangax-es6/misc.identifier-syntax.var-2.js: thread 'main' panicked at 'byte index 321 is not a char boundary; it is inside '𐋀' (bytes 320..324) of `// compat-table: ES6 > misc > Updated identifier syntax (small) > var 𐋀
kangax-es6/misc.property-order.JSON.parse.js: [unimplemented]
kangax-es6/misc.property-order.JSON.stringify.js: thread 'main' panicked at 'not implemented', core/src/vm/codegen.rs:816:18
kangax-es6/misc.property-order.Object.assign.js: thread 'main' panicked at 'not implemented', core/src/vm/codegen.rs:816:18
kangax-es6/misc.property-order.Object.getOwnPropertyNames.js: thread 'main' panicked at 'not implemented', core/src/vm/codegen.rs:816:18
kangax-es6/misc.property-order.Object.keys.js: Syntax error: misc.property-order.Object.keys.js:39:14: expect ';' or line terminator
kangax-es6/misc.property-order.Reflect.ownKeys.string.js: thread 'main' panicked at 'not implemented', core/src/vm/codegen.rs:816:18
kangax-es6/misc.property-order.Reflect.ownKeys.symbol.js: [unimplemented]
kangax-es6/misc.prototypes-not-instances.js: [unimplemented]
kangax-es6/new-target.assignment-error.js: Syntax error: new-target.assignment-error.js:12:25: unexpected token.
kangax-es6/new-target.constructor.js: Syntax error: new-target.constructor.js:12:25: unexpected token.
kangax-es6/regex.flags.u.case-folding.js: thread 'main' panicked at 'byte index 456 is not a char boundary; it is inside 'ſ' (bytes 455..457) of `// compat-table: ES6 > syntax > RegExp "y" and "u" flags (medium) > "u" flag, case folding
kangax-es6/regex.flags.u.codepoint.js: thread 'main' panicked at 'byte index 472 is not a char boundary; it is inside '𝌆' (bytes 469..473) of `// compat-table: ES6 > syntax > RegExp "y" and "u" flags (medium) > "u" flag, Unicode code point escapes
kangax-es6/regex.flags.u.js: thread 'main' panicked at 'byte index 444 is not a char boundary; it is inside '𠮷' (bytes 441..445) of `// compat-table: ES6 > syntax > RegExp "y" and "u" flags (medium) > "u" flag
kangax-es6/regex.flags.u.non-bmp.js: thread 'main' panicked at 'byte index 472 is not a char boundary; it is inside '𠮷' (bytes 469..473) of `// compat-table: ES6 > syntax > RegExp "y" and "u" flags (medium) > "u" flag, non-BMP Unicode characters
kangax-es6/regex.flags.y.js: [unimplemented]
kangax-es6/regex.flags.y.lastIndex.js: [unimplemented]
kangax-es6/rest-params.arguments.js: OK
kangax-es6/rest-params.basic.js: Syntax error: rest-params.basic.js:11:27: expect ')'
kangax-es6/rest-params.length.js: failed
kangax-es6/rest-params.new-function.js: failed
kangax-es6/rest-params.no-setter.js: OK
kangax-es6/spread.array-call.js: Syntax error: spread.array-call.js:10:18: unexpected token.
kangax-es6/spread.array-literal.js: OK
kangax-es6/spread.astral-call.js: thread 'main' panicked at 'byte index 517 is not a char boundary; it is inside '𠮷' (bytes 516..520) of `// compat-table: ES6 > syntax > spread syntax for iterable objects (large) > with astral plane strings, in function calls
kangax-es6/spread.astral-literal.js: [unimplemented]
kangax-es6/spread.generator-call.js: Syntax error: spread.generator-call.js:10:27: expect ')'
kangax-es6/spread.generator-literal.js: Syntax error: spread.generator-literal.js:10:27: expect ')'
kangax-es6/spread.iterable-call.js: Syntax error: spread.iterable-call.js:35:18: unexpected token.
kangax-es6/spread.iterable-instance-call.js: Syntax error: spread.iterable-instance-call.js:35:18: unexpected token.
kangax-es6/spread.iterable-instance-literal.js: Runtime error: spread.iterable-instance-literal.js:9:11: Uncaught Exception Error(Reference error: 'global' is not defined)
kangax-es6/spread.iterable-literal.js: Runtime error: spread.iterable-literal.js:9:11: Uncaught Exception Error(Reference error: 'global' is not defined)
kangax-es6/spread.non-iterable-error.js: Syntax error: spread.non-iterable-error.js:11:16: unexpected token.
kangax-es6/spread.sparse-call.js: Syntax error: spread.sparse-call.js:10:16: unexpected token.
kangax-es6/spread.sparse-literal.js: Syntax error: spread.sparse-literal.js:11:16: unexpected token.
kangax-es6/spread.string-call.js: Syntax error: spread.string-call.js:10:18: unexpected token.
kangax-es6/spread.string-literal.js: [unimplemented]
kangax-es6/subclassing.Array.concat.js: Syntax error: subclassing.Array.concat.js:9:8: unexpected token.
kangax-es6/subclassing.Array.filter.js: Syntax error: subclassing.Array.filter.js:9:8: unexpected token.
kangax-es6/subclassing.Array.from.js: Syntax error: subclassing.Array.from.js:9:8: unexpected token.
kangax-es6/subclassing.Array.isArray.js: Syntax error: subclassing.Array.isArray.js:9:8: unexpected token.
kangax-es6/subclassing.Array.length-access.js: Syntax error: subclassing.Array.length-access.js:9:8: unexpected token.
kangax-es6/subclassing.Array.length-set.js: Syntax error: subclassing.Array.length-set.js:9:8: unexpected token.
kangax-es6/subclassing.Array.map.js: Syntax error: subclassing.Array.map.js:9:8: unexpected token.
kangax-es6/subclassing.Array.of.js: Syntax error: subclassing.Array.of.js:9:8: unexpected token.
kangax-es6/subclassing.Array.prototype-chain.js: Syntax error: subclassing.Array.prototype-chain.js:9:8: unexpected token.
kangax-es6/subclassing.Array.slice.js: Syntax error: subclassing.Array.slice.js:9:8: unexpected token.
kangax-es6/subclassing.Array.splice.js: Syntax error: subclassing.Array.splice.js:9:8: unexpected token.
kangax-es6/subclassing.Function.call.js: Syntax error: subclassing.Function.call.js:9:8: unexpected token.
kangax-es6/subclassing.Function.new.js: Syntax error: subclassing.Function.new.js:9:8: unexpected token.
kangax-es6/subclassing.Function.prototype-chain.js: Syntax error: subclassing.Function.prototype-chain.js:9:8: unexpected token.
kangax-es6/subclassing.Function.prototype.apply.js: Syntax error: subclassing.Function.prototype.apply.js:9:8: unexpected token.
kangax-es6/subclassing.Function.prototype.bind.js: Syntax error: subclassing.Function.prototype.bind.js:9:8: unexpected token.
kangax-es6/subclassing.Function.prototype.call.js: Syntax error: subclassing.Function.prototype.call.js:9:8: unexpected token.
kangax-es6/subclassing.Promise.all.js: Syntax error: subclassing.Promise.all.js:24:19: expect ';' or line terminator
kangax-es6/subclassing.Promise.js: Syntax error: subclassing.Promise.js:24:19: expect ';' or line terminator
kangax-es6/subclassing.Promise.prototype-chain.js: Syntax error: subclassing.Promise.prototype-chain.js:9:8: unexpected token.
kangax-es6/subclassing.Promise.race.js: Syntax error: subclassing.Promise.race.js:24:19: expect ';' or line terminator
kangax-es6/subclassing.RegExp.exec.js: Syntax error: subclassing.RegExp.exec.js:9:8: unexpected token.
kangax-es6/subclassing.RegExp.js: Syntax error: subclassing.RegExp.js:11:8: unexpected token.
kangax-es6/subclassing.RegExp.prototype-chain.js: Syntax error: subclassing.RegExp.prototype-chain.js:9:8: unexpected token.
kangax-es6/subclassing.RegExp.test.js: Syntax error: subclassing.RegExp.test.js:9:8: unexpected token.
kangax-es6/subclassing.misc.Boolean.js: Syntax error: subclassing.misc.Boolean.js:9:8: unexpected token.
kangax-es6/subclassing.misc.Error.js: Syntax error: subclassing.misc.Error.js:9:8: unexpected token. class C extends Error {}
kangax-es6/subclassing.misc.Map.js: Syntax error: subclassing.misc.Map.js:10:8: unexpected token.
kangax-es6/subclassing.misc.Number.js: Syntax error: subclassing.misc.Number.js:9:8: unexpected token.
kangax-es6/subclassing.misc.Set.js: Syntax error: subclassing.misc.Set.js:10:8: unexpected token.
kangax-es6/subclassing.misc.String.js: Syntax error: subclassing.misc.String.js:9:8: unexpected token.
kangax-es6/super.correct-constructor.js: Syntax error: super.correct-constructor.js:12:8: unexpected token.
kangax-es6/super.expression.js: Syntax error: super.expression.js:10:8: unexpected token.
kangax-es6/super.method-calls.js: Syntax error: super.method-calls.js:10:8: unexpected token.
kangax-es6/super.new-target-binding.js: Syntax error: super.new-target-binding.js:11:8: unexpected token.
kangax-es6/super.property-access.js: Syntax error: super.property-access.js:10:8: unexpected token.
kangax-es6/super.statement.js: Syntax error: super.statement.js:11:8: unexpected token.
kangax-es6/super.static-binding.js: Syntax error: super.static-binding.js:10:8: unexpected token.
kangax-es6/super.this-binding.js: Syntax error: super.this-binding.js:10:8: unexpected token.
kangax-es6/tail-calls.direct.js: [unimplemented]
kangax-es6/tail-calls.mutual.js: OK
kangax-es6/template.basic.js: Syntax error: template.basic.js:11:7: unexpected token.
kangax-es6/template.caching.js: Syntax error: template.caching.js:17:19: unexpected token.
kangax-es6/template.escape-sequences.js: Syntax error: template.escape-sequences.js:13:19: expect ';' or line terminator
kangax-es6/template.frozen-array.js: Syntax error: template.frozen-array.js:12:6: unexpected token.
kangax-es6/template.line-break.js: [unimplemented]
kangax-es6/template.permanent-caching.js: Syntax error: template.permanent-caching.js:14:19: unexpected token.
kangax-es6/template.tagged.js: Syntax error: template.tagged.js:13:28: unexpected token.
kangax-es6/template.toString.js: Syntax error: template.toString.js:14:9: unexpected token.
kangax-es6/typed-arrays.ArrayBuffer.Symbol.species.js: [unimplemented]
kangax-es6/typed-arrays.DataView.Float32.js: [unimplemented]
kangax-es6/typed-arrays.DataView.Float64.js: [unimplemented]
kangax-es6/typed-arrays.DataView.Int8.js: [unimplemented]
kangax-es6/typed-arrays.DataView.Int16.js: [unimplemented]
kangax-es6/typed-arrays.DataView.Int32.js: [unimplemented]
kangax-es6/typed-arrays.DataView.Uint8.js: [unimplemented]
kangax-es6/typed-arrays.DataView.Uint16.js: [unimplemented]
kangax-es6/typed-arrays.DataView.Uint32.js: [unimplemented]
kangax-es6/typed-arrays.Float32Array.js: [unimplemented]
kangax-es6/typed-arrays.Float64Array.js: [unimplemented]
kangax-es6/typed-arrays.Int8Array.js: [unimplemented]
kangax-es6/typed-arrays.Int16Array.js: [unimplemented]
kangax-es6/typed-arrays.Int32Array.js: [unimplemented]
kangax-es6/typed-arrays.Symbol.species.js: Syntax error: typed-arrays.Symbol.species.js:11:6: unexpected token.
kangax-es6/typed-arrays.Uint8Array.js: [unimplemented]
kangax-es6/typed-arrays.Uint8ClampedArray.js: [unimplemented]
kangax-es6/typed-arrays.Uint16Array.js: [unimplemented]
kangax-es6/typed-arrays.Uint32Array.js: [unimplemented]
kangax-es6/typed-arrays.constructor-iterables.js: Runtime error: typed-arrays.constructor-iterables.js:9:11: Uncaught Exception Error(Reference error: 'global' is not defined)
kangax-es6/typed-arrays.constructor-requires-new.js: Syntax error: typed-arrays.constructor-requires-new.js:28:22: expect ')'
kangax-es6/typed-arrays.correct-prototype-chains.js: Syntax error: typed-arrays.correct-prototype-chains.js:27:26: expect ')'
kangax-es6/typed-arrays.from.js: Syntax error: typed-arrays.from.js:11:6: unexpected token.
kangax-es6/typed-arrays.of.js: Syntax error: typed-arrays.of.js:11:6: unexpected token.
kangax-es6/typed-arrays.prototype.Symbol.iterator.js: Syntax error: typed-arrays.prototype.Symbol.iterator.js:11:6: unexpected token.
kangax-es6/typed-arrays.prototype.copyWithin.js: Syntax error: typed-arrays.prototype.copyWithin.js:11:6: unexpected token.
kangax-es6/typed-arrays.prototype.entries.js: Syntax error: typed-arrays.prototype.entries.js:11:6: unexpected token.
kangax-es6/typed-arrays.prototype.every.js: Syntax error: typed-arrays.prototype.every.js:11:6: unexpected token.
kangax-es6/typed-arrays.prototype.fill.js: Syntax error: typed-arrays.prototype.fill.js:11:6: unexpected token.
kangax-es6/typed-arrays.prototype.filter.js: Syntax error: typed-arrays.prototype.filter.js:11:6: unexpected token.
kangax-es6/typed-arrays.prototype.findIndex.js: Syntax error: typed-arrays.prototype.findIndex.js:11:6: unexpected token.
kangax-es6/typed-arrays.prototype.find.js: Syntax error: typed-arrays.prototype.find.js:11:6: unexpected token.
kangax-es6/typed-arrays.prototype.forEach.js: Syntax error: typed-arrays.prototype.forEach.js:11:6: unexpected token.
kangax-es6/typed-arrays.prototype.indexOf.js: Syntax error: typed-arrays.prototype.indexOf.js:11:6: unexpected token.
kangax-es6/typed-arrays.prototype.join.js: Syntax error: typed-arrays.prototype.join.js:11:6: unexpected token.
kangax-es6/typed-arrays.prototype.keys.js: Syntax error: typed-arrays.prototype.keys.js:11:6: unexpected token.
kangax-es6/typed-arrays.prototype.lastIndexOf.js: Syntax error: typed-arrays.prototype.lastIndexOf.js:11:6: unexpected token.
kangax-es6/typed-arrays.prototype.map.js: Syntax error: typed-arrays.prototype.map.js:11:6: unexpected token.
kangax-es6/typed-arrays.prototype.reduceRight.js: Syntax error: typed-arrays.prototype.reduceRight.js:11:6: unexpected token.
kangax-es6/typed-arrays.prototype.reduce.js: Syntax error: typed-arrays.prototype.reduce.js:11:6: unexpected token.
kangax-es6/typed-arrays.prototype.reverse.js: Syntax error: typed-arrays.prototype.reverse.js:11:6: unexpected token.
kangax-es6/typed-arrays.prototype.slice.js: Syntax error: typed-arrays.prototype.slice.js:11:6: unexpected token.
kangax-es6/typed-arrays.prototype.some.js: Syntax error: typed-arrays.prototype.some.js:11:6: unexpected token.
kangax-es6/typed-arrays.prototype.sort.js: Syntax error: typed-arrays.prototype.sort.js:11:6: unexpected token.
kangax-es6/typed-arrays.prototype.subarray.js: Syntax error: typed-arrays.prototype.subarray.js:11:6: unexpected token.
kangax-es6/typed-arrays.prototype.values.js: Syntax error: typed-arrays.prototype.values.js:11:6: unexpected token.
kangax-es6/unicode-escapes.identifier.js: Syntax error: unicode-escapes.identifier.js:9:9: invalid token
kangax-es6/unicode-escapes.property-access.js: Syntax error: unicode-escapes.property-access.js:10:14: invalid token
kangax-es6/unicode-escapes.property-key.js: Syntax error: unicode-escapes.property-key.js:9:15: invalid token
kangax-es6/unicode-escapes.string.js: failed
kangax-es6/well-known.hasInstance.js: Syntax error: well-known.hasInstance.js:16:6: unexpected token.
kangax-es6/well-known.isConcatSpreadable.non-spreadable.js: [unimplemented]
kangax-es6/well-known.isConcatSpreadable.poisoned-getter.js: failed
kangax-es6/well-known.iterator.arguments.js: failed
kangax-es6/well-known.iterator.js: Syntax error: well-known.iterator.js:10:23: unexpected token.
kangax-es6/well-known.match.RegExp-constructor.js: Syntax error: well-known.match.RegExp-constructor.js:9:11: unexpected token.
kangax-es6/well-known.match.String.endsWith.js: Syntax error: well-known.match.String.endsWith.js:9:11: unexpected token.
kangax-es6/well-known.match.String.includes.js: Syntax error: well-known.match.String.includes.js:9:11: unexpected token.
kangax-es6/well-known.match.String.startsWith.js: Syntax error: well-known.match.String.startsWith.js:9:11: unexpected token.
kangax-es6/well-known.match.js: [unimplemented]
kangax-es6/well-known.replace.js: [unimplemented]
kangax-es6/well-known.search.js: [unimplemented]
kangax-es6/well-known.species.Array.concat.js: [unimplemented]
kangax-es6/well-known.species.Array.filter.js: [unimplemented]
kangax-es6/well-known.species.Array.map.js: [unimplemented]
kangax-es6/well-known.species.Array.slice.js: [unimplemented]
kangax-es6/well-known.species.Array.splice.js: [unimplemented]
kangax-es6/well-known.species.Promise.then.js: Syntax error: well-known.species.Promise.then.js:13:47: unexpected token.
kangax-es6/well-known.species.RegExp.split.js: Syntax error: well-known.species.RegExp.split.js:14:12: unexpected token.
kangax-es6/well-known.species.js: Syntax error: well-known.species.js:10:22: unexpected token.
kangax-es6/well-known.split.js: failed
kangax-es6/well-known.toPrimitive.js: Syntax error: well-known.toPrimitive.js:17:4: unexpected token.
kangax-es6/well-known.toStringTag.existing-builtins.js: Syntax error: well-known.toStringTag.existing-builtins.js:20:24: unexpected token.
kangax-es6/well-known.toStringTag.js: failed
kangax-es6/well-known.toStringTag.misc-builtins.js: failed
kangax-es6/well-known.toStringTag.new-builtins.js: Syntax error: well-known.toStringTag.new-builtins.js:23:38: unexpected token.
kangax-es6/well-known.unscopables.js: Syntax error: well-known.unscopables.js:12:7: unexpected token.
kangax-es2016/Array.prototype.includes.generic.js: Syntax error: Array.prototype.includes.generic.js:13:10: expect ',' or '}'.
kangax-es2016/Array.prototype.includes.js: [unimplemented]
kangax-es2016/Array.prototype.includes.sparse.js: [unimplemented]
kangax-es2016/Array.prototype.includes.typed-array.js: [unimplemented]
kangax-es2016/exponentiation.assignment.js: Syntax error: exponentiation.assignment.js:10:19: unexpected token.
kangax-es2016/exponentiation.basic.js: OK
kangax-es2016/exponentiation.unary-negation-error.js: failed
kangax-es2016/misc.Proxy-Array-includes.js: [unimplemented]
kangax-es2016/misc.Proxy-enumerate-removed.js: Syntax error: misc.Proxy-enumerate-removed.js:16:15: expect ';' or line terminator
kangax-es2016/misc.generator-no-new.js: Syntax error: misc.generator-no-new.js:10:11: expect function name
kangax-es2016/misc.generator-throw-inner.js: Syntax error: misc.generator-throw-inner.js:10:11: expect function name
kangax-es2016/misc.nested-rest-destructuring-decl.js: Syntax error: misc.nested-rest-destructuring-decl.js:10:6: Expect identifier.
kangax-es2016/misc.nested-rest-destructuring-params.js: Syntax error: misc.nested-rest-destructuring-params.js:9:19: expect identifier (unsupported feature)
kangax-es2016/misc.strict-fn-non-simple-params-error.js: failed
kangax-es2017/Atomics.add.js: [unimplemented]
kangax-es2017/Atomics.and.js: [unimplemented]
kangax-es2017/Atomics.compareExchange.js: [unimplemented]
kangax-es2017/Atomics.exchange.js: [unimplemented]
kangax-es2017/Atomics.isLockFree.js: [unimplemented]
kangax-es2017/Atomics.load.js: [unimplemented]
kangax-es2017/Atomics.notify.js: [unimplemented]
kangax-es2017/Atomics.or.js: [unimplemented]
kangax-es2017/Atomics.store.js: [unimplemented]
kangax-es2017/Atomics.sub.js: [unimplemented]
kangax-es2017/Atomics.wait.js: [unimplemented]
kangax-es2017/Atomics.xor.js: [unimplemented]
kangax-es2017/Object.entries.js: [unimplemented]
kangax-es2017/Object.getOwnPropertyDescriptors.js: [unimplemented]
kangax-es2017/Object.getOwnPropertyDescriptors.no-undefined.js: [unimplemented]
kangax-es2017/Object.values.js: [unimplemented]
kangax-es2017/SharedArrayBuffer.Symbol.species.js: [unimplemented]
kangax-es2017/SharedArrayBuffer.js: [unimplemented]
kangax-es2017/SharedArrayBuffer.prototype.Symbol.toStringTag.js: [unimplemented]
kangax-es2017/SharedArrayBuffer.prototype.byteLength.js: Syntax error: SharedArrayBuffer.prototype.byteLength.js:10:25: unexpected token.
kangax-es2017/SharedArrayBuffer.prototype.slice.js: [unimplemented]
kangax-es2017/String.prototype.padEnd.js: [unimplemented]
kangax-es2017/String.prototype.padStart.js: [unimplemented]
kangax-es2017/annex-b.Object.prototype.__defineGetter__.ToObject.js: [unimplemented]
kangax-es2017/annex-b.Object.prototype.__defineGetter__.js: [unimplemented]
kangax-es2017/annex-b.Object.prototype.__defineGetter__.symbols.js: [unimplemented]
kangax-es2017/annex-b.Object.prototype.__defineSetter__.ToObject.js: [unimplemented]
kangax-es2017/annex-b.Object.prototype.__defineSetter__.js: [unimplemented]
kangax-es2017/annex-b.Object.prototype.__defineSetter__.symbols.js: [unimplemented]
kangax-es2017/annex-b.Object.prototype.__lookupGetter__.ToObject.js: [unimplemented]
kangax-es2017/annex-b.Object.prototype.__lookupGetter__.js: thread 'main' panicked at 'not implemented', core/src/vm/codegen.rs:816:18
kangax-es2017/annex-b.Object.prototype.__lookupGetter__.prototype-chain.js: thread 'main' panicked at 'not implemented', core/src/vm/codegen.rs:816:18
kangax-es2017/annex-b.Object.prototype.__lookupGetter__.shadow-accessors.js: thread 'main' panicked at 'not implemented', core/src/vm/codegen.rs:816:18
kangax-es2017/annex-b.Object.prototype.__lookupGetter__.symbols.js: thread 'main' panicked at 'not implemented', core/src/vm/codegen.rs:816:18
kangax-es2017/annex-b.Object.prototype.__lookupSetter__.ToObject.js: [unimplemented]
kangax-es2017/annex-b.Object.prototype.__lookupSetter__.js: thread 'main' panicked at 'not implemented', core/src/vm/codegen.rs:816:18
kangax-es2017/annex-b.Object.prototype.__lookupSetter__.prototype-chain.js: thread 'main' panicked at 'not implemented', core/src/vm/codegen.rs:816:18
kangax-es2017/annex-b.Object.prototype.__lookupSetter__.shadow-accessors.js: thread 'main' panicked at 'not implemented', core/src/vm/codegen.rs:816:18
kangax-es2017/annex-b.Object.prototype.__lookupSetter__.symbols.js: thread 'main' panicked at 'not implemented', core/src/vm/codegen.rs:816:18
kangax-es2017/annex-b.Proxy.__defineGetter__.js: [unimplemented]
kangax-es2017/annex-b.Proxy.__defineSetter__.js: [unimplemented]
kangax-es2017/annex-b.Proxy.__lookupGetter__.js: [unimplemented]
kangax-es2017/annex-b.Proxy.__lookupSetter__.js: [unimplemented]
kangax-es2017/annex-b.for-in-assignment-non-strict.js: Syntax error: annex-b.for-in-assignment-non-strict.js:10:17: expect ';' or line terminator
kangax-es2017/async.Symbol.toStringTag.js: Syntax error: async.Symbol.toStringTag.js:10:37: expect ',' or ')'.
kangax-es2017/async.arrow-in-class.js: Syntax error: async.arrow-in-class.js:25:19: expect ';' or line terminator
kangax-es2017/async.arrow.js: Syntax error: async.arrow.js:25:19: expect ';' or line terminator
kangax-es2017/async.await-non-promise.js: Syntax error: async.await-non-promise.js:25:19: expect ';' or line terminator
kangax-es2017/async.await-rejection.js: Syntax error: async.await-rejection.js:25:19: expect ';' or line terminator
kangax-es2017/async.await.js: Syntax error: async.await.js:25:19: expect ';' or line terminator
kangax-es2017/async.constructor.js: Syntax error: async.constructor.js:25:19: expect ';' or line terminator
kangax-es2017/async.methods-class.js: Syntax error: async.methods-class.js:25:19: expect ';' or line terminator
kangax-es2017/async.methods-object.js: Syntax error: async.methods-object.js:25:19: expect ';' or line terminator
kangax-es2017/async.must-await-value.js: Syntax error: async.must-await-value.js:10:8: unexpected token.
kangax-es2017/async.no-await-in-params.js: Syntax error: async.no-await-in-params.js:10:8: unexpected token.
kangax-es2017/async.no-line-break.js: Syntax error: async.no-line-break.js:10:8: unexpected token.
kangax-es2017/async.no-prototype.js: Syntax error: async.no-prototype.js:10:8: unexpected token.
kangax-es2017/async.prototype-chain.js: Syntax error: async.prototype-chain.js:10:55: expect ',' or ')'.
kangax-es2017/async.return.js: Syntax error: async.return.js:25:19: expect ';' or line terminator
kangax-es2017/async.throw.js: Syntax error: async.throw.js:25:19: expect ';' or line terminator
kangax-es2017/misc.arguments-caller-removed.js: [unimplemented]
kangax-es2017/regex.flags.u.case-folding.js: thread 'main' panicked at 'byte index 295 is not a char boundary; it is inside 'ſ' (bytes 294..296) of `// compat-table: ES2016+ > 2017 misc > RegExp "u" flag, case folding (tiny)
kangax-es2017/trailing-comma.arguments.js: [unimplemented]
kangax-es2017/trailing-comma.params.js: Syntax error: trailing-comma.params.js:10:34: expect identifier (unsupported feature)
kangax-es2018/Promise.prototype.finally.change-rejection.js: Syntax error: Promise.prototype.finally.change-rejection.js:25:19: expect ';' or line terminator
kangax-es2018/Promise.prototype.finally.js: Syntax error: Promise.prototype.finally.js:25:19: expect ';' or line terminator
kangax-es2018/Promise.prototype.finally.no-change-resolution.js: Syntax error: Promise.prototype.finally.no-change-resolution.js:25:19: expect ';' or line terminator
kangax-es2018/async-iterators.for-await-of.js: Syntax error: async-iterators.for-await-of.js:25:19: expect ';' or line terminator
kangax-es2018/async-iterators.generators.js: Syntax error: async-iterators.generators.js:24:19: expect ';' or line terminator
kangax-es2018/misc.Proxy-ownKeys-duplicate-keys.js: Syntax error: misc.Proxy-ownKeys-duplicate-keys.js:11:11: expect ',' or '}'.
kangax-es2018/misc.template-literal-revision.js: Syntax error: misc.template-literal-revision.js:16:13: unexpected token.
kangax-es2018/object-rest.js: Syntax error: object-rest.js:9:6: Expect identifier.
kangax-es2018/object-spread.js: OK
kangax-es2018/regex.flags.s.js: Syntax error: regex.flags.s.js:10:16: unexpected token.
kangax-es2018/regex.lookbehind.js: Syntax error: regex.lookbehind.js:10:9: unexpected token.
kangax-es2018/regex.named-capture-groups.js: Syntax error: regex.named-capture-groups.js:10:15: unexpected token.
kangax-es2018/regex.unicode-property-escapes.js: Syntax error: regex.unicode-property-escapes.js:10:27: unexpected token.
kangax-es2018/regex.unicode-property-escapes.unicode-11.js: thread 'main' panicked at 'byte index 517 is not a char boundary; it is inside '🥰' (bytes 516..520) of `// compat-table: ES2016+ > 2018 features > RegExp Unicode Property Escapes (small) > Unicode 11
kangax-es2018/regex.unicode-property-escapes.unicode-12.1.js: Syntax error: regex.unicode-property-escapes.unicode-12.1.js:10:9: unexpected token.
kangax-es2018/regex.unicode-property-escapes.unicode-12.js: thread 'main' panicked at 'byte index 515 is not a char boundary; it is inside '🥱' (bytes 514..518) of `// compat-table: ES2016+ > 2018 features > RegExp Unicode Property Escapes (small) > Unicode 12
kangax-es2018/regex.unicode-property-escapes.unicode-13.js: thread 'main' panicked at 'byte index 518 is not a char boundary; it is inside '🥲' (bytes 517..521) of `// compat-table: ES2016+ > 2018 features > RegExp Unicode Property Escapes (small) > Unicode 13
kangax-es2018/regex.unicode-property-escapes.unicode-14.js: thread 'main' panicked at 'byte index 516 is not a char boundary; it is inside '🫠' (bytes 515..519) of `// compat-table: ES2016+ > 2018 features > RegExp Unicode Property Escapes (small) > Unicode 14
kangax-es2018/regex.unicode-property-escapes.unicode-15.1.js: Syntax error: regex.unicode-property-escapes.unicode-15.1.js:10:9: unexpected token.
kangax-es2018/regex.unicode-property-escapes.unicode-15.js: thread 'main' panicked at 'byte index 512 is not a char boundary; it is inside '🫨' (bytes 511..515) of `// compat-table: ES2016+ > 2018 features > RegExp Unicode Property Escapes (small) > Unicode 15
kangax-es2018/regex.unicode-property-escapes.unicode-16.0.js: thread 'main' panicked at 'byte index 516 is not a char boundary; it is inside '\u{1fae9}' (bytes 515..519) of `// compat-table: ES2016+ > 2018 features > RegExp Unicode Property Escapes (small) > Unicode 16.0
kangax-es2018/regex.unicode-property-escapes.unicode-17.0.js: thread 'main' panicked at 'byte index 517 is not a char boundary; it is inside '\u{1facd}' (bytes 516..520) of `// compat-table: ES2016+ > 2018 features > RegExp Unicode Property Escapes (small) > Unicode 17.0
kangax-es2019/Array.prototype.flatMap.js: [unimplemented]
kangax-es2019/Array.prototype.flat-flatMap.unscopables.js: [unimplemented]
kangax-es2019/Array.prototype.flat.js: [unimplemented]
kangax-es2019/Object.fromEntries.js: [unimplemented]
kangax-es2019/String.prototype.trimEnd.js: [unimplemented]
kangax-es2019/String.prototype.trimStart.js: [unimplemented]
kangax-es2019/Symbol.prototype.description.empty.js: failed
kangax-es2019/Symbol.prototype.description.js: failed
kangax-es2019/Symbol.prototype.description.undefined.js: thread 'main' panicked at 'not implemented', core/src/vm/codegen.rs:816:18
kangax-es2019/annex-b.String.prototype.trimLeft.js: [unimplemented]
kangax-es2019/annex-b.String.prototype.trimRight.js: [unimplemented]
kangax-es2019/misc.Function-toString.Function-constructor.js: failed
kangax-es2019/misc.Function-toString.arrows.js: [unimplemented]
kangax-es2019/misc.Function-toString.class-explicit-constructor.js: [unimplemented]
kangax-es2019/misc.Function-toString.class-implicit-constructor.js: [unimplemented]
kangax-es2019/misc.Function-toString.computed-names.js: [unimplemented]
kangax-es2019/misc.Function-toString.native-code.js: Syntax error: misc.Function-toString.native-code.js:10:25: unexpected token.
kangax-es2019/misc.Function-toString.unicode-escapes.js: [unimplemented]
kangax-es2019/misc.JSON-stringify-well-formed.js: thread 'main' panicked at 'called `Result::unwrap()` on an `Err` value: "invalid sequence"', lexer/src/lib.rs:449:22
kangax-es2019/misc.JSON-superset.line-separator.js: [unimplemented]
kangax-es2019/misc.JSON-superset.paragraph-separator.js: [unimplemented]
kangax-es2019/misc.optional-catch-binding.await.js: Syntax error: misc.optional-catch-binding.await.js:24:19: expect ';' or line terminator
kangax-es2019/misc.optional-catch-binding.js: Syntax error: misc.optional-catch-binding.js:12:8: expected (
kangax-es2019/misc.optional-catch-binding.yield.js: Syntax error: misc.optional-catch-binding.yield.js:9:11: expect function name
kangax-es2020/BigInt64Array.js: Syntax error: BigInt64Array.js:12:30: unexpected token.
kangax-es2020/BigInt.asIntN.js: [unimplemented]
kangax-es2020/BigInt.asUintN.js: [unimplemented]
kangax-es2020/BigInt.constructor.js: Syntax error: BigInt.constructor.js:10:25: invalid token
kangax-es2020/BigInt.js: Syntax error: BigInt.js:10:10: invalid token
kangax-es2020/BigUint64Array.js: Syntax error: BigUint64Array.js:12:31: unexpected token.
kangax-es2020/DataView.prototype.getBigInt64.js: Syntax error: DataView.prototype.getBigInt64.js:12:22: invalid token
kangax-es2020/DataView.prototype.getBigUint64.js: Syntax error: DataView.prototype.getBigUint64.js:12:23: invalid token
kangax-es2020/Promise.allSettled.js: Syntax error: Promise.allSettled.js:25:19: expect ';' or line terminator
kangax-es2020/String.prototype.matchAll.js: Syntax error: String.prototype.matchAll.js:10:35: unexpected token.
kangax-es2020/String.prototype.matchAll.throws-non-global.js: Syntax error: String.prototype.matchAll.throws-non-global.js:12:23: unexpected token.
kangax-es2020/globalThis.descriptor.js: Syntax error: globalThis.descriptor.js:14:21: expect ')'
kangax-es2020/globalThis.js: Runtime error: globalThis.js:9:30: Uncaught Exception Error(Reference error: 'globalThis' is not defined)
kangax-es2020/nullish-coalescing.js: Syntax error: nullish-coalescing.js:10:18: expect ')'
kangax-es2020/optional-chaining.bracket.js: Syntax error: optional-chaining.bracket.js:12:13: unexpected token.
kangax-es2020/optional-chaining.function-call.js: Syntax error: optional-chaining.function-call.js:14:17: unexpected token.
kangax-es2020/optional-chaining.method-call.js: Syntax error: optional-chaining.method-call.js:12:13: unexpected token.
kangax-es2020/optional-chaining.property.js: Syntax error: optional-chaining.property.js:12:13: unexpected token.
kangax-es2020/optional-chaining.spread-params.js: Syntax error: optional-chaining.spread-params.js:14:12: unexpected token.
kangax-es2021/FinalizationRegistry.js: [unimplemented]
kangax-es2021/Promise.any.AggregateError.js: Syntax error: Promise.any.AggregateError.js:25:19: expect ';' or line terminator
kangax-es2021/Promise.any.fulfillment.js: Syntax error: Promise.any.fulfillment.js:25:19: expect ';' or line terminator
kangax-es2021/String.prototype.replaceAll.js: [unimplemented]
kangax-es2021/WeakRef.js: [unimplemented]
kangax-es2021/logical-assignment.and.js: Syntax error: logical-assignment.and.js:13:4: unexpected token.
kangax-es2021/logical-assignment.and.setter-not-invoked.js: Syntax error: logical-assignment.and.setter-not-invoked.js:11:8: unexpected token.
kangax-es2021/logical-assignment.and.short-circuit.js: Syntax error: logical-assignment.and.short-circuit.js:11:4: unexpected token.
kangax-es2021/logical-assignment.nullish.js: Syntax error: logical-assignment.nullish.js:13:6: unexpected token.
kangax-es2021/logical-assignment.nullish.setter-not-invoked.js: Syntax error: logical-assignment.nullish.setter-not-invoked.js:11:10: unexpected token.
kangax-es2021/logical-assignment.nullish.short-circuit.js: Syntax error: logical-assignment.nullish.short-circuit.js:11:6: unexpected token.
kangax-es2021/logical-assignment.or.js: Syntax error: logical-assignment.or.js:13:4: unexpected token.
kangax-es2021/logical-assignment.or.setter-not-invoked.js: Syntax error: logical-assignment.or.setter-not-invoked.js:11:8: unexpected token.
kangax-es2021/logical-assignment.or.short-circuit.js: Syntax error: logical-assignment.or.short-circuit.js:11:4: unexpected token.
kangax-es2021/numeric-separators.js: Syntax error: numeric-separators.js:9:22: unexpected token.
kangax-es2022/Error.cause.AggregateError-prototype-lacks.js: Syntax error: Error.cause.AggregateError-prototype-lacks.js:9:19: expect ')' return !('cause' in AggregateError.prototype)
kangax-es2022/Error.cause.AggregateError.js: [unimplemented]
kangax-es2022/Error.cause.Error-prototype-lacks.js: Syntax error: Error.cause.Error-prototype-lacks.js:9:19: expect ')' return !('cause' in Error.prototype)
kangax-es2022/Error.cause.Error.js: [unimplemented]
kangax-es2022/Error.cause.EvalError-prototype-lacks.js: Syntax error: Error.cause.EvalError-prototype-lacks.js:9:19: expect ')' return !('cause' in EvalError.prototype)
kangax-es2022/Error.cause.EvalError.js: [unimplemented]
kangax-es2022/Error.cause.RangeError-prototype-lacks.js: Syntax error: Error.cause.RangeError-prototype-lacks.js:9:19: expect ')' return !('cause' in RangeError.prototype)
kangax-es2022/Error.cause.RangeError.js: [unimplemented]
kangax-es2022/Error.cause.ReferenceError-prototype-lacks.js: Syntax error: Error.cause.ReferenceError-prototype-lacks.js:9:19: expect ')' return !('cause' in ReferenceError.prototype)
kangax-es2022/Error.cause.ReferenceError.js: [unimplemented]
kangax-es2022/Error.cause.SyntaxError-prototype-lacks.js: Syntax error: Error.cause.SyntaxError-prototype-lacks.js:9:19: expect ')' return !('cause' in SyntaxError.prototype)
kangax-es2022/Error.cause.SyntaxError.js: [unimplemented]
kangax-es2022/Error.cause.TypeError-prototype-lacks.js: Syntax error: Error.cause.TypeError-prototype-lacks.js:9:19: expect ')' return !('cause' in TypeError.prototype)
kangax-es2022/Error.cause.TypeError.js: [unimplemented]
kangax-es2022/Error.cause.URIError-prototype-lacks.js: Syntax error: Error.cause.URIError-prototype-lacks.js:9:19: expect ')' return !('cause' in URIError.prototype)
kangax-es2022/Error.cause.URIError.js: [unimplemented]
kangax-es2022/Object.hasOwn.ToObject-first.js: failed
kangax-es2022/Object.hasOwn.js: [unimplemented]
kangax-es2022/at-method.Array.js: [unimplemented]
kangax-es2022/at-method.String.js: [unimplemented]
kangax-es2022/at-method.TypedArray.js: Runtime error: at-method.TypedArray.js:8:11: Uncaught Exception Error(Reference error: 'globalThis' is not defined)
kangax-es2022/class-fields.computed-instance.js: Syntax error: class-fields.computed-instance.js:9:8: unexpected token.
kangax-es2022/class-fields.computed-static.js: Syntax error: class-fields.computed-static.js:9:8: unexpected token.
kangax-es2022/class-fields.instance.parent-scope.js: Syntax error: class-fields.instance.parent-scope.js:11:10: unexpected token.
kangax-es2022/class-fields.private-instance.initializers.js: Syntax error: class-fields.private-instance.initializers.js:9:8: unexpected token.
kangax-es2022/class-fields.private-instance.js: Syntax error: class-fields.private-instance.js:10:8: unexpected token.
kangax-es2022/class-fields.private-instance.optional-access.js: Syntax error: class-fields.private-instance.optional-access.js:9:8: unexpected token.
kangax-es2022/class-fields.private-instance.optional-deep-access.js: Syntax error: class-fields.private-instance.optional-deep-access.js:9:8: unexpected token.
kangax-es2022/class-fields.private-static.js: Syntax error: class-fields.private-static.js:10:8: unexpected token.
kangax-es2022/class-fields.public-instance.js: Syntax error: class-fields.public-instance.js:10:8: unexpected token.
kangax-es2022/class-fields.public-static.js: Syntax error: class-fields.public-static.js:10:8: unexpected token.
kangax-es2022/class-fields.static.define.js: Syntax error: class-fields.static.define.js:9:16: expect ')'
kangax-es2022/class-methods.private-accessor.js: Syntax error: class-methods.private-accessor.js:10:8: unexpected token.
kangax-es2022/class-methods.private-instance.js: Syntax error: class-methods.private-instance.js:9:8: unexpected token.
kangax-es2022/class-methods.private-static-accessor.js: Syntax error: class-methods.private-static-accessor.js:10:8: unexpected token.
kangax-es2022/class-methods.private-static.js: Syntax error: class-methods.private-static.js:9:8: unexpected token.
kangax-es2022/class-static-init-blocks.js: Syntax error: class-static-init-blocks.js:11:8: unexpected token.
kangax-es2022/ergonomic-brand-checks.js: Syntax error: ergonomic-brand-checks.js:9:8: unexpected token.
kangax-es2022/regex.flags.d.constructor.js: Syntax error: regex.flags.d.constructor.js:9:41: unexpected token.
kangax-es2022/regex.flags.d.shows-in-flags.js: Syntax error: regex.flags.d.shows-in-flags.js:14:15: expect ')'
kangax-es2023/Array.prototype.findLastIndex.js: [unimplemented]
kangax-es2023/Array.prototype.findLast.js: [unimplemented]
kangax-es2023/Array.prototype.toReversed.js: [unimplemented]
kangax-es2023/Array.prototype.toSorted.js: [unimplemented]
kangax-es2023/Array.prototype.toSpliced.js: [unimplemented]
kangax-es2023/Array.prototype.with.js: [unimplemented]
kangax-es2023/TypedArray.prototype.toReversed.js: [unimplemented]
kangax-es2023/TypedArray.prototype.toSorted.js: [unimplemented]
kangax-es2023/TypedArray.prototype.with.js: [unimplemented]
kangax-es2023/hashbang.js: Syntax error: hashbang.js:1:1: unexpected token.
kangax-es2024/ArrayBuffer.prototype.detached.js: [unimplemented]
kangax-es2024/ArrayBuffer.prototype.transferToFixedLength.js: [unimplemented]
kangax-es2024/ArrayBuffer.prototype.transfer.js: [unimplemented]
kangax-es2024/Map.groupBy.js: Syntax error: Map.groupBy.js:16:24: unexpected token.
kangax-es2024/Object.groupBy.js: Syntax error: Object.groupBy.js:14:22: expect ')'
kangax-es2024/Promise.withResolvers.js: Syntax error: Promise.withResolvers.js:11:24: unexpected token.
kangax-es2024/regex.flags.v.constructor.js: Syntax error: regex.flags.v.constructor.js:9:41: unexpected token.
kangax-es2024/regex.flags.v.properties-of-strings.js: Syntax error: regex.flags.v.properties-of-strings.js:9:9: unexpected token.
kangax-es2024/regex.flags.v.set-notations.js: Syntax error: regex.flags.v.set-notations.js:10:25: invalid token
kangax-es2024/regex.flags.v.shows-in-flags.js: [unimplemented]
kangax-es2024/regex.flags.v.unicode-15.1.js: thread 'main' panicked at 'byte index 331 is not a char boundary; it is inside '🐦' (bytes 330..334) of `// compat-table: ES2016+ > 2024 features > RegExp `v` flag (small) > Unicode 15.1
kangax-es2024/regex.flags.v.unicode-16.0.js: thread 'main' panicked at 'byte index 331 is not a char boundary; it is inside '🇨' (bytes 330..334) of `// compat-table: ES2016+ > 2024 features > RegExp `v` flag (small) > Unicode 16.0
kangax-es2024/regex.flags.v.unicode-17.0.js: thread 'main' panicked at 'byte index 331 is not a char boundary; it is inside '🧑' (bytes 330..334) of `// compat-table: ES2016+ > 2024 features > RegExp `v` flag (small) > Unicode 17.0
kangax-es2025/Iterator.extends.js: Syntax error: Iterator.extends.js:10:8: unexpected token.
kangax-es2025/Iterator.from.iterable.js: Syntax error: Iterator.from.iterable.js:11:19: unexpected token.
kangax-es2025/Iterator.from.iterator.js: Syntax error: Iterator.from.iterator.js:12:8: expect ',' or '}'.
kangax-es2025/Iterator.instanceof.js: Syntax error: Iterator.instanceof.js:10:39: unexpected token.
kangax-es2025/Iterator.prototype.Symbol.toStringTag.js: [unimplemented]
kangax-es2025/Iterator.prototype.drop.js: [unimplemented]
kangax-es2025/Iterator.prototype.every.js: [unimplemented]
kangax-es2025/Iterator.prototype.filter.js: [unimplemented]
kangax-es2025/Iterator.prototype.find.js: [unimplemented]
kangax-es2025/Iterator.prototype.flatMap.js: [unimplemented]
kangax-es2025/Iterator.prototype.forEach.js: [unimplemented]
kangax-es2025/Iterator.prototype.map.js: [unimplemented]
kangax-es2025/Iterator.prototype.reduce.js: [unimplemented]
kangax-es2025/Iterator.prototype.some.js: [unimplemented]
kangax-es2025/Iterator.prototype.take.js: [unimplemented]
kangax-es2025/Iterator.prototype.toArray.js: [unimplemented]
kangax-es2025/Promise.try.js: Syntax error: Promise.try.js:25:19: expect ';' or line terminator
kangax-es2025/RegExp.escape.js: [unimplemented]
kangax-es2025/Set.prototype.difference.js: [unimplemented]
kangax-es2025/Set.prototype.intersection.js: [unimplemented]
kangax-es2025/Set.prototype.isDisjointFrom.js: [unimplemented]
kangax-es2025/Set.prototype.isSubsetOf.js: [unimplemented]
kangax-es2025/Set.prototype.isSupersetOf.js: [unimplemented]
kangax-es2025/Set.prototype.symmetricDifference.js: [unimplemented]
kangax-es2025/Set.prototype.union.js: [unimplemented]
kangax-es2025/regex.duplicate-named-groups.js: Syntax error: regex.duplicate-named-groups.js:9:9: unexpected token.
kangax-es2025/regex.pattern-modifiers.i.js: Syntax error: regex.pattern-modifiers.i.js:9:16: unexpected token.
kangax-es2025/regex.pattern-modifiers.m.js: Syntax error: regex.pattern-modifiers.m.js:9:16: unexpected token.
kangax-es2025/regex.pattern-modifiers.s.js: Syntax error: regex.pattern-modifiers.s.js:9:16: unexpected token.
kangax-intl/Array.prototype.toLocaleString.js: failed
kangax-intl/Date.prototype.toLocaleDateString.js: failed
kangax-intl/Date.prototype.toLocaleString.js: failed
kangax-intl/Date.prototype.toLocaleTimeString.js: failed
kangax-intl/Intl.Collator.js: [unimplemented]
kangax-intl/Intl.Collator.new-instances.js: Syntax error: Intl.Collator.new-instances.js:10:40: unexpected token.
kangax-intl/Intl.Collator.prototype.compare.js: [unimplemented]
kangax-intl/Intl.Collator.prototype.resolvedOptions.js: [unimplemented]
kangax-intl/Intl.Collator.rejects-invalid-tags.js: Syntax error: Intl.Collator.rejects-invalid-tags.js:21:15: expect ';' or line terminator for (var i in invalidLanguageTags) {
kangax-intl/Intl.Collator.valid-tags.js: Syntax error: Intl.Collator.valid-tags.js:26:15: expect ';' or line terminator
kangax-intl/Intl.Collator.without-new.js: Syntax error: Intl.Collator.without-new.js:10:36: unexpected token.
kangax-intl/Intl.DateTimeFormat.iana-timezones.js: failed
kangax-intl/Intl.DateTimeFormat.js: [unimplemented]
kangax-intl/Intl.DateTimeFormat.new-instances.js: Syntax error: Intl.DateTimeFormat.new-instances.js:10:46: unexpected token.
kangax-intl/Intl.DateTimeFormat.rejects-invalid-tags.js: Syntax error: Intl.DateTimeFormat.rejects-invalid-tags.js:21:15: expect ';' or line terminator for (var i in invalidLanguageTags) {
kangax-intl/Intl.DateTimeFormat.resolvedOptions.timeZone-default.js: thread 'main' panicked at 'not implemented', core/src/vm/codegen.rs:816:18
kangax-intl/Intl.DateTimeFormat.valid-tags.js: Syntax error: Intl.DateTimeFormat.valid-tags.js:26:15: expect ';' or line terminator
kangax-intl/Intl.DateTimeFormat.without-new.js: Syntax error: Intl.DateTimeFormat.without-new.js:10:42: unexpected token.
kangax-intl/Intl.NumberFormat.js: [unimplemented]
kangax-intl/Intl.NumberFormat.new-instances.js: Syntax error: Intl.NumberFormat.new-instances.js:10:44: unexpected token.
kangax-intl/Intl.NumberFormat.rejects-invalid-tags.js: Syntax error: Intl.NumberFormat.rejects-invalid-tags.js:21:15: expect ';' or line terminator for (var i in invalidLanguageTags) {
kangax-intl/Intl.NumberFormat.valid-tags.js: Syntax error: Intl.NumberFormat.valid-tags.js:26:15: expect ';' or line terminator
kangax-intl/Intl.NumberFormat.without-new.js: Syntax error: Intl.NumberFormat.without-new.js:10:40: unexpected token.
kangax-intl/Intl.js: [unimplemented]
kangax-intl/Intl.prototype.js: [unimplemented]
kangax-intl/Number.prototype.toLocaleString.js: [unimplemented]
kangax-intl/Object.prototype.toLocaleString.js: failed
kangax-intl/String.prototype.localeCompare.js: [unimplemented]
kangax-next/Array.isTemplateObject.js: Syntax error: Array.isTemplateObject.js:10:40: expect ',' or ')'.
kangax-next/AsyncDisposableStack.js: Syntax error: AsyncDisposableStack.js:24:19: expect ';' or line terminator
kangax-next/AsyncIterator.extends.js: Syntax error: AsyncIterator.extends.js:9:8: unexpected token.
kangax-next/AsyncIterator.from.async-iterable.js: Syntax error: AsyncIterator.from.async-iterable.js:24:19: expect ';' or line terminator
kangax-next/AsyncIterator.from.iterable.js: Syntax error: AsyncIterator.from.iterable.js:24:19: expect ';' or line terminator
kangax-next/AsyncIterator.from.iterator.js: Syntax error: AsyncIterator.from.iterator.js:24:19: expect ';' or line terminator
kangax-next/AsyncIterator.instanceof.js: Syntax error: AsyncIterator.instanceof.js:9:16: expect ')'
kangax-next/AsyncIterator.prototype.Symbol.toStringTag.js: [unimplemented]
kangax-next/AsyncIterator.prototype.drop.js: Syntax error: AsyncIterator.prototype.drop.js:24:19: expect ';' or line terminator
kangax-next/AsyncIterator.prototype.every.js: Syntax error: AsyncIterator.prototype.every.js:24:19: expect ';' or line terminator
kangax-next/AsyncIterator.prototype.filter.js: Syntax error: AsyncIterator.prototype.filter.js:24:19: expect ';' or line terminator
kangax-next/AsyncIterator.prototype.find.js: Syntax error: AsyncIterator.prototype.find.js:24:19: expect ';' or line terminator
kangax-next/AsyncIterator.prototype.flatMap.js: Syntax error: AsyncIterator.prototype.flatMap.js:24:19: expect ';' or line terminator
kangax-next/AsyncIterator.prototype.forEach.js: Syntax error: AsyncIterator.prototype.forEach.js:24:19: expect ';' or line terminator
kangax-next/AsyncIterator.prototype.map.js: Syntax error: AsyncIterator.prototype.map.js:24:19: expect ';' or line terminator
kangax-next/AsyncIterator.prototype.reduce.js: Syntax error: AsyncIterator.prototype.reduce.js:24:19: expect ';' or line terminator
kangax-next/AsyncIterator.prototype.some.js: Syntax error: AsyncIterator.prototype.some.js:24:19: expect ';' or line terminator
kangax-next/AsyncIterator.prototype.take.js: Syntax error: AsyncIterator.prototype.take.js:24:19: expect ';' or line terminator
kangax-next/AsyncIterator.prototype.toArray.js: Syntax error: AsyncIterator.prototype.toArray.js:24:19: expect ';' or line terminator
kangax-next/DisposableStack.js: Syntax error: DisposableStack.js:12:37: Expect property definition.
kangax-next/Map.prototype.upsert.js: [unimplemented]
kangax-next/RegExp.1-9.js: Syntax error: RegExp.1-9.js:11:20: expect ')'
kangax-next/RegExp.lastMatch.js: Syntax error: RegExp.lastMatch.js:10:11: unexpected token.
kangax-next/ShadowRealm.js: Syntax error: ShadowRealm.js:11:20: unexpected token.
kangax-next/SuppressedError.js: Syntax error: SuppressedError.js:13:10: unexpected token.
kangax-next/Uint8Array.fromBase64.js: [unimplemented]
kangax-next/Uint8Array.fromHex.js: [unimplemented]
kangax-next/Uint8Array.setFromBase64.js: Syntax error: Uint8Array.setFromBase64.js:12:6: Expect identifier.
kangax-next/Uint8Array.setFromHex.js: Syntax error: Uint8Array.setFromHex.js:12:6: Expect identifier.
kangax-next/Uint8Array.toBase64.js: [unimplemented]
kangax-next/Uint8Array.toHex.js: [unimplemented]
kangax-next/WeakMap.prototype.upsert.js: [unimplemented]
kangax-next/await-using.for-of.js: Syntax error: await-using.for-of.js:24:19: expect ';' or line terminator
kangax-next/await-using.js: Syntax error: await-using.js:24:19: expect ';' or line terminator
kangax-next/class-decorators.js: Syntax error: class-decorators.js:9:8: unexpected token.
kangax-next/function.sent.js: Syntax error: function.sent.js:10:10: expect function name
kangax-next/throw-expr.arrow.js: Syntax error: throw-expr.arrow.js:9:14: expect ')'
kangax-next/throw-expr.conditional.js: Syntax error: throw-expr.conditional.js:9:20: unexpected token.
kangax-next/throw-expr.logical.js: Syntax error: throw-expr.logical.js:11:20: unexpected token.
kangax-next/throw-expr.param-init.js: Syntax error: throw-expr.param-init.js:9:19: expect ','
kangax-next/using.for-of.js: Syntax error: using.for-of.js:11:4: Expect property definition.
kangax-next/using.js: Syntax error: using.js:11:4: Expect property definition.
