es1/Array.js: Array.length failed
es1/Array.length.assignment.js: OK
es1/Array.length.js: OK
es1/Array.prototype.constructor.js: OK
es1/Array.prototype.join.generic.js: OK
es1/Array.prototype.join.js: OK
es1/Array.prototype.reverse.generic.js: OK
es1/Array.prototype.reverse.js: OK
es1/Array.prototype.sort.generic.js: OK
es1/Array.prototype.sort.js: OK
es1/Array.prototype.toString.js: OK
es1/Boolean.js: OK
es1/Boolean.prototype.constructor.js: OK
es1/Boolean.prototype.toString.js: OK
es1/Boolean.prototype.valueOf.js: OK
es1/Date.diff.js: OK
es1/Date.js: OK
es1/Date.prototype.constructor.js: OK
es1/Date.prototype.getDate.js: OK
es1/Date.prototype.getDay.js: OK
es1/Date.prototype.getFullYear.js: OK
es1/Date.prototype.getHours.js: OK
es1/Date.prototype.getMilliseconds.js: OK
es1/Date.prototype.getMinutes.js: OK
es1/Date.prototype.getMonth.js: OK
es1/Date.prototype.getSeconds.js: OK
es1/Date.prototype.getTimezoneOffset.js: OK
es1/Date.prototype.getTime.js: OK
es1/Date.prototype.getUTCDate.js: failed
es1/Date.prototype.getUTCDay.js: failed
es1/Date.prototype.getUTCFullYear.js: failed
es1/Date.prototype.getUTCHours.js: failed
es1/Date.prototype.getUTCMilliseconds.js: failed
es1/Date.prototype.getUTCMinutes.js: failed
es1/Date.prototype.getUTCMonth.js: failed
es1/Date.prototype.getUTCSeconds.js: failed
es1/Date.prototype.setDate.js: OK
es1/Date.prototype.setFullYear.js: OK
es1/Date.prototype.setHours.js: OK
es1/Date.prototype.setMilliseconds.js: OK
es1/Date.prototype.setMinutes.js: OK
es1/Date.prototype.setMonth.js: OK
es1/Date.prototype.setSeconds.js: OK
es1/Date.prototype.setTime.js: OK
es1/Date.prototype.setUTCDate.js: failed
es1/Date.prototype.setUTCFullYear.js: OK
es1/Date.prototype.setUTCHours.js: failed
es1/Date.prototype.setUTCMilliseconds.js: failed
es1/Date.prototype.setUTCMinutes.js: failed
es1/Date.prototype.setUTCMonth.js: failed
es1/Date.prototype.setUTCSeconds.js: failed
es1/Date.prototype.toLocaleString.js: OK
es1/Date.prototype.toString.js: OK
es1/Date.prototype.toUTCString.js: OK
es1/Date.prototype.valueOf.js: OK
es1/Function.js: OK
es1/Function.length.js: OK
es1/Function.prototype.constructor.js: OK
es1/Function.prototype.js: OK
es1/Function.prototype.toString.js: OK
es1/Math.E.js: OK
es1/Math.LN2.js: OK
es1/Math.LN10.js: OK
es1/Math.LOG2E.js: OK
es1/Math.LOG10E.js: OK
es1/Math.PI.js: OK
es1/Math.SQRT1_2.js: OK
es1/Math.SQRT2.js: OK
es1/Math.abs.js: OK
es1/Math.acos.js: OK
es1/Math.asin.js: OK
es1/Math.atan2.js: OK
es1/Math.atan.js: OK
es1/Math.ceil.js: OK
es1/Math.cos.js: OK
es1/Math.exp.js: OK
es1/Math.floor.js: OK
es1/Math.log.js: OK
es1/Math.max.js: OK
es1/Math.min.js: OK
es1/Math.pow.js: OK
es1/Math.random.js: OK
es1/Math.round.js: OK
es1/Math.sin.js: OK
es1/Math.sqrt.js: OK
es1/Math.tan.js: OK
es1/Number.MAX_VALUE.js: OK
es1/Number.MIN_VALUE.js: OK
es1/Number.NEGATIVE_INFINITY.js: OK
es1/Number.NaN.js: OK
es1/Number.POSITIVE_INFINITY.js: OK
es1/Number.js: OK
es1/Number.prototype.constructor.js: OK
es1/Number.prototype.toString.js: OK
es1/Number.prototype.valueOf.js: OK
es1/Object.js: OK
es1/Object.prototype.constructor.js: OK
es1/Object.prototype.toString.js: OK
es1/Object.prototype.valueOf.js: OK
es1/String.fromCharCode.js: OK
es1/String.generics.js: OK
es1/String.js: OK
es1/String.length.js: OK
es1/String.prototype.charAt.js: OK
es1/String.prototype.charCodeAt.js: OK
es1/String.prototype.constructor.js: OK
es1/String.prototype.indexOf.js: OK
es1/String.prototype.lastIndexOf.js: OK
es1/String.prototype.split.js: OK
es1/String.prototype.substring.js: OK
es1/String.prototype.toLowerCase.js: OK
es1/String.prototype.toString.js: OK
es1/String.prototype.toUpperCase.js: OK
es1/String.prototype.valueOf.js: OK
es1/annex-b.Date.prototype.getYear.js: OK
es1/annex-b.Date.prototype.setYear.js: OK
es1/annex-b.Date.prototype.toGMTString.js: OK
es1/annex-b.global.escape.js: OK
es1/annex-b.global.unescape.js: OK
es1/annex-b.literals.octal.js: OK
es1/annex-b.literals.string.octal.js: OK
es1/arguments.callee.js: OK
es1/arguments.js: OK
es1/asi.eval.js: OK
es1/asi.js: OK
es1/assignment.bitwise.js: OK
es1/assignment.js: OK
es1/assignment.ltr.js: OK
es1/assignment.unsigned-shift.js: OK
es1/bitwise.binary.js: OK
es1/bitwise.shifts.js: OK
es1/bitwise.tilde.js: OK
es1/bitwise.unsigned-shift.js: OK
es1/break.js: OK
es1/comma.js: OK
es1/comments.js: OK
es1/conditional.js: OK
es1/continue.js: OK
es1/conversions.ToBoolean.js: OK
es1/conversions.ToInt32.js: OK
es1/conversions.ToInteger.js: OK
es1/conversions.ToNumber.js: OK
es1/conversions.ToObject.js: OK
es1/conversions.ToString.js: OK
es1/conversions.ToUint32.js: OK
es1/conversions.js: OK
es1/equals.js: OK
es1/eval.js: SyntaxError: dynamic expression isn't supported at eval and Function
es1/for-in.js: OK
es1/for.js: OK
es1/function.js: OK
es1/global.Infinity.js: OK
es1/global.NaN.js: OK
es1/global.isFinite.js: OK
es1/global.isNaN.js: OK
es1/global.parseFloat.js: OK
es1/global.parseInt.hex.js: OK
es1/global.parseInt.js: OK
es1/global.parseInt.radix.js: OK
es1/literals.decimal.js: OK
es1/literals.hex.js: OK
es1/literals.string.escapes.js: OK
es1/literals.string.hex.js: OK
es1/literals.string.js: OK
es1/literals.string.unicode.js: OK
es1/logical.js: OK
es1/new.typeof.js: OK
es1/numbers.double.js: OK
es1/numbers.fmod.js: OK
es1/numbers.inf.js: OK
es1/numbers.int.js: OK
es1/numbers.nan.js: OK
es1/postfix.decrement.js: OK
es1/postfix.increment.js: OK
es1/prefix.js: OK
es1/relational.js: OK
es1/return.js: OK
es1/return.typeof.js: OK
es1/this.js: OK
es1/typeof.js: OK
es1/typeof.null.js: OK
es1/typeof.undeclared.js: OK
es1/types.js: OK
es1/unary.decrement.js: OK
es1/unary.delete.js: OK
es1/unary.delete.var.js: OK
es1/unary.increment.js: OK
es1/unary.minus.js: OK
es1/unary.not.js: OK
es1/unary.plus.js: OK
es1/unary.plus.str.js: OK
es1/unary.tilde.js: OK
es1/var.js: OK
es1/var.typeof.js: OK
es1/void.js: OK
es1/void.typeof.js: OK
es1/while.js: OK
es1/with.js: OK
es3/Array.prototype.concat.js: OK
es3/Array.prototype.pop.generic.js: OK
es3/Array.prototype.pop.js: OK
es3/Array.prototype.push.generic.js: OK
es3/Array.prototype.push.js: OK
es3/Array.prototype.shift.generic.js: OK
es3/Array.prototype.shift.js: OK
es3/Array.prototype.slice.generic.js: slice object with start and end failed; slice object with start only failed; slice object with negative start failed
es3/Array.prototype.slice.js: OK
es3/Array.prototype.splice.generic.js: OK
es3/Array.prototype.splice.js: OK
es3/Array.prototype.toLocaleString.js: OK
es3/Array.prototype.unshift.generic.js: OK
es3/Array.prototype.unshift.js: OK
es3/Array.prototype.unshift.returns-new-length.js: OK
es3/Date.prototype.toDateString.js: OK
es3/Date.prototype.toLocaleDateString.js: OK
es3/Date.prototype.toLocaleString.js: OK
es3/Date.prototype.toLocaleTimeString.js: OK
es3/Date.prototype.toTimeString.js: OK
es3/Error.js: OK
es3/Error.prototype.constructor.js: OK
es3/Error.prototype.message.js: OK
es3/Error.prototype.name.js: OK
es3/Error.prototype.toString.js: OK
es3/Function.prototype.apply.js: OK
es3/Function.prototype.call.js: OK
es3/Math.max.variadic.js: OK
es3/Math.min.variadic.js: OK
es3/Number.prototype.toExponential.edge-cases.js: OK
es3/Number.prototype.toExponential.js: OK
es3/Number.prototype.toExponential.rounding.js: OK
es3/Number.prototype.toExponential.throws-infinity.js: RangeError: toExponential() argument must be between 0 and 100
es3/Number.prototype.toFixed.js: OK
es3/Number.prototype.toLocaleString.js: OK
es3/Number.prototype.toPrecision.js: RangeError: toPrecision() argument must be between 1 and 100
es3/Object.prototype.hasOwnProperty.js: OK
es3/Object.prototype.isPrototypeOf.js: TypeError: cannot convert null to object
es3/Object.prototype.propertyIsEnumerable.js: OK
es3/Object.prototype.toLocaleString.js: custom toString failed
es3/RegExp.global.js: OK
es3/RegExp.ignoreCase.js: OK
es3/RegExp.js: OK
es3/RegExp.lastIndex.js: OK
es3/RegExp.multiline.js: OK
es3/RegExp.prototype.constructor.js: OK
es3/RegExp.prototype.exec.js: OK
es3/RegExp.prototype.test.js: OK
es3/RegExp.prototype.toString.js: OK
es3/RegExp.source.js: OK
es3/String.prototype.concat.generic.js: OK
es3/String.prototype.concat.js: OK
es3/String.prototype.localeCompare.js: OK
es3/String.prototype.match.generic.js: OK
es3/String.prototype.match.js: OK
es3/String.prototype.replace.capture.js: OK
es3/String.prototype.replace.extra.js: OK
es3/String.prototype.replace.generic.js: OK
es3/String.prototype.replace.regex.js: OK
es3/String.prototype.replace.str.js: OK
es3/String.prototype.search.generic.js: OK
es3/String.prototype.search.js: OK
es3/String.prototype.search.str.js: OK
es3/String.prototype.slice.generic.js: OK
es3/String.prototype.slice.js: OK
es3/String.prototype.split.bugs.js: '0'.split(undefined, 0).length !== 0
es3/String.prototype.split.limit.js: OK
es3/String.prototype.split.regex.js: OK
es3/String.prototype.toLocaleLowerCase.js: OK
es3/String.prototype.toLocaleUpperCase.js: OK
es3/annex-b.String.prototype.substr.js: OK
es3/do-while.js: OK
es3/function-expressions.IIFE.js: OK
es3/function-expressions.js: OK
es3/global.EvalError.js: OK
es3/global.RangeError.js: OK
es3/global.RangeError.thrown.js: OK
es3/global.ReferenceError.js: OK
es3/global.ReferenceError.thrown.js: OK
es3/global.SyntaxError.js: OK
es3/global.SyntaxError.thrown.js: [ERROR] compile failed: SyntaxError: Unexpected token (1:8)
es3/global.TypeError.js: OK
es3/global.TypeError.thrown.js: OK
es3/global.URIError.js: OK
es3/global.URIError.thrown.js: OK
es3/global.decodeURIComponent.js: OK
es3/global.decodeURI.js: OK
es3/global.encodeURIComponent.js: OK
es3/global.encodeURI.js: OK
es3/global.undefined.js: OK
es3/identifiers.unicode.js: OK
es3/instanceof.js: OK
es3/in.js: OK
es3/labelled.break.js: timeout
es3/labelled.continue.js: OK
es3/labelled.statements.js: OK
es3/literals.array.elisions.js: OK
es3/literals.array.js: OK
es3/literals.array.trailing-comma.js: OK
es3/literals.object.decimal.js: OK
es3/literals.object.hex.js: OK
es3/literals.object.int.js: OK
es3/literals.object.js: OK
es3/literals.object.str.js: OK
es3/literals.object.unicode.js: OK
es3/literals.regex.ambiguous.js: OK
es3/literals.regex.empty.js: OK
es3/literals.regex.js: OK
es3/literals.string.esc-v.js: OK
es3/nested-functions.eval.js: OK
es3/nested-functions.js: OK
es3/regex.backref.js: OK
es3/regex.begin.js: OK
es3/regex.bracket.esc-b.js: OK
es3/regex.bracket.js: OK
es3/regex.bracket.ranges.js: OK
es3/regex.class.esc-d.js: OK
es3/regex.class.esc-s.js: OK
es3/regex.class.esc-w.js: OK
es3/regex.disjunction.js: OK
es3/regex.dot.js: OK
es3/regex.end.js: OK
es3/regex.escape.control.js: OK
es3/regex.escape.hex.js: OK
es3/regex.escape.js: OK
es3/regex.escape.nul.js: OK
es3/regex.escape.unicode.js: OK
es3/regex.flag.global.js: OK
es3/regex.flag.ignorecase.js: OK
es3/regex.flag.multiline.js: OK
es3/regex.group.js: OK
es3/regex.lookahead.js: OK
es3/regex.negative-lookahead.js: OK
es3/regex.non-capturing-group.js: OK
es3/regex.quantifier.exact.js: OK
es3/regex.quantifier.maybe.js: OK
es3/regex.quantifier.min.js: OK
es3/regex.quantifier.plus.js: OK
es3/regex.quantifier.range.js: OK
es3/regex.quantifier.star.js: OK
es3/regex.word-boundary.js: OK
es3/source.line-terminators.js: OK
es3/source.whitespace.js: OK
es3/source.whitespace.unicode.js: OK
es3/strict-equals.js: OK
es3/switch.js: OK
es3/try-catch-finally.js: OK
es3/try-catch-throw.js: OK
es5/Array.isArray.js: OK
es5/Array.prototype.every.js: OK
es5/Array.prototype.filter.js: OK
es5/Array.prototype.forEach.js: OK
es5/Array.prototype.indexOf.js: OK
es5/Array.prototype.lastIndexOf.js: OK
es5/Array.prototype.map.js: OK
es5/Array.prototype.reduceRight.js: OK
es5/Array.prototype.reduce.js: OK
es5/Array.prototype.some.js: OK
es5/Array.prototype.sort.TypeError.js: failed
es5/Array.prototype.sort.undefined-comparefn.js: OK
es5/Date.now.js: OK
es5/Date.prototype.toISOString.js: RangeError: Invalid time value
es5/Date.prototype.toJSON.js: invalid date does not return null; toJSON does not return ISO format string
es5/Function.prototype-not-enumerable.js: OK
es5/Function.prototype.apply.array-like.js: OK
es5/Function.prototype.bind.js: OK
es5/JSON.js: OK
es5/JSON.parse.js: parse null failed
es5/JSON.parse.reviver.js: failed to apply reviver function; failed to delete property for which reviver returned undefined
es5/JSON.stringify.js: TypeError: Converting circular structure to JSON
es5/JSON.stringify.replacer.js: replacer array failed
es5/JSON.stringify.space.js: OK
es5/Object.create.js: OK
es5/Object.defineProperties.js: OK
es5/Object.defineProperty.js: OK
es5/Object.freeze.js: OK
es5/Object.getOwnPropertyDescriptor.js: OK
es5/Object.getOwnPropertyNames.js: OK
es5/Object.getPrototypeOf.js: OK
es5/Object.isExtensible.js: OK
es5/Object.isFrozen.js: OK
es5/Object.isSealed.js: OK
es5/Object.keys.js: OK
es5/Object.preventExtensions.js: OK
es5/Object.property-shadowing.js: OK
es5/Object.seal.js: OK
es5/String.indexing.js: OK
es5/String.prototype.trim.js: OK
es5/arguments.toStringTag.js: OK
es5/debugger.js: OK
es5/global.Infinity.immutable.js: OK
es5/global.NaN.immutable.js: OK
es5/global.parseInt.no-octal.js: OK
es5/global.undefined.immutable.js: OK
es5/literals.object.getters.js: OK
es5/literals.object.setters.js: OK
es5/literals.object.trailing-comma.js: OK
es5/source.keyword-properties.js: OK
es5/source.unreserved-words.js: OK
es5/source.whitespace.bom.js: OK
es5/source.zero-width-chars.js: OK
es5/strict.eval-cannot-create-bindings.js: failed
es5/strict.function-expr-with-matching-name.js: OK
es5/strict.js: OK
es5/strict.no-arguments-callee.js: OK
es5/strict.no-arguments-caller.js: OK
es5/strict.no-assignment-to-non-writable.js: failed
es5/strict.no-assignment-to-unresolvable.js: OK
es5/strict.no-delete-bindings.js: [ERROR] compile failed: SyntaxError: Deleting local variable in strict mode (1:20)
es5/strict.no-delete-non-configurable.js: OK
es5/strict.no-duplicate-parameters.js: [ERROR] compile failed: SyntaxError: Argument name clash (1:27)
es5/strict.no-eval-or-arguments-assignment.js: [ERROR] compile failed: SyntaxError: Assigning to eval in strict mode (1:13)
es5/strict.no-eval-or-arguments-bindings.js: [ERROR] compile failed: SyntaxError: Binding eval in strict mode (1:17)
es5/strict.no-function-caller-or-arguments.js: failed
es5/strict.no-octal-literals.js: [ERROR] compile failed: SyntaxError: Invalid number (1:13)
es5/strict.no-with.js: [ERROR] compile failed: SyntaxError: 'with' in strict mode (1:13)
es5/strict.reserved-words.js: OK
es5/strict.this-primitive-not-coerced-in-accessors.js: OK
es5/strict.this-primitive-not-coerced.js: OK
es5/strict.this-undefined-in-function.js: OK
es5/strict.unmapped-arguments.js: OK
es5/this.thrown-function.js: OK
kangax-es5/Array.isArray.js: OK
kangax-es5/Array.prototype.every.js: OK
kangax-es5/Array.prototype.filter.js: OK
kangax-es5/Array.prototype.forEach.js: OK
kangax-es5/Array.prototype.indexOf.js: OK
kangax-es5/Array.prototype.lastIndexOf.js: OK
kangax-es5/Array.prototype.map.js: OK
kangax-es5/Array.prototype.reduceRight.js: OK
kangax-es5/Array.prototype.reduce.js: OK
kangax-es5/Array.prototype.some.js: OK
kangax-es5/Array.prototype.sort.compareFn-type.js: failed
kangax-es5/Array.prototype.sort.compareFn-undefined.js: OK
kangax-es5/Array.prototype.unshift.return-count.js: OK
kangax-es5/Date.now.js: OK
kangax-es5/Date.prototype.toISOString.js: OK
kangax-es5/Date.prototype.toJSON.js: failed
kangax-es5/Function.prototype.bind.js: OK
kangax-es5/JSON.js: OK
kangax-es5/Number.prototype.toExponential.no-throw-edge-cases.js: OK
kangax-es5/Number.prototype.toExponential.rounds-properly.js: OK
kangax-es5/Number.prototype.toExponential.throws-infinity.js: RangeError: toExponential() argument must be between 0 and 100
kangax-es5/Object.create.js: OK
kangax-es5/Object.defineProperties.js: OK
kangax-es5/Object.defineProperty.js: OK
kangax-es5/Object.freeze.js: OK
kangax-es5/Object.getOwnPropertyDescriptor.js: OK
kangax-es5/Object.getOwnPropertyNames.js: OK
kangax-es5/Object.getPrototypeOf.js: OK
kangax-es5/Object.isExtensible.js: OK
kangax-es5/Object.isFrozen.js: OK
kangax-es5/Object.isSealed.js: OK
kangax-es5/Object.keys.js: OK
kangax-es5/Object.preventExtensions.js: OK
kangax-es5/Object.seal.js: OK
kangax-es5/String.property-access.js: OK
kangax-es5/String.prototype.split.js: failed
kangax-es5/String.prototype.trim.js: OK
kangax-es5/annex-b.String.prototype.substr.js: OK
kangax-es5/immutable-globals.Infinity.js: OK
kangax-es5/immutable-globals.NaN.js: OK
kangax-es5/immutable-globals.undefined.js: OK
kangax-es5/literals.getter-accessors.js: OK
kangax-es5/literals.reserved-words-properties.js: OK
kangax-es5/literals.setter-accessors.js: OK
kangax-es5/literals.trailing-comma-array.js: OK
kangax-es5/literals.trailing-comma-object.js: OK
kangax-es5/misc.Arguments.toStringTag.js: OK
kangax-es5/misc.Function.apply.array-likes.js: OK
kangax-es5/misc.Function.prototype.non-enumerable.js: OK
kangax-es5/misc.enumerable-shadow.js: OK
kangax-es5/misc.parseInt.ignores-leading-zeros.js: OK
kangax-es5/misc.thrown-functions-this.js: OK
kangax-es5/misc.unreserved-words.js: OK
kangax-es5/misc.zero-width-identifiers.js: OK
kangax-es5/strict.arguments-callee-error.js: OK
kangax-es5/strict.arguments-caller-error.js: OK
kangax-es5/strict.arguments-unmapped.js: OK
kangax-es5/strict.assignment-eval-arguments-error.js: [ERROR] compile failed: SyntaxError: Assigning to eval in strict mode (1:13)
kangax-es5/strict.assignment-non-writable-error.js: failed
kangax-es5/strict.assignment-unresolvable-error.js: OK
kangax-es5/strict.delete-bindings-error.js: [ERROR] compile failed: SyntaxError: Deleting local variable in strict mode (1:20)
kangax-es5/strict.delete-non-configurable-error.js: OK
kangax-es5/strict.eval-arguments-bindings-error.js: [ERROR] compile failed: SyntaxError: Binding eval in strict mode (1:17)
kangax-es5/strict.eval-no-bindings.js: failed
kangax-es5/strict.function-caller-arguments-error.js: failed
kangax-es5/strict.function-expr-matching-name-arg.js: OK
kangax-es5/strict.legacy-octal-error.js: [ERROR] compile failed: SyntaxError: Invalid number (1:13)
kangax-es5/strict.repeated-params-error.js: [ERROR] compile failed: SyntaxError: Argument name clash (1:27)
kangax-es5/strict.reserved-words.js: OK
kangax-es5/strict.this-not-coerced-accessors.js: OK
kangax-es5/strict.this-not-coerced-methods.js: OK
kangax-es5/strict.this-undefined.js: OK
kangax-es5/strict.with-error.js: [ERROR] compile failed: SyntaxError: 'with' in strict mode (1:13)
kangax-es6/Array.Symbol.species.js: ReferenceError: 'Symbol' is not defined
kangax-es6/Array.from.array-like.js: TypeError: undefined is not callable
kangax-es6/Array.from.generator.js: [ERROR] compile failed: SyntaxError: Unexpected token (9:26)
kangax-es6/Array.from.iterable-instance.js: TypeError: undefined is not callable
kangax-es6/Array.from.iterable.js: TypeError: undefined is not callable
kangax-es6/Array.from.iterator-closing.js: failed
kangax-es6/Array.from.map.array-like.js: TypeError: undefined is not callable
kangax-es6/Array.from.map.generator.js: [ERROR] compile failed: SyntaxError: Unexpected token (9:26)
kangax-es6/Array.from.map.iterable-instance.js: TypeError: undefined is not callable
kangax-es6/Array.from.map.iterable.js: TypeError: undefined is not callable
kangax-es6/Array.iterator-prototype-chain.js: ReferenceError: 'Symbol' is not defined
kangax-es6/Array.of.js: failed
kangax-es6/Array.prototype.Symbol.iterator.js: ReferenceError: 'Symbol' is not defined
kangax-es6/Array.prototype.Symbol.unscopables.js: ReferenceError: 'Symbol' is not defined
kangax-es6/Array.prototype.copyWithin.js: failed
kangax-es6/Array.prototype.entries.js: failed
kangax-es6/Array.prototype.fill.js: failed
kangax-es6/Array.prototype.findIndex.js: failed
kangax-es6/Array.prototype.find.js: failed
kangax-es6/Array.prototype.keys.js: failed
kangax-es6/Array.prototype.splice.js: failed
kangax-es6/Array.prototype.values.js: failed
kangax-es6/Date.prototype.Symbol.toPrimitive.js: ReferenceError: 'Symbol' is not defined
kangax-es6/Function.name.accessor.js: failed
kangax-es6/Function.name.bound.js: failed
kangax-es6/Function.name.class-expression.js: [ERROR] compile failed: SyntaxError: The keyword 'class' is reserved (10:9)
kangax-es6/Function.name.class-object-method.js: [ERROR] compile failed: SyntaxError: The keyword 'class' is reserved (10:17)
kangax-es6/Function.name.class-prototype.js: [ERROR] compile failed: SyntaxError: The keyword 'class' is reserved (10:2)
kangax-es6/Function.name.class-statement.js: [ERROR] compile failed: SyntaxError: The keyword 'class' is reserved (10:2)
kangax-es6/Function.name.class-static.js: [ERROR] compile failed: SyntaxError: The keyword 'class' is reserved (10:2)
kangax-es6/Function.name.class-variable.js: [ERROR] compile failed: SyntaxError: The keyword 'class' is reserved (10:12)
kangax-es6/Function.name.configurable.js: TypeError: cannot convert undefined to object
kangax-es6/Function.name.expression.js: failed
kangax-es6/Function.name.new-Function.js: failed
kangax-es6/Function.name.object-method.js: failed
kangax-es6/Function.name.shorthand.js: [ERROR] compile failed: SyntaxError: Unexpected token (10:15)
kangax-es6/Function.name.shorthand.no-lexical.js: [ERROR] compile failed: SyntaxError: Unexpected token (11:12)
kangax-es6/Function.name.statement.js: failed
kangax-es6/Function.name.symbol-keyed.js: [ERROR] compile failed: SyntaxError: Unexpected token (13:4)
kangax-es6/Function.name.variable.js: failed
kangax-es6/Map.Symbol.species.js: ReferenceError: 'Map' is not defined
kangax-es6/Map.constructor-accepts-null.js: ReferenceError: 'Map' is not defined
kangax-es6/Map.constructor-arguments.js: ReferenceError: 'Map' is not defined
kangax-es6/Map.constructor-invokes-set.js: ReferenceError: 'Map' is not defined
kangax-es6/Map.constructor-requires-new.js: ReferenceError: 'Map' is not defined
kangax-es6/Map.iterator-closing.js: failed
kangax-es6/Map.iterator-prototype-chain.js: ReferenceError: 'Map' is not defined
kangax-es6/Map.js: ReferenceError: 'Map' is not defined
kangax-es6/Map.prototype-not-instance.js: ReferenceError: 'Map' is not defined
kangax-es6/Map.prototype.Symbol.iterator.js: ReferenceError: 'Map' is not defined
kangax-es6/Map.prototype.clear.js: ReferenceError: 'Map' is not defined
kangax-es6/Map.prototype.delete.js: ReferenceError: 'Map' is not defined
kangax-es6/Map.prototype.entries.js: ReferenceError: 'Map' is not defined
kangax-es6/Map.prototype.forEach.js: ReferenceError: 'Map' is not defined
kangax-es6/Map.prototype.keys.js: ReferenceError: 'Map' is not defined
kangax-es6/Map.prototype.set-returns-this.js: ReferenceError: 'Map' is not defined
kangax-es6/Map.prototype.size.js: ReferenceError: 'Map' is not defined
kangax-es6/Map.prototype.values.js: ReferenceError: 'Map' is not defined
kangax-es6/Map.zero-key.js: ReferenceError: 'Map' is not defined
kangax-es6/Math.acosh.js: failed
kangax-es6/Math.asinh.js: failed
kangax-es6/Math.atanh.js: failed
kangax-es6/Math.cbrt.js: failed
kangax-es6/Math.clz32.js: failed
kangax-es6/Math.cosh.js: failed
kangax-es6/Math.expm1.js: failed
kangax-es6/Math.fround.js: failed
kangax-es6/Math.hypot.js: TypeError: undefined is not callable
kangax-es6/Math.imul.js: failed
kangax-es6/Math.log1p.js: failed
kangax-es6/Math.log2.js: failed
kangax-es6/Math.log10.js: failed
kangax-es6/Math.sign.js: failed
kangax-es6/Math.sinh.js: failed
kangax-es6/Math.tanh.js: failed
kangax-es6/Math.trunc.js: failed
kangax-es6/Number.EPSILON.js: failed
kangax-es6/Number.MAX_SAFE_INTEGER.js: failed
kangax-es6/Number.MIN_SAFE_INTEGER.js: failed
kangax-es6/Number.isFinite.js: failed
kangax-es6/Number.isInteger.js: failed
kangax-es6/Number.isNaN.js: failed
kangax-es6/Number.isSafeInteger.js: failed
kangax-es6/Number.parseFloat.js: failed
kangax-es6/Number.parseInt.js: failed
kangax-es6/Object.assign.js: TypeError: undefined is not callable
kangax-es6/Object.getOwnPropertySymbols.js: ReferenceError: 'Symbol' is not defined
kangax-es6/Object.is.js: failed
kangax-es6/Object.setPrototypeOf.js: TypeError: undefined is not callable
kangax-es6/Promise.Symbol.species.js: ReferenceError: 'Promise' is not defined
kangax-es6/Promise.all.iterable.js: ReferenceError: 'Promise' is not defined
kangax-es6/Promise.all.js: ReferenceError: 'Promise' is not defined
kangax-es6/Promise.constructor-requires-new.js: ReferenceError: 'Promise' is not defined
kangax-es6/Promise.js: ReferenceError: 'Promise' is not defined
kangax-es6/Promise.prototype-not-instance.js: ReferenceError: 'Promise' is not defined
kangax-es6/Promise.race.iterable.js: ReferenceError: 'Promise' is not defined
kangax-es6/Promise.race.js: ReferenceError: 'Promise' is not defined
kangax-es6/Proxy.Array.isArray.js: ReferenceError: 'Proxy' is not defined
kangax-es6/Proxy.JSON.stringify.js: ReferenceError: 'Proxy' is not defined
kangax-es6/Proxy.constructor-requires-new.js: ReferenceError: 'Proxy' is not defined
kangax-es6/Proxy.handler.apply.invariants.js: ReferenceError: 'Proxy' is not defined
kangax-es6/Proxy.handler.apply.js: ReferenceError: 'Proxy' is not defined
kangax-es6/Proxy.handler.construct.invariants.js: ReferenceError: 'Proxy' is not defined
kangax-es6/Proxy.handler.construct.js: ReferenceError: 'Proxy' is not defined
kangax-es6/Proxy.handler.defineProperty.invariants.js: ReferenceError: 'Proxy' is not defined
kangax-es6/Proxy.handler.defineProperty.js: ReferenceError: 'Proxy' is not defined
kangax-es6/Proxy.handler.deleteProperty.invariants.js: ReferenceError: 'Proxy' is not defined
kangax-es6/Proxy.handler.deleteProperty.js: ReferenceError: 'Proxy' is not defined
kangax-es6/Proxy.handler.getOwnPropertyDescriptor.invariants.js: ReferenceError: 'Proxy' is not defined
kangax-es6/Proxy.handler.getOwnPropertyDescriptor.js: ReferenceError: 'Proxy' is not defined
kangax-es6/Proxy.handler.getPrototypeOf.invariants.js: ReferenceError: 'Proxy' is not defined
kangax-es6/Proxy.handler.getPrototypeOf.js: ReferenceError: 'Proxy' is not defined
kangax-es6/Proxy.handler.get.instances.js: ReferenceError: 'Proxy' is not defined
kangax-es6/Proxy.handler.get.invariants.js: ReferenceError: 'Proxy' is not defined
kangax-es6/Proxy.handler.get.js: ReferenceError: 'Proxy' is not defined
kangax-es6/Proxy.handler.has.instances.js: ReferenceError: 'Proxy' is not defined
kangax-es6/Proxy.handler.has.invariants.js: ReferenceError: 'Proxy' is not defined
kangax-es6/Proxy.handler.has.js: ReferenceError: 'Proxy' is not defined
kangax-es6/Proxy.handler.isExtensible.invariants.js: ReferenceError: 'Proxy' is not defined
kangax-es6/Proxy.handler.isExtensible.js: ReferenceError: 'Proxy' is not defined
kangax-es6/Proxy.handler.ownKeys.invariants.js: ReferenceError: 'Proxy' is not defined
kangax-es6/Proxy.handler.ownKeys.js: ReferenceError: 'Proxy' is not defined
kangax-es6/Proxy.handler.preventExtensions.invariants.js: ReferenceError: 'Proxy' is not defined
kangax-es6/Proxy.handler.preventExtensions.js: ReferenceError: 'Proxy' is not defined
kangax-es6/Proxy.handler.setPrototypeOf.invariants.js: ReferenceError: 'Proxy' is not defined
kangax-es6/Proxy.handler.setPrototypeOf.js: ReferenceError: 'Proxy' is not defined
kangax-es6/Proxy.handler.set.instances.js: ReferenceError: 'Proxy' is not defined
kangax-es6/Proxy.handler.set.invariants.js: ReferenceError: 'Proxy' is not defined
kangax-es6/Proxy.handler.set.js: ReferenceError: 'Proxy' is not defined
kangax-es6/Proxy.no-prototype.js: ReferenceError: 'Proxy' is not defined
kangax-es6/Proxy.revocable.js: ReferenceError: 'Proxy' is not defined
kangax-es6/Reflect.apply.js: ReferenceError: 'Reflect' is not defined
kangax-es6/Reflect.construct.Array-subclassing.js: ReferenceError: 'Reflect' is not defined
kangax-es6/Reflect.construct.Function-subclassing.js: ReferenceError: 'Reflect' is not defined
kangax-es6/Reflect.construct.Promise-subclassing.js: ReferenceError: 'Reflect' is not defined
kangax-es6/Reflect.construct.RegExp-subclassing.js: ReferenceError: 'Reflect' is not defined
kangax-es6/Reflect.construct.js: ReferenceError: 'Reflect' is not defined
kangax-es6/Reflect.construct.new-target.js: [ERROR] compile failed: SyntaxError: Unexpected token (11:11)
kangax-es6/Reflect.construct.third-argument.js: ReferenceError: 'Reflect' is not defined
kangax-es6/Reflect.defineProperty.js: ReferenceError: 'Reflect' is not defined
kangax-es6/Reflect.deleteProperty.js: ReferenceError: 'Reflect' is not defined
kangax-es6/Reflect.getOwnPropertyDescriptor.js: ReferenceError: 'Reflect' is not defined
kangax-es6/Reflect.getPrototypeOf.js: ReferenceError: 'Reflect' is not defined
kangax-es6/Reflect.get.js: ReferenceError: 'Reflect' is not defined
kangax-es6/Reflect.has.js: ReferenceError: 'Reflect' is not defined
kangax-es6/Reflect.isExtensible.js: ReferenceError: 'Reflect' is not defined
kangax-es6/Reflect.ownKeys.string.js: ReferenceError: 'Reflect' is not defined
kangax-es6/Reflect.ownKeys.symbol.js: ReferenceError: 'Symbol' is not defined
kangax-es6/Reflect.preventExtensions.js: ReferenceError: 'Reflect' is not defined
kangax-es6/Reflect.setPrototypeOf.js: ReferenceError: 'Reflect' is not defined
kangax-es6/Reflect.set.js: ReferenceError: 'Reflect' is not defined
kangax-es6/RegExp.Symbol.species.js: ReferenceError: 'Symbol' is not defined
kangax-es6/RegExp.prototype.Symbol.match.js: ReferenceError: 'Symbol' is not defined
kangax-es6/RegExp.prototype.Symbol.replace.js: ReferenceError: 'Symbol' is not defined
kangax-es6/RegExp.prototype.Symbol.search.js: ReferenceError: 'Symbol' is not defined
kangax-es6/RegExp.prototype.Symbol.split.js: ReferenceError: 'Symbol' is not defined
kangax-es6/RegExp.prototype.flags.js: failed
kangax-es6/Set.Symbol.species.js: ReferenceError: 'Set' is not defined
kangax-es6/Set.constructor-accepts-null.js: ReferenceError: 'Set' is not defined
kangax-es6/Set.constructor-arguments.js: ReferenceError: 'Set' is not defined
kangax-es6/Set.constructor-invokes-add.js: ReferenceError: 'Set' is not defined
kangax-es6/Set.constructor-requires-new.js: ReferenceError: 'Set' is not defined
kangax-es6/Set.iterator-closing.js: ReferenceError: 'Set' is not defined
kangax-es6/Set.iterator-prototype-chain.js: ReferenceError: 'Set' is not defined
kangax-es6/Set.js: ReferenceError: 'Set' is not defined
kangax-es6/Set.prototype-not-instance.js: ReferenceError: 'Set' is not defined
kangax-es6/Set.prototype.Symbol.iterator.js: ReferenceError: 'Set' is not defined
kangax-es6/Set.prototype.add-returns-this.js: ReferenceError: 'Set' is not defined
kangax-es6/Set.prototype.clear.js: ReferenceError: 'Set' is not defined
kangax-es6/Set.prototype.delete.js: ReferenceError: 'Set' is not defined
kangax-es6/Set.prototype.entries.js: ReferenceError: 'Set' is not defined
kangax-es6/Set.prototype.forEach.js: ReferenceError: 'Set' is not defined
kangax-es6/Set.prototype.keys.js: ReferenceError: 'Set' is not defined
kangax-es6/Set.prototype.size.js: ReferenceError: 'Set' is not defined
kangax-es6/Set.prototype.values.js: ReferenceError: 'Set' is not defined
kangax-es6/Set.zero-key.js: ReferenceError: 'Set' is not defined
kangax-es6/String.fromCodePoint.js: failed
kangax-es6/String.iterator-prototype-chain.js: ReferenceError: 'Symbol' is not defined
kangax-es6/String.prototype.Symbol.iterator.js: ReferenceError: 'Symbol' is not defined
kangax-es6/String.prototype.codePointAt.js: failed
kangax-es6/String.prototype.endsWith.js: failed
kangax-es6/String.prototype.endsWith.throws-regex.js: failed
kangax-es6/String.prototype.includes.js: failed
kangax-es6/String.prototype.normalize.js: failed
kangax-es6/String.prototype.repeat.js: failed
kangax-es6/String.prototype.startsWith.js: failed
kangax-es6/String.prototype.startsWith.throws-regex.js: failed
kangax-es6/String.raw.js: failed
kangax-es6/Symbol.JSON.stringify.object.js: ReferenceError: 'Symbol' is not defined
kangax-es6/Symbol.JSON.stringify.primitive.js: ReferenceError: 'Symbol' is not defined
kangax-es6/Symbol.Object.js: ReferenceError: 'Symbol' is not defined
kangax-es6/Symbol.String.js: ReferenceError: 'Symbol' is not defined
kangax-es6/Symbol.defineProperty.js: ReferenceError: 'Symbol' is not defined
kangax-es6/Symbol.global-registry.js: ReferenceError: 'Symbol' is not defined
kangax-es6/Symbol.hidden-keys.js: ReferenceError: 'Symbol' is not defined
kangax-es6/Symbol.js: ReferenceError: 'Symbol' is not defined
kangax-es6/Symbol.no-coerce.js: ReferenceError: 'Symbol' is not defined
kangax-es6/Symbol.no-new.js: ReferenceError: 'Symbol' is not defined
kangax-es6/Symbol.prototype.js: ReferenceError: 'Symbol' is not defined
kangax-es6/Symbol.typeof.js: ReferenceError: 'Symbol' is not defined
kangax-es6/WeakMap.accept-primitives.js: ReferenceError: 'WeakMap' is not defined
kangax-es6/WeakMap.constructor-accepts-null.js: ReferenceError: 'WeakMap' is not defined
kangax-es6/WeakMap.constructor-arguments.js: ReferenceError: 'WeakMap' is not defined
kangax-es6/WeakMap.constructor-invokes-set.js: ReferenceError: 'WeakMap' is not defined
kangax-es6/WeakMap.constructor-requires-new.js: ReferenceError: 'WeakMap' is not defined
kangax-es6/WeakMap.frozen-keys.js: ReferenceError: 'WeakMap' is not defined
kangax-es6/WeakMap.iterator-closing.js: failed
kangax-es6/WeakMap.js: ReferenceError: 'WeakMap' is not defined
kangax-es6/WeakMap.no-clear.js: ReferenceError: 'WeakMap' is not defined
kangax-es6/WeakMap.prototype-not-instance.js: ReferenceError: 'WeakMap' is not defined
kangax-es6/WeakMap.prototype.delete.js: ReferenceError: 'WeakMap' is not defined
kangax-es6/WeakMap.prototype.set-returns-this.js: ReferenceError: 'WeakMap' is not defined
kangax-es6/WeakSet.accept-primitives.js: ReferenceError: 'WeakSet' is not defined
kangax-es6/WeakSet.constructor-accepts-null.js: ReferenceError: 'WeakSet' is not defined
kangax-es6/WeakSet.constructor-arguments.js: ReferenceError: 'WeakSet' is not defined
kangax-es6/WeakSet.constructor-invokes-add.js: ReferenceError: 'WeakSet' is not defined
kangax-es6/WeakSet.constructor-requires-new.js: ReferenceError: 'WeakSet' is not defined
kangax-es6/WeakSet.iterator-closing.js: failed
kangax-es6/WeakSet.js: ReferenceError: 'WeakSet' is not defined
kangax-es6/WeakSet.no-clear.js: ReferenceError: 'WeakSet' is not defined
kangax-es6/WeakSet.prototype-not-instance.js: ReferenceError: 'WeakSet' is not defined
kangax-es6/WeakSet.prototype.add-returns-this.js: ReferenceError: 'WeakSet' is not defined
kangax-es6/WeakSet.prototype.delete.js: ReferenceError: 'WeakSet' is not defined
kangax-es6/annex-b.RegExp.prototype.compile.js: failed
kangax-es6/annex-b.RegExp.prototype.compile.returns-this.js: failed
kangax-es6/annex-b.String.prototype.html.existence.js: failed
kangax-es6/annex-b.String.prototype.html.lowercase.js: TypeError: undefined is not callable
kangax-es6/annex-b.String.prototype.html.quotes-escaped.js: TypeError: undefined is not callable
kangax-es6/annex-b.function.hoisted-block-level.js: failed
kangax-es6/annex-b.function.if-statement.js: OK
kangax-es6/annex-b.function.labeled.js: OK
kangax-es6/annex-b.html-comments.js: OK
kangax-es6/annex-b.regex.backreferences-octal.js: OK
kangax-es6/annex-b.regex.hyphens.js: OK
kangax-es6/annex-b.regex.incomplete-patterns.js: OK
kangax-es6/annex-b.regex.invalid-char-escapes.js: OK
kangax-es6/annex-b.regex.invalid-control-escapes.js: OK
kangax-es6/annex-b.regex.invalid-hex-escapes.js: OK
kangax-es6/annex-b.regex.invalid-unicode-escapes.js: OK
kangax-es6/annex-b.regex.octal-escapes.js: OK
kangax-es6/annex-b.__proto__.Object.prototype.absent-from-null.js: OK
kangax-es6/annex-b.__proto__.Object.prototype.descriptor.js: failed
kangax-es6/annex-b.__proto__.Object.prototype.getOwnPropertyNames.js: failed
kangax-es6/annex-b.__proto__.Object.prototype.get.js: failed
kangax-es6/annex-b.__proto__.Object.prototype.hasOwnProperty.js: failed
kangax-es6/annex-b.__proto__.Object.prototype.set.js: failed
kangax-es6/annex-b.__proto__.literals.js: failed
kangax-es6/annex-b.__proto__.literals.multiple-error.js: failed
kangax-es6/annex-b.__proto__.literals.not-computed.js: [ERROR] compile failed: SyntaxError: Unexpected token (14:13)
kangax-es6/annex-b.__proto__.literals.not-shorthand-method.js: [ERROR] compile failed: SyntaxError: Unexpected token (13:22)
kangax-es6/annex-b.__proto__.literals.not-shorthand-property.js: [ERROR] compile failed: SyntaxError: Unexpected token (14:23)
kangax-es6/arrow.0-params.js: [ERROR] compile failed: SyntaxError: Unexpected token (10:11)
kangax-es6/arrow.1-param.js: [ERROR] compile failed: SyntaxError: Unexpected token (10:13)
kangax-es6/arrow.5-param.js: [ERROR] compile failed: SyntaxError: Parenthesized pattern (10:10) at Parser.checkPatternErrors (/snapshot/sablejs-private-repo/node_modules/acorn/dist/acorn.js:773:29)
kangax-es6/arrow.bind.js: [ERROR] compile failed: SyntaxError: Unexpected token (10:50)
kangax-es6/arrow.lexical-arguments.js: [ERROR] compile failed: SyntaxError: Unexpected token (10:34)
kangax-es6/arrow.lexical-super.constructor.js: [ERROR] compile failed: SyntaxError: The keyword 'class' is reserved (12:2)
kangax-es6/arrow.lexical-super.methods.js: [ERROR] compile failed: SyntaxError: The keyword 'class' is reserved (10:2)
kangax-es6/arrow.lexical-this.js: [ERROR] compile failed: SyntaxError: Unexpected token (10:50)
kangax-es6/arrow.new-target.js: [ERROR] compile failed: SyntaxError: Unexpected token (11:14)
kangax-es6/arrow.no-line-break.js: [ERROR] compile failed: SyntaxError: Unexpected token (10:11)
kangax-es6/arrow.no-prototype.js: [ERROR] compile failed: SyntaxError: Unexpected token (10:11)
kangax-es6/arrow.precedence.js: [ERROR] compile failed: SyntaxError: Unexpected token (10:11)
kangax-es6/arrow.this-call-apply.js: [ERROR] compile failed: SyntaxError: Unexpected token (10:48)
kangax-es6/class.accessor-properties.js: [ERROR] compile failed: SyntaxError: The keyword 'class' is reserved (11:2)
kangax-es6/class.anonymous.js: [ERROR] compile failed: SyntaxError: The keyword 'class' is reserved (10:16)
kangax-es6/class.block-scoped.js: [ERROR] compile failed: SyntaxError: The keyword 'class' is reserved (10:2)
kangax-es6/class.computed-accessor-properties.js: [ERROR] compile failed: SyntaxError: The keyword 'class' is reserved (11:2)
kangax-es6/class.computed-names-tdz.js: [ERROR] compile failed: SyntaxError: The keyword 'class' is reserved (11:12)
kangax-es6/class.computed-prototype-methods.js: [ERROR] compile failed: SyntaxError: The keyword 'class' is reserved (11:2)
kangax-es6/class.computed-static-accessor-properties.js: [ERROR] compile failed: SyntaxError: The keyword 'class' is reserved (11:2)
kangax-es6/class.computed-static-methods.js: [ERROR] compile failed: SyntaxError: The keyword 'class' is reserved (11:2)
kangax-es6/class.constructor-requires-new.js: [ERROR] compile failed: SyntaxError: The keyword 'class' is reserved (10:2)
kangax-es6/class.constructor.js: [ERROR] compile failed: SyntaxError: The keyword 'class' is reserved (10:2)
kangax-es6/class.expression.js: [ERROR] compile failed: SyntaxError: The keyword 'class' is reserved (10:16)
kangax-es6/class.extends-expressions.js: [ERROR] compile failed: SyntaxError: The keyword 'class' is reserved (11:2)
kangax-es6/class.extends-null.js: [ERROR] compile failed: SyntaxError: The keyword 'class' is reserved (10:2)
kangax-es6/class.extends.js: [ERROR] compile failed: SyntaxError: The keyword 'class' is reserved (10:2)
kangax-es6/class.implicit-strict.js: [ERROR] compile failed: SyntaxError: The keyword 'class' is reserved (10:2)
kangax-es6/class.lexical-name.js: [ERROR] compile failed: SyntaxError: The keyword 'class' is reserved (10:2)
kangax-es6/class.methods-not-enumerable.js: [ERROR] compile failed: SyntaxError: The keyword 'class' is reserved (10:2)
kangax-es6/class.new-target.js: [ERROR] compile failed: SyntaxError: Unexpected token (12:16)
kangax-es6/class.optional-semicolons.js: [ERROR] compile failed: SyntaxError: The keyword 'class' is reserved (10:2)
kangax-es6/class.prototype-methods.js: [ERROR] compile failed: SyntaxError: The keyword 'class' is reserved (10:2)
kangax-es6/class.statement.js: [ERROR] compile failed: SyntaxError: The keyword 'class' is reserved (10:2)
kangax-es6/class.static-accessor-properties.js: [ERROR] compile failed: SyntaxError: The keyword 'class' is reserved (11:2)
kangax-es6/class.static-methods.js: [ERROR] compile failed: SyntaxError: The keyword 'class' is reserved (10:2)
kangax-es6/class.string-keyed-methods.js: [ERROR] compile failed: SyntaxError: The keyword 'class' is reserved (10:2)
kangax-es6/const.basic.js: [ERROR] compile failed: SyntaxError: The keyword 'const' is reserved (10:2)
kangax-es6/const.block-scoped.js: [ERROR] compile failed: SyntaxError: The keyword 'const' is reserved (10:2)
kangax-es6/const.for-in.js: [ERROR] compile failed: SyntaxError: The keyword 'const' is reserved (11:6)
kangax-es6/const.for-loop.js: [ERROR] compile failed: SyntaxError: The keyword 'const' is reserved (10:2)
kangax-es6/const.for-of.js: [ERROR] compile failed: SyntaxError: The keyword 'const' is reserved (11:6)
kangax-es6/const.no-redefine.js: [ERROR] compile failed: SyntaxError: The keyword 'const' is reserved (10:2)
kangax-es6/const.no-statement.js: [ERROR] compile failed: SyntaxError: The keyword 'const' is reserved (10:2)
kangax-es6/const.shadow.js: [ERROR] compile failed: SyntaxError: The keyword 'const' is reserved (11:8)
kangax-es6/const.strict.basic.js: [ERROR] compile failed: SyntaxError: The keyword 'const' is reserved (11:2)
kangax-es6/const.strict.block-scoped.js: [ERROR] compile failed: SyntaxError: The keyword 'const' is reserved (11:2)
kangax-es6/const.strict.for-in.js: [ERROR] compile failed: SyntaxError: The keyword 'const' is reserved (12:6)
kangax-es6/const.strict.for-loop.js: [ERROR] compile failed: SyntaxError: The keyword 'const' is reserved (11:2)
kangax-es6/const.strict.for-of.js: [ERROR] compile failed: SyntaxError: The keyword 'const' is reserved (12:6)
kangax-es6/const.strict.no-redefine.js: [ERROR] compile failed: SyntaxError: The keyword 'const' is reserved (11:2)
kangax-es6/const.strict.no-statement.js: [ERROR] compile failed: SyntaxError: The keyword 'const' is reserved (11:2)
kangax-es6/const.strict.shadow.js: [ERROR] compile failed: SyntaxError: The keyword 'const' is reserved (12:8)
kangax-es6/const.strict.tdz.js: [ERROR] compile failed: SyntaxError: The keyword 'const' is reserved (13:2)
kangax-es6/const.tdz.js: [ERROR] compile failed: SyntaxError: The keyword 'const' is reserved (12:2)
kangax-es6/default-params.arguments.js: [ERROR] compile failed: SyntaxError: Unexpected token (10:22)
kangax-es6/default-params.basic.js: [ERROR] compile failed: SyntaxError: Unexpected token (10:22)
kangax-es6/default-params.explicit-undefined.js: [ERROR] compile failed: SyntaxError: Unexpected token (10:22)
kangax-es6/default-params.new-function.js: [ERROR] compile failed: SyntaxError: Unexpected token (1:22)
kangax-es6/default-params.refer-previous.js: [ERROR] compile failed: SyntaxError: Unexpected token (10:25)
kangax-es6/default-params.separate-scope.js: [ERROR] compile failed: SyntaxError: Unexpected token (10:20)
kangax-es6/default-params.tdz.js: [ERROR] compile failed: SyntaxError: Unexpected token (10:21)
kangax-es6/destructuring-assign.array.js: [ERROR] compile failed: SyntaxError: Assigning to rvalue (11:2)
kangax-es6/destructuring-assign.astral-string.js: [ERROR] compile failed: SyntaxError: Assigning to rvalue (11:2)
kangax-es6/destructuring-assign.chained-iterable.js: [ERROR] compile failed: SyntaxError: Assigning to rvalue (11:2)
kangax-es6/destructuring-assign.chained-object.js: [ERROR] compile failed: SyntaxError: Unexpected token (11:5)
kangax-es6/destructuring-assign.computed-properties.js: [ERROR] compile failed: SyntaxError: Unexpected token (11:5)
kangax-es6/destructuring-assign.defaults.js: [ERROR] compile failed: SyntaxError: Unexpected token (11:6)
kangax-es6/destructuring-assign.empty-patterns.js: [ERROR] compile failed: SyntaxError: Assigning to rvalue (10:2)
kangax-es6/destructuring-assign.generator.js: [ERROR] compile failed: SyntaxError: Assigning to rvalue (11:2)
kangax-es6/destructuring-assign.iterable-expression.js: [ERROR] compile failed: SyntaxError: Assigning to rvalue (11:10)
kangax-es6/destructuring-assign.iterable-instance.js: [ERROR] compile failed: SyntaxError: Assigning to rvalue (35:2)
kangax-es6/destructuring-assign.iterable.js: [ERROR] compile failed: SyntaxError: Assigning to rvalue (35:2)
kangax-es6/destructuring-assign.iterator-closing.js: [ERROR] compile failed: SyntaxError: Assigning to rvalue (39:2)
kangax-es6/destructuring-assign.nested-rest.js: [ERROR] compile failed: SyntaxError: Unexpected token (11:10)
kangax-es6/destructuring-assign.nested.js: [ERROR] compile failed: SyntaxError: Unexpected token (11:13)
kangax-es6/destructuring-assign.object-expression.js: [ERROR] compile failed: SyntaxError: Unexpected token (11:12)
kangax-es6/destructuring-assign.object-primitives.js: [ERROR] compile failed: SyntaxError: Unexpected token (11:11)
kangax-es6/destructuring-assign.object.js: [ERROR] compile failed: SyntaxError: Unexpected token (11:5)
kangax-es6/destructuring-assign.parenthesised-error.js: [ERROR] compile failed: SyntaxError: Unexpected token (11:5)
kangax-es6/destructuring-assign.rest.js: [ERROR] compile failed: SyntaxError: Unexpected token (11:6)
kangax-es6/destructuring-assign.sparse-array.js: [ERROR] compile failed: SyntaxError: Assigning to rvalue (11:2)
kangax-es6/destructuring-assign.string.js: [ERROR] compile failed: SyntaxError: Assigning to rvalue (11:2)
kangax-es6/destructuring-assign.throws-null-undefined.js: [ERROR] compile failed: SyntaxError: Unexpected token (12:7)
kangax-es6/destructuring-assign.trailing-comma-iterable.js: [ERROR] compile failed: SyntaxError: Assigning to rvalue (11:2)
kangax-es6/destructuring-assign.trailing-comma-object.js: [ERROR] compile failed: SyntaxError: Unexpected token (11:5)
kangax-es6/destructuring-decl.array.js: [ERROR] compile failed: SyntaxError: Unexpected token (10:6)
kangax-es6/destructuring-decl.astral-string.js: [ERROR] compile failed: SyntaxError: Unexpected token (10:6)
kangax-es6/destructuring-decl.catch.js: [ERROR] compile failed: SyntaxError: Unexpected token (12:10)
kangax-es6/destructuring-decl.computed-properties.js: [ERROR] compile failed: SyntaxError: Unexpected token (11:6)
kangax-es6/destructuring-decl.defaults-tdz.js: [ERROR] compile failed: SyntaxError: Unexpected token (10:6)
kangax-es6/destructuring-decl.defaults.js: [ERROR] compile failed: SyntaxError: Unexpected token (10:6)
kangax-es6/destructuring-decl.for-in.js: [ERROR] compile failed: SyntaxError: Unexpected token (10:10)
kangax-es6/destructuring-decl.for-of.js: [ERROR] compile failed: SyntaxError: Unexpected token (10:10)
kangax-es6/destructuring-decl.generator.js: [ERROR] compile failed: SyntaxError: Unexpected token (10:6)
kangax-es6/destructuring-decl.iterable-instance.js: [ERROR] compile failed: SyntaxError: Unexpected token (34:6)
kangax-es6/destructuring-decl.iterable.js: [ERROR] compile failed: SyntaxError: Unexpected token (34:6)
kangax-es6/destructuring-decl.iterator-closing.js: [ERROR] compile failed: SyntaxError: Unexpected token (38:6)
kangax-es6/destructuring-decl.multiple-var.js: [ERROR] compile failed: SyntaxError: Unexpected token (10:6)
kangax-es6/destructuring-decl.nested.js: [ERROR] compile failed: SyntaxError: Unexpected token (10:6)
kangax-es6/destructuring-decl.object-primitives.js: [ERROR] compile failed: SyntaxError: Unexpected token (10:6)
kangax-es6/destructuring-decl.object.js: [ERROR] compile failed: SyntaxError: Unexpected token (10:6)
kangax-es6/destructuring-decl.rest.js: [ERROR] compile failed: SyntaxError: Unexpected token (10:6)
kangax-es6/destructuring-decl.sparse-array.js: [ERROR] compile failed: SyntaxError: Unexpected token (10:6)
kangax-es6/destructuring-decl.string.js: [ERROR] compile failed: SyntaxError: Unexpected token (10:6)
kangax-es6/destructuring-decl.throws-null-undefined.js: [ERROR] compile failed: SyntaxError: Unexpected token (11:8)
kangax-es6/destructuring-decl.trailing-comma-iterable.js: [ERROR] compile failed: SyntaxError: Unexpected token (10:6)
kangax-es6/destructuring-decl.trailing-comma-object.js: [ERROR] compile failed: SyntaxError: Unexpected token (10:6)
kangax-es6/destructuring-params.aliased-defaults-arrow.js: [ERROR] compile failed: SyntaxError: Parenthesized pattern (10:10) at Parser.checkPatternErrors (/snapshot/sablejs-private-repo/node_modules/acorn/dist/acorn.js:773:29)
kangax-es6/destructuring-params.arguments.js: [ERROR] compile failed: SyntaxError: Unexpected token (10:19)
kangax-es6/destructuring-params.array.js: [ERROR] compile failed: SyntaxError: Unexpected token (10:18)
kangax-es6/destructuring-params.astral-string.js: [ERROR] compile failed: SyntaxError: Unexpected token (10:18)
kangax-es6/destructuring-params.computed-properties.js: [ERROR] compile failed: SyntaxError: Unexpected token (11:18)
kangax-es6/destructuring-params.defaults-new-function.js: [ERROR] compile failed: SyntaxError: Unexpected token (1:20)
kangax-es6/destructuring-params.defaults-separate-scope.js: [ERROR] compile failed: SyntaxError: Unexpected token (10:19)
kangax-es6/destructuring-params.defaults.js: [ERROR] compile failed: SyntaxError: Unexpected token (10:19)
kangax-es6/destructuring-params.duplicate-identifier.js: [ERROR] compile failed: SyntaxError: Unexpected token (1:19)
kangax-es6/destructuring-params.empty-patterns.js: [ERROR] compile failed: SyntaxError: Unexpected token (10:19)
kangax-es6/destructuring-params.generator.js: [ERROR] compile failed: SyntaxError: Unexpected token (10:18)
kangax-es6/destructuring-params.iterable-instance.js: [ERROR] compile failed: SyntaxError: Unexpected token (34:18)
kangax-es6/destructuring-params.iterable.js: [ERROR] compile failed: SyntaxError: Unexpected token (34:18)
kangax-es6/destructuring-params.iterator-closing.js: [ERROR] compile failed: SyntaxError: Unexpected token (38:12)
kangax-es6/destructuring-params.length.js: [ERROR] compile failed: SyntaxError: Unexpected token (10:18)
kangax-es6/destructuring-params.nested.js: [ERROR] compile failed: SyntaxError: Unexpected token (10:18)
kangax-es6/destructuring-params.new-function.js: [ERROR] compile failed: SyntaxError: Unexpected token (1:20)
kangax-es6/destructuring-params.object-primitives.js: [ERROR] compile failed: SyntaxError: Unexpected token (10:18)
kangax-es6/destructuring-params.object.js: [ERROR] compile failed: SyntaxError: Unexpected token (10:18)
kangax-es6/destructuring-params.rest.js: [ERROR] compile failed: SyntaxError: Unexpected token (10:18)
kangax-es6/destructuring-params.shorthand-defaults-arrow.js: [ERROR] compile failed: SyntaxError: Unexpected token (10:17)
kangax-es6/destructuring-params.sparse-array.js: [ERROR] compile failed: SyntaxError: Unexpected token (10:18)
kangax-es6/destructuring-params.string.js: [ERROR] compile failed: SyntaxError: Unexpected token (10:18)
kangax-es6/destructuring-params.throws-null-undefined.js: [ERROR] compile failed: SyntaxError: Unexpected token (11:14)
kangax-es6/destructuring-params.trailing-comma-iterable.js: [ERROR] compile failed: SyntaxError: Unexpected token (10:18)
kangax-es6/destructuring-params.trailing-comma-object.js: [ERROR] compile failed: SyntaxError: Unexpected token (10:18)
kangax-es6/for-of.array.js: [ERROR] compile failed: SyntaxError: Unexpected token (11:16)
kangax-es6/for-of.astral-string.js: [ERROR] compile failed: SyntaxError: Unexpected token (11:16)
kangax-es6/for-of.generator.js: [ERROR] compile failed: SyntaxError: Unexpected token (11:26)
kangax-es6/for-of.iterable-instance.js: [ERROR] compile failed: SyntaxError: Unexpected token (36:16)
kangax-es6/for-of.iterable.js: [ERROR] compile failed: SyntaxError: Unexpected token (36:16)
kangax-es6/for-of.iterator-closing-break.js: [ERROR] compile failed: SyntaxError: Unexpected token (37:14)
kangax-es6/for-of.iterator-closing-throw.js: [ERROR] compile failed: SyntaxError: Unexpected token (38:16)
kangax-es6/for-of.sparse-array.js: [ERROR] compile failed: SyntaxError: Unexpected token (12:16)
kangax-es6/for-of.string.js: [ERROR] compile failed: SyntaxError: Unexpected token (11:16)
kangax-es6/function.block-level-decl.js: failed
kangax-es6/generators.basic.js: [ERROR] compile failed: SyntaxError: Unexpected token (10:11)
kangax-es6/generators.constructor.js: [ERROR] compile failed: SyntaxError: Unexpected token (10:11)
kangax-es6/generators.expression.js: [ERROR] compile failed: SyntaxError: Unexpected token (10:27)
kangax-es6/generators.no-new-this.js: [ERROR] compile failed: SyntaxError: Unexpected token (10:11)
kangax-es6/generators.prototype-chain.js: [ERROR] compile failed: SyntaxError: Unexpected token (10:11)
kangax-es6/generators.prototype.js: [ERROR] compile failed: SyntaxError: Unexpected token (10:11)
kangax-es6/generators.return.js: [ERROR] compile failed: SyntaxError: Unexpected token (10:11)
kangax-es6/generators.sending.js: [ERROR] compile failed: SyntaxError: Unexpected token (11:11)
kangax-es6/generators.shorthand.class.js: [ERROR] compile failed: SyntaxError: The keyword 'class' is reserved (10:2)
kangax-es6/generators.shorthand.computed.class.js: [ERROR] compile failed: SyntaxError: The keyword 'class' is reserved (11:2)
kangax-es6/generators.shorthand.computed.js: [ERROR] compile failed: SyntaxError: Unexpected token (12:4)
kangax-es6/generators.shorthand.js: [ERROR] compile failed: SyntaxError: Unexpected token (11:4)
kangax-es6/generators.shorthand.no-constructor.js: [ERROR] compile failed: SyntaxError: The keyword 'class' is reserved (10:2)
kangax-es6/generators.shorthand.string-keyed.js: [ERROR] compile failed: SyntaxError: Unexpected token (11:4)
kangax-es6/generators.this.js: [ERROR] compile failed: SyntaxError: Unexpected token (10:11)
kangax-es6/generators.throw.js: [ERROR] compile failed: SyntaxError: Unexpected token (11:11)
kangax-es6/generators.yield-precedence.js: [ERROR] compile failed: SyntaxError: Unexpected token (11:11)
kangax-es6/generators.yield-star.array.js: [ERROR] compile failed: SyntaxError: Unexpected token (10:27)
kangax-es6/generators.yield-star.astral-string.js: [ERROR] compile failed: SyntaxError: Unexpected token (10:27)
kangax-es6/generators.yield-star.generator.js: [ERROR] compile failed: SyntaxError: Unexpected token (10:27)
kangax-es6/generators.yield-star.iterable-instance.js: [ERROR] compile failed: SyntaxError: Unexpected token (33:27)
kangax-es6/generators.yield-star.iterable.js: [ERROR] compile failed: SyntaxError: Unexpected token (34:27)
kangax-es6/generators.yield-star.iterator-closing-throw.js: [ERROR] compile failed: SyntaxError: Unexpected token (42:21)
kangax-es6/generators.yield-star.iterator-closing.js: [ERROR] compile failed: SyntaxError: Unexpected token (40:21)
kangax-es6/generators.yield-star.non-iterable-error.js: [ERROR] compile failed: SyntaxError: Unexpected token (10:27)
kangax-es6/generators.yield-star.sparse-array.js: [ERROR] compile failed: SyntaxError: Unexpected token (10:27)
kangax-es6/generators.yield-star.string.js: [ERROR] compile failed: SyntaxError: Unexpected token (10:27)
kangax-es6/let.basic.js: [ERROR] compile failed: SyntaxError: Unexpected token (10:6)
kangax-es6/let.block-scoped.js: [ERROR] compile failed: SyntaxError: Unexpected token (10:6)
kangax-es6/let.for-in-shadow.js: [ERROR] compile failed: SyntaxError: Unexpected token (1:48)
kangax-es6/let.for-iteration.js: [ERROR] compile failed: SyntaxError: Unexpected token (10:6)
kangax-es6/let.for-loop.js: [ERROR] compile failed: SyntaxError: Unexpected token (10:6)
kangax-es6/let.no-statement.js: [ERROR] compile failed: SyntaxError: Unexpected token (10:6)
kangax-es6/let.shadow.js: [ERROR] compile failed: SyntaxError: Unexpected token (11:12)
kangax-es6/let.strict.basic.js: [ERROR] compile failed: SyntaxError: The keyword 'let' is reserved (11:2)
kangax-es6/let.strict.block-scoped.js: [ERROR] compile failed: SyntaxError: The keyword 'let' is reserved (11:2)
kangax-es6/let.strict.for-in-shadow.js: [ERROR] compile failed: SyntaxError: The keyword 'let' is reserved (1:58)
kangax-es6/let.strict.for-iteration.js: [ERROR] compile failed: SyntaxError: The keyword 'let' is reserved (11:2)
kangax-es6/let.strict.for-loop.js: [ERROR] compile failed: SyntaxError: The keyword 'let' is reserved (11:2)
kangax-es6/let.strict.no-statement.js: [ERROR] compile failed: SyntaxError: The keyword 'let' is reserved (11:2)
kangax-es6/let.strict.shadow.js: [ERROR] compile failed: SyntaxError: The keyword 'let' is reserved (12:8)
kangax-es6/let.strict.tdz.js: [ERROR] compile failed: SyntaxError: The keyword 'let' is reserved (13:2)
kangax-es6/let.tdz.js: [ERROR] compile failed: SyntaxError: Unexpected token (12:6)
kangax-es6/literals.binary.Number.js: OK
kangax-es6/literals.binary.js: [ERROR] compile failed: SyntaxError: Identifier directly after number (9:10)
kangax-es6/literals.object.computed-accessors.js: [ERROR] compile failed: SyntaxError: Unexpected token (13:12)
kangax-es6/literals.object.computed-properties.js: [ERROR] compile failed: SyntaxError: Unexpected token (11:12)
kangax-es6/literals.object.computed-shorthand-methods.js: [ERROR] compile failed: SyntaxError: Unexpected token (11:12)
kangax-es6/literals.object.shorthand-methods.js: [ERROR] compile failed: SyntaxError: Unexpected token (10:13)
kangax-es6/literals.object.shorthand-properties.js: [ERROR] compile failed: SyntaxError: Unexpected token (10:26)
kangax-es6/literals.object.string-keyed-shorthand-methods.js: [ERROR] compile failed: SyntaxError: Unexpected token (10:21)
kangax-es6/literals.octal.Number.js: OK
kangax-es6/literals.octal.js: [ERROR] compile failed: SyntaxError: Identifier directly after number (9:10)
kangax-es6/misc.Invalid-Date.js: OK
kangax-es6/misc.Object.freeze.primitives.js: TypeError: not an object
kangax-es6/misc.Object.getOwnPropertyDescriptor.primitives.js: TypeError: not an object
kangax-es6/misc.Object.getOwnPropertyNames.primitives.js: TypeError: not an object
kangax-es6/misc.Object.getPrototypeOf.primitives.js: TypeError: not an object
kangax-es6/misc.Object.isExtensible.primitives.js: TypeError: not an object
kangax-es6/misc.Object.isFrozen.primitives.js: TypeError: not an object
kangax-es6/misc.Object.isSealed.primitives.js: TypeError: not an object
kangax-es6/misc.Object.keys.primitives.js: TypeError: not an object
kangax-es6/misc.Object.preventExtensions.primitives.js: TypeError: not an object
kangax-es6/misc.Object.seal.primitives.js: TypeError: not an object
kangax-es6/misc.Proxy.defineProperty.SetIntegrityLevel.js: ReferenceError: 'Proxy' is not defined
kangax-es6/misc.Proxy.defineProperty.Set.js: ReferenceError: 'Proxy' is not defined
kangax-es6/misc.Proxy.deleteProperty.Array.copyWithin.js: ReferenceError: 'Proxy' is not defined
kangax-es6/misc.Proxy.deleteProperty.Array.pop.js: ReferenceError: 'Proxy' is not defined
kangax-es6/misc.Proxy.deleteProperty.Array.reverse.js: ReferenceError: 'Proxy' is not defined
kangax-es6/misc.Proxy.deleteProperty.Array.shift.js: ReferenceError: 'Proxy' is not defined
kangax-es6/misc.Proxy.deleteProperty.Array.splice.js: ReferenceError: 'Proxy' is not defined
kangax-es6/misc.Proxy.deleteProperty.Array.unshift.js: ReferenceError: 'Proxy' is not defined
kangax-es6/misc.Proxy.getOwnPropertyDescriptor.Function.bind.js: ReferenceError: 'Proxy' is not defined
kangax-es6/misc.Proxy.getOwnPropertyDescriptor.Object.assign.js: ReferenceError: 'Proxy' is not defined
kangax-es6/misc.Proxy.getOwnPropertyDescriptor.Object.hasOwnProperty.js: ReferenceError: 'Proxy' is not defined
kangax-es6/misc.Proxy.getOwnPropertyDescriptor.Set.js: ReferenceError: 'Proxy' is not defined
kangax-es6/misc.Proxy.get.Array.concat.js: ReferenceError: 'Proxy' is not defined
kangax-es6/misc.Proxy.get.Array.from.js: ReferenceError: 'Proxy' is not defined
kangax-es6/misc.Proxy.get.Array.iteration.js: ReferenceError: 'Proxy' is not defined
kangax-es6/misc.Proxy.get.Array.pop.js: ReferenceError: 'Proxy' is not defined
kangax-es6/misc.Proxy.get.Array.reverse.js: ReferenceError: 'Proxy' is not defined
kangax-es6/misc.Proxy.get.Array.shift.js: ReferenceError: 'Proxy' is not defined
kangax-es6/misc.Proxy.get.Array.splice.js: ReferenceError: 'Proxy' is not defined
kangax-es6/misc.Proxy.get.Array.toString.js: ReferenceError: 'Proxy' is not defined
kangax-es6/misc.Proxy.get.ClassDefinitionEvaluation.js: [ERROR] compile failed: SyntaxError: The keyword 'class' is reserved (13:2)
kangax-es6/misc.Proxy.get.CreateDynamicFunction.js: ReferenceError: 'Proxy' is not defined
kangax-es6/misc.Proxy.get.CreateListFromArrayLike.js: ReferenceError: 'Proxy' is not defined
kangax-es6/misc.Proxy.get.Date.toJSON.js: ReferenceError: 'Proxy' is not defined
kangax-es6/misc.Proxy.get.Error.toString.js: ReferenceError: 'Proxy' is not defined
kangax-es6/misc.Proxy.get.Function.bind.js: ReferenceError: 'Proxy' is not defined
kangax-es6/misc.Proxy.get.HasBinding.js: ReferenceError: 'Proxy' is not defined
kangax-es6/misc.Proxy.get.IteratorComplete.js: [ERROR] compile failed: SyntaxError: Unexpected token (22:12)
kangax-es6/misc.Proxy.get.JSON.stringify.js: ReferenceError: 'Proxy' is not defined
kangax-es6/misc.Proxy.get.Object.assign.js: ReferenceError: 'Proxy' is not defined
kangax-es6/misc.Proxy.get.Object.defineProperties.js: ReferenceError: 'Proxy' is not defined
kangax-es6/misc.Proxy.get.Promise.resolve.js: ReferenceError: 'Proxy' is not defined
kangax-es6/misc.Proxy.get.RegExp-constructor.js: ReferenceError: 'Symbol' is not defined
kangax-es6/misc.Proxy.get.RegExp.Symbol.match.js: ReferenceError: 'Proxy' is not defined
kangax-es6/misc.Proxy.get.RegExp.Symbol.replace.js: ReferenceError: 'Proxy' is not defined
kangax-es6/misc.Proxy.get.RegExp.Symbol.search.js: ReferenceError: 'Proxy' is not defined
kangax-es6/misc.Proxy.get.RegExp.Symbol.split.js: ReferenceError: 'Symbol' is not defined
kangax-es6/misc.Proxy.get.RegExp.flags.js: ReferenceError: 'Proxy' is not defined
kangax-es6/misc.Proxy.get.RegExp.test.js: ReferenceError: 'Proxy' is not defined
kangax-es6/misc.Proxy.get.RegExp.toString.js: ReferenceError: 'Proxy' is not defined
kangax-es6/misc.Proxy.get.String.match.js: ReferenceError: 'Symbol' is not defined
kangax-es6/misc.Proxy.get.String.raw.js: ReferenceError: 'Proxy' is not defined
kangax-es6/misc.Proxy.get.String.replace.js: ReferenceError: 'Symbol' is not defined
kangax-es6/misc.Proxy.get.String.search.js: ReferenceError: 'Symbol' is not defined
kangax-es6/misc.Proxy.get.String.split.js: ReferenceError: 'Symbol' is not defined
kangax-es6/misc.Proxy.get.ToPrimitive.js: ReferenceError: 'Proxy' is not defined
kangax-es6/misc.Proxy.get.ToPropertyDescriptor.js: ReferenceError: 'Proxy' is not defined
kangax-es6/misc.Proxy.get.instanceof.js: ReferenceError: 'Proxy' is not defined
kangax-es6/misc.Proxy.ownKeys.SerializeJSONObject.js: ReferenceError: 'Proxy' is not defined
kangax-es6/misc.Proxy.ownKeys.SetIntegrityLevel.js: ReferenceError: 'Proxy' is not defined
kangax-es6/misc.Proxy.ownKeys.TestIntegrityLevel.js: ReferenceError: 'Proxy' is not defined
kangax-es6/misc.Proxy.set.Array.copyWithin.js: ReferenceError: 'Proxy' is not defined
kangax-es6/misc.Proxy.set.Array.fill.js: ReferenceError: 'Proxy' is not defined
kangax-es6/misc.Proxy.set.Array.from.js: ReferenceError: 'Proxy' is not defined
kangax-es6/misc.Proxy.set.Array.of.js: ReferenceError: 'Proxy' is not defined
kangax-es6/misc.Proxy.set.Array.pop.js: ReferenceError: 'Proxy' is not defined
kangax-es6/misc.Proxy.set.Array.push.js: ReferenceError: 'Proxy' is not defined
kangax-es6/misc.Proxy.set.Array.reverse.js: ReferenceError: 'Proxy' is not defined
kangax-es6/misc.Proxy.set.Array.shift.js: ReferenceError: 'Proxy' is not defined
kangax-es6/misc.Proxy.set.Array.splice.js: ReferenceError: 'Proxy' is not defined
kangax-es6/misc.Proxy.set.Array.unshift.js: ReferenceError: 'Proxy' is not defined
kangax-es6/misc.Proxy.set.Object.assign.js: ReferenceError: 'Proxy' is not defined
kangax-es6/misc.RegExp-alter-flags.js: OK
kangax-es6/misc.RegExp-prototype-toString-generic.js: TypeError: not a regexp
kangax-es6/misc.accessors-no-constructor.js: failed
kangax-es6/misc.bound-function-prototype.arrow.js: [ERROR] compile failed: SyntaxError: Unexpected token (10:13)
kangax-es6/misc.bound-function-prototype.class.js: [ERROR] compile failed: SyntaxError: The keyword 'class' is reserved (10:4)
kangax-es6/misc.bound-function-prototype.function.js: failed
kangax-es6/misc.bound-function-prototype.generator.js: [ERROR] compile failed: SyntaxError: Unexpected token (10:20)
kangax-es6/misc.bound-function-prototype.subclass.js: [ERROR] compile failed: SyntaxError: The keyword 'class' is reserved (10:4)
kangax-es6/misc.do-while-no-semicolon.js: [ERROR] compile failed: SyntaxError: Unexpected token (9:22)
kangax-es6/misc.duplicate-properties-strict.js: [ERROR] compile failed: SyntaxError: Redefinition of property (10:44)
kangax-es6/misc.for-in-no-assignment-strict.js: [ERROR] compile failed: SyntaxError: for-in loop variable declaration may not have an initializer (1:18)
kangax-es6/misc.function-length-configurable.js: OK
kangax-es6/misc.identifier-syntax.no-escaped-reserved.js: [ERROR] compile failed: SyntaxError: Escape sequence in keyword var (1:4)
kangax-es6/misc.identifier-syntax.var-1.js: [ERROR] compile failed: SyntaxError: Unexpected character '' (1:4)
kangax-es6/misc.identifier-syntax.var-2.js: [ERROR] compile failed: SyntaxError: Unexpected character '' (9:6)
kangax-es6/misc.property-order.JSON.parse.js: failed
kangax-es6/misc.property-order.JSON.stringify.js: OK
kangax-es6/misc.property-order.Object.assign.js: TypeError: undefined is not callable
kangax-es6/misc.property-order.Object.getOwnPropertyNames.js: OK
kangax-es6/misc.property-order.Object.keys.js: OK
kangax-es6/misc.property-order.Reflect.ownKeys.string.js: ReferenceError: 'Reflect' is not defined
kangax-es6/misc.property-order.Reflect.ownKeys.symbol.js: ReferenceError: 'Symbol' is not defined
kangax-es6/misc.prototypes-not-instances.js: TypeError: Cannot read properties of undefined (reading 'exec')
kangax-es6/new-target.assignment-error.js: [ERROR] compile failed: SyntaxError: Unexpected token (12:17)
kangax-es6/new-target.constructor.js: [ERROR] compile failed: SyntaxError: Unexpected token (12:17)
kangax-es6/regex.flags.u.case-folding.js: [ERROR] compile failed: SyntaxError: Invalid regular expression flag (10:20)
kangax-es6/regex.flags.u.codepoint.js: [ERROR] compile failed: SyntaxError: Invalid regular expression flag (10:21)
kangax-es6/regex.flags.u.js: [ERROR] compile failed: SyntaxError: Invalid regular expression flag (10:21)
kangax-es6/regex.flags.u.non-bmp.js: [ERROR] compile failed: SyntaxError: Invalid regular expression flag (10:22)
kangax-es6/regex.flags.y.js: OK
kangax-es6/regex.flags.y.lastIndex.js: OK
kangax-es6/rest-params.arguments.js: [ERROR] compile failed: SyntaxError: Unexpected token (10:25)
kangax-es6/rest-params.basic.js: [ERROR] compile failed: SyntaxError: Unexpected token (10:25)
kangax-es6/rest-params.length.js: [ERROR] compile failed: SyntaxError: Unexpected token (10:21)
kangax-es6/rest-params.new-function.js: [ERROR] compile failed: SyntaxError: Unexpected token (1:22)
kangax-es6/rest-params.no-setter.js: [ERROR] compile failed: SyntaxError: Unexpected token (10:20)
kangax-es6/spread.array-call.js: [ERROR] compile failed: SyntaxError: Unexpected token (10:18)
kangax-es6/spread.array-literal.js: [ERROR] compile failed: SyntaxError: Unexpected token (10:10)
kangax-es6/spread.astral-call.js: [ERROR] compile failed: SyntaxError: Unexpected token (10:15)
kangax-es6/spread.astral-literal.js: [ERROR] compile failed: SyntaxError: Unexpected token (10:10)
kangax-es6/spread.generator-call.js: [ERROR] compile failed: SyntaxError: Unexpected token (10:26)
kangax-es6/spread.generator-literal.js: [ERROR] compile failed: SyntaxError: Unexpected token (10:26)
kangax-es6/spread.iterable-call.js: [ERROR] compile failed: SyntaxError: Unexpected token (35:18)
kangax-es6/spread.iterable-instance-call.js: [ERROR] compile failed: SyntaxError: Unexpected token (35:18)
kangax-es6/spread.iterable-instance-literal.js: [ERROR] compile failed: SyntaxError: Unexpected token (35:15)
kangax-es6/spread.iterable-literal.js: [ERROR] compile failed: SyntaxError: Unexpected token (35:15)
kangax-es6/spread.non-iterable-error.js: [ERROR] compile failed: SyntaxError: Unexpected token (11:13)
kangax-es6/spread.sparse-call.js: [ERROR] compile failed: SyntaxError: Unexpected token (10:16)
kangax-es6/spread.sparse-literal.js: [ERROR] compile failed: SyntaxError: Unexpected token (10:11)
kangax-es6/spread.string-call.js: [ERROR] compile failed: SyntaxError: Unexpected token (10:18)
kangax-es6/spread.string-literal.js: [ERROR] compile failed: SyntaxError: Unexpected token (10:15)
kangax-es6/subclassing.Array.concat.js: [ERROR] compile failed: SyntaxError: The keyword 'class' is reserved (9:2)
kangax-es6/subclassing.Array.filter.js: [ERROR] compile failed: SyntaxError: The keyword 'class' is reserved (9:2)
kangax-es6/subclassing.Array.from.js: [ERROR] compile failed: SyntaxError: The keyword 'class' is reserved (9:2)
kangax-es6/subclassing.Array.isArray.js: [ERROR] compile failed: SyntaxError: The keyword 'class' is reserved (9:2)
kangax-es6/subclassing.Array.length-access.js: [ERROR] compile failed: SyntaxError: The keyword 'class' is reserved (9:2)
kangax-es6/subclassing.Array.length-set.js: [ERROR] compile failed: SyntaxError: The keyword 'class' is reserved (9:2)
kangax-es6/subclassing.Array.map.js: [ERROR] compile failed: SyntaxError: The keyword 'class' is reserved (9:2)
kangax-es6/subclassing.Array.of.js: [ERROR] compile failed: SyntaxError: The keyword 'class' is reserved (9:2)
kangax-es6/subclassing.Array.prototype-chain.js: [ERROR] compile failed: SyntaxError: The keyword 'class' is reserved (9:2)
kangax-es6/subclassing.Array.slice.js: [ERROR] compile failed: SyntaxError: The keyword 'class' is reserved (9:2)
kangax-es6/subclassing.Array.splice.js: [ERROR] compile failed: SyntaxError: The keyword 'class' is reserved (9:2)
kangax-es6/subclassing.Function.call.js: [ERROR] compile failed: SyntaxError: The keyword 'class' is reserved (9:2)
kangax-es6/subclassing.Function.new.js: [ERROR] compile failed: SyntaxError: The keyword 'class' is reserved (9:2)
kangax-es6/subclassing.Function.prototype-chain.js: [ERROR] compile failed: SyntaxError: The keyword 'class' is reserved (9:2)
kangax-es6/subclassing.Function.prototype.apply.js: [ERROR] compile failed: SyntaxError: The keyword 'class' is reserved (9:2)
kangax-es6/subclassing.Function.prototype.bind.js: [ERROR] compile failed: SyntaxError: The keyword 'class' is reserved (9:2)
kangax-es6/subclassing.Function.prototype.call.js: [ERROR] compile failed: SyntaxError: The keyword 'class' is reserved (9:2)
kangax-es6/subclassing.Promise.all.js: [ERROR] compile failed: SyntaxError: The keyword 'class' is reserved (44:2)
kangax-es6/subclassing.Promise.js: [ERROR] compile failed: SyntaxError: The keyword 'class' is reserved (44:2)
kangax-es6/subclassing.Promise.prototype-chain.js: [ERROR] compile failed: SyntaxError: The keyword 'class' is reserved (9:2)
kangax-es6/subclassing.Promise.race.js: [ERROR] compile failed: SyntaxError: The keyword 'class' is reserved (44:2)
kangax-es6/subclassing.RegExp.exec.js: [ERROR] compile failed: SyntaxError: The keyword 'class' is reserved (9:2)
kangax-es6/subclassing.RegExp.js: [ERROR] compile failed: SyntaxError: The keyword 'class' is reserved (11:2)
kangax-es6/subclassing.RegExp.prototype-chain.js: [ERROR] compile failed: SyntaxError: The keyword 'class' is reserved (9:2)
kangax-es6/subclassing.RegExp.test.js: [ERROR] compile failed: SyntaxError: The keyword 'class' is reserved (9:2)
kangax-es6/subclassing.misc.Boolean.js: [ERROR] compile failed: SyntaxError: The keyword 'class' is reserved (9:2)
kangax-es6/subclassing.misc.Error.js: [ERROR] compile failed: SyntaxError: The keyword 'class' is reserved (9:2)
kangax-es6/subclassing.misc.Map.js: [ERROR] compile failed: SyntaxError: The keyword 'class' is reserved (10:2)
kangax-es6/subclassing.misc.Number.js: [ERROR] compile failed: SyntaxError: The keyword 'class' is reserved (9:2)
kangax-es6/subclassing.misc.Set.js: [ERROR] compile failed: SyntaxError: The keyword 'class' is reserved (10:2)
kangax-es6/subclassing.misc.String.js: [ERROR] compile failed: SyntaxError: The keyword 'class' is reserved (9:2)
kangax-es6/super.correct-constructor.js: [ERROR] compile failed: SyntaxError: The keyword 'class' is reserved (12:2)
kangax-es6/super.expression.js: [ERROR] compile failed: SyntaxError: The keyword 'class' is reserved (10:2)
kangax-es6/super.method-calls.js: [ERROR] compile failed: SyntaxError: The keyword 'class' is reserved (10:2)
kangax-es6/super.new-target-binding.js: [ERROR] compile failed: SyntaxError: The keyword 'class' is reserved (11:2)
kangax-es6/super.property-access.js: [ERROR] compile failed: SyntaxError: The keyword 'class' is reserved (10:2)
kangax-es6/super.statement.js: [ERROR] compile failed: SyntaxError: The keyword 'class' is reserved (11:2)
kangax-es6/super.static-binding.js: [ERROR] compile failed: SyntaxError: The keyword 'class' is reserved (10:2)
kangax-es6/super.this-binding.js: [ERROR] compile failed: SyntaxError: The keyword 'class' is reserved (10:2)
kangax-es6/tail-calls.direct.js: RangeError: Maximum call stack size exceeded
kangax-es6/tail-calls.mutual.js: RangeError: Maximum call stack size exceeded
kangax-es6/template.basic.js: [ERROR] compile failed: SyntaxError: Unexpected character '`' (11:7)
kangax-es6/template.caching.js: [ERROR] compile failed: SyntaxError: Unexpected character '`' (17:18)
kangax-es6/template.escape-sequences.js: [ERROR] compile failed: SyntaxError: Unexpected character '`' (13:19)
kangax-es6/template.frozen-array.js: [ERROR] compile failed: SyntaxError: Unexpected character '`' (12:5)
kangax-es6/template.line-break.js: SyntaxError: dynamic expression isn't supported at eval and Function
kangax-es6/template.permanent-caching.js: [ERROR] compile failed: SyntaxError: Unexpected character '`' (14:18)
kangax-es6/template.tagged.js: [ERROR] compile failed: SyntaxError: Unexpected character '`' (21:12)
kangax-es6/template.toString.js: [ERROR] compile failed: SyntaxError: Unexpected character '`' (14:9)
kangax-es6/typed-arrays.ArrayBuffer.Symbol.species.js: ReferenceError: 'ArrayBuffer' is not defined
kangax-es6/typed-arrays.DataView.Float32.js: ReferenceError: 'ArrayBuffer' is not defined
kangax-es6/typed-arrays.DataView.Float64.js: ReferenceError: 'ArrayBuffer' is not defined
kangax-es6/typed-arrays.DataView.Int8.js: ReferenceError: 'ArrayBuffer' is not defined
kangax-es6/typed-arrays.DataView.Int16.js: ReferenceError: 'ArrayBuffer' is not defined
kangax-es6/typed-arrays.DataView.Int32.js: ReferenceError: 'ArrayBuffer' is not defined
kangax-es6/typed-arrays.DataView.Uint8.js: ReferenceError: 'ArrayBuffer' is not defined
kangax-es6/typed-arrays.DataView.Uint16.js: ReferenceError: 'ArrayBuffer' is not defined
kangax-es6/typed-arrays.DataView.Uint32.js: ReferenceError: 'ArrayBuffer' is not defined
kangax-es6/typed-arrays.Float32Array.js: ReferenceError: 'ArrayBuffer' is not defined
kangax-es6/typed-arrays.Float64Array.js: ReferenceError: 'ArrayBuffer' is not defined
kangax-es6/typed-arrays.Int8Array.js: ReferenceError: 'ArrayBuffer' is not defined
kangax-es6/typed-arrays.Int16Array.js: ReferenceError: 'ArrayBuffer' is not defined
kangax-es6/typed-arrays.Int32Array.js: ReferenceError: 'ArrayBuffer' is not defined
kangax-es6/typed-arrays.Symbol.species.js: ReferenceError: 'Int8Array' is not defined
kangax-es6/typed-arrays.Uint8Array.js: ReferenceError: 'ArrayBuffer' is not defined
kangax-es6/typed-arrays.Uint8ClampedArray.js: ReferenceError: 'ArrayBuffer' is not defined
kangax-es6/typed-arrays.Uint16Array.js: ReferenceError: 'ArrayBuffer' is not defined
kangax-es6/typed-arrays.Uint32Array.js: ReferenceError: 'ArrayBuffer' is not defined
kangax-es6/typed-arrays.constructor-iterables.js: TypeError: undefined is not callable
kangax-es6/typed-arrays.constructor-requires-new.js: ReferenceError: 'ArrayBuffer' is not defined
kangax-es6/typed-arrays.correct-prototype-chains.js: [ERROR] compile failed: SyntaxError: The keyword 'const' is reserved (32:4)
kangax-es6/typed-arrays.from.js: ReferenceError: 'Int8Array' is not defined
kangax-es6/typed-arrays.of.js: ReferenceError: 'Int8Array' is not defined
kangax-es6/typed-arrays.prototype.Symbol.iterator.js: ReferenceError: 'Int8Array' is not defined
kangax-es6/typed-arrays.prototype.copyWithin.js: ReferenceError: 'Int8Array' is not defined
kangax-es6/typed-arrays.prototype.entries.js: ReferenceError: 'Int8Array' is not defined
kangax-es6/typed-arrays.prototype.every.js: ReferenceError: 'Int8Array' is not defined
kangax-es6/typed-arrays.prototype.fill.js: ReferenceError: 'Int8Array' is not defined
kangax-es6/typed-arrays.prototype.filter.js: ReferenceError: 'Int8Array' is not defined
kangax-es6/typed-arrays.prototype.findIndex.js: ReferenceError: 'Int8Array' is not defined
kangax-es6/typed-arrays.prototype.find.js: ReferenceError: 'Int8Array' is not defined
kangax-es6/typed-arrays.prototype.forEach.js: ReferenceError: 'Int8Array' is not defined
kangax-es6/typed-arrays.prototype.indexOf.js: ReferenceError: 'Int8Array' is not defined
kangax-es6/typed-arrays.prototype.join.js: ReferenceError: 'Int8Array' is not defined
kangax-es6/typed-arrays.prototype.keys.js: ReferenceError: 'Int8Array' is not defined
kangax-es6/typed-arrays.prototype.lastIndexOf.js: ReferenceError: 'Int8Array' is not defined
kangax-es6/typed-arrays.prototype.map.js: ReferenceError: 'Int8Array' is not defined
kangax-es6/typed-arrays.prototype.reduceRight.js: ReferenceError: 'Int8Array' is not defined
kangax-es6/typed-arrays.prototype.reduce.js: ReferenceError: 'Int8Array' is not defined
kangax-es6/typed-arrays.prototype.reverse.js: ReferenceError: 'Int8Array' is not defined
kangax-es6/typed-arrays.prototype.slice.js: ReferenceError: 'Int8Array' is not defined
kangax-es6/typed-arrays.prototype.some.js: ReferenceError: 'Int8Array' is not defined
kangax-es6/typed-arrays.prototype.sort.js: ReferenceError: 'Int8Array' is not defined
kangax-es6/typed-arrays.prototype.subarray.js: ReferenceError: 'Int8Array' is not defined
kangax-es6/typed-arrays.prototype.values.js: ReferenceError: 'Int8Array' is not defined
kangax-es6/unicode-escapes.identifier.js: [ERROR] compile failed: SyntaxError: Unexpected token (9:6)
kangax-es6/unicode-escapes.property-access.js: [ERROR] compile failed: SyntaxError: Unexpected token (10:11)
kangax-es6/unicode-escapes.property-key.js: [ERROR] compile failed: SyntaxError: Unexpected token (9:12)
kangax-es6/unicode-escapes.string.js: [ERROR] compile failed: SyntaxError: Unexpected token (9:9)
kangax-es6/well-known.hasInstance.js: ReferenceError: 'Symbol' is not defined
kangax-es6/well-known.isConcatSpreadable.non-spreadable.js: ReferenceError: 'Symbol' is not defined
kangax-es6/well-known.isConcatSpreadable.poisoned-getter.js: failed
kangax-es6/well-known.iterator.arguments.js: ReferenceError: 'Symbol' is not defined
kangax-es6/well-known.iterator.js: ReferenceError: 'Symbol' is not defined
kangax-es6/well-known.match.RegExp-constructor.js: ReferenceError: 'Symbol' is not defined
kangax-es6/well-known.match.String.endsWith.js: ReferenceError: 'Symbol' is not defined
kangax-es6/well-known.match.String.includes.js: ReferenceError: 'Symbol' is not defined
kangax-es6/well-known.match.String.startsWith.js: ReferenceError: 'Symbol' is not defined
kangax-es6/well-known.match.js: ReferenceError: 'Symbol' is not defined
kangax-es6/well-known.replace.js: ReferenceError: 'Symbol' is not defined
kangax-es6/well-known.search.js: ReferenceError: 'Symbol' is not defined
kangax-es6/well-known.species.Array.concat.js: ReferenceError: 'Symbol' is not defined
kangax-es6/well-known.species.Array.filter.js: ReferenceError: 'Symbol' is not defined
kangax-es6/well-known.species.Array.map.js: ReferenceError: 'Symbol' is not defined
kangax-es6/well-known.species.Array.slice.js: ReferenceError: 'Symbol' is not defined
kangax-es6/well-known.species.Array.splice.js: ReferenceError: 'Symbol' is not defined
kangax-es6/well-known.species.Promise.then.js: ReferenceError: 'Promise' is not defined
kangax-es6/well-known.species.RegExp.split.js: ReferenceError: 'Symbol' is not defined
kangax-es6/well-known.species.js: ReferenceError: 'Symbol' is not defined
kangax-es6/well-known.split.js: ReferenceError: 'Symbol' is not defined
kangax-es6/well-known.toPrimitive.js: ReferenceError: 'Symbol' is not defined
kangax-es6/well-known.toStringTag.existing-builtins.js: ReferenceError: 'Symbol' is not defined
kangax-es6/well-known.toStringTag.js: ReferenceError: 'Symbol' is not defined
kangax-es6/well-known.toStringTag.misc-builtins.js: ReferenceError: 'Symbol' is not defined
kangax-es6/well-known.toStringTag.new-builtins.js: [ERROR] compile failed: SyntaxError: Unexpected token (23:37)
kangax-es6/well-known.unscopables.js: ReferenceError: 'Symbol' is not defined
kangax-es2016/Array.prototype.includes.generic.js: TypeError: cannot convert undefined to object
kangax-es2016/Array.prototype.includes.js: TypeError: undefined is not callable
kangax-es2016/Array.prototype.includes.sparse.js: TypeError: undefined is not callable
kangax-es2016/Array.prototype.includes.typed-array.js: ReferenceError: 'Int8Array' is not defined
kangax-es2016/exponentiation.assignment.js: [ERROR] compile failed: SyntaxError: Unexpected token (10:16)
kangax-es2016/exponentiation.basic.js: [ERROR] compile failed: SyntaxError: Unexpected token (10:12)
kangax-es2016/exponentiation.unary-negation-error.js: [ERROR] compile failed: SyntaxError: Unexpected token (10:9)
kangax-es2016/misc.Proxy-Array-includes.js: ReferenceError: 'Proxy' is not defined
kangax-es2016/misc.Proxy-enumerate-removed.js: ReferenceError: 'Proxy' is not defined
kangax-es2016/misc.generator-no-new.js: [ERROR] compile failed: SyntaxError: Unexpected token (10:11)
kangax-es2016/misc.generator-throw-inner.js: [ERROR] compile failed: SyntaxError: Unexpected token (10:11)
kangax-es2016/misc.nested-rest-destructuring-decl.js: [ERROR] compile failed: SyntaxError: Unexpected token (10:6)
kangax-es2016/misc.nested-rest-destructuring-params.js: [ERROR] compile failed: SyntaxError: Unexpected token (9:19)
kangax-es2016/misc.strict-fn-non-simple-params-error.js: [ERROR] compile failed: SyntaxError: Unexpected token (9:15)
kangax-es2017/Atomics.add.js: ReferenceError: 'Atomics' is not defined
kangax-es2017/Atomics.and.js: ReferenceError: 'Atomics' is not defined
kangax-es2017/Atomics.compareExchange.js: ReferenceError: 'Atomics' is not defined
kangax-es2017/Atomics.exchange.js: ReferenceError: 'Atomics' is not defined
kangax-es2017/Atomics.isLockFree.js: ReferenceError: 'Atomics' is not defined
kangax-es2017/Atomics.load.js: ReferenceError: 'Atomics' is not defined
kangax-es2017/Atomics.notify.js: ReferenceError: 'Atomics' is not defined
kangax-es2017/Atomics.or.js: ReferenceError: 'Atomics' is not defined
kangax-es2017/Atomics.store.js: ReferenceError: 'Atomics' is not defined
kangax-es2017/Atomics.sub.js: ReferenceError: 'Atomics' is not defined
kangax-es2017/Atomics.wait.js: ReferenceError: 'Atomics' is not defined
kangax-es2017/Atomics.xor.js: ReferenceError: 'Atomics' is not defined
kangax-es2017/Object.entries.js: TypeError: undefined is not callable
kangax-es2017/Object.getOwnPropertyDescriptors.js: TypeError: undefined is not callable
kangax-es2017/Object.getOwnPropertyDescriptors.no-undefined.js: ReferenceError: 'Proxy' is not defined
kangax-es2017/Object.values.js: TypeError: undefined is not callable
kangax-es2017/SharedArrayBuffer.Symbol.species.js: ReferenceError: 'SharedArrayBuffer' is not defined
kangax-es2017/SharedArrayBuffer.js: failed
kangax-es2017/SharedArrayBuffer.prototype.Symbol.toStringTag.js: ReferenceError: 'SharedArrayBuffer' is not defined
kangax-es2017/SharedArrayBuffer.prototype.byteLength.js: ReferenceError: 'SharedArrayBuffer' is not defined
kangax-es2017/SharedArrayBuffer.prototype.slice.js: ReferenceError: 'SharedArrayBuffer' is not defined
kangax-es2017/String.prototype.padEnd.js: TypeError: undefined is not callable
kangax-es2017/String.prototype.padStart.js: TypeError: undefined is not callable
kangax-es2017/annex-b.Object.prototype.__defineGetter__.ToObject.js: ReferenceError: '__defineGetter__' is not defined
kangax-es2017/annex-b.Object.prototype.__defineGetter__.js: TypeError: cannot convert undefined to object
kangax-es2017/annex-b.Object.prototype.__defineGetter__.symbols.js: ReferenceError: 'Symbol' is not defined
kangax-es2017/annex-b.Object.prototype.__defineSetter__.ToObject.js: ReferenceError: '__defineSetter__' is not defined
kangax-es2017/annex-b.Object.prototype.__defineSetter__.js: TypeError: cannot convert undefined to object
kangax-es2017/annex-b.Object.prototype.__defineSetter__.symbols.js: ReferenceError: 'Symbol' is not defined
kangax-es2017/annex-b.Object.prototype.__lookupGetter__.ToObject.js: ReferenceError: '__lookupGetter__' is not defined
kangax-es2017/annex-b.Object.prototype.__lookupGetter__.js: TypeError: cannot convert undefined to object
kangax-es2017/annex-b.Object.prototype.__lookupGetter__.prototype-chain.js: TypeError: cannot convert undefined to object
kangax-es2017/annex-b.Object.prototype.__lookupGetter__.shadow-accessors.js: TypeError: undefined is not callable
kangax-es2017/annex-b.Object.prototype.__lookupGetter__.symbols.js: ReferenceError: 'Symbol' is not defined
kangax-es2017/annex-b.Object.prototype.__lookupSetter__.ToObject.js: ReferenceError: '__lookupSetter__' is not defined
kangax-es2017/annex-b.Object.prototype.__lookupSetter__.js: TypeError: cannot convert undefined to object
kangax-es2017/annex-b.Object.prototype.__lookupSetter__.prototype-chain.js: TypeError: cannot convert undefined to object
kangax-es2017/annex-b.Object.prototype.__lookupSetter__.shadow-accessors.js: TypeError: undefined is not callable
kangax-es2017/annex-b.Object.prototype.__lookupSetter__.symbols.js: ReferenceError: 'Symbol' is not defined
kangax-es2017/annex-b.Proxy.__defineGetter__.js: ReferenceError: 'Proxy' is not defined
kangax-es2017/annex-b.Proxy.__defineSetter__.js: ReferenceError: 'Proxy' is not defined
kangax-es2017/annex-b.Proxy.__lookupGetter__.js: ReferenceError: 'Proxy' is not defined
kangax-es2017/annex-b.Proxy.__lookupSetter__.js: ReferenceError: 'Proxy' is not defined
kangax-es2017/annex-b.for-in-assignment-non-strict.js: [ERROR] compile failed: SyntaxError: for-in loop variable declaration may not have an initializer (10:7)
kangax-es2017/async.Symbol.toStringTag.js: [ERROR] compile failed: SyntaxError: Unexpected token (10:37)
kangax-es2017/async.arrow-in-class.js: [ERROR] compile failed: SyntaxError: The keyword 'class' is reserved (48:2)
kangax-es2017/async.arrow.js: [ERROR] compile failed: SyntaxError: Assigning to rvalue (45:10)
kangax-es2017/async.await-non-promise.js: [ERROR] compile failed: SyntaxError: Unexpected token (45:9)
kangax-es2017/async.await-rejection.js: [ERROR] compile failed: SyntaxError: Unexpected token (45:9)
kangax-es2017/async.await.js: [ERROR] compile failed: SyntaxError: Unexpected token (45:9)
kangax-es2017/async.constructor.js: [ERROR] compile failed: SyntaxError: Unexpected token (45:16)
kangax-es2017/async.methods-class.js: [ERROR] compile failed: SyntaxError: The keyword 'class' is reserved (45:2)
kangax-es2017/async.methods-object.js: [ERROR] compile failed: SyntaxError: Unexpected token (46:10)
kangax-es2017/async.must-await-value.js: [ERROR] compile failed: SyntaxError: Unexpected token (10:8)
kangax-es2017/async.no-await-in-params.js: [ERROR] compile failed: SyntaxError: Unexpected token (10:8)
kangax-es2017/async.no-line-break.js: [ERROR] compile failed: SyntaxError: Unexpected token (10:8)
kangax-es2017/async.no-prototype.js: [ERROR] compile failed: SyntaxError: Unexpected token (10:8)
kangax-es2017/async.prototype-chain.js: [ERROR] compile failed: SyntaxError: Unexpected token (10:55)
kangax-es2017/async.return.js: [ERROR] compile failed: SyntaxError: Unexpected token (45:8)
kangax-es2017/async.throw.js: [ERROR] compile failed: SyntaxError: Unexpected token (45:8)
kangax-es2017/misc.arguments-caller-removed.js: OK
kangax-es2017/regex.flags.u.case-folding.js: [ERROR] compile failed: SyntaxError: Invalid regular expression flag (9:20)
kangax-es2017/trailing-comma.arguments.js: [ERROR] compile failed: SyntaxError: Unexpected token (10:24)
kangax-es2017/trailing-comma.params.js: [ERROR] compile failed: SyntaxError: Unexpected token (10:34)
kangax-es2018/Promise.prototype.finally.change-rejection.js: ReferenceError: 'Promise' is not defined
kangax-es2018/Promise.prototype.finally.js: ReferenceError: 'Promise' is not defined
kangax-es2018/Promise.prototype.finally.no-change-resolution.js: ReferenceError: 'Promise' is not defined
kangax-es2018/async-iterators.for-await-of.js: [ERROR] compile failed: SyntaxError: Unexpected token (58:9)
kangax-es2018/async-iterators.generators.js: [ERROR] compile failed: SyntaxError: Unexpected token (44:8)
kangax-es2018/misc.Proxy-ownKeys-duplicate-keys.js: [ERROR] compile failed: SyntaxError: Unexpected token (11:11)
kangax-es2018/misc.template-literal-revision.js: [ERROR] compile failed: SyntaxError: Unexpected character '`' (16:12)
kangax-es2018/object-rest.js: [ERROR] compile failed: SyntaxError: Unexpected token (9:6)
kangax-es2018/object-spread.js: [ERROR] compile failed: SyntaxError: Unexpected token (10:18)
kangax-es2018/regex.flags.s.js: [ERROR] compile failed: SyntaxError: The keyword 'const' is reserved (10:2)
kangax-es2018/regex.lookbehind.js: [ERROR] compile failed: SyntaxError: Invalid regular expression: /(?<=a)b/: Invalid group (10:10)
kangax-es2018/regex.named-capture-groups.js: [ERROR] compile failed: SyntaxError: Invalid regular expression: /(?<year>\d{4})-(?<month>\d{2})-(?<day>\d{2})/: Invalid group (10:16)
kangax-es2018/regex.unicode-property-escapes.js: [ERROR] compile failed: SyntaxError: The keyword 'const' is reserved (10:2)
kangax-es2018/regex.unicode-property-escapes.unicode-11.js: [ERROR] compile failed: SyntaxError: Invalid regular expression flag (10:10)
kangax-es2018/regex.unicode-property-escapes.unicode-12.1.js: [ERROR] compile failed: SyntaxError: Invalid regular expression flag (10:10)
kangax-es2018/regex.unicode-property-escapes.unicode-12.js: [ERROR] compile failed: SyntaxError: Invalid regular expression flag (10:10)
kangax-es2018/regex.unicode-property-escapes.unicode-13.js: [ERROR] compile failed: SyntaxError: Invalid regular expression flag (10:10)
kangax-es2018/regex.unicode-property-escapes.unicode-14.js: [ERROR] compile failed: SyntaxError: Invalid regular expression flag (10:10)
kangax-es2018/regex.unicode-property-escapes.unicode-15.1.js: [ERROR] compile failed: SyntaxError: Invalid regular expression flag (10:10)
kangax-es2018/regex.unicode-property-escapes.unicode-15.js: [ERROR] compile failed: SyntaxError: Invalid regular expression flag (10:10)
kangax-es2018/regex.unicode-property-escapes.unicode-16.0.js: [ERROR] compile failed: SyntaxError: Invalid regular expression flag (10:10)
kangax-es2018/regex.unicode-property-escapes.unicode-17.0.js: [ERROR] compile failed: SyntaxError: Invalid regular expression flag (10:10)
kangax-es2019/Array.prototype.flatMap.js: TypeError: undefined is not callable
kangax-es2019/Array.prototype.flat-flatMap.unscopables.js: ReferenceError: 'Symbol' is not defined
kangax-es2019/Array.prototype.flat.js: TypeError: undefined is not callable
kangax-es2019/Object.fromEntries.js: ReferenceError: 'Map' is not defined
kangax-es2019/String.prototype.trimEnd.js: TypeError: undefined is not callable
kangax-es2019/String.prototype.trimStart.js: TypeError: undefined is not callable
kangax-es2019/Symbol.prototype.description.empty.js: ReferenceError: 'Symbol' is not defined
kangax-es2019/Symbol.prototype.description.js: ReferenceError: 'Symbol' is not defined
kangax-es2019/Symbol.prototype.description.undefined.js: ReferenceError: 'Symbol' is not defined
kangax-es2019/annex-b.String.prototype.trimLeft.js: TypeError: undefined is not callable
kangax-es2019/annex-b.String.prototype.trimRight.js: TypeError: undefined is not callable
kangax-es2019/misc.Function-toString.Function-constructor.js: [ERROR] compile failed: SyntaxError: Unexpected token (1:70)
kangax-es2019/misc.Function-toString.arrows.js: SyntaxError: dynamic expression isn't supported at eval and Function
kangax-es2019/misc.Function-toString.class-explicit-constructor.js: SyntaxError: dynamic expression isn't supported at eval and Function
kangax-es2019/misc.Function-toString.class-implicit-constructor.js: SyntaxError: dynamic expression isn't supported at eval and Function
kangax-es2019/misc.Function-toString.computed-names.js: SyntaxError: dynamic expression isn't supported at eval and Function
kangax-es2019/misc.Function-toString.native-code.js: [ERROR] compile failed: SyntaxError: The keyword 'const' is reserved (10:2)
kangax-es2019/misc.Function-toString.unicode-escapes.js: SyntaxError: dynamic expression isn't supported at eval and Function
kangax-es2019/misc.JSON-stringify-well-formed.js: OK
kangax-es2019/misc.JSON-superset.line-separator.js: [ERROR] compile failed: SyntaxError: Unterminated string constant (1:0)
kangax-es2019/misc.JSON-superset.paragraph-separator.js: [ERROR] compile failed: SyntaxError: Unterminated string constant (1:0)
kangax-es2019/misc.optional-catch-binding.await.js: [ERROR] compile failed: SyntaxError: Unexpected token (44:9)
kangax-es2019/misc.optional-catch-binding.js: [ERROR] compile failed: SyntaxError: Unexpected token (12:8)
kangax-es2019/misc.optional-catch-binding.yield.js: [ERROR] compile failed: SyntaxError: Unexpected token (9:11)
kangax-es2020/BigInt64Array.js: [ERROR] compile failed: SyntaxError: Identifier directly after number (12:30)
kangax-es2020/BigInt.asIntN.js: ReferenceError: 'BigInt' is not defined
kangax-es2020/BigInt.asUintN.js: ReferenceError: 'BigInt' is not defined
kangax-es2020/BigInt.constructor.js: [ERROR] compile failed: SyntaxError: Identifier directly after number (10:26)
kangax-es2020/BigInt.js: [ERROR] compile failed: SyntaxError: Identifier directly after number (10:11)
kangax-es2020/BigUint64Array.js: [ERROR] compile failed: SyntaxError: Identifier directly after number (12:31)
kangax-es2020/DataView.prototype.getBigInt64.js: [ERROR] compile failed: SyntaxError: Identifier directly after number (12:23)
kangax-es2020/DataView.prototype.getBigUint64.js: [ERROR] compile failed: SyntaxError: Identifier directly after number (12:24)
kangax-es2020/Promise.allSettled.js: [ERROR] compile failed: SyntaxError: Unexpected token (49:14)
kangax-es2020/String.prototype.matchAll.js: TypeError: undefined is not callable
kangax-es2020/String.prototype.matchAll.throws-non-global.js: failed
kangax-es2020/globalThis.descriptor.js: failed
kangax-es2020/globalThis.js: failed
kangax-es2020/nullish-coalescing.js: [ERROR] compile failed: SyntaxError: Unexpected token (10:16)
kangax-es2020/optional-chaining.bracket.js: [ERROR] compile failed: SyntaxError: Unexpected token (12:13)
kangax-es2020/optional-chaining.function-call.js: [ERROR] compile failed: SyntaxError: Unexpected token (14:17)
kangax-es2020/optional-chaining.method-call.js: [ERROR] compile failed: SyntaxError: Unexpected token (12:13)
kangax-es2020/optional-chaining.property.js: [ERROR] compile failed: SyntaxError: Unexpected token (12:13)
kangax-es2020/optional-chaining.spread-params.js: [ERROR] compile failed: SyntaxError: Unexpected token (14:12)
kangax-es2021/FinalizationRegistry.js: ReferenceError: 'FinalizationRegistry' is not defined
kangax-es2021/Promise.any.AggregateError.js: [ERROR] compile failed: SyntaxError: Unexpected token (49:19)
kangax-es2021/Promise.any.fulfillment.js: [ERROR] compile failed: SyntaxError: Unexpected token (49:14)
kangax-es2021/String.prototype.replaceAll.js: TypeError: undefined is not callable
kangax-es2021/WeakRef.js: ReferenceError: 'WeakRef' is not defined
kangax-es2021/logical-assignment.and.js: [ERROR] compile failed: SyntaxError: Unexpected token (10:6)
kangax-es2021/logical-assignment.and.setter-not-invoked.js: [ERROR] compile failed: SyntaxError: Unexpected token (9:6)
kangax-es2021/logical-assignment.and.short-circuit.js: [ERROR] compile failed: SyntaxError: Unexpected token (9:6)
kangax-es2021/logical-assignment.nullish.js: [ERROR] compile failed: SyntaxError: Unexpected token (10:6)
kangax-es2021/logical-assignment.nullish.setter-not-invoked.js: [ERROR] compile failed: SyntaxError: Unexpected token (9:6)
kangax-es2021/logical-assignment.nullish.short-circuit.js: [ERROR] compile failed: SyntaxError: Unexpected token (9:6)
kangax-es2021/logical-assignment.or.js: [ERROR] compile failed: SyntaxError: Unexpected token (10:6)
kangax-es2021/logical-assignment.or.setter-not-invoked.js: [ERROR] compile failed: SyntaxError: Unexpected token (9:6)
kangax-es2021/logical-assignment.or.short-circuit.js: [ERROR] compile failed: SyntaxError: Unexpected token (9:6)
kangax-es2021/numeric-separators.js: [ERROR] compile failed: SyntaxError: Identifier directly after number (9:10)
kangax-es2022/Error.cause.AggregateError-prototype-lacks.js: ReferenceError: 'AggregateError' is not defined
kangax-es2022/Error.cause.AggregateError.js: ReferenceError: 'AggregateError' is not defined
kangax-es2022/Error.cause.Error-prototype-lacks.js: OK
kangax-es2022/Error.cause.Error.js: failed
kangax-es2022/Error.cause.EvalError-prototype-lacks.js: OK
kangax-es2022/Error.cause.EvalError.js: failed
kangax-es2022/Error.cause.RangeError-prototype-lacks.js: OK
kangax-es2022/Error.cause.RangeError.js: failed
kangax-es2022/Error.cause.ReferenceError-prototype-lacks.js: OK
kangax-es2022/Error.cause.ReferenceError.js: failed
kangax-es2022/Error.cause.SyntaxError-prototype-lacks.js: OK
kangax-es2022/Error.cause.SyntaxError.js: failed
kangax-es2022/Error.cause.TypeError-prototype-lacks.js: OK
kangax-es2022/Error.cause.TypeError.js: failed
kangax-es2022/Error.cause.URIError-prototype-lacks.js: OK
kangax-es2022/Error.cause.URIError.js: failed
kangax-es2022/Object.hasOwn.ToObject-first.js: failed
kangax-es2022/Object.hasOwn.js: TypeError: undefined is not callable
kangax-es2022/at-method.Array.js: TypeError: undefined is not callable
kangax-es2022/at-method.String.js: TypeError: undefined is not callable
kangax-es2022/at-method.TypedArray.js: failed
kangax-es2022/class-fields.computed-instance.js: [ERROR] compile failed: SyntaxError: The keyword 'class' is reserved (9:2)
kangax-es2022/class-fields.computed-static.js: [ERROR] compile failed: SyntaxError: The keyword 'class' is reserved (9:2)
kangax-es2022/class-fields.instance.parent-scope.js: [ERROR] compile failed: SyntaxError: Unexpected token (10:8)
kangax-es2022/class-fields.private-instance.initializers.js: [ERROR] compile failed: SyntaxError: The keyword 'class' is reserved (9:2)
kangax-es2022/class-fields.private-instance.js: [ERROR] compile failed: SyntaxError: The keyword 'class' is reserved (10:2)
kangax-es2022/class-fields.private-instance.optional-access.js: [ERROR] compile failed: SyntaxError: The keyword 'class' is reserved (9:2)
kangax-es2022/class-fields.private-instance.optional-deep-access.js: [ERROR] compile failed: SyntaxError: The keyword 'class' is reserved (9:2)
kangax-es2022/class-fields.private-static.js: [ERROR] compile failed: SyntaxError: The keyword 'class' is reserved (10:2)
kangax-es2022/class-fields.public-instance.js: [ERROR] compile failed: SyntaxError: The keyword 'class' is reserved (10:2)
kangax-es2022/class-fields.public-static.js: [ERROR] compile failed: SyntaxError: The keyword 'class' is reserved (10:2)
kangax-es2022/class-fields.static.define.js: [ERROR] compile failed: SyntaxError: The keyword 'class' is reserved (9:10)
kangax-es2022/class-methods.private-accessor.js: [ERROR] compile failed: SyntaxError: The keyword 'class' is reserved (10:2)
kangax-es2022/class-methods.private-instance.js: [ERROR] compile failed: SyntaxError: The keyword 'class' is reserved (9:2)
kangax-es2022/class-methods.private-static-accessor.js: [ERROR] compile failed: SyntaxError: The keyword 'class' is reserved (10:2)
kangax-es2022/class-methods.private-static.js: [ERROR] compile failed: SyntaxError: The keyword 'class' is reserved (9:2)
kangax-es2022/class-static-init-blocks.js: [ERROR] compile failed: SyntaxError: Unexpected token (10:6)
kangax-es2022/ergonomic-brand-checks.js: [ERROR] compile failed: SyntaxError: The keyword 'class' is reserved (9:2)
kangax-es2022/regex.flags.d.constructor.js: OK
kangax-es2022/regex.flags.d.shows-in-flags.js: ReferenceError: 'Proxy' is not defined
kangax-es2023/Array.prototype.findLastIndex.js: TypeError: undefined is not callable
kangax-es2023/Array.prototype.findLast.js: TypeError: undefined is not callable
kangax-es2023/Array.prototype.toReversed.js: TypeError: undefined is not callable
kangax-es2023/Array.prototype.toSorted.js: TypeError: undefined is not callable
kangax-es2023/Array.prototype.toSpliced.js: TypeError: undefined is not callable
kangax-es2023/Array.prototype.with.js: TypeError: undefined is not callable
kangax-es2023/TypedArray.prototype.toReversed.js: ReferenceError: 'Uint8Array' is not defined
kangax-es2023/TypedArray.prototype.toSorted.js: ReferenceError: 'Uint8Array' is not defined
kangax-es2023/TypedArray.prototype.with.js: ReferenceError: 'Uint8Array' is not defined
kangax-es2023/hashbang.js: [ERROR] compile failed: SyntaxError: Unexpected character '#' (1:0)
kangax-es2024/ArrayBuffer.prototype.detached.js: [ERROR] compile failed: SyntaxError: The keyword 'const' is reserved (10:2)
kangax-es2024/ArrayBuffer.prototype.transferToFixedLength.js: [ERROR] compile failed: SyntaxError: The keyword 'const' is reserved (10:2)
kangax-es2024/ArrayBuffer.prototype.transfer.js: [ERROR] compile failed: SyntaxError: The keyword 'const' is reserved (10:2)
kangax-es2024/Map.groupBy.js: [ERROR] compile failed: SyntaxError: The keyword 'const' is reserved (10:2)
kangax-es2024/Object.groupBy.js: [ERROR] compile failed: SyntaxError: The keyword 'const' is reserved (10:2)
kangax-es2024/Promise.withResolvers.js: ReferenceError: 'Promise' is not defined
kangax-es2024/regex.flags.v.constructor.js: OK
kangax-es2024/regex.flags.v.properties-of-strings.js: [ERROR] compile failed: SyntaxError: Invalid regular expression flag (9:10)
kangax-es2024/regex.flags.v.set-notations.js: [ERROR] compile failed: SyntaxError: Invalid regular expression flag (9:10)
kangax-es2024/regex.flags.v.shows-in-flags.js: ReferenceError: 'Proxy' is not defined
kangax-es2024/regex.flags.v.unicode-15.1.js: [ERROR] compile failed: SyntaxError: Invalid regular expression flag (9:10)
kangax-es2024/regex.flags.v.unicode-16.0.js: [ERROR] compile failed: SyntaxError: Invalid regular expression flag (9:10)
kangax-es2024/regex.flags.v.unicode-17.0.js: [ERROR] compile failed: SyntaxError: Invalid regular expression flag (9:10)
kangax-es2025/Iterator.extends.js: [ERROR] compile failed: SyntaxError: The keyword 'class' is reserved (10:2)
kangax-es2025/Iterator.from.iterable.js: [ERROR] compile failed: SyntaxError: The keyword 'const' is reserved (10:2)
kangax-es2025/Iterator.from.iterator.js: [ERROR] compile failed: SyntaxError: The keyword 'const' is reserved (10:2)
kangax-es2025/Iterator.instanceof.js: TypeError: undefined is not callable
kangax-es2025/Iterator.prototype.Symbol.toStringTag.js: ReferenceError: 'Iterator' is not defined
kangax-es2025/Iterator.prototype.drop.js: TypeError: undefined is not callable
kangax-es2025/Iterator.prototype.every.js: [ERROR] compile failed: SyntaxError: Unexpected token (10:38)
kangax-es2025/Iterator.prototype.filter.js: [ERROR] compile failed: SyntaxError: Unexpected token (10:50)
kangax-es2025/Iterator.prototype.find.js: [ERROR] compile failed: SyntaxError: Unexpected token (10:37)
kangax-es2025/Iterator.prototype.flatMap.js: [ERROR] compile failed: SyntaxError: Unexpected token (10:51)
kangax-es2025/Iterator.prototype.forEach.js: [ERROR] compile failed: SyntaxError: Unexpected token (10:6)
kangax-es2025/Iterator.prototype.map.js: [ERROR] compile failed: SyntaxError: Unexpected token (10:47)
kangax-es2025/Iterator.prototype.reduce.js: [ERROR] compile failed: SyntaxError: Parenthesized pattern (10:35) at Parser.checkPatternErrors (/snapshot/sablejs-private-repo/node_modules/acorn/dist/acorn.js:773:29)
kangax-es2025/Iterator.prototype.some.js: [ERROR] compile failed: SyntaxError: Unexpected token (10:37)
kangax-es2025/Iterator.prototype.take.js: TypeError: undefined is not callable
kangax-es2025/Iterator.prototype.toArray.js: [ERROR] compile failed: SyntaxError: The keyword 'const' is reserved (10:2)
kangax-es2025/Promise.try.js: ReferenceError: 'Promise' is not defined
kangax-es2025/RegExp.escape.js: TypeError: undefined is not callable
kangax-es2025/Set.prototype.difference.js: ReferenceError: 'Set' is not defined
kangax-es2025/Set.prototype.intersection.js: ReferenceError: 'Set' is not defined
kangax-es2025/Set.prototype.isDisjointFrom.js: ReferenceError: 'Set' is not defined
kangax-es2025/Set.prototype.isSubsetOf.js: ReferenceError: 'Set' is not defined
kangax-es2025/Set.prototype.isSupersetOf.js: ReferenceError: 'Set' is not defined
kangax-es2025/Set.prototype.symmetricDifference.js: ReferenceError: 'Set' is not defined
kangax-es2025/Set.prototype.union.js: ReferenceError: 'Set' is not defined
kangax-es2025/regex.duplicate-named-groups.js: [ERROR] compile failed: SyntaxError: Invalid regular expression: /(?<year>[0-9]{4})-[0-9]{2}|[0-9]{2}-(?<year>[0-9]{4})/: Invalid group (9:10)
kangax-es2025/regex.pattern-modifiers.i.js: [ERROR] compile failed: SyntaxError: The keyword 'const' is reserved (9:2)
kangax-es2025/regex.pattern-modifiers.m.js: [ERROR] compile failed: SyntaxError: The keyword 'const' is reserved (9:2)
kangax-es2025/regex.pattern-modifiers.s.js: [ERROR] compile failed: SyntaxError: The keyword 'const' is reserved (9:2)
kangax-intl/Array.prototype.toLocaleString.js: OK
kangax-intl/Date.prototype.toLocaleDateString.js: OK
kangax-intl/Date.prototype.toLocaleString.js: OK
kangax-intl/Date.prototype.toLocaleTimeString.js: OK
kangax-intl/Intl.Collator.js: ReferenceError: 'Intl' is not defined
kangax-intl/Intl.Collator.new-instances.js: ReferenceError: 'Intl' is not defined
kangax-intl/Intl.Collator.prototype.compare.js: ReferenceError: 'Intl' is not defined
kangax-intl/Intl.Collator.prototype.resolvedOptions.js: ReferenceError: 'Intl' is not defined
kangax-intl/Intl.Collator.rejects-invalid-tags.js: ReferenceError: 'Intl' is not defined
kangax-intl/Intl.Collator.valid-tags.js: failed
kangax-intl/Intl.Collator.without-new.js: ReferenceError: 'Intl' is not defined
kangax-intl/Intl.DateTimeFormat.iana-timezones.js: failed
kangax-intl/Intl.DateTimeFormat.js: ReferenceError: 'Intl' is not defined
kangax-intl/Intl.DateTimeFormat.new-instances.js: ReferenceError: 'Intl' is not defined
kangax-intl/Intl.DateTimeFormat.rejects-invalid-tags.js: ReferenceError: 'Intl' is not defined
kangax-intl/Intl.DateTimeFormat.resolvedOptions.timeZone-default.js: ReferenceError: 'Intl' is not defined
kangax-intl/Intl.DateTimeFormat.valid-tags.js: failed
kangax-intl/Intl.DateTimeFormat.without-new.js: ReferenceError: 'Intl' is not defined
kangax-intl/Intl.NumberFormat.js: ReferenceError: 'Intl' is not defined
kangax-intl/Intl.NumberFormat.new-instances.js: ReferenceError: 'Intl' is not defined
kangax-intl/Intl.NumberFormat.rejects-invalid-tags.js: ReferenceError: 'Intl' is not defined
kangax-intl/Intl.NumberFormat.valid-tags.js: failed
kangax-intl/Intl.NumberFormat.without-new.js: ReferenceError: 'Intl' is not defined
kangax-intl/Intl.js: failed
kangax-intl/Intl.prototype.js: ReferenceError: 'Intl' is not defined
kangax-intl/Number.prototype.toLocaleString.js: OK
kangax-intl/Object.prototype.toLocaleString.js: OK
kangax-intl/String.prototype.localeCompare.js: OK
