Metadata: {"arch": "arm64", "binary_sha256": "267c7236412493b429235a50eed2bc1dab84827af0839649057e8685b17dbae2", "binary_size": 15735272, "engine": "yavashark", "repository": "https://github.com/Sharktheone/yavashark.git", "revision": "0c5acce1cf9ceadda76b5dfe393296be266dc77a", "revision_date": "2025-11-29", "rustc": "rustc 1.91.1 (ed61e7d7e 2025-11-07)"}
es1/Array.js: OK
es1/Array.length.assignment.js: OK
es1/Array.length.js: OK
es1/Array.prototype.constructor.js: OK
es1/Array.prototype.join.generic.js: OK
es1/Array.prototype.join.js: OK
es1/Array.prototype.reverse.generic.js: OK
es1/Array.prototype.reverse.js: OK
es1/Array.prototype.sort.generic.js: OK
es1/Array.prototype.sort.js: OK
es1/Array.prototype.toString.js: OK
es1/Boolean.js: OK
es1/Boolean.prototype.constructor.js: OK
es1/Boolean.prototype.toString.js: OK
es1/Boolean.prototype.valueOf.js: OK
es1/Date.diff.js: OK
es1/Date.js: new Date(2000, 0, 1).getMonth() != 0
es1/Date.prototype.constructor.js: OK
es1/Date.prototype.getDate.js: OK
es1/Date.prototype.getDay.js: OK
es1/Date.prototype.getFullYear.js: OK
es1/Date.prototype.getHours.js: OK
es1/Date.prototype.getMilliseconds.js: OK
es1/Date.prototype.getMinutes.js: OK
es1/Date.prototype.getMonth.js: failed
es1/Date.prototype.getSeconds.js: OK
es1/Date.prototype.getTimezoneOffset.js: OK
es1/Date.prototype.getTime.js: OK
es1/Date.prototype.getUTCDate.js: OK
es1/Date.prototype.getUTCDay.js: OK
es1/Date.prototype.getUTCFullYear.js: OK
es1/Date.prototype.getUTCHours.js: OK
es1/Date.prototype.getUTCMilliseconds.js: OK
es1/Date.prototype.getUTCMinutes.js: OK
es1/Date.prototype.getUTCMonth.js: failed
es1/Date.prototype.getUTCSeconds.js: OK
es1/Date.prototype.setDate.js: OK
es1/Date.prototype.setFullYear.js: OK
es1/Date.prototype.setHours.js: OK
es1/Date.prototype.setMilliseconds.js: OK
es1/Date.prototype.setMinutes.js: OK
es1/Date.prototype.setMonth.js: OK
es1/Date.prototype.setSeconds.js: OK
es1/Date.prototype.setTime.js: OK
es1/Date.prototype.setUTCDate.js: OK
es1/Date.prototype.setUTCFullYear.js: OK
es1/Date.prototype.setUTCHours.js: OK
es1/Date.prototype.setUTCMilliseconds.js: OK
es1/Date.prototype.setUTCMinutes.js: OK
es1/Date.prototype.setUTCMonth.js: OK
es1/Date.prototype.setUTCSeconds.js: OK
es1/Date.prototype.toLocaleString.js: failed
es1/Date.prototype.toString.js: OK
es1/Date.prototype.toUTCString.js: OK
es1/Date.prototype.valueOf.js: OK
es1/Function.js: OK
es1/Function.length.js: Function.length failed
es1/Function.prototype.constructor.js: OK
es1/Function.prototype.js: OK
es1/Function.prototype.toString.js: OK
es1/Math.E.js: OK
es1/Math.LN2.js: OK
es1/Math.LN10.js: OK
es1/Math.LOG2E.js: OK
es1/Math.LOG10E.js: OK
es1/Math.PI.js: OK
es1/Math.SQRT1_2.js: OK
es1/Math.SQRT2.js: OK
es1/Math.abs.js: OK
es1/Math.acos.js: OK
es1/Math.asin.js: OK
es1/Math.atan2.js: OK
es1/Math.atan.js: OK
es1/Math.ceil.js: OK
es1/Math.cos.js: OK
es1/Math.exp.js: OK
es1/Math.floor.js: OK
es1/Math.log.js: OK
es1/Math.max.js: OK
es1/Math.min.js: OK
es1/Math.pow.js: OK
es1/Math.random.js: OK
es1/Math.round.js: OK
es1/Math.sin.js: OK
es1/Math.sqrt.js: OK
es1/Math.tan.js: OK
es1/Number.MAX_VALUE.js: OK
es1/Number.MIN_VALUE.js: OK
es1/Number.NEGATIVE_INFINITY.js: OK
es1/Number.NaN.js: OK
es1/Number.POSITIVE_INFINITY.js: OK
es1/Number.js: OK
es1/Number.prototype.constructor.js: OK
es1/Number.prototype.toString.js: OK
es1/Number.prototype.valueOf.js: OK
es1/Object.js: OK
es1/Object.prototype.constructor.js: OK
es1/Object.prototype.toString.js: OK
es1/Object.prototype.valueOf.js: OK
es1/String.fromCharCode.js: OK
es1/String.generics.js: Error: TypeError: Expected string, found Object([object Object])
es1/String.js: OK
es1/String.length.js: OK
es1/String.prototype.charAt.js: charAt out of bounds failed; charAt negative failed
es1/String.prototype.charCodeAt.js: charCodeAt out of bounds NaN failed
es1/String.prototype.constructor.js: OK
es1/String.prototype.indexOf.js: OK
es1/String.prototype.lastIndexOf.js: OK
es1/String.prototype.split.js: split('') failed
es1/String.prototype.substring.js: substring swap failed
es1/String.prototype.toLowerCase.js: OK
es1/String.prototype.toString.js: OK
es1/String.prototype.toUpperCase.js: OK
es1/String.prototype.valueOf.js: OK
es1/annex-b.Date.prototype.getYear.js: OK
es1/annex-b.Date.prototype.setYear.js: OK
es1/annex-b.Date.prototype.toGMTString.js: failed
es1/annex-b.global.escape.js: OK
es1/annex-b.global.unescape.js: OK
es1/annex-b.literals.octal.js: OK
es1/annex-b.literals.string.octal.js: OK
es1/arguments.callee.js: Error: TypeError: yavashark_env::object::MutObject is not callable
es1/arguments.js: OK
es1/asi.eval.js: OK
es1/asi.js: Error: TypeError: Invalid left-hand side in assignment: undefined
es1/assignment.bitwise.js: OK
es1/assignment.js: OK
es1/assignment.ltr.js: failed: C++ like evaluation order in 'x += f()'
es1/assignment.unsigned-shift.js: >>>= failed
es1/bitwise.binary.js: OK
es1/bitwise.shifts.js: OK
es1/bitwise.tilde.js: OK
es1/bitwise.unsigned-shift.js: -12345 >>> 2 != 1073738737 (got: 0); -12345 >>> 0 != 4294954951 (got: 0)
es1/break.js: OK
es1/comma.js: OK
es1/comments.js: OK
es1/conditional.js: OK
es1/continue.js: OK
es1/conversions.ToBoolean.js: OK
es1/conversions.ToInt32.js: +Infinity failed; -Infinity failed; 2^32-1 failed; 2^32 failed; 2^31 failed; -2^31-1 failed
es1/conversions.ToInteger.js: -1.9 failed
es1/conversions.ToNumber.js: ' 456 ' failed
es1/conversions.ToObject.js: OK
es1/conversions.ToString.js: OK
es1/conversions.ToUint32.js: +Infinity failed; 2^32 failed; -1 failed; -2^31 failed
es1/conversions.js: 123 != '0123'; 123.0 != '0123'; false != ''
es1/equals.js: OK
es1/eval.js: OK
es1/for-in.js: OK
es1/for.js: OK
es1/functions.js: OK
es1/global.Infinity.js: OK
es1/global.NaN.js: OK
es1/global.isFinite.js: OK
es1/global.isNaN.js: OK
es1/global.parseFloat.js: OK
es1/global.parseInt.hex.js: failed
es1/global.parseInt.js: OK
es1/global.parseInt.radix.js: OK
es1/literals.decimal.js: OK
es1/literals.hex.js: OK
es1/literals.string.escapes.js: OK
es1/literals.string.hex.js: OK
es1/literals.string.js: OK
es1/literals.string.unicode.js: OK
es1/logical.js: OK
es1/new.typeof.js: OK
es1/numbers.double.js: OK
es1/numbers.fmod.js: OK
es1/numbers.inf.js: OK
es1/numbers.int.js: OK
es1/numbers.nan.js: OK
es1/postfix.decrement.js: OK
es1/postfix.increment.js: OK
es1/prefix.js: OK
es1/relational.js: 'abc' < 'def' failed; 'def' > 'abc' failed; 'abc' <= 'def' failed; 'def' >= 'abc' failed
es1/return.js: OK
es1/return.typeof.js: OK
es1/this.js: OK
es1/typeof.js: OK
es1/typeof.null.js: OK
es1/typeof.undeclared.js: OK
es1/types.js: OK
es1/unary.decrement.js: OK
es1/unary.delete.js: OK
es1/unary.delete.var.js: failed
es1/unary.increment.js: OK
es1/unary.minus.js: OK
es1/unary.not.js: OK
es1/unary.plus.js: OK
es1/unary.plus.str.js: OK
es1/unary.tilde.js: OK
es1/var.js: OK
es1/var.typeof.js: OK
es1/void.js: OK
es1/void.typeof.js: OK
es1/while.js: OK
es1/with.js: assignment failed
es3/Array.prototype.concat.js: OK
es3/Array.prototype.pop.generic.js: OK
es3/Array.prototype.pop.js: OK
es3/Array.prototype.push.generic.js: OK
es3/Array.prototype.push.js: OK
es3/Array.prototype.shift.generic.js: OK
es3/Array.prototype.shift.js: OK
es3/Array.prototype.slice.generic.js: OK
es3/Array.prototype.slice.js: OK
es3/Array.prototype.splice.generic.js: delete on object failed; negative start on object failed
es3/Array.prototype.splice.js: delete elements failed; delete and insert failed; negative start failed
es3/Array.prototype.toLocaleString.js: Error: RuntimeError: Not implemented
es3/Array.prototype.unshift.generic.js: unshift on object failed; unshift multiple on object failed; unshift on empty object failed
es3/Array.prototype.unshift.js: unshift single element failed; unshift multiple elements failed; unshift on empty array failed; unshift with no arguments failed; element order after unshift failed
es3/Array.prototype.unshift.returns-new-length.js: empty array unshift failed; multiple elements unshift failed; no arguments unshift failed
es3/Date.prototype.toDateString.js: OK
es3/Date.prototype.toLocaleDateString.js: Error: TypeError: undefined is not a function
es3/Date.prototype.toLocaleString.js: Error: RuntimeError: Not implemented
es3/Date.prototype.toLocaleTimeString.js: Error: TypeError: undefined is not a function
es3/Date.prototype.toTimeString.js: OK
es3/Error.js: Error: TypeError: ErrorObjConstructor is not callable at ErrorObjConstructor (Error.js:23)
es3/Error.prototype.constructor.js: OK
es3/Error.prototype.message.js: failed
es3/Error.prototype.name.js: OK
es3/Error.prototype.toString.js: OK
es3/Function.prototype.apply.js: OK
es3/Function.prototype.call.js: OK
es3/Math.max.variadic.js: OK
es3/Math.min.variadic.js: OK
es3/Number.prototype.toExponential.edge-cases.js: OK
es3/Number.prototype.toExponential.js: small number failed
es3/Number.prototype.toExponential.rounding.js: (-6.9e-11).toExponential(4) != '-6.9000e-11' (got: '-6.9000e+-11'); (25).toExponential(0) != '3e+1' (got: '2e+1'); (12345).toExponential(3) != '1.235e+4' (got: '1.234e+4'); (1.25).toExponential(1) != '1.26e+0' (got: '1.2e+0')
es3/Number.prototype.toExponential.throws-infinity.js: thread 'main' (2548188) panicked at crates/yavashark_env/src/builtins/number.rs:250:22:
es3/Number.prototype.toFixed.js: rounding failed
es3/Number.prototype.toLocaleString.js: Error: RuntimeError: Not implemented
es3/Number.prototype.toPrecision.js: small number exponential notation failed
es3/Object.prototype.hasOwnProperty.js: OK
es3/Object.prototype.isPrototypeOf.js: OK
es3/Object.prototype.propertyIsEnumerable.js: inherited property should be false failed
es3/Object.prototype.toLocaleString.js: Error: RuntimeError: Not implemented
es3/RegExp.global.js: OK
es3/RegExp.ignoreCase.js: OK
es3/RegExp.js: RegExp passthrough failed
es3/RegExp.lastIndex.js: OK
es3/RegExp.multiline.js: OK
es3/RegExp.prototype.constructor.js: OK
es3/RegExp.prototype.exec.js: OK
es3/RegExp.prototype.test.js: OK
es3/RegExp.prototype.toString.js: OK
es3/RegExp.source.js: OK
es3/String.prototype.concat.generic.js: OK
es3/String.prototype.concat.js: OK
es3/String.prototype.localeCompare.js: Error: TypeError: undefined is not a function
es3/String.prototype.match.generic.js: OK
es3/String.prototype.match.js: global match failed; Error: TypeError: Expected an object, found String(test)
es3/String.prototype.replace.capture.js: $1 failed; $1 $2 $3 failed; undefined capture failed; spec example failed; $nn reverse order failed; 4 captures reverse failed
es3/String.prototype.replace.extra.js: $$ failed; $& failed; $` failed; $' failed; combined replacements failed
es3/String.prototype.replace.generic.js: Error: TypeError: Expected string, found Object([object Object])
es3/String.prototype.replace.regex.js: non-global regex replace failed; global regex replace failed; case-insensitive replace failed; replace all occurrences failed
es3/String.prototype.replace.str.js: OK
es3/String.prototype.search.generic.js: Error: TypeError: Cannot read property 'call' of undefined
es3/String.prototype.search.js: Error: TypeError: undefined is not a function
es3/String.prototype.search.str.js: Error: TypeError: undefined is not a function
es3/String.prototype.slice.generic.js: OK
es3/String.prototype.slice.js: OK
es3/String.prototype.split.bugs.js: 'ab'.split(/(?:ab)*/).length !== 2; '.'.split(/(.?)(.?)/).length !== 4; 'test'.split(/(?:)/, -1).length !== 4; ''.split(/.?/).length !== 0
es3/String.prototype.split.limit.js: split with limit 2 failed; split with limit 3 failed; split with limit 1 failed
es3/String.prototype.split.regex.js: split with regex failed; split with capturing group failed; split on single match failed; split on whitespace failed; split by empty regex failed
es3/String.prototype.toLocaleLowerCase.js: OK
es3/String.prototype.toLocaleUpperCase.js: OK
es3/annex-b.String.prototype.substr.js: OK
es3/do-while.js: OK
es3/function-expressions.IIFE.js: OK
es3/function-expressions.js: OK
es3/global.EvalError.js: OK
es3/global.RangeError.js: OK
es3/global.RangeError.thrown.js: no exception for new Array with length >= 2^32; no exception for negative array length; no exception for array length exceeding 2^32-1
es3/global.ReferenceError.js: OK
es3/global.ReferenceError.thrown.js: OK
es3/global.SyntaxError.js: OK
es3/global.SyntaxError.thrown.js: no exception for unclosed string
es3/global.TypeError.js: OK
es3/global.TypeError.thrown.js: OK
es3/global.URIError.js: OK
es3/global.URIError.thrown.js: wrong exception for encodeURI lone low surrogate; wrong exception for encodeURI lone high surrogate; wrong exception for encodeURIComponent lone low surrogate; wrong exception for encodeURIComponent lone high surrogate
es3/global.decodeURIComponent.js: OK
es3/global.decodeURI.js: OK
es3/global.encodeURIComponent.js: encode UTF-8 failed
es3/global.encodeURI.js: encode UTF-8 failed
es3/global.undefined.js: OK
es3/identifiers.unicode.js: OK
es3/instanceof.js: OK
es3/in.js: OK
es3/labelled.break.js: OK
es3/labelled.continue.js: OK
es3/labelled.statements.js: OK
es3/literals.array.elisions.js: OK
es3/literals.array.js: OK
es3/literals.array.trailing-comma.js: OK
es3/literals.object.decimal.js: OK
es3/literals.object.hex.js: OK
es3/literals.object.int.js: OK
es3/literals.object.js: OK
es3/literals.object.str.js: OK
es3/literals.object.unicode.js: OK
es3/literals.regex.ambiguous.js: OK
es3/literals.regex.empty.js: OK
es3/literals.regex.js: OK
es3/literals.string.esc-v.js: OK
es3/nested-functions.eval.js: OK
es3/nested-functions.js: OK
es3/regex.backref.js: OK
es3/regex.begin.js: OK
es3/regex.bracket.esc-b.js: OK
es3/regex.bracket.js: OK
es3/regex.bracket.ranges.js: OK
es3/regex.class.esc-d.js: OK
es3/regex.class.esc-s.js: OK
es3/regex.class.esc-w.js: OK
es3/regex.disjunction.js: OK
es3/regex.dot.js: OK
es3/regex.end.js: OK
es3/regex.escape.control.js: OK
es3/regex.escape.hex.js: OK
es3/regex.escape.js: OK
es3/regex.escape.nul.js: OK
es3/regex.escape.unicode.js: OK
es3/regex.flag.global.js: global match failed; multiple matches failed
es3/regex.flag.ignorecase.js: OK
es3/regex.flag.multiline.js: OK
es3/regex.group.js: OK
es3/regex.lookahead.js: OK
es3/regex.negative-lookahead.js: SyntaxError: Nothing to repeat at position 3
es3/regex.non-capturing-group.js: OK
es3/regex.quantifier.exact.js: OK
es3/regex.quantifier.maybe.js: OK
es3/regex.quantifier.min.js: OK
es3/regex.quantifier.plus.js: OK
es3/regex.quantifier.range.js: OK
es3/regex.quantifier.star.js: OK
es3/regex.word-boundary.js: OK
es3/source.line-terminators.js: OK
es3/source.whitespace.js: OK
es3/source.whitespace.unicode.js: OK
es3/strict-equals.js: OK
es3/switch.js: OK
es3/try-catch-finally.js: OK
es3/try-catch-throw.js: OK
es5/Array.isArray.js: OK
es5/Array.prototype.every.js: sparse array skips missing elements failed
es5/Array.prototype.filter.js: sparse array skips missing elements failed
es5/Array.prototype.forEach.js: sparse array skips missing elements failed
es5/Array.prototype.indexOf.js: OK
es5/Array.prototype.lastIndexOf.js: OK
es5/Array.prototype.map.js: map with index failed
es5/Array.prototype.reduceRight.js: reduceRight without initialValue failed
es5/Array.prototype.reduce.js: sparse array skips missing elements failed
es5/Array.prototype.some.js: OK
es5/Array.prototype.sort.TypeError.js: failed
es5/Array.prototype.sort.undefined-comparefn.js: OK
es5/Date.now.js: OK
es5/Date.prototype.toISOString.js: invalid date does not throw RangeError
es5/Date.prototype.toJSON.js: invalid date does not return null
es5/Function.prototype-not-enumerable.js: named function prototype is enumerable; prototype appears in for-in
es5/Function.prototype.apply.array-like.js: OK
es5/Function.prototype.bind.js: length property incorrect; bound constructor failed
es5/JSON.js: OK
es5/JSON.parse.js: OK
es5/JSON.parse.reviver.js: failed to apply reviver function; failed to delete property for which reviver returned undefined
es5/JSON.stringify.js: stringify object failed; stringify array failed; stringify number failed; failed to drop undefined/function values; undefined/function values in array not converted to null; NaN and Infinity not converted null; didn't call user-provided toJSON() method
es5/JSON.stringify.replacer.js: replacer function failed; replacer array failed
es5/JSON.stringify.space.js: space parameter failed
es5/Object.create.js: OK
es5/Object.defineProperties.js: OK
es5/Object.defineProperty.js: OK
es5/Object.freeze.js: OK
es5/Object.getOwnPropertyDescriptor.js: OK
es5/Object.getOwnPropertyNames.js: OK
es5/Object.getPrototypeOf.js: OK
es5/Object.isExtensible.js: OK
es5/Object.isFrozen.js: OK
es5/Object.isSealed.js: sealed object failed; frozen object is sealed failed
es5/Object.keys.js: OK
es5/Object.preventExtensions.js: OK
es5/Object.property-shadowing.js: OK
es5/Object.seal.js: prevented property addition failed; prevented property deletion failed
es5/String.indexing.js: OK
es5/String.prototype.trim.js: OK
es5/arguments.toStringTag.js: OK
es5/debugger.js: OK
es5/global.Infinity.immutable.js: OK
es5/global.NaN.immutable.js: OK
es5/global.parseInt.no-octal.js: OK
es5/global.undefined.immutable.js: OK
es5/literals.object.getters.js: OK
es5/literals.object.setters.js: OK
es5/literals.object.trailing-comma.js: OK
es5/source.keyword-properties.js: OK
es5/source.unreserved-words.js: OK
es5/source.whitespace.bom.js: OK
es5/source.zero-width-chars.js: OK
es5/strict.eval-cannot-create-bindings.js: failed
es5/strict.function-expr-with-matching-name.js: OK
es5/strict.js: OK
es5/strict.no-arguments-callee.js: OK
es5/strict.no-arguments-caller.js: OK
es5/strict.no-assignment-to-non-writable.js: failed
es5/strict.no-assignment-to-unresolvable.js: failed
es5/strict.no-delete-bindings.js: failed
es5/strict.no-delete-non-configurable.js: OK
es5/strict.no-duplicate-parameters.js: failed
es5/strict.no-eval-or-arguments-assignment.js: failed
es5/strict.no-eval-or-arguments-bindings.js: failed
es5/strict.no-function-caller-or-arguments.js: failed
es5/strict.no-octal-literals.js: failed
es5/strict.no-with.js: failed
es5/strict.reserved-words.js: 'var implements' did not throw in strict mode
es5/strict.this-primitive-not-coerced-in-accessors.js: Error: TypeError: Invalid left-hand side in assignment:
es5/strict.this-primitive-not-coerced.js: OK
es5/strict.this-undefined-in-function.js: failed: outer 'this' is not undefined
es5/strict.unmapped-arguments.js: OK
es5/this.thrown-function.js: OK
kangax-es5/Array.isArray.js: OK
kangax-es5/Array.prototype.every.js: OK
kangax-es5/Array.prototype.filter.js: OK
kangax-es5/Array.prototype.forEach.js: OK
kangax-es5/Array.prototype.indexOf.js: OK
kangax-es5/Array.prototype.lastIndexOf.js: OK
kangax-es5/Array.prototype.map.js: OK
kangax-es5/Array.prototype.reduceRight.js: OK
kangax-es5/Array.prototype.reduce.js: OK
kangax-es5/Array.prototype.some.js: OK
kangax-es5/Array.prototype.sort.compareFn-type.js: failed
kangax-es5/Array.prototype.sort.compareFn-undefined.js: OK
kangax-es5/Array.prototype.unshift.return-count.js: failed
kangax-es5/Date.now.js: OK
kangax-es5/Date.prototype.toISOString.js: OK
kangax-es5/Date.prototype.toJSON.js: failed
kangax-es5/Function.prototype.bind.js: OK
kangax-es5/JSON.js: OK
kangax-es5/Number.prototype.toExponential.no-throw-edge-cases.js: OK
kangax-es5/Number.prototype.toExponential.rounds-properly.js: failed
kangax-es5/Number.prototype.toExponential.throws-infinity.js: thread 'main' (2550705) panicked at crates/yavashark_env/src/builtins/number.rs:250:22:
kangax-es5/Object.create.js: OK
kangax-es5/Object.defineProperties.js: OK
kangax-es5/Object.defineProperty.js: OK
kangax-es5/Object.freeze.js: OK
kangax-es5/Object.getOwnPropertyDescriptor.js: OK
kangax-es5/Object.getOwnPropertyNames.js: OK
kangax-es5/Object.getPrototypeOf.js: OK
kangax-es5/Object.isExtensible.js: OK
kangax-es5/Object.isFrozen.js: OK
kangax-es5/Object.isSealed.js: OK
kangax-es5/Object.keys.js: OK
kangax-es5/Object.preventExtensions.js: OK
kangax-es5/Object.seal.js: OK
kangax-es5/String.property-access.js: OK
kangax-es5/String.prototype.split.js: failed
kangax-es5/String.prototype.trim.js: OK
kangax-es5/annex-b.String.prototype.substr.js: OK
kangax-es5/immutable-globals.Infinity.js: OK
kangax-es5/immutable-globals.NaN.js: OK
kangax-es5/immutable-globals.undefined.js: OK
kangax-es5/literals.getter-accessors.js: OK
kangax-es5/literals.reserved-words-properties.js: OK
kangax-es5/literals.setter-accessors.js: OK
kangax-es5/literals.trailing-comma-array.js: OK
kangax-es5/literals.trailing-comma-object.js: OK
kangax-es5/misc.Arguments.toStringTag.js: OK
kangax-es5/misc.Function.apply.array-likes.js: OK
kangax-es5/misc.Function.prototype.non-enumerable.js: OK
kangax-es5/misc.enumerable-shadow.js: OK
kangax-es5/misc.parseInt.ignores-leading-zeros.js: OK
kangax-es5/misc.thrown-functions-this.js: OK
kangax-es5/misc.unreserved-words.js: OK
kangax-es5/misc.zero-width-identifiers.js: OK
kangax-es5/strict.arguments-callee-error.js: OK
kangax-es5/strict.arguments-caller-error.js: OK
kangax-es5/strict.arguments-unmapped.js: OK
kangax-es5/strict.assignment-eval-arguments-error.js: failed
kangax-es5/strict.assignment-non-writable-error.js: failed
kangax-es5/strict.assignment-unresolvable-error.js: failed
kangax-es5/strict.delete-bindings-error.js: failed
kangax-es5/strict.delete-non-configurable-error.js: OK
kangax-es5/strict.eval-arguments-bindings-error.js: failed
kangax-es5/strict.eval-no-bindings.js: failed
kangax-es5/strict.function-caller-arguments-error.js: failed
kangax-es5/strict.function-expr-matching-name-arg.js: OK
kangax-es5/strict.legacy-octal-error.js: failed
kangax-es5/strict.repeated-params-error.js: failed
kangax-es5/strict.reserved-words.js: failed
kangax-es5/strict.this-not-coerced-accessors.js: [object Error]
kangax-es5/strict.this-not-coerced-methods.js: OK
kangax-es5/strict.this-undefined.js: failed
kangax-es5/strict.with-error.js: failed
kangax-es6/Array.Symbol.species.js: [object Error]
kangax-es6/Array.from.array-like.js: OK
kangax-es6/Array.from.generator.js: OK
kangax-es6/Array.from.iterable-instance.js: [object Error]
kangax-es6/Array.from.iterable.js: [object Error]
kangax-es6/Array.from.iterator-closing.js: failed
kangax-es6/Array.from.map.array-like.js: failed
kangax-es6/Array.from.map.generator.js: failed
kangax-es6/Array.from.map.iterable-instance.js: [object Error]
kangax-es6/Array.from.map.iterable.js: [object Error]
kangax-es6/Array.iterator-prototype-chain.js: failed
kangax-es6/Array.of.js: failed
kangax-es6/Array.prototype.Symbol.iterator.js: OK
kangax-es6/Array.prototype.Symbol.unscopables.js: failed
kangax-es6/Array.prototype.copyWithin.js: OK
kangax-es6/Array.prototype.entries.js: OK
kangax-es6/Array.prototype.fill.js: OK
kangax-es6/Array.prototype.findIndex.js: OK
kangax-es6/Array.prototype.find.js: OK
kangax-es6/Array.prototype.keys.js: OK
kangax-es6/Array.prototype.splice.js: failed
kangax-es6/Array.prototype.values.js: OK
kangax-es6/Date.prototype.Symbol.toPrimitive.js: [object Error]
kangax-es6/Function.name.accessor.js: failed
kangax-es6/Function.name.bound.js: failed
kangax-es6/Function.name.class-expression.js: OK
kangax-es6/Function.name.class-object-method.js: failed
kangax-es6/Function.name.class-prototype.js: OK
kangax-es6/Function.name.class-statement.js: OK
kangax-es6/Function.name.class-static.js: OK
kangax-es6/Function.name.class-variable.js: OK
kangax-es6/Function.name.configurable.js: OK
kangax-es6/Function.name.expression.js: OK
kangax-es6/Function.name.new-Function.js: OK
kangax-es6/Function.name.object-method.js: failed
kangax-es6/Function.name.shorthand.js: OK
kangax-es6/Function.name.shorthand.no-lexical.js: OK
kangax-es6/Function.name.statement.js: OK
kangax-es6/Function.name.symbol-keyed.js: failed
kangax-es6/Function.name.variable.js: OK
kangax-es6/Map.Symbol.species.js: [object Error]
kangax-es6/Map.constructor-accepts-null.js: [object Error]
kangax-es6/Map.constructor-arguments.js: OK
kangax-es6/Map.constructor-invokes-set.js: failed
kangax-es6/Map.constructor-requires-new.js: OK
kangax-es6/Map.iterator-closing.js: failed
kangax-es6/Map.iterator-prototype-chain.js: [object Error]
kangax-es6/Map.js: OK
kangax-es6/Map.prototype-not-instance.js: OK
kangax-es6/Map.prototype.Symbol.iterator.js: failed
kangax-es6/Map.prototype.clear.js: OK
kangax-es6/Map.prototype.delete.js: OK
kangax-es6/Map.prototype.entries.js: failed
kangax-es6/Map.prototype.forEach.js: OK
kangax-es6/Map.prototype.keys.js: OK
kangax-es6/Map.prototype.set-returns-this.js: failed
kangax-es6/Map.prototype.size.js: OK
kangax-es6/Map.prototype.values.js: failed
kangax-es6/Map.zero-key.js: failed
kangax-es6/Math.acosh.js: OK
kangax-es6/Math.asinh.js: OK
kangax-es6/Math.atanh.js: OK
kangax-es6/Math.cbrt.js: OK
kangax-es6/Math.clz32.js: OK
kangax-es6/Math.cosh.js: OK
kangax-es6/Math.expm1.js: OK
kangax-es6/Math.fround.js: OK
kangax-es6/Math.hypot.js: OK
kangax-es6/Math.imul.js: OK
kangax-es6/Math.log1p.js: OK
kangax-es6/Math.log2.js: OK
kangax-es6/Math.log10.js: OK
kangax-es6/Math.sign.js: OK
kangax-es6/Math.sinh.js: OK
kangax-es6/Math.tanh.js: OK
kangax-es6/Math.trunc.js: OK
kangax-es6/Number.EPSILON.js: OK
kangax-es6/Number.MAX_SAFE_INTEGER.js: OK
kangax-es6/Number.MIN_SAFE_INTEGER.js: OK
kangax-es6/Number.isFinite.js: OK
kangax-es6/Number.isInteger.js: OK
kangax-es6/Number.isNaN.js: OK
kangax-es6/Number.isSafeInteger.js: OK
kangax-es6/Number.parseFloat.js: failed
kangax-es6/Number.parseInt.js: failed
kangax-es6/Object.assign.js: OK
kangax-es6/Object.getOwnPropertySymbols.js: OK
kangax-es6/Object.is.js: OK
kangax-es6/Object.setPrototypeOf.js: [object Error]
kangax-es6/Promise.Symbol.species.js: [object Error]
kangax-es6/Promise.all.iterable.js: [object Error]
kangax-es6/Promise.all.js: crashed (signal 6); fatal runtime error: stack overflow, aborting
kangax-es6/Promise.constructor-requires-new.js: OK
kangax-es6/Promise.js: thread 'main' (2544168) panicked at crates/yavashark_env/src/builtins/promise.rs:33:1:
kangax-es6/Promise.prototype-not-instance.js: OK
kangax-es6/Promise.race.iterable.js: [object Error]
kangax-es6/Promise.race.js: crashed (signal 6); fatal runtime error: stack overflow, aborting
kangax-es6/Proxy.Array.isArray.js: OK
kangax-es6/Proxy.JSON.stringify.js: OK
kangax-es6/Proxy.constructor-requires-new.js: OK
kangax-es6/Proxy.handler.apply.invariants.js: failed
kangax-es6/Proxy.handler.apply.js: OK
kangax-es6/Proxy.handler.construct.invariants.js: failed
kangax-es6/Proxy.handler.construct.js: OK
kangax-es6/Proxy.handler.defineProperty.invariants.js: [object Error]
kangax-es6/Proxy.handler.defineProperty.js: failed
kangax-es6/Proxy.handler.deleteProperty.invariants.js: failed
kangax-es6/Proxy.handler.deleteProperty.js: [object Error]
kangax-es6/Proxy.handler.getOwnPropertyDescriptor.invariants.js: failed
kangax-es6/Proxy.handler.getOwnPropertyDescriptor.js: [object Error]
kangax-es6/Proxy.handler.getPrototypeOf.invariants.js: failed
kangax-es6/Proxy.handler.getPrototypeOf.js: OK
kangax-es6/Proxy.handler.get.instances.js: failed
kangax-es6/Proxy.handler.get.invariants.js: failed
kangax-es6/Proxy.handler.get.js: failed
kangax-es6/Proxy.handler.has.instances.js: OK
kangax-es6/Proxy.handler.has.invariants.js: failed
kangax-es6/Proxy.handler.has.js: OK
kangax-es6/Proxy.handler.isExtensible.invariants.js: failed
kangax-es6/Proxy.handler.isExtensible.js: failed
kangax-es6/Proxy.handler.ownKeys.invariants.js: failed
kangax-es6/Proxy.handler.ownKeys.js: failed
kangax-es6/Proxy.handler.preventExtensions.invariants.js: failed
kangax-es6/Proxy.handler.preventExtensions.js: failed
kangax-es6/Proxy.handler.setPrototypeOf.invariants.js: [object Error]
kangax-es6/Proxy.handler.setPrototypeOf.js: [object Error]
kangax-es6/Proxy.handler.set.instances.js: failed
kangax-es6/Proxy.handler.set.invariants.js: failed
kangax-es6/Proxy.handler.set.js: [object Error]
kangax-es6/Proxy.no-prototype.js: failed
kangax-es6/Proxy.revocable.js: OK
kangax-es6/Reflect.apply.js: OK
kangax-es6/Reflect.construct.Array-subclassing.js: OK
kangax-es6/Reflect.construct.Function-subclassing.js: OK
kangax-es6/Reflect.construct.Promise-subclassing.js: OK
kangax-es6/Reflect.construct.RegExp-subclassing.js: OK
kangax-es6/Reflect.construct.js: OK
kangax-es6/Reflect.construct.new-target.js: failed
kangax-es6/Reflect.construct.third-argument.js: OK
kangax-es6/Reflect.defineProperty.js: [object Error]
kangax-es6/Reflect.deleteProperty.js: OK
kangax-es6/Reflect.getOwnPropertyDescriptor.js: OK
kangax-es6/Reflect.getPrototypeOf.js: OK
kangax-es6/Reflect.get.js: OK
kangax-es6/Reflect.has.js: OK
kangax-es6/Reflect.isExtensible.js: [object Error]
kangax-es6/Reflect.ownKeys.string.js: failed
kangax-es6/Reflect.ownKeys.symbol.js: failed
kangax-es6/Reflect.preventExtensions.js: failed
kangax-es6/Reflect.setPrototypeOf.js: OK
kangax-es6/Reflect.set.js: OK
kangax-es6/RegExp.Symbol.species.js: [object Error]
kangax-es6/RegExp.prototype.Symbol.match.js: OK
kangax-es6/RegExp.prototype.Symbol.replace.js: failed
kangax-es6/RegExp.prototype.Symbol.search.js: OK
kangax-es6/RegExp.prototype.Symbol.split.js: failed
kangax-es6/RegExp.prototype.flags.js: OK
kangax-es6/Set.Symbol.species.js: [object Error]
kangax-es6/Set.constructor-accepts-null.js: [object Error]
kangax-es6/Set.constructor-arguments.js: OK
kangax-es6/Set.constructor-invokes-add.js: failed
kangax-es6/Set.constructor-requires-new.js: OK
kangax-es6/Set.iterator-closing.js: failed
kangax-es6/Set.iterator-prototype-chain.js: [object Error]
kangax-es6/Set.js: OK
kangax-es6/Set.prototype-not-instance.js: OK
kangax-es6/Set.prototype.Symbol.iterator.js: failed
kangax-es6/Set.prototype.add-returns-this.js: failed
kangax-es6/Set.prototype.clear.js: OK
kangax-es6/Set.prototype.delete.js: OK
kangax-es6/Set.prototype.entries.js: failed
kangax-es6/Set.prototype.forEach.js: OK
kangax-es6/Set.prototype.keys.js: failed
kangax-es6/Set.prototype.size.js: OK
kangax-es6/Set.prototype.values.js: failed
kangax-es6/Set.zero-key.js: failed
kangax-es6/String.fromCodePoint.js: OK
kangax-es6/String.iterator-prototype-chain.js: [object Error]
kangax-es6/String.prototype.Symbol.iterator.js: failed
kangax-es6/String.prototype.codePointAt.js: OK
kangax-es6/String.prototype.endsWith.js: OK
kangax-es6/String.prototype.endsWith.throws-regex.js: failed
kangax-es6/String.prototype.includes.js: OK
kangax-es6/String.prototype.normalize.js: OK
kangax-es6/String.prototype.repeat.js: OK
kangax-es6/String.prototype.startsWith.js: OK
kangax-es6/String.prototype.startsWith.throws-regex.js: failed
kangax-es6/String.raw.js: OK
kangax-es6/Symbol.JSON.stringify.object.js: failed
kangax-es6/Symbol.JSON.stringify.primitive.js: failed
kangax-es6/Symbol.Object.js: OK
kangax-es6/Symbol.String.js: OK
kangax-es6/Symbol.defineProperty.js: OK
kangax-es6/Symbol.global-registry.js: OK
kangax-es6/Symbol.hidden-keys.js: failed
kangax-es6/Symbol.js: OK
kangax-es6/Symbol.no-coerce.js: failed
kangax-es6/Symbol.no-new.js: OK
kangax-es6/Symbol.prototype.js: OK
kangax-es6/Symbol.typeof.js: OK
kangax-es6/WeakMap.accept-primitives.js: OK
kangax-es6/WeakMap.constructor-accepts-null.js: [object Error]
kangax-es6/WeakMap.constructor-arguments.js: OK
kangax-es6/WeakMap.constructor-invokes-set.js: failed
kangax-es6/WeakMap.constructor-requires-new.js: OK
kangax-es6/WeakMap.frozen-keys.js: OK
kangax-es6/WeakMap.iterator-closing.js: failed
kangax-es6/WeakMap.js: OK
kangax-es6/WeakMap.no-clear.js: failed
kangax-es6/WeakMap.prototype-not-instance.js: OK
kangax-es6/WeakMap.prototype.delete.js: OK
kangax-es6/WeakMap.prototype.set-returns-this.js: failed
kangax-es6/WeakSet.accept-primitives.js: OK
kangax-es6/WeakSet.constructor-accepts-null.js: [object Error]
kangax-es6/WeakSet.constructor-arguments.js: OK
kangax-es6/WeakSet.constructor-invokes-add.js: failed
kangax-es6/WeakSet.constructor-requires-new.js: OK
kangax-es6/WeakSet.iterator-closing.js: failed
kangax-es6/WeakSet.js: OK
kangax-es6/WeakSet.no-clear.js: failed
kangax-es6/WeakSet.prototype-not-instance.js: OK
kangax-es6/WeakSet.prototype.add-returns-this.js: failed
kangax-es6/WeakSet.prototype.delete.js: OK
kangax-es6/annex-b.RegExp.prototype.compile.js: failed
kangax-es6/annex-b.RegExp.prototype.compile.returns-this.js: [object Error]
kangax-es6/annex-b.String.prototype.html.existence.js: OK
kangax-es6/annex-b.String.prototype.html.lowercase.js: OK
kangax-es6/annex-b.String.prototype.html.quotes-escaped.js: failed
kangax-es6/annex-b.function.hoisted-block-level.js: OK
kangax-es6/annex-b.function.if-statement.js: OK
kangax-es6/annex-b.function.labeled.js: OK
kangax-es6/annex-b.html-comments.js: OK
kangax-es6/annex-b.regex.backreferences-octal.js: OK
kangax-es6/annex-b.regex.hyphens.js: OK
kangax-es6/annex-b.regex.incomplete-patterns.js: OK
kangax-es6/annex-b.regex.invalid-char-escapes.js: OK
kangax-es6/annex-b.regex.invalid-control-escapes.js: OK
kangax-es6/annex-b.regex.invalid-hex-escapes.js: failed
kangax-es6/annex-b.regex.invalid-unicode-escapes.js: OK
kangax-es6/annex-b.regex.octal-escapes.js: OK
kangax-es6/annex-b.__proto__.Object.prototype.absent-from-null.js: failed
kangax-es6/annex-b.__proto__.Object.prototype.descriptor.js: failed
kangax-es6/annex-b.__proto__.Object.prototype.getOwnPropertyNames.js: failed
kangax-es6/annex-b.__proto__.Object.prototype.get.js: OK
kangax-es6/annex-b.__proto__.Object.prototype.hasOwnProperty.js: OK
kangax-es6/annex-b.__proto__.Object.prototype.set.js: OK
kangax-es6/annex-b.__proto__.literals.js: OK
kangax-es6/annex-b.__proto__.literals.multiple-error.js: failed
kangax-es6/annex-b.__proto__.literals.not-computed.js: failed
kangax-es6/annex-b.__proto__.literals.not-shorthand-method.js: failed
kangax-es6/annex-b.__proto__.literals.not-shorthand-property.js: failed
kangax-es6/arrow.0-params.js: OK
kangax-es6/arrow.1-param.js: OK
kangax-es6/arrow.5-param.js: OK
kangax-es6/arrow.bind.js: OK
kangax-es6/arrow.lexical-arguments.js: OK
kangax-es6/arrow.lexical-super.constructor.js: failed
kangax-es6/arrow.lexical-super.methods.js: OK
kangax-es6/arrow.lexical-this.js: OK
kangax-es6/arrow.new-target.js: failed
kangax-es6/arrow.no-line-break.js: OK
kangax-es6/arrow.no-prototype.js: OK
kangax-es6/arrow.precedence.js: OK
kangax-es6/arrow.this-call-apply.js: OK
kangax-es6/class.accessor-properties.js: failed
kangax-es6/class.anonymous.js: OK
kangax-es6/class.block-scoped.js: OK
kangax-es6/class.computed-accessor-properties.js: failed
kangax-es6/class.computed-names-tdz.js: OK
kangax-es6/class.computed-prototype-methods.js: OK
kangax-es6/class.computed-static-accessor-properties.js: OK
kangax-es6/class.computed-static-methods.js: OK
kangax-es6/class.constructor-requires-new.js: OK
kangax-es6/class.constructor.js: OK
kangax-es6/class.expression.js: OK
kangax-es6/class.extends-expressions.js: OK
kangax-es6/class.extends-null.js: [object Error]
kangax-es6/class.extends.js: OK
kangax-es6/class.implicit-strict.js: failed
kangax-es6/class.lexical-name.js: failed
kangax-es6/class.methods-not-enumerable.js: OK
kangax-es6/class.new-target.js: failed
kangax-es6/class.optional-semicolons.js: OK
kangax-es6/class.prototype-methods.js: OK
kangax-es6/class.statement.js: OK
kangax-es6/class.static-accessor-properties.js: OK
kangax-es6/class.static-methods.js: OK
kangax-es6/class.string-keyed-methods.js: OK
kangax-es6/const.basic.js: OK
kangax-es6/const.block-scoped.js: OK
kangax-es6/const.for-in.js: OK
kangax-es6/const.for-loop.js: OK
kangax-es6/const.for-of.js: OK
kangax-es6/const.no-redefine.js: failed
kangax-es6/const.no-statement.js: OK
kangax-es6/const.shadow.js: OK
kangax-es6/const.strict.basic.js: OK
kangax-es6/const.strict.block-scoped.js: OK
kangax-es6/const.strict.for-in.js: OK
kangax-es6/const.strict.for-loop.js: OK
kangax-es6/const.strict.for-of.js: OK
kangax-es6/const.strict.no-redefine.js: OK
kangax-es6/const.strict.no-statement.js: OK
kangax-es6/const.strict.shadow.js: OK
kangax-es6/const.strict.tdz.js: OK
kangax-es6/const.tdz.js: OK
kangax-es6/default-params.arguments.js: OK
kangax-es6/default-params.basic.js: OK
kangax-es6/default-params.explicit-undefined.js: OK
kangax-es6/default-params.new-function.js: OK
kangax-es6/default-params.refer-previous.js: OK
kangax-es6/default-params.separate-scope.js: OK
kangax-es6/default-params.tdz.js: OK
kangax-es6/destructuring-assign.array.js: OK
kangax-es6/destructuring-assign.astral-string.js: [object Error]
kangax-es6/destructuring-assign.chained-iterable.js: OK
kangax-es6/destructuring-assign.chained-object.js: OK
kangax-es6/destructuring-assign.computed-properties.js: OK
kangax-es6/destructuring-assign.defaults.js: OK
kangax-es6/destructuring-assign.empty-patterns.js: OK
kangax-es6/destructuring-assign.generator.js: OK
kangax-es6/destructuring-assign.iterable-expression.js: OK
kangax-es6/destructuring-assign.iterable-instance.js: OK
kangax-es6/destructuring-assign.iterable.js: OK
kangax-es6/destructuring-assign.iterator-closing.js: OK
kangax-es6/destructuring-assign.nested-rest.js: OK
kangax-es6/destructuring-assign.nested.js: OK
kangax-es6/destructuring-assign.object-expression.js: OK
kangax-es6/destructuring-assign.object-primitives.js: [object Error]
kangax-es6/destructuring-assign.object.js: OK
kangax-es6/destructuring-assign.parenthesised-error.js: OK
kangax-es6/destructuring-assign.rest.js: OK
kangax-es6/destructuring-assign.sparse-array.js: OK
kangax-es6/destructuring-assign.string.js: [object Error]
kangax-es6/destructuring-assign.throws-null-undefined.js: OK
kangax-es6/destructuring-assign.trailing-comma-iterable.js: OK
kangax-es6/destructuring-assign.trailing-comma-object.js: OK
kangax-es6/destructuring-decl.array.js: OK
kangax-es6/destructuring-decl.astral-string.js: [object Error]
kangax-es6/destructuring-decl.catch.js: OK
kangax-es6/destructuring-decl.computed-properties.js: OK
kangax-es6/destructuring-decl.defaults-tdz.js: OK
kangax-es6/destructuring-decl.defaults.js: OK
kangax-es6/destructuring-decl.for-in.js: [object Error]
kangax-es6/destructuring-decl.for-of.js: failed
kangax-es6/destructuring-decl.generator.js: OK
kangax-es6/destructuring-decl.iterable-instance.js: OK
kangax-es6/destructuring-decl.iterable.js: OK
kangax-es6/destructuring-decl.iterator-closing.js: OK
kangax-es6/destructuring-decl.multiple-var.js: OK
kangax-es6/destructuring-decl.nested.js: OK
kangax-es6/destructuring-decl.object-primitives.js: [object Error]
kangax-es6/destructuring-decl.object.js: OK
kangax-es6/destructuring-decl.rest.js: OK
kangax-es6/destructuring-decl.sparse-array.js: OK
kangax-es6/destructuring-decl.string.js: [object Error]
kangax-es6/destructuring-decl.throws-null-undefined.js: OK
kangax-es6/destructuring-decl.trailing-comma-iterable.js: OK
kangax-es6/destructuring-decl.trailing-comma-object.js: OK
kangax-es6/destructuring-params.aliased-defaults-arrow.js: OK
kangax-es6/destructuring-params.arguments.js: OK
kangax-es6/destructuring-params.array.js: OK
kangax-es6/destructuring-params.astral-string.js: [object Error]
kangax-es6/destructuring-params.computed-properties.js: OK
kangax-es6/destructuring-params.defaults-new-function.js: OK
kangax-es6/destructuring-params.defaults-separate-scope.js: OK
kangax-es6/destructuring-params.defaults.js: OK
kangax-es6/destructuring-params.duplicate-identifier.js: OK
kangax-es6/destructuring-params.empty-patterns.js: OK
kangax-es6/destructuring-params.generator.js: OK
kangax-es6/destructuring-params.iterable-instance.js: OK
kangax-es6/destructuring-params.iterable.js: OK
kangax-es6/destructuring-params.iterator-closing.js: OK
kangax-es6/destructuring-params.length.js: OK
kangax-es6/destructuring-params.nested.js: OK
kangax-es6/destructuring-params.new-function.js: OK
kangax-es6/destructuring-params.object-primitives.js: [object Error]
kangax-es6/destructuring-params.object.js: OK
kangax-es6/destructuring-params.rest.js: OK
kangax-es6/destructuring-params.shorthand-defaults-arrow.js: OK
kangax-es6/destructuring-params.sparse-array.js: OK
kangax-es6/destructuring-params.string.js: [object Error]
kangax-es6/destructuring-params.throws-null-undefined.js: OK
kangax-es6/destructuring-params.trailing-comma-iterable.js: OK
kangax-es6/destructuring-params.trailing-comma-object.js: OK
kangax-es6/for-of.array.js: failed
kangax-es6/for-of.astral-string.js: [object Error]
kangax-es6/for-of.generator.js: OK
kangax-es6/for-of.iterable-instance.js: OK
kangax-es6/for-of.iterable.js: OK
kangax-es6/for-of.iterator-closing-break.js: failed
kangax-es6/for-of.iterator-closing-throw.js: failed
kangax-es6/for-of.sparse-array.js: OK
kangax-es6/for-of.string.js: [object Error]
kangax-es6/function.block-level-decl.js: failed
kangax-es6/generators.basic.js: OK
kangax-es6/generators.constructor.js: OK
kangax-es6/generators.expression.js: OK
kangax-es6/generators.no-new-this.js: OK
kangax-es6/generators.prototype-chain.js: [object Error]
kangax-es6/generators.prototype.js: failed
kangax-es6/generators.return.js: failed
kangax-es6/generators.sending.js: [object Error]
kangax-es6/generators.shorthand.class.js: OK
kangax-es6/generators.shorthand.computed.class.js: OK
kangax-es6/generators.shorthand.computed.js: OK
kangax-es6/generators.shorthand.js: OK
kangax-es6/generators.shorthand.no-constructor.js: failed
kangax-es6/generators.shorthand.string-keyed.js: OK
kangax-es6/generators.this.js: failed
kangax-es6/generators.throw.js: failed
kangax-es6/generators.yield-precedence.js: [object Error]
kangax-es6/generators.yield-star.array.js: OK
kangax-es6/generators.yield-star.astral-string.js: [object Error]
kangax-es6/generators.yield-star.generator.js: [object Error]
kangax-es6/generators.yield-star.iterable-instance.js: OK
kangax-es6/generators.yield-star.iterable.js: OK
kangax-es6/generators.yield-star.iterator-closing-throw.js: failed
kangax-es6/generators.yield-star.iterator-closing.js: failed
kangax-es6/generators.yield-star.non-iterable-error.js: OK
kangax-es6/generators.yield-star.sparse-array.js: OK
kangax-es6/generators.yield-star.string.js: [object Error]
kangax-es6/let.basic.js: OK
kangax-es6/let.block-scoped.js: OK
kangax-es6/let.for-in-shadow.js: OK
kangax-es6/let.for-iteration.js: failed
kangax-es6/let.for-loop.js: OK
kangax-es6/let.no-statement.js: OK
kangax-es6/let.shadow.js: OK
kangax-es6/let.strict.basic.js: OK
kangax-es6/let.strict.block-scoped.js: OK
kangax-es6/let.strict.for-in-shadow.js: OK
kangax-es6/let.strict.for-iteration.js: failed
kangax-es6/let.strict.for-loop.js: OK
kangax-es6/let.strict.no-statement.js: OK
kangax-es6/let.strict.shadow.js: OK
kangax-es6/let.strict.tdz.js: OK
kangax-es6/let.tdz.js: OK
kangax-es6/literals.binary.Number.js: OK
kangax-es6/literals.binary.js: OK
kangax-es6/literals.object.computed-accessors.js: OK
kangax-es6/literals.object.computed-properties.js: OK
kangax-es6/literals.object.computed-shorthand-methods.js: OK
kangax-es6/literals.object.shorthand-methods.js: OK
kangax-es6/literals.object.shorthand-properties.js: OK
kangax-es6/literals.object.string-keyed-shorthand-methods.js: OK
kangax-es6/literals.octal.Number.js: OK
kangax-es6/literals.octal.js: OK
kangax-es6/misc.Invalid-Date.js: failed
kangax-es6/misc.Object.freeze.primitives.js: [object Error]
kangax-es6/misc.Object.getOwnPropertyDescriptor.primitives.js: OK
kangax-es6/misc.Object.getOwnPropertyNames.primitives.js: [object Error]
kangax-es6/misc.Object.getPrototypeOf.primitives.js: failed
kangax-es6/misc.Object.isExtensible.primitives.js: [object Error]
kangax-es6/misc.Object.isFrozen.primitives.js: [object Error]
kangax-es6/misc.Object.isSealed.primitives.js: [object Error]
kangax-es6/misc.Object.keys.primitives.js: failed
kangax-es6/misc.Object.preventExtensions.primitives.js: [object Error]
kangax-es6/misc.Object.seal.primitives.js: [object Error]
kangax-es6/misc.Proxy.defineProperty.SetIntegrityLevel.js: failed
kangax-es6/misc.Proxy.defineProperty.Set.js: failed
kangax-es6/misc.Proxy.deleteProperty.Array.copyWithin.js: failed
kangax-es6/misc.Proxy.deleteProperty.Array.pop.js: failed
kangax-es6/misc.Proxy.deleteProperty.Array.reverse.js: failed
kangax-es6/misc.Proxy.deleteProperty.Array.shift.js: failed
kangax-es6/misc.Proxy.deleteProperty.Array.splice.js: failed
kangax-es6/misc.Proxy.deleteProperty.Array.unshift.js: failed
kangax-es6/misc.Proxy.getOwnPropertyDescriptor.Function.bind.js: failed
kangax-es6/misc.Proxy.getOwnPropertyDescriptor.Object.assign.js: failed
kangax-es6/misc.Proxy.getOwnPropertyDescriptor.Object.hasOwnProperty.js: failed
kangax-es6/misc.Proxy.getOwnPropertyDescriptor.Set.js: failed
kangax-es6/misc.Proxy.get.Array.concat.js: failed
kangax-es6/misc.Proxy.get.Array.from.js: [object Error]
kangax-es6/misc.Proxy.get.Array.iteration.js: OK
kangax-es6/misc.Proxy.get.Array.pop.js: OK
kangax-es6/misc.Proxy.get.Array.reverse.js: failed
kangax-es6/misc.Proxy.get.Array.shift.js: OK
kangax-es6/misc.Proxy.get.Array.splice.js: failed
kangax-es6/misc.Proxy.get.Array.toString.js: [object Error]
kangax-es6/misc.Proxy.get.ClassDefinitionEvaluation.js: [object Error]
kangax-es6/misc.Proxy.get.CreateDynamicFunction.js: failed
kangax-es6/misc.Proxy.get.CreateListFromArrayLike.js: [object Error]
kangax-es6/misc.Proxy.get.Date.toJSON.js: [object Error]
kangax-es6/misc.Proxy.get.Error.toString.js: failed
kangax-es6/misc.Proxy.get.Function.bind.js: failed
kangax-es6/misc.Proxy.get.HasBinding.js: failed
kangax-es6/misc.Proxy.get.IteratorComplete.js: OK
kangax-es6/misc.Proxy.get.JSON.stringify.js: failed
kangax-es6/misc.Proxy.get.Object.assign.js: OK
kangax-es6/misc.Proxy.get.Object.defineProperties.js: failed
kangax-es6/misc.Proxy.get.Promise.resolve.js: failed
kangax-es6/misc.Proxy.get.RegExp-constructor.js: failed
kangax-es6/misc.Proxy.get.RegExp.Symbol.match.js: [object Error]
kangax-es6/misc.Proxy.get.RegExp.Symbol.replace.js: [object Error]
kangax-es6/misc.Proxy.get.RegExp.Symbol.search.js: [object Error]
kangax-es6/misc.Proxy.get.RegExp.Symbol.split.js: [object Error]
kangax-es6/misc.Proxy.get.RegExp.flags.js: [object Error]
kangax-es6/misc.Proxy.get.RegExp.test.js: [object Error]
kangax-es6/misc.Proxy.get.RegExp.toString.js: [object Error]
kangax-es6/misc.Proxy.get.String.match.js: [object Error]
kangax-es6/misc.Proxy.get.String.raw.js: [object Error]
kangax-es6/misc.Proxy.get.String.replace.js: failed
kangax-es6/misc.Proxy.get.String.search.js: [object Error]
kangax-es6/misc.Proxy.get.String.split.js: failed
kangax-es6/misc.Proxy.get.ToPrimitive.js: OK
kangax-es6/misc.Proxy.get.ToPropertyDescriptor.js: OK
kangax-es6/misc.Proxy.get.instanceof.js: [object Error]
kangax-es6/misc.Proxy.ownKeys.SerializeJSONObject.js: [object Error]
kangax-es6/misc.Proxy.ownKeys.SetIntegrityLevel.js: failed
kangax-es6/misc.Proxy.ownKeys.TestIntegrityLevel.js: [object Error]
kangax-es6/misc.Proxy.set.Array.copyWithin.js: OK
kangax-es6/misc.Proxy.set.Array.fill.js: OK
kangax-es6/misc.Proxy.set.Array.from.js: failed
kangax-es6/misc.Proxy.set.Array.of.js: failed
kangax-es6/misc.Proxy.set.Array.pop.js: OK
kangax-es6/misc.Proxy.set.Array.push.js: OK
kangax-es6/misc.Proxy.set.Array.reverse.js: failed
kangax-es6/misc.Proxy.set.Array.shift.js: failed
kangax-es6/misc.Proxy.set.Array.splice.js: OK
kangax-es6/misc.Proxy.set.Array.unshift.js: failed
kangax-es6/misc.Proxy.set.Object.assign.js: OK
kangax-es6/misc.RegExp-alter-flags.js: OK
kangax-es6/misc.RegExp-prototype-toString-generic.js: [object Error]
kangax-es6/misc.accessors-no-constructor.js: failed
kangax-es6/misc.bound-function-prototype.arrow.js: [object Error]
kangax-es6/misc.bound-function-prototype.class.js: [object Error]
kangax-es6/misc.bound-function-prototype.function.js: [object Error]
kangax-es6/misc.bound-function-prototype.generator.js: [object Error]
kangax-es6/misc.bound-function-prototype.subclass.js: failed
kangax-es6/misc.do-while-no-semicolon.js: OK
kangax-es6/misc.duplicate-properties-strict.js: failed
kangax-es6/misc.for-in-no-assignment-strict.js: OK
kangax-es6/misc.function-length-configurable.js: [object Error]
kangax-es6/misc.identifier-syntax.no-escaped-reserved.js: OK
kangax-es6/misc.identifier-syntax.var-1.js: OK
kangax-es6/misc.identifier-syntax.var-2.js: OK
kangax-es6/misc.property-order.JSON.parse.js: failed
kangax-es6/misc.property-order.JSON.stringify.js: failed
kangax-es6/misc.property-order.Object.assign.js: failed
kangax-es6/misc.property-order.Object.getOwnPropertyNames.js: OK
kangax-es6/misc.property-order.Object.keys.js: OK
kangax-es6/misc.property-order.Reflect.ownKeys.string.js: OK
kangax-es6/misc.property-order.Reflect.ownKeys.symbol.js: failed
kangax-es6/misc.prototypes-not-instances.js: OK
kangax-es6/new-target.assignment-error.js: failed
kangax-es6/new-target.constructor.js: failed
kangax-es6/regex.flags.u.case-folding.js: OK
kangax-es6/regex.flags.u.codepoint.js: failed
kangax-es6/regex.flags.u.js: failed
kangax-es6/regex.flags.u.non-bmp.js: failed
kangax-es6/regex.flags.y.js: OK
kangax-es6/regex.flags.y.lastIndex.js: [object Error]
kangax-es6/rest-params.arguments.js: OK
kangax-es6/rest-params.basic.js: OK
kangax-es6/rest-params.length.js: OK
kangax-es6/rest-params.new-function.js: OK
kangax-es6/rest-params.no-setter.js: failed
kangax-es6/spread.array-call.js: OK
kangax-es6/spread.array-literal.js: OK
kangax-es6/spread.astral-call.js: [object Error]
kangax-es6/spread.astral-literal.js: [object Error]
kangax-es6/spread.generator-call.js: OK
kangax-es6/spread.generator-literal.js: OK
kangax-es6/spread.iterable-call.js: OK
kangax-es6/spread.iterable-instance-call.js: OK
kangax-es6/spread.iterable-instance-literal.js: OK
kangax-es6/spread.iterable-literal.js: OK
kangax-es6/spread.non-iterable-error.js: OK
kangax-es6/spread.sparse-call.js: OK
kangax-es6/spread.sparse-literal.js: OK
kangax-es6/spread.string-call.js: [object Error]
kangax-es6/spread.string-literal.js: [object Error]
kangax-es6/subclassing.Array.concat.js: failed
kangax-es6/subclassing.Array.filter.js: failed
kangax-es6/subclassing.Array.from.js: OK
kangax-es6/subclassing.Array.isArray.js: OK
kangax-es6/subclassing.Array.length-access.js: OK
kangax-es6/subclassing.Array.length-set.js: OK
kangax-es6/subclassing.Array.map.js: failed
kangax-es6/subclassing.Array.of.js: OK
kangax-es6/subclassing.Array.prototype-chain.js: OK
kangax-es6/subclassing.Array.slice.js: failed
kangax-es6/subclassing.Array.splice.js: failed
kangax-es6/subclassing.Function.call.js: [object Error]
kangax-es6/subclassing.Function.new.js: [object Error]
kangax-es6/subclassing.Function.prototype-chain.js: OK
kangax-es6/subclassing.Function.prototype.apply.js: [object Error]
kangax-es6/subclassing.Function.prototype.bind.js: [object Error]
kangax-es6/subclassing.Function.prototype.call.js: [object Error]
kangax-es6/subclassing.Promise.all.js: crashed (signal 6); fatal runtime error: stack overflow, aborting
kangax-es6/subclassing.Promise.js: thread 'main' (2564263) panicked at crates/yavashark_env/src/builtins/promise.rs:33:1:
kangax-es6/subclassing.Promise.prototype-chain.js: OK
kangax-es6/subclassing.Promise.race.js: crashed (signal 6); fatal runtime error: stack overflow, aborting
kangax-es6/subclassing.RegExp.exec.js: OK
kangax-es6/subclassing.RegExp.js: OK
kangax-es6/subclassing.RegExp.prototype-chain.js: OK
kangax-es6/subclassing.RegExp.test.js: OK
kangax-es6/subclassing.misc.Boolean.js: OK
kangax-es6/subclassing.misc.Error.js: OK
kangax-es6/subclassing.misc.Map.js: OK
kangax-es6/subclassing.misc.Number.js: OK
kangax-es6/subclassing.misc.Set.js: OK
kangax-es6/subclassing.misc.String.js: [object Error]
kangax-es6/super.correct-constructor.js: OK
kangax-es6/super.expression.js: failed
kangax-es6/super.method-calls.js: OK
kangax-es6/super.new-target-binding.js: failed
kangax-es6/super.property-access.js: OK
kangax-es6/super.statement.js: OK
kangax-es6/super.static-binding.js: [object Error]
kangax-es6/super.this-binding.js: OK
kangax-es6/tail-calls.direct.js: crashed (signal 6); fatal runtime error: stack overflow, aborting
kangax-es6/tail-calls.mutual.js: crashed (signal 6); fatal runtime error: stack overflow, aborting
kangax-es6/template.basic.js: OK
kangax-es6/template.caching.js: failed
kangax-es6/template.escape-sequences.js: SyntaxError: Invalid escape sequence in template literal
kangax-es6/template.frozen-array.js: failed
kangax-es6/template.line-break.js: failed
kangax-es6/template.permanent-caching.js: failed
kangax-es6/template.tagged.js: failed
kangax-es6/template.toString.js: OK
kangax-es6/typed-arrays.ArrayBuffer.Symbol.species.js: failed
kangax-es6/typed-arrays.DataView.Float32.js: OK
kangax-es6/typed-arrays.DataView.Float64.js: OK
kangax-es6/typed-arrays.DataView.Int8.js: failed
kangax-es6/typed-arrays.DataView.Int16.js: failed
kangax-es6/typed-arrays.DataView.Int32.js: failed
kangax-es6/typed-arrays.DataView.Uint8.js: failed
kangax-es6/typed-arrays.DataView.Uint16.js: failed
kangax-es6/typed-arrays.DataView.Uint32.js: failed
kangax-es6/typed-arrays.Float32Array.js: OK
kangax-es6/typed-arrays.Float64Array.js: OK
kangax-es6/typed-arrays.Int8Array.js: [object Error]
kangax-es6/typed-arrays.Int16Array.js: [object Error]
kangax-es6/typed-arrays.Int32Array.js: [object Error]
kangax-es6/typed-arrays.Symbol.species.js: failed
kangax-es6/typed-arrays.Uint8Array.js: [object Error]
kangax-es6/typed-arrays.Uint8ClampedArray.js: [object Error]
kangax-es6/typed-arrays.Uint16Array.js: [object Error]
kangax-es6/typed-arrays.Uint32Array.js: [object Error]
kangax-es6/typed-arrays.constructor-iterables.js: failed
kangax-es6/typed-arrays.constructor-requires-new.js: OK
kangax-es6/typed-arrays.correct-prototype-chains.js: OK
kangax-es6/typed-arrays.from.js: failed
kangax-es6/typed-arrays.of.js: OK
kangax-es6/typed-arrays.prototype.Symbol.iterator.js: OK
kangax-es6/typed-arrays.prototype.copyWithin.js: OK
kangax-es6/typed-arrays.prototype.entries.js: OK
kangax-es6/typed-arrays.prototype.every.js: OK
kangax-es6/typed-arrays.prototype.fill.js: OK
kangax-es6/typed-arrays.prototype.filter.js: OK
kangax-es6/typed-arrays.prototype.findIndex.js: OK
kangax-es6/typed-arrays.prototype.find.js: OK
kangax-es6/typed-arrays.prototype.forEach.js: OK
kangax-es6/typed-arrays.prototype.indexOf.js: OK
kangax-es6/typed-arrays.prototype.join.js: OK
kangax-es6/typed-arrays.prototype.keys.js: OK
kangax-es6/typed-arrays.prototype.lastIndexOf.js: OK
kangax-es6/typed-arrays.prototype.map.js: OK
kangax-es6/typed-arrays.prototype.reduceRight.js: OK
kangax-es6/typed-arrays.prototype.reduce.js: OK
kangax-es6/typed-arrays.prototype.reverse.js: OK
kangax-es6/typed-arrays.prototype.slice.js: OK
kangax-es6/typed-arrays.prototype.some.js: OK
kangax-es6/typed-arrays.prototype.sort.js: OK
kangax-es6/typed-arrays.prototype.subarray.js: OK
kangax-es6/typed-arrays.prototype.values.js: OK
kangax-es6/unicode-escapes.identifier.js: OK
kangax-es6/unicode-escapes.property-access.js: OK
kangax-es6/unicode-escapes.property-key.js: OK
kangax-es6/unicode-escapes.string.js: OK
kangax-es6/well-known.hasInstance.js: failed
kangax-es6/well-known.isConcatSpreadable.non-spreadable.js: failed
kangax-es6/well-known.isConcatSpreadable.poisoned-getter.js: crashed (signal 6); memory allocation of 288230376151711712 bytes failed
kangax-es6/well-known.iterator.arguments.js: failed
kangax-es6/well-known.iterator.js: OK
kangax-es6/well-known.match.RegExp-constructor.js: failed
kangax-es6/well-known.match.String.endsWith.js: failed
kangax-es6/well-known.match.String.includes.js: failed
kangax-es6/well-known.match.String.startsWith.js: failed
kangax-es6/well-known.match.js: [object Error]
kangax-es6/well-known.replace.js: failed
kangax-es6/well-known.search.js: [object Error]
kangax-es6/well-known.species.Array.concat.js: failed
kangax-es6/well-known.species.Array.filter.js: failed
kangax-es6/well-known.species.Array.map.js: failed
kangax-es6/well-known.species.Array.slice.js: failed
kangax-es6/well-known.species.Array.splice.js: failed
kangax-es6/well-known.species.Promise.then.js: failed
kangax-es6/well-known.species.RegExp.split.js: failed
kangax-es6/well-known.species.js: OK
kangax-es6/well-known.split.js: failed
kangax-es6/well-known.toPrimitive.js: failed
kangax-es6/well-known.toStringTag.existing-builtins.js: failed
kangax-es6/well-known.toStringTag.js: OK
kangax-es6/well-known.toStringTag.misc-builtins.js: failed
kangax-es6/well-known.toStringTag.new-builtins.js: [object Error]
kangax-es6/well-known.unscopables.js: failed
kangax-es2016/Array.prototype.includes.generic.js: failed
kangax-es2016/Array.prototype.includes.js: failed
kangax-es2016/Array.prototype.includes.sparse.js: failed
kangax-es2016/Array.prototype.includes.typed-array.js: OK
kangax-es2016/exponentiation.assignment.js: OK
kangax-es2016/exponentiation.basic.js: OK
kangax-es2016/exponentiation.unary-negation-error.js: OK
kangax-es2016/misc.Proxy-Array-includes.js: failed
kangax-es2016/misc.Proxy-enumerate-removed.js: OK
kangax-es2016/misc.generator-no-new.js: OK
kangax-es2016/misc.generator-throw-inner.js: [object Error]
kangax-es2016/misc.nested-rest-destructuring-decl.js: OK
kangax-es2016/misc.nested-rest-destructuring-params.js: OK
kangax-es2016/misc.strict-fn-non-simple-params-error.js: failed
kangax-es2017/Atomics.add.js: OK
kangax-es2017/Atomics.and.js: OK
kangax-es2017/Atomics.compareExchange.js: OK
kangax-es2017/Atomics.exchange.js: OK
kangax-es2017/Atomics.isLockFree.js: OK
kangax-es2017/Atomics.load.js: OK
kangax-es2017/Atomics.notify.js: OK
kangax-es2017/Atomics.or.js: OK
kangax-es2017/Atomics.store.js: OK
kangax-es2017/Atomics.sub.js: OK
kangax-es2017/Atomics.wait.js: OK
kangax-es2017/Atomics.xor.js: failed
kangax-es2017/Object.entries.js: OK
kangax-es2017/Object.getOwnPropertyDescriptors.js: [object Error]
kangax-es2017/Object.getOwnPropertyDescriptors.no-undefined.js: failed
kangax-es2017/Object.values.js: OK
kangax-es2017/SharedArrayBuffer.Symbol.species.js: failed
kangax-es2017/SharedArrayBuffer.js: OK
kangax-es2017/SharedArrayBuffer.prototype.Symbol.toStringTag.js: OK
kangax-es2017/SharedArrayBuffer.prototype.byteLength.js: OK
kangax-es2017/SharedArrayBuffer.prototype.slice.js: OK
kangax-es2017/String.prototype.padEnd.js: failed
kangax-es2017/String.prototype.padStart.js: failed
kangax-es2017/annex-b.Object.prototype.__defineGetter__.ToObject.js: [object Error]
kangax-es2017/annex-b.Object.prototype.__defineGetter__.js: failed
kangax-es2017/annex-b.Object.prototype.__defineGetter__.symbols.js: failed
kangax-es2017/annex-b.Object.prototype.__defineSetter__.ToObject.js: [object Error]
kangax-es2017/annex-b.Object.prototype.__defineSetter__.js: failed
kangax-es2017/annex-b.Object.prototype.__defineSetter__.symbols.js: failed
kangax-es2017/annex-b.Object.prototype.__lookupGetter__.ToObject.js: [object Error]
kangax-es2017/annex-b.Object.prototype.__lookupGetter__.js: OK
kangax-es2017/annex-b.Object.prototype.__lookupGetter__.prototype-chain.js: OK
kangax-es2017/annex-b.Object.prototype.__lookupGetter__.shadow-accessors.js: OK
kangax-es2017/annex-b.Object.prototype.__lookupGetter__.symbols.js: OK
kangax-es2017/annex-b.Object.prototype.__lookupSetter__.ToObject.js: [object Error]
kangax-es2017/annex-b.Object.prototype.__lookupSetter__.js: [object Error]
kangax-es2017/annex-b.Object.prototype.__lookupSetter__.prototype-chain.js: [object Error]
kangax-es2017/annex-b.Object.prototype.__lookupSetter__.shadow-accessors.js: OK
kangax-es2017/annex-b.Object.prototype.__lookupSetter__.symbols.js: [object Error]
kangax-es2017/annex-b.Proxy.__defineGetter__.js: failed
kangax-es2017/annex-b.Proxy.__defineSetter__.js: failed
kangax-es2017/annex-b.Proxy.__lookupGetter__.js: failed
kangax-es2017/annex-b.Proxy.__lookupSetter__.js: failed
kangax-es2017/annex-b.for-in-assignment-non-strict.js: thread 'main' (2559422) panicked at src/run.rs:133:39: called `Result::unwrap()` on an `Err` value: Error { error: (513..514, Expected(";", ")")) }
kangax-es2017/async.Symbol.toStringTag.js: failed
kangax-es2017/async.arrow-in-class.js: OK
kangax-es2017/async.arrow.js: OK
kangax-es2017/async.await-non-promise.js: OK
kangax-es2017/async.await-rejection.js: crashed (signal 6); fatal runtime error: stack overflow, aborting
kangax-es2017/async.await.js: crashed (signal 6); fatal runtime error: stack overflow, aborting
kangax-es2017/async.constructor.js: failed
kangax-es2017/async.methods-class.js: OK
kangax-es2017/async.methods-object.js: OK
kangax-es2017/async.must-await-value.js: OK
kangax-es2017/async.no-await-in-params.js: OK
kangax-es2017/async.no-line-break.js: OK
kangax-es2017/async.no-prototype.js: OK
kangax-es2017/async.prototype-chain.js: failed
kangax-es2017/async.return.js: OK
kangax-es2017/async.throw.js: OK
kangax-es2017/misc.arguments-caller-removed.js: OK
kangax-es2017/regex.flags.u.case-folding.js: failed
kangax-es2017/trailing-comma.arguments.js: OK
kangax-es2017/trailing-comma.params.js: OK
kangax-es2018/Promise.prototype.finally.change-rejection.js: OK
kangax-es2018/Promise.prototype.finally.js: thread 'main' (2562928) panicked at crates/yavashark_env/src/builtins/promise.rs:33:1:
kangax-es2018/Promise.prototype.finally.no-change-resolution.js: failed
kangax-es2018/async-iterators.for-await-of.js: failed
kangax-es2018/async-iterators.generators.js: OK
kangax-es2018/misc.Proxy-ownKeys-duplicate-keys.js: failed
kangax-es2018/misc.template-literal-revision.js: SyntaxError: Invalid escape sequence in template literal
kangax-es2018/object-rest.js: OK
kangax-es2018/object-spread.js: OK
kangax-es2018/regex.flags.s.js: OK
kangax-es2018/regex.lookbehind.js: OK
kangax-es2018/regex.named-capture-groups.js: OK
kangax-es2018/regex.unicode-property-escapes.js: OK
kangax-es2018/regex.unicode-property-escapes.unicode-11.js: OK
kangax-es2018/regex.unicode-property-escapes.unicode-12.1.js: OK
kangax-es2018/regex.unicode-property-escapes.unicode-12.js: OK
kangax-es2018/regex.unicode-property-escapes.unicode-13.js: OK
kangax-es2018/regex.unicode-property-escapes.unicode-14.js: OK
kangax-es2018/regex.unicode-property-escapes.unicode-15.1.js: OK
kangax-es2018/regex.unicode-property-escapes.unicode-15.js: OK
kangax-es2018/regex.unicode-property-escapes.unicode-16.0.js: [object Error]
kangax-es2018/regex.unicode-property-escapes.unicode-17.0.js: SyntaxError: Unknown Unicode property Script=Sidetic
kangax-es2019/Array.prototype.flatMap.js: OK
kangax-es2019/Array.prototype.flat-flatMap.unscopables.js: [object Error]
kangax-es2019/Array.prototype.flat.js: OK
kangax-es2019/Object.fromEntries.js: [object Error]
kangax-es2019/String.prototype.trimEnd.js: OK
kangax-es2019/String.prototype.trimStart.js: OK
kangax-es2019/Symbol.prototype.description.empty.js: failed
kangax-es2019/Symbol.prototype.description.js: OK
kangax-es2019/Symbol.prototype.description.undefined.js: OK
kangax-es2019/annex-b.String.prototype.trimLeft.js: [object Error]
kangax-es2019/annex-b.String.prototype.trimRight.js: [object Error]
kangax-es2019/misc.Function-toString.Function-constructor.js: [object Error]
kangax-es2019/misc.Function-toString.arrows.js: failed
kangax-es2019/misc.Function-toString.class-explicit-constructor.js: failed
kangax-es2019/misc.Function-toString.class-implicit-constructor.js: failed
kangax-es2019/misc.Function-toString.computed-names.js: failed
kangax-es2019/misc.Function-toString.native-code.js: failed
kangax-es2019/misc.Function-toString.unicode-escapes.js: failed
kangax-es2019/misc.JSON-stringify-well-formed.js: [object Error]
kangax-es2019/misc.JSON-superset.line-separator.js: OK
kangax-es2019/misc.JSON-superset.paragraph-separator.js: OK
kangax-es2019/misc.optional-catch-binding.await.js: OK
kangax-es2019/misc.optional-catch-binding.js: OK
kangax-es2019/misc.optional-catch-binding.yield.js: OK
kangax-es2020/BigInt64Array.js: [object Error]
kangax-es2020/BigInt.asIntN.js: OK
kangax-es2020/BigInt.asUintN.js: OK
kangax-es2020/BigInt.constructor.js: OK
kangax-es2020/BigInt.js: OK
kangax-es2020/BigUint64Array.js: [object Error]
kangax-es2020/DataView.prototype.getBigInt64.js: OK
kangax-es2020/DataView.prototype.getBigUint64.js: OK
kangax-es2020/Promise.allSettled.js: OK
kangax-es2020/String.prototype.matchAll.js: failed
kangax-es2020/String.prototype.matchAll.throws-non-global.js: failed
kangax-es2020/globalThis.descriptor.js: OK
kangax-es2020/globalThis.js: OK
kangax-es2020/nullish-coalescing.js: OK
kangax-es2020/optional-chaining.bracket.js: OK
kangax-es2020/optional-chaining.function-call.js: OK
kangax-es2020/optional-chaining.method-call.js: failed
kangax-es2020/optional-chaining.property.js: OK
kangax-es2020/optional-chaining.spread-params.js: OK
kangax-es2021/FinalizationRegistry.js: [object Error]
kangax-es2021/Promise.any.AggregateError.js: failed
kangax-es2021/Promise.any.fulfillment.js: OK
kangax-es2021/String.prototype.replaceAll.js: OK
kangax-es2021/WeakRef.js: OK
kangax-es2021/logical-assignment.and.js: OK
kangax-es2021/logical-assignment.and.setter-not-invoked.js: OK
kangax-es2021/logical-assignment.and.short-circuit.js: failed
kangax-es2021/logical-assignment.nullish.js: OK
kangax-es2021/logical-assignment.nullish.setter-not-invoked.js: OK
kangax-es2021/logical-assignment.nullish.short-circuit.js: failed
kangax-es2021/logical-assignment.or.js: OK
kangax-es2021/logical-assignment.or.setter-not-invoked.js: OK
kangax-es2021/logical-assignment.or.short-circuit.js: failed
kangax-es2021/numeric-separators.js: OK
kangax-es2022/Error.cause.AggregateError-prototype-lacks.js: OK
kangax-es2022/Error.cause.AggregateError.js: failed
kangax-es2022/Error.cause.Error-prototype-lacks.js: OK
kangax-es2022/Error.cause.Error.js: failed
kangax-es2022/Error.cause.EvalError-prototype-lacks.js: OK
kangax-es2022/Error.cause.EvalError.js: failed
kangax-es2022/Error.cause.RangeError-prototype-lacks.js: OK
kangax-es2022/Error.cause.RangeError.js: failed
kangax-es2022/Error.cause.ReferenceError-prototype-lacks.js: OK
kangax-es2022/Error.cause.ReferenceError.js: failed
kangax-es2022/Error.cause.SyntaxError-prototype-lacks.js: OK
kangax-es2022/Error.cause.SyntaxError.js: failed
kangax-es2022/Error.cause.TypeError-prototype-lacks.js: OK
kangax-es2022/Error.cause.TypeError.js: failed
kangax-es2022/Error.cause.URIError-prototype-lacks.js: OK
kangax-es2022/Error.cause.URIError.js: failed
kangax-es2022/Object.hasOwn.ToObject-first.js: OK
kangax-es2022/Object.hasOwn.js: OK
kangax-es2022/at-method.Array.js: failed
kangax-es2022/at-method.String.js: OK
kangax-es2022/at-method.TypedArray.js: failed
kangax-es2022/class-fields.computed-instance.js: OK
kangax-es2022/class-fields.computed-static.js: OK
kangax-es2022/class-fields.instance.parent-scope.js: OK
kangax-es2022/class-fields.private-instance.initializers.js: OK
kangax-es2022/class-fields.private-instance.js: OK
kangax-es2022/class-fields.private-instance.optional-access.js: [object Error]
kangax-es2022/class-fields.private-instance.optional-deep-access.js: [object Error]
kangax-es2022/class-fields.private-static.js: OK
kangax-es2022/class-fields.public-instance.js: OK
kangax-es2022/class-fields.public-static.js: OK
kangax-es2022/class-fields.static.define.js: OK
kangax-es2022/class-methods.private-accessor.js: OK
kangax-es2022/class-methods.private-instance.js: OK
kangax-es2022/class-methods.private-static-accessor.js: OK
kangax-es2022/class-methods.private-static.js: OK
kangax-es2022/class-static-init-blocks.js: OK
kangax-es2022/ergonomic-brand-checks.js: OK
kangax-es2022/regex.flags.d.constructor.js: OK
kangax-es2022/regex.flags.d.shows-in-flags.js: [object Error]
kangax-es2023/Array.prototype.findLastIndex.js: OK
kangax-es2023/Array.prototype.findLast.js: OK
kangax-es2023/Array.prototype.toReversed.js: OK
kangax-es2023/Array.prototype.toSorted.js: OK
kangax-es2023/Array.prototype.toSpliced.js: [object Error]
kangax-es2023/Array.prototype.with.js: OK
kangax-es2023/TypedArray.prototype.toReversed.js: OK
kangax-es2023/TypedArray.prototype.toSorted.js: OK
kangax-es2023/TypedArray.prototype.with.js: OK
kangax-es2023/hashbang.js: OK
kangax-es2024/ArrayBuffer.prototype.detached.js: OK
kangax-es2024/ArrayBuffer.prototype.transferToFixedLength.js: OK
kangax-es2024/ArrayBuffer.prototype.transfer.js: OK
kangax-es2024/Map.groupBy.js: [object Error]
kangax-es2024/Object.groupBy.js: failed
kangax-es2024/Promise.withResolvers.js: OK
kangax-es2024/regex.flags.v.constructor.js: OK
kangax-es2024/regex.flags.v.properties-of-strings.js: OK
kangax-es2024/regex.flags.v.set-notations.js: OK
kangax-es2024/regex.flags.v.shows-in-flags.js: [object Error]
kangax-es2024/regex.flags.v.unicode-15.1.js: OK
kangax-es2024/regex.flags.v.unicode-16.0.js: failed
kangax-es2024/regex.flags.v.unicode-17.0.js: failed
kangax-es2025/Iterator.extends.js: [object Error]
kangax-es2025/Iterator.from.iterable.js: [object Error]
kangax-es2025/Iterator.from.iterator.js: [object Error]
kangax-es2025/Iterator.instanceof.js: [object Error]
kangax-es2025/Iterator.prototype.Symbol.toStringTag.js: [object Error]
kangax-es2025/Iterator.prototype.drop.js: [object Error]
kangax-es2025/Iterator.prototype.every.js: [object Error]
kangax-es2025/Iterator.prototype.filter.js: [object Error]
kangax-es2025/Iterator.prototype.find.js: [object Error]
kangax-es2025/Iterator.prototype.flatMap.js: [object Error]
kangax-es2025/Iterator.prototype.forEach.js: [object Error]
kangax-es2025/Iterator.prototype.map.js: [object Error]
kangax-es2025/Iterator.prototype.reduce.js: [object Error]
kangax-es2025/Iterator.prototype.some.js: [object Error]
kangax-es2025/Iterator.prototype.take.js: [object Error]
kangax-es2025/Iterator.prototype.toArray.js: [object Error]
kangax-es2025/Promise.try.js: failed
kangax-es2025/RegExp.escape.js: failed
kangax-es2025/Set.prototype.difference.js: OK
kangax-es2025/Set.prototype.intersection.js: OK
kangax-es2025/Set.prototype.isDisjointFrom.js: OK
kangax-es2025/Set.prototype.isSubsetOf.js: OK
kangax-es2025/Set.prototype.isSupersetOf.js: OK
kangax-es2025/Set.prototype.symmetricDifference.js: OK
kangax-es2025/Set.prototype.union.js: OK
kangax-es2025/regex.duplicate-named-groups.js: SyntaxError: Duplicate capture group name 'year'
kangax-es2025/regex.pattern-modifiers.i.js: [object Error]
kangax-es2025/regex.pattern-modifiers.m.js: [object Error]
kangax-es2025/regex.pattern-modifiers.s.js: [object Error]
kangax-intl/Array.prototype.toLocaleString.js: OK
kangax-intl/Date.prototype.toLocaleDateString.js: failed
kangax-intl/Date.prototype.toLocaleString.js: OK
kangax-intl/Date.prototype.toLocaleTimeString.js: failed
kangax-intl/Intl.Collator.js: OK
kangax-intl/Intl.Collator.new-instances.js: OK
kangax-intl/Intl.Collator.prototype.compare.js: failed
kangax-intl/Intl.Collator.prototype.resolvedOptions.js: failed
kangax-intl/Intl.Collator.rejects-invalid-tags.js: OK
kangax-intl/Intl.Collator.valid-tags.js: failed
kangax-intl/Intl.Collator.without-new.js: [object Error]
kangax-intl/Intl.DateTimeFormat.iana-timezones.js: OK
kangax-intl/Intl.DateTimeFormat.js: OK
kangax-intl/Intl.DateTimeFormat.new-instances.js: OK
kangax-intl/Intl.DateTimeFormat.rejects-invalid-tags.js: OK
kangax-intl/Intl.DateTimeFormat.resolvedOptions.timeZone-default.js: [object Error]
kangax-intl/Intl.DateTimeFormat.valid-tags.js: failed
kangax-intl/Intl.DateTimeFormat.without-new.js: [object Error]
kangax-intl/Intl.NumberFormat.js: OK
kangax-intl/Intl.NumberFormat.new-instances.js: OK
kangax-intl/Intl.NumberFormat.rejects-invalid-tags.js: OK
kangax-intl/Intl.NumberFormat.valid-tags.js: failed
kangax-intl/Intl.NumberFormat.without-new.js: [object Error]
kangax-intl/Intl.js: OK
kangax-intl/Intl.prototype.js: OK
kangax-intl/Number.prototype.toLocaleString.js: OK
kangax-intl/Object.prototype.toLocaleString.js: OK
kangax-intl/String.prototype.localeCompare.js: failed
kangax-next/Array.isTemplateObject.js: [object Error]
kangax-next/AsyncDisposableStack.js: [object Error]
kangax-next/AsyncIterator.extends.js: [object Error]
kangax-next/AsyncIterator.from.async-iterable.js: [object Error]
kangax-next/AsyncIterator.from.iterable.js: [object Error]
kangax-next/AsyncIterator.from.iterator.js: [object Error]
kangax-next/AsyncIterator.instanceof.js: [object Error]
kangax-next/AsyncIterator.prototype.Symbol.toStringTag.js: [object Error]
kangax-next/AsyncIterator.prototype.drop.js: [object Error]
kangax-next/AsyncIterator.prototype.every.js: [object Error]
kangax-next/AsyncIterator.prototype.filter.js: [object Error]
kangax-next/AsyncIterator.prototype.find.js: [object Error]
kangax-next/AsyncIterator.prototype.flatMap.js: [object Error]
kangax-next/AsyncIterator.prototype.forEach.js: [object Error]
kangax-next/AsyncIterator.prototype.map.js: [object Error]
kangax-next/AsyncIterator.prototype.reduce.js: [object Error]
kangax-next/AsyncIterator.prototype.some.js: [object Error]
kangax-next/AsyncIterator.prototype.take.js: [object Error]
kangax-next/AsyncIterator.prototype.toArray.js: [object Error]
kangax-next/DisposableStack.js: [object Error]
kangax-next/Map.prototype.upsert.js: [object Error]
kangax-next/RegExp.1-9.js: failed
kangax-next/RegExp.lastMatch.js: failed
kangax-next/ShadowRealm.js: failed
kangax-next/SuppressedError.js: SyntaxError: Unsupported declaration type
kangax-next/Uint8Array.fromBase64.js: OK
kangax-next/Uint8Array.fromHex.js: OK
kangax-next/Uint8Array.setFromBase64.js: failed
kangax-next/Uint8Array.setFromHex.js: [object Error]
kangax-next/Uint8Array.toBase64.js: OK
kangax-next/Uint8Array.toHex.js: OK
kangax-next/WeakMap.prototype.upsert.js: [object Error]
kangax-next/await-using.for-of.js: thread 'main' (2570220) panicked at crates/yavashark_compiler/src/compiler/statement/for_of.rs:107:38:
kangax-next/await-using.js: SyntaxError: Unsupported declaration type
kangax-next/class-decorators.js: failed
kangax-next/function.sent.js: thread 'main' (2570427) panicked at src/run.rs:133:39: called `Result::unwrap()` on an `Err` value: Error { error: (358..359, Expected("(", ".")) }
kangax-next/throw-expr.arrow.js: thread 'main' (2570564) panicked at src/run.rs:133:39: called `Result::unwrap()` on an `Err` value: Error { error: (323..328, TS1109) }
kangax-next/throw-expr.conditional.js: thread 'main' (2570676) panicked at src/run.rs:133:39: called `Result::unwrap()` on an `Err` value: Error { error: (311..316, TS1109) }
kangax-next/throw-expr.logical.js: thread 'main' (2570783) panicked at src/run.rs:133:39: called `Result::unwrap()` on an `Err` value: Error { error: (326..331, TS1109) }
kangax-next/throw-expr.param-init.js: thread 'main' (2570854) panicked at src/run.rs:133:39: called `Result::unwrap()` on an `Err` value: Error { error: (328..333, TS1109) }
kangax-next/using.for-of.js: failed
kangax-next/using.js: SyntaxError: Unsupported declaration type
