Metadata: {"arch": "arm64", "binary_sha256": "b3838e2806bcbce75e30bf6454f622f7beb965f9f30e42aa9ca25e5d814fa5f4", "binary_size": 1053440, "console_log": "console.log", "engine": "echosoar", "repository": "https://github.com/echosoar/jsi.git", "revision": "b164beb25bcb74c33d8541e8097c918d5271f698", "revision_date": "2026-01-06", "rustc": "rustc 1.93.0 (254b59607 2026-01-19)"}
es1/Array.js: Array.length failed; Array.js: JSIError { error_type: TypeError, message: "Array is not a constructor", line: 0, column: 0, value: None }
es1/Array.length.assignment.js: Array.length.assignment.js: JSIError { error_type: TypeError, message: "Array is not a constructor", line: 0, column: 0, value: None }
es1/Array.length.js: Array.length.js: JSIError { error_type: TypeError, message: "Array is not a constructor", line: 0, column: 0, value: None }
es1/Array.prototype.constructor.js: Array.prototype.constructor.js: JSIError { error_type: TypeError, message: "Array is not a constructor", line: 0, column: 0, value: None }
es1/Array.prototype.join.generic.js: failed
es1/Array.prototype.join.js: Array.prototype.join.js: JSIError { error_type: TypeError, message: "Array is not a constructor", line: 0, column: 0, value: None }
es1/Array.prototype.reverse.generic.js: Array.prototype.reverse.generic.js: JSIError { error_type: TypeError, message: "\"obj.reverse\" is not a function", line: 0, column: 0, value: None }
es1/Array.prototype.reverse.js: Array.prototype.reverse.js: JSIError { error_type: TypeError, message: "Array is not a constructor", line: 0, column: 0, value: None }
es1/Array.prototype.sort.generic.js: Array.prototype.sort.generic.js: JSIError { error_type: TypeError, message: "\"obj.sort\" is not a function", line: 0, column: 0, value: None }
es1/Array.prototype.sort.js: Array.prototype.sort.js: JSIError { error_type: TypeError, message: "Array is not a constructor", line: 0, column: 0, value: None }
es1/Array.prototype.toString.js: Array.prototype.toString.js: JSIError { error_type: TypeError, message: "Array is not a constructor", line: 0, column: 0, value: None }
es1/Boolean.js: Boolean(true) failed; Boolean(false) failed
es1/Boolean.prototype.constructor.js: OK
es1/Boolean.prototype.toString.js: OK
es1/Boolean.prototype.valueOf.js: OK
es1/Date.diff.js: Date.diff.js: JSIError { error_type: ReferenceError, message: "Date is not defined", line: 0, column: 0, value: None }
es1/Date.js: Date.js: JSIError { error_type: ReferenceError, message: "Date is not defined", line: 0, column: 0, value: None }
es1/Date.prototype.constructor.js: Date.prototype.constructor.js: JSIError { error_type: ReferenceError, message: "Date is not defined", line: 0, column: 0, value: None }
es1/Date.prototype.getDate.js: Date.prototype.getDate.js: JSIError { error_type: ReferenceError, message: "Date is not defined", line: 0, column: 0, value: None }
es1/Date.prototype.getDay.js: Date.prototype.getDay.js: JSIError { error_type: ReferenceError, message: "Date is not defined", line: 0, column: 0, value: None }
es1/Date.prototype.getFullYear.js: Date.prototype.getFullYear.js: JSIError { error_type: ReferenceError, message: "Date is not defined", line: 0, column: 0, value: None }
es1/Date.prototype.getHours.js: Date.prototype.getHours.js: JSIError { error_type: ReferenceError, message: "Date is not defined", line: 0, column: 0, value: None }
es1/Date.prototype.getMilliseconds.js: Date.prototype.getMilliseconds.js: JSIError { error_type: ReferenceError, message: "Date is not defined", line: 0, column: 0, value: None }
es1/Date.prototype.getMinutes.js: Date.prototype.getMinutes.js: JSIError { error_type: ReferenceError, message: "Date is not defined", line: 0, column: 0, value: None }
es1/Date.prototype.getMonth.js: Date.prototype.getMonth.js: JSIError { error_type: ReferenceError, message: "Date is not defined", line: 0, column: 0, value: None }
es1/Date.prototype.getSeconds.js: Date.prototype.getSeconds.js: JSIError { error_type: ReferenceError, message: "Date is not defined", line: 0, column: 0, value: None }
es1/Date.prototype.getTimezoneOffset.js: Date.prototype.getTimezoneOffset.js: JSIError { error_type: ReferenceError, message: "Date is not defined", line: 0, column: 0, value: None }
es1/Date.prototype.getTime.js: Date.prototype.getTime.js: JSIError { error_type: ReferenceError, message: "Date is not defined", line: 0, column: 0, value: None }
es1/Date.prototype.getUTCDate.js: Date.prototype.getUTCDate.js: JSIError { error_type: ReferenceError, message: "Date is not defined", line: 0, column: 0, value: None }
es1/Date.prototype.getUTCDay.js: Date.prototype.getUTCDay.js: JSIError { error_type: ReferenceError, message: "Date is not defined", line: 0, column: 0, value: None }
es1/Date.prototype.getUTCFullYear.js: Date.prototype.getUTCFullYear.js: JSIError { error_type: ReferenceError, message: "Date is not defined", line: 0, column: 0, value: None }
es1/Date.prototype.getUTCHours.js: Date.prototype.getUTCHours.js: JSIError { error_type: ReferenceError, message: "Date is not defined", line: 0, column: 0, value: None }
es1/Date.prototype.getUTCMilliseconds.js: Date.prototype.getUTCMilliseconds.js: JSIError { error_type: ReferenceError, message: "Date is not defined", line: 0, column: 0, value: None }
es1/Date.prototype.getUTCMinutes.js: Date.prototype.getUTCMinutes.js: JSIError { error_type: ReferenceError, message: "Date is not defined", line: 0, column: 0, value: None }
es1/Date.prototype.getUTCMonth.js: Date.prototype.getUTCMonth.js: JSIError { error_type: ReferenceError, message: "Date is not defined", line: 0, column: 0, value: None }
es1/Date.prototype.getUTCSeconds.js: Date.prototype.getUTCSeconds.js: JSIError { error_type: ReferenceError, message: "Date is not defined", line: 0, column: 0, value: None }
es1/Date.prototype.setDate.js: Date.prototype.setDate.js: JSIError { error_type: ReferenceError, message: "Date is not defined", line: 0, column: 0, value: None }
es1/Date.prototype.setFullYear.js: Date.prototype.setFullYear.js: JSIError { error_type: ReferenceError, message: "Date is not defined", line: 0, column: 0, value: None }
es1/Date.prototype.setHours.js: Date.prototype.setHours.js: JSIError { error_type: ReferenceError, message: "Date is not defined", line: 0, column: 0, value: None }
es1/Date.prototype.setMilliseconds.js: Date.prototype.setMilliseconds.js: JSIError { error_type: ReferenceError, message: "Date is not defined", line: 0, column: 0, value: None }
es1/Date.prototype.setMinutes.js: Date.prototype.setMinutes.js: JSIError { error_type: ReferenceError, message: "Date is not defined", line: 0, column: 0, value: None }
es1/Date.prototype.setMonth.js: Date.prototype.setMonth.js: JSIError { error_type: ReferenceError, message: "Date is not defined", line: 0, column: 0, value: None }
es1/Date.prototype.setSeconds.js: Date.prototype.setSeconds.js: JSIError { error_type: ReferenceError, message: "Date is not defined", line: 0, column: 0, value: None }
es1/Date.prototype.setTime.js: Date.prototype.setTime.js: JSIError { error_type: ReferenceError, message: "Date is not defined", line: 0, column: 0, value: None }
es1/Date.prototype.setUTCDate.js: Date.prototype.setUTCDate.js: JSIError { error_type: ReferenceError, message: "Date is not defined", line: 0, column: 0, value: None }
es1/Date.prototype.setUTCFullYear.js: Date.prototype.setUTCFullYear.js: JSIError { error_type: ReferenceError, message: "Date is not defined", line: 0, column: 0, value: None }
es1/Date.prototype.setUTCHours.js: Date.prototype.setUTCHours.js: JSIError { error_type: ReferenceError, message: "Date is not defined", line: 0, column: 0, value: None }
es1/Date.prototype.setUTCMilliseconds.js: Date.prototype.setUTCMilliseconds.js: JSIError { error_type: ReferenceError, message: "Date is not defined", line: 0, column: 0, value: None }
es1/Date.prototype.setUTCMinutes.js: Date.prototype.setUTCMinutes.js: JSIError { error_type: ReferenceError, message: "Date is not defined", line: 0, column: 0, value: None }
es1/Date.prototype.setUTCMonth.js: Date.prototype.setUTCMonth.js: JSIError { error_type: ReferenceError, message: "Date is not defined", line: 0, column: 0, value: None }
es1/Date.prototype.setUTCSeconds.js: Date.prototype.setUTCSeconds.js: JSIError { error_type: ReferenceError, message: "Date is not defined", line: 0, column: 0, value: None }
es1/Date.prototype.toLocaleString.js: Date.prototype.toLocaleString.js: JSIError { error_type: ReferenceError, message: "Date is not defined", line: 0, column: 0, value: None }
es1/Date.prototype.toString.js: Date.prototype.toString.js: JSIError { error_type: ReferenceError, message: "Date is not defined", line: 0, column: 0, value: None }
es1/Date.prototype.toUTCString.js: Date.prototype.toUTCString.js: JSIError { error_type: ReferenceError, message: "Date is not defined", line: 0, column: 0, value: None }
es1/Date.prototype.valueOf.js: Date.prototype.valueOf.js: JSIError { error_type: ReferenceError, message: "Date is not defined", line: 0, column: 0, value: None }
es1/Function.js: Function.js: JSIError { error_type: TypeError, message: "Function is not a constructor", line: 0, column: 0, value: None }
es1/Function.length.js: Function.length failed
es1/Function.prototype.constructor.js: OK
es1/Function.prototype.js: OK
es1/Function.prototype.toString.js: Function.prototype.toString.js: JSIError { error_type: TypeError, message: "Function is not a constructor", line: 0, column: 0, value: None }
es1/Math.E.js: Math.E.js: JSIError { error_type: ReferenceError, message: "Math is not defined", line: 0, column: 0, value: None }
es1/Math.LN2.js: Math.LN2.js: JSIError { error_type: ReferenceError, message: "Math is not defined", line: 0, column: 0, value: None }
es1/Math.LN10.js: Math.LN10.js: JSIError { error_type: ReferenceError, message: "Math is not defined", line: 0, column: 0, value: None }
es1/Math.LOG2E.js: Math.LOG2E.js: JSIError { error_type: ReferenceError, message: "Math is not defined", line: 0, column: 0, value: None }
es1/Math.LOG10E.js: Math.LOG10E.js: JSIError { error_type: ReferenceError, message: "Math is not defined", line: 0, column: 0, value: None }
es1/Math.PI.js: Math.PI.js: JSIError { error_type: ReferenceError, message: "Math is not defined", line: 0, column: 0, value: None }
es1/Math.SQRT1_2.js: Math.SQRT1_2.js: JSIError { error_type: ReferenceError, message: "Math is not defined", line: 0, column: 0, value: None }
es1/Math.SQRT2.js: Math.SQRT2.js: JSIError { error_type: ReferenceError, message: "Math is not defined", line: 0, column: 0, value: None }
es1/Math.abs.js: Math.abs.js: JSIError { error_type: ReferenceError, message: "Math is not defined", line: 0, column: 0, value: None }
es1/Math.acos.js: Math.acos.js: JSIError { error_type: ReferenceError, message: "Math is not defined", line: 0, column: 0, value: None }
es1/Math.asin.js: Math.asin.js: JSIError { error_type: ReferenceError, message: "Math is not defined", line: 0, column: 0, value: None }
es1/Math.atan2.js: Math.atan2.js: JSIError { error_type: ReferenceError, message: "Math is not defined", line: 0, column: 0, value: None }
es1/Math.atan.js: Math.atan.js: JSIError { error_type: ReferenceError, message: "Math is not defined", line: 0, column: 0, value: None }
es1/Math.ceil.js: Math.ceil.js: JSIError { error_type: ReferenceError, message: "Math is not defined", line: 0, column: 0, value: None }
es1/Math.cos.js: Math.cos.js: JSIError { error_type: ReferenceError, message: "Math is not defined", line: 0, column: 0, value: None }
es1/Math.exp.js: Math.exp.js: JSIError { error_type: ReferenceError, message: "Math is not defined", line: 0, column: 0, value: None }
es1/Math.floor.js: Math.floor.js: JSIError { error_type: ReferenceError, message: "Math is not defined", line: 0, column: 0, value: None }
es1/Math.log.js: Math.log.js: JSIError { error_type: ReferenceError, message: "Math is not defined", line: 0, column: 0, value: None }
es1/Math.max.js: Math.max.js: JSIError { error_type: ReferenceError, message: "Math is not defined", line: 0, column: 0, value: None }
es1/Math.min.js: Math.min.js: JSIError { error_type: ReferenceError, message: "Math is not defined", line: 0, column: 0, value: None }
es1/Math.pow.js: Math.pow.js: JSIError { error_type: ReferenceError, message: "Math is not defined", line: 0, column: 0, value: None }
es1/Math.random.js: Math.random.js: JSIError { error_type: ReferenceError, message: "Math is not defined", line: 0, column: 0, value: None }
es1/Math.round.js: Math.round.js: JSIError { error_type: ReferenceError, message: "Math is not defined", line: 0, column: 0, value: None }
es1/Math.sin.js: Math.sin.js: JSIError { error_type: ReferenceError, message: "Math is not defined", line: 0, column: 0, value: None }
es1/Math.sqrt.js: Math.sqrt.js: JSIError { error_type: ReferenceError, message: "Math is not defined", line: 0, column: 0, value: None }
es1/Math.tan.js: Math.tan.js: JSIError { error_type: ReferenceError, message: "Math is not defined", line: 0, column: 0, value: None }
es1/Number.MAX_VALUE.js: Number.MAX_VALUE.js: JSIError { error_type: SyntaxError, message: "Unexpected identifier 'e308'", line: 0, column: 0, value: None }
es1/Number.MIN_VALUE.js: Number.MIN_VALUE.js: JSIError { error_type: SyntaxError, message: "Unexpected identifier 'e'", line: 0, column: 0, value: None }
es1/Number.NEGATIVE_INFINITY.js: Number.NEGATIVE_INFINITY.js: JSIError { error_type: SyntaxError, message: "Unexpected identifier 'e308'", line: 0, column: 0, value: None }
es1/Number.NaN.js: failed
es1/Number.POSITIVE_INFINITY.js: Number.POSITIVE_INFINITY.js: JSIError { error_type: SyntaxError, message: "Unexpected identifier 'e308'", line: 0, column: 0, value: None }
es1/Number.js: Number(value) failed; thread 'main' (23017) panicked at src/value.rs:440:80: called `Result::unwrap()` on an `Err` value: JSIError { error_type: TypeError, message: "Number.prototype.valueOf requires that 'this' be a Number", line: 0, column: 0, value: None }
es1/Number.prototype.constructor.js: OK
es1/Number.prototype.toString.js: OK
es1/Number.prototype.valueOf.js: OK
es1/Object.js: OK
es1/Object.prototype.constructor.js: OK
es1/Object.prototype.toString.js: OK
es1/Object.prototype.valueOf.js: Object.prototype.valueOf.js: JSIError { error_type: TypeError, message: "\"o.valueOf\" is not a function", line: 0, column: 0, value: None }
es1/String.fromCharCode.js: String.fromCharCode.js: JSIError { error_type: TypeError, message: "\"String.fromCharCode\" is not a function", line: 0, column: 0, value: None }
es1/String.generics.js: String.generics.js: JSIError { error_type: TypeError, message: "unknown error", line: 0, column: 0, value: None }
es1/String.js: 15.5.1.1 String(value) failed; 15.5.1.2 String() failed
es1/String.length.js: string length failed; empty string length failed; String object length failed; single char length failed
es1/String.prototype.charAt.js: charAt(0) failed; charAt(4) failed; charAt negative failed
es1/String.prototype.charCodeAt.js: String.prototype.charCodeAt.js: JSIError { error_type: TypeError, message: "\"s.charCodeAt\" is not a function", line: 0, column: 0, value: None }
es1/String.prototype.constructor.js: OK
es1/String.prototype.indexOf.js: String.prototype.indexOf.js: JSIError { error_type: TypeError, message: "\"s.indexOf\" is not a function", line: 0, column: 0, value: None }
es1/String.prototype.lastIndexOf.js: String.prototype.lastIndexOf.js: JSIError { error_type: TypeError, message: "\"s.lastIndexOf\" is not a function", line: 0, column: 0, value: None }
es1/String.prototype.split.js: String.prototype.split.js: JSIError { error_type: TypeError, message: "\"s1.split\" is not a function", line: 0, column: 0, value: None }
es1/String.prototype.substring.js: String.prototype.substring.js: JSIError { error_type: TypeError, message: "\"s.substring\" is not a function", line: 0, column: 0, value: None }
es1/String.prototype.toLowerCase.js: String.prototype.toLowerCase.js: JSIError { error_type: TypeError, message: "\"s1.toLowerCase\" is not a function", line: 0, column: 0, value: None }
es1/String.prototype.toString.js: OK
es1/String.prototype.toUpperCase.js: String.prototype.toUpperCase.js: JSIError { error_type: TypeError, message: "\"s1.toUpperCase\" is not a function", line: 0, column: 0, value: None }
es1/String.prototype.valueOf.js: OK
es1/annex-b.Date.prototype.getYear.js: annex-b.Date.prototype.getYear.js: JSIError { error_type: ReferenceError, message: "Date is not defined", line: 0, column: 0, value: None }
es1/annex-b.Date.prototype.setYear.js: annex-b.Date.prototype.setYear.js: JSIError { error_type: ReferenceError, message: "Date is not defined", line: 0, column: 0, value: None }
es1/annex-b.Date.prototype.toGMTString.js: annex-b.Date.prototype.toGMTString.js: JSIError { error_type: ReferenceError, message: "Date is not defined", line: 0, column: 0, value: None }
es1/annex-b.global.escape.js: annex-b.global.escape.js: JSIError { error_type: ReferenceError, message: "escape is not defined", line: 0, column: 0, value: None }
es1/annex-b.global.unescape.js: annex-b.global.unescape.js: JSIError { error_type: ReferenceError, message: "unescape is not defined", line: 0, column: 0, value: None }
es1/annex-b.literals.octal.js: 0755 failed; max safe integer failed
es1/annex-b.literals.string.octal.js: failed
es1/arguments.callee.js: arguments.callee.js: JSIError { error_type: TypeError, message: "\"arguments.callee\" is not a function", line: 0, column: 0, value: None }
es1/arguments.js: OK
es1/asi.eval.js: asi.eval.js: JSIError { error_type: ReferenceError, message: "eval is not defined", line: 0, column: 0, value: None }
es1/asi.js: asi.js: JSIError { error_type: TypeError, message: "Cannot read properties of undefined (reading '0')", line: 0, column: 0, value: None }
es1/assignment.bitwise.js: assignment.bitwise.js: JSIError { error_type: SyntaxError, message: "todo: unsupported operator", line: 0, column: 0, value: None }
es1/assignment.js: OK
es1/assignment.ltr.js: failed: C++ like evaluation order in 'x += f()'
es1/assignment.unsigned-shift.js: assignment.unsigned-shift.js: JSIError { error_type: SyntaxError, message: "todo: unsupported operator", line: 0, column: 0, value: None }
es1/bitwise.binary.js: bitwise.binary.js: JSIError { error_type: Unknown, message: "unsupport binary BinaryExpression { left: Identifier(IdentifierLiteral { literal: \"a\" }), operator: And, right: Identifier(IdentifierLiteral { literal: \"b\" }) }", line: 0, column: 0, value: None }
es1/bitwise.shifts.js: bitwise.shifts.js: JSIError { error_type: Unknown, message: "unsupport binary BinaryExpression { left: Identifier(IdentifierLiteral { literal: \"a\" }), operator: ShiftRight, right: Number(NumberLiteral { literal: \"2\", value: 2.0 }) }", line: 0, column: 0, value: None }
es1/bitwise.tilde.js: failed
es1/bitwise.unsigned-shift.js: bitwise.unsigned-shift.js: JSIError { error_type: Unknown, message: "unsupport binary BinaryExpression { left: Identifier(IdentifierLiteral { literal: \"a\" }), operator: UnsignedShiftRight, right: Number(NumberLiteral { literal: \"2\", value: 2.0 }) }", line: 0, column: 0, value: None }
es1/break.js: OK
es1/comma.js: OK
es1/comments.js: OK
es1/conditional.js: OK
es1/continue.js: OK
es1/conversions.ToBoolean.js: new Boolean(false) failed - expected it to be truthy; NaN failed
es1/conversions.ToInt32.js: conversions.ToInt32.js: JSIError { error_type: Unknown, message: "unsupport binary BinaryExpression { left: Number(NumberLiteral { literal: \"2.9\", value: 2.9 }), operator: Or, right: Number(NumberLiteral { literal: \"0\", value: 0.0 }) }", line: 0, column: 0, value: None }
es1/conversions.ToInteger.js: 2.9 failed; -0 failed; NaN failed; 1.1 failed; -1.9 failed; 5.7 failed
es1/conversions.ToNumber.js: null failed; '' failed; thread 'main' (34872) panicked at src/value.rs:440:80: called `Result::unwrap()` on an `Err` value: JSIError { error_type: TypeError, message: "Number.prototype.valueOf requires that 'this' be a Number", line: 0, column: 0, value: None }
es1/conversions.ToObject.js: OK
es1/conversions.ToString.js: conversions.ToString.js: JSIError { error_type: SyntaxError, message: "Unexpected identifier 'e21'", line: 0, column: 0, value: None }
es1/conversions.ToUint32.js: conversions.ToUint32.js: JSIError { error_type: Unknown, message: "unsupport binary BinaryExpression { left: Number(NumberLiteral { literal: \"2.9\", value: 2.9 }), operator: UnsignedShiftRight, right: Number(NumberLiteral { literal: \"0\", value: 0.0 }) }", line: 0, column: 0, value: None }
es1/conversions.js: 0 != ''; false != ''; null + '' != 'null'; 123 - '' != 123; 123 * '' != 0
es1/equals.js: OK
es1/eval.js: eval.js: JSIError { error_type: ReferenceError, message: "eval is not defined", line: 0, column: 0, value: None }
es1/for-in.js: for-in.js: JSIError { error_type: SyntaxError, message: "Unexpected token In", line: 0, column: 0, value: None }
es1/for.js: for.js: JSIError { error_type: SyntaxError, message: "Unexpected token Semicolon", line: 0, column: 0, value: None }
es1/functions.js: OK
es1/global.Infinity.js: global.Infinity.js: JSIError { error_type: ReferenceError, message: "Infinity is not defined", line: 0, column: 0, value: None }
es1/global.NaN.js: global.NaN.js: JSIError { error_type: ReferenceError, message: "NaN is not defined", line: 0, column: 0, value: None }
es1/global.isFinite.js: global.isFinite.js: JSIError { error_type: ReferenceError, message: "isFinite is not defined", line: 0, column: 0, value: None }
es1/global.isNaN.js: global.isNaN.js: JSIError { error_type: ReferenceError, message: "isNaN is not defined", line: 0, column: 0, value: None }
es1/global.parseFloat.js: global.parseFloat.js: JSIError { error_type: ReferenceError, message: "parseFloat is not defined", line: 0, column: 0, value: None }
es1/global.parseInt.hex.js: global.parseInt.hex.js: JSIError { error_type: ReferenceError, message: "parseInt is not defined", line: 0, column: 0, value: None }
es1/global.parseInt.js: global.parseInt.js: JSIError { error_type: ReferenceError, message: "parseInt is not defined", line: 0, column: 0, value: None }
es1/global.parseInt.radix.js: global.parseInt.radix.js: JSIError { error_type: ReferenceError, message: "parseInt is not defined", line: 0, column: 0, value: None }
es1/literals.decimal.js: literals.decimal.js: JSIError { error_type: SyntaxError, message: "Unexpected number", line: 0, column: 0, value: None }
es1/literals.hex.js: Error: "Illegal hex characters" literals.hex.js: JSIError { error_type: SyntaxError, message: "Unexpected identifier 'xff'", line: 0, column: 0, value: None }
es1/literals.string.escapes.js: literals.string.escapes.js: JSIError { error_type: SyntaxError, message: "Unexpected token ILLEGAL", line: 0, column: 0, value: None }
es1/literals.string.hex.js: failed
es1/literals.string.js: OK
es1/literals.string.unicode.js: failed
es1/logical.js: OK
es1/new.typeof.js: typeof String('x') != 'string'
es1/numbers.double.js: numbers.double.js: JSIError { error_type: ReferenceError, message: "e5 is not defined", line: 0, column: 0, value: None }
es1/numbers.fmod.js: OK
es1/numbers.inf.js: numbers.inf.js: JSIError { error_type: SyntaxError, message: "Unexpected identifier 'e10000'", line: 0, column: 0, value: None }
es1/numbers.int.js: OK
es1/numbers.nan.js: OK
es1/postfix.decrement.js: OK
es1/postfix.increment.js: OK
es1/prefix.js: OK
es1/relational.js: relational.js: JSIError { error_type: SyntaxError, message: "Unexpected token 'Less'", line: 0, column: 0, value: None }
es1/return.js: OK
es1/return.typeof.js: OK
es1/this.js: OK
es1/typeof.js: OK
es1/typeof.null.js: OK
es1/typeof.undeclared.js: OK
es1/types.js: OK
es1/unary.decrement.js: OK
es1/unary.delete.js: delete failed
es1/unary.delete.var.js: unary.delete.var.js: JSIError { error_type: ReferenceError, message: "a is not defined", line: 0, column: 0, value: None }
es1/unary.increment.js: OK
es1/unary.minus.js: OK
es1/unary.not.js: OK
es1/unary.plus.js: OK
es1/unary.plus.str.js: OK
es1/unary.tilde.js: ~5 failed; ~(-1) failed
es1/var.js: OK
es1/var.typeof.js: OK
es1/void.js: OK
es1/void.typeof.js: OK
es1/while.js: OK
es1/with.js: with.js: JSIError { error_type: SyntaxError, message: "Unexpected token With", line: 0, column: 0, value: None }
es3/Array.prototype.concat.js: Array.prototype.concat.js: JSIError { error_type: TypeError, message: "Array is not a constructor", line: 0, column: 0, value: None }
es3/Array.prototype.pop.generic.js: Array.prototype.pop.generic.js: JSIError { error_type: TypeError, message: "Cannot read properties of undefined (reading 'call')", line: 0, column: 0, value: None }
es3/Array.prototype.pop.js: Array.prototype.pop.js: JSIError { error_type: TypeError, message: "Array is not a constructor", line: 0, column: 0, value: None }
es3/Array.prototype.push.generic.js: OK
es3/Array.prototype.push.js: Array.prototype.push.js: JSIError { error_type: TypeError, message: "Array is not a constructor", line: 0, column: 0, value: None }
es3/Array.prototype.shift.generic.js: Array.prototype.shift.generic.js: JSIError { error_type: TypeError, message: "Cannot read properties of undefined (reading 'call')", line: 0, column: 0, value: None }
es3/Array.prototype.shift.js: Array.prototype.shift.js: JSIError { error_type: TypeError, message: "Array is not a constructor", line: 0, column: 0, value: None }
es3/Array.prototype.slice.generic.js: Array.prototype.slice.generic.js: JSIError { error_type: TypeError, message: "Cannot read properties of undefined (reading 'call')", line: 0, column: 0, value: None }
es3/Array.prototype.slice.js: Array.prototype.slice.js: JSIError { error_type: TypeError, message: "Array is not a constructor", line: 0, column: 0, value: None }
es3/Array.prototype.splice.generic.js: Array.prototype.splice.generic.js: JSIError { error_type: TypeError, message: "Cannot read properties of undefined (reading 'call')", line: 0, column: 0, value: None }
es3/Array.prototype.splice.js: Array.prototype.splice.js: JSIError { error_type: TypeError, message: "Array is not a constructor", line: 0, column: 0, value: None }
es3/Array.prototype.toLocaleString.js: Array.prototype.toLocaleString.js: JSIError { error_type: TypeError, message: "Array is not a constructor", line: 0, column: 0, value: None }
es3/Array.prototype.unshift.generic.js: Array.prototype.unshift.generic.js: JSIError { error_type: TypeError, message: "Cannot read properties of undefined (reading 'call')", line: 0, column: 0, value: None }
es3/Array.prototype.unshift.js: Array.prototype.unshift.js: JSIError { error_type: TypeError, message: "Array is not a constructor", line: 0, column: 0, value: None }
es3/Array.prototype.unshift.returns-new-length.js: Array.prototype.unshift.returns-new-length.js: JSIError { error_type: TypeError, message: "\".unshift\" is not a function", line: 0, column: 0, value: None }
es3/Date.prototype.toDateString.js: Date.prototype.toDateString.js: JSIError { error_type: ReferenceError, message: "Date is not defined", line: 0, column: 0, value: None }
es3/Date.prototype.toLocaleDateString.js: Date.prototype.toLocaleDateString.js: JSIError { error_type: ReferenceError, message: "Date is not defined", line: 0, column: 0, value: None }
es3/Date.prototype.toLocaleString.js: Date.prototype.toLocaleString.js: JSIError { error_type: ReferenceError, message: "Date is not defined", line: 0, column: 0, value: None }
es3/Date.prototype.toLocaleTimeString.js: Date.prototype.toLocaleTimeString.js: JSIError { error_type: ReferenceError, message: "Date is not defined", line: 0, column: 0, value: None }
es3/Date.prototype.toTimeString.js: Date.prototype.toTimeString.js: JSIError { error_type: ReferenceError, message: "Date is not defined", line: 0, column: 0, value: None }
es3/Error.js: OK
es3/Error.prototype.constructor.js: OK
es3/Error.prototype.message.js: failed
es3/Error.prototype.name.js: OK
es3/Error.prototype.toString.js: OK
es3/Function.prototype.apply.js: OK
es3/Function.prototype.call.js: OK
es3/Math.max.variadic.js: Math.max.variadic.js: JSIError { error_type: ReferenceError, message: "Math is not defined", line: 0, column: 0, value: None }
es3/Math.min.variadic.js: Math.min.variadic.js: JSIError { error_type: ReferenceError, message: "Math is not defined", line: 0, column: 0, value: None }
es3/Number.prototype.toExponential.edge-cases.js: NaN.toExponential(Infinity) throws; Infinity.toExponential(Infinity) throws
es3/Number.prototype.toExponential.js: Number.prototype.toExponential.js: JSIError { error_type: TypeError, message: "\"n1.toExponential\" is not a function", line: 0, column: 0, value: None }
es3/Number.prototype.toExponential.rounding.js: Number.prototype.toExponential.rounding.js: JSIError { error_type: SyntaxError, message: "Unexpected identifier 'e'", line: 0, column: 0, value: None }
es3/Number.prototype.toExponential.throws-infinity.js: Number.prototype.toExponential.throws-infinity.js: JSIError { error_type: ReferenceError, message: "RangeError is not defined", line: 0, column: 0, value: None }
es3/Number.prototype.toFixed.js: Number.prototype.toFixed.js: JSIError { error_type: TypeError, message: "\"n1.toFixed\" is not a function", line: 0, column: 0, value: None }
es3/Number.prototype.toLocaleString.js: Number.prototype.toLocaleString.js: JSIError { error_type: TypeError, message: "\"n1.toLocaleString\" is not a function", line: 0, column: 0, value: None }
es3/Number.prototype.toPrecision.js: Number.prototype.toPrecision.js: JSIError { error_type: TypeError, message: "\"n1.toPrecision\" is not a function", line: 0, column: 0, value: None }
es3/Object.prototype.hasOwnProperty.js: Object.prototype.hasOwnProperty.js: JSIError { error_type: TypeError, message: "\"obj.hasOwnProperty\" is not a function", line: 0, column: 0, value: None }
es3/Object.prototype.isPrototypeOf.js: Object.prototype.isPrototypeOf.js: JSIError { error_type: TypeError, message: "\"Child.prototype.isPrototypeOf\" is not a function", line: 0, column: 0, value: None }
es3/Object.prototype.propertyIsEnumerable.js: Object.prototype.propertyIsEnumerable.js: JSIError { error_type: TypeError, message: "\"obj.propertyIsEnumerable\" is not a function", line: 0, column: 0, value: None }
es3/Object.prototype.toLocaleString.js: Object.prototype.toLocaleString.js: JSIError { error_type: TypeError, message: "\"o1.toLocaleString\" is not a function", line: 0, column: 0, value: None }
es3/RegExp.global.js: RegExp.global.js: JSIError { error_type: SyntaxError, message: "Unexpected token Slash", line: 0, column: 0, value: None }
es3/RegExp.ignoreCase.js: RegExp.ignoreCase.js: JSIError { error_type: SyntaxError, message: "Unexpected token Slash", line: 0, column: 0, value: None }
es3/RegExp.js: RegExp.js: JSIError { error_type: ReferenceError, message: "RegExp is not defined", line: 0, column: 0, value: None }
es3/RegExp.lastIndex.js: RegExp.lastIndex.js: JSIError { error_type: ReferenceError, message: "RegExp is not defined", line: 0, column: 0, value: None }
es3/RegExp.multiline.js: RegExp.multiline.js: JSIError { error_type: SyntaxError, message: "Unexpected token Slash", line: 0, column: 0, value: None }
es3/RegExp.prototype.constructor.js: RegExp.prototype.constructor.js: JSIError { error_type: ReferenceError, message: "RegExp is not defined", line: 0, column: 0, value: None }
es3/RegExp.prototype.exec.js: RegExp.prototype.exec.js: JSIError { error_type: ReferenceError, message: "RegExp is not defined", line: 0, column: 0, value: None }
es3/RegExp.prototype.test.js: RegExp.prototype.test.js: JSIError { error_type: ReferenceError, message: "RegExp is not defined", line: 0, column: 0, value: None }
es3/RegExp.prototype.toString.js: RegExp.prototype.toString.js: JSIError { error_type: ReferenceError, message: "RegExp is not defined", line: 0, column: 0, value: None }
es3/RegExp.source.js: RegExp.source.js: JSIError { error_type: ReferenceError, message: "RegExp is not defined", line: 0, column: 0, value: None }
es3/String.prototype.concat.generic.js: String.prototype.concat.generic.js: JSIError { error_type: TypeError, message: "Cannot read properties of undefined (reading 'call')", line: 0, column: 0, value: None }
es3/String.prototype.concat.js: String.prototype.concat.js: JSIError { error_type: TypeError, message: "\"s1.concat\" is not a function", line: 0, column: 0, value: None }
es3/String.prototype.localeCompare.js: String.prototype.localeCompare.js: JSIError { error_type: TypeError, message: "\"s1.localeCompare\" is not a function", line: 0, column: 0, value: None }
es3/String.prototype.match.generic.js: String.prototype.match.generic.js: JSIError { error_type: SyntaxError, message: "Unexpected token Slash", line: 0, column: 0, value: None }
es3/String.prototype.match.js: String.prototype.match.js: JSIError { error_type: SyntaxError, message: "Unexpected token Slash", line: 0, column: 0, value: None }
es3/String.prototype.replace.capture.js: String.prototype.replace.capture.js: JSIError { error_type: SyntaxError, message: "Unexpected token Slash", line: 0, column: 0, value: None }
es3/String.prototype.replace.extra.js: String.prototype.replace.extra.js: JSIError { error_type: SyntaxError, message: "Unexpected token Slash", line: 0, column: 0, value: None }
es3/String.prototype.replace.generic.js: String.prototype.replace.generic.js: JSIError { error_type: SyntaxError, message: "Unexpected token Slash", line: 0, column: 0, value: None }
es3/String.prototype.replace.regex.js: String.prototype.replace.regex.js: JSIError { error_type: SyntaxError, message: "Unexpected token Slash", line: 0, column: 0, value: None }
es3/String.prototype.replace.str.js: String.prototype.replace.str.js: JSIError { error_type: TypeError, message: "\"s1.replace\" is not a function", line: 0, column: 0, value: None }
es3/String.prototype.search.generic.js: String.prototype.search.generic.js: JSIError { error_type: SyntaxError, message: "Unexpected token Slash", line: 0, column: 0, value: None }
es3/String.prototype.search.js: String.prototype.search.js: JSIError { error_type: SyntaxError, message: "Unexpected token Slash", line: 0, column: 0, value: None }
es3/String.prototype.search.str.js: String.prototype.search.str.js: JSIError { error_type: TypeError, message: "\"s1.search\" is not a function", line: 0, column: 0, value: None }
es3/String.prototype.slice.generic.js: String.prototype.slice.generic.js: JSIError { error_type: TypeError, message: "Cannot read properties of undefined (reading 'call')", line: 0, column: 0, value: None }
es3/String.prototype.slice.js: String.prototype.slice.js: JSIError { error_type: TypeError, message: "\"s1.slice\" is not a function", line: 0, column: 0, value: None }
es3/String.prototype.split.bugs.js: String.prototype.split.bugs.js: JSIError { error_type: SyntaxError, message: "Unexpected token Slash", line: 0, column: 0, value: None }
es3/String.prototype.split.limit.js: String.prototype.split.limit.js: JSIError { error_type: TypeError, message: "\"s1.split\" is not a function", line: 0, column: 0, value: None }
es3/String.prototype.split.regex.js: String.prototype.split.regex.js: JSIError { error_type: SyntaxError, message: "Unexpected token Slash", line: 0, column: 0, value: None }
es3/String.prototype.toLocaleLowerCase.js: String.prototype.toLocaleLowerCase.js: JSIError { error_type: TypeError, message: "\"str.toLocaleLowerCase\" is not a function", line: 0, column: 0, value: None }
es3/String.prototype.toLocaleUpperCase.js: String.prototype.toLocaleUpperCase.js: JSIError { error_type: TypeError, message: "\"str.toLocaleUpperCase\" is not a function", line: 0, column: 0, value: None }
es3/annex-b.String.prototype.substr.js: annex-b.String.prototype.substr.js: JSIError { error_type: TypeError, message: "\"s.substr\" is not a function", line: 0, column: 0, value: None }
es3/do-while.js: OK
es3/function-expressions.IIFE.js: crashed (signal 6); OK; Function(RefCell { value: Object { class_type: Function, property: {"name": Property { enumerable: false, value: String("counter") }, "length": Property { enumerable: false, value: Number(0.0) }}, property_list: ["name", "length"], inner_property: {"bytecode": Property { enumerable: false, value
es3/function-expressions.js: function-expressions.js: JSIError { error_type: TypeError, message: "Array is not a constructor", line: 0, column: 0, value: None }
es3/global.EvalError.js: constructor failed; global.EvalError.js: JSIError { error_type: ReferenceError, message: "EvalError is not defined", line: 0, column: 0, value: None }
es3/global.RangeError.js: constructor failed; global.RangeError.js: JSIError { error_type: ReferenceError, message: "RangeError is not defined", line: 0, column: 0, value: None }
es3/global.RangeError.thrown.js: global.RangeError.thrown.js: JSIError { error_type: TypeError, message: "Array is not a constructor", line: 0, column: 0, value: None }
es3/global.ReferenceError.js: constructor failed; global.ReferenceError.js: JSIError { error_type: ReferenceError, message: "ReferenceError is not defined", line: 0, column: 0, value: None }
es3/global.ReferenceError.thrown.js: OK
es3/global.SyntaxError.js: constructor failed; global.SyntaxError.js: JSIError { error_type: ReferenceError, message: "SyntaxError is not defined", line: 0, column: 0, value: None }
es3/global.SyntaxError.thrown.js: OK
es3/global.TypeError.js: constructor failed
es3/global.TypeError.thrown.js: no exception for Function.prototype.toString on non-function
es3/global.URIError.js: constructor failed; global.URIError.js: JSIError { error_type: ReferenceError, message: "URIError is not defined", line: 0, column: 0, value: None }
es3/global.URIError.thrown.js: OK
es3/global.decodeURIComponent.js: global.decodeURIComponent.js: JSIError { error_type: ReferenceError, message: "decodeURIComponent is not defined", line: 0, column: 0, value: None }
es3/global.decodeURI.js: global.decodeURI.js: JSIError { error_type: ReferenceError, message: "decodeURI is not defined", line: 0, column: 0, value: None }
es3/global.encodeURIComponent.js: global.encodeURIComponent.js: JSIError { error_type: ReferenceError, message: "encodeURIComponent is not defined", line: 0, column: 0, value: None }
es3/global.encodeURI.js: global.encodeURI.js: JSIError { error_type: ReferenceError, message: "encodeURI is not defined", line: 0, column: 0, value: None }
es3/global.undefined.js: OK
es3/identifiers.unicode.js: identifiers.unicode.js: JSIError { error_type: SyntaxError, message: "Unexpected token ILLEGAL", line: 0, column: 0, value: None }
es3/instanceof.js: instanceof.js: JSIError { error_type: TypeError, message: "Array is not a constructor", line: 0, column: 0, value: None }
es3/in.js: in.js: JSIError { error_type: Unknown, message: "unsupport binary BinaryExpression { left: String(StringLiteral { literal: \"\\\"foo\\\"\", value: \"foo\" }), operator: In, right: Identifier(IdentifierLiteral { literal: \"obj\" }) }", line: 0, column: 0, value: None }
es3/labelled.break.js: failed
es3/labelled.continue.js: OK
es3/labelled.statements.js: OK
es3/literals.array.elisions.js: OK
es3/literals.array.js: OK
es3/literals.array.trailing-comma.js: OK
es3/literals.object.decimal.js: literals.object.decimal.js: JSIError { error_type: Unknown, message: "expression unsupported Unknown", line: 0, column: 0, value: None }
es3/literals.object.hex.js: Error: "Illegal hex characters" literals.object.hex.js: JSIError { error_type: Unknown, message: "expression unsupported Unknown", line: 0, column: 0, value: None }
es3/literals.object.int.js: OK
es3/literals.object.js: OK
es3/literals.object.str.js: OK
es3/literals.object.unicode.js: literals.object.unicode.js: JSIError { error_type: SyntaxError, message: "Unexpected token ILLEGAL", line: 0, column: 0, value: None }
es3/literals.regex.ambiguous.js: literals.regex.ambiguous.js: JSIError { error_type: SyntaxError, message: "Unexpected token Comma", line: 0, column: 0, value: None }
es3/literals.regex.empty.js: literals.regex.empty.js: JSIError { error_type: SyntaxError, message: "Unexpected token Slash", line: 0, column: 0, value: None }
es3/literals.regex.js: literals.regex.js: JSIError { error_type: SyntaxError, message: "Unexpected token Slash", line: 0, column: 0, value: None }
es3/literals.string.esc-v.js: failed
es3/nested-functions.eval.js: nested-functions.eval.js: JSIError { error_type: ReferenceError, message: "eval is not defined", line: 0, column: 0, value: None }
es3/nested-functions.js: crashed (signal 6); OK; fatal runtime error: stack overflow, aborting
es3/regex.backref.js: regex.backref.js: JSIError { error_type: SyntaxError, message: "Unexpected token Slash", line: 0, column: 0, value: None }
es3/regex.begin.js: regex.begin.js: JSIError { error_type: SyntaxError, message: "Unexpected token Slash", line: 0, column: 0, value: None }
es3/regex.bracket.esc-b.js: regex.bracket.esc-b.js: JSIError { error_type: SyntaxError, message: "Unexpected token Slash", line: 0, column: 0, value: None }
es3/regex.bracket.js: regex.bracket.js: JSIError { error_type: SyntaxError, message: "Unexpected token Slash", line: 0, column: 0, value: None }
es3/regex.bracket.ranges.js: regex.bracket.ranges.js: JSIError { error_type: SyntaxError, message: "Unexpected token Slash", line: 0, column: 0, value: None }
es3/regex.class.esc-d.js: regex.class.esc-d.js: JSIError { error_type: SyntaxError, message: "Unexpected token Slash", line: 0, column: 0, value: None }
es3/regex.class.esc-s.js: regex.class.esc-s.js: JSIError { error_type: SyntaxError, message: "Unexpected token Slash", line: 0, column: 0, value: None }
es3/regex.class.esc-w.js: regex.class.esc-w.js: JSIError { error_type: SyntaxError, message: "Unexpected token Slash", line: 0, column: 0, value: None }
es3/regex.disjunction.js: regex.disjunction.js: JSIError { error_type: SyntaxError, message: "Unexpected token Slash", line: 0, column: 0, value: None }
es3/regex.dot.js: regex.dot.js: JSIError { error_type: SyntaxError, message: "Unexpected token Slash", line: 0, column: 0, value: None }
es3/regex.end.js: regex.end.js: JSIError { error_type: SyntaxError, message: "Unexpected token Slash", line: 0, column: 0, value: None }
es3/regex.escape.control.js: regex.escape.control.js: JSIError { error_type: SyntaxError, message: "Unexpected token Slash", line: 0, column: 0, value: None }
es3/regex.escape.hex.js: regex.escape.hex.js: JSIError { error_type: SyntaxError, message: "Unexpected token Slash", line: 0, column: 0, value: None }
es3/regex.escape.js: regex.escape.js: JSIError { error_type: SyntaxError, message: "Unexpected token Slash", line: 0, column: 0, value: None }
es3/regex.escape.nul.js: regex.escape.nul.js: JSIError { error_type: SyntaxError, message: "Unexpected token Slash", line: 0, column: 0, value: None }
es3/regex.escape.unicode.js: regex.escape.unicode.js: JSIError { error_type: SyntaxError, message: "Unexpected token Slash", line: 0, column: 0, value: None }
es3/regex.flag.global.js: regex.flag.global.js: JSIError { error_type: SyntaxError, message: "Unexpected token Slash", line: 0, column: 0, value: None }
es3/regex.flag.ignorecase.js: regex.flag.ignorecase.js: JSIError { error_type: SyntaxError, message: "Unexpected token Slash", line: 0, column: 0, value: None }
es3/regex.flag.multiline.js: regex.flag.multiline.js: JSIError { error_type: SyntaxError, message: "Unexpected token Slash", line: 0, column: 0, value: None }
es3/regex.group.js: regex.group.js: JSIError { error_type: SyntaxError, message: "Unexpected token Slash", line: 0, column: 0, value: None }
es3/regex.lookahead.js: regex.lookahead.js: JSIError { error_type: SyntaxError, message: "Unexpected token Slash", line: 0, column: 0, value: None }
es3/regex.negative-lookahead.js: regex.negative-lookahead.js: JSIError { error_type: SyntaxError, message: "Unexpected token Slash", line: 0, column: 0, value: None }
es3/regex.non-capturing-group.js: regex.non-capturing-group.js: JSIError { error_type: SyntaxError, message: "Unexpected token Slash", line: 0, column: 0, value: None }
es3/regex.quantifier.exact.js: regex.quantifier.exact.js: JSIError { error_type: SyntaxError, message: "Unexpected token Slash", line: 0, column: 0, value: None }
es3/regex.quantifier.maybe.js: regex.quantifier.maybe.js: JSIError { error_type: SyntaxError, message: "Unexpected token Slash", line: 0, column: 0, value: None }
es3/regex.quantifier.min.js: regex.quantifier.min.js: JSIError { error_type: SyntaxError, message: "Unexpected token Slash", line: 0, column: 0, value: None }
es3/regex.quantifier.plus.js: regex.quantifier.plus.js: JSIError { error_type: SyntaxError, message: "Unexpected token Slash", line: 0, column: 0, value: None }
es3/regex.quantifier.range.js: regex.quantifier.range.js: JSIError { error_type: SyntaxError, message: "Unexpected token Slash", line: 0, column: 0, value: None }
es3/regex.quantifier.star.js: regex.quantifier.star.js: JSIError { error_type: SyntaxError, message: "Unexpected token Slash", line: 0, column: 0, value: None }
es3/regex.word-boundary.js: regex.word-boundary.js: JSIError { error_type: SyntaxError, message: "Unexpected token Slash", line: 0, column: 0, value: None }
es3/source.line-terminators.js: source.line-terminators.js: JSIError { error_type: SyntaxError, message: "Unexpected token ILLEGAL", line: 0, column: 0, value: None }
es3/source.whitespace.js: source.whitespace.js: JSIError { error_type: SyntaxError, message: "Unexpected token ILLEGAL", line: 0, column: 0, value: None }
es3/source.whitespace.unicode.js: source.whitespace.unicode.js: JSIError { error_type: SyntaxError, message: "Unexpected token ILLEGAL", line: 0, column: 0, value: None }
es3/strict-equals.js: OK
es3/switch.js: OK
es3/try-catch-finally.js: try-catch-finally.js: JSIError { error_type: SyntaxError, message: "Unexpected token Finally", line: 0, column: 0, value: None }
es3/try-catch-throw.js: basic throw/catch failed; throw string failed; throw stops execution failed
es5/Array.isArray.js: empty array failed; array with elements failed
es5/Array.prototype.every.js: Array.prototype.every not a function; Array.prototype.every.js: JSIError { error_type: TypeError, message: "\"arr.every\" is not a function", line: 0, column: 0, value: None }
es5/Array.prototype.filter.js: Array.prototype.filter not a function; Array.prototype.filter.js: JSIError { error_type: TypeError, message: "\"arr.filter\" is not a function", line: 0, column: 0, value: None }
es5/Array.prototype.forEach.js: Array.prototype.forEach not a function; Array.prototype.forEach.js: JSIError { error_type: TypeError, message: "\"arr.forEach\" is not a function", line: 0, column: 0, value: None }
es5/Array.prototype.indexOf.js: Array.prototype.indexOf not a function; Array.prototype.indexOf.js: JSIError { error_type: TypeError, message: "\"arr.indexOf\" is not a function", line: 0, column: 0, value: None }
es5/Array.prototype.lastIndexOf.js: Array.prototype.lastIndexOf not a function; Array.prototype.lastIndexOf.js: JSIError { error_type: TypeError, message: "\"arr.lastIndexOf\" is not a function", line: 0, column: 0, value: None }
es5/Array.prototype.map.js: Array.prototype.map not a function; Array.prototype.map.js: JSIError { error_type: TypeError, message: "\"arr.map\" is not a function", line: 0, column: 0, value: None }
es5/Array.prototype.reduceRight.js: Array.prototype.reduceRight not a function; Array.prototype.reduceRight.js: JSIError { error_type: TypeError, message: "\"arr.reduceRight\" is not a function", line: 0, column: 0, value: None }
es5/Array.prototype.reduce.js: Array.prototype.reduce not a function; Array.prototype.reduce.js: JSIError { error_type: TypeError, message: "\"arr.reduce\" is not a function", line: 0, column: 0, value: None }
es5/Array.prototype.some.js: Array.prototype.some not a function; Array.prototype.some.js: JSIError { error_type: TypeError, message: "\"arr.some\" is not a function", line: 0, column: 0, value: None }
es5/Array.prototype.sort.TypeError.js: Array.prototype.sort.TypeError.js: JSIError { error_type: SyntaxError, message: "Unexpected token Slash", line: 0, column: 0, value: None }
es5/Array.prototype.sort.undefined-comparefn.js: Array.prototype.sort.undefined-comparefn.js: JSIError { error_type: TypeError, message: "\"arr.sort\" is not a function", line: 0, column: 0, value: None }
es5/Date.now.js: Date.now not a function; Date.now.js: JSIError { error_type: ReferenceError, message: "Date is not defined", line: 0, column: 0, value: None }
es5/Date.prototype.toISOString.js: Date.prototype.toISOString not a function; Date.prototype.toISOString.js: JSIError { error_type: ReferenceError, message: "Date is not defined", line: 0, column: 0, value: None }
es5/Date.prototype.toJSON.js: Date.prototype.toJSON not a function; Date.prototype.toJSON.js: JSIError { error_type: ReferenceError, message: "Date is not defined", line: 0, column: 0, value: None }
es5/Function.prototype-not-enumerable.js: Function.prototype-not-enumerable.js: JSIError { error_type: SyntaxError, message: "Unexpected token In", line: 0, column: 0, value: None }
es5/Function.prototype.apply.array-like.js: OK
es5/Function.prototype.bind.js: argument binding failed; length property incorrect; Function.prototype.bind.js: JSIError { error_type: TypeError, message: "Cannot read properties of null (reading 'value')", line: 0, column: 0, value: None }
es5/JSON.js: failed: typeof JSON !== 'object'
es5/JSON.parse.js: JSON.parse.js: JSIError { error_type: SyntaxError, message: "Unexpected identifier 'a'", line: 0, column: 0, value: None }
es5/JSON.parse.reviver.js: failed: typeof JSON.parse !== 'function'
es5/JSON.stringify.js: failed: typeof JSON.stringify !== 'function'
es5/JSON.stringify.replacer.js: failed: typeof JSON.stringify !== 'function'
es5/JSON.stringify.space.js: failed: typeof JSON.stringify !== 'function'
es5/Object.create.js: null prototype failed; Properties argument failed
es5/Object.defineProperties.js: Object.defineProperties not a function; Object.defineProperties.js: JSIError { error_type: TypeError, message: "\"Object.defineProperties\" is not a function", line: 0, column: 0, value: None }
es5/Object.defineProperty.js: Object.defineProperty not a function; Object.defineProperty.js: JSIError { error_type: TypeError, message: "\"Object.defineProperty\" is not a function", line: 0, column: 0, value: None }
es5/Object.freeze.js: Object.freeze not a function; Object.freeze.js: JSIError { error_type: TypeError, message: "\"Object.freeze\" is not a function", line: 0, column: 0, value: None }
es5/Object.getOwnPropertyDescriptor.js: Object.getOwnPropertyDescriptor not a function; Object.getOwnPropertyDescriptor.js: JSIError { error_type: TypeError, message: "\"Object.getOwnPropertyDescriptor\" is not a function", line: 0, column: 0, value: None }
es5/Object.getOwnPropertyNames.js: Object.getOwnPropertyNames.js: JSIError { error_type: TypeError, message: "\"Object.defineProperty\" is not a function", line: 0, column: 0, value: None }
es5/Object.getPrototypeOf.js: OK
es5/Object.isExtensible.js: Object.isExtensible not a function; Object.isExtensible.js: JSIError { error_type: TypeError, message: "\"Object.isExtensible\" is not a function", line: 0, column: 0, value: None }
es5/Object.isFrozen.js: Object.isFrozen not a function; Object.isFrozen.js: JSIError { error_type: TypeError, message: "\"Object.isFrozen\" is not a function", line: 0, column: 0, value: None }
es5/Object.isSealed.js: Object.isSealed not a function; Object.isSealed.js: JSIError { error_type: TypeError, message: "\"Object.isSealed\" is not a function", line: 0, column: 0, value: None }
es5/Object.keys.js: only own properties failed; Object.keys.js: JSIError { error_type: TypeError, message: "\"Object.defineProperty\" is not a function", line: 0, column: 0, value: None }
es5/Object.preventExtensions.js: Object.preventExtensions not a function; Object.preventExtensions.js: JSIError { error_type: TypeError, message: "\"Object.preventExtensions\" is not a function", line: 0, column: 0, value: None }
es5/Object.property-shadowing.js: Object.property-shadowing.js: JSIError { error_type: SyntaxError, message: "Unexpected token In", line: 0, column: 0, value: None }
es5/Object.seal.js: Object.seal not a function; Object.seal.js: JSIError { error_type: TypeError, message: "\"Object.seal\" is not a function", line: 0, column: 0, value: None }
es5/String.indexing.js: 'foobar'[3] !== 'b'; test with variable failed
es5/String.prototype.trim.js: String.prototype.trim not a function; String.prototype.trim.js: JSIError { error_type: TypeError, message: "\"s1.trim\" is not a function", line: 0, column: 0, value: None }
es5/arguments.toStringTag.js: failed
es5/debugger.js: debugger.js: JSIError { error_type: SyntaxError, message: "Unexpected token Debugger", line: 0, column: 0, value: None }
es5/global.Infinity.immutable.js: global.Infinity.immutable.js: JSIError { error_type: ReferenceError, message: "Infinity is not defined", line: 0, column: 0, value: None }
es5/global.NaN.immutable.js: global.NaN.immutable.js: JSIError { error_type: ReferenceError, message: "NaN is not defined", line: 0, column: 0, value: None }
es5/global.parseInt.no-octal.js: global.parseInt.no-octal.js: JSIError { error_type: ReferenceError, message: "parseInt is not defined", line: 0, column: 0, value: None }
es5/global.undefined.immutable.js: global.undefined.immutable.js: JSIError { error_type: SyntaxError, message: "Invalid left-hand side in assignment", line: 0, column: 0, value: None }
es5/literals.object.getters.js: literals.object.getters.js: JSIError { error_type: SyntaxError, message: "Unexpected token LeftParenthesis", line: 0, column: 0, value: None }
es5/literals.object.setters.js: literals.object.setters.js: JSIError { error_type: SyntaxError, message: "Unexpected token LeftParenthesis", line: 0, column: 0, value: None }
es5/literals.object.trailing-comma.js: OK
es5/source.keyword-properties.js: source.keyword-properties.js: JSIError { error_type: SyntaxError, message: "Unexpected token If", line: 0, column: 0, value: None }
es5/source.unreserved-words.js: OK
es5/source.whitespace.bom.js: source.whitespace.bom.js: JSIError { error_type: SyntaxError, message: "Unexpected token ILLEGAL", line: 0, column: 0, value: None }
es5/source.zero-width-chars.js: source.zero-width-chars.js: JSIError { error_type: SyntaxError, message: "Unexpected token ILLEGAL", line: 0, column: 0, value: None }
es5/strict.eval-cannot-create-bindings.js: strict.eval-cannot-create-bindings.js: JSIError { error_type: ReferenceError, message: "ReferenceError is not defined", line: 0, column: 0, value: None }
es5/strict.function-expr-with-matching-name.js: failed
es5/strict.js: strict.js: JSIError { error_type: ReferenceError, message: "ReferenceError is not defined", line: 0, column: 0, value: None }
es5/strict.no-arguments-callee.js: failed
es5/strict.no-arguments-caller.js: strict.no-arguments-caller.js: JSIError { error_type: Unknown, message: "unsupport binary BinaryExpression { left: String(StringLiteral { literal: \"'caller'\", value: \"caller\" }), operator: In, right: Identifier(IdentifierLiteral { literal: \"arguments\" }) }", line: 0, column: 0, value: None }
es5/strict.no-assignment-to-non-writable.js: strict.no-assignment-to-non-writable.js: JSIError { error_type: SyntaxError, message: "Unexpected token LeftParenthesis", line: 0, column: 0, value: None }
es5/strict.no-assignment-to-unresolvable.js: strict.no-assignment-to-unresolvable.js: JSIError { error_type: ReferenceError, message: "ReferenceError is not defined", line: 0, column: 0, value: None }
es5/strict.no-delete-bindings.js: strict.no-delete-bindings.js: JSIError { error_type: ReferenceError, message: "SyntaxError is not defined", line: 0, column: 0, value: None }
es5/strict.no-delete-non-configurable.js: failed
es5/strict.no-duplicate-parameters.js: strict.no-duplicate-parameters.js: JSIError { error_type: ReferenceError, message: "SyntaxError is not defined", line: 0, column: 0, value: None }
es5/strict.no-eval-or-arguments-assignment.js: strict.no-eval-or-arguments-assignment.js: JSIError { error_type: ReferenceError, message: "SyntaxError is not defined", line: 0, column: 0, value: None }
es5/strict.no-eval-or-arguments-bindings.js: strict.no-eval-or-arguments-bindings.js: JSIError { error_type: ReferenceError, message: "SyntaxError is not defined", line: 0, column: 0, value: None }
es5/strict.no-function-caller-or-arguments.js: failed
es5/strict.no-octal-literals.js: strict.no-octal-literals.js: JSIError { error_type: ReferenceError, message: "SyntaxError is not defined", line: 0, column: 0, value: None }
es5/strict.no-with.js: strict.no-with.js: JSIError { error_type: ReferenceError, message: "SyntaxError is not defined", line: 0, column: 0, value: None }
es5/strict.reserved-words.js: strict.reserved-words.js: JSIError { error_type: TypeError, message: "\"implements,interface,let,package,private,protected,public,static,yield.split\" is not a function", line: 0, column: 0, value: None }
es5/strict.this-primitive-not-coerced-in-accessors.js: strict.this-primitive-not-coerced-in-accessors.js: JSIError { error_type: TypeError, message: "\"Object.defineProperty\" is not a function", line: 0, column: 0, value: None }
es5/strict.this-primitive-not-coerced.js: OK
es5/strict.this-undefined-in-function.js: OK
es5/strict.unmapped-arguments.js: OK
es5/this.thrown-function.js: this.thrown-function.js: JSIError { error_type: TypeError, message: "\"e\" is not a function", line: 0, column: 0, value: None }
kangax-es5/Array.isArray.js: OK
kangax-es5/Array.prototype.every.js: failed
kangax-es5/Array.prototype.filter.js: failed
kangax-es5/Array.prototype.forEach.js: failed
kangax-es5/Array.prototype.indexOf.js: failed
kangax-es5/Array.prototype.lastIndexOf.js: failed
kangax-es5/Array.prototype.map.js: failed
kangax-es5/Array.prototype.reduceRight.js: failed
kangax-es5/Array.prototype.reduce.js: failed
kangax-es5/Array.prototype.some.js: failed
kangax-es5/Array.prototype.sort.compareFn-type.js: Array.prototype.sort.compareFn-type.js: JSIError { error_type: SyntaxError, message: "Unexpected token Slash", line: 0, column: 0, value: None }
kangax-es5/Array.prototype.sort.compareFn-undefined.js: failed
kangax-es5/Array.prototype.unshift.return-count.js: [object Error]
kangax-es5/Date.now.js: failed
kangax-es5/Date.prototype.toISOString.js: failed
kangax-es5/Date.prototype.toJSON.js: failed
kangax-es5/Function.prototype.bind.js: OK
kangax-es5/JSON.js: failed
kangax-es5/Number.prototype.toExponential.no-throw-edge-cases.js: failed
kangax-es5/Number.prototype.toExponential.rounds-properly.js: Number.prototype.toExponential.rounds-properly.js: JSIError { error_type: SyntaxError, message: "Unexpected identifier 'e'", line: 0, column: 0, value: None }
kangax-es5/Number.prototype.toExponential.throws-infinity.js: OK
kangax-es5/Object.create.js: OK
kangax-es5/Object.defineProperties.js: failed
kangax-es5/Object.defineProperty.js: failed
kangax-es5/Object.freeze.js: failed
kangax-es5/Object.getOwnPropertyDescriptor.js: failed
kangax-es5/Object.getOwnPropertyNames.js: OK
kangax-es5/Object.getPrototypeOf.js: OK
kangax-es5/Object.isExtensible.js: failed
kangax-es5/Object.isFrozen.js: failed
kangax-es5/Object.isSealed.js: failed
kangax-es5/Object.keys.js: OK
kangax-es5/Object.preventExtensions.js: failed
kangax-es5/Object.seal.js: failed
kangax-es5/String.property-access.js: failed
kangax-es5/String.prototype.split.js: String.prototype.split.js: JSIError { error_type: SyntaxError, message: "Unexpected token Slash", line: 0, column: 0, value: None }
kangax-es5/String.prototype.trim.js: failed
kangax-es5/annex-b.String.prototype.substr.js: [object Error]
kangax-es5/immutable-globals.Infinity.js: failed
kangax-es5/immutable-globals.NaN.js: failed
kangax-es5/immutable-globals.undefined.js: immutable-globals.undefined.js: JSIError { error_type: SyntaxError, message: "Invalid left-hand side in assignment", line: 0, column: 0, value: None }
kangax-es5/literals.getter-accessors.js: literals.getter-accessors.js: JSIError { error_type: SyntaxError, message: "Unexpected token LeftParenthesis", line: 0, column: 0, value: None }
kangax-es5/literals.reserved-words-properties.js: literals.reserved-words-properties.js: JSIError { error_type: SyntaxError, message: "Unexpected token If", line: 0, column: 0, value: None }
kangax-es5/literals.setter-accessors.js: literals.setter-accessors.js: JSIError { error_type: SyntaxError, message: "Unexpected token LeftParenthesis", line: 0, column: 0, value: None }
kangax-es5/literals.trailing-comma-array.js: OK
kangax-es5/literals.trailing-comma-object.js: OK
kangax-es5/misc.Arguments.toStringTag.js: failed
kangax-es5/misc.Function.apply.array-likes.js: OK
kangax-es5/misc.Function.prototype.non-enumerable.js: failed
kangax-es5/misc.enumerable-shadow.js: misc.enumerable-shadow.js: JSIError { error_type: SyntaxError, message: "Unexpected token In", line: 0, column: 0, value: None }
kangax-es5/misc.parseInt.ignores-leading-zeros.js: failed
kangax-es5/misc.thrown-functions-this.js: [object Error]
kangax-es5/misc.unreserved-words.js: OK
kangax-es5/misc.zero-width-identifiers.js: misc.zero-width-identifiers.js: JSIError { error_type: SyntaxError, message: "Unexpected token ILLEGAL", line: 0, column: 0, value: None }
kangax-es5/strict.arguments-callee-error.js: failed
kangax-es5/strict.arguments-caller-error.js: failed
kangax-es5/strict.arguments-unmapped.js: OK
kangax-es5/strict.assignment-eval-arguments-error.js: failed
kangax-es5/strict.assignment-non-writable-error.js: strict.assignment-non-writable-error.js: JSIError { error_type: SyntaxError, message: "Unexpected token LeftParenthesis", line: 0, column: 0, value: None }
kangax-es5/strict.assignment-unresolvable-error.js: failed
kangax-es5/strict.delete-bindings-error.js: failed
kangax-es5/strict.delete-non-configurable-error.js: failed
kangax-es5/strict.eval-arguments-bindings-error.js: failed
kangax-es5/strict.eval-no-bindings.js: failed
kangax-es5/strict.function-caller-arguments-error.js: failed
kangax-es5/strict.function-expr-matching-name-arg.js: OK
kangax-es5/strict.legacy-octal-error.js: failed
kangax-es5/strict.repeated-params-error.js: failed
kangax-es5/strict.reserved-words.js: [object Error]
kangax-es5/strict.this-not-coerced-accessors.js: [object Error]
kangax-es5/strict.this-not-coerced-methods.js: strict.this-not-coerced-methods.js: JSIError { error_type: SyntaxError, message: "Unexpected token RightBrace", line: 0, column: 0, value: None }
kangax-es5/strict.this-undefined.js: failed
kangax-es5/strict.with-error.js: failed
kangax-es6/Array.Symbol.species.js: failed
kangax-es6/Array.from.array-like.js: [object Error]
kangax-es6/Array.from.generator.js: Array.from.generator.js: JSIError { error_type: SyntaxError, message: "Unexpected token Multiply", line: 0, column: 0, value: None }
kangax-es6/Array.from.iterable-instance.js: Array.from.iterable-instance.js: JSIError { error_type: ReferenceError, message: "global is not defined", line: 0, column: 0, value: None }
kangax-es6/Array.from.iterable.js: Array.from.iterable.js: JSIError { error_type: ReferenceError, message: "global is not defined", line: 0, column: 0, value: None }
kangax-es6/Array.from.iterator-closing.js: Array.from.iterator-closing.js: JSIError { error_type: ReferenceError, message: "global is not defined", line: 0, column: 0, value: None }
kangax-es6/Array.from.map.array-like.js: [object Error]
kangax-es6/Array.from.map.generator.js: Array.from.map.generator.js: JSIError { error_type: SyntaxError, message: "Unexpected token Multiply", line: 0, column: 0, value: None }
kangax-es6/Array.from.map.iterable-instance.js: Array.from.map.iterable-instance.js: JSIError { error_type: ReferenceError, message: "global is not defined", line: 0, column: 0, value: None }
kangax-es6/Array.from.map.iterable.js: Array.from.map.iterable.js: JSIError { error_type: ReferenceError, message: "global is not defined", line: 0, column: 0, value: None }
kangax-es6/Array.iterator-prototype-chain.js: failed
kangax-es6/Array.of.js: failed
kangax-es6/Array.prototype.Symbol.iterator.js: failed
kangax-es6/Array.prototype.Symbol.unscopables.js: failed
kangax-es6/Array.prototype.copyWithin.js: failed
kangax-es6/Array.prototype.entries.js: failed
kangax-es6/Array.prototype.fill.js: failed
kangax-es6/Array.prototype.findIndex.js: failed
kangax-es6/Array.prototype.find.js: failed
kangax-es6/Array.prototype.keys.js: failed
kangax-es6/Array.prototype.splice.js: Array.prototype.splice.js: JSIError { error_type: SyntaxError, message: "Unexpected identifier 'e5'", line: 0, column: 0, value: None }
kangax-es6/Array.prototype.values.js: failed
kangax-es6/Date.prototype.Symbol.toPrimitive.js: failed
kangax-es6/Function.name.accessor.js: Function.name.accessor.js: JSIError { error_type: SyntaxError, message: "Unexpected token LeftParenthesis", line: 0, column: 0, value: None }
kangax-es6/Function.name.bound.js: failed
kangax-es6/Function.name.class-expression.js: Function.name.class-expression.js: JSIError { error_type: SyntaxError, message: "Unexpected token Class", line: 0, column: 0, value: None }
kangax-es6/Function.name.class-object-method.js: Function.name.class-object-method.js: JSIError { error_type: SyntaxError, message: "Unexpected token Class", line: 0, column: 0, value: None }
kangax-es6/Function.name.class-prototype.js: failed
kangax-es6/Function.name.class-statement.js: Function.name.class-statement.js: JSIError { error_type: Unknown, message: "unknown statement: class", line: 0, column: 0, value: None }
kangax-es6/Function.name.class-static.js: failed
kangax-es6/Function.name.class-variable.js: Function.name.class-variable.js: JSIError { error_type: SyntaxError, message: "Unexpected token Class", line: 0, column: 0, value: None }
kangax-es6/Function.name.configurable.js: [object Error]
kangax-es6/Function.name.expression.js: OK
kangax-es6/Function.name.new-Function.js: [object Error]
kangax-es6/Function.name.object-method.js: OK
kangax-es6/Function.name.shorthand.js: Function.name.shorthand.js: JSIError { error_type: SyntaxError, message: "Unexpected token LeftParenthesis", line: 0, column: 0, value: None }
kangax-es6/Function.name.shorthand.no-lexical.js: Function.name.shorthand.no-lexical.js: JSIError { error_type: SyntaxError, message: "Unexpected token LeftParenthesis", line: 0, column: 0, value: None }
kangax-es6/Function.name.statement.js: OK
kangax-es6/Function.name.symbol-keyed.js: failed
kangax-es6/Function.name.variable.js: OK
kangax-es6/Map.Symbol.species.js: failed
kangax-es6/Map.constructor-accepts-null.js: failed
kangax-es6/Map.constructor-arguments.js: failed
kangax-es6/Map.constructor-invokes-set.js: failed
kangax-es6/Map.constructor-requires-new.js: failed
kangax-es6/Map.iterator-closing.js: Map.iterator-closing.js: JSIError { error_type: ReferenceError, message: "global is not defined", line: 0, column: 0, value: None }
kangax-es6/Map.iterator-prototype-chain.js: failed
kangax-es6/Map.js: failed
kangax-es6/Map.prototype-not-instance.js: failed
kangax-es6/Map.prototype.Symbol.iterator.js: failed
kangax-es6/Map.prototype.clear.js: failed
kangax-es6/Map.prototype.delete.js: failed
kangax-es6/Map.prototype.entries.js: failed
kangax-es6/Map.prototype.forEach.js: failed
kangax-es6/Map.prototype.keys.js: failed
kangax-es6/Map.prototype.set-returns-this.js: failed
kangax-es6/Map.prototype.size.js: failed
kangax-es6/Map.prototype.values.js: failed
kangax-es6/Map.zero-key.js: failed
kangax-es6/Math.acosh.js: failed
kangax-es6/Math.asinh.js: failed
kangax-es6/Math.atanh.js: failed
kangax-es6/Math.cbrt.js: failed
kangax-es6/Math.clz32.js: failed
kangax-es6/Math.cosh.js: failed
kangax-es6/Math.expm1.js: failed
kangax-es6/Math.fround.js: failed
kangax-es6/Math.hypot.js: failed
kangax-es6/Math.imul.js: failed
kangax-es6/Math.log1p.js: failed
kangax-es6/Math.log2.js: failed
kangax-es6/Math.log10.js: failed
kangax-es6/Math.sign.js: failed
kangax-es6/Math.sinh.js: failed
kangax-es6/Math.tanh.js: failed
kangax-es6/Math.trunc.js: failed
kangax-es6/Number.EPSILON.js: failed
kangax-es6/Number.MAX_SAFE_INTEGER.js: failed
kangax-es6/Number.MIN_SAFE_INTEGER.js: failed
kangax-es6/Number.isFinite.js: failed
kangax-es6/Number.isInteger.js: failed
kangax-es6/Number.isNaN.js: failed
kangax-es6/Number.isSafeInteger.js: failed
kangax-es6/Number.parseFloat.js: failed
kangax-es6/Number.parseInt.js: failed
kangax-es6/Object.assign.js: [object Error]
kangax-es6/Object.getOwnPropertySymbols.js: failed
kangax-es6/Object.is.js: failed
kangax-es6/Object.setPrototypeOf.js: [object Error]
kangax-es6/Promise.Symbol.species.js: failed
kangax-es6/Promise.all.iterable.js: Promise.all.iterable.js: JSIError { error_type: SyntaxError, message: "Unexpected token In", line: 0, column: 0, value: None }
kangax-es6/Promise.all.js: Promise.all.js: JSIError { error_type: SyntaxError, message: "Unexpected token In", line: 0, column: 0, value: None }
kangax-es6/Promise.constructor-requires-new.js: failed
kangax-es6/Promise.js: Promise.js: JSIError { error_type: SyntaxError, message: "Unexpected token In", line: 0, column: 0, value: None }
kangax-es6/Promise.prototype-not-instance.js: thread 'main' (19217) panicked at src/builtins/promise.rs:181:73:
kangax-es6/Promise.race.iterable.js: Promise.race.iterable.js: JSIError { error_type: SyntaxError, message: "Unexpected token In", line: 0, column: 0, value: None }
kangax-es6/Promise.race.js: Promise.race.js: JSIError { error_type: SyntaxError, message: "Unexpected token In", line: 0, column: 0, value: None }
kangax-es6/Proxy.Array.isArray.js: failed
kangax-es6/Proxy.JSON.stringify.js: failed
kangax-es6/Proxy.constructor-requires-new.js: failed
kangax-es6/Proxy.handler.apply.invariants.js: failed
kangax-es6/Proxy.handler.apply.js: failed
kangax-es6/Proxy.handler.construct.invariants.js: failed
kangax-es6/Proxy.handler.construct.js: failed
kangax-es6/Proxy.handler.defineProperty.invariants.js: failed
kangax-es6/Proxy.handler.defineProperty.js: failed
kangax-es6/Proxy.handler.deleteProperty.invariants.js: failed
kangax-es6/Proxy.handler.deleteProperty.js: failed
kangax-es6/Proxy.handler.getOwnPropertyDescriptor.invariants.js: failed
kangax-es6/Proxy.handler.getOwnPropertyDescriptor.js: failed
kangax-es6/Proxy.handler.getPrototypeOf.invariants.js: failed
kangax-es6/Proxy.handler.getPrototypeOf.js: failed
kangax-es6/Proxy.handler.get.instances.js: failed
kangax-es6/Proxy.handler.get.invariants.js: failed
kangax-es6/Proxy.handler.get.js: failed
kangax-es6/Proxy.handler.has.instances.js: failed
kangax-es6/Proxy.handler.has.invariants.js: failed
kangax-es6/Proxy.handler.has.js: failed
kangax-es6/Proxy.handler.isExtensible.invariants.js: failed
kangax-es6/Proxy.handler.isExtensible.js: failed
kangax-es6/Proxy.handler.ownKeys.invariants.js: failed
kangax-es6/Proxy.handler.ownKeys.js: failed
kangax-es6/Proxy.handler.preventExtensions.invariants.js: failed
kangax-es6/Proxy.handler.preventExtensions.js: failed
kangax-es6/Proxy.handler.setPrototypeOf.invariants.js: failed
kangax-es6/Proxy.handler.setPrototypeOf.js: failed
kangax-es6/Proxy.handler.set.instances.js: failed
kangax-es6/Proxy.handler.set.invariants.js: failed
kangax-es6/Proxy.handler.set.js: failed
kangax-es6/Proxy.no-prototype.js: failed
kangax-es6/Proxy.revocable.js: failed
kangax-es6/Reflect.apply.js: failed
kangax-es6/Reflect.construct.Array-subclassing.js: failed
kangax-es6/Reflect.construct.Function-subclassing.js: failed
kangax-es6/Reflect.construct.Promise-subclassing.js: Reflect.construct.Promise-subclassing.js: JSIError { error_type: SyntaxError, message: "Unexpected token In", line: 0, column: 0, value: None }
kangax-es6/Reflect.construct.RegExp-subclassing.js: failed
kangax-es6/Reflect.construct.js: failed
kangax-es6/Reflect.construct.new-target.js: failed
kangax-es6/Reflect.construct.third-argument.js: failed
kangax-es6/Reflect.defineProperty.js: failed
kangax-es6/Reflect.deleteProperty.js: failed
kangax-es6/Reflect.getOwnPropertyDescriptor.js: failed
kangax-es6/Reflect.getPrototypeOf.js: failed
kangax-es6/Reflect.get.js: failed
kangax-es6/Reflect.has.js: failed
kangax-es6/Reflect.isExtensible.js: failed
kangax-es6/Reflect.ownKeys.string.js: [object Error]
kangax-es6/Reflect.ownKeys.symbol.js: failed
kangax-es6/Reflect.preventExtensions.js: failed
kangax-es6/Reflect.setPrototypeOf.js: failed
kangax-es6/Reflect.set.js: failed
kangax-es6/RegExp.Symbol.species.js: failed
kangax-es6/RegExp.prototype.Symbol.match.js: failed
kangax-es6/RegExp.prototype.Symbol.replace.js: failed
kangax-es6/RegExp.prototype.Symbol.search.js: failed
kangax-es6/RegExp.prototype.Symbol.split.js: failed
kangax-es6/RegExp.prototype.flags.js: RegExp.prototype.flags.js: JSIError { error_type: SyntaxError, message: "Unexpected token Slash", line: 0, column: 0, value: None }
kangax-es6/Set.Symbol.species.js: failed
kangax-es6/Set.constructor-accepts-null.js: failed
kangax-es6/Set.constructor-arguments.js: failed
kangax-es6/Set.constructor-invokes-add.js: failed
kangax-es6/Set.constructor-requires-new.js: failed
kangax-es6/Set.iterator-closing.js: Set.iterator-closing.js: JSIError { error_type: ReferenceError, message: "global is not defined", line: 0, column: 0, value: None }
kangax-es6/Set.iterator-prototype-chain.js: failed
kangax-es6/Set.js: failed
kangax-es6/Set.prototype-not-instance.js: failed
kangax-es6/Set.prototype.Symbol.iterator.js: failed
kangax-es6/Set.prototype.add-returns-this.js: failed
kangax-es6/Set.prototype.clear.js: failed
kangax-es6/Set.prototype.delete.js: failed
kangax-es6/Set.prototype.entries.js: failed
kangax-es6/Set.prototype.forEach.js: failed
kangax-es6/Set.prototype.keys.js: failed
kangax-es6/Set.prototype.size.js: failed
kangax-es6/Set.prototype.values.js: failed
kangax-es6/Set.zero-key.js: failed
kangax-es6/String.fromCodePoint.js: failed
kangax-es6/String.iterator-prototype-chain.js: failed
kangax-es6/String.prototype.Symbol.iterator.js: failed
kangax-es6/String.prototype.codePointAt.js: failed
kangax-es6/String.prototype.endsWith.js: failed
kangax-es6/String.prototype.endsWith.throws-regex.js: String.prototype.endsWith.throws-regex.js: JSIError { error_type: SyntaxError, message: "Unexpected token Slash", line: 0, column: 0, value: None }
kangax-es6/String.prototype.includes.js: failed
kangax-es6/String.prototype.normalize.js: failed
kangax-es6/String.prototype.repeat.js: failed
kangax-es6/String.prototype.startsWith.js: failed
kangax-es6/String.prototype.startsWith.throws-regex.js: String.prototype.startsWith.throws-regex.js: JSIError { error_type: SyntaxError, message: "Unexpected token Slash", line: 0, column: 0, value: None }
kangax-es6/String.raw.js: failed
kangax-es6/Symbol.JSON.stringify.object.js: failed
kangax-es6/Symbol.JSON.stringify.primitive.js: failed
kangax-es6/Symbol.Object.js: failed
kangax-es6/Symbol.String.js: failed
kangax-es6/Symbol.defineProperty.js: failed
kangax-es6/Symbol.global-registry.js: failed
kangax-es6/Symbol.hidden-keys.js: Symbol.hidden-keys.js: JSIError { error_type: SyntaxError, message: "Unexpected token In", line: 0, column: 0, value: None }
kangax-es6/Symbol.js: failed
kangax-es6/Symbol.no-coerce.js: failed
kangax-es6/Symbol.no-new.js: failed
kangax-es6/Symbol.prototype.js: failed
kangax-es6/Symbol.typeof.js: failed
kangax-es6/WeakMap.accept-primitives.js: failed
kangax-es6/WeakMap.constructor-accepts-null.js: failed
kangax-es6/WeakMap.constructor-arguments.js: failed
kangax-es6/WeakMap.constructor-invokes-set.js: failed
kangax-es6/WeakMap.constructor-requires-new.js: failed
kangax-es6/WeakMap.frozen-keys.js: [object Error]
kangax-es6/WeakMap.iterator-closing.js: WeakMap.iterator-closing.js: JSIError { error_type: ReferenceError, message: "global is not defined", line: 0, column: 0, value: None }
kangax-es6/WeakMap.js: failed
kangax-es6/WeakMap.no-clear.js: failed
kangax-es6/WeakMap.prototype-not-instance.js: failed
kangax-es6/WeakMap.prototype.delete.js: failed
kangax-es6/WeakMap.prototype.set-returns-this.js: failed
kangax-es6/WeakSet.accept-primitives.js: failed
kangax-es6/WeakSet.constructor-accepts-null.js: failed
kangax-es6/WeakSet.constructor-arguments.js: failed
kangax-es6/WeakSet.constructor-invokes-add.js: failed
kangax-es6/WeakSet.constructor-requires-new.js: failed
kangax-es6/WeakSet.iterator-closing.js: WeakSet.iterator-closing.js: JSIError { error_type: ReferenceError, message: "global is not defined", line: 0, column: 0, value: None }
kangax-es6/WeakSet.js: failed
kangax-es6/WeakSet.no-clear.js: failed
kangax-es6/WeakSet.prototype-not-instance.js: failed
kangax-es6/WeakSet.prototype.add-returns-this.js: failed
kangax-es6/WeakSet.prototype.delete.js: failed
kangax-es6/annex-b.RegExp.prototype.compile.js: annex-b.RegExp.prototype.compile.js: JSIError { error_type: SyntaxError, message: "Unexpected token Slash", line: 0, column: 0, value: None }
kangax-es6/annex-b.RegExp.prototype.compile.returns-this.js: annex-b.RegExp.prototype.compile.returns-this.js: JSIError { error_type: SyntaxError, message: "Unexpected token Slash", line: 0, column: 0, value: None }
kangax-es6/annex-b.String.prototype.html.existence.js: OK
kangax-es6/annex-b.String.prototype.html.lowercase.js: [object Error]
kangax-es6/annex-b.String.prototype.html.quotes-escaped.js: [object Error]
kangax-es6/annex-b.function.hoisted-block-level.js: failed
kangax-es6/annex-b.function.if-statement.js: OK
kangax-es6/annex-b.function.labeled.js: OK
kangax-es6/annex-b.html-comments.js: annex-b.html-comments.js: JSIError { error_type: SyntaxError, message: "Unexpected token Greater", line: 0, column: 0, value: None }
kangax-es6/annex-b.regex.backreferences-octal.js: annex-b.regex.backreferences-octal.js: JSIError { error_type: SyntaxError, message: "Unexpected token Slash", line: 0, column: 0, value: None }
kangax-es6/annex-b.regex.hyphens.js: annex-b.regex.hyphens.js: JSIError { error_type: SyntaxError, message: "Unexpected token Slash", line: 0, column: 0, value: None }
kangax-es6/annex-b.regex.incomplete-patterns.js: annex-b.regex.incomplete-patterns.js: JSIError { error_type: SyntaxError, message: "Unexpected token Slash", line: 0, column: 0, value: None }
kangax-es6/annex-b.regex.invalid-char-escapes.js: annex-b.regex.invalid-char-escapes.js: JSIError { error_type: SyntaxError, message: "Unexpected token Slash", line: 0, column: 0, value: None }
kangax-es6/annex-b.regex.invalid-control-escapes.js: annex-b.regex.invalid-control-escapes.js: JSIError { error_type: SyntaxError, message: "Unexpected token Slash", line: 0, column: 0, value: None }
kangax-es6/annex-b.regex.invalid-hex-escapes.js: annex-b.regex.invalid-hex-escapes.js: JSIError { error_type: SyntaxError, message: "Unexpected token Slash", line: 0, column: 0, value: None }
kangax-es6/annex-b.regex.invalid-unicode-escapes.js: annex-b.regex.invalid-unicode-escapes.js: JSIError { error_type: SyntaxError, message: "Unexpected token Slash", line: 0, column: 0, value: None }
kangax-es6/annex-b.regex.octal-escapes.js: annex-b.regex.octal-escapes.js: JSIError { error_type: SyntaxError, message: "Unexpected token Slash", line: 0, column: 0, value: None }
kangax-es6/annex-b.__proto__.Object.prototype.absent-from-null.js: OK
kangax-es6/annex-b.__proto__.Object.prototype.descriptor.js: [object Error]
kangax-es6/annex-b.__proto__.Object.prototype.getOwnPropertyNames.js: [object Error]
kangax-es6/annex-b.__proto__.Object.prototype.get.js: failed
kangax-es6/annex-b.__proto__.Object.prototype.hasOwnProperty.js: failed
kangax-es6/annex-b.__proto__.Object.prototype.set.js: failed
kangax-es6/annex-b.__proto__.literals.js: failed
kangax-es6/annex-b.__proto__.literals.multiple-error.js: OK
kangax-es6/annex-b.__proto__.literals.not-computed.js: failed
kangax-es6/annex-b.__proto__.literals.not-shorthand-method.js: annex-b.__proto__.literals.not-shorthand-method.js: JSIError { error_type: SyntaxError, message: "Unexpected token LeftParenthesis", line: 0, column: 0, value: None }
kangax-es6/annex-b.__proto__.literals.not-shorthand-property.js: failed
kangax-es6/arrow.0-params.js: arrow.0-params.js: JSIError { error_type: SyntaxError, message: "Unexpected token RightParenthesis", line: 0, column: 0, value: None }
kangax-es6/arrow.1-param.js: OK
kangax-es6/arrow.5-param.js: OK
kangax-es6/arrow.bind.js: failed
kangax-es6/arrow.lexical-arguments.js: failed
kangax-es6/arrow.lexical-super.constructor.js: arrow.lexical-super.constructor.js: JSIError { error_type: SyntaxError, message: "Unexpected token Extends", line: 0, column: 0, value: None }
kangax-es6/arrow.lexical-super.methods.js: failed
kangax-es6/arrow.lexical-this.js: failed
kangax-es6/arrow.new-target.js: [object Error]
kangax-es6/arrow.no-line-break.js: arrow.no-line-break.js: JSIError { error_type: SyntaxError, message: "Unexpected token RightParenthesis", line: 0, column: 0, value: None }
kangax-es6/arrow.no-prototype.js: arrow.no-prototype.js: JSIError { error_type: SyntaxError, message: "Unexpected token RightParenthesis", line: 0, column: 0, value: None }
kangax-es6/arrow.precedence.js: arrow.precedence.js: JSIError { error_type: SyntaxError, message: "Unexpected token RightParenthesis", line: 0, column: 0, value: None }
kangax-es6/arrow.this-call-apply.js: arrow.this-call-apply.js: JSIError { error_type: SyntaxError, message: "Unexpected token RightParenthesis", line: 0, column: 0, value: None }
kangax-es6/class.accessor-properties.js: class.accessor-properties.js: JSIError { error_type: ReferenceError, message: "set is not defined", line: 0, column: 0, value: None }
kangax-es6/class.anonymous.js: class.anonymous.js: JSIError { error_type: SyntaxError, message: "Unexpected token Class", line: 0, column: 0, value: None }
kangax-es6/class.block-scoped.js: class.block-scoped.js: JSIError { error_type: ReferenceError, message: "C is not defined", line: 0, column: 0, value: None }
kangax-es6/class.computed-accessor-properties.js: class.computed-accessor-properties.js: JSIError { error_type: SyntaxError, message: "Unexpected token RightBracket", line: 0, column: 0, value: None }
kangax-es6/class.computed-names-tdz.js: class.computed-names-tdz.js: JSIError { error_type: SyntaxError, message: "Unexpected token Class", line: 0, column: 0, value: None }
kangax-es6/class.computed-prototype-methods.js: class.computed-prototype-methods.js: JSIError { error_type: SyntaxError, message: "Unexpected token RightBracket", line: 0, column: 0, value: None }
kangax-es6/class.computed-static-accessor-properties.js: class.computed-static-accessor-properties.js: JSIError { error_type: SyntaxError, message: "Unexpected token RightBracket", line: 0, column: 0, value: None }
kangax-es6/class.computed-static-methods.js: class.computed-static-methods.js: JSIError { error_type: SyntaxError, message: "Unexpected token RightBracket", line: 0, column: 0, value: None }
kangax-es6/class.constructor-requires-new.js: failed
kangax-es6/class.constructor.js: class.constructor.js: JSIError { error_type: ReferenceError, message: "C is not defined", line: 0, column: 0, value: None }
kangax-es6/class.expression.js: class.expression.js: JSIError { error_type: SyntaxError, message: "Unexpected token Class", line: 0, column: 0, value: None }
kangax-es6/class.extends-expressions.js: class.extends-expressions.js: JSIError { error_type: SyntaxError, message: "Unexpected token Extends", line: 0, column: 0, value: None }
kangax-es6/class.extends-null.js: class.extends-null.js: JSIError { error_type: SyntaxError, message: "Unexpected token Extends", line: 0, column: 0, value: None }
kangax-es6/class.extends.js: class.extends.js: JSIError { error_type: SyntaxError, message: "Unexpected token Extends", line: 0, column: 0, value: None }
kangax-es6/class.implicit-strict.js: failed
kangax-es6/class.lexical-name.js: failed
kangax-es6/class.methods-not-enumerable.js: class.methods-not-enumerable.js: JSIError { error_type: SyntaxError, message: "Unexpected token Static", line: 0, column: 0, value: None }
kangax-es6/class.new-target.js: class.new-target.js: JSIError { error_type: SyntaxError, message: "Unexpected token Extends", line: 0, column: 0, value: None }
kangax-es6/class.optional-semicolons.js: class.optional-semicolons.js: JSIError { error_type: ReferenceError, message: "method2 is not defined", line: 0, column: 0, value: None }
kangax-es6/class.prototype-methods.js: failed
kangax-es6/class.statement.js: failed
kangax-es6/class.static-accessor-properties.js: class.static-accessor-properties.js: JSIError { error_type: SyntaxError, message: "Unexpected token Static", line: 0, column: 0, value: None }
kangax-es6/class.static-methods.js: failed
kangax-es6/class.string-keyed-methods.js: failed
kangax-es6/const.basic.js: OK
kangax-es6/const.block-scoped.js: OK
kangax-es6/const.for-in.js: const.for-in.js: JSIError { error_type: SyntaxError, message: "Unexpected token In", line: 0, column: 0, value: None }
kangax-es6/const.for-loop.js: const.for-loop.js: JSIError { error_type: SyntaxError, message: "Unexpected token RightParenthesis", line: 0, column: 0, value: None }
kangax-es6/const.for-of.js: const.for-of.js: JSIError { error_type: SyntaxError, message: "Unexpected identifier 'of'", line: 0, column: 0, value: None }
kangax-es6/const.no-redefine.js: OK
kangax-es6/const.no-statement.js: OK
kangax-es6/const.shadow.js: OK
kangax-es6/const.strict.basic.js: OK
kangax-es6/const.strict.block-scoped.js: OK
kangax-es6/const.strict.for-in.js: const.strict.for-in.js: JSIError { error_type: SyntaxError, message: "Unexpected token In", line: 0, column: 0, value: None }
kangax-es6/const.strict.for-loop.js: const.strict.for-loop.js: JSIError { error_type: SyntaxError, message: "Unexpected token RightParenthesis", line: 0, column: 0, value: None }
kangax-es6/const.strict.for-of.js: const.strict.for-of.js: JSIError { error_type: SyntaxError, message: "Unexpected identifier 'of'", line: 0, column: 0, value: None }
kangax-es6/const.strict.no-redefine.js: OK
kangax-es6/const.strict.no-statement.js: OK
kangax-es6/const.strict.shadow.js: OK
kangax-es6/const.strict.tdz.js: failed
kangax-es6/const.tdz.js: failed
kangax-es6/default-params.arguments.js: default-params.arguments.js: JSIError { error_type: SyntaxError, message: "Unexpected token Assign", line: 0, column: 0, value: None }
kangax-es6/default-params.basic.js: default-params.basic.js: JSIError { error_type: SyntaxError, message: "Unexpected token Assign", line: 0, column: 0, value: None }
kangax-es6/default-params.explicit-undefined.js: default-params.explicit-undefined.js: JSIError { error_type: SyntaxError, message: "Unexpected token Assign", line: 0, column: 0, value: None }
kangax-es6/default-params.new-function.js: [object Error]
kangax-es6/default-params.refer-previous.js: default-params.refer-previous.js: JSIError { error_type: SyntaxError, message: "Unexpected token Assign", line: 0, column: 0, value: None }
kangax-es6/default-params.separate-scope.js: default-params.separate-scope.js: JSIError { error_type: SyntaxError, message: "Unexpected token Assign", line: 0, column: 0, value: None }
kangax-es6/default-params.tdz.js: default-params.tdz.js: JSIError { error_type: SyntaxError, message: "Unexpected token Assign", line: 0, column: 0, value: None }
kangax-es6/destructuring-assign.array.js: destructuring-assign.array.js: JSIError { error_type: SyntaxError, message: "Invalid left-hand side in assignment", line: 0, column: 0, value: None }
kangax-es6/destructuring-assign.astral-string.js: destructuring-assign.astral-string.js: JSIError { error_type: SyntaxError, message: "Invalid left-hand side in assignment", line: 0, column: 0, value: None }
kangax-es6/destructuring-assign.chained-iterable.js: destructuring-assign.chained-iterable.js: JSIError { error_type: SyntaxError, message: "Invalid left-hand side in assignment", line: 0, column: 0, value: None }
kangax-es6/destructuring-assign.chained-object.js: destructuring-assign.chained-object.js: JSIError { error_type: SyntaxError, message: "Invalid left-hand side in assignment", line: 0, column: 0, value: None }
kangax-es6/destructuring-assign.computed-properties.js: destructuring-assign.computed-properties.js: JSIError { error_type: SyntaxError, message: "Invalid left-hand side in assignment", line: 0, column: 0, value: None }
kangax-es6/destructuring-assign.defaults.js: destructuring-assign.defaults.js: JSIError { error_type: SyntaxError, message: "Unexpected token Assign", line: 0, column: 0, value: None }
kangax-es6/destructuring-assign.empty-patterns.js: destructuring-assign.empty-patterns.js: JSIError { error_type: SyntaxError, message: "Invalid left-hand side in assignment", line: 0, column: 0, value: None }
kangax-es6/destructuring-assign.generator.js: destructuring-assign.generator.js: JSIError { error_type: SyntaxError, message: "Invalid left-hand side in assignment", line: 0, column: 0, value: None }
kangax-es6/destructuring-assign.iterable-expression.js: destructuring-assign.iterable-expression.js: JSIError { error_type: SyntaxError, message: "Invalid left-hand side in assignment", line: 0, column: 0, value: None }
kangax-es6/destructuring-assign.iterable-instance.js: destructuring-assign.iterable-instance.js: JSIError { error_type: SyntaxError, message: "Invalid left-hand side in assignment", line: 0, column: 0, value: None }
kangax-es6/destructuring-assign.iterable.js: destructuring-assign.iterable.js: JSIError { error_type: SyntaxError, message: "Invalid left-hand side in assignment", line: 0, column: 0, value: None }
kangax-es6/destructuring-assign.iterator-closing.js: destructuring-assign.iterator-closing.js: JSIError { error_type: SyntaxError, message: "Invalid left-hand side in assignment", line: 0, column: 0, value: None }
kangax-es6/destructuring-assign.nested-rest.js: destructuring-assign.nested-rest.js: JSIError { error_type: SyntaxError, message: "Unexpected identifier 'a'", line: 0, column: 0, value: None }
kangax-es6/destructuring-assign.nested.js: destructuring-assign.nested.js: JSIError { error_type: SyntaxError, message: "Invalid left-hand side in assignment", line: 0, column: 0, value: None }
kangax-es6/destructuring-assign.object-expression.js: destructuring-assign.object-expression.js: JSIError { error_type: SyntaxError, message: "Invalid left-hand side in assignment", line: 0, column: 0, value: None }
kangax-es6/destructuring-assign.object-primitives.js: destructuring-assign.object-primitives.js: JSIError { error_type: SyntaxError, message: "Invalid left-hand side in assignment", line: 0, column: 0, value: None }
kangax-es6/destructuring-assign.object.js: destructuring-assign.object.js: JSIError { error_type: SyntaxError, message: "Invalid left-hand side in assignment", line: 0, column: 0, value: None }
kangax-es6/destructuring-assign.parenthesised-error.js: destructuring-assign.parenthesised-error.js: JSIError { error_type: SyntaxError, message: "Invalid left-hand side in assignment", line: 0, column: 0, value: None }
kangax-es6/destructuring-assign.rest.js: destructuring-assign.rest.js: JSIError { error_type: SyntaxError, message: "Invalid left-hand side in assignment", line: 0, column: 0, value: None }
kangax-es6/destructuring-assign.sparse-array.js: destructuring-assign.sparse-array.js: JSIError { error_type: SyntaxError, message: "Invalid left-hand side in assignment", line: 0, column: 0, value: None }
kangax-es6/destructuring-assign.string.js: destructuring-assign.string.js: JSIError { error_type: SyntaxError, message: "Invalid left-hand side in assignment", line: 0, column: 0, value: None }
kangax-es6/destructuring-assign.throws-null-undefined.js: destructuring-assign.throws-null-undefined.js: JSIError { error_type: SyntaxError, message: "Invalid left-hand side in assignment", line: 0, column: 0, value: None }
kangax-es6/destructuring-assign.trailing-comma-iterable.js: destructuring-assign.trailing-comma-iterable.js: JSIError { error_type: SyntaxError, message: "Invalid left-hand side in assignment", line: 0, column: 0, value: None }
kangax-es6/destructuring-assign.trailing-comma-object.js: destructuring-assign.trailing-comma-object.js: JSIError { error_type: SyntaxError, message: "Invalid left-hand side in assignment", line: 0, column: 0, value: None }
kangax-es6/destructuring-decl.array.js: destructuring-decl.array.js: JSIError { error_type: SyntaxError, message: "Unexpected token LeftBracket", line: 0, column: 0, value: None }
kangax-es6/destructuring-decl.astral-string.js: destructuring-decl.astral-string.js: JSIError { error_type: SyntaxError, message: "Unexpected token LeftBracket", line: 0, column: 0, value: None }
kangax-es6/destructuring-decl.catch.js: failed
kangax-es6/destructuring-decl.computed-properties.js: destructuring-decl.computed-properties.js: JSIError { error_type: SyntaxError, message: "Unexpected token LeftBrace", line: 0, column: 0, value: None }
kangax-es6/destructuring-decl.defaults-tdz.js: destructuring-decl.defaults-tdz.js: JSIError { error_type: SyntaxError, message: "Unexpected token LeftBrace", line: 0, column: 0, value: None }
kangax-es6/destructuring-decl.defaults.js: destructuring-decl.defaults.js: JSIError { error_type: SyntaxError, message: "Unexpected token LeftBrace", line: 0, column: 0, value: None }
kangax-es6/destructuring-decl.for-in.js: destructuring-decl.for-in.js: JSIError { error_type: SyntaxError, message: "Unexpected token LeftBracket", line: 0, column: 0, value: None }
kangax-es6/destructuring-decl.for-of.js: destructuring-decl.for-of.js: JSIError { error_type: SyntaxError, message: "Unexpected token LeftBracket", line: 0, column: 0, value: None }
kangax-es6/destructuring-decl.generator.js: destructuring-decl.generator.js: JSIError { error_type: SyntaxError, message: "Unexpected token LeftBracket", line: 0, column: 0, value: None }
kangax-es6/destructuring-decl.iterable-instance.js: destructuring-decl.iterable-instance.js: JSIError { error_type: SyntaxError, message: "Unexpected token LeftBracket", line: 0, column: 0, value: None }
kangax-es6/destructuring-decl.iterable.js: destructuring-decl.iterable.js: JSIError { error_type: SyntaxError, message: "Unexpected token LeftBracket", line: 0, column: 0, value: None }
kangax-es6/destructuring-decl.iterator-closing.js: destructuring-decl.iterator-closing.js: JSIError { error_type: SyntaxError, message: "Unexpected token LeftBracket", line: 0, column: 0, value: None }
kangax-es6/destructuring-decl.multiple-var.js: destructuring-decl.multiple-var.js: JSIError { error_type: SyntaxError, message: "Unexpected token LeftBracket", line: 0, column: 0, value: None }
kangax-es6/destructuring-decl.nested.js: destructuring-decl.nested.js: JSIError { error_type: SyntaxError, message: "Unexpected token LeftBracket", line: 0, column: 0, value: None }
kangax-es6/destructuring-decl.object-primitives.js: destructuring-decl.object-primitives.js: JSIError { error_type: SyntaxError, message: "Unexpected token LeftBrace", line: 0, column: 0, value: None }
kangax-es6/destructuring-decl.object.js: destructuring-decl.object.js: JSIError { error_type: SyntaxError, message: "Unexpected token LeftBrace", line: 0, column: 0, value: None }
kangax-es6/destructuring-decl.rest.js: destructuring-decl.rest.js: JSIError { error_type: SyntaxError, message: "Unexpected token LeftBracket", line: 0, column: 0, value: None }
kangax-es6/destructuring-decl.sparse-array.js: destructuring-decl.sparse-array.js: JSIError { error_type: SyntaxError, message: "Unexpected token LeftBracket", line: 0, column: 0, value: None }
kangax-es6/destructuring-decl.string.js: destructuring-decl.string.js: JSIError { error_type: SyntaxError, message: "Unexpected token LeftBracket", line: 0, column: 0, value: None }
kangax-es6/destructuring-decl.throws-null-undefined.js: destructuring-decl.throws-null-undefined.js: JSIError { error_type: SyntaxError, message: "Unexpected token LeftBrace", line: 0, column: 0, value: None }
kangax-es6/destructuring-decl.trailing-comma-iterable.js: destructuring-decl.trailing-comma-iterable.js: JSIError { error_type: SyntaxError, message: "Unexpected token LeftBracket", line: 0, column: 0, value: None }
kangax-es6/destructuring-decl.trailing-comma-object.js: destructuring-decl.trailing-comma-object.js: JSIError { error_type: SyntaxError, message: "Unexpected token LeftBrace", line: 0, column: 0, value: None }
kangax-es6/destructuring-params.aliased-defaults-arrow.js: failed
kangax-es6/destructuring-params.arguments.js: destructuring-params.arguments.js: JSIError { error_type: SyntaxError, message: "Unexpected token LeftBrace", line: 0, column: 0, value: None }
kangax-es6/destructuring-params.array.js: destructuring-params.array.js: JSIError { error_type: SyntaxError, message: "Unexpected token LeftBracket", line: 0, column: 0, value: None }
kangax-es6/destructuring-params.astral-string.js: destructuring-params.astral-string.js: JSIError { error_type: SyntaxError, message: "Unexpected token LeftBracket", line: 0, column: 0, value: None }
kangax-es6/destructuring-params.computed-properties.js: destructuring-params.computed-properties.js: JSIError { error_type: SyntaxError, message: "Unexpected token LeftBrace", line: 0, column: 0, value: None }
kangax-es6/destructuring-params.defaults-new-function.js: [object Error]
kangax-es6/destructuring-params.defaults-separate-scope.js: destructuring-params.defaults-separate-scope.js: JSIError { error_type: SyntaxError, message: "Unexpected token LeftBrace", line: 0, column: 0, value: None }
kangax-es6/destructuring-params.defaults.js: destructuring-params.defaults.js: JSIError { error_type: SyntaxError, message: "Unexpected token LeftBrace", line: 0, column: 0, value: None }
kangax-es6/destructuring-params.duplicate-identifier.js: failed
kangax-es6/destructuring-params.empty-patterns.js: destructuring-params.empty-patterns.js: JSIError { error_type: SyntaxError, message: "Unexpected token LeftBracket", line: 0, column: 0, value: None }
kangax-es6/destructuring-params.generator.js: destructuring-params.generator.js: JSIError { error_type: SyntaxError, message: "Unexpected token LeftBracket", line: 0, column: 0, value: None }
kangax-es6/destructuring-params.iterable-instance.js: destructuring-params.iterable-instance.js: JSIError { error_type: SyntaxError, message: "Unexpected token LeftBracket", line: 0, column: 0, value: None }
kangax-es6/destructuring-params.iterable.js: destructuring-params.iterable.js: JSIError { error_type: SyntaxError, message: "Unexpected token LeftBracket", line: 0, column: 0, value: None }
kangax-es6/destructuring-params.iterator-closing.js: destructuring-params.iterator-closing.js: JSIError { error_type: SyntaxError, message: "Unexpected token LeftBracket", line: 0, column: 0, value: None }
kangax-es6/destructuring-params.length.js: destructuring-params.length.js: JSIError { error_type: SyntaxError, message: "Unexpected token LeftBrace", line: 0, column: 0, value: None }
kangax-es6/destructuring-params.nested.js: destructuring-params.nested.js: JSIError { error_type: SyntaxError, message: "Unexpected token LeftBracket", line: 0, column: 0, value: None }
kangax-es6/destructuring-params.new-function.js: [object Error]
kangax-es6/destructuring-params.object-primitives.js: destructuring-params.object-primitives.js: JSIError { error_type: SyntaxError, message: "Unexpected token LeftBrace", line: 0, column: 0, value: None }
kangax-es6/destructuring-params.object.js: destructuring-params.object.js: JSIError { error_type: SyntaxError, message: "Unexpected token LeftBrace", line: 0, column: 0, value: None }
kangax-es6/destructuring-params.rest.js: destructuring-params.rest.js: JSIError { error_type: SyntaxError, message: "Unexpected token LeftBracket", line: 0, column: 0, value: None }
kangax-es6/destructuring-params.shorthand-defaults-arrow.js: destructuring-params.shorthand-defaults-arrow.js: JSIError { error_type: SyntaxError, message: "Unexpected token Assign", line: 0, column: 0, value: None }
kangax-es6/destructuring-params.sparse-array.js: destructuring-params.sparse-array.js: JSIError { error_type: SyntaxError, message: "Unexpected token LeftBracket", line: 0, column: 0, value: None }
kangax-es6/destructuring-params.string.js: destructuring-params.string.js: JSIError { error_type: SyntaxError, message: "Unexpected token LeftBracket", line: 0, column: 0, value: None }
kangax-es6/destructuring-params.throws-null-undefined.js: destructuring-params.throws-null-undefined.js: JSIError { error_type: SyntaxError, message: "Unexpected token LeftBrace", line: 0, column: 0, value: None }
kangax-es6/destructuring-params.trailing-comma-iterable.js: destructuring-params.trailing-comma-iterable.js: JSIError { error_type: SyntaxError, message: "Unexpected token LeftBracket", line: 0, column: 0, value: None }
kangax-es6/destructuring-params.trailing-comma-object.js: destructuring-params.trailing-comma-object.js: JSIError { error_type: SyntaxError, message: "Unexpected token LeftBrace", line: 0, column: 0, value: None }
kangax-es6/for-of.array.js: for-of.array.js: JSIError { error_type: SyntaxError, message: "Unexpected identifier 'of'", line: 0, column: 0, value: None }
kangax-es6/for-of.astral-string.js: for-of.astral-string.js: JSIError { error_type: SyntaxError, message: "Unexpected identifier 'of'", line: 0, column: 0, value: None }
kangax-es6/for-of.generator.js: for-of.generator.js: JSIError { error_type: SyntaxError, message: "Unexpected token Multiply", line: 0, column: 0, value: None }
kangax-es6/for-of.iterable-instance.js: for-of.iterable-instance.js: JSIError { error_type: SyntaxError, message: "Unexpected identifier 'of'", line: 0, column: 0, value: None }
kangax-es6/for-of.iterable.js: for-of.iterable.js: JSIError { error_type: SyntaxError, message: "Unexpected identifier 'of'", line: 0, column: 0, value: None }
kangax-es6/for-of.iterator-closing-break.js: for-of.iterator-closing-break.js: JSIError { error_type: SyntaxError, message: "Unexpected identifier 'of'", line: 0, column: 0, value: None }
kangax-es6/for-of.iterator-closing-throw.js: for-of.iterator-closing-throw.js: JSIError { error_type: SyntaxError, message: "Unexpected identifier 'of'", line: 0, column: 0, value: None }
kangax-es6/for-of.sparse-array.js: for-of.sparse-array.js: JSIError { error_type: SyntaxError, message: "Unexpected identifier 'of'", line: 0, column: 0, value: None }
kangax-es6/for-of.string.js: for-of.string.js: JSIError { error_type: SyntaxError, message: "Unexpected identifier 'of'", line: 0, column: 0, value: None }
kangax-es6/function.block-level-decl.js: failed
kangax-es6/generators.basic.js: generators.basic.js: JSIError { error_type: SyntaxError, message: "Unexpected token Multiply", line: 0, column: 0, value: None }
kangax-es6/generators.constructor.js: generators.constructor.js: JSIError { error_type: SyntaxError, message: "Unexpected token Multiply", line: 0, column: 0, value: None }
kangax-es6/generators.expression.js: generators.expression.js: JSIError { error_type: SyntaxError, message: "Unexpected token Multiply", line: 0, column: 0, value: None }
kangax-es6/generators.no-new-this.js: generators.no-new-this.js: JSIError { error_type: SyntaxError, message: "Unexpected token Multiply", line: 0, column: 0, value: None }
kangax-es6/generators.prototype-chain.js: generators.prototype-chain.js: JSIError { error_type: SyntaxError, message: "Unexpected token Multiply", line: 0, column: 0, value: None }
kangax-es6/generators.prototype.js: generators.prototype.js: JSIError { error_type: SyntaxError, message: "Unexpected token Multiply", line: 0, column: 0, value: None }
kangax-es6/generators.return.js: generators.return.js: JSIError { error_type: SyntaxError, message: "Unexpected token Multiply", line: 0, column: 0, value: None }
kangax-es6/generators.sending.js: generators.sending.js: JSIError { error_type: SyntaxError, message: "Unexpected token Multiply", line: 0, column: 0, value: None }
kangax-es6/generators.shorthand.class.js: failed
kangax-es6/generators.shorthand.computed.class.js: generators.shorthand.computed.class.js: JSIError { error_type: SyntaxError, message: "Unexpected token RightBracket", line: 0, column: 0, value: None }
kangax-es6/generators.shorthand.computed.js: generators.shorthand.computed.js: JSIError { error_type: SyntaxError, message: "Unexpected token Multiply", line: 0, column: 0, value: None }
kangax-es6/generators.shorthand.js: generators.shorthand.js: JSIError { error_type: SyntaxError, message: "Unexpected token Multiply", line: 0, column: 0, value: None }
kangax-es6/generators.shorthand.no-constructor.js: failed
kangax-es6/generators.shorthand.string-keyed.js: generators.shorthand.string-keyed.js: JSIError { error_type: SyntaxError, message: "Unexpected token Multiply", line: 0, column: 0, value: None }
kangax-es6/generators.this.js: generators.this.js: JSIError { error_type: SyntaxError, message: "Unexpected token Multiply", line: 0, column: 0, value: None }
kangax-es6/generators.throw.js: generators.throw.js: JSIError { error_type: SyntaxError, message: "Unexpected token Multiply", line: 0, column: 0, value: None }
kangax-es6/generators.yield-precedence.js: generators.yield-precedence.js: JSIError { error_type: SyntaxError, message: "Unexpected token Multiply", line: 0, column: 0, value: None }
kangax-es6/generators.yield-star.array.js: generators.yield-star.array.js: JSIError { error_type: SyntaxError, message: "Unexpected token Multiply", line: 0, column: 0, value: None }
kangax-es6/generators.yield-star.astral-string.js: generators.yield-star.astral-string.js: JSIError { error_type: SyntaxError, message: "Unexpected token Multiply", line: 0, column: 0, value: None }
kangax-es6/generators.yield-star.generator.js: generators.yield-star.generator.js: JSIError { error_type: SyntaxError, message: "Unexpected token Multiply", line: 0, column: 0, value: None }
kangax-es6/generators.yield-star.iterable-instance.js: generators.yield-star.iterable-instance.js: JSIError { error_type: SyntaxError, message: "Unexpected token Multiply", line: 0, column: 0, value: None }
kangax-es6/generators.yield-star.iterable.js: generators.yield-star.iterable.js: JSIError { error_type: SyntaxError, message: "Unexpected token Multiply", line: 0, column: 0, value: None }
kangax-es6/generators.yield-star.iterator-closing-throw.js: generators.yield-star.iterator-closing-throw.js: JSIError { error_type: SyntaxError, message: "Unexpected token Multiply", line: 0, column: 0, value: None }
kangax-es6/generators.yield-star.iterator-closing.js: generators.yield-star.iterator-closing.js: JSIError { error_type: SyntaxError, message: "Unexpected token Multiply", line: 0, column: 0, value: None }
kangax-es6/generators.yield-star.non-iterable-error.js: generators.yield-star.non-iterable-error.js: JSIError { error_type: SyntaxError, message: "Unexpected token Multiply", line: 0, column: 0, value: None }
kangax-es6/generators.yield-star.sparse-array.js: generators.yield-star.sparse-array.js: JSIError { error_type: SyntaxError, message: "Unexpected token Multiply", line: 0, column: 0, value: None }
kangax-es6/generators.yield-star.string.js: generators.yield-star.string.js: JSIError { error_type: SyntaxError, message: "Unexpected token Multiply", line: 0, column: 0, value: None }
kangax-es6/let.basic.js: OK
kangax-es6/let.block-scoped.js: OK
kangax-es6/let.for-in-shadow.js: failed
kangax-es6/let.for-iteration.js: let.for-iteration.js: JSIError { error_type: SyntaxError, message: "Unexpected token In", line: 0, column: 0, value: None }
kangax-es6/let.for-loop.js: let.for-loop.js: JSIError { error_type: SyntaxError, message: "Unexpected token RightParenthesis", line: 0, column: 0, value: None }
kangax-es6/let.no-statement.js: OK
kangax-es6/let.shadow.js: OK
kangax-es6/let.strict.basic.js: OK
kangax-es6/let.strict.block-scoped.js: OK
kangax-es6/let.strict.for-in-shadow.js: failed
kangax-es6/let.strict.for-iteration.js: let.strict.for-iteration.js: JSIError { error_type: SyntaxError, message: "Unexpected token In", line: 0, column: 0, value: None }
kangax-es6/let.strict.for-loop.js: let.strict.for-loop.js: JSIError { error_type: SyntaxError, message: "Unexpected token RightParenthesis", line: 0, column: 0, value: None }
kangax-es6/let.strict.no-statement.js: OK
kangax-es6/let.strict.shadow.js: OK
kangax-es6/let.strict.tdz.js: failed
kangax-es6/let.tdz.js: failed
kangax-es6/literals.binary.Number.js: thread 'main' (12002) panicked at src/value.rs:440:80: called `Result::unwrap()` on an `Err` value: JSIError { error_type: TypeError, message: "Number.prototype.valueOf requires that 'this' be a Number", line: 0, column: 0, value: None }
kangax-es6/literals.binary.js: literals.binary.js: JSIError { error_type: SyntaxError, message: "Unexpected identifier 'b10'", line: 0, column: 0, value: None }
kangax-es6/literals.object.computed-accessors.js: literals.object.computed-accessors.js: JSIError { error_type: SyntaxError, message: "Unexpected token LeftParenthesis", line: 0, column: 0, value: None }
kangax-es6/literals.object.computed-properties.js: OK
kangax-es6/literals.object.computed-shorthand-methods.js: literals.object.computed-shorthand-methods.js: JSIError { error_type: SyntaxError, message: "Unexpected token LeftParenthesis", line: 0, column: 0, value: None }
kangax-es6/literals.object.shorthand-methods.js: literals.object.shorthand-methods.js: JSIError { error_type: SyntaxError, message: "Unexpected token LeftParenthesis", line: 0, column: 0, value: None }
kangax-es6/literals.object.shorthand-properties.js: OK
kangax-es6/literals.object.string-keyed-shorthand-methods.js: literals.object.string-keyed-shorthand-methods.js: JSIError { error_type: SyntaxError, message: "Unexpected token LeftParenthesis", line: 0, column: 0, value: None }
kangax-es6/literals.octal.Number.js: thread 'main' (12537) panicked at src/value.rs:440:80: called `Result::unwrap()` on an `Err` value: JSIError { error_type: TypeError, message: "Number.prototype.valueOf requires that 'this' be a Number", line: 0, column: 0, value: None }
kangax-es6/literals.octal.js: literals.octal.js: JSIError { error_type: SyntaxError, message: "Unexpected identifier 'o10'", line: 0, column: 0, value: None }
kangax-es6/misc.Invalid-Date.js: failed
kangax-es6/misc.Object.freeze.primitives.js: [object Error]
kangax-es6/misc.Object.getOwnPropertyDescriptor.primitives.js: [object Error]
kangax-es6/misc.Object.getOwnPropertyNames.primitives.js: failed
kangax-es6/misc.Object.getPrototypeOf.primitives.js: OK
kangax-es6/misc.Object.isExtensible.primitives.js: [object Error]
kangax-es6/misc.Object.isFrozen.primitives.js: [object Error]
kangax-es6/misc.Object.isSealed.primitives.js: [object Error]
kangax-es6/misc.Object.keys.primitives.js: failed
kangax-es6/misc.Object.preventExtensions.primitives.js: [object Error]
kangax-es6/misc.Object.seal.primitives.js: [object Error]
kangax-es6/misc.Proxy.defineProperty.SetIntegrityLevel.js: failed
kangax-es6/misc.Proxy.defineProperty.Set.js: failed
kangax-es6/misc.Proxy.deleteProperty.Array.copyWithin.js: failed
kangax-es6/misc.Proxy.deleteProperty.Array.pop.js: failed
kangax-es6/misc.Proxy.deleteProperty.Array.reverse.js: failed
kangax-es6/misc.Proxy.deleteProperty.Array.shift.js: failed
kangax-es6/misc.Proxy.deleteProperty.Array.splice.js: failed
kangax-es6/misc.Proxy.deleteProperty.Array.unshift.js: failed
kangax-es6/misc.Proxy.getOwnPropertyDescriptor.Function.bind.js: failed
kangax-es6/misc.Proxy.getOwnPropertyDescriptor.Object.assign.js: failed
kangax-es6/misc.Proxy.getOwnPropertyDescriptor.Object.hasOwnProperty.js: failed
kangax-es6/misc.Proxy.getOwnPropertyDescriptor.Set.js: failed
kangax-es6/misc.Proxy.get.Array.concat.js: failed
kangax-es6/misc.Proxy.get.Array.from.js: failed
kangax-es6/misc.Proxy.get.Array.iteration.js: failed
kangax-es6/misc.Proxy.get.Array.pop.js: failed
kangax-es6/misc.Proxy.get.Array.reverse.js: failed
kangax-es6/misc.Proxy.get.Array.shift.js: failed
kangax-es6/misc.Proxy.get.Array.splice.js: failed
kangax-es6/misc.Proxy.get.Array.toString.js: failed
kangax-es6/misc.Proxy.get.ClassDefinitionEvaluation.js: misc.Proxy.get.ClassDefinitionEvaluation.js: JSIError { error_type: SyntaxError, message: "Unexpected token Extends", line: 0, column: 0, value: None }
kangax-es6/misc.Proxy.get.CreateDynamicFunction.js: failed
kangax-es6/misc.Proxy.get.CreateListFromArrayLike.js: failed
kangax-es6/misc.Proxy.get.Date.toJSON.js: failed
kangax-es6/misc.Proxy.get.Error.toString.js: failed
kangax-es6/misc.Proxy.get.Function.bind.js: failed
kangax-es6/misc.Proxy.get.HasBinding.js: misc.Proxy.get.HasBinding.js: JSIError { error_type: SyntaxError, message: "Unexpected token With", line: 0, column: 0, value: None }
kangax-es6/misc.Proxy.get.IteratorComplete.js: misc.Proxy.get.IteratorComplete.js: JSIError { error_type: SyntaxError, message: "Unexpected identifier 'of'", line: 0, column: 0, value: None }
kangax-es6/misc.Proxy.get.JSON.stringify.js: failed
kangax-es6/misc.Proxy.get.Object.assign.js: failed
kangax-es6/misc.Proxy.get.Object.defineProperties.js: failed
kangax-es6/misc.Proxy.get.Promise.resolve.js: failed
kangax-es6/misc.Proxy.get.RegExp-constructor.js: failed
kangax-es6/misc.Proxy.get.RegExp.Symbol.match.js: misc.Proxy.get.RegExp.Symbol.match.js: JSIError { error_type: ReferenceError, message: "global is not defined", line: 0, column: 0, value: None }
kangax-es6/misc.Proxy.get.RegExp.Symbol.replace.js: misc.Proxy.get.RegExp.Symbol.replace.js: JSIError { error_type: ReferenceError, message: "global is not defined", line: 0, column: 0, value: None }
kangax-es6/misc.Proxy.get.RegExp.Symbol.search.js: failed
kangax-es6/misc.Proxy.get.RegExp.Symbol.split.js: failed
kangax-es6/misc.Proxy.get.RegExp.flags.js: misc.Proxy.get.RegExp.flags.js: JSIError { error_type: ReferenceError, message: "global is not defined", line: 0, column: 0, value: None }
kangax-es6/misc.Proxy.get.RegExp.test.js: failed
kangax-es6/misc.Proxy.get.RegExp.toString.js: failed
kangax-es6/misc.Proxy.get.String.match.js: failed
kangax-es6/misc.Proxy.get.String.raw.js: failed
kangax-es6/misc.Proxy.get.String.replace.js: failed
kangax-es6/misc.Proxy.get.String.search.js: failed
kangax-es6/misc.Proxy.get.String.split.js: failed
kangax-es6/misc.Proxy.get.ToPrimitive.js: failed
kangax-es6/misc.Proxy.get.ToPropertyDescriptor.js: failed
kangax-es6/misc.Proxy.get.instanceof.js: failed
kangax-es6/misc.Proxy.ownKeys.SerializeJSONObject.js: failed
kangax-es6/misc.Proxy.ownKeys.SetIntegrityLevel.js: failed
kangax-es6/misc.Proxy.ownKeys.TestIntegrityLevel.js: failed
kangax-es6/misc.Proxy.set.Array.copyWithin.js: failed
kangax-es6/misc.Proxy.set.Array.fill.js: failed
kangax-es6/misc.Proxy.set.Array.from.js: failed
kangax-es6/misc.Proxy.set.Array.of.js: failed
kangax-es6/misc.Proxy.set.Array.pop.js: failed
kangax-es6/misc.Proxy.set.Array.push.js: failed
kangax-es6/misc.Proxy.set.Array.reverse.js: failed
kangax-es6/misc.Proxy.set.Array.shift.js: failed
kangax-es6/misc.Proxy.set.Array.splice.js: failed
kangax-es6/misc.Proxy.set.Array.unshift.js: failed
kangax-es6/misc.Proxy.set.Object.assign.js: failed
kangax-es6/misc.RegExp-alter-flags.js: misc.RegExp-alter-flags.js: JSIError { error_type: SyntaxError, message: "Unexpected token Slash", line: 0, column: 0, value: None }
kangax-es6/misc.RegExp-prototype-toString-generic.js: failed
kangax-es6/misc.accessors-no-constructor.js: misc.accessors-no-constructor.js: JSIError { error_type: SyntaxError, message: "Unexpected token LeftParenthesis", line: 0, column: 0, value: None }
kangax-es6/misc.bound-function-prototype.arrow.js: misc.bound-function-prototype.arrow.js: JSIError { error_type: SyntaxError, message: "Unexpected token RightParenthesis", line: 0, column: 0, value: None }
kangax-es6/misc.bound-function-prototype.class.js: misc.bound-function-prototype.class.js: JSIError { error_type: ReferenceError, message: "correctProtoBound is not defined", line: 0, column: 0, value: None }
kangax-es6/misc.bound-function-prototype.function.js: failed
kangax-es6/misc.bound-function-prototype.generator.js: misc.bound-function-prototype.generator.js: JSIError { error_type: SyntaxError, message: "Unexpected token Multiply", line: 0, column: 0, value: None }
kangax-es6/misc.bound-function-prototype.subclass.js: misc.bound-function-prototype.subclass.js: JSIError { error_type: SyntaxError, message: "Unexpected token Extends", line: 0, column: 0, value: None }
kangax-es6/misc.do-while-no-semicolon.js: OK
kangax-es6/misc.duplicate-properties-strict.js: failed
kangax-es6/misc.for-in-no-assignment-strict.js: OK
kangax-es6/misc.function-length-configurable.js: [object Error]
kangax-es6/misc.identifier-syntax.no-escaped-reserved.js: misc.identifier-syntax.no-escaped-reserved.js: JSIError { error_type: SyntaxError, message: "Unexpected token ILLEGAL", line: 0, column: 0, value: None }
kangax-es6/misc.identifier-syntax.var-1.js: OK
kangax-es6/misc.identifier-syntax.var-2.js: misc.identifier-syntax.var-2.js: JSIError { error_type: SyntaxError, message: "Unexpected token ILLEGAL", line: 0, column: 0, value: None }
kangax-es6/misc.property-order.JSON.parse.js: failed
kangax-es6/misc.property-order.JSON.stringify.js: [object Error]
kangax-es6/misc.property-order.Object.assign.js: [object Error]
kangax-es6/misc.property-order.Object.getOwnPropertyNames.js: [object Error]
kangax-es6/misc.property-order.Object.keys.js: misc.property-order.Object.keys.js: JSIError { error_type: SyntaxError, message: "Unexpected token In", line: 0, column: 0, value: None }
kangax-es6/misc.property-order.Reflect.ownKeys.string.js: [object Error]
kangax-es6/misc.property-order.Reflect.ownKeys.symbol.js: failed
kangax-es6/misc.prototypes-not-instances.js: failed
kangax-es6/new-target.assignment-error.js: failed
kangax-es6/new-target.constructor.js: failed
kangax-es6/regex.flags.u.case-folding.js: regex.flags.u.case-folding.js: JSIError { error_type: SyntaxError, message: "Unexpected token Slash", line: 0, column: 0, value: None }
kangax-es6/regex.flags.u.codepoint.js: regex.flags.u.codepoint.js: JSIError { error_type: SyntaxError, message: "Unexpected token Slash", line: 0, column: 0, value: None }
kangax-es6/regex.flags.u.js: regex.flags.u.js: JSIError { error_type: SyntaxError, message: "Unexpected token Slash", line: 0, column: 0, value: None }
kangax-es6/regex.flags.u.non-bmp.js: regex.flags.u.non-bmp.js: JSIError { error_type: SyntaxError, message: "Unexpected token Slash", line: 0, column: 0, value: None }
kangax-es6/regex.flags.y.js: failed
kangax-es6/regex.flags.y.lastIndex.js: failed
kangax-es6/rest-params.arguments.js: rest-params.arguments.js: JSIError { error_type: SyntaxError, message: "Unexpected token Period", line: 0, column: 0, value: None }
kangax-es6/rest-params.basic.js: rest-params.basic.js: JSIError { error_type: SyntaxError, message: "Unexpected token Period", line: 0, column: 0, value: None }
kangax-es6/rest-params.length.js: rest-params.length.js: JSIError { error_type: SyntaxError, message: "Unexpected token Period", line: 0, column: 0, value: None }
kangax-es6/rest-params.new-function.js: [object Error]
kangax-es6/rest-params.no-setter.js: rest-params.no-setter.js: JSIError { error_type: SyntaxError, message: "Unexpected token Period", line: 0, column: 0, value: None }
kangax-es6/spread.array-call.js: spread.array-call.js: JSIError { error_type: SyntaxError, message: "Unexpected number", line: 0, column: 0, value: None }
kangax-es6/spread.array-literal.js: spread.array-literal.js: JSIError { error_type: SyntaxError, message: "Unexpected number", line: 0, column: 0, value: None }
kangax-es6/spread.astral-call.js: failed
kangax-es6/spread.astral-literal.js: failed
kangax-es6/spread.generator-call.js: spread.generator-call.js: JSIError { error_type: SyntaxError, message: "Unexpected token Multiply", line: 0, column: 0, value: None }
kangax-es6/spread.generator-literal.js: spread.generator-literal.js: JSIError { error_type: SyntaxError, message: "Unexpected token Multiply", line: 0, column: 0, value: None }
kangax-es6/spread.iterable-call.js: spread.iterable-call.js: JSIError { error_type: ReferenceError, message: "global is not defined", line: 0, column: 0, value: None }
kangax-es6/spread.iterable-instance-call.js: spread.iterable-instance-call.js: JSIError { error_type: ReferenceError, message: "global is not defined", line: 0, column: 0, value: None }
kangax-es6/spread.iterable-instance-literal.js: spread.iterable-instance-literal.js: JSIError { error_type: ReferenceError, message: "global is not defined", line: 0, column: 0, value: None }
kangax-es6/spread.iterable-literal.js: spread.iterable-literal.js: JSIError { error_type: ReferenceError, message: "global is not defined", line: 0, column: 0, value: None }
kangax-es6/spread.non-iterable-error.js: spread.non-iterable-error.js: JSIError { error_type: SyntaxError, message: "Unexpected number", line: 0, column: 0, value: None }
kangax-es6/spread.sparse-call.js: spread.sparse-call.js: JSIError { error_type: SyntaxError, message: "Unexpected token Comma", line: 0, column: 0, value: None }
kangax-es6/spread.sparse-literal.js: spread.sparse-literal.js: JSIError { error_type: SyntaxError, message: "Unexpected token RightBracket", line: 0, column: 0, value: None }
kangax-es6/spread.string-call.js: failed
kangax-es6/spread.string-literal.js: failed
kangax-es6/subclassing.Array.concat.js: subclassing.Array.concat.js: JSIError { error_type: SyntaxError, message: "Unexpected token Extends", line: 0, column: 0, value: None }
kangax-es6/subclassing.Array.filter.js: subclassing.Array.filter.js: JSIError { error_type: SyntaxError, message: "Unexpected token Extends", line: 0, column: 0, value: None }
kangax-es6/subclassing.Array.from.js: subclassing.Array.from.js: JSIError { error_type: SyntaxError, message: "Unexpected token Extends", line: 0, column: 0, value: None }
kangax-es6/subclassing.Array.isArray.js: subclassing.Array.isArray.js: JSIError { error_type: SyntaxError, message: "Unexpected token Extends", line: 0, column: 0, value: None }
kangax-es6/subclassing.Array.length-access.js: subclassing.Array.length-access.js: JSIError { error_type: SyntaxError, message: "Unexpected token Extends", line: 0, column: 0, value: None }
kangax-es6/subclassing.Array.length-set.js: subclassing.Array.length-set.js: JSIError { error_type: SyntaxError, message: "Unexpected token Extends", line: 0, column: 0, value: None }
kangax-es6/subclassing.Array.map.js: subclassing.Array.map.js: JSIError { error_type: SyntaxError, message: "Unexpected token Extends", line: 0, column: 0, value: None }
kangax-es6/subclassing.Array.of.js: subclassing.Array.of.js: JSIError { error_type: SyntaxError, message: "Unexpected token Extends", line: 0, column: 0, value: None }
kangax-es6/subclassing.Array.prototype-chain.js: subclassing.Array.prototype-chain.js: JSIError { error_type: SyntaxError, message: "Unexpected token Extends", line: 0, column: 0, value: None }
kangax-es6/subclassing.Array.slice.js: subclassing.Array.slice.js: JSIError { error_type: SyntaxError, message: "Unexpected token Extends", line: 0, column: 0, value: None }
kangax-es6/subclassing.Array.splice.js: subclassing.Array.splice.js: JSIError { error_type: SyntaxError, message: "Unexpected token Extends", line: 0, column: 0, value: None }
kangax-es6/subclassing.Function.call.js: subclassing.Function.call.js: JSIError { error_type: SyntaxError, message: "Unexpected token Extends", line: 0, column: 0, value: None }
kangax-es6/subclassing.Function.new.js: subclassing.Function.new.js: JSIError { error_type: SyntaxError, message: "Unexpected token Extends", line: 0, column: 0, value: None }
kangax-es6/subclassing.Function.prototype-chain.js: subclassing.Function.prototype-chain.js: JSIError { error_type: SyntaxError, message: "Unexpected token Extends", line: 0, column: 0, value: None }
kangax-es6/subclassing.Function.prototype.apply.js: subclassing.Function.prototype.apply.js: JSIError { error_type: SyntaxError, message: "Unexpected token Extends", line: 0, column: 0, value: None }
kangax-es6/subclassing.Function.prototype.bind.js: subclassing.Function.prototype.bind.js: JSIError { error_type: SyntaxError, message: "Unexpected token Extends", line: 0, column: 0, value: None }
kangax-es6/subclassing.Function.prototype.call.js: subclassing.Function.prototype.call.js: JSIError { error_type: SyntaxError, message: "Unexpected token Extends", line: 0, column: 0, value: None }
kangax-es6/subclassing.Promise.all.js: subclassing.Promise.all.js: JSIError { error_type: SyntaxError, message: "Unexpected token In", line: 0, column: 0, value: None }
kangax-es6/subclassing.Promise.js: subclassing.Promise.js: JSIError { error_type: SyntaxError, message: "Unexpected token In", line: 0, column: 0, value: None }
kangax-es6/subclassing.Promise.prototype-chain.js: subclassing.Promise.prototype-chain.js: JSIError { error_type: SyntaxError, message: "Unexpected token Extends", line: 0, column: 0, value: None }
kangax-es6/subclassing.Promise.race.js: subclassing.Promise.race.js: JSIError { error_type: SyntaxError, message: "Unexpected token In", line: 0, column: 0, value: None }
kangax-es6/subclassing.RegExp.exec.js: subclassing.RegExp.exec.js: JSIError { error_type: SyntaxError, message: "Unexpected token Extends", line: 0, column: 0, value: None }
kangax-es6/subclassing.RegExp.js: subclassing.RegExp.js: JSIError { error_type: SyntaxError, message: "Unexpected token Extends", line: 0, column: 0, value: None }
kangax-es6/subclassing.RegExp.prototype-chain.js: subclassing.RegExp.prototype-chain.js: JSIError { error_type: SyntaxError, message: "Unexpected token Extends", line: 0, column: 0, value: None }
kangax-es6/subclassing.RegExp.test.js: subclassing.RegExp.test.js: JSIError { error_type: SyntaxError, message: "Unexpected token Extends", line: 0, column: 0, value: None }
kangax-es6/subclassing.misc.Boolean.js: subclassing.misc.Boolean.js: JSIError { error_type: SyntaxError, message: "Unexpected token Extends", line: 0, column: 0, value: None }
kangax-es6/subclassing.misc.Error.js: subclassing.misc.Error.js: JSIError { error_type: SyntaxError, message: "Unexpected token Extends", line: 0, column: 0, value: None }
kangax-es6/subclassing.misc.Map.js: subclassing.misc.Map.js: JSIError { error_type: SyntaxError, message: "Unexpected token Extends", line: 0, column: 0, value: None }
kangax-es6/subclassing.misc.Number.js: subclassing.misc.Number.js: JSIError { error_type: SyntaxError, message: "Unexpected token Extends", line: 0, column: 0, value: None }
kangax-es6/subclassing.misc.Set.js: subclassing.misc.Set.js: JSIError { error_type: SyntaxError, message: "Unexpected token Extends", line: 0, column: 0, value: None }
kangax-es6/subclassing.misc.String.js: subclassing.misc.String.js: JSIError { error_type: SyntaxError, message: "Unexpected token Extends", line: 0, column: 0, value: None }
kangax-es6/super.correct-constructor.js: super.correct-constructor.js: JSIError { error_type: SyntaxError, message: "Unexpected token Extends", line: 0, column: 0, value: None }
kangax-es6/super.expression.js: super.expression.js: JSIError { error_type: SyntaxError, message: "Unexpected token Extends", line: 0, column: 0, value: None }
kangax-es6/super.method-calls.js: failed
kangax-es6/super.new-target-binding.js: super.new-target-binding.js: JSIError { error_type: SyntaxError, message: "Unexpected token Extends", line: 0, column: 0, value: None }
kangax-es6/super.property-access.js: super.property-access.js: JSIError { error_type: SyntaxError, message: "Unexpected token Extends", line: 0, column: 0, value: None }
kangax-es6/super.statement.js: super.statement.js: JSIError { error_type: SyntaxError, message: "Unexpected token Extends", line: 0, column: 0, value: None }
kangax-es6/super.static-binding.js: failed
kangax-es6/super.this-binding.js: failed
kangax-es6/tail-calls.direct.js: tail-calls.direct.js: JSIError { error_type: SyntaxError, message: "Unexpected identifier 'e6'", line: 0, column: 0, value: None }
kangax-es6/tail-calls.mutual.js: tail-calls.mutual.js: JSIError { error_type: SyntaxError, message: "Unexpected identifier 'e6'", line: 0, column: 0, value: None }
kangax-es6/template.basic.js: [object Error]
kangax-es6/template.caching.js: template.caching.js: JSIError { error_type: SyntaxError, message: "Unexpected token Backtick", line: 0, column: 0, value: None }
kangax-es6/template.escape-sequences.js: template.escape-sequences.js: JSIError { error_type: SyntaxError, message: "Unexpected token Backtick", line: 0, column: 0, value: None }
kangax-es6/template.frozen-array.js: template.frozen-array.js: JSIError { error_type: SyntaxError, message: "Unexpected token Backtick", line: 0, column: 0, value: None }
kangax-es6/template.line-break.js: failed
kangax-es6/template.permanent-caching.js: template.permanent-caching.js: JSIError { error_type: SyntaxError, message: "Unexpected token Backtick", line: 0, column: 0, value: None }
kangax-es6/template.tagged.js: template.tagged.js: JSIError { error_type: SyntaxError, message: "Unexpected token Backtick", line: 0, column: 0, value: None }
kangax-es6/template.toString.js: failed
kangax-es6/typed-arrays.ArrayBuffer.Symbol.species.js: failed
kangax-es6/typed-arrays.DataView.Float32.js: failed
kangax-es6/typed-arrays.DataView.Float64.js: failed
kangax-es6/typed-arrays.DataView.Int8.js: Error: "Illegal hex characters" typed-arrays.DataView.Int8.js: JSIError { error_type: SyntaxError, message: "Unexpected identifier 'x80'", line: 0, column: 0, value: None }
kangax-es6/typed-arrays.DataView.Int16.js: Error: "Illegal hex characters" typed-arrays.DataView.Int16.js: JSIError { error_type: SyntaxError, message: "Unexpected identifier 'x8000'", line: 0, column: 0, value: None }
kangax-es6/typed-arrays.DataView.Int32.js: Error: "Illegal hex characters" typed-arrays.DataView.Int32.js: JSIError { error_type: SyntaxError, message: "Unexpected identifier 'x80000000'", line: 0, column: 0, value: None }
kangax-es6/typed-arrays.DataView.Uint8.js: Error: "Illegal hex characters" typed-arrays.DataView.Uint8.js: JSIError { error_type: SyntaxError, message: "Unexpected identifier 'x100'", line: 0, column: 0, value: None }
kangax-es6/typed-arrays.DataView.Uint16.js: Error: "Illegal hex characters" typed-arrays.DataView.Uint16.js: JSIError { error_type: SyntaxError, message: "Unexpected identifier 'x10000'", line: 0, column: 0, value: None }
kangax-es6/typed-arrays.DataView.Uint32.js: Error: "Illegal hex characters" typed-arrays.DataView.Uint32.js: JSIError { error_type: SyntaxError, message: "Unexpected identifier 'x100000000'", line: 0, column: 0, value: None }
kangax-es6/typed-arrays.Float32Array.js: failed
kangax-es6/typed-arrays.Float64Array.js: failed
kangax-es6/typed-arrays.Int8Array.js: Error: "Illegal hex characters" typed-arrays.Int8Array.js: JSIError { error_type: SyntaxError, message: "Unexpected identifier 'x80'", line: 0, column: 0, value: None }
kangax-es6/typed-arrays.Int16Array.js: Error: "Illegal hex characters" typed-arrays.Int16Array.js: JSIError { error_type: SyntaxError, message: "Unexpected identifier 'x8000'", line: 0, column: 0, value: None }
kangax-es6/typed-arrays.Int32Array.js: Error: "Illegal hex characters" typed-arrays.Int32Array.js: JSIError { error_type: SyntaxError, message: "Unexpected identifier 'x80000000'", line: 0, column: 0, value: None }
kangax-es6/typed-arrays.Symbol.species.js: failed
kangax-es6/typed-arrays.Uint8Array.js: Error: "Illegal hex characters" err
kangax-es6/typed-arrays.Uint8ClampedArray.js: Error: "Illegal hex characters" typed-arrays.Uint8ClampedArray.js: JSIError { error_type: SyntaxError, message: "Unexpected identifier 'xFF'", line: 0, column: 0, value: None }
kangax-es6/typed-arrays.Uint16Array.js: Error: "Illegal hex characters" err
kangax-es6/typed-arrays.Uint32Array.js: Error: "Illegal hex characters" err
kangax-es6/typed-arrays.constructor-iterables.js: typed-arrays.constructor-iterables.js: JSIError { error_type: ReferenceError, message: "global is not defined", line: 0, column: 0, value: None }
kangax-es6/typed-arrays.constructor-requires-new.js: typed-arrays.constructor-requires-new.js: JSIError { error_type: ReferenceError, message: "global is not defined", line: 0, column: 0, value: None }
kangax-es6/typed-arrays.correct-prototype-chains.js: typed-arrays.correct-prototype-chains.js: JSIError { error_type: ReferenceError, message: "global is not defined", line: 0, column: 0, value: None }
kangax-es6/typed-arrays.from.js: failed
kangax-es6/typed-arrays.of.js: failed
kangax-es6/typed-arrays.prototype.Symbol.iterator.js: failed
kangax-es6/typed-arrays.prototype.copyWithin.js: failed
kangax-es6/typed-arrays.prototype.entries.js: failed
kangax-es6/typed-arrays.prototype.every.js: failed
kangax-es6/typed-arrays.prototype.fill.js: failed
kangax-es6/typed-arrays.prototype.filter.js: failed
kangax-es6/typed-arrays.prototype.findIndex.js: failed
kangax-es6/typed-arrays.prototype.find.js: failed
kangax-es6/typed-arrays.prototype.forEach.js: failed
kangax-es6/typed-arrays.prototype.indexOf.js: failed
kangax-es6/typed-arrays.prototype.join.js: failed
kangax-es6/typed-arrays.prototype.keys.js: failed
kangax-es6/typed-arrays.prototype.lastIndexOf.js: failed
kangax-es6/typed-arrays.prototype.map.js: failed
kangax-es6/typed-arrays.prototype.reduceRight.js: failed
kangax-es6/typed-arrays.prototype.reduce.js: failed
kangax-es6/typed-arrays.prototype.reverse.js: failed
kangax-es6/typed-arrays.prototype.slice.js: failed
kangax-es6/typed-arrays.prototype.some.js: failed
kangax-es6/typed-arrays.prototype.sort.js: failed
kangax-es6/typed-arrays.prototype.subarray.js: failed
kangax-es6/typed-arrays.prototype.values.js: failed
kangax-es6/unicode-escapes.identifier.js: unicode-escapes.identifier.js: JSIError { error_type: SyntaxError, message: "Unexpected token ILLEGAL", line: 0, column: 0, value: None }
kangax-es6/unicode-escapes.property-access.js: unicode-escapes.property-access.js: JSIError { error_type: SyntaxError, message: "Unexpected identifier 'u'", line: 0, column: 0, value: None }
kangax-es6/unicode-escapes.property-key.js: unicode-escapes.property-key.js: JSIError { error_type: SyntaxError, message: "Unexpected token ILLEGAL", line: 0, column: 0, value: None }
kangax-es6/unicode-escapes.string.js: failed
kangax-es6/well-known.hasInstance.js: failed
kangax-es6/well-known.isConcatSpreadable.non-spreadable.js: failed
kangax-es6/well-known.isConcatSpreadable.poisoned-getter.js: well-known.isConcatSpreadable.poisoned-getter.js: JSIError { error_type: SyntaxError, message: "Unexpected token Not", line: 0, column: 0, value: None }
kangax-es6/well-known.iterator.arguments.js: failed
kangax-es6/well-known.iterator.js: failed
kangax-es6/well-known.match.RegExp-constructor.js: well-known.match.RegExp-constructor.js: JSIError { error_type: SyntaxError, message: "Unexpected token Slash", line: 0, column: 0, value: None }
kangax-es6/well-known.match.String.endsWith.js: well-known.match.String.endsWith.js: JSIError { error_type: SyntaxError, message: "Unexpected token Slash", line: 0, column: 0, value: None }
kangax-es6/well-known.match.String.includes.js: well-known.match.String.includes.js: JSIError { error_type: SyntaxError, message: "Unexpected token Slash", line: 0, column: 0, value: None }
kangax-es6/well-known.match.String.startsWith.js: well-known.match.String.startsWith.js: JSIError { error_type: SyntaxError, message: "Unexpected token Slash", line: 0, column: 0, value: None }
kangax-es6/well-known.match.js: failed
kangax-es6/well-known.replace.js: failed
kangax-es6/well-known.search.js: failed
kangax-es6/well-known.species.Array.concat.js: failed
kangax-es6/well-known.species.Array.filter.js: failed
kangax-es6/well-known.species.Array.map.js: failed
kangax-es6/well-known.species.Array.slice.js: failed
kangax-es6/well-known.species.Array.splice.js: failed
kangax-es6/well-known.species.Promise.then.js: failed
kangax-es6/well-known.species.RegExp.split.js: well-known.species.RegExp.split.js: JSIError { error_type: SyntaxError, message: "Unexpected token Slash", line: 0, column: 0, value: None }
kangax-es6/well-known.species.js: failed
kangax-es6/well-known.split.js: failed
kangax-es6/well-known.toPrimitive.js: failed
kangax-es6/well-known.toStringTag.existing-builtins.js: well-known.toStringTag.existing-builtins.js: JSIError { error_type: SyntaxError, message: "Unexpected token Slash", line: 0, column: 0, value: None }
kangax-es6/well-known.toStringTag.js: failed
kangax-es6/well-known.toStringTag.misc-builtins.js: failed
kangax-es6/well-known.toStringTag.new-builtins.js: well-known.toStringTag.new-builtins.js: JSIError { error_type: SyntaxError, message: "Unexpected token Multiply", line: 0, column: 0, value: None }
kangax-es6/well-known.unscopables.js: well-known.unscopables.js: JSIError { error_type: SyntaxError, message: "Unexpected token With", line: 0, column: 0, value: None }
kangax-es2016/Array.prototype.includes.generic.js: Array.prototype.includes.generic.js: JSIError { error_type: SyntaxError, message: "Unexpected token LeftParenthesis", line: 0, column: 0, value: None }
kangax-es2016/Array.prototype.includes.js: [object Error]
kangax-es2016/Array.prototype.includes.sparse.js: [object Error]
kangax-es2016/Array.prototype.includes.typed-array.js: failed
kangax-es2016/exponentiation.assignment.js: failed
kangax-es2016/exponentiation.basic.js: failed
kangax-es2016/exponentiation.unary-negation-error.js: failed
kangax-es2016/misc.Proxy-Array-includes.js: failed
kangax-es2016/misc.Proxy-enumerate-removed.js: misc.Proxy-enumerate-removed.js: JSIError { error_type: SyntaxError, message: "Unexpected token In", line: 0, column: 0, value: None }
kangax-es2016/misc.generator-no-new.js: misc.generator-no-new.js: JSIError { error_type: SyntaxError, message: "Unexpected token Multiply", line: 0, column: 0, value: None }
kangax-es2016/misc.generator-throw-inner.js: misc.generator-throw-inner.js: JSIError { error_type: SyntaxError, message: "Unexpected token Multiply", line: 0, column: 0, value: None }
kangax-es2016/misc.nested-rest-destructuring-decl.js: misc.nested-rest-destructuring-decl.js: JSIError { error_type: SyntaxError, message: "Unexpected token LeftBracket", line: 0, column: 0, value: None }
kangax-es2016/misc.nested-rest-destructuring-params.js: misc.nested-rest-destructuring-params.js: JSIError { error_type: SyntaxError, message: "Unexpected token LeftBracket", line: 0, column: 0, value: None }
kangax-es2016/misc.strict-fn-non-simple-params-error.js: misc.strict-fn-non-simple-params-error.js: JSIError { error_type: SyntaxError, message: "Unexpected token Period", line: 0, column: 0, value: None }
kangax-es2017/Atomics.add.js: failed
kangax-es2017/Atomics.and.js: failed
kangax-es2017/Atomics.compareExchange.js: failed
kangax-es2017/Atomics.exchange.js: failed
kangax-es2017/Atomics.isLockFree.js: failed
kangax-es2017/Atomics.load.js: failed
kangax-es2017/Atomics.notify.js: failed
kangax-es2017/Atomics.or.js: failed
kangax-es2017/Atomics.store.js: failed
kangax-es2017/Atomics.sub.js: failed
kangax-es2017/Atomics.wait.js: failed
kangax-es2017/Atomics.xor.js: failed
kangax-es2017/Object.entries.js: [object Error]
kangax-es2017/Object.getOwnPropertyDescriptors.js: [object Error]
kangax-es2017/Object.getOwnPropertyDescriptors.no-undefined.js: failed
kangax-es2017/Object.values.js: [object Error]
kangax-es2017/SharedArrayBuffer.Symbol.species.js: failed
kangax-es2017/SharedArrayBuffer.js: failed
kangax-es2017/SharedArrayBuffer.prototype.Symbol.toStringTag.js: failed
kangax-es2017/SharedArrayBuffer.prototype.byteLength.js: failed
kangax-es2017/SharedArrayBuffer.prototype.slice.js: failed
kangax-es2017/String.prototype.padEnd.js: [object Error]
kangax-es2017/String.prototype.padStart.js: [object Error]
kangax-es2017/annex-b.Object.prototype.__defineGetter__.ToObject.js: failed
kangax-es2017/annex-b.Object.prototype.__defineGetter__.js: [object Error]
kangax-es2017/annex-b.Object.prototype.__defineGetter__.symbols.js: failed
kangax-es2017/annex-b.Object.prototype.__defineSetter__.ToObject.js: failed
kangax-es2017/annex-b.Object.prototype.__defineSetter__.js: [object Error]
kangax-es2017/annex-b.Object.prototype.__defineSetter__.symbols.js: failed
kangax-es2017/annex-b.Object.prototype.__lookupGetter__.ToObject.js: failed
kangax-es2017/annex-b.Object.prototype.__lookupGetter__.js: annex-b.Object.prototype.__lookupGetter__.js: JSIError { error_type: SyntaxError, message: "Unexpected token LeftParenthesis", line: 0, column: 0, value: None }
kangax-es2017/annex-b.Object.prototype.__lookupGetter__.prototype-chain.js: annex-b.Object.prototype.__lookupGetter__.prototype-chain.js: JSIError { error_type: SyntaxError, message: "Unexpected token LeftParenthesis", line: 0, column: 0, value: None }
kangax-es2017/annex-b.Object.prototype.__lookupGetter__.shadow-accessors.js: [object Error]
kangax-es2017/annex-b.Object.prototype.__lookupGetter__.symbols.js: failed
kangax-es2017/annex-b.Object.prototype.__lookupSetter__.ToObject.js: failed
kangax-es2017/annex-b.Object.prototype.__lookupSetter__.js: annex-b.Object.prototype.__lookupSetter__.js: JSIError { error_type: SyntaxError, message: "Unexpected token LeftParenthesis", line: 0, column: 0, value: None }
kangax-es2017/annex-b.Object.prototype.__lookupSetter__.prototype-chain.js: annex-b.Object.prototype.__lookupSetter__.prototype-chain.js: JSIError { error_type: SyntaxError, message: "Unexpected token LeftParenthesis", line: 0, column: 0, value: None }
kangax-es2017/annex-b.Object.prototype.__lookupSetter__.shadow-accessors.js: [object Error]
kangax-es2017/annex-b.Object.prototype.__lookupSetter__.symbols.js: failed
kangax-es2017/annex-b.Proxy.__defineGetter__.js: failed
kangax-es2017/annex-b.Proxy.__defineSetter__.js: failed
kangax-es2017/annex-b.Proxy.__lookupGetter__.js: failed
kangax-es2017/annex-b.Proxy.__lookupSetter__.js: failed
kangax-es2017/annex-b.for-in-assignment-non-strict.js: annex-b.for-in-assignment-non-strict.js: JSIError { error_type: SyntaxError, message: "Unexpected token RightParenthesis", line: 0, column: 0, value: None }
kangax-es2017/async.Symbol.toStringTag.js: async.Symbol.toStringTag.js: JSIError { error_type: SyntaxError, message: "Unexpected token Async", line: 0, column: 0, value: None }
kangax-es2017/async.arrow-in-class.js: async.arrow-in-class.js: JSIError { error_type: SyntaxError, message: "Unexpected token In", line: 0, column: 0, value: None }
kangax-es2017/async.arrow.js: async.arrow.js: JSIError { error_type: SyntaxError, message: "Unexpected token In", line: 0, column: 0, value: None }
kangax-es2017/async.await-non-promise.js: async.await-non-promise.js: JSIError { error_type: SyntaxError, message: "Unexpected token In", line: 0, column: 0, value: None }
kangax-es2017/async.await-rejection.js: async.await-rejection.js: JSIError { error_type: SyntaxError, message: "Unexpected token In", line: 0, column: 0, value: None }
kangax-es2017/async.await.js: async.await.js: JSIError { error_type: SyntaxError, message: "Unexpected token In", line: 0, column: 0, value: None }
kangax-es2017/async.constructor.js: async.constructor.js: JSIError { error_type: SyntaxError, message: "Unexpected token In", line: 0, column: 0, value: None }
kangax-es2017/async.methods-class.js: async.methods-class.js: JSIError { error_type: SyntaxError, message: "Unexpected token In", line: 0, column: 0, value: None }
kangax-es2017/async.methods-object.js: async.methods-object.js: JSIError { error_type: SyntaxError, message: "Unexpected token In", line: 0, column: 0, value: None }
kangax-es2017/async.must-await-value.js: async.must-await-value.js: JSIError { error_type: SyntaxError, message: "Unexpected token Async", line: 0, column: 0, value: None }
kangax-es2017/async.no-await-in-params.js: async.no-await-in-params.js: JSIError { error_type: SyntaxError, message: "Unexpected token Async", line: 0, column: 0, value: None }
kangax-es2017/async.no-line-break.js: async.no-line-break.js: JSIError { error_type: SyntaxError, message: "Unexpected token Async", line: 0, column: 0, value: None }
kangax-es2017/async.no-prototype.js: async.no-prototype.js: JSIError { error_type: SyntaxError, message: "Unexpected token Async", line: 0, column: 0, value: None }
kangax-es2017/async.prototype-chain.js: async.prototype-chain.js: JSIError { error_type: SyntaxError, message: "Unexpected token Async", line: 0, column: 0, value: None }
kangax-es2017/async.return.js: async.return.js: JSIError { error_type: SyntaxError, message: "Unexpected token In", line: 0, column: 0, value: None }
kangax-es2017/async.throw.js: async.throw.js: JSIError { error_type: SyntaxError, message: "Unexpected token In", line: 0, column: 0, value: None }
kangax-es2017/misc.arguments-caller-removed.js: [object Error]
kangax-es2017/regex.flags.u.case-folding.js: regex.flags.u.case-folding.js: JSIError { error_type: SyntaxError, message: "Unexpected token Slash", line: 0, column: 0, value: None }
kangax-es2017/trailing-comma.arguments.js: failed
kangax-es2017/trailing-comma.params.js: OK
kangax-es2018/Promise.prototype.finally.change-rejection.js: Promise.prototype.finally.change-rejection.js: JSIError { error_type: SyntaxError, message: "Unexpected token In", line: 0, column: 0, value: None }
kangax-es2018/Promise.prototype.finally.js: Promise.prototype.finally.js: JSIError { error_type: SyntaxError, message: "Unexpected token In", line: 0, column: 0, value: None }
kangax-es2018/Promise.prototype.finally.no-change-resolution.js: Promise.prototype.finally.no-change-resolution.js: JSIError { error_type: SyntaxError, message: "Unexpected token In", line: 0, column: 0, value: None }
kangax-es2018/async-iterators.for-await-of.js: async-iterators.for-await-of.js: JSIError { error_type: SyntaxError, message: "Unexpected token In", line: 0, column: 0, value: None }
kangax-es2018/async-iterators.generators.js: async-iterators.generators.js: JSIError { error_type: SyntaxError, message: "Unexpected token In", line: 0, column: 0, value: None }
kangax-es2018/misc.Proxy-ownKeys-duplicate-keys.js: misc.Proxy-ownKeys-duplicate-keys.js: JSIError { error_type: SyntaxError, message: "Unexpected token LeftParenthesis", line: 0, column: 0, value: None }
kangax-es2018/misc.template-literal-revision.js: misc.template-literal-revision.js: JSIError { error_type: SyntaxError, message: "Unexpected token Backtick", line: 0, column: 0, value: None }
kangax-es2018/object-rest.js: object-rest.js: JSIError { error_type: SyntaxError, message: "Unexpected token LeftBrace", line: 0, column: 0, value: None }
kangax-es2018/object-spread.js: object-spread.js: JSIError { error_type: SyntaxError, message: "Unexpected token Period", line: 0, column: 0, value: None }
kangax-es2018/regex.flags.s.js: regex.flags.s.js: JSIError { error_type: SyntaxError, message: "Unexpected token Slash", line: 0, column: 0, value: None }
kangax-es2018/regex.lookbehind.js: regex.lookbehind.js: JSIError { error_type: SyntaxError, message: "Unexpected token Slash", line: 0, column: 0, value: None }
kangax-es2018/regex.named-capture-groups.js: regex.named-capture-groups.js: JSIError { error_type: SyntaxError, message: "Unexpected token Slash", line: 0, column: 0, value: None }
kangax-es2018/regex.unicode-property-escapes.js: regex.unicode-property-escapes.js: JSIError { error_type: SyntaxError, message: "Unexpected token Slash", line: 0, column: 0, value: None }
kangax-es2018/regex.unicode-property-escapes.unicode-11.js: regex.unicode-property-escapes.unicode-11.js: JSIError { error_type: SyntaxError, message: "Unexpected token Slash", line: 0, column: 0, value: None }
kangax-es2018/regex.unicode-property-escapes.unicode-12.1.js: regex.unicode-property-escapes.unicode-12.1.js: JSIError { error_type: SyntaxError, message: "Unexpected token Slash", line: 0, column: 0, value: None }
kangax-es2018/regex.unicode-property-escapes.unicode-12.js: regex.unicode-property-escapes.unicode-12.js: JSIError { error_type: SyntaxError, message: "Unexpected token Slash", line: 0, column: 0, value: None }
kangax-es2018/regex.unicode-property-escapes.unicode-13.js: regex.unicode-property-escapes.unicode-13.js: JSIError { error_type: SyntaxError, message: "Unexpected token Slash", line: 0, column: 0, value: None }
kangax-es2018/regex.unicode-property-escapes.unicode-14.js: regex.unicode-property-escapes.unicode-14.js: JSIError { error_type: SyntaxError, message: "Unexpected token Slash", line: 0, column: 0, value: None }
kangax-es2018/regex.unicode-property-escapes.unicode-15.1.js: regex.unicode-property-escapes.unicode-15.1.js: JSIError { error_type: SyntaxError, message: "Unexpected token Slash", line: 0, column: 0, value: None }
kangax-es2018/regex.unicode-property-escapes.unicode-15.js: regex.unicode-property-escapes.unicode-15.js: JSIError { error_type: SyntaxError, message: "Unexpected token Slash", line: 0, column: 0, value: None }
kangax-es2018/regex.unicode-property-escapes.unicode-16.0.js: regex.unicode-property-escapes.unicode-16.0.js: JSIError { error_type: SyntaxError, message: "Unexpected token Slash", line: 0, column: 0, value: None }
kangax-es2018/regex.unicode-property-escapes.unicode-17.0.js: regex.unicode-property-escapes.unicode-17.0.js: JSIError { error_type: SyntaxError, message: "Unexpected token Slash", line: 0, column: 0, value: None }
kangax-es2019/Array.prototype.flatMap.js: [object Error]
kangax-es2019/Array.prototype.flat-flatMap.unscopables.js: failed
kangax-es2019/Array.prototype.flat.js: [object Error]
kangax-es2019/Object.fromEntries.js: failed
kangax-es2019/String.prototype.trimEnd.js: [object Error]
kangax-es2019/String.prototype.trimStart.js: [object Error]
kangax-es2019/Symbol.prototype.description.empty.js: failed
kangax-es2019/Symbol.prototype.description.js: failed
kangax-es2019/Symbol.prototype.description.undefined.js: failed
kangax-es2019/annex-b.String.prototype.trimLeft.js: [object Error]
kangax-es2019/annex-b.String.prototype.trimRight.js: [object Error]
kangax-es2019/misc.Function-toString.Function-constructor.js: failed
kangax-es2019/misc.Function-toString.arrows.js: failed
kangax-es2019/misc.Function-toString.class-explicit-constructor.js: failed
kangax-es2019/misc.Function-toString.class-implicit-constructor.js: failed
kangax-es2019/misc.Function-toString.computed-names.js: failed
kangax-es2019/misc.Function-toString.native-code.js: misc.Function-toString.native-code.js: JSIError { error_type: SyntaxError, message: "Unexpected token Slash", line: 0, column: 0, value: None }
kangax-es2019/misc.Function-toString.unicode-escapes.js: failed
kangax-es2019/misc.JSON-stringify-well-formed.js: misc.JSON-stringify-well-formed.js: JSIError { error_type: SyntaxError, message: "Unexpected token ILLEGAL", line: 0, column: 0, value: None }
kangax-es2019/misc.JSON-superset.line-separator.js: failed
kangax-es2019/misc.JSON-superset.paragraph-separator.js: failed
kangax-es2019/misc.optional-catch-binding.await.js: misc.optional-catch-binding.await.js: JSIError { error_type: SyntaxError, message: "Unexpected token In", line: 0, column: 0, value: None }
kangax-es2019/misc.optional-catch-binding.js: OK
kangax-es2019/misc.optional-catch-binding.yield.js: misc.optional-catch-binding.yield.js: JSIError { error_type: SyntaxError, message: "Unexpected token Multiply", line: 0, column: 0, value: None }
kangax-es2020/BigInt64Array.js: Error: "Illegal hex characters" BigInt64Array.js: JSIError { error_type: SyntaxError, message: "Unexpected identifier 'x8000000000000000n'", line: 0, column: 0, value: None }
kangax-es2020/BigInt.asIntN.js: failed
kangax-es2020/BigInt.asUintN.js: failed
kangax-es2020/BigInt.constructor.js: BigInt.constructor.js: JSIError { error_type: SyntaxError, message: "Unexpected identifier 'n'", line: 0, column: 0, value: None }
kangax-es2020/BigInt.js: BigInt.js: JSIError { error_type: SyntaxError, message: "Unexpected identifier 'n'", line: 0, column: 0, value: None }
kangax-es2020/BigUint64Array.js: Error: "Illegal hex characters" BigUint64Array.js: JSIError { error_type: SyntaxError, message: "Unexpected identifier 'n'", line: 0, column: 0, value: None }
kangax-es2020/DataView.prototype.getBigInt64.js: DataView.prototype.getBigInt64.js: JSIError { error_type: SyntaxError, message: "Unexpected identifier 'n'", line: 0, column: 0, value: None }
kangax-es2020/DataView.prototype.getBigUint64.js: DataView.prototype.getBigUint64.js: JSIError { error_type: SyntaxError, message: "Unexpected identifier 'n'", line: 0, column: 0, value: None }
kangax-es2020/Promise.allSettled.js: Promise.allSettled.js: JSIError { error_type: SyntaxError, message: "Unexpected token In", line: 0, column: 0, value: None }
kangax-es2020/String.prototype.matchAll.js: String.prototype.matchAll.js: JSIError { error_type: SyntaxError, message: "Unexpected token Slash", line: 0, column: 0, value: None }
kangax-es2020/String.prototype.matchAll.throws-non-global.js: String.prototype.matchAll.throws-non-global.js: JSIError { error_type: SyntaxError, message: "Unexpected token Slash", line: 0, column: 0, value: None }
kangax-es2020/globalThis.descriptor.js: failed
kangax-es2020/globalThis.js: globalThis.js: JSIError { error_type: TypeError, message: "Cannot read properties of undefined (reading 'lacksGlobalThis')", line: 0, column: 0, value: None }
kangax-es2020/nullish-coalescing.js: failed
kangax-es2020/optional-chaining.bracket.js: optional-chaining.bracket.js: JSIError { error_type: SyntaxError, message: "Unexpected token OptionalChaining", line: 0, column: 0, value: None }
kangax-es2020/optional-chaining.function-call.js: optional-chaining.function-call.js: JSIError { error_type: SyntaxError, message: "Unexpected token OptionalChaining", line: 0, column: 0, value: None }
kangax-es2020/optional-chaining.method-call.js: optional-chaining.method-call.js: JSIError { error_type: SyntaxError, message: "Unexpected token OptionalChaining", line: 0, column: 0, value: None }
kangax-es2020/optional-chaining.property.js: optional-chaining.property.js: JSIError { error_type: SyntaxError, message: "Unexpected token OptionalChaining", line: 0, column: 0, value: None }
kangax-es2020/optional-chaining.spread-params.js: optional-chaining.spread-params.js: JSIError { error_type: SyntaxError, message: "Unexpected token OptionalChaining", line: 0, column: 0, value: None }
kangax-es2021/FinalizationRegistry.js: failed
kangax-es2021/Promise.any.AggregateError.js: Promise.any.AggregateError.js: JSIError { error_type: SyntaxError, message: "Unexpected token In", line: 0, column: 0, value: None }
kangax-es2021/Promise.any.fulfillment.js: Promise.any.fulfillment.js: JSIError { error_type: SyntaxError, message: "Unexpected token In", line: 0, column: 0, value: None }
kangax-es2021/String.prototype.replaceAll.js: [object Error]
kangax-es2021/WeakRef.js: failed
kangax-es2021/logical-assignment.and.js: failed
kangax-es2021/logical-assignment.and.setter-not-invoked.js: logical-assignment.and.setter-not-invoked.js: JSIError { error_type: SyntaxError, message: "Unexpected token LeftParenthesis", line: 0, column: 0, value: None }
kangax-es2021/logical-assignment.and.short-circuit.js: failed
kangax-es2021/logical-assignment.nullish.js: failed
kangax-es2021/logical-assignment.nullish.setter-not-invoked.js: logical-assignment.nullish.setter-not-invoked.js: JSIError { error_type: SyntaxError, message: "Unexpected token LeftParenthesis", line: 0, column: 0, value: None }
kangax-es2021/logical-assignment.nullish.short-circuit.js: failed
kangax-es2021/logical-assignment.or.js: failed
kangax-es2021/logical-assignment.or.setter-not-invoked.js: logical-assignment.or.setter-not-invoked.js: JSIError { error_type: SyntaxError, message: "Unexpected token LeftParenthesis", line: 0, column: 0, value: None }
kangax-es2021/logical-assignment.or.short-circuit.js: failed
kangax-es2021/numeric-separators.js: numeric-separators.js: JSIError { error_type: SyntaxError, message: "Unexpected identifier '_000_000'", line: 0, column: 0, value: None }
kangax-es2022/Error.cause.AggregateError-prototype-lacks.js: failed
kangax-es2022/Error.cause.AggregateError.js: failed
kangax-es2022/Error.cause.Error-prototype-lacks.js: failed
kangax-es2022/Error.cause.Error.js: failed
kangax-es2022/Error.cause.EvalError-prototype-lacks.js: failed
kangax-es2022/Error.cause.EvalError.js: failed
kangax-es2022/Error.cause.RangeError-prototype-lacks.js: failed
kangax-es2022/Error.cause.RangeError.js: failed
kangax-es2022/Error.cause.ReferenceError-prototype-lacks.js: failed
kangax-es2022/Error.cause.ReferenceError.js: failed
kangax-es2022/Error.cause.SyntaxError-prototype-lacks.js: failed
kangax-es2022/Error.cause.SyntaxError.js: failed
kangax-es2022/Error.cause.TypeError-prototype-lacks.js: failed
kangax-es2022/Error.cause.TypeError.js: failed
kangax-es2022/Error.cause.URIError-prototype-lacks.js: failed
kangax-es2022/Error.cause.URIError.js: failed
kangax-es2022/Object.hasOwn.ToObject-first.js: Object.hasOwn.ToObject-first.js: JSIError { error_type: SyntaxError, message: "Unexpected token Not", line: 0, column: 0, value: None }
kangax-es2022/Object.hasOwn.js: OK
kangax-es2022/at-method.Array.js: [object Error]
kangax-es2022/at-method.String.js: [object Error]
kangax-es2022/at-method.TypedArray.js: [object Error]
kangax-es2022/class-fields.computed-instance.js: class-fields.computed-instance.js: JSIError { error_type: ReferenceError, message: "C is not defined", line: 0, column: 0, value: None }
kangax-es2022/class-fields.computed-static.js: class-fields.computed-static.js: JSIError { error_type: ReferenceError, message: "C is not defined", line: 0, column: 0, value: None }
kangax-es2022/class-fields.instance.parent-scope.js: class-fields.instance.parent-scope.js: JSIError { error_type: SyntaxError, message: "Unexpected token LeftBracket", line: 0, column: 0, value: None }
kangax-es2022/class-fields.private-instance.initializers.js: failed
kangax-es2022/class-fields.private-instance.js: failed
kangax-es2022/class-fields.private-instance.optional-access.js: failed
kangax-es2022/class-fields.private-instance.optional-deep-access.js: class-fields.private-instance.optional-deep-access.js: JSIError { error_type: SyntaxError, message: "Unexpected token RightParenthesis", line: 0, column: 0, value: None }
kangax-es2022/class-fields.private-static.js: failed
kangax-es2022/class-fields.public-instance.js: class-fields.public-instance.js: JSIError { error_type: ReferenceError, message: "C is not defined", line: 0, column: 0, value: None }
kangax-es2022/class-fields.public-static.js: class-fields.public-static.js: JSIError { error_type: ReferenceError, message: "C is not defined", line: 0, column: 0, value: None }
kangax-es2022/class-fields.static.define.js: class-fields.static.define.js: JSIError { error_type: SyntaxError, message: "Unexpected token Class", line: 0, column: 0, value: None }
kangax-es2022/class-methods.private-accessor.js: class-methods.private-accessor.js: JSIError { error_type: SyntaxError, message: "Unexpected token ILLEGAL", line: 0, column: 0, value: None }
kangax-es2022/class-methods.private-instance.js: class-methods.private-instance.js: JSIError { error_type: SyntaxError, message: "Unexpected identifier 'x'", line: 0, column: 0, value: None }
kangax-es2022/class-methods.private-static-accessor.js: class-methods.private-static-accessor.js: JSIError { error_type: SyntaxError, message: "Unexpected token Static", line: 0, column: 0, value: None }
kangax-es2022/class-methods.private-static.js: class-methods.private-static.js: JSIError { error_type: SyntaxError, message: "Unexpected identifier 'x'", line: 0, column: 0, value: None }
kangax-es2022/class-static-init-blocks.js: failed
kangax-es2022/ergonomic-brand-checks.js: failed
kangax-es2022/regex.flags.d.constructor.js: failed
kangax-es2022/regex.flags.d.shows-in-flags.js: regex.flags.d.shows-in-flags.js: JSIError { error_type: SyntaxError, message: "Unexpected token Comma", line: 0, column: 0, value: None }
kangax-es2023/Array.prototype.findLastIndex.js: [object Error]
kangax-es2023/Array.prototype.findLast.js: [object Error]
kangax-es2023/Array.prototype.toReversed.js: [object Error]
kangax-es2023/Array.prototype.toSorted.js: [object Error]
kangax-es2023/Array.prototype.toSpliced.js: [object Error]
kangax-es2023/Array.prototype.with.js: [object Error]
kangax-es2023/TypedArray.prototype.toReversed.js: failed
kangax-es2023/TypedArray.prototype.toSorted.js: failed
kangax-es2023/TypedArray.prototype.with.js: failed
kangax-es2023/hashbang.js: hashbang.js: JSIError { error_type: SyntaxError, message: "Unexpected token ILLEGAL", line: 0, column: 0, value: None }
kangax-es2024/ArrayBuffer.prototype.detached.js: failed
kangax-es2024/ArrayBuffer.prototype.transferToFixedLength.js: failed
kangax-es2024/ArrayBuffer.prototype.transfer.js: failed
kangax-es2024/Map.groupBy.js: failed
kangax-es2024/Object.groupBy.js: [object Error]
kangax-es2024/Promise.withResolvers.js: [object Error]
kangax-es2024/regex.flags.v.constructor.js: failed
kangax-es2024/regex.flags.v.properties-of-strings.js: regex.flags.v.properties-of-strings.js: JSIError { error_type: SyntaxError, message: "Unexpected token Slash", line: 0, column: 0, value: None }
kangax-es2024/regex.flags.v.set-notations.js: regex.flags.v.set-notations.js: JSIError { error_type: SyntaxError, message: "Unexpected token Slash", line: 0, column: 0, value: None }
kangax-es2024/regex.flags.v.shows-in-flags.js: failed
kangax-es2024/regex.flags.v.unicode-15.1.js: regex.flags.v.unicode-15.1.js: JSIError { error_type: SyntaxError, message: "Unexpected token Slash", line: 0, column: 0, value: None }
kangax-es2024/regex.flags.v.unicode-16.0.js: regex.flags.v.unicode-16.0.js: JSIError { error_type: SyntaxError, message: "Unexpected token Slash", line: 0, column: 0, value: None }
kangax-es2024/regex.flags.v.unicode-17.0.js: regex.flags.v.unicode-17.0.js: JSIError { error_type: SyntaxError, message: "Unexpected token Slash", line: 0, column: 0, value: None }
kangax-es2025/Iterator.extends.js: Iterator.extends.js: JSIError { error_type: SyntaxError, message: "Unexpected token Extends", line: 0, column: 0, value: None }
kangax-es2025/Iterator.from.iterable.js: failed
kangax-es2025/Iterator.from.iterator.js: Iterator.from.iterator.js: JSIError { error_type: SyntaxError, message: "Unexpected token LeftParenthesis", line: 0, column: 0, value: None }
kangax-es2025/Iterator.instanceof.js: [object Error]
kangax-es2025/Iterator.prototype.Symbol.toStringTag.js: failed
kangax-es2025/Iterator.prototype.drop.js: [object Error]
kangax-es2025/Iterator.prototype.every.js: [object Error]
kangax-es2025/Iterator.prototype.filter.js: [object Error]
kangax-es2025/Iterator.prototype.find.js: [object Error]
kangax-es2025/Iterator.prototype.flatMap.js: [object Error]
kangax-es2025/Iterator.prototype.forEach.js: [object Error]
kangax-es2025/Iterator.prototype.map.js: [object Error]
kangax-es2025/Iterator.prototype.reduce.js: [object Error]
kangax-es2025/Iterator.prototype.some.js: [object Error]
kangax-es2025/Iterator.prototype.take.js: [object Error]
kangax-es2025/Iterator.prototype.toArray.js: [object Error]
kangax-es2025/Promise.try.js: Promise.try.js: JSIError { error_type: SyntaxError, message: "Unexpected token In", line: 0, column: 0, value: None }
kangax-es2025/RegExp.escape.js: failed
kangax-es2025/Set.prototype.difference.js: failed
kangax-es2025/Set.prototype.intersection.js: failed
kangax-es2025/Set.prototype.isDisjointFrom.js: failed
kangax-es2025/Set.prototype.isSubsetOf.js: failed
kangax-es2025/Set.prototype.isSupersetOf.js: failed
kangax-es2025/Set.prototype.symmetricDifference.js: failed
kangax-es2025/Set.prototype.union.js: failed
kangax-es2025/regex.duplicate-named-groups.js: regex.duplicate-named-groups.js: JSIError { error_type: SyntaxError, message: "Unexpected token Slash", line: 0, column: 0, value: None }
kangax-es2025/regex.pattern-modifiers.i.js: regex.pattern-modifiers.i.js: JSIError { error_type: SyntaxError, message: "Unexpected token Slash", line: 0, column: 0, value: None }
kangax-es2025/regex.pattern-modifiers.m.js: regex.pattern-modifiers.m.js: JSIError { error_type: SyntaxError, message: "Unexpected token Slash", line: 0, column: 0, value: None }
kangax-es2025/regex.pattern-modifiers.s.js: regex.pattern-modifiers.s.js: JSIError { error_type: SyntaxError, message: "Unexpected token Slash", line: 0, column: 0, value: None }
kangax-intl/Array.prototype.toLocaleString.js: failed
kangax-intl/Date.prototype.toLocaleDateString.js: failed
kangax-intl/Date.prototype.toLocaleString.js: failed
kangax-intl/Date.prototype.toLocaleTimeString.js: failed
kangax-intl/Intl.Collator.js: failed
kangax-intl/Intl.Collator.new-instances.js: failed
kangax-intl/Intl.Collator.prototype.compare.js: failed
kangax-intl/Intl.Collator.prototype.resolvedOptions.js: failed
kangax-intl/Intl.Collator.rejects-invalid-tags.js: Intl.Collator.rejects-invalid-tags.js: JSIError { error_type: SyntaxError, message: "Unexpected token In", line: 0, column: 0, value: None }
kangax-intl/Intl.Collator.valid-tags.js: Intl.Collator.valid-tags.js: JSIError { error_type: SyntaxError, message: "Unexpected token In", line: 0, column: 0, value: None }
kangax-intl/Intl.Collator.without-new.js: failed
kangax-intl/Intl.DateTimeFormat.iana-timezones.js: failed
kangax-intl/Intl.DateTimeFormat.js: failed
kangax-intl/Intl.DateTimeFormat.new-instances.js: failed
kangax-intl/Intl.DateTimeFormat.rejects-invalid-tags.js: Intl.DateTimeFormat.rejects-invalid-tags.js: JSIError { error_type: SyntaxError, message: "Unexpected token In", line: 0, column: 0, value: None }
kangax-intl/Intl.DateTimeFormat.resolvedOptions.timeZone-default.js: failed
kangax-intl/Intl.DateTimeFormat.valid-tags.js: Intl.DateTimeFormat.valid-tags.js: JSIError { error_type: SyntaxError, message: "Unexpected token In", line: 0, column: 0, value: None }
kangax-intl/Intl.DateTimeFormat.without-new.js: failed
kangax-intl/Intl.NumberFormat.js: failed
kangax-intl/Intl.NumberFormat.new-instances.js: failed
kangax-intl/Intl.NumberFormat.rejects-invalid-tags.js: Intl.NumberFormat.rejects-invalid-tags.js: JSIError { error_type: SyntaxError, message: "Unexpected token In", line: 0, column: 0, value: None }
kangax-intl/Intl.NumberFormat.valid-tags.js: Intl.NumberFormat.valid-tags.js: JSIError { error_type: SyntaxError, message: "Unexpected token In", line: 0, column: 0, value: None }
kangax-intl/Intl.NumberFormat.without-new.js: failed
kangax-intl/Intl.js: failed
kangax-intl/Intl.prototype.js: failed
kangax-intl/Number.prototype.toLocaleString.js: failed
kangax-intl/Object.prototype.toLocaleString.js: failed
kangax-intl/String.prototype.localeCompare.js: failed
kangax-next/Array.isTemplateObject.js: Array.isTemplateObject.js: JSIError { error_type: SyntaxError, message: "Unexpected token Backtick", line: 0, column: 0, value: None }
kangax-next/AsyncDisposableStack.js: AsyncDisposableStack.js: JSIError { error_type: SyntaxError, message: "Unexpected token In", line: 0, column: 0, value: None }
kangax-next/AsyncIterator.extends.js: AsyncIterator.extends.js: JSIError { error_type: SyntaxError, message: "Unexpected token Extends", line: 0, column: 0, value: None }
kangax-next/AsyncIterator.from.async-iterable.js: AsyncIterator.from.async-iterable.js: JSIError { error_type: SyntaxError, message: "Unexpected token In", line: 0, column: 0, value: None }
kangax-next/AsyncIterator.from.iterable.js: AsyncIterator.from.iterable.js: JSIError { error_type: SyntaxError, message: "Unexpected token In", line: 0, column: 0, value: None }
kangax-next/AsyncIterator.from.iterator.js: AsyncIterator.from.iterator.js: JSIError { error_type: SyntaxError, message: "Unexpected token In", line: 0, column: 0, value: None }
kangax-next/AsyncIterator.instanceof.js: AsyncIterator.instanceof.js: JSIError { error_type: SyntaxError, message: "Unexpected token Async", line: 0, column: 0, value: None }
kangax-next/AsyncIterator.prototype.Symbol.toStringTag.js: failed
kangax-next/AsyncIterator.prototype.drop.js: AsyncIterator.prototype.drop.js: JSIError { error_type: SyntaxError, message: "Unexpected token In", line: 0, column: 0, value: None }
kangax-next/AsyncIterator.prototype.every.js: AsyncIterator.prototype.every.js: JSIError { error_type: SyntaxError, message: "Unexpected token In", line: 0, column: 0, value: None }
kangax-next/AsyncIterator.prototype.filter.js: AsyncIterator.prototype.filter.js: JSIError { error_type: SyntaxError, message: "Unexpected token In", line: 0, column: 0, value: None }
kangax-next/AsyncIterator.prototype.find.js: AsyncIterator.prototype.find.js: JSIError { error_type: SyntaxError, message: "Unexpected token In", line: 0, column: 0, value: None }
kangax-next/AsyncIterator.prototype.flatMap.js: AsyncIterator.prototype.flatMap.js: JSIError { error_type: SyntaxError, message: "Unexpected token In", line: 0, column: 0, value: None }
kangax-next/AsyncIterator.prototype.forEach.js: AsyncIterator.prototype.forEach.js: JSIError { error_type: SyntaxError, message: "Unexpected token In", line: 0, column: 0, value: None }
kangax-next/AsyncIterator.prototype.map.js: AsyncIterator.prototype.map.js: JSIError { error_type: SyntaxError, message: "Unexpected token In", line: 0, column: 0, value: None }
kangax-next/AsyncIterator.prototype.reduce.js: AsyncIterator.prototype.reduce.js: JSIError { error_type: SyntaxError, message: "Unexpected token In", line: 0, column: 0, value: None }
kangax-next/AsyncIterator.prototype.some.js: AsyncIterator.prototype.some.js: JSIError { error_type: SyntaxError, message: "Unexpected token In", line: 0, column: 0, value: None }
kangax-next/AsyncIterator.prototype.take.js: AsyncIterator.prototype.take.js: JSIError { error_type: SyntaxError, message: "Unexpected token In", line: 0, column: 0, value: None }
kangax-next/AsyncIterator.prototype.toArray.js: AsyncIterator.prototype.toArray.js: JSIError { error_type: SyntaxError, message: "Unexpected token In", line: 0, column: 0, value: None }
kangax-next/DisposableStack.js: DisposableStack.js: JSIError { error_type: SyntaxError, message: "Unexpected token LeftParenthesis", line: 0, column: 0, value: None }
kangax-next/Map.prototype.upsert.js: Map.prototype.upsert.js: JSIError { error_type: SyntaxError, message: "Unexpected token RightParenthesis", line: 0, column: 0, value: None }
kangax-next/RegExp.1-9.js: failed
kangax-next/RegExp.lastMatch.js: RegExp.lastMatch.js: JSIError { error_type: SyntaxError, message: "Unexpected token Slash", line: 0, column: 0, value: None }
kangax-next/ShadowRealm.js: failed
kangax-next/SuppressedError.js: SuppressedError.js: JSIError { error_type: SyntaxError, message: "Unexpected token LeftParenthesis", line: 0, column: 0, value: None }
kangax-next/Uint8Array.fromBase64.js: failed
kangax-next/Uint8Array.fromHex.js: failed
kangax-next/Uint8Array.setFromBase64.js: Uint8Array.setFromBase64.js: JSIError { error_type: SyntaxError, message: "Unexpected token LeftBrace", line: 0, column: 0, value: None }
kangax-next/Uint8Array.setFromHex.js: Uint8Array.setFromHex.js: JSIError { error_type: SyntaxError, message: "Unexpected token LeftBrace", line: 0, column: 0, value: None }
kangax-next/Uint8Array.toBase64.js: failed
kangax-next/Uint8Array.toHex.js: failed
kangax-next/WeakMap.prototype.upsert.js: WeakMap.prototype.upsert.js: JSIError { error_type: SyntaxError, message: "Unexpected token RightParenthesis", line: 0, column: 0, value: None }
kangax-next/await-using.for-of.js: await-using.for-of.js: JSIError { error_type: SyntaxError, message: "Unexpected token In", line: 0, column: 0, value: None }
kangax-next/await-using.js: await-using.js: JSIError { error_type: SyntaxError, message: "Unexpected token In", line: 0, column: 0, value: None }
kangax-next/class-decorators.js: failed
kangax-next/function.sent.js: function.sent.js: JSIError { error_type: SyntaxError, message: "Unexpected token Multiply", line: 0, column: 0, value: None }
kangax-next/throw-expr.arrow.js: throw-expr.arrow.js: JSIError { error_type: SyntaxError, message: "Unexpected token RightParenthesis", line: 0, column: 0, value: None }
kangax-next/throw-expr.conditional.js: throw-expr.conditional.js: JSIError { error_type: SyntaxError, message: "Unexpected token Throw", line: 0, column: 0, value: None }
kangax-next/throw-expr.logical.js: throw-expr.logical.js: JSIError { error_type: SyntaxError, message: "Unexpected token Throw", line: 0, column: 0, value: None }
kangax-next/throw-expr.param-init.js: throw-expr.param-init.js: JSIError { error_type: SyntaxError, message: "Unexpected token Assign", line: 0, column: 0, value: None }
kangax-next/using.for-of.js: using.for-of.js: JSIError { error_type: SyntaxError, message: "Unexpected token LeftParenthesis", line: 0, column: 0, value: None }
kangax-next/using.js: using.js: JSIError { error_type: SyntaxError, message: "Unexpected token LeftParenthesis", line: 0, column: 0, value: None }
