Metadata: {"arch": "arm64", "console_log": "console.log", "dist_size": 26061548, "engine": "reeva", "repository": "https://github.com/ReevaJS/reeva.git", "revision": "f715163354ea06e37a97bd4e5e0bddc9c195c886", "revision_date": "2024-01-18", "version": "before-rewrite-306-gf7151633"}
es1/Array.js: OK
es1/Array.length.assignment.js: OK
es1/Array.length.js: OK
es1/Array.prototype.constructor.js: OK
es1/Array.prototype.join.generic.js: OK
es1/Array.prototype.join.js: OK
es1/Array.prototype.reverse.generic.js: failed
es1/Array.prototype.reverse.js: reverse order failed; reverse single element failed
es1/Array.prototype.sort.generic.js: TypeError: cannot call value undefined
es1/Array.prototype.sort.js: TypeError: cannot call value undefined
es1/Array.prototype.toString.js: OK
es1/Boolean.js: OK
es1/Boolean.prototype.constructor.js: OK
es1/Boolean.prototype.toString.js: OK
es1/Boolean.prototype.valueOf.js: OK
es1/Date.diff.js: OK
es1/Date.js: new Date(2000, 0, 1).getMonth() != 0
es1/Date.prototype.constructor.js: OK
es1/Date.prototype.getDate.js: OK
es1/Date.prototype.getDay.js: failed
es1/Date.prototype.getFullYear.js: OK
es1/Date.prototype.getHours.js: OK
es1/Date.prototype.getMilliseconds.js: OK
es1/Date.prototype.getMinutes.js: OK
es1/Date.prototype.getMonth.js: failed
es1/Date.prototype.getSeconds.js: OK
es1/Date.prototype.getTimezoneOffset.js: OK
es1/Date.prototype.getTime.js: OK
es1/Date.prototype.getUTCDate.js: OK
es1/Date.prototype.getUTCDay.js: TypeError: cannot call value undefined
es1/Date.prototype.getUTCFullYear.js: OK
es1/Date.prototype.getUTCHours.js: OK
es1/Date.prototype.getUTCMilliseconds.js: OK
es1/Date.prototype.getUTCMinutes.js: OK
es1/Date.prototype.getUTCMonth.js: failed
es1/Date.prototype.getUTCSeconds.js: OK
es1/Date.prototype.setDate.js: failed
es1/Date.prototype.setFullYear.js: OK
es1/Date.prototype.setHours.js: OK
es1/Date.prototype.setMilliseconds.js: failed
es1/Date.prototype.setMinutes.js: TypeError: cannot call value undefined
es1/Date.prototype.setMonth.js: OK
es1/Date.prototype.setSeconds.js: OK
es1/Date.prototype.setTime.js: Exception in FunctionInfo Date.prototype.setTime.js, block @0 opcode 10 com.reevajs.reeva.utils.ExpectationError: Expectation failed
es1/Date.prototype.setUTCDate.js: Exception in FunctionInfo Date.prototype.setUTCDate.js, block @0 opcode 18 com.reevajs.reeva.utils.ExpectationError: Expectation failed
es1/Date.prototype.setUTCFullYear.js: Exception in FunctionInfo Date.prototype.setUTCFullYear.js, block @0 opcode 18 com.reevajs.reeva.utils.ExpectationError: Expectation failed
es1/Date.prototype.setUTCHours.js: Exception in FunctionInfo Date.prototype.setUTCHours.js, block @0 opcode 22 com.reevajs.reeva.utils.ExpectationError: Expectation failed
es1/Date.prototype.setUTCMilliseconds.js: Exception in FunctionInfo Date.prototype.setUTCMilliseconds.js, block @0 opcode 22 com.reevajs.reeva.utils.ExpectationError: Expectation failed
es1/Date.prototype.setUTCMinutes.js: Exception in FunctionInfo Date.prototype.setUTCMinutes.js, block @0 opcode 22 com.reevajs.reeva.utils.ExpectationError: Expectation failed
es1/Date.prototype.setUTCMonth.js: Exception in FunctionInfo Date.prototype.setUTCMonth.js, block @0 opcode 18 com.reevajs.reeva.utils.ExpectationError: Expectation failed
es1/Date.prototype.setUTCSeconds.js: Exception in FunctionInfo Date.prototype.setUTCSeconds.js, block @0 opcode 22 com.reevajs.reeva.utils.ExpectationError: Expectation failed
es1/Date.prototype.toLocaleString.js: OK
es1/Date.prototype.toString.js: OK
es1/Date.prototype.toUTCString.js: OK
es1/Date.prototype.valueOf.js: OK
es1/Function.js: OK
es1/Function.length.js: OK
es1/Function.prototype.constructor.js: OK
es1/Function.prototype.js: OK
es1/Function.prototype.toString.js: OK
es1/Math.E.js: OK
es1/Math.LN2.js: OK
es1/Math.LN10.js: OK
es1/Math.LOG2E.js: OK
es1/Math.LOG10E.js: OK
es1/Math.PI.js: OK
es1/Math.SQRT1_2.js: OK
es1/Math.SQRT2.js: OK
es1/Math.abs.js: OK
es1/Math.acos.js: OK
es1/Math.asin.js: OK
es1/Math.atan2.js: OK
es1/Math.atan.js: OK
es1/Math.ceil.js: OK
es1/Math.cos.js: OK
es1/Math.exp.js: OK
es1/Math.floor.js: OK
es1/Math.log.js: OK
es1/Math.max.js: OK
es1/Math.min.js: OK
es1/Math.pow.js: OK
es1/Math.random.js: OK
es1/Math.round.js: OK
es1/Math.sin.js: OK
es1/Math.sqrt.js: OK
es1/Math.tan.js: OK
es1/Number.MAX_VALUE.js: OK
es1/Number.MIN_VALUE.js: OK
es1/Number.NEGATIVE_INFINITY.js: OK
es1/Number.NaN.js: OK
es1/Number.POSITIVE_INFINITY.js: OK
es1/Number.js: OK
es1/Number.prototype.constructor.js: OK
es1/Number.prototype.toString.js: OK
es1/Number.prototype.valueOf.js: OK
es1/Object.js: OK
es1/Object.prototype.constructor.js: OK
es1/Object.prototype.toString.js: OK
es1/Object.prototype.valueOf.js: OK
es1/String.fromCharCode.js: OK
es1/String.generics.js: OK
es1/String.js: OK
es1/String.length.js: OK
es1/String.prototype.charAt.js: OK
es1/String.prototype.charCodeAt.js: OK
es1/String.prototype.constructor.js: OK
es1/String.prototype.indexOf.js: OK
es1/String.prototype.lastIndexOf.js: OK
es1/String.prototype.split.js: OK
es1/String.prototype.substring.js: OK
es1/String.prototype.toLowerCase.js: OK
es1/String.prototype.toString.js: OK
es1/String.prototype.toUpperCase.js: OK
es1/String.prototype.valueOf.js: OK
es1/annex-b.Date.prototype.getYear.js: TypeError: cannot call value undefined
es1/annex-b.Date.prototype.setYear.js: TypeError: cannot call value undefined
es1/annex-b.Date.prototype.toGMTString.js: TypeError: cannot call value undefined
es1/annex-b.global.escape.js: ReferenceError: "escape" is not defined
es1/annex-b.global.unescape.js: ReferenceError: "unescape" is not defined
es1/annex-b.literals.octal.js: 0755 failed; max safe integer failed
es1/annex-b.literals.string.octal.js: failed
es1/arguments.callee.js: TypeError: "callee" property may not be accessed on unmapped arguments objects
es1/arguments.js: OK
es1/asi.eval.js: OK
es1/asi.js: OK
es1/assignment.bitwise.js: OK
es1/assignment.js: OK
es1/assignment.ltr.js: OK
es1/assignment.unsigned-shift.js: OK
es1/bitwise.binary.js: OK
es1/bitwise.shifts.js: OK
es1/bitwise.tilde.js: OK
es1/bitwise.unsigned-shift.js: -12345 >>> 0 != 4294954951 (got: -12345)
es1/break.js: OK
es1/comma.js: OK
es1/comments.js: OK
es1/conditional.js: OK
es1/continue.js: OK
es1/conversions.ToBoolean.js: OK
es1/conversions.ToInt32.js: -2^31-1 failed
es1/conversions.ToInteger.js: OK
es1/conversions.ToNumber.js: OK
es1/conversions.ToObject.js: OK
es1/conversions.ToString.js: OK
es1/conversions.ToUint32.js: NaN failed; 2^32-1 failed; 2^31 failed; -1 failed; -2^31 failed
es1/conversions.js: OK
es1/equals.js: OK
es1/eval.js: OK
es1/for-in.js: OK
es1/for.js: for without increment failed
es1/functions.js: OK
es1/global.Infinity.js: OK
es1/global.NaN.js: OK
es1/global.isFinite.js: OK
es1/global.isNaN.js: OK
es1/global.parseFloat.js: ReferenceError: "parseFloat" is not defined
es1/global.parseInt.hex.js: OK
es1/global.parseInt.js: OK
es1/global.parseInt.radix.js: OK
es1/literals.decimal.js: OK
es1/literals.hex.js: OK
es1/literals.string.escapes.js: OK
es1/literals.string.hex.js: OK
es1/literals.string.js: OK
es1/literals.string.unicode.js: OK
es1/logical.js: OK
es1/new.typeof.js: OK
es1/numbers.double.js: OK
es1/numbers.fmod.js: OK
es1/numbers.inf.js: OK
es1/numbers.int.js: OK
es1/numbers.nan.js: OK
es1/postfix.decrement.js: OK
es1/postfix.increment.js: OK
es1/prefix.js: OK
es1/relational.js: OK
es1/return.js: OK
es1/return.typeof.js: OK
es1/this.js: OK
es1/typeof.js: OK
es1/typeof.null.js: OK
es1/typeof.undeclared.js: OK
es1/types.js: OK
es1/unary.decrement.js: OK
es1/unary.delete.js: OK
es1/unary.delete.var.js: failed
es1/unary.increment.js: OK
es1/unary.minus.js: OK
es1/unary.not.js: OK
es1/unary.plus.js: OK
es1/unary.plus.str.js: OK
es1/unary.tilde.js: OK
es1/var.js: OK
es1/var.typeof.js: OK
es1/void.js: OK
es1/void.typeof.js: OK
es1/while.js: OK
es1/with.js: SyntaxError: unsupported feature: with statements
es3/Array.prototype.concat.js: OK
es3/Array.prototype.pop.generic.js: OK
es3/Array.prototype.pop.js: OK
es3/Array.prototype.push.generic.js: OK
es3/Array.prototype.push.js: OK
es3/Array.prototype.shift.generic.js: OK
es3/Array.prototype.shift.js: OK
es3/Array.prototype.slice.generic.js: slice object with start and end failed; slice object with start only failed; slice object with negative start failed
es3/Array.prototype.slice.js: slice with start and end failed; slice with start only failed; slice with negative start failed; slice with negative end failed; slice entire array failed
es3/Array.prototype.splice.generic.js: OK
es3/Array.prototype.splice.js: OK
es3/Array.prototype.toLocaleString.js: OK
es3/Array.prototype.unshift.generic.js: OK
es3/Array.prototype.unshift.js: OK
es3/Array.prototype.unshift.returns-new-length.js: OK
es3/Date.prototype.toDateString.js: OK
es3/Date.prototype.toLocaleDateString.js: TypeError: cannot call value undefined
es3/Date.prototype.toLocaleString.js: OK
es3/Date.prototype.toLocaleTimeString.js: TypeError: cannot call value undefined
es3/Date.prototype.toTimeString.js: OK
es3/Error.js: OK
es3/Error.prototype.constructor.js: OK
es3/Error.prototype.message.js: OK
es3/Error.prototype.name.js: OK
es3/Error.prototype.toString.js: OK
es3/Function.prototype.apply.js: OK
es3/Function.prototype.call.js: OK
es3/Math.max.variadic.js: OK
es3/Math.min.variadic.js: OK
es3/Number.prototype.toExponential.edge-cases.js: OK
es3/Number.prototype.toExponential.js: OK
es3/Number.prototype.toExponential.rounding.js: OK
es3/Number.prototype.toExponential.throws-infinity.js: OK
es3/Number.prototype.toFixed.js: OK
es3/Number.prototype.toLocaleString.js: Exception in FunctionInfo Number.prototype.toLocaleString.js, block @0 opcode 7 kotlin.NotImplementedError: An operation is not implemented.
es3/Number.prototype.toPrecision.js: OK
es3/Object.prototype.hasOwnProperty.js: OK
es3/Object.prototype.isPrototypeOf.js: OK
es3/Object.prototype.propertyIsEnumerable.js: OK
es3/Object.prototype.toLocaleString.js: OK
es3/RegExp.global.js: OK
es3/RegExp.ignoreCase.js: OK
es3/RegExp.js: Exception in FunctionInfo RegExp.js, block @15 opcode 3 com.reevajs.reeva.utils.ECMAError: ECMA assertion failed
es3/RegExp.lastIndex.js: after first match failed; after second match failed
es3/RegExp.multiline.js: OK
es3/RegExp.prototype.constructor.js: failed
es3/RegExp.prototype.exec.js: match failed; TypeError: cannot convert null to Object
es3/RegExp.prototype.test.js: match failed
es3/RegExp.prototype.toString.js: OK
es3/RegExp.source.js: OK
es3/String.prototype.concat.generic.js: OK
es3/String.prototype.concat.js: OK
es3/String.prototype.localeCompare.js: TypeError: cannot call value undefined
es3/String.prototype.match.generic.js: TypeError: cannot convert undefined to Object
es3/String.prototype.match.js: TypeError: cannot call value undefined
es3/String.prototype.replace.capture.js: Exception in FunctionInfo String.prototype.replace.capture.js, block @0 opcode 11 kotlin.NotImplementedError: An operation is not implemented.
es3/String.prototype.replace.extra.js: Exception in FunctionInfo String.prototype.replace.extra.js, block @0 opcode 11 kotlin.NotImplementedError: An operation is not implemented.
es3/String.prototype.replace.generic.js: Exception in FunctionInfo String.prototype.replace.generic.js, block @12 opcode 18 kotlin.NotImplementedError: An operation is not implemented.
es3/String.prototype.replace.regex.js: Exception in FunctionInfo String.prototype.replace.regex.js, block @0 opcode 11 kotlin.NotImplementedError: An operation is not implemented.
es3/String.prototype.replace.str.js: OK
es3/String.prototype.search.generic.js: TypeError: cannot convert undefined to Object
es3/String.prototype.search.js: TypeError: cannot call value undefined
es3/String.prototype.search.str.js: TypeError: cannot call value undefined
es3/String.prototype.slice.generic.js: OK
es3/String.prototype.slice.js: OK
es3/String.prototype.split.bugs.js: Exception in FunctionInfo String.prototype.split.bugs.js, block @27 opcode 5 kotlin.NotImplementedError: An operation is not implemented.
es3/String.prototype.split.limit.js: OK
es3/String.prototype.split.regex.js: Exception in FunctionInfo String.prototype.split.regex.js, block @0 opcode 10 kotlin.NotImplementedError: An operation is not implemented.
es3/String.prototype.toLocaleLowerCase.js: TypeError: cannot call value undefined
es3/String.prototype.toLocaleUpperCase.js: TypeError: cannot call value undefined
es3/annex-b.String.prototype.substr.js: TypeError: cannot call value undefined
es3/do-while.js: OK
es3/function-expressions.IIFE.js: OK
es3/function-expressions.js: OK
es3/global.EvalError.js: OK
es3/global.RangeError.js: OK
es3/global.RangeError.thrown.js: Exception in FunctionInfo global.RangeError.thrown.js, block @2 opcode 4 java.lang.IndexOutOfBoundsException: Index -1 out of bounds for length 0
es3/global.ReferenceError.js: OK
es3/global.ReferenceError.thrown.js: OK
es3/global.SyntaxError.js: OK
es3/global.SyntaxError.thrown.js: OK
es3/global.TypeError.js: OK
es3/global.TypeError.thrown.js: no exception for Function.prototype.toString on non-function
es3/global.URIError.js: OK
es3/global.URIError.thrown.js: wrong exception for decodeURI incomplete escape; wrong exception for decodeURI invalid hex; wrong exception for decodeURI invalid UTF-8; wrong exception for decodeURIComponent incomplete escape; wrong exception for decodeURIComponent invalid hex; wrong exception for encodeURI lone low surrogate; wro
es3/global.decodeURIComponent.js: ReferenceError: "decodeURIComponent" is not defined
es3/global.decodeURI.js: ReferenceError: "decodeURI" is not defined
es3/global.encodeURIComponent.js: ReferenceError: "encodeURIComponent" is not defined
es3/global.encodeURI.js: ReferenceError: "encodeURI" is not defined
es3/global.undefined.js: OK
es3/identifiers.unicode.js: OK
es3/instanceof.js: OK
es3/in.js: OK
es3/labelled.break.js: OK
es3/labelled.continue.js: OK
es3/labelled.statements.js: OK
es3/literals.array.elisions.js: OK
es3/literals.array.js: OK
es3/literals.array.trailing-comma.js: OK
es3/literals.object.decimal.js: OK
es3/literals.object.hex.js: OK
es3/literals.object.int.js: OK
es3/literals.object.js: OK
es3/literals.object.str.js: OK
es3/literals.object.unicode.js: OK
es3/literals.regex.ambiguous.js: OK
es3/literals.regex.empty.js: OK
es3/literals.regex.js: OK
es3/literals.string.esc-v.js: OK
es3/nested-functions.eval.js: OK
es3/nested-functions.js: OK
es3/regex.backref.js: OK
es3/regex.begin.js: OK
es3/regex.bracket.esc-b.js: OK
es3/regex.bracket.js: TypeError: cannot convert null to Object
es3/regex.bracket.ranges.js: Exception in FunctionInfo regex.bracket.ranges.js, block @9 opcode 5 java.lang.IllegalArgumentException: newPosition > limit: (7 > 6) at java.base/java.nio.Buffer.createPositionException(Buffer.java:351)
es3/regex.class.esc-d.js: OK
es3/regex.class.esc-s.js: OK
es3/regex.class.esc-w.js: OK
es3/regex.disjunction.js: OK
es3/regex.dot.js: OK
es3/regex.end.js: OK
es3/regex.escape.control.js: \f failed
es3/regex.escape.hex.js: OK
es3/regex.escape.js: TypeError: cannot convert null to Object
es3/regex.escape.nul.js: OK
es3/regex.escape.unicode.js: OK
es3/regex.flag.global.js: TypeError: cannot call value undefined
es3/regex.flag.ignorecase.js: case insensitive failed; charclass failed; single char failed
es3/regex.flag.multiline.js: ^ after LF failed; $ before LF failed
es3/regex.group.js: OK
es3/regex.lookahead.js: TypeError: cannot convert null to Object
es3/regex.negative-lookahead.js: OK
es3/regex.non-capturing-group.js: OK
es3/regex.quantifier.exact.js: OK
es3/regex.quantifier.maybe.js: OK
es3/regex.quantifier.min.js: OK
es3/regex.quantifier.plus.js: OK
es3/regex.quantifier.range.js: OK
es3/regex.quantifier.star.js: OK
es3/regex.word-boundary.js: \b word boundary failed; \B non-boundary failed
es3/source.line-terminators.js: OK
es3/source.whitespace.js: OK
es3/source.whitespace.unicode.js: OK
es3/strict-equals.js: OK
es3/switch.js: switch fall-through failed
es3/try-catch-finally.js: kotlin.NotImplementedError: Try-statement finally blocks at com.reevajs.reeva.transformer.Transformer.unsupported(Transformer.kt:2042)
es3/try-catch-throw.js: OK
es5/Array.isArray.js: OK
es5/Array.prototype.every.js: OK
es5/Array.prototype.filter.js: OK
es5/Array.prototype.forEach.js: OK
es5/Array.prototype.indexOf.js: OK
es5/Array.prototype.lastIndexOf.js: OK
es5/Array.prototype.map.js: OK
es5/Array.prototype.reduceRight.js: OK
es5/Array.prototype.reduce.js: OK
es5/Array.prototype.some.js: OK
es5/Array.prototype.sort.TypeError.js: OK
es5/Array.prototype.sort.undefined-comparefn.js: TypeError: cannot call value undefined
es5/Date.now.js: OK
es5/Date.prototype.toISOString.js: invalid date does not throw RangeError
es5/Date.prototype.toJSON.js: invalid date does not return null
es5/Function.prototype-not-enumerable.js: OK
es5/Function.prototype.apply.array-like.js: OK
es5/Function.prototype.bind.js: OK
es5/JSON.js: OK
es5/JSON.parse.js: OK
es5/JSON.parse.reviver.js: failed to apply reviver function; failed to delete property for which reviver returned undefined
es5/JSON.stringify.js: OK
es5/JSON.stringify.replacer.js: OK
es5/JSON.stringify.space.js: OK
es5/Object.create.js: OK
es5/Object.defineProperties.js: OK
es5/Object.defineProperty.js: OK
es5/Object.freeze.js: OK
es5/Object.getOwnPropertyDescriptor.js: OK
es5/Object.getOwnPropertyNames.js: OK
es5/Object.getPrototypeOf.js: OK
es5/Object.isExtensible.js: OK
es5/Object.isFrozen.js: OK
es5/Object.isSealed.js: frozen object is sealed failed
es5/Object.keys.js: OK
es5/Object.preventExtensions.js: OK
es5/Object.property-shadowing.js: OK
es5/Object.seal.js: OK
es5/String.indexing.js: OK
es5/String.prototype.trim.js: OK
es5/arguments.toStringTag.js: OK
es5/debugger.js: kotlin.NotImplementedError: An operation is not implemented.
es5/global.Infinity.immutable.js: OK
es5/global.NaN.immutable.js: OK
es5/global.parseInt.no-octal.js: OK
es5/global.undefined.immutable.js: com.reevajs.reeva.utils.ExpectationError: Expectation failed
es5/literals.object.getters.js: OK
es5/literals.object.setters.js: OK
es5/literals.object.trailing-comma.js: OK
es5/source.keyword-properties.js: OK
es5/source.unreserved-words.js: OK
es5/source.whitespace.bom.js: SyntaxError: invalid token "\ufeff"
es5/source.zero-width-chars.js: OK
es5/strict.eval-cannot-create-bindings.js: failed
es5/strict.function-expr-with-matching-name.js: OK
es5/strict.js: OK
es5/strict.no-arguments-callee.js: OK
es5/strict.no-arguments-caller.js: OK
es5/strict.no-assignment-to-non-writable.js: failed
es5/strict.no-assignment-to-unresolvable.js: failed
es5/strict.no-delete-bindings.js: ReferenceError: TODO: message (DeclarativeEnvRecord::setMutableBinding 1)
es5/strict.no-delete-non-configurable.js: OK
es5/strict.no-duplicate-parameters.js: ReferenceError: TODO: message (DeclarativeEnvRecord::setMutableBinding 1)
es5/strict.no-eval-or-arguments-assignment.js: ReferenceError: TODO: message (DeclarativeEnvRecord::setMutableBinding 1)
es5/strict.no-eval-or-arguments-bindings.js: ReferenceError: TODO: message (DeclarativeEnvRecord::setMutableBinding 1)
es5/strict.no-function-caller-or-arguments.js: OK
es5/strict.no-octal-literals.js: ReferenceError: TODO: message (DeclarativeEnvRecord::setMutableBinding 1)
es5/strict.no-with.js: OK
es5/strict.reserved-words.js: ReferenceError: TODO: message (DeclarativeEnvRecord::setMutableBinding 1)
es5/strict.this-primitive-not-coerced-in-accessors.js: ReferenceError: TODO: message (DeclarativeEnvRecord::setMutableBinding 1)
es5/strict.this-primitive-not-coerced.js: OK
es5/strict.this-undefined-in-function.js: Exception in FunctionInfo <anonymous>:10, block @2 opcode 4 Exception in FunctionInfo strict.this-undefined-in-function.js, block @0 opcode 3 java.lang.IllegalArgumentException: fromIndex(1) > toIndex(0)
es5/strict.unmapped-arguments.js: OK
es5/this.thrown-function.js: OK
kangax-es5/Array.isArray.js: OK
kangax-es5/Array.prototype.every.js: OK
kangax-es5/Array.prototype.filter.js: OK
kangax-es5/Array.prototype.forEach.js: OK
kangax-es5/Array.prototype.indexOf.js: OK
kangax-es5/Array.prototype.lastIndexOf.js: OK
kangax-es5/Array.prototype.map.js: OK
kangax-es5/Array.prototype.reduceRight.js: OK
kangax-es5/Array.prototype.reduce.js: OK
kangax-es5/Array.prototype.some.js: OK
kangax-es5/Array.prototype.sort.compareFn-type.js: OK
kangax-es5/Array.prototype.sort.compareFn-undefined.js: failed
kangax-es5/Array.prototype.unshift.return-count.js: OK
kangax-es5/Date.now.js: OK
kangax-es5/Date.prototype.toISOString.js: OK
kangax-es5/Date.prototype.toJSON.js: failed
kangax-es5/Function.prototype.bind.js: OK
kangax-es5/JSON.js: OK
kangax-es5/Number.prototype.toExponential.no-throw-edge-cases.js: OK
kangax-es5/Number.prototype.toExponential.rounds-properly.js: OK
kangax-es5/Number.prototype.toExponential.throws-infinity.js: OK
kangax-es5/Object.create.js: OK
kangax-es5/Object.defineProperties.js: OK
kangax-es5/Object.defineProperty.js: OK
kangax-es5/Object.freeze.js: OK
kangax-es5/Object.getOwnPropertyDescriptor.js: OK
kangax-es5/Object.getOwnPropertyNames.js: OK
kangax-es5/Object.getPrototypeOf.js: OK
kangax-es5/Object.isExtensible.js: OK
kangax-es5/Object.isFrozen.js: OK
kangax-es5/Object.isSealed.js: OK
kangax-es5/Object.keys.js: OK
kangax-es5/Object.preventExtensions.js: OK
kangax-es5/Object.seal.js: OK
kangax-es5/String.property-access.js: OK
kangax-es5/String.prototype.split.js: Exception in FunctionInfo testCode, block @19 opcode 6 Exception in FunctionInfo String.prototype.split.js, block @2 opcode 2 kotlin.NotImplementedError: An operation is not implemented.
kangax-es5/String.prototype.trim.js: OK
kangax-es5/annex-b.String.prototype.substr.js: TypeError: cannot call value undefined
kangax-es5/immutable-globals.Infinity.js: OK
kangax-es5/immutable-globals.NaN.js: OK
kangax-es5/immutable-globals.undefined.js: com.reevajs.reeva.utils.ExpectationError: Expectation failed
kangax-es5/literals.getter-accessors.js: OK
kangax-es5/literals.reserved-words-properties.js: OK
kangax-es5/literals.setter-accessors.js: OK
kangax-es5/literals.trailing-comma-array.js: OK
kangax-es5/literals.trailing-comma-object.js: OK
kangax-es5/misc.Arguments.toStringTag.js: OK
kangax-es5/misc.Function.apply.array-likes.js: OK
kangax-es5/misc.Function.prototype.non-enumerable.js: OK
kangax-es5/misc.enumerable-shadow.js: OK
kangax-es5/misc.parseInt.ignores-leading-zeros.js: OK
kangax-es5/misc.thrown-functions-this.js: OK
kangax-es5/misc.unreserved-words.js: OK
kangax-es5/misc.zero-width-identifiers.js: OK
kangax-es5/strict.arguments-callee-error.js: OK
kangax-es5/strict.arguments-caller-error.js: OK
kangax-es5/strict.arguments-unmapped.js: OK
kangax-es5/strict.assignment-eval-arguments-error.js: failed
kangax-es5/strict.assignment-non-writable-error.js: failed
kangax-es5/strict.assignment-unresolvable-error.js: failed
kangax-es5/strict.delete-bindings-error.js: failed
kangax-es5/strict.delete-non-configurable-error.js: OK
kangax-es5/strict.eval-arguments-bindings-error.js: failed
kangax-es5/strict.eval-no-bindings.js: failed
kangax-es5/strict.function-caller-arguments-error.js: OK
kangax-es5/strict.function-expr-matching-name-arg.js: OK
kangax-es5/strict.legacy-octal-error.js: failed
kangax-es5/strict.repeated-params-error.js: Exception in FunctionInfo testCode, block @2 opcode 3 Exception in FunctionInfo strict.repeated-params-error.js, block @2 opcode 2 kotlin.NotImplementedError: An operation is not implemented: Handle duplicate parameter names
kangax-es5/strict.reserved-words.js: ReferenceError: TODO: message (DeclarativeEnvRecord::setMutableBinding 1)
kangax-es5/strict.this-not-coerced-accessors.js: ReferenceError: TODO: message (DeclarativeEnvRecord::setMutableBinding 1)
kangax-es5/strict.this-not-coerced-methods.js: OK
kangax-es5/strict.this-undefined.js: Exception in FunctionInfo testCode, block @1 opcode 5 Exception in FunctionInfo strict.this-undefined.js, block @2 opcode 2 java.lang.IllegalArgumentException: fromIndex(1) > toIndex(0)
kangax-es5/strict.with-error.js: OK
kangax-es6/Array.Symbol.species.js: OK
kangax-es6/Array.from.array-like.js: OK
kangax-es6/Array.from.generator.js: OK
kangax-es6/Array.from.iterable-instance.js: OK
kangax-es6/Array.from.iterable.js: OK
kangax-es6/Array.from.iterator-closing.js: OK
kangax-es6/Array.from.map.array-like.js: OK
kangax-es6/Array.from.map.generator.js: OK
kangax-es6/Array.from.map.iterable-instance.js: OK
kangax-es6/Array.from.map.iterable.js: OK
kangax-es6/Array.iterator-prototype-chain.js: OK
kangax-es6/Array.of.js: OK
kangax-es6/Array.prototype.Symbol.iterator.js: OK
kangax-es6/Array.prototype.Symbol.unscopables.js: OK
kangax-es6/Array.prototype.copyWithin.js: OK
kangax-es6/Array.prototype.entries.js: OK
kangax-es6/Array.prototype.fill.js: OK
kangax-es6/Array.prototype.findIndex.js: OK
kangax-es6/Array.prototype.find.js: OK
kangax-es6/Array.prototype.keys.js: OK
kangax-es6/Array.prototype.splice.js: OK
kangax-es6/Array.prototype.values.js: OK
kangax-es6/Date.prototype.Symbol.toPrimitive.js: OK
kangax-es6/Function.name.accessor.js: OK
kangax-es6/Function.name.bound.js: failed
kangax-es6/Function.name.class-expression.js: failed
kangax-es6/Function.name.class-object-method.js: failed
kangax-es6/Function.name.class-prototype.js: OK
kangax-es6/Function.name.class-statement.js: failed
kangax-es6/Function.name.class-static.js: OK
kangax-es6/Function.name.class-variable.js: failed
kangax-es6/Function.name.configurable.js: OK
kangax-es6/Function.name.expression.js: failed
kangax-es6/Function.name.new-Function.js: OK
kangax-es6/Function.name.object-method.js: failed
kangax-es6/Function.name.shorthand.js: failed
kangax-es6/Function.name.shorthand.no-lexical.js: OK
kangax-es6/Function.name.statement.js: failed
kangax-es6/Function.name.symbol-keyed.js: failed
kangax-es6/Function.name.variable.js: failed
kangax-es6/Map.Symbol.species.js: OK
kangax-es6/Map.constructor-accepts-null.js: OK
kangax-es6/Map.constructor-arguments.js: OK
kangax-es6/Map.constructor-invokes-set.js: OK
kangax-es6/Map.constructor-requires-new.js: OK
kangax-es6/Map.iterator-closing.js: OK
kangax-es6/Map.iterator-prototype-chain.js: OK
kangax-es6/Map.js: OK
kangax-es6/Map.prototype-not-instance.js: OK
kangax-es6/Map.prototype.Symbol.iterator.js: OK
kangax-es6/Map.prototype.clear.js: OK
kangax-es6/Map.prototype.delete.js: OK
kangax-es6/Map.prototype.entries.js: OK
kangax-es6/Map.prototype.forEach.js: OK
kangax-es6/Map.prototype.keys.js: OK
kangax-es6/Map.prototype.set-returns-this.js: OK
kangax-es6/Map.prototype.size.js: OK
kangax-es6/Map.prototype.values.js: OK
kangax-es6/Map.zero-key.js: failed
kangax-es6/Math.acosh.js: OK
kangax-es6/Math.asinh.js: OK
kangax-es6/Math.atanh.js: OK
kangax-es6/Math.cbrt.js: OK
kangax-es6/Math.clz32.js: OK
kangax-es6/Math.cosh.js: OK
kangax-es6/Math.expm1.js: OK
kangax-es6/Math.fround.js: OK
kangax-es6/Math.hypot.js: OK
kangax-es6/Math.imul.js: OK
kangax-es6/Math.log1p.js: OK
kangax-es6/Math.log2.js: OK
kangax-es6/Math.log10.js: OK
kangax-es6/Math.sign.js: OK
kangax-es6/Math.sinh.js: OK
kangax-es6/Math.tanh.js: OK
kangax-es6/Math.trunc.js: OK
kangax-es6/Number.EPSILON.js: OK
kangax-es6/Number.MAX_SAFE_INTEGER.js: OK
kangax-es6/Number.MIN_SAFE_INTEGER.js: OK
kangax-es6/Number.isFinite.js: OK
kangax-es6/Number.isInteger.js: OK
kangax-es6/Number.isNaN.js: OK
kangax-es6/Number.isSafeInteger.js: OK
kangax-es6/Number.parseFloat.js: failed
kangax-es6/Number.parseInt.js: failed
kangax-es6/Object.assign.js: OK
kangax-es6/Object.getOwnPropertySymbols.js: OK
kangax-es6/Object.is.js: OK
kangax-es6/Object.setPrototypeOf.js: OK
kangax-es6/Promise.Symbol.species.js: TypeError: right-hand side of "in" operator must be an object
kangax-es6/Promise.all.iterable.js: OK
kangax-es6/Promise.all.js: OK
kangax-es6/Promise.constructor-requires-new.js: OK
kangax-es6/Promise.js: OK
kangax-es6/Promise.prototype-not-instance.js: OK
kangax-es6/Promise.race.iterable.js: TypeError: cannot call value undefined
kangax-es6/Promise.race.js: TypeError: cannot call value undefined
kangax-es6/Proxy.Array.isArray.js: OK
kangax-es6/Proxy.JSON.stringify.js: OK
kangax-es6/Proxy.constructor-requires-new.js: OK
kangax-es6/Proxy.handler.apply.invariants.js: OK
kangax-es6/Proxy.handler.apply.js: OK
kangax-es6/Proxy.handler.construct.invariants.js: OK
kangax-es6/Proxy.handler.construct.js: OK
kangax-es6/Proxy.handler.defineProperty.invariants.js: OK
kangax-es6/Proxy.handler.defineProperty.js: OK
kangax-es6/Proxy.handler.deleteProperty.invariants.js: OK
kangax-es6/Proxy.handler.deleteProperty.js: OK
kangax-es6/Proxy.handler.getOwnPropertyDescriptor.invariants.js: OK
kangax-es6/Proxy.handler.getOwnPropertyDescriptor.js: OK
kangax-es6/Proxy.handler.getPrototypeOf.invariants.js: OK
kangax-es6/Proxy.handler.getPrototypeOf.js: OK
kangax-es6/Proxy.handler.get.instances.js: OK
kangax-es6/Proxy.handler.get.invariants.js: OK
kangax-es6/Proxy.handler.get.js: OK
kangax-es6/Proxy.handler.has.instances.js: OK
kangax-es6/Proxy.handler.has.invariants.js: SyntaxError: expected }, but found in
kangax-es6/Proxy.handler.has.js: OK
kangax-es6/Proxy.handler.isExtensible.invariants.js: OK
kangax-es6/Proxy.handler.isExtensible.js: OK
kangax-es6/Proxy.handler.ownKeys.invariants.js: Exception in FunctionInfo testCode, block @2 opcode 12 Exception in FunctionInfo Proxy.handler.ownKeys.invariants.js, block @2 opcode 2 java.lang.IllegalStateException: Encountered unreachable() call
kangax-es6/Proxy.handler.ownKeys.js: OK
kangax-es6/Proxy.handler.preventExtensions.invariants.js: OK
kangax-es6/Proxy.handler.preventExtensions.js: OK
kangax-es6/Proxy.handler.setPrototypeOf.invariants.js: OK
kangax-es6/Proxy.handler.setPrototypeOf.js: OK
kangax-es6/Proxy.handler.set.instances.js: failed
kangax-es6/Proxy.handler.set.invariants.js: OK
kangax-es6/Proxy.handler.set.js: failed
kangax-es6/Proxy.no-prototype.js: OK
kangax-es6/Proxy.revocable.js: OK
kangax-es6/Reflect.apply.js: OK
kangax-es6/Reflect.construct.Array-subclassing.js: OK
kangax-es6/Reflect.construct.Function-subclassing.js: OK
kangax-es6/Reflect.construct.Promise-subclassing.js: OK
kangax-es6/Reflect.construct.RegExp-subclassing.js: TypeError: cannot convert null to Object
kangax-es6/Reflect.construct.js: OK
kangax-es6/Reflect.construct.new-target.js: OK
kangax-es6/Reflect.construct.third-argument.js: OK
kangax-es6/Reflect.defineProperty.js: OK
kangax-es6/Reflect.deleteProperty.js: OK
kangax-es6/Reflect.getOwnPropertyDescriptor.js: OK
kangax-es6/Reflect.getPrototypeOf.js: OK
kangax-es6/Reflect.get.js: OK
kangax-es6/Reflect.has.js: OK
kangax-es6/Reflect.isExtensible.js: OK
kangax-es6/Reflect.ownKeys.string.js: TypeError: cannot call value undefined
kangax-es6/Reflect.ownKeys.symbol.js: OK
kangax-es6/Reflect.preventExtensions.js: OK
kangax-es6/Reflect.setPrototypeOf.js: OK
kangax-es6/Reflect.set.js: OK
kangax-es6/RegExp.Symbol.species.js: OK
kangax-es6/RegExp.prototype.Symbol.match.js: OK
kangax-es6/RegExp.prototype.Symbol.replace.js: OK
kangax-es6/RegExp.prototype.Symbol.search.js: OK
kangax-es6/RegExp.prototype.Symbol.split.js: OK
kangax-es6/RegExp.prototype.flags.js: OK
kangax-es6/Set.Symbol.species.js: OK
kangax-es6/Set.constructor-accepts-null.js: OK
kangax-es6/Set.constructor-arguments.js: OK
kangax-es6/Set.constructor-invokes-add.js: OK
kangax-es6/Set.constructor-requires-new.js: OK
kangax-es6/Set.iterator-closing.js: OK
kangax-es6/Set.iterator-prototype-chain.js: OK
kangax-es6/Set.js: OK
kangax-es6/Set.prototype-not-instance.js: OK
kangax-es6/Set.prototype.Symbol.iterator.js: OK
kangax-es6/Set.prototype.add-returns-this.js: OK
kangax-es6/Set.prototype.clear.js: OK
kangax-es6/Set.prototype.delete.js: OK
kangax-es6/Set.prototype.entries.js: OK
kangax-es6/Set.prototype.forEach.js: OK
kangax-es6/Set.prototype.keys.js: OK
kangax-es6/Set.prototype.size.js: OK
kangax-es6/Set.prototype.values.js: OK
kangax-es6/Set.zero-key.js: failed
kangax-es6/String.fromCodePoint.js: OK
kangax-es6/String.iterator-prototype-chain.js: OK
kangax-es6/String.prototype.Symbol.iterator.js: OK
kangax-es6/String.prototype.codePointAt.js: OK
kangax-es6/String.prototype.endsWith.js: OK
kangax-es6/String.prototype.endsWith.throws-regex.js: SyntaxError: expected }, but found .
kangax-es6/String.prototype.includes.js: OK
kangax-es6/String.prototype.normalize.js: failed
kangax-es6/String.prototype.repeat.js: OK
kangax-es6/String.prototype.startsWith.js: OK
kangax-es6/String.prototype.startsWith.throws-regex.js: SyntaxError: expected }, but found .
kangax-es6/String.raw.js: failed
kangax-es6/Symbol.JSON.stringify.object.js: OK
kangax-es6/Symbol.JSON.stringify.primitive.js: OK
kangax-es6/Symbol.Object.js: failed
kangax-es6/Symbol.String.js: OK
kangax-es6/Symbol.defineProperty.js: OK
kangax-es6/Symbol.global-registry.js: OK
kangax-es6/Symbol.hidden-keys.js: ReferenceError: "x" is not defined
kangax-es6/Symbol.js: OK
kangax-es6/Symbol.no-coerce.js: OK
kangax-es6/Symbol.no-new.js: OK
kangax-es6/Symbol.prototype.js: OK
kangax-es6/Symbol.typeof.js: OK
kangax-es6/WeakMap.accept-primitives.js: ReferenceError: "WeakMap" is not defined
kangax-es6/WeakMap.constructor-accepts-null.js: ReferenceError: "WeakMap" is not defined
kangax-es6/WeakMap.constructor-arguments.js: ReferenceError: "WeakMap" is not defined
kangax-es6/WeakMap.constructor-invokes-set.js: ReferenceError: "WeakMap" is not defined
kangax-es6/WeakMap.constructor-requires-new.js: ReferenceError: "WeakMap" is not defined
kangax-es6/WeakMap.frozen-keys.js: ReferenceError: "WeakMap" is not defined
kangax-es6/WeakMap.iterator-closing.js: failed
kangax-es6/WeakMap.js: ReferenceError: "WeakMap" is not defined
kangax-es6/WeakMap.no-clear.js: ReferenceError: "WeakMap" is not defined
kangax-es6/WeakMap.prototype-not-instance.js: ReferenceError: "WeakMap" is not defined
kangax-es6/WeakMap.prototype.delete.js: ReferenceError: "WeakMap" is not defined
kangax-es6/WeakMap.prototype.set-returns-this.js: ReferenceError: "WeakMap" is not defined
kangax-es6/WeakSet.accept-primitives.js: ReferenceError: "WeakSet" is not defined
kangax-es6/WeakSet.constructor-accepts-null.js: ReferenceError: "WeakSet" is not defined
kangax-es6/WeakSet.constructor-arguments.js: ReferenceError: "WeakSet" is not defined
kangax-es6/WeakSet.constructor-invokes-add.js: ReferenceError: "WeakSet" is not defined
kangax-es6/WeakSet.constructor-requires-new.js: ReferenceError: "WeakSet" is not defined
kangax-es6/WeakSet.iterator-closing.js: failed
kangax-es6/WeakSet.js: ReferenceError: "WeakSet" is not defined
kangax-es6/WeakSet.no-clear.js: ReferenceError: "WeakSet" is not defined
kangax-es6/WeakSet.prototype-not-instance.js: ReferenceError: "WeakSet" is not defined
kangax-es6/WeakSet.prototype.add-returns-this.js: ReferenceError: "WeakSet" is not defined
kangax-es6/WeakSet.prototype.delete.js: ReferenceError: "WeakSet" is not defined
kangax-es6/annex-b.RegExp.prototype.compile.js: failed
kangax-es6/annex-b.RegExp.prototype.compile.returns-this.js: TypeError: cannot call value undefined
kangax-es6/annex-b.String.prototype.html.existence.js: failed
kangax-es6/annex-b.String.prototype.html.lowercase.js: TypeError: cannot call value undefined
kangax-es6/annex-b.String.prototype.html.quotes-escaped.js: TypeError: cannot call value undefined
kangax-es6/annex-b.function.hoisted-block-level.js: ReferenceError: "g" is not defined
kangax-es6/annex-b.function.if-statement.js: SyntaxError: function declarations are not allowed in single-statement contexts
kangax-es6/annex-b.function.labeled.js: SyntaxError: function declarations are not allowed in single-statement contexts
kangax-es6/annex-b.html-comments.js: SyntaxError: expected primary expression, but found >
kangax-es6/annex-b.regex.backreferences-octal.js: TypeError: cannot convert null to Object
kangax-es6/annex-b.regex.hyphens.js: SyntaxError: Invalid char class range member
kangax-es6/annex-b.regex.incomplete-patterns.js: OK
kangax-es6/annex-b.regex.invalid-char-escapes.js: TypeError: cannot convert null to Object
kangax-es6/annex-b.regex.invalid-control-escapes.js: TypeError: cannot convert null to Object
kangax-es6/annex-b.regex.invalid-hex-escapes.js: OK
kangax-es6/annex-b.regex.invalid-unicode-escapes.js: OK
kangax-es6/annex-b.regex.octal-escapes.js: TypeError: cannot convert null to Object
kangax-es6/annex-b.__proto__.Object.prototype.absent-from-null.js: OK
kangax-es6/annex-b.__proto__.Object.prototype.descriptor.js: OK
kangax-es6/annex-b.__proto__.Object.prototype.getOwnPropertyNames.js: OK
kangax-es6/annex-b.__proto__.Object.prototype.get.js: OK
kangax-es6/annex-b.__proto__.Object.prototype.hasOwnProperty.js: OK
kangax-es6/annex-b.__proto__.Object.prototype.set.js: OK
kangax-es6/annex-b.__proto__.literals.js: OK
kangax-es6/annex-b.__proto__.literals.multiple-error.js: failed
kangax-es6/annex-b.__proto__.literals.not-computed.js: failed
kangax-es6/annex-b.__proto__.literals.not-shorthand-method.js: failed
kangax-es6/annex-b.__proto__.literals.not-shorthand-property.js: failed
kangax-es6/arrow.0-params.js: OK
kangax-es6/arrow.1-param.js: OK
kangax-es6/arrow.5-param.js: OK
kangax-es6/arrow.bind.js: failed
kangax-es6/arrow.lexical-arguments.js: ReferenceError: "arguments" is not defined
kangax-es6/arrow.lexical-super.constructor.js: Exception in FunctionInfo <anonymous>, block @0 opcode 2 Exception in FunctionInfo C, block @0 opcode 4 Exception in FunctionInfo testCode, block @0 opcode 15 Exception in FunctionInfo arrow.lexical-super.constructor.js, block @2 opcode 2 kotlin.NotImplementedError: An operation is not implemented: 
kangax-es6/arrow.lexical-super.methods.js: Exception in FunctionInfo testCode, block @0 opcode 16 Exception in FunctionInfo arrow.lexical-super.methods.js, block @2 opcode 2 java.lang.ArrayIndexOutOfBoundsException: Index 2 out of bounds for length 2
kangax-es6/arrow.lexical-this.js: TypeError: cannot convert undefined to Object
kangax-es6/arrow.new-target.js: failed
kangax-es6/arrow.no-line-break.js: OK
kangax-es6/arrow.no-prototype.js: failed
kangax-es6/arrow.precedence.js: Exception in FunctionInfo <anonymous>, block @2 opcode 3 Exception in FunctionInfo testCode, block @0 opcode 2 Exception in FunctionInfo arrow.precedence.js, block @2 opcode 2 java.lang.IllegalArgumentException: List has more than one element.
kangax-es6/arrow.this-call-apply.js: failed
kangax-es6/class.accessor-properties.js: OK
kangax-es6/class.anonymous.js: OK
kangax-es6/class.block-scoped.js: OK
kangax-es6/class.computed-accessor-properties.js: OK
kangax-es6/class.computed-names-tdz.js: OK
kangax-es6/class.computed-prototype-methods.js: OK
kangax-es6/class.computed-static-accessor-properties.js: OK
kangax-es6/class.computed-static-methods.js: OK
kangax-es6/class.constructor-requires-new.js: OK
kangax-es6/class.constructor.js: OK
kangax-es6/class.expression.js: OK
kangax-es6/class.extends-expressions.js: Exception in FunctionInfo testCode, block @0 opcode 14 Exception in FunctionInfo class.extends-expressions.js, block @2 opcode 2 java.lang.ArrayIndexOutOfBoundsException: Index 2 out of bounds for length 2
kangax-es6/class.extends-null.js: OK
kangax-es6/class.extends.js: Exception in FunctionInfo testCode, block @0 opcode 12 Exception in FunctionInfo class.extends.js, block @2 opcode 2 java.lang.ArrayIndexOutOfBoundsException: Index 2 out of bounds for length 2
kangax-es6/class.implicit-strict.js: OK
kangax-es6/class.lexical-name.js: com.reevajs.reeva.utils.ExpectationError: Expectation failed
kangax-es6/class.methods-not-enumerable.js: OK
kangax-es6/class.new-target.js: Exception in FunctionInfo testCode, block @0 opcode 23 Exception in FunctionInfo class.new-target.js, block @2 opcode 2 java.lang.ArrayIndexOutOfBoundsException: Index 2 out of bounds for length 2
kangax-es6/class.optional-semicolons.js: OK
kangax-es6/class.prototype-methods.js: OK
kangax-es6/class.statement.js: OK
kangax-es6/class.static-accessor-properties.js: OK
kangax-es6/class.static-methods.js: OK
kangax-es6/class.string-keyed-methods.js: OK
kangax-es6/const.basic.js: OK
kangax-es6/const.block-scoped.js: OK
kangax-es6/const.for-in.js: OK
kangax-es6/const.for-loop.js: OK
kangax-es6/const.for-of.js: OK
kangax-es6/const.no-redefine.js: Exception in FunctionInfo testCode, block @2 opcode 3 Exception in FunctionInfo const.no-redefine.js, block @2 opcode 2 com.reevajs.reeva.utils.ExpectationError: Expectation failed
kangax-es6/const.no-statement.js: OK
kangax-es6/const.shadow.js: OK
kangax-es6/const.strict.basic.js: OK
kangax-es6/const.strict.block-scoped.js: OK
kangax-es6/const.strict.for-in.js: ReferenceError: TODO: message (DeclarativeEnvRecord::setMutableBinding 1)
kangax-es6/const.strict.for-loop.js: OK
kangax-es6/const.strict.for-of.js: ReferenceError: TODO: message (DeclarativeEnvRecord::setMutableBinding 1)
kangax-es6/const.strict.no-redefine.js: Exception in FunctionInfo testCode, block @2 opcode 3 Exception in FunctionInfo const.strict.no-redefine.js, block @2 opcode 2 com.reevajs.reeva.utils.ExpectationError: Expectation failed
kangax-es6/const.strict.no-statement.js: OK
kangax-es6/const.strict.shadow.js: OK
kangax-es6/const.strict.tdz.js: Exception in FunctionInfo <anonymous>:11, block @2 opcode 0 Exception in FunctionInfo testCode, block @0 opcode 5 Exception in FunctionInfo const.strict.tdz.js, block @2 opcode 2 com.reevajs.reeva.utils.ECMAError: ECMA assertion failed
kangax-es6/const.tdz.js: Exception in FunctionInfo <anonymous>:10, block @2 opcode 0 Exception in FunctionInfo testCode, block @0 opcode 5 Exception in FunctionInfo const.tdz.js, block @2 opcode 2 com.reevajs.reeva.utils.ECMAError: ECMA assertion failed
kangax-es6/default-params.arguments.js: ReferenceError: "arguments" is not defined
kangax-es6/default-params.basic.js: Exception in FunctionInfo <anonymous>:10, block @4 opcode 0 Exception in FunctionInfo testCode, block @0 opcode 3 Exception in FunctionInfo default-params.basic.js, block @2 opcode 2 com.reevajs.reeva.utils.ECMAError: ECMA assertion failed
kangax-es6/default-params.explicit-undefined.js: Exception in FunctionInfo <anonymous>:10, block @5 opcode 1 Exception in FunctionInfo testCode, block @0 opcode 4 Exception in FunctionInfo default-params.explicit-undefined.js, block @2 opcode 2 com.reevajs.reeva.utils.ECMAError: ECMA assertion failed
kangax-es6/default-params.new-function.js: Exception in FunctionInfo anonymous, block @4 opcode 0 Exception in FunctionInfo testCode, block @0 opcode 8 Exception in FunctionInfo default-params.new-function.js, block @2 opcode 2 com.reevajs.reeva.utils.ECMAError: ECMA assertion failed
kangax-es6/default-params.refer-previous.js: OK
kangax-es6/default-params.separate-scope.js: OK
kangax-es6/default-params.tdz.js: failed
kangax-es6/destructuring-assign.array.js: SyntaxError: invalid expression in assignment context
kangax-es6/destructuring-assign.astral-string.js: SyntaxError: invalid expression in assignment context
kangax-es6/destructuring-assign.chained-iterable.js: SyntaxError: invalid expression in assignment context
kangax-es6/destructuring-assign.chained-object.js: SyntaxError: invalid expression in assignment context
kangax-es6/destructuring-assign.computed-properties.js: SyntaxError: invalid expression in assignment context
kangax-es6/destructuring-assign.defaults.js: SyntaxError: expected :, but found =
kangax-es6/destructuring-assign.empty-patterns.js: SyntaxError: invalid expression in assignment context
kangax-es6/destructuring-assign.generator.js: SyntaxError: invalid expression in assignment context
kangax-es6/destructuring-assign.iterable-expression.js: SyntaxError: invalid expression in assignment context
kangax-es6/destructuring-assign.iterable-instance.js: SyntaxError: invalid expression in assignment context
kangax-es6/destructuring-assign.iterable.js: SyntaxError: invalid expression in assignment context
kangax-es6/destructuring-assign.iterator-closing.js: SyntaxError: invalid expression in assignment context
kangax-es6/destructuring-assign.nested-rest.js: SyntaxError: invalid expression in assignment context
kangax-es6/destructuring-assign.nested.js: SyntaxError: invalid expression in assignment context
kangax-es6/destructuring-assign.object-expression.js: SyntaxError: invalid expression in assignment context
kangax-es6/destructuring-assign.object-primitives.js: SyntaxError: invalid expression in assignment context
kangax-es6/destructuring-assign.object.js: SyntaxError: invalid expression in assignment context
kangax-es6/destructuring-assign.parenthesised-error.js: SyntaxError: invalid expression in assignment context
kangax-es6/destructuring-assign.rest.js: SyntaxError: invalid expression in assignment context
kangax-es6/destructuring-assign.sparse-array.js: SyntaxError: invalid expression in assignment context
kangax-es6/destructuring-assign.string.js: SyntaxError: invalid expression in assignment context
kangax-es6/destructuring-assign.throws-null-undefined.js: SyntaxError: invalid expression in assignment context
kangax-es6/destructuring-assign.trailing-comma-iterable.js: SyntaxError: invalid expression in assignment context
kangax-es6/destructuring-assign.trailing-comma-object.js: SyntaxError: invalid expression in assignment context
kangax-es6/destructuring-decl.array.js: OK
kangax-es6/destructuring-decl.astral-string.js: failed
kangax-es6/destructuring-decl.catch.js: OK
kangax-es6/destructuring-decl.computed-properties.js: OK
kangax-es6/destructuring-decl.defaults-tdz.js: Exception in FunctionInfo eval, block @1 opcode 1 Exception in FunctionInfo testCode, block @4 opcode 3 Exception in FunctionInfo destructuring-decl.defaults-tdz.js, block @2 opcode 2 java.lang.NullPointerException
kangax-es6/destructuring-decl.defaults.js: failed
kangax-es6/destructuring-decl.for-in.js: OK
kangax-es6/destructuring-decl.for-of.js: OK
kangax-es6/destructuring-decl.generator.js: OK
kangax-es6/destructuring-decl.iterable-instance.js: OK
kangax-es6/destructuring-decl.iterable.js: OK
kangax-es6/destructuring-decl.iterator-closing.js: failed
kangax-es6/destructuring-decl.multiple-var.js: OK
kangax-es6/destructuring-decl.nested.js: OK
kangax-es6/destructuring-decl.object-primitives.js: OK
kangax-es6/destructuring-decl.object.js: OK
kangax-es6/destructuring-decl.rest.js: OK
kangax-es6/destructuring-decl.sparse-array.js: OK
kangax-es6/destructuring-decl.string.js: OK
kangax-es6/destructuring-decl.throws-null-undefined.js: OK
kangax-es6/destructuring-decl.trailing-comma-iterable.js: OK
kangax-es6/destructuring-decl.trailing-comma-object.js: OK
kangax-es6/destructuring-params.aliased-defaults-arrow.js: OK
kangax-es6/destructuring-params.arguments.js: TypeError: cannot convert undefined to Object
kangax-es6/destructuring-params.array.js: OK
kangax-es6/destructuring-params.astral-string.js: failed
kangax-es6/destructuring-params.computed-properties.js: OK
kangax-es6/destructuring-params.defaults-new-function.js: OK
kangax-es6/destructuring-params.defaults-separate-scope.js: OK
kangax-es6/destructuring-params.defaults.js: failed
kangax-es6/destructuring-params.duplicate-identifier.js: failed
kangax-es6/destructuring-params.empty-patterns.js: ReferenceError: "arguments" is not defined
kangax-es6/destructuring-params.generator.js: OK
kangax-es6/destructuring-params.iterable-instance.js: OK
kangax-es6/destructuring-params.iterable.js: OK
kangax-es6/destructuring-params.iterator-closing.js: failed
kangax-es6/destructuring-params.length.js: failed
kangax-es6/destructuring-params.nested.js: OK
kangax-es6/destructuring-params.new-function.js: OK
kangax-es6/destructuring-params.object-primitives.js: OK
kangax-es6/destructuring-params.object.js: OK
kangax-es6/destructuring-params.rest.js: OK
kangax-es6/destructuring-params.shorthand-defaults-arrow.js: OK
kangax-es6/destructuring-params.sparse-array.js: OK
kangax-es6/destructuring-params.string.js: OK
kangax-es6/destructuring-params.throws-null-undefined.js: OK
kangax-es6/destructuring-params.trailing-comma-iterable.js: OK
kangax-es6/destructuring-params.trailing-comma-object.js: OK
kangax-es6/for-of.array.js: OK
kangax-es6/for-of.astral-string.js: failed
kangax-es6/for-of.generator.js: OK
kangax-es6/for-of.iterable-instance.js: OK
kangax-es6/for-of.iterable.js: OK
kangax-es6/for-of.iterator-closing-break.js: failed
kangax-es6/for-of.iterator-closing-throw.js: failed
kangax-es6/for-of.sparse-array.js: OK
kangax-es6/for-of.string.js: OK
kangax-es6/function.block-level-decl.js: failed
kangax-es6/generators.basic.js: OK
kangax-es6/generators.constructor.js: OK
kangax-es6/generators.expression.js: OK
kangax-es6/generators.no-new-this.js: failed
kangax-es6/generators.prototype-chain.js: failed
kangax-es6/generators.prototype.js: failed
kangax-es6/generators.return.js: OK
kangax-es6/generators.sending.js: failed
kangax-es6/generators.shorthand.class.js: OK
kangax-es6/generators.shorthand.computed.class.js: OK
kangax-es6/generators.shorthand.computed.js: OK
kangax-es6/generators.shorthand.js: OK
kangax-es6/generators.shorthand.no-constructor.js: Exception in FunctionInfo testCode, block @2 opcode 3 Exception in FunctionInfo generators.shorthand.no-constructor.js, block @2 opcode 2 java.lang.IllegalArgumentException: List has more than one element.
kangax-es6/generators.shorthand.string-keyed.js: OK
kangax-es6/generators.this.js: OK
kangax-es6/generators.throw.js: OK
kangax-es6/generators.yield-precedence.js: OK
kangax-es6/generators.yield-star.array.js: failed
kangax-es6/generators.yield-star.astral-string.js: failed
kangax-es6/generators.yield-star.generator.js: failed
kangax-es6/generators.yield-star.iterable-instance.js: failed
kangax-es6/generators.yield-star.iterable.js: failed
kangax-es6/generators.yield-star.iterator-closing-throw.js: failed
kangax-es6/generators.yield-star.iterator-closing.js: kotlin.NotImplementedError: Try-statement finally blocks at com.reevajs.reeva.transformer.Transformer.unsupported(Transformer.kt:2042)
kangax-es6/generators.yield-star.non-iterable-error.js: failed
kangax-es6/generators.yield-star.sparse-array.js: failed
kangax-es6/generators.yield-star.string.js: failed
kangax-es6/let.basic.js: OK
kangax-es6/let.block-scoped.js: OK
kangax-es6/let.for-in-shadow.js: Exception in FunctionInfo testCode, block @2 opcode 3 Exception in FunctionInfo let.for-in-shadow.js, block @2 opcode 2 java.lang.IllegalArgumentException: List has more than one element.
kangax-es6/let.for-iteration.js: failed
kangax-es6/let.for-loop.js: OK
kangax-es6/let.no-statement.js: OK
kangax-es6/let.shadow.js: OK
kangax-es6/let.strict.basic.js: OK
kangax-es6/let.strict.block-scoped.js: OK
kangax-es6/let.strict.for-in-shadow.js: Exception in FunctionInfo testCode, block @2 opcode 3 Exception in FunctionInfo let.strict.for-in-shadow.js, block @2 opcode 2 java.lang.IllegalArgumentException: List has more than one element.
kangax-es6/let.strict.for-iteration.js: ReferenceError: TODO: message (DeclarativeEnvRecord::setMutableBinding 1)
kangax-es6/let.strict.for-loop.js: OK
kangax-es6/let.strict.no-statement.js: OK
kangax-es6/let.strict.shadow.js: OK
kangax-es6/let.strict.tdz.js: Exception in FunctionInfo <anonymous>:11, block @2 opcode 0 Exception in FunctionInfo testCode, block @0 opcode 5 Exception in FunctionInfo let.strict.tdz.js, block @2 opcode 2 com.reevajs.reeva.utils.ECMAError: ECMA assertion failed
kangax-es6/let.tdz.js: Exception in FunctionInfo <anonymous>:10, block @2 opcode 0 Exception in FunctionInfo testCode, block @0 opcode 5 Exception in FunctionInfo let.tdz.js, block @2 opcode 2 com.reevajs.reeva.utils.ECMAError: ECMA assertion failed
kangax-es6/literals.binary.Number.js: OK
kangax-es6/literals.binary.js: OK
kangax-es6/literals.object.computed-accessors.js: OK
kangax-es6/literals.object.computed-properties.js: OK
kangax-es6/literals.object.computed-shorthand-methods.js: OK
kangax-es6/literals.object.shorthand-methods.js: OK
kangax-es6/literals.object.shorthand-properties.js: OK
kangax-es6/literals.object.string-keyed-shorthand-methods.js: OK
kangax-es6/literals.octal.Number.js: OK
kangax-es6/literals.octal.js: OK
kangax-es6/misc.Invalid-Date.js: failed
kangax-es6/misc.Object.freeze.primitives.js: OK
kangax-es6/misc.Object.getOwnPropertyDescriptor.primitives.js: OK
kangax-es6/misc.Object.getOwnPropertyNames.primitives.js: failed
kangax-es6/misc.Object.getPrototypeOf.primitives.js: OK
kangax-es6/misc.Object.isExtensible.primitives.js: OK
kangax-es6/misc.Object.isFrozen.primitives.js: OK
kangax-es6/misc.Object.isSealed.primitives.js: OK
kangax-es6/misc.Object.keys.primitives.js: OK
kangax-es6/misc.Object.preventExtensions.primitives.js: OK
kangax-es6/misc.Object.seal.primitives.js: OK
kangax-es6/misc.Proxy.defineProperty.SetIntegrityLevel.js: OK
kangax-es6/misc.Proxy.defineProperty.Set.js: OK
kangax-es6/misc.Proxy.deleteProperty.Array.copyWithin.js: OK
kangax-es6/misc.Proxy.deleteProperty.Array.pop.js: OK
kangax-es6/misc.Proxy.deleteProperty.Array.reverse.js: failed
kangax-es6/misc.Proxy.deleteProperty.Array.shift.js: failed
kangax-es6/misc.Proxy.deleteProperty.Array.splice.js: OK
kangax-es6/misc.Proxy.deleteProperty.Array.unshift.js: failed
kangax-es6/misc.Proxy.getOwnPropertyDescriptor.Function.bind.js: OK
kangax-es6/misc.Proxy.getOwnPropertyDescriptor.Object.assign.js: OK
kangax-es6/misc.Proxy.getOwnPropertyDescriptor.Object.hasOwnProperty.js: OK
kangax-es6/misc.Proxy.getOwnPropertyDescriptor.Set.js: OK
kangax-es6/misc.Proxy.get.Array.concat.js: failed
kangax-es6/misc.Proxy.get.Array.from.js: failed
kangax-es6/misc.Proxy.get.Array.iteration.js: OK
kangax-es6/misc.Proxy.get.Array.pop.js: OK
kangax-es6/misc.Proxy.get.Array.reverse.js: failed
kangax-es6/misc.Proxy.get.Array.shift.js: failed
kangax-es6/misc.Proxy.get.Array.splice.js: failed
kangax-es6/misc.Proxy.get.Array.toString.js: OK
kangax-es6/misc.Proxy.get.ClassDefinitionEvaluation.js: OK
kangax-es6/misc.Proxy.get.CreateDynamicFunction.js: OK
kangax-es6/misc.Proxy.get.CreateListFromArrayLike.js: TypeError: Function.prototype.apply cannot be called with a non-callable "this" value
kangax-es6/misc.Proxy.get.Date.toJSON.js: failed
kangax-es6/misc.Proxy.get.Error.toString.js: OK
kangax-es6/misc.Proxy.get.Function.bind.js: failed
kangax-es6/misc.Proxy.get.HasBinding.js: SyntaxError: unsupported feature: with statements
kangax-es6/misc.Proxy.get.IteratorComplete.js: OK
kangax-es6/misc.Proxy.get.JSON.stringify.js: OK
kangax-es6/misc.Proxy.get.Object.assign.js: OK
kangax-es6/misc.Proxy.get.Object.defineProperties.js: OK
kangax-es6/misc.Proxy.get.Promise.resolve.js: OK
kangax-es6/misc.Proxy.get.RegExp-constructor.js: Exception in FunctionInfo testCode, block @0 opcode 29 Exception in FunctionInfo misc.Proxy.get.RegExp-constructor.js, block @2 opcode 2 com.reevajs.reeva.utils.ECMAError: ECMA assertion failed
kangax-es6/misc.Proxy.get.RegExp.Symbol.match.js: OK
kangax-es6/misc.Proxy.get.RegExp.Symbol.replace.js: Exception in FunctionInfo testCode, block @0 opcode 26 Exception in FunctionInfo misc.Proxy.get.RegExp.Symbol.replace.js, block @4 opcode 2 kotlin.NotImplementedError: An operation is not implemented.
kangax-es6/misc.Proxy.get.RegExp.Symbol.search.js: Exception in FunctionInfo testCode, block @0 opcode 26 Exception in FunctionInfo misc.Proxy.get.RegExp.Symbol.search.js, block @2 opcode 2 com.reevajs.reeva.utils.ExpectationError: Expectation failed
kangax-es6/misc.Proxy.get.RegExp.Symbol.split.js: Exception in FunctionInfo testCode, block @0 opcode 44 Exception in FunctionInfo misc.Proxy.get.RegExp.Symbol.split.js, block @2 opcode 2 kotlin.NotImplementedError: An operation is not implemented.
kangax-es6/misc.Proxy.get.RegExp.flags.js: TypeError: RegExp.prototype.flags called on incompatible object
kangax-es6/misc.Proxy.get.RegExp.test.js: TypeError: RegExp.prototype.test called on incompatible object
kangax-es6/misc.Proxy.get.RegExp.toString.js: TypeError: RegExp.prototype.toString called on incompatible object
kangax-es6/misc.Proxy.get.String.match.js: TypeError: cannot call value undefined
kangax-es6/misc.Proxy.get.String.raw.js: TypeError: cannot call value undefined
kangax-es6/misc.Proxy.get.String.replace.js: OK
kangax-es6/misc.Proxy.get.String.search.js: TypeError: cannot call value undefined
kangax-es6/misc.Proxy.get.String.split.js: OK
kangax-es6/misc.Proxy.get.ToPrimitive.js: failed
kangax-es6/misc.Proxy.get.ToPropertyDescriptor.js: failed
kangax-es6/misc.Proxy.get.instanceof.js: failed
kangax-es6/misc.Proxy.ownKeys.SerializeJSONObject.js: OK
kangax-es6/misc.Proxy.ownKeys.SetIntegrityLevel.js: OK
kangax-es6/misc.Proxy.ownKeys.TestIntegrityLevel.js: failed
kangax-es6/misc.Proxy.set.Array.copyWithin.js: OK
kangax-es6/misc.Proxy.set.Array.fill.js: OK
kangax-es6/misc.Proxy.set.Array.from.js: OK
kangax-es6/misc.Proxy.set.Array.of.js: OK
kangax-es6/misc.Proxy.set.Array.pop.js: failed
kangax-es6/misc.Proxy.set.Array.push.js: Exception in FunctionInfo <anonymous>:12, block @0 opcode 11 Exception in FunctionInfo testCode, block @0 opcode 23 Exception in FunctionInfo misc.Proxy.set.Array.push.js, block @2 opcode 2 java.lang.StackOverflowError
kangax-es6/misc.Proxy.set.Array.reverse.js: failed
kangax-es6/misc.Proxy.set.Array.shift.js: RangeError: array length [Function <>] is too large
kangax-es6/misc.Proxy.set.Array.splice.js: Exception in FunctionInfo <anonymous>:12, block @0 opcode 11 Exception in FunctionInfo testCode, block @0 opcode 29 Exception in FunctionInfo misc.Proxy.set.Array.splice.js, block @2 opcode 2 java.lang.StackOverflowError
kangax-es6/misc.Proxy.set.Array.unshift.js: RangeError: array length [Function <>] is too large
kangax-es6/misc.Proxy.set.Object.assign.js: OK
kangax-es6/misc.RegExp-alter-flags.js: OK
kangax-es6/misc.RegExp-prototype-toString-generic.js: TypeError: RegExp.prototype.toString called on incompatible object
kangax-es6/misc.accessors-no-constructor.js: failed
kangax-es6/misc.bound-function-prototype.arrow.js: OK
kangax-es6/misc.bound-function-prototype.class.js: OK
kangax-es6/misc.bound-function-prototype.function.js: OK
kangax-es6/misc.bound-function-prototype.generator.js: OK
kangax-es6/misc.bound-function-prototype.subclass.js: OK
kangax-es6/misc.do-while-no-semicolon.js: OK
kangax-es6/misc.duplicate-properties-strict.js: OK
kangax-es6/misc.for-in-no-assignment-strict.js: OK
kangax-es6/misc.function-length-configurable.js: OK
kangax-es6/misc.identifier-syntax.no-escaped-reserved.js: OK
kangax-es6/misc.identifier-syntax.var-1.js: OK
kangax-es6/misc.identifier-syntax.var-2.js: SyntaxError: invalid token "\ud800"
kangax-es6/misc.property-order.JSON.parse.js: failed
kangax-es6/misc.property-order.JSON.stringify.js: failed
kangax-es6/misc.property-order.Object.assign.js: OK
kangax-es6/misc.property-order.Object.getOwnPropertyNames.js: OK
kangax-es6/misc.property-order.Object.keys.js: OK
kangax-es6/misc.property-order.Reflect.ownKeys.string.js: OK
kangax-es6/misc.property-order.Reflect.ownKeys.symbol.js: OK
kangax-es6/misc.prototypes-not-instances.js: Exception in FunctionInfo testCode, block @2 opcode 5 Exception in FunctionInfo misc.prototypes-not-instances.js, block @2 opcode 2 java.lang.NullPointerException: Parameter specified as non-null is null: method kotlin.text.StringsKt__StringsKt.contains, parameter <this>
kangax-es6/new-target.assignment-error.js: OK
kangax-es6/new-target.constructor.js: OK
kangax-es6/regex.flags.u.case-folding.js: TypeError: cannot call value undefined
kangax-es6/regex.flags.u.codepoint.js: TypeError: cannot call value undefined
kangax-es6/regex.flags.u.js: TypeError: cannot call value undefined
kangax-es6/regex.flags.u.non-bmp.js: TypeError: cannot call value undefined
kangax-es6/regex.flags.y.js: OK
kangax-es6/regex.flags.y.lastIndex.js: OK
kangax-es6/rest-params.arguments.js: ReferenceError: "arguments" is not defined
kangax-es6/rest-params.basic.js: OK
kangax-es6/rest-params.length.js: OK
kangax-es6/rest-params.new-function.js: OK
kangax-es6/rest-params.no-setter.js: failed
kangax-es6/spread.array-call.js: OK
kangax-es6/spread.array-literal.js: OK
kangax-es6/spread.astral-call.js: failed
kangax-es6/spread.astral-literal.js: failed
kangax-es6/spread.generator-call.js: OK
kangax-es6/spread.generator-literal.js: OK
kangax-es6/spread.iterable-call.js: OK
kangax-es6/spread.iterable-instance-call.js: OK
kangax-es6/spread.iterable-instance-literal.js: OK
kangax-es6/spread.iterable-literal.js: OK
kangax-es6/spread.non-iterable-error.js: OK
kangax-es6/spread.sparse-call.js: OK
kangax-es6/spread.sparse-literal.js: OK
kangax-es6/spread.string-call.js: OK
kangax-es6/spread.string-literal.js: OK
kangax-es6/subclassing.Array.concat.js: Exception in FunctionInfo testCode, block @0 opcode 7 Exception in FunctionInfo subclassing.Array.concat.js, block @2 opcode 2 java.lang.ArrayIndexOutOfBoundsException: Index 2 out of bounds for length 2
kangax-es6/subclassing.Array.filter.js: Exception in FunctionInfo testCode, block @0 opcode 7 Exception in FunctionInfo subclassing.Array.filter.js, block @2 opcode 2 java.lang.ArrayIndexOutOfBoundsException: Index 2 out of bounds for length 2
kangax-es6/subclassing.Array.from.js: Exception in FunctionInfo testCode, block @0 opcode 13 Exception in FunctionInfo subclassing.Array.from.js, block @2 opcode 2 java.lang.ArrayIndexOutOfBoundsException: Index 2 out of bounds for length 2
kangax-es6/subclassing.Array.isArray.js: Exception in FunctionInfo testCode, block @0 opcode 11 Exception in FunctionInfo subclassing.Array.isArray.js, block @2 opcode 2 java.lang.ArrayIndexOutOfBoundsException: Index 2 out of bounds for length 2
kangax-es6/subclassing.Array.length-access.js: Exception in FunctionInfo testCode, block @0 opcode 7 Exception in FunctionInfo subclassing.Array.length-access.js, block @2 opcode 2 java.lang.ArrayIndexOutOfBoundsException: Index 2 out of bounds for length 2
kangax-es6/subclassing.Array.length-set.js: Exception in FunctionInfo testCode, block @0 opcode 7 Exception in FunctionInfo subclassing.Array.length-set.js, block @2 opcode 2 java.lang.ArrayIndexOutOfBoundsException: Index 2 out of bounds for length 2
kangax-es6/subclassing.Array.map.js: Exception in FunctionInfo testCode, block @0 opcode 7 Exception in FunctionInfo subclassing.Array.map.js, block @2 opcode 2 java.lang.ArrayIndexOutOfBoundsException: Index 2 out of bounds for length 2
kangax-es6/subclassing.Array.of.js: Exception in FunctionInfo testCode, block @0 opcode 10 Exception in FunctionInfo subclassing.Array.of.js, block @2 opcode 2 java.lang.ArrayIndexOutOfBoundsException: Index 2 out of bounds for length 2
kangax-es6/subclassing.Array.prototype-chain.js: Exception in FunctionInfo testCode, block @0 opcode 7 Exception in FunctionInfo subclassing.Array.prototype-chain.js, block @2 opcode 2 java.lang.ArrayIndexOutOfBoundsException: Index 2 out of bounds for length 2
kangax-es6/subclassing.Array.slice.js: Exception in FunctionInfo testCode, block @0 opcode 7 Exception in FunctionInfo subclassing.Array.slice.js, block @2 opcode 2 java.lang.ArrayIndexOutOfBoundsException: Index 2 out of bounds for length 2
kangax-es6/subclassing.Array.splice.js: Exception in FunctionInfo testCode, block @0 opcode 7 Exception in FunctionInfo subclassing.Array.splice.js, block @2 opcode 2 java.lang.ArrayIndexOutOfBoundsException: Index 2 out of bounds for length 2
kangax-es6/subclassing.Function.call.js: Exception in FunctionInfo testCode, block @0 opcode 8 Exception in FunctionInfo subclassing.Function.call.js, block @2 opcode 2 java.lang.ArrayIndexOutOfBoundsException: Index 2 out of bounds for length 2
kangax-es6/subclassing.Function.new.js: Exception in FunctionInfo testCode, block @0 opcode 8 Exception in FunctionInfo subclassing.Function.new.js, block @2 opcode 2 java.lang.ArrayIndexOutOfBoundsException: Index 2 out of bounds for length 2
kangax-es6/subclassing.Function.prototype-chain.js: Exception in FunctionInfo testCode, block @0 opcode 8 Exception in FunctionInfo subclassing.Function.prototype-chain.js, block @2 opcode 2 java.lang.ArrayIndexOutOfBoundsException: Index 2 out of bounds for length 2
kangax-es6/subclassing.Function.prototype.apply.js: Exception in FunctionInfo testCode, block @0 opcode 9 Exception in FunctionInfo subclassing.Function.prototype.apply.js, block @2 opcode 2 java.lang.ArrayIndexOutOfBoundsException: Index 2 out of bounds for length 2
kangax-es6/subclassing.Function.prototype.bind.js: Exception in FunctionInfo testCode, block @0 opcode 10 Exception in FunctionInfo subclassing.Function.prototype.bind.js, block @2 opcode 2 java.lang.ArrayIndexOutOfBoundsException: Index 2 out of bounds for length 2
kangax-es6/subclassing.Function.prototype.call.js: Exception in FunctionInfo testCode, block @0 opcode 9 Exception in FunctionInfo subclassing.Function.prototype.call.js, block @2 opcode 2 java.lang.ArrayIndexOutOfBoundsException: Index 2 out of bounds for length 2
kangax-es6/subclassing.Promise.all.js: Exception in FunctionInfo testCode, block @0 opcode 25 Exception in FunctionInfo subclassing.Promise.all.js, block @2 opcode 2 java.lang.ArrayIndexOutOfBoundsException: Index 2 out of bounds for length 2
kangax-es6/subclassing.Promise.js: Exception in FunctionInfo testCode, block @0 opcode 19 Exception in FunctionInfo subclassing.Promise.js, block @2 opcode 2 java.lang.ArrayIndexOutOfBoundsException: Index 2 out of bounds for length 2
kangax-es6/subclassing.Promise.prototype-chain.js: Exception in FunctionInfo testCode, block @0 opcode 8 Exception in FunctionInfo subclassing.Promise.prototype-chain.js, block @2 opcode 2 java.lang.ArrayIndexOutOfBoundsException: Index 2 out of bounds for length 2
kangax-es6/subclassing.Promise.race.js: TypeError: cannot call value undefined
kangax-es6/subclassing.RegExp.exec.js: Exception in FunctionInfo testCode, block @0 opcode 9 Exception in FunctionInfo subclassing.RegExp.exec.js, block @2 opcode 2 java.lang.ArrayIndexOutOfBoundsException: Index 2 out of bounds for length 2
kangax-es6/subclassing.RegExp.js: Exception in FunctionInfo testCode, block @0 opcode 9 Exception in FunctionInfo subclassing.RegExp.js, block @4 opcode 2 java.lang.ArrayIndexOutOfBoundsException: Index 2 out of bounds for length 2
kangax-es6/subclassing.RegExp.prototype-chain.js: Exception in FunctionInfo testCode, block @0 opcode 9 Exception in FunctionInfo subclassing.RegExp.prototype-chain.js, block @2 opcode 2 java.lang.ArrayIndexOutOfBoundsException: Index 2 out of bounds for length 2
kangax-es6/subclassing.RegExp.test.js: Exception in FunctionInfo testCode, block @0 opcode 8 Exception in FunctionInfo subclassing.RegExp.test.js, block @2 opcode 2 java.lang.ArrayIndexOutOfBoundsException: Index 2 out of bounds for length 2
kangax-es6/subclassing.misc.Boolean.js: Exception in FunctionInfo testCode, block @0 opcode 8 Exception in FunctionInfo subclassing.misc.Boolean.js, block @2 opcode 2 java.lang.ArrayIndexOutOfBoundsException: Index 2 out of bounds for length 2
kangax-es6/subclassing.misc.Error.js: Exception in FunctionInfo testCode, block @0 opcode 7 Exception in FunctionInfo subclassing.misc.Error.js, block @2 opcode 2 java.lang.ArrayIndexOutOfBoundsException: Index 2 out of bounds for length 2
kangax-es6/subclassing.misc.Map.js: Exception in FunctionInfo testCode, block @0 opcode 9 Exception in FunctionInfo subclassing.misc.Map.js, block @2 opcode 2 java.lang.ArrayIndexOutOfBoundsException: Index 2 out of bounds for length 2
kangax-es6/subclassing.misc.Number.js: Exception in FunctionInfo testCode, block @0 opcode 8 Exception in FunctionInfo subclassing.misc.Number.js, block @2 opcode 2 java.lang.ArrayIndexOutOfBoundsException: Index 2 out of bounds for length 2
kangax-es6/subclassing.misc.Set.js: Exception in FunctionInfo testCode, block @0 opcode 9 Exception in FunctionInfo subclassing.misc.Set.js, block @2 opcode 2 java.lang.ArrayIndexOutOfBoundsException: Index 2 out of bounds for length 2
kangax-es6/subclassing.misc.String.js: Exception in FunctionInfo testCode, block @0 opcode 8 Exception in FunctionInfo subclassing.misc.String.js, block @2 opcode 2 java.lang.ArrayIndexOutOfBoundsException: Index 2 out of bounds for length 2
kangax-es6/super.correct-constructor.js: Exception in FunctionInfo testCode, block @0 opcode 21 Exception in FunctionInfo super.correct-constructor.js, block @2 opcode 2 java.lang.ArrayIndexOutOfBoundsException: Index 2 out of bounds for length 2
kangax-es6/super.expression.js: Exception in FunctionInfo C, block @0 opcode 2 Exception in FunctionInfo testCode, block @0 opcode 13 Exception in FunctionInfo super.expression.js, block @2 opcode 2 kotlin.NotImplementedError: An operation is not implemented: Not yet implemented
kangax-es6/super.method-calls.js: Exception in FunctionInfo testCode, block @0 opcode 16 Exception in FunctionInfo super.method-calls.js, block @2 opcode 2 java.lang.ArrayIndexOutOfBoundsException: Index 2 out of bounds for length 2
kangax-es6/super.new-target-binding.js: Exception in FunctionInfo C, block @0 opcode 2 Exception in FunctionInfo testCode, block @0 opcode 17 Exception in FunctionInfo super.new-target-binding.js, block @2 opcode 2 kotlin.NotImplementedError: An operation is not implemented: Not yet implemented
kangax-es6/super.property-access.js: Exception in FunctionInfo testCode, block @0 opcode 32 Exception in FunctionInfo super.property-access.js, block @2 opcode 2 java.lang.ArrayIndexOutOfBoundsException: Index 2 out of bounds for length 2
kangax-es6/super.statement.js: Exception in FunctionInfo C, block @0 opcode 2 Exception in FunctionInfo testCode, block @0 opcode 16 Exception in FunctionInfo super.statement.js, block @2 opcode 2 kotlin.NotImplementedError: An operation is not implemented: Not yet implemented
kangax-es6/super.static-binding.js: Exception in FunctionInfo qux, block @0 opcode 1 Exception in FunctionInfo testCode, block @0 opcode 28 Exception in FunctionInfo super.static-binding.js, block @2 opcode 2 kotlin.NotImplementedError: An operation is not implemented: Not yet implemented
kangax-es6/super.this-binding.js: Exception in FunctionInfo testCode, block @0 opcode 16 Exception in FunctionInfo super.this-binding.js, block @2 opcode 2 java.lang.ArrayIndexOutOfBoundsException: Index 2 out of bounds for length 2
kangax-es6/tail-calls.direct.js: ReferenceError: TODO: message (DeclarativeEnvRecord::setMutableBinding 1)
kangax-es6/tail-calls.mutual.js: ReferenceError: TODO: message (DeclarativeEnvRecord::setMutableBinding 1)
kangax-es6/template.basic.js: SyntaxError: invalid unescaped line break in string literal
kangax-es6/template.caching.js: SyntaxError: expected ;, but found template literal
kangax-es6/template.escape-sequences.js: SyntaxError: expected ;, but found template literal
kangax-es6/template.frozen-array.js: SyntaxError: expected ;, but found template literal
kangax-es6/template.line-break.js: SyntaxError: invalid unescaped line break in string literal
kangax-es6/template.permanent-caching.js: SyntaxError: expected ;, but found template literal
kangax-es6/template.tagged.js: SyntaxError: expected ;, but found template literal
kangax-es6/template.toString.js: OK
kangax-es6/typed-arrays.ArrayBuffer.Symbol.species.js: OK
kangax-es6/typed-arrays.DataView.Float32.js: OK
kangax-es6/typed-arrays.DataView.Float64.js: OK
kangax-es6/typed-arrays.DataView.Int8.js: OK
kangax-es6/typed-arrays.DataView.Int16.js: OK
kangax-es6/typed-arrays.DataView.Int32.js: OK
kangax-es6/typed-arrays.DataView.Uint8.js: OK
kangax-es6/typed-arrays.DataView.Uint16.js: OK
kangax-es6/typed-arrays.DataView.Uint32.js: OK
kangax-es6/typed-arrays.Float32Array.js: OK
kangax-es6/typed-arrays.Float64Array.js: OK
kangax-es6/typed-arrays.Int8Array.js: OK
kangax-es6/typed-arrays.Int16Array.js: OK
kangax-es6/typed-arrays.Int32Array.js: OK
kangax-es6/typed-arrays.Symbol.species.js: failed
kangax-es6/typed-arrays.Uint8Array.js: OK
kangax-es6/typed-arrays.Uint8ClampedArray.js: failed
kangax-es6/typed-arrays.Uint16Array.js: OK
kangax-es6/typed-arrays.Uint32Array.js: OK
kangax-es6/typed-arrays.constructor-iterables.js: OK
kangax-es6/typed-arrays.constructor-requires-new.js: OK
kangax-es6/typed-arrays.correct-prototype-chains.js: TypeError: cannot call value undefined
kangax-es6/typed-arrays.from.js: OK
kangax-es6/typed-arrays.of.js: OK
kangax-es6/typed-arrays.prototype.Symbol.iterator.js: failed
kangax-es6/typed-arrays.prototype.copyWithin.js: OK
kangax-es6/typed-arrays.prototype.entries.js: OK
kangax-es6/typed-arrays.prototype.every.js: OK
kangax-es6/typed-arrays.prototype.fill.js: OK
kangax-es6/typed-arrays.prototype.filter.js: OK
kangax-es6/typed-arrays.prototype.findIndex.js: OK
kangax-es6/typed-arrays.prototype.find.js: OK
kangax-es6/typed-arrays.prototype.forEach.js: OK
kangax-es6/typed-arrays.prototype.indexOf.js: OK
kangax-es6/typed-arrays.prototype.join.js: OK
kangax-es6/typed-arrays.prototype.keys.js: failed
kangax-es6/typed-arrays.prototype.lastIndexOf.js: OK
kangax-es6/typed-arrays.prototype.map.js: failed
kangax-es6/typed-arrays.prototype.reduceRight.js: OK
kangax-es6/typed-arrays.prototype.reduce.js: OK
kangax-es6/typed-arrays.prototype.reverse.js: OK
kangax-es6/typed-arrays.prototype.slice.js: failed
kangax-es6/typed-arrays.prototype.some.js: OK
kangax-es6/typed-arrays.prototype.sort.js: failed
kangax-es6/typed-arrays.prototype.subarray.js: failed
kangax-es6/typed-arrays.prototype.values.js: failed
kangax-es6/unicode-escapes.identifier.js: SyntaxError: unicode codepoint escape sequence missing closing curly brace
kangax-es6/unicode-escapes.property-access.js: SyntaxError: unicode codepoint escape sequence missing closing curly brace
kangax-es6/unicode-escapes.property-key.js: SyntaxError: unicode codepoint escape sequence missing closing curly brace
kangax-es6/unicode-escapes.string.js: OK
kangax-es6/well-known.hasInstance.js: failed
kangax-es6/well-known.isConcatSpreadable.non-spreadable.js: OK
kangax-es6/well-known.isConcatSpreadable.poisoned-getter.js: OK
kangax-es6/well-known.iterator.arguments.js: OK
kangax-es6/well-known.iterator.js: OK
kangax-es6/well-known.match.RegExp-constructor.js: Exception in FunctionInfo testCode, block @0 opcode 24 Exception in FunctionInfo well-known.match.RegExp-constructor.js, block @2 opcode 2 com.reevajs.reeva.utils.ECMAError: ECMA assertion failed
kangax-es6/well-known.match.String.endsWith.js: SyntaxError: expected }, but found .
kangax-es6/well-known.match.String.includes.js: SyntaxError: expected }, but found .
kangax-es6/well-known.match.String.startsWith.js: SyntaxError: expected }, but found .
kangax-es6/well-known.match.js: TypeError: cannot call value undefined
kangax-es6/well-known.replace.js: OK
kangax-es6/well-known.search.js: TypeError: cannot call value undefined
kangax-es6/well-known.species.Array.concat.js: OK
kangax-es6/well-known.species.Array.filter.js: OK
kangax-es6/well-known.species.Array.map.js: OK
kangax-es6/well-known.species.Array.slice.js: OK
kangax-es6/well-known.species.Array.splice.js: OK
kangax-es6/well-known.species.Promise.then.js: OK
kangax-es6/well-known.species.RegExp.split.js: Exception in FunctionInfo testCode, block @0 opcode 32 Exception in FunctionInfo well-known.species.RegExp.split.js, block @2 opcode 2 kotlin.NotImplementedError: An operation is not implemented.
kangax-es6/well-known.species.js: OK
kangax-es6/well-known.split.js: OK
kangax-es6/well-known.toPrimitive.js: OK
kangax-es6/well-known.toStringTag.existing-builtins.js: OK
kangax-es6/well-known.toStringTag.js: OK
kangax-es6/well-known.toStringTag.misc-builtins.js: OK
kangax-es6/well-known.toStringTag.new-builtins.js: OK
kangax-es6/well-known.unscopables.js: SyntaxError: unsupported feature: with statements
kangax-es2016/Array.prototype.includes.generic.js: OK
kangax-es2016/Array.prototype.includes.js: OK
kangax-es2016/Array.prototype.includes.sparse.js: OK
kangax-es2016/Array.prototype.includes.typed-array.js: OK
kangax-es2016/exponentiation.assignment.js: OK
kangax-es2016/exponentiation.basic.js: OK
kangax-es2016/exponentiation.unary-negation-error.js: failed
kangax-es2016/misc.Proxy-Array-includes.js: failed
kangax-es2016/misc.Proxy-enumerate-removed.js: OK
kangax-es2016/misc.generator-no-new.js: failed
kangax-es2016/misc.generator-throw-inner.js: undefined
kangax-es2016/misc.nested-rest-destructuring-decl.js: OK
kangax-es2016/misc.nested-rest-destructuring-params.js: OK
kangax-es2016/misc.strict-fn-non-simple-params-error.js: OK
kangax-es2017/Atomics.add.js: ReferenceError: "Atomics" is not defined
kangax-es2017/Atomics.and.js: ReferenceError: "Atomics" is not defined
kangax-es2017/Atomics.compareExchange.js: ReferenceError: "Atomics" is not defined
kangax-es2017/Atomics.exchange.js: ReferenceError: "Atomics" is not defined
kangax-es2017/Atomics.isLockFree.js: ReferenceError: "Atomics" is not defined
kangax-es2017/Atomics.load.js: ReferenceError: "Atomics" is not defined
kangax-es2017/Atomics.notify.js: ReferenceError: "Atomics" is not defined
kangax-es2017/Atomics.or.js: ReferenceError: "Atomics" is not defined
kangax-es2017/Atomics.store.js: ReferenceError: "Atomics" is not defined
kangax-es2017/Atomics.sub.js: ReferenceError: "Atomics" is not defined
kangax-es2017/Atomics.wait.js: ReferenceError: "Atomics" is not defined
kangax-es2017/Atomics.xor.js: ReferenceError: "Atomics" is not defined
kangax-es2017/Object.entries.js: OK
kangax-es2017/Object.getOwnPropertyDescriptors.js: OK
kangax-es2017/Object.getOwnPropertyDescriptors.no-undefined.js: Exception in FunctionInfo testCode, block @0 opcode 17 Exception in FunctionInfo Object.getOwnPropertyDescriptors.no-undefined.js, block @2 opcode 2 java.lang.NullPointerException
kangax-es2017/Object.values.js: OK
kangax-es2017/SharedArrayBuffer.Symbol.species.js: ReferenceError: "SharedArrayBuffer" is not defined
kangax-es2017/SharedArrayBuffer.js: failed
kangax-es2017/SharedArrayBuffer.prototype.Symbol.toStringTag.js: ReferenceError: "SharedArrayBuffer" is not defined
kangax-es2017/SharedArrayBuffer.prototype.byteLength.js: ReferenceError: "SharedArrayBuffer" is not defined
kangax-es2017/SharedArrayBuffer.prototype.slice.js: ReferenceError: "SharedArrayBuffer" is not defined
kangax-es2017/String.prototype.padEnd.js: failed
kangax-es2017/String.prototype.padStart.js: OK
kangax-es2017/annex-b.Object.prototype.__defineGetter__.ToObject.js: OK
kangax-es2017/annex-b.Object.prototype.__defineGetter__.js: OK
kangax-es2017/annex-b.Object.prototype.__defineGetter__.symbols.js: OK
kangax-es2017/annex-b.Object.prototype.__defineSetter__.ToObject.js: OK
kangax-es2017/annex-b.Object.prototype.__defineSetter__.js: OK
kangax-es2017/annex-b.Object.prototype.__defineSetter__.symbols.js: OK
kangax-es2017/annex-b.Object.prototype.__lookupGetter__.ToObject.js: OK
kangax-es2017/annex-b.Object.prototype.__lookupGetter__.js: OK
kangax-es2017/annex-b.Object.prototype.__lookupGetter__.prototype-chain.js: OK
kangax-es2017/annex-b.Object.prototype.__lookupGetter__.shadow-accessors.js: OK
kangax-es2017/annex-b.Object.prototype.__lookupGetter__.symbols.js: OK
kangax-es2017/annex-b.Object.prototype.__lookupSetter__.ToObject.js: OK
kangax-es2017/annex-b.Object.prototype.__lookupSetter__.js: OK
kangax-es2017/annex-b.Object.prototype.__lookupSetter__.prototype-chain.js: OK
kangax-es2017/annex-b.Object.prototype.__lookupSetter__.shadow-accessors.js: OK
kangax-es2017/annex-b.Object.prototype.__lookupSetter__.symbols.js: OK
kangax-es2017/annex-b.Proxy.__defineGetter__.js: OK
kangax-es2017/annex-b.Proxy.__defineSetter__.js: OK
kangax-es2017/annex-b.Proxy.__lookupGetter__.js: OK
kangax-es2017/annex-b.Proxy.__lookupSetter__.js: OK
kangax-es2017/annex-b.for-in-assignment-non-strict.js: SyntaxError: expected ;, but found )
kangax-es2017/async.Symbol.toStringTag.js: OK
kangax-es2017/async.arrow-in-class.js: SyntaxError: expected function, but found (
kangax-es2017/async.arrow.js: SyntaxError: expected function, but found (
kangax-es2017/async.await-non-promise.js: Exception in FunctionInfo <anonymous>:45, block @2 opcode 0 Exception in thread "main" java.lang.NullPointerException
kangax-es2017/async.await-rejection.js: Exception in FunctionInfo <anonymous>:45, block @3 opcode 3 Exception in thread "main" java.lang.NullPointerException
kangax-es2017/async.await.js: Exception in FunctionInfo <anonymous>:45, block @1 opcode 3 Exception in thread "main" java.lang.NullPointerException
kangax-es2017/async.constructor.js: OK
kangax-es2017/async.methods-class.js: failed
kangax-es2017/async.methods-object.js: SyntaxError: unexpected token "identifier"
kangax-es2017/async.must-await-value.js: OK
kangax-es2017/async.no-await-in-params.js: Exception in FunctionInfo testCode, block @2 opcode 3 Exception in FunctionInfo async.no-await-in-params.js, block @2 opcode 2 java.lang.IllegalArgumentException: List has more than one element.
kangax-es2017/async.no-line-break.js: Exception in FunctionInfo testCode, block @2 opcode 3 Exception in FunctionInfo async.no-line-break.js, block @2 opcode 2 java.lang.IllegalArgumentException: List has more than one element.
kangax-es2017/async.no-prototype.js: OK
kangax-es2017/async.prototype-chain.js: OK
kangax-es2017/async.return.js: OK
kangax-es2017/async.throw.js: failed
kangax-es2017/misc.arguments-caller-removed.js: OK
kangax-es2017/regex.flags.u.case-folding.js: TypeError: cannot call value undefined
kangax-es2017/trailing-comma.arguments.js: OK
kangax-es2017/trailing-comma.params.js: OK
kangax-es2018/Promise.prototype.finally.change-rejection.js: OK
kangax-es2018/Promise.prototype.finally.js: OK
kangax-es2018/Promise.prototype.finally.no-change-resolution.js: OK
kangax-es2018/async-iterators.for-await-of.js: Exception in thread "main" kotlin.NotImplementedError: An operation is not implemented.
kangax-es2018/async-iterators.generators.js: Exception in FunctionInfo testCode, block @0 opcode 1 Exception in FunctionInfo async-iterators.generators.js, block @2 opcode 2 kotlin.NotImplementedError: An operation is not implemented: Not yet implemented
kangax-es2018/misc.Proxy-ownKeys-duplicate-keys.js: OK
kangax-es2018/misc.template-literal-revision.js: SyntaxError: expected ;, but found template literal
kangax-es2018/object-rest.js: OK
kangax-es2018/object-spread.js: kotlin.NotImplementedError: An operation is not implemented.
kangax-es2018/regex.flags.s.js: OK
kangax-es2018/regex.lookbehind.js: failed
kangax-es2018/regex.named-capture-groups.js: OK
kangax-es2018/regex.unicode-property-escapes.js: OK
kangax-es2018/regex.unicode-property-escapes.unicode-11.js: SyntaxError: Unknown unicode value "Extended_Pictographic"
kangax-es2018/regex.unicode-property-escapes.unicode-12.1.js: OK
kangax-es2018/regex.unicode-property-escapes.unicode-12.js: SyntaxError: Unknown unicode value "Emoji"
kangax-es2018/regex.unicode-property-escapes.unicode-13.js: SyntaxError: Unknown unicode value "Emoji"
kangax-es2018/regex.unicode-property-escapes.unicode-14.js: SyntaxError: Unknown unicode value "Emoji"
kangax-es2018/regex.unicode-property-escapes.unicode-15.1.js: SyntaxError: Unknown unicode value "Unified_Ideograph"
kangax-es2018/regex.unicode-property-escapes.unicode-15.js: SyntaxError: Unknown unicode value "Kawi"
kangax-es2018/regex.unicode-property-escapes.unicode-16.0.js: SyntaxError: Unknown unicode value "Todhri"
kangax-es2018/regex.unicode-property-escapes.unicode-17.0.js: SyntaxError: Unknown unicode value "Sidetic"
kangax-es2019/Array.prototype.flatMap.js: OK
kangax-es2019/Array.prototype.flat-flatMap.unscopables.js: OK
kangax-es2019/Array.prototype.flat.js: OK
kangax-es2019/Object.fromEntries.js: OK
kangax-es2019/String.prototype.trimEnd.js: OK
kangax-es2019/String.prototype.trimStart.js: OK
kangax-es2019/Symbol.prototype.description.empty.js: OK
kangax-es2019/Symbol.prototype.description.js: OK
kangax-es2019/Symbol.prototype.description.undefined.js: TypeError: Symbol.prototype.description called on incompatible object
kangax-es2019/annex-b.String.prototype.trimLeft.js: TypeError: cannot call value undefined
kangax-es2019/annex-b.String.prototype.trimRight.js: TypeError: cannot call value undefined
kangax-es2019/misc.Function-toString.Function-constructor.js: failed
kangax-es2019/misc.Function-toString.arrows.js: failed
kangax-es2019/misc.Function-toString.class-explicit-constructor.js: failed
kangax-es2019/misc.Function-toString.class-implicit-constructor.js: failed
kangax-es2019/misc.Function-toString.computed-names.js: failed
kangax-es2019/misc.Function-toString.native-code.js: failed
kangax-es2019/misc.Function-toString.unicode-escapes.js: SyntaxError: unicode codepoint escape sequence missing closing curly brace
kangax-es2019/misc.JSON-stringify-well-formed.js: OK
kangax-es2019/misc.JSON-superset.line-separator.js: failed
kangax-es2019/misc.JSON-superset.paragraph-separator.js: failed
kangax-es2019/misc.optional-catch-binding.await.js: OK
kangax-es2019/misc.optional-catch-binding.js: OK
kangax-es2019/misc.optional-catch-binding.yield.js: OK
kangax-es2020/BigInt64Array.js: failed
kangax-es2020/BigInt.asIntN.js: OK
kangax-es2020/BigInt.asUintN.js: OK
kangax-es2020/BigInt.constructor.js: OK
kangax-es2020/BigInt.js: OK
kangax-es2020/BigUint64Array.js: OK
kangax-es2020/DataView.prototype.getBigInt64.js: OK
kangax-es2020/DataView.prototype.getBigUint64.js: OK
kangax-es2020/Promise.allSettled.js: OK
kangax-es2020/String.prototype.matchAll.js: TypeError: cannot call value undefined
kangax-es2020/String.prototype.matchAll.throws-non-global.js: SyntaxError: expected }, but found .
kangax-es2020/globalThis.descriptor.js: OK
kangax-es2020/globalThis.js: OK
kangax-es2020/nullish-coalescing.js: OK
kangax-es2020/optional-chaining.bracket.js: OK
kangax-es2020/optional-chaining.function-call.js: OK
kangax-es2020/optional-chaining.method-call.js: OK
kangax-es2020/optional-chaining.property.js: OK
kangax-es2020/optional-chaining.spread-params.js: com.reevajs.reeva.utils.ExpectationError: Expected block 10 to have initial stack height of 2, but found 1
kangax-es2021/FinalizationRegistry.js: ReferenceError: "FinalizationRegistry" is not defined
kangax-es2021/Promise.any.AggregateError.js: TypeError: cannot call value undefined
kangax-es2021/Promise.any.fulfillment.js: TypeError: cannot call value undefined
kangax-es2021/String.prototype.replaceAll.js: TypeError: cannot call value undefined
kangax-es2021/WeakRef.js: ReferenceError: "WeakRef" is not defined
kangax-es2021/logical-assignment.and.js: OK
kangax-es2021/logical-assignment.and.setter-not-invoked.js: SyntaxError: expected expression, but found }
kangax-es2021/logical-assignment.and.short-circuit.js: OK
kangax-es2021/logical-assignment.nullish.js: OK
kangax-es2021/logical-assignment.nullish.setter-not-invoked.js: failed
kangax-es2021/logical-assignment.nullish.short-circuit.js: OK
kangax-es2021/logical-assignment.or.js: OK
kangax-es2021/logical-assignment.or.setter-not-invoked.js: failed
kangax-es2021/logical-assignment.or.short-circuit.js: OK
kangax-es2021/numeric-separators.js: SyntaxError: expected ;, but found identifier
kangax-es2022/Error.cause.AggregateError-prototype-lacks.js: ReferenceError: "AggregateError" is not defined
kangax-es2022/Error.cause.AggregateError.js: ReferenceError: "AggregateError" is not defined
kangax-es2022/Error.cause.Error-prototype-lacks.js: OK
kangax-es2022/Error.cause.Error.js: failed
kangax-es2022/Error.cause.EvalError-prototype-lacks.js: OK
kangax-es2022/Error.cause.EvalError.js: failed
kangax-es2022/Error.cause.RangeError-prototype-lacks.js: OK
kangax-es2022/Error.cause.RangeError.js: failed
kangax-es2022/Error.cause.ReferenceError-prototype-lacks.js: OK
kangax-es2022/Error.cause.ReferenceError.js: failed
kangax-es2022/Error.cause.SyntaxError-prototype-lacks.js: OK
kangax-es2022/Error.cause.SyntaxError.js: failed
kangax-es2022/Error.cause.TypeError-prototype-lacks.js: OK
kangax-es2022/Error.cause.TypeError.js: failed
kangax-es2022/Error.cause.URIError-prototype-lacks.js: OK
kangax-es2022/Error.cause.URIError.js: failed
kangax-es2022/Object.hasOwn.ToObject-first.js: failed
kangax-es2022/Object.hasOwn.js: TypeError: cannot call value undefined
kangax-es2022/at-method.Array.js: OK
kangax-es2022/at-method.String.js: OK
kangax-es2022/at-method.TypedArray.js: OK
kangax-es2022/class-fields.computed-instance.js: OK
kangax-es2022/class-fields.computed-static.js: OK
kangax-es2022/class-fields.instance.parent-scope.js: OK
kangax-es2022/class-fields.private-instance.initializers.js: SyntaxError: unexpected token "#"
kangax-es2022/class-fields.private-instance.js: SyntaxError: unexpected token "#"
kangax-es2022/class-fields.private-instance.optional-access.js: SyntaxError: unexpected token "#"
kangax-es2022/class-fields.private-instance.optional-deep-access.js: SyntaxError: unexpected token "#"
kangax-es2022/class-fields.private-static.js: SyntaxError: unexpected token "#"
kangax-es2022/class-fields.public-instance.js: OK
kangax-es2022/class-fields.public-static.js: OK
kangax-es2022/class-fields.static.define.js: failed
kangax-es2022/class-methods.private-accessor.js: SyntaxError: unexpected token "#"
kangax-es2022/class-methods.private-instance.js: SyntaxError: unexpected token "#"
kangax-es2022/class-methods.private-static-accessor.js: SyntaxError: unexpected token "#"
kangax-es2022/class-methods.private-static.js: SyntaxError: unexpected token "#"
kangax-es2022/class-static-init-blocks.js: SyntaxError: unexpected token "{"
kangax-es2022/ergonomic-brand-checks.js: SyntaxError: unexpected token "#"
kangax-es2022/regex.flags.d.constructor.js: SyntaxError: invalid RegExp flag "d"
kangax-es2022/regex.flags.d.shows-in-flags.js: TypeError: RegExp.prototype.flags called on incompatible object
kangax-es2023/Array.prototype.findLastIndex.js: TypeError: cannot call value undefined
kangax-es2023/Array.prototype.findLast.js: TypeError: cannot call value undefined
kangax-es2023/Array.prototype.toReversed.js: TypeError: cannot call value undefined
kangax-es2023/Array.prototype.toSorted.js: TypeError: cannot call value undefined
kangax-es2023/Array.prototype.toSpliced.js: TypeError: cannot call value undefined
kangax-es2023/Array.prototype.with.js: TypeError: cannot call value undefined
kangax-es2023/TypedArray.prototype.toReversed.js: TypeError: cannot call value undefined
kangax-es2023/TypedArray.prototype.toSorted.js: TypeError: cannot call value undefined
kangax-es2023/TypedArray.prototype.with.js: TypeError: cannot call value undefined
kangax-es2023/hashbang.js: SyntaxError: unexpected token "#"
kangax-es2024/ArrayBuffer.prototype.detached.js: TypeError: cannot call value undefined
kangax-es2024/ArrayBuffer.prototype.transferToFixedLength.js: TypeError: cannot call value undefined
kangax-es2024/ArrayBuffer.prototype.transfer.js: TypeError: cannot call value undefined
kangax-es2024/Map.groupBy.js: TypeError: cannot call value undefined
kangax-es2024/Object.groupBy.js: TypeError: cannot call value undefined
kangax-es2024/Promise.withResolvers.js: TypeError: cannot call value undefined
kangax-es2024/regex.flags.v.constructor.js: SyntaxError: invalid RegExp flag "v"
kangax-es2024/regex.flags.v.properties-of-strings.js: SyntaxError: invalid RegExp flag "v"
kangax-es2024/regex.flags.v.set-notations.js: SyntaxError: Character class range is out of order: }--
kangax-es2024/regex.flags.v.shows-in-flags.js: TypeError: RegExp.prototype.flags called on incompatible object
kangax-es2024/regex.flags.v.unicode-15.1.js: SyntaxError: invalid RegExp flag "v"
kangax-es2024/regex.flags.v.unicode-16.0.js: SyntaxError: invalid RegExp flag "v"
kangax-es2024/regex.flags.v.unicode-17.0.js: SyntaxError: invalid RegExp flag "v"
kangax-es2025/Iterator.extends.js: ReferenceError: "Iterator" is not defined
kangax-es2025/Iterator.from.iterable.js: ReferenceError: "Iterator" is not defined
kangax-es2025/Iterator.from.iterator.js: ReferenceError: "Iterator" is not defined
kangax-es2025/Iterator.instanceof.js: ReferenceError: "Iterator" is not defined
kangax-es2025/Iterator.prototype.Symbol.toStringTag.js: ReferenceError: "Iterator" is not defined
kangax-es2025/Iterator.prototype.drop.js: TypeError: cannot call value undefined
kangax-es2025/Iterator.prototype.every.js: TypeError: cannot call value undefined
kangax-es2025/Iterator.prototype.filter.js: TypeError: cannot call value undefined
kangax-es2025/Iterator.prototype.find.js: TypeError: cannot call value undefined
kangax-es2025/Iterator.prototype.flatMap.js: TypeError: cannot call value undefined
kangax-es2025/Iterator.prototype.forEach.js: TypeError: cannot call value undefined
kangax-es2025/Iterator.prototype.map.js: TypeError: cannot call value undefined
kangax-es2025/Iterator.prototype.reduce.js: TypeError: cannot call value undefined
kangax-es2025/Iterator.prototype.some.js: TypeError: cannot call value undefined
kangax-es2025/Iterator.prototype.take.js: TypeError: cannot call value undefined
kangax-es2025/Iterator.prototype.toArray.js: TypeError: cannot call value undefined
kangax-es2025/Promise.try.js: failed
kangax-es2025/RegExp.escape.js: TypeError: cannot call value undefined
kangax-es2025/Set.prototype.difference.js: TypeError: cannot call value undefined
kangax-es2025/Set.prototype.intersection.js: TypeError: cannot call value undefined
kangax-es2025/Set.prototype.isDisjointFrom.js: TypeError: cannot call value undefined
kangax-es2025/Set.prototype.isSubsetOf.js: TypeError: cannot call value undefined
kangax-es2025/Set.prototype.isSupersetOf.js: TypeError: cannot call value undefined
kangax-es2025/Set.prototype.symmetricDifference.js: TypeError: cannot call value undefined
kangax-es2025/Set.prototype.union.js: TypeError: cannot call value undefined
kangax-es2025/regex.duplicate-named-groups.js: SyntaxError: Duplicate capturing group name "year"
kangax-es2025/regex.pattern-modifiers.i.js: SyntaxError: Unescaped "?"
kangax-es2025/regex.pattern-modifiers.m.js: SyntaxError: Unescaped "?"
kangax-es2025/regex.pattern-modifiers.s.js: SyntaxError: Unescaped "?"
kangax-intl/Array.prototype.toLocaleString.js: OK
kangax-intl/Date.prototype.toLocaleDateString.js: failed
kangax-intl/Date.prototype.toLocaleString.js: OK
kangax-intl/Date.prototype.toLocaleTimeString.js: failed
kangax-intl/Intl.Collator.js: ReferenceError: "Intl" is not defined
kangax-intl/Intl.Collator.new-instances.js: ReferenceError: "Intl" is not defined
kangax-intl/Intl.Collator.prototype.compare.js: ReferenceError: "Intl" is not defined
kangax-intl/Intl.Collator.prototype.resolvedOptions.js: ReferenceError: "Intl" is not defined
kangax-intl/Intl.Collator.rejects-invalid-tags.js: ReferenceError: "Intl" is not defined
kangax-intl/Intl.Collator.valid-tags.js: failed
kangax-intl/Intl.Collator.without-new.js: ReferenceError: "Intl" is not defined
kangax-intl/Intl.DateTimeFormat.iana-timezones.js: failed
kangax-intl/Intl.DateTimeFormat.js: ReferenceError: "Intl" is not defined
kangax-intl/Intl.DateTimeFormat.new-instances.js: ReferenceError: "Intl" is not defined
kangax-intl/Intl.DateTimeFormat.rejects-invalid-tags.js: ReferenceError: "Intl" is not defined
kangax-intl/Intl.DateTimeFormat.resolvedOptions.timeZone-default.js: ReferenceError: "Intl" is not defined
kangax-intl/Intl.DateTimeFormat.valid-tags.js: failed
kangax-intl/Intl.DateTimeFormat.without-new.js: ReferenceError: "Intl" is not defined
kangax-intl/Intl.NumberFormat.js: ReferenceError: "Intl" is not defined
kangax-intl/Intl.NumberFormat.new-instances.js: ReferenceError: "Intl" is not defined
kangax-intl/Intl.NumberFormat.rejects-invalid-tags.js: ReferenceError: "Intl" is not defined
kangax-intl/Intl.NumberFormat.valid-tags.js: failed
kangax-intl/Intl.NumberFormat.without-new.js: ReferenceError: "Intl" is not defined
kangax-intl/Intl.js: failed
kangax-intl/Intl.prototype.js: ReferenceError: "Intl" is not defined
kangax-intl/Number.prototype.toLocaleString.js: OK
kangax-intl/Object.prototype.toLocaleString.js: OK
kangax-intl/String.prototype.localeCompare.js: failed
kangax-next/Array.isTemplateObject.js: SyntaxError: expected ), but found template literal
kangax-next/AsyncDisposableStack.js: SyntaxError: unexpected token "["
kangax-next/AsyncIterator.extends.js: ReferenceError: "AsyncIterator" is not defined
kangax-next/AsyncIterator.from.async-iterable.js: Exception in thread "main" kotlin.NotImplementedError: An operation is not implemented.
kangax-next/AsyncIterator.from.iterable.js: Exception in thread "main" kotlin.NotImplementedError: An operation is not implemented.
kangax-next/AsyncIterator.from.iterator.js: Exception in thread "main" kotlin.NotImplementedError: An operation is not implemented.
kangax-next/AsyncIterator.instanceof.js: Exception in FunctionInfo testCode, block @0 opcode 0 Exception in FunctionInfo AsyncIterator.instanceof.js, block @2 opcode 2 kotlin.NotImplementedError: An operation is not implemented: Not yet implemented
kangax-next/AsyncIterator.prototype.Symbol.toStringTag.js: ReferenceError: "AsyncIterator" is not defined
kangax-next/AsyncIterator.prototype.drop.js: Exception in thread "main" kotlin.NotImplementedError: An operation is not implemented.
kangax-next/AsyncIterator.prototype.every.js: Exception in FunctionInfo testCode, block @0 opcode 0 Exception in FunctionInfo AsyncIterator.prototype.every.js, block @2 opcode 2 kotlin.NotImplementedError: An operation is not implemented: Not yet implemented
kangax-next/AsyncIterator.prototype.filter.js: Exception in thread "main" kotlin.NotImplementedError: An operation is not implemented.
kangax-next/AsyncIterator.prototype.find.js: Exception in FunctionInfo testCode, block @0 opcode 0 Exception in FunctionInfo AsyncIterator.prototype.find.js, block @2 opcode 2 kotlin.NotImplementedError: An operation is not implemented: Not yet implemented
kangax-next/AsyncIterator.prototype.flatMap.js: Exception in thread "main" kotlin.NotImplementedError: An operation is not implemented.
kangax-next/AsyncIterator.prototype.forEach.js: Exception in FunctionInfo testCode, block @0 opcode 3 Exception in FunctionInfo AsyncIterator.prototype.forEach.js, block @2 opcode 2 kotlin.NotImplementedError: An operation is not implemented: Not yet implemented
kangax-next/AsyncIterator.prototype.map.js: Exception in thread "main" kotlin.NotImplementedError: An operation is not implemented.
kangax-next/AsyncIterator.prototype.reduce.js: Exception in FunctionInfo testCode, block @0 opcode 0 Exception in FunctionInfo AsyncIterator.prototype.reduce.js, block @2 opcode 2 kotlin.NotImplementedError: An operation is not implemented: Not yet implemented
kangax-next/AsyncIterator.prototype.some.js: Exception in FunctionInfo testCode, block @0 opcode 0 Exception in FunctionInfo AsyncIterator.prototype.some.js, block @2 opcode 2 kotlin.NotImplementedError: An operation is not implemented: Not yet implemented
kangax-next/AsyncIterator.prototype.take.js: Exception in thread "main" kotlin.NotImplementedError: An operation is not implemented.
kangax-next/AsyncIterator.prototype.toArray.js: Exception in FunctionInfo testCode, block @0 opcode 0 Exception in FunctionInfo AsyncIterator.prototype.toArray.js, block @2 opcode 2 kotlin.NotImplementedError: An operation is not implemented: Not yet implemented
kangax-next/DisposableStack.js: ReferenceError: "DisposableStack" is not defined
kangax-next/Map.prototype.upsert.js: TypeError: cannot call value undefined
kangax-next/RegExp.1-9.js: failed
kangax-next/RegExp.lastMatch.js: failed
kangax-next/ShadowRealm.js: failed
kangax-next/SuppressedError.js: 11: var err3 = new Error(); SyntaxError: expected ;, but found identifier
kangax-next/Uint8Array.fromBase64.js: TypeError: cannot call value undefined
kangax-next/Uint8Array.fromHex.js: TypeError: cannot call value undefined
kangax-next/Uint8Array.setFromBase64.js: TypeError: cannot call value undefined
kangax-next/Uint8Array.setFromHex.js: TypeError: cannot call value undefined
kangax-next/Uint8Array.toBase64.js: TypeError: cannot call value undefined
kangax-next/Uint8Array.toHex.js: TypeError: cannot call value undefined
kangax-next/WeakMap.prototype.upsert.js: ReferenceError: "WeakMap" is not defined
kangax-next/await-using.for-of.js: SyntaxError: unexpected token "["
kangax-next/await-using.js: SyntaxError: unexpected token "["
kangax-next/class-decorators.js: SyntaxError: invalid token "\u0040"
kangax-next/function.sent.js: SyntaxError: expected (, but found .
kangax-next/throw-expr.arrow.js: SyntaxError: expected primary expression, but found throw
kangax-next/throw-expr.conditional.js: SyntaxError: expected primary expression, but found throw
kangax-next/throw-expr.logical.js: SyntaxError: expected primary expression, but found throw
kangax-next/throw-expr.param-init.js: SyntaxError: expected primary expression, but found throw
kangax-next/using.for-of.js: SyntaxError: expected ;, but found identifier
kangax-next/using.js: SyntaxError: expected ;, but found identifier
