Metadata: {"arch": "arm64", "binary_sha256": "2dcab79033337f55010294d0bbd082c8a0113e0956aac5df0e83512912f9f42f", "binary_size": 4896344, "engine": "otto", "go": "1.25.7", "repository": "https://github.com/robertkrimen/otto.git", "revision": "3ca729876b8973d2faeb6f25d1c8e7dd6580063a", "revision_date": "2025-06-13", "version": "0.5.1-2-g3ca7298"}
es1/Array.js: OK
es1/Array.length.assignment.js: OK
es1/Array.length.js: OK
es1/Array.prototype.constructor.js: OK
es1/Array.prototype.join.generic.js: OK
es1/Array.prototype.join.js: OK
es1/Array.prototype.reverse.generic.js: OK
es1/Array.prototype.reverse.js: OK
es1/Array.prototype.sort.generic.js: OK
es1/Array.prototype.sort.js: OK
es1/Array.prototype.toString.js: OK
es1/Boolean.js: OK
es1/Boolean.prototype.constructor.js: OK
es1/Boolean.prototype.toString.js: OK
es1/Boolean.prototype.valueOf.js: OK
es1/Date.diff.js: OK
es1/Date.js: OK
es1/Date.prototype.constructor.js: OK
es1/Date.prototype.getDate.js: OK
es1/Date.prototype.getDay.js: OK
es1/Date.prototype.getFullYear.js: OK
es1/Date.prototype.getHours.js: OK
es1/Date.prototype.getMilliseconds.js: OK
es1/Date.prototype.getMinutes.js: OK
es1/Date.prototype.getMonth.js: OK
es1/Date.prototype.getSeconds.js: OK
es1/Date.prototype.getTimezoneOffset.js: OK
es1/Date.prototype.getTime.js: OK
es1/Date.prototype.getUTCDate.js: OK
es1/Date.prototype.getUTCDay.js: OK
es1/Date.prototype.getUTCFullYear.js: OK
es1/Date.prototype.getUTCHours.js: OK
es1/Date.prototype.getUTCMilliseconds.js: OK
es1/Date.prototype.getUTCMinutes.js: OK
es1/Date.prototype.getUTCMonth.js: OK
es1/Date.prototype.getUTCSeconds.js: OK
es1/Date.prototype.setDate.js: OK
es1/Date.prototype.setFullYear.js: OK
es1/Date.prototype.setHours.js: OK
es1/Date.prototype.setMilliseconds.js: OK
es1/Date.prototype.setMinutes.js: OK
es1/Date.prototype.setMonth.js: OK
es1/Date.prototype.setSeconds.js: OK
es1/Date.prototype.setTime.js: OK
es1/Date.prototype.setUTCDate.js: OK
es1/Date.prototype.setUTCFullYear.js: OK
es1/Date.prototype.setUTCHours.js: OK
es1/Date.prototype.setUTCMilliseconds.js: OK
es1/Date.prototype.setUTCMinutes.js: OK
es1/Date.prototype.setUTCMonth.js: OK
es1/Date.prototype.setUTCSeconds.js: OK
es1/Date.prototype.toLocaleString.js: OK
es1/Date.prototype.toString.js: OK
es1/Date.prototype.toUTCString.js: OK
es1/Date.prototype.valueOf.js: OK
es1/Function.js: OK
es1/Function.length.js: OK
es1/Function.prototype.constructor.js: OK
es1/Function.prototype.js: OK
es1/Function.prototype.toString.js: OK
es1/Math.E.js: OK
es1/Math.LN2.js: OK
es1/Math.LN10.js: OK
es1/Math.LOG2E.js: OK
es1/Math.LOG10E.js: OK
es1/Math.PI.js: OK
es1/Math.SQRT1_2.js: OK
es1/Math.SQRT2.js: OK
es1/Math.abs.js: OK
es1/Math.acos.js: OK
es1/Math.asin.js: OK
es1/Math.atan2.js: OK
es1/Math.atan.js: OK
es1/Math.ceil.js: OK
es1/Math.cos.js: OK
es1/Math.exp.js: OK
es1/Math.floor.js: OK
es1/Math.log.js: OK
es1/Math.max.js: OK
es1/Math.min.js: OK
es1/Math.pow.js: OK
es1/Math.random.js: OK
es1/Math.round.js: OK
es1/Math.sin.js: OK
es1/Math.sqrt.js: OK
es1/Math.tan.js: OK
es1/Number.MAX_VALUE.js: OK
es1/Number.MIN_VALUE.js: OK
es1/Number.NEGATIVE_INFINITY.js: OK
es1/Number.NaN.js: OK
es1/Number.POSITIVE_INFINITY.js: OK
es1/Number.js: OK
es1/Number.prototype.constructor.js: OK
es1/Number.prototype.toString.js: OK
es1/Number.prototype.valueOf.js: OK
es1/Object.js: OK
es1/Object.prototype.constructor.js: OK
es1/Object.prototype.toString.js: OK
es1/Object.prototype.valueOf.js: OK
es1/String.fromCharCode.js: OK
es1/String.generics.js: panic: runtime error: invalid memory address or nil pointer dereference [recovered, repanicked] github.com/robertkrimen/otto.catchPanic.func1() /src/error.go:247 +0x358 panic({0x260700?, 0x4aef60?}) /usr/local/go/src/runtime/panic.go:783 +0x120 github.com/robertkrimen/otto.catchPanic(0x400022bdd8?) 
es1/String.js: OK
es1/String.length.js: OK
es1/String.prototype.charAt.js: OK
es1/String.prototype.charCodeAt.js: OK
es1/String.prototype.constructor.js: OK
es1/String.prototype.indexOf.js: OK
es1/String.prototype.lastIndexOf.js: OK
es1/String.prototype.split.js: OK
es1/String.prototype.substring.js: OK
es1/String.prototype.toLowerCase.js: OK
es1/String.prototype.toString.js: OK
es1/String.prototype.toUpperCase.js: OK
es1/String.prototype.valueOf.js: OK
es1/annex-b.Date.prototype.getYear.js: OK
es1/annex-b.Date.prototype.setYear.js: OK
es1/annex-b.Date.prototype.toGMTString.js: OK
es1/annex-b.global.escape.js: OK
es1/annex-b.global.unescape.js: OK
es1/annex-b.literals.octal.js: OK
es1/annex-b.literals.string.octal.js: OK
es1/arguments.callee.js: OK
es1/arguments.js: OK
es1/asi.eval.js: OK
es1/asi.js: OK
es1/assignment.bitwise.js: OK
es1/assignment.js: OK
es1/assignment.ltr.js: failed: C++ like evaluation order in 'x += f()'
es1/assignment.unsigned-shift.js: OK
es1/bitwise.binary.js: OK
es1/bitwise.shifts.js: OK
es1/bitwise.tilde.js: OK
es1/bitwise.unsigned-shift.js: OK
es1/break.js: OK
es1/comma.js: OK
es1/comments.js: OK
es1/conditional.js: OK
es1/continue.js: OK
es1/conversions.ToBoolean.js: OK
es1/conversions.ToInt32.js: OK
es1/conversions.ToInteger.js: OK
es1/conversions.ToNumber.js: OK
es1/conversions.ToObject.js: OK
es1/conversions.ToString.js: OK
es1/conversions.ToUint32.js: OK
es1/conversions.js: OK
es1/equals.js: OK
es1/eval.js: OK
es1/for-in.js: OK
es1/for.js: OK
es1/functions.js: OK
es1/global.Infinity.js: OK
es1/global.NaN.js: OK
es1/global.isFinite.js: OK
es1/global.isNaN.js: OK
es1/global.parseFloat.js: OK
es1/global.parseInt.hex.js: OK
es1/global.parseInt.js: OK
es1/global.parseInt.radix.js: OK
es1/literals.decimal.js: OK
es1/literals.hex.js: OK
es1/literals.string.escapes.js: OK
es1/literals.string.hex.js: OK
es1/literals.string.js: OK
es1/literals.string.unicode.js: OK
es1/logical.js: OK
es1/new.typeof.js: OK
es1/numbers.double.js: OK
es1/numbers.fmod.js: OK
es1/numbers.inf.js: OK
es1/numbers.int.js: OK
es1/numbers.nan.js: OK
es1/postfix.decrement.js: OK
es1/postfix.increment.js: OK
es1/prefix.js: OK
es1/relational.js: OK
es1/return.js: OK
es1/return.typeof.js: OK
es1/this.js: OK
es1/typeof.js: OK
es1/typeof.null.js: OK
es1/typeof.undeclared.js: OK
es1/types.js: OK
es1/unary.decrement.js: OK
es1/unary.delete.js: OK
es1/unary.delete.var.js: OK
es1/unary.increment.js: OK
es1/unary.minus.js: OK
es1/unary.not.js: OK
es1/unary.plus.js: OK
es1/unary.plus.str.js: OK
es1/unary.tilde.js: OK
es1/var.js: OK
es1/var.typeof.js: OK
es1/void.js: OK
es1/void.typeof.js: OK
es1/while.js: OK
es1/with.js: OK
es3/Array.prototype.concat.js: OK
es3/Array.prototype.pop.generic.js: OK
es3/Array.prototype.pop.js: OK
es3/Array.prototype.push.generic.js: OK
es3/Array.prototype.push.js: OK
es3/Array.prototype.shift.generic.js: OK
es3/Array.prototype.shift.js: OK
es3/Array.prototype.slice.generic.js: OK
es3/Array.prototype.slice.js: OK
es3/Array.prototype.splice.generic.js: OK
es3/Array.prototype.splice.js: OK
es3/Array.prototype.toLocaleString.js: OK
es3/Array.prototype.unshift.generic.js: OK
es3/Array.prototype.unshift.js: OK
es3/Array.prototype.unshift.returns-new-length.js: OK
es3/Date.prototype.toDateString.js: OK
es3/Date.prototype.toLocaleDateString.js: OK
es3/Date.prototype.toLocaleString.js: OK
es3/Date.prototype.toLocaleTimeString.js: OK
es3/Date.prototype.toTimeString.js: OK
es3/Error.js: OK
es3/Error.prototype.constructor.js: OK
es3/Error.prototype.message.js: OK
es3/Error.prototype.name.js: OK
es3/Error.prototype.toString.js: OK
es3/Function.prototype.apply.js: OK
es3/Function.prototype.call.js: OK
es3/Math.max.variadic.js: OK
es3/Math.min.variadic.js: OK
es3/Number.prototype.toExponential.edge-cases.js: OK
es3/Number.prototype.toExponential.js: toExponential(2) failed; negative number failed; zero failed; Infinity failed; small number failed
es3/Number.prototype.toExponential.rounding.js: (25).toExponential(0) != '3e+1' (got: '2e+01'); (12345).toExponential(3) != '1.235e+4' (got: '1.234e+04'); (1.25).toExponential(1) != '1.26e+0' (got: '1.2e+00'); (1.255).toExponential(2) != '1.25e+0', got '1.25e+00'
es3/Number.prototype.toExponential.throws-infinity.js: toExponential(Infinity) does not throw RangeError
es3/Number.prototype.toFixed.js: rounding failed
es3/Number.prototype.toLocaleString.js: OK
es3/Number.prototype.toPrecision.js: Infinity failed; small number exponential notation failed; zero failed; large number exponential notation failed
es3/Object.prototype.hasOwnProperty.js: OK
es3/Object.prototype.isPrototypeOf.js: OK
es3/Object.prototype.propertyIsEnumerable.js: OK
es3/Object.prototype.toLocaleString.js: OK
es3/RegExp.global.js: OK
es3/RegExp.ignoreCase.js: OK
es3/RegExp.js: OK
es3/RegExp.lastIndex.js: OK
es3/RegExp.multiline.js: OK
es3/RegExp.prototype.constructor.js: OK
es3/RegExp.prototype.exec.js: OK
es3/RegExp.prototype.test.js: OK
es3/RegExp.prototype.toString.js: OK
es3/RegExp.source.js: OK
es3/String.prototype.concat.generic.js: OK
es3/String.prototype.concat.js: OK
es3/String.prototype.localeCompare.js: OK
es3/String.prototype.match.generic.js: OK
es3/String.prototype.match.js: OK
es3/String.prototype.replace.capture.js: $nn 10 captures failed; $nn reverse order failed
es3/String.prototype.replace.extra.js: OK
es3/String.prototype.replace.generic.js: OK
es3/String.prototype.replace.regex.js: OK
es3/String.prototype.replace.str.js: OK
es3/String.prototype.search.generic.js: OK
es3/String.prototype.search.js: OK
es3/String.prototype.search.str.js: OK
es3/String.prototype.slice.generic.js: OK
es3/String.prototype.slice.js: OK
es3/String.prototype.split.bugs.js: ''.split(/.?/).length !== 0
es3/String.prototype.split.limit.js: OK
es3/String.prototype.split.regex.js: OK
es3/String.prototype.toLocaleLowerCase.js: OK
es3/String.prototype.toLocaleUpperCase.js: OK
es3/annex-b.String.prototype.substr.js: OK
es3/do-while.js: OK
es3/function-expressions.IIFE.js: OK
es3/function-expressions.js: OK
es3/global.EvalError.js: OK
es3/global.RangeError.js: OK
es3/global.RangeError.thrown.js: OK
es3/global.ReferenceError.js: OK
es3/global.ReferenceError.thrown.js: OK
es3/global.SyntaxError.js: OK
es3/global.SyntaxError.thrown.js: OK
es3/global.TypeError.js: OK
es3/global.TypeError.thrown.js: OK
es3/global.URIError.js: OK
es3/global.URIError.thrown.js: no exception for encodeURI lone low surrogate; no exception for encodeURI lone high surrogate; no exception for encodeURIComponent lone low surrogate; no exception for encodeURIComponent lone high surrogate
es3/global.decodeURIComponent.js: OK
es3/global.decodeURI.js: OK
es3/global.encodeURIComponent.js: OK
es3/global.encodeURI.js: OK
es3/global.undefined.js: OK
es3/identifiers.unicode.js: OK
es3/instanceof.js: OK
es3/in.js: OK
es3/labelled.break.js: OK
es3/labelled.continue.js: OK
es3/labelled.statements.js: OK
es3/literals.array.elisions.js: OK
es3/literals.array.js: OK
es3/literals.array.trailing-comma.js: OK
es3/literals.object.decimal.js: property name 1e2 failed; property name 2.5e1 failed
es3/literals.object.hex.js: property name 0xff failed; property name 0x10 failed; property name 0xABC failed
es3/literals.object.int.js: OK
es3/literals.object.js: OK
es3/literals.object.str.js: OK
es3/literals.object.unicode.js: OK
es3/literals.regex.ambiguous.js: OK
es3/literals.regex.empty.js: OK
es3/literals.regex.js: OK
es3/literals.string.esc-v.js: OK
es3/nested-functions.eval.js: OK
es3/nested-functions.js: OK
es3/regex.backref.js: (anonymous): Line 9:10 Invalid regular expression: re2: Invalid \1 <backreference> (and 2 more errors)
es3/regex.begin.js: OK
es3/regex.bracket.esc-b.js: OK
es3/regex.bracket.js: OK
es3/regex.bracket.ranges.js: OK
es3/regex.class.esc-d.js: OK
es3/regex.class.esc-s.js: OK
es3/regex.class.esc-w.js: OK
es3/regex.disjunction.js: OK
es3/regex.dot.js: OK
es3/regex.end.js: OK
es3/regex.escape.control.js: OK
es3/regex.escape.hex.js: OK
es3/regex.escape.js: OK
es3/regex.escape.nul.js: OK
es3/regex.escape.unicode.js: OK
es3/regex.flag.global.js: OK
es3/regex.flag.ignorecase.js: OK
es3/regex.flag.multiline.js: OK
es3/regex.group.js: OK
es3/regex.lookahead.js: (anonymous): Line 9:10 Invalid regular expression: re2: Invalid (?=) <lookahead> (and 2 more errors)
es3/regex.negative-lookahead.js: (anonymous): Line 9:10 Invalid regular expression: re2: Invalid (?!) <lookahead> (and 2 more errors)
es3/regex.non-capturing-group.js: OK
es3/regex.quantifier.exact.js: OK
es3/regex.quantifier.maybe.js: OK
es3/regex.quantifier.min.js: OK
es3/regex.quantifier.plus.js: OK
es3/regex.quantifier.range.js: OK
es3/regex.quantifier.star.js: OK
es3/regex.word-boundary.js: OK
es3/source.line-terminators.js: OK
es3/source.whitespace.js: OK
es3/source.whitespace.unicode.js: OK
es3/strict-equals.js: OK
es3/switch.js: OK
es3/try-catch-finally.js: OK
es3/try-catch-throw.js: OK
es5/Array.isArray.js: OK
es5/Array.prototype.every.js: OK
es5/Array.prototype.filter.js: OK
es5/Array.prototype.forEach.js: OK
es5/Array.prototype.indexOf.js: OK
es5/Array.prototype.lastIndexOf.js: OK
es5/Array.prototype.map.js: OK
es5/Array.prototype.reduceRight.js: OK
es5/Array.prototype.reduce.js: OK
es5/Array.prototype.some.js: OK
es5/Array.prototype.sort.TypeError.js: OK
es5/Array.prototype.sort.undefined-comparefn.js: OK
es5/Date.now.js: OK
es5/Date.prototype.toISOString.js: invalid date does not throw RangeError
es5/Date.prototype.toJSON.js: OK
es5/Function.prototype-not-enumerable.js: OK
es5/Function.prototype.apply.array-like.js: OK
es5/Function.prototype.bind.js: OK
es5/JSON.js: OK
es5/JSON.parse.js: OK
es5/JSON.parse.reviver.js: OK
es5/JSON.stringify.js: OK
es5/JSON.stringify.replacer.js: OK
es5/JSON.stringify.space.js: OK
es5/Object.create.js: OK
es5/Object.defineProperties.js: OK
es5/Object.defineProperty.js: OK
es5/Object.freeze.js: OK
es5/Object.getOwnPropertyDescriptor.js: OK
es5/Object.getOwnPropertyNames.js: OK
es5/Object.getPrototypeOf.js: OK
es5/Object.isExtensible.js: OK
es5/Object.isFrozen.js: OK
es5/Object.isSealed.js: OK
es5/Object.keys.js: OK
es5/Object.preventExtensions.js: OK
es5/Object.property-shadowing.js: failed: non-enumerable did not shadow enumerable
es5/Object.seal.js: OK
es5/String.indexing.js: OK
es5/String.prototype.trim.js: OK
es5/arguments.toStringTag.js: OK
es5/debugger.js: OK
es5/global.Infinity.immutable.js: OK
es5/global.NaN.immutable.js: OK
es5/global.parseInt.no-octal.js: OK
es5/global.undefined.immutable.js: OK
es5/literals.object.getters.js: OK
es5/literals.object.setters.js: OK
es5/literals.object.trailing-comma.js: OK
es5/source.keyword-properties.js: OK
es5/source.unreserved-words.js: OK
es5/source.whitespace.bom.js: OK
es5/source.zero-width-chars.js: (anonymous): Line 11:5 Unexpected token ILLEGAL (and 5 more errors)
es5/strict.eval-cannot-create-bindings.js: failed
es5/strict.function-expr-with-matching-name.js: OK
es5/strict.js: failed
es5/strict.no-arguments-callee.js: failed
es5/strict.no-arguments-caller.js: OK
es5/strict.no-assignment-to-non-writable.js: failed
es5/strict.no-assignment-to-unresolvable.js: failed
es5/strict.no-delete-bindings.js: failed
es5/strict.no-delete-non-configurable.js: failed
es5/strict.no-duplicate-parameters.js: failed
es5/strict.no-eval-or-arguments-assignment.js: failed
es5/strict.no-eval-or-arguments-bindings.js: failed
es5/strict.no-function-caller-or-arguments.js: failed
es5/strict.no-octal-literals.js: failed
es5/strict.no-with.js: failed
es5/strict.reserved-words.js: 'var implements' did not throw in strict mode
es5/strict.this-primitive-not-coerced-in-accessors.js: failed: string 'this' was coerced in accessor
es5/strict.this-primitive-not-coerced.js: failed: string 'this' was coerced to object
es5/strict.this-undefined-in-function.js: failed: outer 'this' is not undefined
es5/strict.unmapped-arguments.js: failed
es5/this.thrown-function.js: OK
kangax-es5/Array.isArray.js: OK
kangax-es5/Array.prototype.every.js: OK
kangax-es5/Array.prototype.filter.js: OK
kangax-es5/Array.prototype.forEach.js: OK
kangax-es5/Array.prototype.indexOf.js: OK
kangax-es5/Array.prototype.lastIndexOf.js: OK
kangax-es5/Array.prototype.map.js: OK
kangax-es5/Array.prototype.reduceRight.js: OK
kangax-es5/Array.prototype.reduce.js: OK
kangax-es5/Array.prototype.some.js: OK
kangax-es5/Array.prototype.sort.compareFn-type.js: OK
kangax-es5/Array.prototype.sort.compareFn-undefined.js: OK
kangax-es5/Array.prototype.unshift.return-count.js: OK
kangax-es5/Date.now.js: OK
kangax-es5/Date.prototype.toISOString.js: OK
kangax-es5/Date.prototype.toJSON.js: OK
kangax-es5/Function.prototype.bind.js: OK
kangax-es5/JSON.js: OK
kangax-es5/Number.prototype.toExponential.no-throw-edge-cases.js: OK
kangax-es5/Number.prototype.toExponential.rounds-properly.js: failed
kangax-es5/Number.prototype.toExponential.throws-infinity.js: OK
kangax-es5/Object.create.js: OK
kangax-es5/Object.defineProperties.js: OK
kangax-es5/Object.defineProperty.js: OK
kangax-es5/Object.freeze.js: OK
kangax-es5/Object.getOwnPropertyDescriptor.js: OK
kangax-es5/Object.getOwnPropertyNames.js: OK
kangax-es5/Object.getPrototypeOf.js: OK
kangax-es5/Object.isExtensible.js: OK
kangax-es5/Object.isFrozen.js: OK
kangax-es5/Object.isSealed.js: OK
kangax-es5/Object.keys.js: OK
kangax-es5/Object.preventExtensions.js: OK
kangax-es5/Object.seal.js: OK
kangax-es5/String.property-access.js: OK
kangax-es5/String.prototype.split.js: failed
kangax-es5/String.prototype.trim.js: OK
kangax-es5/annex-b.String.prototype.substr.js: OK
kangax-es5/immutable-globals.Infinity.js: OK
kangax-es5/immutable-globals.NaN.js: OK
kangax-es5/immutable-globals.undefined.js: OK
kangax-es5/literals.getter-accessors.js: OK
kangax-es5/literals.reserved-words-properties.js: OK
kangax-es5/literals.setter-accessors.js: OK
kangax-es5/literals.trailing-comma-array.js: OK
kangax-es5/literals.trailing-comma-object.js: OK
kangax-es5/misc.Arguments.toStringTag.js: OK
kangax-es5/misc.Function.apply.array-likes.js: OK
kangax-es5/misc.Function.prototype.non-enumerable.js: OK
kangax-es5/misc.enumerable-shadow.js: failed
kangax-es5/misc.parseInt.ignores-leading-zeros.js: OK
kangax-es5/misc.thrown-functions-this.js: OK
kangax-es5/misc.unreserved-words.js: OK
kangax-es5/misc.zero-width-identifiers.js: (anonymous): Line 8:7 Unexpected token ILLEGAL (and 3 more errors)
kangax-es5/strict.arguments-callee-error.js: failed
kangax-es5/strict.arguments-caller-error.js: OK
kangax-es5/strict.arguments-unmapped.js: failed
kangax-es5/strict.assignment-eval-arguments-error.js: failed
kangax-es5/strict.assignment-non-writable-error.js: failed
kangax-es5/strict.assignment-unresolvable-error.js: failed
kangax-es5/strict.delete-bindings-error.js: failed
kangax-es5/strict.delete-non-configurable-error.js: failed
kangax-es5/strict.eval-arguments-bindings-error.js: failed
kangax-es5/strict.eval-no-bindings.js: failed
kangax-es5/strict.function-caller-arguments-error.js: failed
kangax-es5/strict.function-expr-matching-name-arg.js: OK
kangax-es5/strict.legacy-octal-error.js: failed
kangax-es5/strict.repeated-params-error.js: failed
kangax-es5/strict.reserved-words.js: failed
kangax-es5/strict.this-not-coerced-accessors.js: failed
kangax-es5/strict.this-not-coerced-methods.js: failed
kangax-es5/strict.this-undefined.js: failed
kangax-es5/strict.with-error.js: failed
kangax-es6/Array.Symbol.species.js: ReferenceError: 'Symbol' is not defined
kangax-es6/Array.from.array-like.js: TypeError: "from" is not a function
kangax-es6/Array.from.generator.js: (anonymous): Line 9:27 Unexpected token * (and 4 more errors)
kangax-es6/Array.from.iterable-instance.js: TypeError: "from" is not a function
kangax-es6/Array.from.iterable.js: TypeError: "from" is not a function
kangax-es6/Array.from.iterator-closing.js: failed
kangax-es6/Array.from.map.array-like.js: TypeError: "from" is not a function
kangax-es6/Array.from.map.generator.js: (anonymous): Line 9:27 Unexpected token * (and 4 more errors)
kangax-es6/Array.from.map.iterable-instance.js: TypeError: "from" is not a function
kangax-es6/Array.from.map.iterable.js: TypeError: "from" is not a function
kangax-es6/Array.iterator-prototype-chain.js: ReferenceError: 'Symbol' is not defined
kangax-es6/Array.of.js: failed
kangax-es6/Array.prototype.Symbol.iterator.js: ReferenceError: 'Symbol' is not defined
kangax-es6/Array.prototype.Symbol.unscopables.js: ReferenceError: 'Symbol' is not defined
kangax-es6/Array.prototype.copyWithin.js: failed
kangax-es6/Array.prototype.entries.js: failed
kangax-es6/Array.prototype.fill.js: failed
kangax-es6/Array.prototype.findIndex.js: failed
kangax-es6/Array.prototype.find.js: failed
kangax-es6/Array.prototype.keys.js: failed
kangax-es6/Array.prototype.splice.js: failed
kangax-es6/Array.prototype.values.js: failed
kangax-es6/Date.prototype.Symbol.toPrimitive.js: ReferenceError: 'Symbol' is not defined
kangax-es6/Function.name.accessor.js: failed
kangax-es6/Function.name.bound.js: OK
kangax-es6/Function.name.class-expression.js: (anonymous): Line 10:10 Unexpected reserved word (and 1 more errors)
kangax-es6/Function.name.class-object-method.js: (anonymous): Line 10:18 Unexpected reserved word (and 15 more errors)
kangax-es6/Function.name.class-prototype.js: (anonymous): Line 10:3 Unexpected reserved word (and 1 more errors)
kangax-es6/Function.name.class-statement.js: (anonymous): Line 10:3 Unexpected reserved word (and 1 more errors)
kangax-es6/Function.name.class-static.js: (anonymous): Line 10:3 Unexpected reserved word (and 1 more errors)
kangax-es6/Function.name.class-variable.js: (anonymous): Line 10:13 Unexpected reserved word (and 5 more errors)
kangax-es6/Function.name.configurable.js: failed
kangax-es6/Function.name.expression.js: OK
kangax-es6/Function.name.new-Function.js: failed
kangax-es6/Function.name.object-method.js: failed
kangax-es6/Function.name.shorthand.js: (anonymous): Line 10:16 Unexpected token ( (and 16 more errors)
kangax-es6/Function.name.shorthand.no-lexical.js: (anonymous): Line 11:13 Unexpected token ( (and 17 more errors)
kangax-es6/Function.name.statement.js: OK
kangax-es6/Function.name.symbol-keyed.js: (anonymous): Line 13:6 Unexpected identifier (and 17 more errors)
kangax-es6/Function.name.variable.js: failed
kangax-es6/Map.Symbol.species.js: ReferenceError: 'Map' is not defined
kangax-es6/Map.constructor-accepts-null.js: ReferenceError: 'Map' is not defined
kangax-es6/Map.constructor-arguments.js: ReferenceError: 'Map' is not defined
kangax-es6/Map.constructor-invokes-set.js: ReferenceError: 'Map' is not defined
kangax-es6/Map.constructor-requires-new.js: ReferenceError: 'Map' is not defined
kangax-es6/Map.iterator-closing.js: failed
kangax-es6/Map.iterator-prototype-chain.js: ReferenceError: 'Map' is not defined
kangax-es6/Map.js: ReferenceError: 'Map' is not defined
kangax-es6/Map.prototype-not-instance.js: ReferenceError: 'Map' is not defined
kangax-es6/Map.prototype.Symbol.iterator.js: ReferenceError: 'Map' is not defined
kangax-es6/Map.prototype.clear.js: ReferenceError: 'Map' is not defined
kangax-es6/Map.prototype.delete.js: ReferenceError: 'Map' is not defined
kangax-es6/Map.prototype.entries.js: ReferenceError: 'Map' is not defined
kangax-es6/Map.prototype.forEach.js: ReferenceError: 'Map' is not defined
kangax-es6/Map.prototype.keys.js: ReferenceError: 'Map' is not defined
kangax-es6/Map.prototype.set-returns-this.js: ReferenceError: 'Map' is not defined
kangax-es6/Map.prototype.size.js: ReferenceError: 'Map' is not defined
kangax-es6/Map.prototype.values.js: ReferenceError: 'Map' is not defined
kangax-es6/Map.zero-key.js: ReferenceError: 'Map' is not defined
kangax-es6/Math.acosh.js: OK
kangax-es6/Math.asinh.js: OK
kangax-es6/Math.atanh.js: OK
kangax-es6/Math.cbrt.js: OK
kangax-es6/Math.clz32.js: failed
kangax-es6/Math.cosh.js: OK
kangax-es6/Math.expm1.js: OK
kangax-es6/Math.fround.js: failed
kangax-es6/Math.hypot.js: TypeError: "hypot" is not a function
kangax-es6/Math.imul.js: failed
kangax-es6/Math.log1p.js: OK
kangax-es6/Math.log2.js: OK
kangax-es6/Math.log10.js: OK
kangax-es6/Math.sign.js: failed
kangax-es6/Math.sinh.js: OK
kangax-es6/Math.tanh.js: OK
kangax-es6/Math.trunc.js: OK
kangax-es6/Number.EPSILON.js: failed
kangax-es6/Number.MAX_SAFE_INTEGER.js: failed
kangax-es6/Number.MIN_SAFE_INTEGER.js: failed
kangax-es6/Number.isFinite.js: failed
kangax-es6/Number.isInteger.js: failed
kangax-es6/Number.isNaN.js: OK
kangax-es6/Number.isSafeInteger.js: failed
kangax-es6/Number.parseFloat.js: failed
kangax-es6/Number.parseInt.js: failed
kangax-es6/Object.assign.js: OK
kangax-es6/Object.getOwnPropertySymbols.js: ReferenceError: 'Symbol' is not defined
kangax-es6/Object.is.js: failed
kangax-es6/Object.setPrototypeOf.js: TypeError: "setPrototypeOf" is not a function
kangax-es6/Promise.Symbol.species.js: ReferenceError: 'Promise' is not defined
kangax-es6/Promise.all.iterable.js: ReferenceError: 'Promise' is not defined
kangax-es6/Promise.all.js: ReferenceError: 'Promise' is not defined
kangax-es6/Promise.constructor-requires-new.js: ReferenceError: 'Promise' is not defined
kangax-es6/Promise.js: ReferenceError: 'Promise' is not defined
kangax-es6/Promise.prototype-not-instance.js: ReferenceError: 'Promise' is not defined
kangax-es6/Promise.race.iterable.js: ReferenceError: 'Promise' is not defined
kangax-es6/Promise.race.js: ReferenceError: 'Promise' is not defined
kangax-es6/Proxy.Array.isArray.js: ReferenceError: 'Proxy' is not defined
kangax-es6/Proxy.JSON.stringify.js: ReferenceError: 'Proxy' is not defined
kangax-es6/Proxy.constructor-requires-new.js: ReferenceError: 'Proxy' is not defined
kangax-es6/Proxy.handler.apply.invariants.js: ReferenceError: 'Proxy' is not defined
kangax-es6/Proxy.handler.apply.js: ReferenceError: 'Proxy' is not defined
kangax-es6/Proxy.handler.construct.invariants.js: ReferenceError: 'Proxy' is not defined
kangax-es6/Proxy.handler.construct.js: ReferenceError: 'Proxy' is not defined
kangax-es6/Proxy.handler.defineProperty.invariants.js: ReferenceError: 'Proxy' is not defined
kangax-es6/Proxy.handler.defineProperty.js: ReferenceError: 'Proxy' is not defined
kangax-es6/Proxy.handler.deleteProperty.invariants.js: ReferenceError: 'Proxy' is not defined
kangax-es6/Proxy.handler.deleteProperty.js: ReferenceError: 'Proxy' is not defined
kangax-es6/Proxy.handler.getOwnPropertyDescriptor.invariants.js: ReferenceError: 'Proxy' is not defined
kangax-es6/Proxy.handler.getOwnPropertyDescriptor.js: ReferenceError: 'Proxy' is not defined
kangax-es6/Proxy.handler.getPrototypeOf.invariants.js: ReferenceError: 'Proxy' is not defined
kangax-es6/Proxy.handler.getPrototypeOf.js: ReferenceError: 'Proxy' is not defined
kangax-es6/Proxy.handler.get.instances.js: ReferenceError: 'Proxy' is not defined
kangax-es6/Proxy.handler.get.invariants.js: ReferenceError: 'Proxy' is not defined
kangax-es6/Proxy.handler.get.js: ReferenceError: 'Proxy' is not defined
kangax-es6/Proxy.handler.has.instances.js: ReferenceError: 'Proxy' is not defined
kangax-es6/Proxy.handler.has.invariants.js: ReferenceError: 'Proxy' is not defined
kangax-es6/Proxy.handler.has.js: ReferenceError: 'Proxy' is not defined
kangax-es6/Proxy.handler.isExtensible.invariants.js: ReferenceError: 'Proxy' is not defined
kangax-es6/Proxy.handler.isExtensible.js: ReferenceError: 'Proxy' is not defined
kangax-es6/Proxy.handler.ownKeys.invariants.js: ReferenceError: 'Proxy' is not defined
kangax-es6/Proxy.handler.ownKeys.js: ReferenceError: 'Proxy' is not defined
kangax-es6/Proxy.handler.preventExtensions.invariants.js: ReferenceError: 'Proxy' is not defined
kangax-es6/Proxy.handler.preventExtensions.js: ReferenceError: 'Proxy' is not defined
kangax-es6/Proxy.handler.setPrototypeOf.invariants.js: ReferenceError: 'Proxy' is not defined
kangax-es6/Proxy.handler.setPrototypeOf.js: ReferenceError: 'Proxy' is not defined
kangax-es6/Proxy.handler.set.instances.js: ReferenceError: 'Proxy' is not defined
kangax-es6/Proxy.handler.set.invariants.js: ReferenceError: 'Proxy' is not defined
kangax-es6/Proxy.handler.set.js: ReferenceError: 'Proxy' is not defined
kangax-es6/Proxy.no-prototype.js: ReferenceError: 'Proxy' is not defined
kangax-es6/Proxy.revocable.js: ReferenceError: 'Proxy' is not defined
kangax-es6/Reflect.apply.js: ReferenceError: 'Reflect' is not defined
kangax-es6/Reflect.construct.Array-subclassing.js: ReferenceError: 'Reflect' is not defined
kangax-es6/Reflect.construct.Function-subclassing.js: ReferenceError: 'Reflect' is not defined
kangax-es6/Reflect.construct.Promise-subclassing.js: ReferenceError: 'Reflect' is not defined
kangax-es6/Reflect.construct.RegExp-subclassing.js: ReferenceError: 'Reflect' is not defined
kangax-es6/Reflect.construct.js: ReferenceError: 'Reflect' is not defined
kangax-es6/Reflect.construct.new-target.js: (anonymous): Line 11:12 Unexpected token . (and 7 more errors)
kangax-es6/Reflect.construct.third-argument.js: ReferenceError: 'Reflect' is not defined
kangax-es6/Reflect.defineProperty.js: ReferenceError: 'Reflect' is not defined
kangax-es6/Reflect.deleteProperty.js: ReferenceError: 'Reflect' is not defined
kangax-es6/Reflect.getOwnPropertyDescriptor.js: ReferenceError: 'Reflect' is not defined
kangax-es6/Reflect.getPrototypeOf.js: ReferenceError: 'Reflect' is not defined
kangax-es6/Reflect.get.js: ReferenceError: 'Reflect' is not defined
kangax-es6/Reflect.has.js: ReferenceError: 'Reflect' is not defined
kangax-es6/Reflect.isExtensible.js: ReferenceError: 'Reflect' is not defined
kangax-es6/Reflect.ownKeys.string.js: ReferenceError: 'Reflect' is not defined
kangax-es6/Reflect.ownKeys.symbol.js: ReferenceError: 'Symbol' is not defined
kangax-es6/Reflect.preventExtensions.js: ReferenceError: 'Reflect' is not defined
kangax-es6/Reflect.setPrototypeOf.js: ReferenceError: 'Reflect' is not defined
kangax-es6/Reflect.set.js: ReferenceError: 'Reflect' is not defined
kangax-es6/RegExp.Symbol.species.js: ReferenceError: 'Symbol' is not defined
kangax-es6/RegExp.prototype.Symbol.match.js: ReferenceError: 'Symbol' is not defined
kangax-es6/RegExp.prototype.Symbol.replace.js: ReferenceError: 'Symbol' is not defined
kangax-es6/RegExp.prototype.Symbol.search.js: ReferenceError: 'Symbol' is not defined
kangax-es6/RegExp.prototype.Symbol.split.js: ReferenceError: 'Symbol' is not defined
kangax-es6/RegExp.prototype.flags.js: failed
kangax-es6/Set.Symbol.species.js: ReferenceError: 'Set' is not defined
kangax-es6/Set.constructor-accepts-null.js: ReferenceError: 'Set' is not defined
kangax-es6/Set.constructor-arguments.js: ReferenceError: 'Set' is not defined
kangax-es6/Set.constructor-invokes-add.js: ReferenceError: 'Set' is not defined
kangax-es6/Set.constructor-requires-new.js: ReferenceError: 'Set' is not defined
kangax-es6/Set.iterator-closing.js: ReferenceError: 'Set' is not defined
kangax-es6/Set.iterator-prototype-chain.js: ReferenceError: 'Set' is not defined
kangax-es6/Set.js: ReferenceError: 'Set' is not defined
kangax-es6/Set.prototype-not-instance.js: ReferenceError: 'Set' is not defined
kangax-es6/Set.prototype.Symbol.iterator.js: ReferenceError: 'Set' is not defined
kangax-es6/Set.prototype.add-returns-this.js: ReferenceError: 'Set' is not defined
kangax-es6/Set.prototype.clear.js: ReferenceError: 'Set' is not defined
kangax-es6/Set.prototype.delete.js: ReferenceError: 'Set' is not defined
kangax-es6/Set.prototype.entries.js: ReferenceError: 'Set' is not defined
kangax-es6/Set.prototype.forEach.js: ReferenceError: 'Set' is not defined
kangax-es6/Set.prototype.keys.js: ReferenceError: 'Set' is not defined
kangax-es6/Set.prototype.size.js: ReferenceError: 'Set' is not defined
kangax-es6/Set.prototype.values.js: ReferenceError: 'Set' is not defined
kangax-es6/Set.zero-key.js: ReferenceError: 'Set' is not defined
kangax-es6/String.fromCodePoint.js: failed
kangax-es6/String.iterator-prototype-chain.js: ReferenceError: 'Symbol' is not defined
kangax-es6/String.prototype.Symbol.iterator.js: ReferenceError: 'Symbol' is not defined
kangax-es6/String.prototype.codePointAt.js: failed
kangax-es6/String.prototype.endsWith.js: failed
kangax-es6/String.prototype.endsWith.throws-regex.js: failed
kangax-es6/String.prototype.includes.js: failed
kangax-es6/String.prototype.normalize.js: failed
kangax-es6/String.prototype.repeat.js: failed
kangax-es6/String.prototype.startsWith.js: OK
kangax-es6/String.prototype.startsWith.throws-regex.js: failed
kangax-es6/String.raw.js: failed
kangax-es6/Symbol.JSON.stringify.object.js: ReferenceError: 'Symbol' is not defined
kangax-es6/Symbol.JSON.stringify.primitive.js: ReferenceError: 'Symbol' is not defined
kangax-es6/Symbol.Object.js: ReferenceError: 'Symbol' is not defined
kangax-es6/Symbol.String.js: ReferenceError: 'Symbol' is not defined
kangax-es6/Symbol.defineProperty.js: ReferenceError: 'Symbol' is not defined
kangax-es6/Symbol.global-registry.js: ReferenceError: 'Symbol' is not defined
kangax-es6/Symbol.hidden-keys.js: ReferenceError: 'Symbol' is not defined
kangax-es6/Symbol.js: ReferenceError: 'Symbol' is not defined
kangax-es6/Symbol.no-coerce.js: ReferenceError: 'Symbol' is not defined
kangax-es6/Symbol.no-new.js: ReferenceError: 'Symbol' is not defined
kangax-es6/Symbol.prototype.js: ReferenceError: 'Symbol' is not defined
kangax-es6/Symbol.typeof.js: ReferenceError: 'Symbol' is not defined
kangax-es6/WeakMap.accept-primitives.js: ReferenceError: 'WeakMap' is not defined
kangax-es6/WeakMap.constructor-accepts-null.js: ReferenceError: 'WeakMap' is not defined
kangax-es6/WeakMap.constructor-arguments.js: ReferenceError: 'WeakMap' is not defined
kangax-es6/WeakMap.constructor-invokes-set.js: ReferenceError: 'WeakMap' is not defined
kangax-es6/WeakMap.constructor-requires-new.js: ReferenceError: 'WeakMap' is not defined
kangax-es6/WeakMap.frozen-keys.js: ReferenceError: 'WeakMap' is not defined
kangax-es6/WeakMap.iterator-closing.js: failed
kangax-es6/WeakMap.js: ReferenceError: 'WeakMap' is not defined
kangax-es6/WeakMap.no-clear.js: ReferenceError: 'WeakMap' is not defined
kangax-es6/WeakMap.prototype-not-instance.js: ReferenceError: 'WeakMap' is not defined
kangax-es6/WeakMap.prototype.delete.js: ReferenceError: 'WeakMap' is not defined
kangax-es6/WeakMap.prototype.set-returns-this.js: ReferenceError: 'WeakMap' is not defined
kangax-es6/WeakSet.accept-primitives.js: ReferenceError: 'WeakSet' is not defined
kangax-es6/WeakSet.constructor-accepts-null.js: ReferenceError: 'WeakSet' is not defined
kangax-es6/WeakSet.constructor-arguments.js: ReferenceError: 'WeakSet' is not defined
kangax-es6/WeakSet.constructor-invokes-add.js: ReferenceError: 'WeakSet' is not defined
kangax-es6/WeakSet.constructor-requires-new.js: ReferenceError: 'WeakSet' is not defined
kangax-es6/WeakSet.iterator-closing.js: failed
kangax-es6/WeakSet.js: ReferenceError: 'WeakSet' is not defined
kangax-es6/WeakSet.no-clear.js: ReferenceError: 'WeakSet' is not defined
kangax-es6/WeakSet.prototype-not-instance.js: ReferenceError: 'WeakSet' is not defined
kangax-es6/WeakSet.prototype.add-returns-this.js: ReferenceError: 'WeakSet' is not defined
kangax-es6/WeakSet.prototype.delete.js: ReferenceError: 'WeakSet' is not defined
kangax-es6/annex-b.RegExp.prototype.compile.js: failed
kangax-es6/annex-b.RegExp.prototype.compile.returns-this.js: failed
kangax-es6/annex-b.String.prototype.html.existence.js: failed
kangax-es6/annex-b.String.prototype.html.lowercase.js: TypeError: "anchor" is not a function
kangax-es6/annex-b.String.prototype.html.quotes-escaped.js: TypeError: "anchor" is not a function
kangax-es6/annex-b.function.hoisted-block-level.js: failed
kangax-es6/annex-b.function.if-statement.js: OK
kangax-es6/annex-b.function.labeled.js: OK
kangax-es6/annex-b.html-comments.js: (anonymous): Line 9:5 Unexpected token > (and 2 more errors)
kangax-es6/annex-b.regex.backreferences-octal.js: OK
kangax-es6/annex-b.regex.hyphens.js: OK
kangax-es6/annex-b.regex.incomplete-patterns.js: OK
kangax-es6/annex-b.regex.invalid-char-escapes.js: OK
kangax-es6/annex-b.regex.invalid-control-escapes.js: failed
kangax-es6/annex-b.regex.invalid-hex-escapes.js: OK
kangax-es6/annex-b.regex.invalid-unicode-escapes.js: OK
kangax-es6/annex-b.regex.octal-escapes.js: OK
kangax-es6/annex-b.__proto__.Object.prototype.absent-from-null.js: OK
kangax-es6/annex-b.__proto__.Object.prototype.descriptor.js: failed
kangax-es6/annex-b.__proto__.Object.prototype.getOwnPropertyNames.js: failed
kangax-es6/annex-b.__proto__.Object.prototype.get.js: failed
kangax-es6/annex-b.__proto__.Object.prototype.hasOwnProperty.js: failed
kangax-es6/annex-b.__proto__.Object.prototype.set.js: failed
kangax-es6/annex-b.__proto__.literals.js: failed
kangax-es6/annex-b.__proto__.literals.multiple-error.js: failed
kangax-es6/annex-b.__proto__.literals.not-computed.js: (anonymous): Line 14:15 Unexpected identifier (and 15 more errors)
kangax-es6/annex-b.__proto__.literals.not-shorthand-method.js: (anonymous): Line 13:23 Unexpected token ( (and 15 more errors)
kangax-es6/annex-b.__proto__.literals.not-shorthand-property.js: (anonymous): Line 14:24 Unexpected token } (and 15 more errors)
kangax-es6/arrow.0-params.js: (anonymous): Line 10:12 Unexpected token ) (and 8 more errors)
kangax-es6/arrow.1-param.js: (anonymous): Line 10:14 Unexpected token > (and 1 more errors)
kangax-es6/arrow.5-param.js: (anonymous): Line 10:12 invalid left-hand side in assignment (and 1 more errors)
kangax-es6/arrow.bind.js: (anonymous): Line 10:51 Unexpected token > (and 14 more errors)
kangax-es6/arrow.lexical-arguments.js: (anonymous): Line 10:35 Unexpected token > (and 7 more errors)
kangax-es6/arrow.lexical-super.constructor.js: (anonymous): Line 12:3 Unexpected reserved word (and 4 more errors)
kangax-es6/arrow.lexical-super.methods.js: (anonymous): Line 10:3 Unexpected reserved word (and 5 more errors)
kangax-es6/arrow.lexical-this.js: (anonymous): Line 10:51 Unexpected token > (and 14 more errors)
kangax-es6/arrow.new-target.js: (anonymous): Line 11:15 Unexpected token > (and 1 more errors)
kangax-es6/arrow.no-line-break.js: (anonymous): Line 10:12 Unexpected token ) (and 7 more errors)
kangax-es6/arrow.no-prototype.js: (anonymous): Line 10:12 Unexpected token ) (and 2 more errors)
kangax-es6/arrow.precedence.js: (anonymous): Line 10:12 Unexpected token ) (and 7 more errors)
kangax-es6/arrow.this-call-apply.js: (anonymous): Line 10:49 Unexpected token ) (and 17 more errors)
kangax-es6/class.accessor-properties.js: (anonymous): Line 11:3 Unexpected reserved word (and 6 more errors)
kangax-es6/class.anonymous.js: (anonymous): Line 10:17 Unexpected reserved word (and 1 more errors)
kangax-es6/class.block-scoped.js: (anonymous): Line 10:3 Unexpected reserved word (and 1 more errors)
kangax-es6/class.computed-accessor-properties.js: (anonymous): Line 11:3 Unexpected reserved word (and 5 more errors)
kangax-es6/class.computed-names-tdz.js: (anonymous): Line 11:13 Unexpected reserved word (and 3 more errors)
kangax-es6/class.computed-prototype-methods.js: (anonymous): Line 11:3 Unexpected reserved word (and 3 more errors)
kangax-es6/class.computed-static-accessor-properties.js: (anonymous): Line 11:3 Unexpected reserved word (and 6 more errors)
kangax-es6/class.computed-static-methods.js: (anonymous): Line 11:3 Unexpected reserved word (and 3 more errors)
kangax-es6/class.constructor-requires-new.js: failed
kangax-es6/class.constructor.js: failed
kangax-es6/class.expression.js: (anonymous): Line 10:17 Unexpected reserved word (and 1 more errors)
kangax-es6/class.extends-expressions.js: failed
kangax-es6/class.extends-null.js: (anonymous): Line 10:3 Unexpected reserved word (and 3 more errors)
kangax-es6/class.extends.js: failed
kangax-es6/class.implicit-strict.js: (anonymous): Line 10:3 Unexpected reserved word (and 3 more errors)
kangax-es6/class.lexical-name.js: (anonymous): Line 10:3 Unexpected reserved word (and 3 more errors)
kangax-es6/class.methods-not-enumerable.js: failed
kangax-es6/class.new-target.js: (anonymous): Line 12:17 Unexpected token . (and 2 more errors)
kangax-es6/class.optional-semicolons.js: (anonymous): Line 10:3 Unexpected reserved word (and 5 more errors)
kangax-es6/class.prototype-methods.js: (anonymous): Line 10:3 Unexpected reserved word (and 3 more errors)
kangax-es6/class.statement.js: failed
kangax-es6/class.static-accessor-properties.js: (anonymous): Line 11:3 Unexpected reserved word (and 6 more errors)
kangax-es6/class.static-methods.js: (anonymous): Line 10:3 Unexpected reserved word (and 3 more errors)
kangax-es6/class.string-keyed-methods.js: (anonymous): Line 10:3 Unexpected reserved word (and 3 more errors)
kangax-es6/const.basic.js: (anonymous): Line 10:3 Unexpected reserved word (and 1 more errors)
kangax-es6/const.block-scoped.js: failed
kangax-es6/const.for-in.js: (anonymous): Line 11:7 Unexpected reserved word (and 3 more errors)
kangax-es6/const.for-loop.js: (anonymous): Line 10:3 Unexpected reserved word (and 6 more errors)
kangax-es6/const.for-of.js: (anonymous): Line 11:7 Unexpected reserved word (and 3 more errors)
kangax-es6/const.no-redefine.js: (anonymous): Line 10:3 Unexpected reserved word (and 5 more errors)
kangax-es6/const.no-statement.js: (anonymous): Line 10:3 Unexpected reserved word (and 5 more errors)
kangax-es6/const.shadow.js: (anonymous): Line 11:9 Unexpected reserved word (and 5 more errors)
kangax-es6/const.strict.basic.js: (anonymous): Line 11:3 Unexpected reserved word (and 1 more errors)
kangax-es6/const.strict.block-scoped.js: failed
kangax-es6/const.strict.for-in.js: (anonymous): Line 12:7 Unexpected reserved word (and 3 more errors)
kangax-es6/const.strict.for-loop.js: (anonymous): Line 11:3 Unexpected reserved word (and 6 more errors)
kangax-es6/const.strict.for-of.js: (anonymous): Line 12:7 Unexpected reserved word (and 3 more errors)
kangax-es6/const.strict.no-redefine.js: (anonymous): Line 11:3 Unexpected reserved word (and 5 more errors)
kangax-es6/const.strict.no-statement.js: (anonymous): Line 11:3 Unexpected reserved word (and 5 more errors)
kangax-es6/const.strict.shadow.js: (anonymous): Line 12:9 Unexpected reserved word (and 5 more errors)
kangax-es6/const.strict.tdz.js: (anonymous): Line 13:3 Unexpected reserved word (and 1 more errors)
kangax-es6/const.tdz.js: (anonymous): Line 12:3 Unexpected reserved word (and 1 more errors)
kangax-es6/default-params.arguments.js: (anonymous): Line 10:23 Unexpected token = (and 5 more errors)
kangax-es6/default-params.basic.js: (anonymous): Line 10:23 Unexpected token = (and 3 more errors)
kangax-es6/default-params.explicit-undefined.js: (anonymous): Line 10:23 Unexpected token = (and 3 more errors)
kangax-es6/default-params.new-function.js: SyntaxError: (anonymous): Line 1:13 Unexpected token = (and 3 more errors)
kangax-es6/default-params.refer-previous.js: failed
kangax-es6/default-params.separate-scope.js: (anonymous): Line 10:21 Unexpected token = (and 10 more errors)
kangax-es6/default-params.tdz.js: (anonymous): Line 10:22 Unexpected token = (and 1 more errors)
kangax-es6/destructuring-assign.array.js: (anonymous): Line 11:3 invalid left-hand side in assignment (and 1 more errors)
kangax-es6/destructuring-assign.astral-string.js: (anonymous): Line 11:3 invalid left-hand side in assignment (and 1 more errors)
kangax-es6/destructuring-assign.chained-iterable.js: (anonymous): Line 11:3 invalid left-hand side in assignment (and 1 more errors)
kangax-es6/destructuring-assign.chained-object.js: (anonymous): Line 11:6 Unexpected token , (and 5 more errors)
kangax-es6/destructuring-assign.computed-properties.js: (anonymous): Line 11:7 Unexpected identifier (and 16 more errors)
kangax-es6/destructuring-assign.defaults.js: (anonymous): Line 11:7 Unexpected token = (and 6 more errors)
kangax-es6/destructuring-assign.empty-patterns.js: (anonymous): Line 10:3 invalid left-hand side in assignment (and 1 more errors)
kangax-es6/destructuring-assign.generator.js: (anonymous): Line 11:3 invalid left-hand side in assignment (and 1 more errors)
kangax-es6/destructuring-assign.iterable-expression.js: (anonymous): Line 11:11 invalid left-hand side in assignment (and 6 more errors)
kangax-es6/destructuring-assign.iterable-instance.js: (anonymous): Line 35:3 invalid left-hand side in assignment (and 1 more errors)
kangax-es6/destructuring-assign.iterable.js: (anonymous): Line 35:3 invalid left-hand side in assignment (and 1 more errors)
kangax-es6/destructuring-assign.iterator-closing.js: (anonymous): Line 39:3 invalid left-hand side in assignment (and 1 more errors)
kangax-es6/destructuring-assign.nested-rest.js: (anonymous): Line 11:11 Unexpected token . (and 16 more errors)
kangax-es6/destructuring-assign.nested.js: (anonymous): Line 11:14 Unexpected token } (and 17 more errors)
kangax-es6/destructuring-assign.object-expression.js: (anonymous): Line 11:13 Unexpected token , (and 7 more errors)
kangax-es6/destructuring-assign.object-primitives.js: (anonymous): Line 11:12 Unexpected token } (and 16 more errors)
kangax-es6/destructuring-assign.object.js: (anonymous): Line 11:6 Unexpected token , (and 17 more errors)
kangax-es6/destructuring-assign.parenthesised-error.js: (anonymous): Line 11:6 Unexpected token , (and 8 more errors)
kangax-es6/destructuring-assign.rest.js: (anonymous): Line 11:7 Unexpected token . (and 16 more errors)
kangax-es6/destructuring-assign.sparse-array.js: (anonymous): Line 11:3 invalid left-hand side in assignment (and 1 more errors)
kangax-es6/destructuring-assign.string.js: (anonymous): Line 11:3 invalid left-hand side in assignment (and 1 more errors)
kangax-es6/destructuring-assign.throws-null-undefined.js: (anonymous): Line 12:8 Unexpected token } (and 41 more errors)
kangax-es6/destructuring-assign.trailing-comma-iterable.js: (anonymous): Line 11:3 invalid left-hand side in assignment (and 1 more errors)
kangax-es6/destructuring-assign.trailing-comma-object.js: (anonymous): Line 11:6 Unexpected token , (and 16 more errors)
kangax-es6/destructuring-decl.array.js: (anonymous): Line 10:7 Unexpected token [ (and 1 more errors)
kangax-es6/destructuring-decl.astral-string.js: (anonymous): Line 10:7 Unexpected token [ (and 1 more errors)
kangax-es6/destructuring-decl.catch.js: (anonymous): Line 12:11 Unexpected token [ (and 2 more errors)
kangax-es6/destructuring-decl.computed-properties.js: (anonymous): Line 11:7 Unexpected token { (and 1 more errors)
kangax-es6/destructuring-decl.defaults-tdz.js: (anonymous): Line 10:7 Unexpected token { (and 10 more errors)
kangax-es6/destructuring-decl.defaults.js: (anonymous): Line 10:7 Unexpected token { (and 3 more errors)
kangax-es6/destructuring-decl.for-in.js: (anonymous): Line 10:11 Unexpected token [ (and 6 more errors)
kangax-es6/destructuring-decl.for-of.js: (anonymous): Line 10:11 Unexpected token [ (and 6 more errors)
kangax-es6/destructuring-decl.generator.js: (anonymous): Line 10:7 Unexpected token [ (and 1 more errors)
kangax-es6/destructuring-decl.iterable-instance.js: (anonymous): Line 34:7 Unexpected token [ (and 1 more errors)
kangax-es6/destructuring-decl.iterable.js: (anonymous): Line 34:7 Unexpected token [ (and 1 more errors)
kangax-es6/destructuring-decl.iterator-closing.js: (anonymous): Line 38:7 Unexpected token [ (and 1 more errors)
kangax-es6/destructuring-decl.multiple-var.js: (anonymous): Line 10:7 Unexpected token [ (and 1 more errors)
kangax-es6/destructuring-decl.nested.js: (anonymous): Line 10:7 Unexpected token [ (and 4 more errors)
kangax-es6/destructuring-decl.object-primitives.js: (anonymous): Line 10:7 Unexpected token { (and 3 more errors)
kangax-es6/destructuring-decl.object.js: (anonymous): Line 10:7 Unexpected token { (and 1 more errors)
kangax-es6/destructuring-decl.rest.js: (anonymous): Line 10:7 Unexpected token [ (and 18 more errors)
kangax-es6/destructuring-decl.sparse-array.js: (anonymous): Line 10:7 Unexpected token [ (and 1 more errors)
kangax-es6/destructuring-decl.string.js: (anonymous): Line 10:7 Unexpected token [ (and 1 more errors)
kangax-es6/destructuring-decl.throws-null-undefined.js: (anonymous): Line 11:9 Unexpected token { (and 3 more errors)
kangax-es6/destructuring-decl.trailing-comma-iterable.js: (anonymous): Line 10:7 Unexpected token [ (and 1 more errors)
kangax-es6/destructuring-decl.trailing-comma-object.js: (anonymous): Line 10:7 Unexpected token { (and 1 more errors)
kangax-es6/destructuring-params.aliased-defaults-arrow.js: (anonymous): Line 10:12 invalid left-hand side in assignment (and 4 more errors)
kangax-es6/destructuring-params.arguments.js: (anonymous): Line 10:20 Unexpected token { (and 15 more errors)
kangax-es6/destructuring-params.array.js: (anonymous): Line 10:19 Unexpected token [ (and 6 more errors)
kangax-es6/destructuring-params.astral-string.js: (anonymous): Line 10:19 Unexpected token [ (and 2 more errors)
kangax-es6/destructuring-params.computed-properties.js: (anonymous): Line 11:19 Unexpected token { (and 5 more errors)
kangax-es6/destructuring-params.defaults-new-function.js: SyntaxError: (anonymous): Line 1:11 Unexpected token { (and 24 more errors)
kangax-es6/destructuring-params.defaults-separate-scope.js: (anonymous): Line 10:20 Unexpected token { (and 9 more errors)
kangax-es6/destructuring-params.defaults.js: (anonymous): Line 10:20 Unexpected token { (and 37 more errors)
kangax-es6/destructuring-params.duplicate-identifier.js: failed
kangax-es6/destructuring-params.empty-patterns.js: (anonymous): Line 10:20 Unexpected token [ (and 4 more errors)
kangax-es6/destructuring-params.generator.js: (anonymous): Line 10:19 Unexpected token [ (and 10 more errors)
kangax-es6/destructuring-params.iterable-instance.js: (anonymous): Line 34:19 Unexpected token [ (and 6 more errors)
kangax-es6/destructuring-params.iterable.js: (anonymous): Line 34:19 Unexpected token [ (and 6 more errors)
kangax-es6/destructuring-params.iterator-closing.js: (anonymous): Line 38:13 Unexpected token [ (and 4 more errors)
kangax-es6/destructuring-params.length.js: (anonymous): Line 10:19 Unexpected token { (and 9 more errors)
kangax-es6/destructuring-params.nested.js: (anonymous): Line 10:19 Unexpected token [ (and 14 more errors)
kangax-es6/destructuring-params.new-function.js: SyntaxError: (anonymous): Line 1:11 Unexpected token { (and 15 more errors)
kangax-es6/destructuring-params.object-primitives.js: (anonymous): Line 10:19 Unexpected token { (and 5 more errors)
kangax-es6/destructuring-params.object.js: (anonymous): Line 10:19 Unexpected token { (and 8 more errors)
kangax-es6/destructuring-params.rest.js: (anonymous): Line 10:19 Unexpected token [ (and 13 more errors)
kangax-es6/destructuring-params.shorthand-defaults-arrow.js: (anonymous): Line 10:18 Unexpected token = (and 6 more errors)
kangax-es6/destructuring-params.sparse-array.js: (anonymous): Line 10:19 Unexpected token [ (and 3 more errors)
kangax-es6/destructuring-params.string.js: (anonymous): Line 10:19 Unexpected token [ (and 6 more errors)
kangax-es6/destructuring-params.throws-null-undefined.js: (anonymous): Line 11:15 Unexpected token { (and 5 more errors)
kangax-es6/destructuring-params.trailing-comma-iterable.js: (anonymous): Line 10:19 Unexpected token [ (and 3 more errors)
kangax-es6/destructuring-params.trailing-comma-object.js: (anonymous): Line 10:19 Unexpected token { (and 3 more errors)
kangax-es6/for-of.array.js: (anonymous): Line 11:17 Unexpected identifier (and 3 more errors)
kangax-es6/for-of.astral-string.js: (anonymous): Line 11:17 Unexpected identifier (and 2 more errors)
kangax-es6/for-of.generator.js: (anonymous): Line 11:27 Unexpected token * (and 25 more errors)
kangax-es6/for-of.iterable-instance.js: (anonymous): Line 36:17 Unexpected identifier (and 20 more errors)
kangax-es6/for-of.iterable.js: (anonymous): Line 36:17 Unexpected identifier (and 20 more errors)
kangax-es6/for-of.iterator-closing-break.js: (anonymous): Line 37:15 Unexpected identifier (and 3 more errors)
kangax-es6/for-of.iterator-closing-throw.js: (anonymous): Line 38:17 Unexpected identifier (and 3 more errors)
kangax-es6/for-of.sparse-array.js: (anonymous): Line 12:17 Unexpected identifier (and 2 more errors)
kangax-es6/for-of.string.js: (anonymous): Line 11:17 Unexpected identifier (and 2 more errors)
kangax-es6/function.block-level-decl.js: failed
kangax-es6/generators.basic.js: (anonymous): Line 10:12 Unexpected token * (and 4 more errors)
kangax-es6/generators.constructor.js: (anonymous): Line 10:12 Unexpected token * (and 4 more errors)
kangax-es6/generators.expression.js: (anonymous): Line 10:28 Unexpected token * (and 3 more errors)
kangax-es6/generators.no-new-this.js: (anonymous): Line 10:12 Unexpected token * (and 9 more errors)
kangax-es6/generators.prototype-chain.js: (anonymous): Line 10:12 Unexpected token * (and 2 more errors)
kangax-es6/generators.prototype.js: (anonymous): Line 10:12 Unexpected token * (and 4 more errors)
kangax-es6/generators.return.js: (anonymous): Line 10:12 Unexpected token * (and 4 more errors)
kangax-es6/generators.sending.js: (anonymous): Line 11:12 Unexpected token * (and 4 more errors)
kangax-es6/generators.shorthand.class.js: (anonymous): Line 10:3 Unexpected reserved word (and 1 more errors)
kangax-es6/generators.shorthand.computed.class.js: failed
kangax-es6/generators.shorthand.computed.js: (anonymous): Line 12:7 Unexpected token [ (and 23 more errors)
kangax-es6/generators.shorthand.js: (anonymous): Line 11:7 Unexpected identifier (and 22 more errors)
kangax-es6/generators.shorthand.no-constructor.js: (anonymous): Line 10:3 Unexpected reserved word (and 5 more errors)
kangax-es6/generators.shorthand.string-keyed.js: (anonymous): Line 11:7 Unexpected string (and 22 more errors)
kangax-es6/generators.this.js: (anonymous): Line 10:12 Unexpected token * (and 6 more errors)
kangax-es6/generators.throw.js: (anonymous): Line 11:12 Unexpected token * (and 4 more errors)
kangax-es6/generators.yield-precedence.js: (anonymous): Line 11:12 Unexpected token * (and 6 more errors)
kangax-es6/generators.yield-star.array.js: (anonymous): Line 10:28 Unexpected token * (and 1 more errors)
kangax-es6/generators.yield-star.astral-string.js: (anonymous): Line 10:28 Unexpected token * (and 1 more errors)
kangax-es6/generators.yield-star.generator.js: (anonymous): Line 10:28 Unexpected token * (and 6 more errors)
kangax-es6/generators.yield-star.iterable-instance.js: (anonymous): Line 33:28 Unexpected token * (and 1 more errors)
kangax-es6/generators.yield-star.iterable.js: (anonymous): Line 34:28 Unexpected token * (and 1 more errors)
kangax-es6/generators.yield-star.iterator-closing-throw.js: (anonymous): Line 42:22 Unexpected token * (and 1 more errors)
kangax-es6/generators.yield-star.iterator-closing.js: (anonymous): Line 40:22 Unexpected token * (and 1 more errors)
kangax-es6/generators.yield-star.non-iterable-error.js: (anonymous): Line 10:28 Unexpected token * (and 3 more errors)
kangax-es6/generators.yield-star.sparse-array.js: (anonymous): Line 10:28 Unexpected token * (and 1 more errors)
kangax-es6/generators.yield-star.string.js: (anonymous): Line 10:28 Unexpected token * (and 1 more errors)
kangax-es6/let.basic.js: (anonymous): Line 10:7 Unexpected identifier (and 2 more errors)
kangax-es6/let.block-scoped.js: (anonymous): Line 10:7 Unexpected identifier (and 1 more errors)
kangax-es6/let.for-in-shadow.js: failed
kangax-es6/let.for-iteration.js: (anonymous): Line 10:7 Unexpected identifier (and 9 more errors)
kangax-es6/let.for-loop.js: (anonymous): Line 10:7 Unexpected identifier (and 4 more errors)
kangax-es6/let.no-statement.js: (anonymous): Line 10:7 Unexpected identifier (and 6 more errors)
kangax-es6/let.shadow.js: (anonymous): Line 11:13 Unexpected identifier (and 6 more errors)
kangax-es6/let.strict.basic.js: (anonymous): Line 11:7 Unexpected identifier (and 2 more errors)
kangax-es6/let.strict.block-scoped.js: (anonymous): Line 11:7 Unexpected identifier (and 1 more errors)
kangax-es6/let.strict.for-in-shadow.js: failed
kangax-es6/let.strict.for-iteration.js: (anonymous): Line 11:7 Unexpected identifier (and 9 more errors)
kangax-es6/let.strict.for-loop.js: (anonymous): Line 11:7 Unexpected identifier (and 4 more errors)
kangax-es6/let.strict.no-statement.js: (anonymous): Line 11:7 Unexpected identifier (and 6 more errors)
kangax-es6/let.strict.shadow.js: (anonymous): Line 12:13 Unexpected identifier (and 6 more errors)
kangax-es6/let.strict.tdz.js: (anonymous): Line 13:7 Unexpected identifier (and 2 more errors)
kangax-es6/let.tdz.js: (anonymous): Line 12:7 Unexpected identifier (and 2 more errors)
kangax-es6/literals.binary.Number.js: failed
kangax-es6/literals.binary.js: (anonymous): Line 9:10 Unexpected token ILLEGAL (and 1 more errors)
kangax-es6/literals.object.computed-accessors.js: (anonymous): Line 13:14 Unexpected identifier (and 5 more errors)
kangax-es6/literals.object.computed-properties.js: (anonymous): Line 11:14 Unexpected identifier (and 15 more errors)
kangax-es6/literals.object.computed-shorthand-methods.js: (anonymous): Line 11:14 Unexpected identifier (and 17 more errors)
kangax-es6/literals.object.shorthand-methods.js: (anonymous): Line 10:14 Unexpected token ( (and 17 more errors)
kangax-es6/literals.object.shorthand-properties.js: failed
kangax-es6/literals.object.string-keyed-shorthand-methods.js: (anonymous): Line 10:22 Unexpected token ( (and 17 more errors)
kangax-es6/literals.octal.Number.js: failed
kangax-es6/literals.octal.js: (anonymous): Line 9:10 Unexpected token ILLEGAL (and 1 more errors)
kangax-es6/misc.Invalid-Date.js: OK
kangax-es6/misc.Object.freeze.primitives.js: TypeError: Object.Freeze is nil
kangax-es6/misc.Object.getOwnPropertyDescriptor.primitives.js: TypeError: Object.GetOwnPropertyDescriptor is nil
kangax-es6/misc.Object.getOwnPropertyNames.primitives.js: failed
kangax-es6/misc.Object.getPrototypeOf.primitives.js: TypeError: Object.GetPrototypeOf is nil
kangax-es6/misc.Object.isExtensible.primitives.js: TypeError: Object.IsExtensible is nil
kangax-es6/misc.Object.isFrozen.primitives.js: TypeError: Object.IsFrozen is nil
kangax-es6/misc.Object.isSealed.primitives.js: TypeError: Object.IsSealed is nil
kangax-es6/misc.Object.keys.primitives.js: TypeError: Object.Keys is nil
kangax-es6/misc.Object.preventExtensions.primitives.js: TypeError: Object.PreventExtensions is nil
kangax-es6/misc.Object.seal.primitives.js: TypeError: Object.Seal is nil
kangax-es6/misc.Proxy.defineProperty.SetIntegrityLevel.js: ReferenceError: 'Proxy' is not defined
kangax-es6/misc.Proxy.defineProperty.Set.js: ReferenceError: 'Proxy' is not defined
kangax-es6/misc.Proxy.deleteProperty.Array.copyWithin.js: ReferenceError: 'Proxy' is not defined
kangax-es6/misc.Proxy.deleteProperty.Array.pop.js: ReferenceError: 'Proxy' is not defined
kangax-es6/misc.Proxy.deleteProperty.Array.reverse.js: ReferenceError: 'Proxy' is not defined
kangax-es6/misc.Proxy.deleteProperty.Array.shift.js: ReferenceError: 'Proxy' is not defined
kangax-es6/misc.Proxy.deleteProperty.Array.splice.js: ReferenceError: 'Proxy' is not defined
kangax-es6/misc.Proxy.deleteProperty.Array.unshift.js: ReferenceError: 'Proxy' is not defined
kangax-es6/misc.Proxy.getOwnPropertyDescriptor.Function.bind.js: ReferenceError: 'Proxy' is not defined
kangax-es6/misc.Proxy.getOwnPropertyDescriptor.Object.assign.js: ReferenceError: 'Proxy' is not defined
kangax-es6/misc.Proxy.getOwnPropertyDescriptor.Object.hasOwnProperty.js: ReferenceError: 'Proxy' is not defined
kangax-es6/misc.Proxy.getOwnPropertyDescriptor.Set.js: ReferenceError: 'Proxy' is not defined
kangax-es6/misc.Proxy.get.Array.concat.js: ReferenceError: 'Proxy' is not defined
kangax-es6/misc.Proxy.get.Array.from.js: ReferenceError: 'Proxy' is not defined
kangax-es6/misc.Proxy.get.Array.iteration.js: ReferenceError: 'Proxy' is not defined
kangax-es6/misc.Proxy.get.Array.pop.js: ReferenceError: 'Proxy' is not defined
kangax-es6/misc.Proxy.get.Array.reverse.js: ReferenceError: 'Proxy' is not defined
kangax-es6/misc.Proxy.get.Array.shift.js: ReferenceError: 'Proxy' is not defined
kangax-es6/misc.Proxy.get.Array.splice.js: ReferenceError: 'Proxy' is not defined
kangax-es6/misc.Proxy.get.Array.toString.js: ReferenceError: 'Proxy' is not defined
kangax-es6/misc.Proxy.get.ClassDefinitionEvaluation.js: failed
kangax-es6/misc.Proxy.get.CreateDynamicFunction.js: ReferenceError: 'Proxy' is not defined
kangax-es6/misc.Proxy.get.CreateListFromArrayLike.js: ReferenceError: 'Proxy' is not defined
kangax-es6/misc.Proxy.get.Date.toJSON.js: ReferenceError: 'Proxy' is not defined
kangax-es6/misc.Proxy.get.Error.toString.js: ReferenceError: 'Proxy' is not defined
kangax-es6/misc.Proxy.get.Function.bind.js: ReferenceError: 'Proxy' is not defined
kangax-es6/misc.Proxy.get.HasBinding.js: ReferenceError: 'Proxy' is not defined
kangax-es6/misc.Proxy.get.IteratorComplete.js: (anonymous): Line 22:13 Unexpected identifier (and 21 more errors)
kangax-es6/misc.Proxy.get.JSON.stringify.js: ReferenceError: 'Proxy' is not defined
kangax-es6/misc.Proxy.get.Object.assign.js: ReferenceError: 'Proxy' is not defined
kangax-es6/misc.Proxy.get.Object.defineProperties.js: ReferenceError: 'Proxy' is not defined
kangax-es6/misc.Proxy.get.Promise.resolve.js: ReferenceError: 'Proxy' is not defined
kangax-es6/misc.Proxy.get.RegExp-constructor.js: ReferenceError: 'Symbol' is not defined
kangax-es6/misc.Proxy.get.RegExp.Symbol.match.js: ReferenceError: 'Proxy' is not defined
kangax-es6/misc.Proxy.get.RegExp.Symbol.replace.js: ReferenceError: 'Proxy' is not defined
kangax-es6/misc.Proxy.get.RegExp.Symbol.search.js: ReferenceError: 'Proxy' is not defined
kangax-es6/misc.Proxy.get.RegExp.Symbol.split.js: ReferenceError: 'Symbol' is not defined
kangax-es6/misc.Proxy.get.RegExp.flags.js: ReferenceError: 'Proxy' is not defined
kangax-es6/misc.Proxy.get.RegExp.test.js: ReferenceError: 'Proxy' is not defined
kangax-es6/misc.Proxy.get.RegExp.toString.js: ReferenceError: 'Proxy' is not defined
kangax-es6/misc.Proxy.get.String.match.js: ReferenceError: 'Symbol' is not defined
kangax-es6/misc.Proxy.get.String.raw.js: ReferenceError: 'Proxy' is not defined
kangax-es6/misc.Proxy.get.String.replace.js: ReferenceError: 'Symbol' is not defined
kangax-es6/misc.Proxy.get.String.search.js: ReferenceError: 'Symbol' is not defined
kangax-es6/misc.Proxy.get.String.split.js: ReferenceError: 'Symbol' is not defined
kangax-es6/misc.Proxy.get.ToPrimitive.js: ReferenceError: 'Proxy' is not defined
kangax-es6/misc.Proxy.get.ToPropertyDescriptor.js: ReferenceError: 'Proxy' is not defined
kangax-es6/misc.Proxy.get.instanceof.js: ReferenceError: 'Proxy' is not defined
kangax-es6/misc.Proxy.ownKeys.SerializeJSONObject.js: ReferenceError: 'Proxy' is not defined
kangax-es6/misc.Proxy.ownKeys.SetIntegrityLevel.js: ReferenceError: 'Proxy' is not defined
kangax-es6/misc.Proxy.ownKeys.TestIntegrityLevel.js: ReferenceError: 'Proxy' is not defined
kangax-es6/misc.Proxy.set.Array.copyWithin.js: ReferenceError: 'Proxy' is not defined
kangax-es6/misc.Proxy.set.Array.fill.js: ReferenceError: 'Proxy' is not defined
kangax-es6/misc.Proxy.set.Array.from.js: ReferenceError: 'Proxy' is not defined
kangax-es6/misc.Proxy.set.Array.of.js: ReferenceError: 'Proxy' is not defined
kangax-es6/misc.Proxy.set.Array.pop.js: ReferenceError: 'Proxy' is not defined
kangax-es6/misc.Proxy.set.Array.push.js: ReferenceError: 'Proxy' is not defined
kangax-es6/misc.Proxy.set.Array.reverse.js: ReferenceError: 'Proxy' is not defined
kangax-es6/misc.Proxy.set.Array.shift.js: ReferenceError: 'Proxy' is not defined
kangax-es6/misc.Proxy.set.Array.splice.js: ReferenceError: 'Proxy' is not defined
kangax-es6/misc.Proxy.set.Array.unshift.js: ReferenceError: 'Proxy' is not defined
kangax-es6/misc.Proxy.set.Object.assign.js: ReferenceError: 'Proxy' is not defined
kangax-es6/misc.RegExp-alter-flags.js: TypeError: Cannot supply flags when constructing one RegExp from another
kangax-es6/misc.RegExp-prototype-toString-generic.js: failed
kangax-es6/misc.accessors-no-constructor.js: failed
kangax-es6/misc.bound-function-prototype.arrow.js: (anonymous): Line 10:14 Unexpected token ) (and 4 more errors)
kangax-es6/misc.bound-function-prototype.class.js: failed
kangax-es6/misc.bound-function-prototype.function.js: failed
kangax-es6/misc.bound-function-prototype.generator.js: (anonymous): Line 10:21 Unexpected token * (and 1 more errors)
kangax-es6/misc.bound-function-prototype.subclass.js: (anonymous): Line 10:5 Unexpected reserved word (and 3 more errors)
kangax-es6/misc.do-while-no-semicolon.js: OK
kangax-es6/misc.duplicate-properties-strict.js: failed
kangax-es6/misc.for-in-no-assignment-strict.js: failed
kangax-es6/misc.function-length-configurable.js: failed
kangax-es6/misc.identifier-syntax.no-escaped-reserved.js: OK
kangax-es6/misc.identifier-syntax.var-1.js: OK
kangax-es6/misc.identifier-syntax.var-2.js: OK
kangax-es6/misc.property-order.JSON.parse.js: failed
kangax-es6/misc.property-order.JSON.stringify.js: failed
kangax-es6/misc.property-order.Object.assign.js: TypeError: Object.DefineOwnProperty: property and descriptor not configurable
kangax-es6/misc.property-order.Object.getOwnPropertyNames.js: failed
kangax-es6/misc.property-order.Object.keys.js: OK
kangax-es6/misc.property-order.Reflect.ownKeys.string.js: ReferenceError: 'Reflect' is not defined
kangax-es6/misc.property-order.Reflect.ownKeys.symbol.js: ReferenceError: 'Symbol' is not defined
kangax-es6/misc.prototypes-not-instances.js: failed
kangax-es6/new-target.assignment-error.js: (anonymous): Line 12:18 Unexpected token . (and 5 more errors)
kangax-es6/new-target.constructor.js: (anonymous): Line 12:18 Unexpected token . (and 3 more errors)
kangax-es6/regex.flags.u.case-folding.js: OK
kangax-es6/regex.flags.u.codepoint.js: TypeError: Cannot access member "0" of null
kangax-es6/regex.flags.u.js: OK
kangax-es6/regex.flags.u.non-bmp.js: OK
kangax-es6/regex.flags.y.js: failed
kangax-es6/regex.flags.y.lastIndex.js: failed
kangax-es6/rest-params.arguments.js: (anonymous): Line 10:26 Unexpected token . (and 3 more errors)
kangax-es6/rest-params.basic.js: (anonymous): Line 10:26 Unexpected token . (and 3 more errors)
kangax-es6/rest-params.length.js: (anonymous): Line 10:22 Unexpected token . (and 7 more errors)
kangax-es6/rest-params.new-function.js: SyntaxError: (anonymous): Line 1:13 Unexpected token . (and 3 more errors)
kangax-es6/rest-params.no-setter.js: (anonymous): Line 10:21 Unexpected token . (and 3 more errors)
kangax-es6/spread.array-call.js: (anonymous): Line 10:19 Unexpected token . (and 6 more errors)
kangax-es6/spread.array-literal.js: (anonymous): Line 10:11 Unexpected token . (and 14 more errors)
kangax-es6/spread.astral-call.js: (anonymous): Line 10:16 Unexpected token . (and 6 more errors)
kangax-es6/spread.astral-literal.js: (anonymous): Line 10:11 Unexpected token . (and 14 more errors)
kangax-es6/spread.generator-call.js: (anonymous): Line 10:27 Unexpected token * (and 11 more errors)
kangax-es6/spread.generator-literal.js: (anonymous): Line 10:27 Unexpected token * (and 19 more errors)
kangax-es6/spread.iterable-call.js: (anonymous): Line 35:19 Unexpected token . (and 6 more errors)
kangax-es6/spread.iterable-instance-call.js: (anonymous): Line 35:19 Unexpected token . (and 6 more errors)
kangax-es6/spread.iterable-instance-literal.js: (anonymous): Line 35:16 Unexpected token . (and 14 more errors)
kangax-es6/spread.iterable-literal.js: (anonymous): Line 35:16 Unexpected token . (and 14 more errors)
kangax-es6/spread.non-iterable-error.js: (anonymous): Line 11:14 Unexpected token . (and 6 more errors)
kangax-es6/spread.sparse-call.js: (anonymous): Line 10:17 Unexpected token . (and 4 more errors)
kangax-es6/spread.sparse-literal.js: (anonymous): Line 10:12 Unexpected token . (and 17 more errors)
kangax-es6/spread.string-call.js: (anonymous): Line 10:19 Unexpected token . (and 6 more errors)
kangax-es6/spread.string-literal.js: (anonymous): Line 10:16 Unexpected token . (and 14 more errors)
kangax-es6/subclassing.Array.concat.js: failed
kangax-es6/subclassing.Array.filter.js: failed
kangax-es6/subclassing.Array.from.js: failed
kangax-es6/subclassing.Array.isArray.js: failed
kangax-es6/subclassing.Array.length-access.js: failed
kangax-es6/subclassing.Array.length-set.js: failed
kangax-es6/subclassing.Array.map.js: failed
kangax-es6/subclassing.Array.of.js: failed
kangax-es6/subclassing.Array.prototype-chain.js: failed
kangax-es6/subclassing.Array.slice.js: failed
kangax-es6/subclassing.Array.splice.js: failed
kangax-es6/subclassing.Function.call.js: failed
kangax-es6/subclassing.Function.new.js: failed
kangax-es6/subclassing.Function.prototype-chain.js: failed
kangax-es6/subclassing.Function.prototype.apply.js: failed
kangax-es6/subclassing.Function.prototype.bind.js: failed
kangax-es6/subclassing.Function.prototype.call.js: failed
kangax-es6/subclassing.Promise.all.js: failed
kangax-es6/subclassing.Promise.js: failed
kangax-es6/subclassing.Promise.prototype-chain.js: failed
kangax-es6/subclassing.Promise.race.js: failed
kangax-es6/subclassing.RegExp.exec.js: failed
kangax-es6/subclassing.RegExp.js: failed
kangax-es6/subclassing.RegExp.prototype-chain.js: failed
kangax-es6/subclassing.RegExp.test.js: failed
kangax-es6/subclassing.misc.Boolean.js: failed
kangax-es6/subclassing.misc.Error.js: failed
kangax-es6/subclassing.misc.Map.js: failed
kangax-es6/subclassing.misc.Number.js: failed
kangax-es6/subclassing.misc.Set.js: failed
kangax-es6/subclassing.misc.String.js: failed
kangax-es6/super.correct-constructor.js: (anonymous): Line 12:3 Unexpected reserved word (and 1 more errors)
kangax-es6/super.expression.js: (anonymous): Line 10:3 Unexpected reserved word (and 5 more errors)
kangax-es6/super.method-calls.js: (anonymous): Line 10:3 Unexpected reserved word (and 5 more errors)
kangax-es6/super.new-target-binding.js: (anonymous): Line 11:3 Unexpected reserved word (and 1 more errors)
kangax-es6/super.property-access.js: (anonymous): Line 10:3 Unexpected reserved word (and 3 more errors)
kangax-es6/super.statement.js: (anonymous): Line 11:3 Unexpected reserved word (and 1 more errors)
kangax-es6/super.static-binding.js: (anonymous): Line 10:3 Unexpected reserved word (and 5 more errors)
kangax-es6/super.this-binding.js: (anonymous): Line 10:3 Unexpected reserved word (and 5 more errors)
kangax-es6/tail-calls.direct.js: fatal error: stack overflow /usr/local/go/src/runtime/panic.go:1094 +0x34 fp=0x400130be80 sp=0x400130be50 pc=0x851f4 github.com/robertkrimen/otto.catchPanic(0x4000215dd8?) /src/error.go:250 +0x54 fp=0x4040593d70 sp=0x4040593d30 pc=0x1d0264
kangax-es6/tail-calls.mutual.js: fatal error: stack overflow /usr/local/go/src/runtime/panic.go:1094 +0x34 fp=0x400058be80 sp=0x400058be50 pc=0x851f4 github.com/robertkrimen/otto.catchPanic(0x40001a9dd8?) /src/error.go:250 +0x54 fp=0x4040597d70 sp=0x4040597d30 pc=0x1d0264
kangax-es6/template.basic.js: (anonymous): Line 11:8 Unexpected token ILLEGAL (and 3 more errors)
kangax-es6/template.caching.js: (anonymous): Line 17:19 Unexpected token ILLEGAL (and 7 more errors)
kangax-es6/template.escape-sequences.js: (anonymous): Line 13:20 Unexpected token ILLEGAL (and 4 more errors)
kangax-es6/template.frozen-array.js: (anonymous): Line 12:6 Unexpected token ILLEGAL (and 5 more errors)
kangax-es6/template.line-break.js: SyntaxError: (anonymous): Line 1:1 Unexpected token ILLEGAL (and 2 more errors)
kangax-es6/template.permanent-caching.js: (anonymous): Line 14:19 Unexpected token ILLEGAL (and 3 more errors)
kangax-es6/template.tagged.js: (anonymous): Line 21:13 Unexpected token ILLEGAL (and 4 more errors)
kangax-es6/template.toString.js: (anonymous): Line 14:10 Unexpected token ILLEGAL (and 3 more errors)
kangax-es6/typed-arrays.ArrayBuffer.Symbol.species.js: ReferenceError: 'ArrayBuffer' is not defined
kangax-es6/typed-arrays.DataView.Float32.js: ReferenceError: 'ArrayBuffer' is not defined
kangax-es6/typed-arrays.DataView.Float64.js: ReferenceError: 'ArrayBuffer' is not defined
kangax-es6/typed-arrays.DataView.Int8.js: ReferenceError: 'ArrayBuffer' is not defined
kangax-es6/typed-arrays.DataView.Int16.js: ReferenceError: 'ArrayBuffer' is not defined
kangax-es6/typed-arrays.DataView.Int32.js: ReferenceError: 'ArrayBuffer' is not defined
kangax-es6/typed-arrays.DataView.Uint8.js: ReferenceError: 'ArrayBuffer' is not defined
kangax-es6/typed-arrays.DataView.Uint16.js: ReferenceError: 'ArrayBuffer' is not defined
kangax-es6/typed-arrays.DataView.Uint32.js: ReferenceError: 'ArrayBuffer' is not defined
kangax-es6/typed-arrays.Float32Array.js: ReferenceError: 'ArrayBuffer' is not defined
kangax-es6/typed-arrays.Float64Array.js: ReferenceError: 'ArrayBuffer' is not defined
kangax-es6/typed-arrays.Int8Array.js: ReferenceError: 'ArrayBuffer' is not defined
kangax-es6/typed-arrays.Int16Array.js: ReferenceError: 'ArrayBuffer' is not defined
kangax-es6/typed-arrays.Int32Array.js: ReferenceError: 'ArrayBuffer' is not defined
kangax-es6/typed-arrays.Symbol.species.js: ReferenceError: 'Int8Array' is not defined
kangax-es6/typed-arrays.Uint8Array.js: ReferenceError: 'ArrayBuffer' is not defined
kangax-es6/typed-arrays.Uint8ClampedArray.js: ReferenceError: 'ArrayBuffer' is not defined
kangax-es6/typed-arrays.Uint16Array.js: ReferenceError: 'ArrayBuffer' is not defined
kangax-es6/typed-arrays.Uint32Array.js: ReferenceError: 'ArrayBuffer' is not defined
kangax-es6/typed-arrays.constructor-iterables.js: TypeError: 'Int8Array' is not a function
kangax-es6/typed-arrays.constructor-requires-new.js: ReferenceError: 'ArrayBuffer' is not defined
kangax-es6/typed-arrays.correct-prototype-chains.js: (anonymous): Line 32:5 Unexpected reserved word (and 3 more errors)
kangax-es6/typed-arrays.from.js: ReferenceError: 'Int8Array' is not defined
kangax-es6/typed-arrays.of.js: ReferenceError: 'Int8Array' is not defined
kangax-es6/typed-arrays.prototype.Symbol.iterator.js: ReferenceError: 'Int8Array' is not defined
kangax-es6/typed-arrays.prototype.copyWithin.js: ReferenceError: 'Int8Array' is not defined
kangax-es6/typed-arrays.prototype.entries.js: ReferenceError: 'Int8Array' is not defined
kangax-es6/typed-arrays.prototype.every.js: ReferenceError: 'Int8Array' is not defined
kangax-es6/typed-arrays.prototype.fill.js: ReferenceError: 'Int8Array' is not defined
kangax-es6/typed-arrays.prototype.filter.js: ReferenceError: 'Int8Array' is not defined
kangax-es6/typed-arrays.prototype.findIndex.js: ReferenceError: 'Int8Array' is not defined
kangax-es6/typed-arrays.prototype.find.js: ReferenceError: 'Int8Array' is not defined
kangax-es6/typed-arrays.prototype.forEach.js: ReferenceError: 'Int8Array' is not defined
kangax-es6/typed-arrays.prototype.indexOf.js: ReferenceError: 'Int8Array' is not defined
kangax-es6/typed-arrays.prototype.join.js: ReferenceError: 'Int8Array' is not defined
kangax-es6/typed-arrays.prototype.keys.js: ReferenceError: 'Int8Array' is not defined
kangax-es6/typed-arrays.prototype.lastIndexOf.js: ReferenceError: 'Int8Array' is not defined
kangax-es6/typed-arrays.prototype.map.js: ReferenceError: 'Int8Array' is not defined
kangax-es6/typed-arrays.prototype.reduceRight.js: ReferenceError: 'Int8Array' is not defined
kangax-es6/typed-arrays.prototype.reduce.js: ReferenceError: 'Int8Array' is not defined
kangax-es6/typed-arrays.prototype.reverse.js: ReferenceError: 'Int8Array' is not defined
kangax-es6/typed-arrays.prototype.slice.js: ReferenceError: 'Int8Array' is not defined
kangax-es6/typed-arrays.prototype.some.js: ReferenceError: 'Int8Array' is not defined
kangax-es6/typed-arrays.prototype.sort.js: ReferenceError: 'Int8Array' is not defined
kangax-es6/typed-arrays.prototype.subarray.js: ReferenceError: 'Int8Array' is not defined
kangax-es6/typed-arrays.prototype.values.js: ReferenceError: 'Int8Array' is not defined
kangax-es6/unicode-escapes.identifier.js: (anonymous): Line 9:7 Unexpected token ILLEGAL (and 3 more errors)
kangax-es6/unicode-escapes.property-access.js: (anonymous): Line 10:12 Unexpected token ILLEGAL (and 1 more errors)
kangax-es6/unicode-escapes.property-key.js: (anonymous): Line 9:15 Unexpected token { (and 17 more errors)
kangax-es6/unicode-escapes.string.js: (anonymous): Line 9:10 invalid escape: \u: "{1d3"
kangax-es6/well-known.hasInstance.js: ReferenceError: 'Symbol' is not defined
kangax-es6/well-known.isConcatSpreadable.non-spreadable.js: ReferenceError: 'Symbol' is not defined
kangax-es6/well-known.isConcatSpreadable.poisoned-getter.js: failed
kangax-es6/well-known.iterator.arguments.js: ReferenceError: 'Symbol' is not defined
kangax-es6/well-known.iterator.js: ReferenceError: 'Symbol' is not defined
kangax-es6/well-known.match.RegExp-constructor.js: ReferenceError: 'Symbol' is not defined
kangax-es6/well-known.match.String.endsWith.js: ReferenceError: 'Symbol' is not defined
kangax-es6/well-known.match.String.includes.js: ReferenceError: 'Symbol' is not defined
kangax-es6/well-known.match.String.startsWith.js: failed
kangax-es6/well-known.match.js: ReferenceError: 'Symbol' is not defined
kangax-es6/well-known.replace.js: ReferenceError: 'Symbol' is not defined
kangax-es6/well-known.search.js: ReferenceError: 'Symbol' is not defined
kangax-es6/well-known.species.Array.concat.js: ReferenceError: 'Symbol' is not defined
kangax-es6/well-known.species.Array.filter.js: ReferenceError: 'Symbol' is not defined
kangax-es6/well-known.species.Array.map.js: ReferenceError: 'Symbol' is not defined
kangax-es6/well-known.species.Array.slice.js: ReferenceError: 'Symbol' is not defined
kangax-es6/well-known.species.Array.splice.js: ReferenceError: 'Symbol' is not defined
kangax-es6/well-known.species.Promise.then.js: ReferenceError: 'Promise' is not defined
kangax-es6/well-known.species.RegExp.split.js: ReferenceError: 'Symbol' is not defined
kangax-es6/well-known.species.js: ReferenceError: 'Symbol' is not defined
kangax-es6/well-known.split.js: ReferenceError: 'Symbol' is not defined
kangax-es6/well-known.toPrimitive.js: ReferenceError: 'Symbol' is not defined
kangax-es6/well-known.toStringTag.existing-builtins.js: ReferenceError: 'Symbol' is not defined
kangax-es6/well-known.toStringTag.js: ReferenceError: 'Symbol' is not defined
kangax-es6/well-known.toStringTag.misc-builtins.js: ReferenceError: 'Symbol' is not defined
kangax-es6/well-known.toStringTag.new-builtins.js: (anonymous): Line 23:38 Unexpected token * (and 3 more errors)
kangax-es6/well-known.unscopables.js: ReferenceError: 'Symbol' is not defined
kangax-es2016/Array.prototype.includes.generic.js: TypeError: Cannot access member "call" of undefined
kangax-es2016/Array.prototype.includes.js: TypeError: "includes" is not a function
kangax-es2016/Array.prototype.includes.sparse.js: TypeError: "includes" is not a function
kangax-es2016/Array.prototype.includes.typed-array.js: ReferenceError: 'Int8Array' is not defined
kangax-es2016/exponentiation.assignment.js: (anonymous): Line 10:17 Unexpected token *= (and 1 more errors)
kangax-es2016/exponentiation.basic.js: (anonymous): Line 10:13 Unexpected token * (and 1 more errors)
kangax-es2016/exponentiation.unary-negation-error.js: (anonymous): Line 10:10 Unexpected token * (and 3 more errors)
kangax-es2016/misc.Proxy-Array-includes.js: ReferenceError: 'Proxy' is not defined
kangax-es2016/misc.Proxy-enumerate-removed.js: ReferenceError: 'Proxy' is not defined
kangax-es2016/misc.generator-no-new.js: (anonymous): Line 10:12 Unexpected token * (and 3 more errors)
kangax-es2016/misc.generator-throw-inner.js: (anonymous): Line 10:12 Unexpected token * (and 6 more errors)
kangax-es2016/misc.nested-rest-destructuring-decl.js: (anonymous): Line 10:7 Unexpected token [ (and 1 more errors)
kangax-es2016/misc.nested-rest-destructuring-params.js: (anonymous): Line 9:20 Unexpected token [ (and 13 more errors)
kangax-es2016/misc.strict-fn-non-simple-params-error.js: (anonymous): Line 9:16 Unexpected token . (and 3 more errors)
kangax-es2017/Atomics.add.js: ReferenceError: 'Atomics' is not defined
kangax-es2017/Atomics.and.js: ReferenceError: 'Atomics' is not defined
kangax-es2017/Atomics.compareExchange.js: ReferenceError: 'Atomics' is not defined
kangax-es2017/Atomics.exchange.js: ReferenceError: 'Atomics' is not defined
kangax-es2017/Atomics.isLockFree.js: ReferenceError: 'Atomics' is not defined
kangax-es2017/Atomics.load.js: ReferenceError: 'Atomics' is not defined
kangax-es2017/Atomics.notify.js: ReferenceError: 'Atomics' is not defined
kangax-es2017/Atomics.or.js: ReferenceError: 'Atomics' is not defined
kangax-es2017/Atomics.store.js: ReferenceError: 'Atomics' is not defined
kangax-es2017/Atomics.sub.js: ReferenceError: 'Atomics' is not defined
kangax-es2017/Atomics.wait.js: ReferenceError: 'Atomics' is not defined
kangax-es2017/Atomics.xor.js: ReferenceError: 'Atomics' is not defined
kangax-es2017/Object.entries.js: TypeError: "entries" is not a function
kangax-es2017/Object.getOwnPropertyDescriptors.js: TypeError: "getOwnPropertyDescriptors" is not a function
kangax-es2017/Object.getOwnPropertyDescriptors.no-undefined.js: ReferenceError: 'Proxy' is not defined
kangax-es2017/Object.values.js: OK
kangax-es2017/SharedArrayBuffer.Symbol.species.js: ReferenceError: 'SharedArrayBuffer' is not defined
kangax-es2017/SharedArrayBuffer.js: failed
kangax-es2017/SharedArrayBuffer.prototype.Symbol.toStringTag.js: ReferenceError: 'SharedArrayBuffer' is not defined
kangax-es2017/SharedArrayBuffer.prototype.byteLength.js: ReferenceError: 'SharedArrayBuffer' is not defined
kangax-es2017/SharedArrayBuffer.prototype.slice.js: ReferenceError: 'SharedArrayBuffer' is not defined
kangax-es2017/String.prototype.padEnd.js: TypeError: "padEnd" is not a function
kangax-es2017/String.prototype.padStart.js: TypeError: "padStart" is not a function
kangax-es2017/annex-b.Object.prototype.__defineGetter__.ToObject.js: ReferenceError: '__defineGetter__' is not defined
kangax-es2017/annex-b.Object.prototype.__defineGetter__.js: TypeError: Cannot access member "call" of undefined
kangax-es2017/annex-b.Object.prototype.__defineGetter__.symbols.js: ReferenceError: 'Symbol' is not defined
kangax-es2017/annex-b.Object.prototype.__defineSetter__.ToObject.js: ReferenceError: '__defineSetter__' is not defined
kangax-es2017/annex-b.Object.prototype.__defineSetter__.js: TypeError: Cannot access member "call" of undefined
kangax-es2017/annex-b.Object.prototype.__defineSetter__.symbols.js: ReferenceError: 'Symbol' is not defined
kangax-es2017/annex-b.Object.prototype.__lookupGetter__.ToObject.js: ReferenceError: '__lookupGetter__' is not defined
kangax-es2017/annex-b.Object.prototype.__lookupGetter__.js: TypeError: Cannot access member "call" of undefined
kangax-es2017/annex-b.Object.prototype.__lookupGetter__.prototype-chain.js: TypeError: Cannot access member "call" of undefined
kangax-es2017/annex-b.Object.prototype.__lookupGetter__.shadow-accessors.js: TypeError: "__defineGetter__" is not a function
kangax-es2017/annex-b.Object.prototype.__lookupGetter__.symbols.js: ReferenceError: 'Symbol' is not defined
kangax-es2017/annex-b.Object.prototype.__lookupSetter__.ToObject.js: ReferenceError: '__lookupSetter__' is not defined
kangax-es2017/annex-b.Object.prototype.__lookupSetter__.js: TypeError: Cannot access member "call" of undefined
kangax-es2017/annex-b.Object.prototype.__lookupSetter__.prototype-chain.js: TypeError: Cannot access member "call" of undefined
kangax-es2017/annex-b.Object.prototype.__lookupSetter__.shadow-accessors.js: TypeError: "__defineSetter__" is not a function
kangax-es2017/annex-b.Object.prototype.__lookupSetter__.symbols.js: ReferenceError: 'Symbol' is not defined
kangax-es2017/annex-b.Proxy.__defineGetter__.js: ReferenceError: 'Proxy' is not defined
kangax-es2017/annex-b.Proxy.__defineSetter__.js: ReferenceError: 'Proxy' is not defined
kangax-es2017/annex-b.Proxy.__lookupGetter__.js: ReferenceError: 'Proxy' is not defined
kangax-es2017/annex-b.Proxy.__lookupSetter__.js: ReferenceError: 'Proxy' is not defined
kangax-es2017/annex-b.for-in-assignment-non-strict.js: failed
kangax-es2017/async.Symbol.toStringTag.js: (anonymous): Line 10:38 Unexpected token function (and 2 more errors)
kangax-es2017/async.arrow-in-class.js: (anonymous): Line 48:3 Unexpected reserved word (and 1 more errors)
kangax-es2017/async.arrow.js: (anonymous): Line 45:11 invalid left-hand side in assignment (and 1 more errors)
kangax-es2017/async.await-non-promise.js: (anonymous): Line 45:10 Unexpected token function (and 12 more errors)
kangax-es2017/async.await-rejection.js: (anonymous): Line 45:10 Unexpected token function (and 9 more errors)
kangax-es2017/async.await.js: (anonymous): Line 45:10 Unexpected token function (and 13 more errors)
kangax-es2017/async.constructor.js: (anonymous): Line 45:17 Unexpected token function (and 7 more errors)
kangax-es2017/async.methods-class.js: (anonymous): Line 45:3 Unexpected reserved word (and 4 more errors)
kangax-es2017/async.methods-object.js: (anonymous): Line 46:11 Unexpected identifier (and 25 more errors)
kangax-es2017/async.must-await-value.js: (anonymous): Line 10:9 Unexpected token function (and 3 more errors)
kangax-es2017/async.no-await-in-params.js: (anonymous): Line 10:9 Unexpected token function (and 3 more errors)
kangax-es2017/async.no-line-break.js: (anonymous): Line 10:9 Unexpected token function (and 3 more errors)
kangax-es2017/async.no-prototype.js: (anonymous): Line 10:9 Unexpected token function (and 2 more errors)
kangax-es2017/async.prototype-chain.js: (anonymous): Line 10:56 Unexpected token function (and 4 more errors)
kangax-es2017/async.return.js: (anonymous): Line 45:9 Unexpected token function (and 3 more errors)
kangax-es2017/async.throw.js: (anonymous): Line 45:9 Unexpected token function (and 4 more errors)
kangax-es2017/misc.arguments-caller-removed.js: OK
kangax-es2017/regex.flags.u.case-folding.js: failed
kangax-es2017/trailing-comma.arguments.js: OK
kangax-es2017/trailing-comma.params.js: OK
kangax-es2018/Promise.prototype.finally.change-rejection.js: ReferenceError: 'Promise' is not defined
kangax-es2018/Promise.prototype.finally.js: ReferenceError: 'Promise' is not defined
kangax-es2018/Promise.prototype.finally.no-change-resolution.js: ReferenceError: 'Promise' is not defined
kangax-es2018/async-iterators.for-await-of.js: (anonymous): Line 58:10 Unexpected token function (and 7 more errors)
kangax-es2018/async-iterators.generators.js: (anonymous): Line 44:9 Unexpected token function (and 1 more errors)
kangax-es2018/misc.Proxy-ownKeys-duplicate-keys.js: (anonymous): Line 11:12 Unexpected token ( (and 28 more errors)
kangax-es2018/misc.template-literal-revision.js: (anonymous): Line 16:13 Unexpected token ILLEGAL (and 4 more errors)
kangax-es2018/object-rest.js: (anonymous): Line 9:7 Unexpected token { (and 1 more errors)
kangax-es2018/object-spread.js: (anonymous): Line 10:20 Unexpected token . (and 16 more errors)
kangax-es2018/regex.flags.s.js: (anonymous): Line 10:3 Unexpected reserved word (and 1 more errors)
kangax-es2018/regex.lookbehind.js: (anonymous): Line 10:10 Invalid regular expression: invalid named capture: `(?<=a)b` (and 2 more errors)
kangax-es2018/regex.named-capture-groups.js: TypeError: Cannot access member "year" of undefined
kangax-es2018/regex.unicode-property-escapes.js: (anonymous): Line 10:3 Unexpected reserved word (and 1 more errors)
kangax-es2018/regex.unicode-property-escapes.unicode-11.js: failed
kangax-es2018/regex.unicode-property-escapes.unicode-12.1.js: failed
kangax-es2018/regex.unicode-property-escapes.unicode-12.js: (anonymous): Line 10:37 invalid escape: \u: "{10f"
kangax-es2018/regex.unicode-property-escapes.unicode-13.js: (anonymous): Line 10:40 invalid escape: \u: "{10f"
kangax-es2018/regex.unicode-property-escapes.unicode-14.js: (anonymous): Line 10:38 invalid escape: \u: "{105"
kangax-es2018/regex.unicode-property-escapes.unicode-15.1.js: (anonymous): Line 10:40 invalid escape: \u: "{2eb"
kangax-es2018/regex.unicode-property-escapes.unicode-15.js: (anonymous): Line 10:34 invalid escape: \u: "{11f"
kangax-es2018/regex.unicode-property-escapes.unicode-16.0.js: (anonymous): Line 10:36 invalid escape: \u: "{105"
kangax-es2018/regex.unicode-property-escapes.unicode-17.0.js: (anonymous): Line 10:37 invalid escape: \u: "{109"
kangax-es2019/Array.prototype.flatMap.js: TypeError: "flatMap" is not a function
kangax-es2019/Array.prototype.flat-flatMap.unscopables.js: ReferenceError: 'Symbol' is not defined
kangax-es2019/Array.prototype.flat.js: TypeError: "flat" is not a function
kangax-es2019/Object.fromEntries.js: ReferenceError: 'Map' is not defined
kangax-es2019/String.prototype.trimEnd.js: OK
kangax-es2019/String.prototype.trimStart.js: OK
kangax-es2019/Symbol.prototype.description.empty.js: ReferenceError: 'Symbol' is not defined
kangax-es2019/Symbol.prototype.description.js: ReferenceError: 'Symbol' is not defined
kangax-es2019/Symbol.prototype.description.undefined.js: ReferenceError: 'Symbol' is not defined
kangax-es2019/annex-b.String.prototype.trimLeft.js: OK
kangax-es2019/annex-b.String.prototype.trimRight.js: OK
kangax-es2019/misc.Function-toString.Function-constructor.js: SyntaxError: (anonymous): Line 2:9 Unexpected token ; (and 4 more errors)
kangax-es2019/misc.Function-toString.arrows.js: SyntaxError: (anonymous): Line 1:5 Unexpected token > (and 1 more errors)
kangax-es2019/misc.Function-toString.class-explicit-constructor.js: SyntaxError: (anonymous): Line 1:14 Unexpected reserved word (and 1 more errors)
kangax-es2019/misc.Function-toString.class-implicit-constructor.js: SyntaxError: (anonymous): Line 1:2 Unexpected reserved word (and 1 more errors)
kangax-es2019/misc.Function-toString.computed-names.js: SyntaxError: (anonymous): Line 1:26 Unexpected string (and 3 more errors)
kangax-es2019/misc.Function-toString.native-code.js: (anonymous): Line 10:3 Unexpected reserved word (and 1 more errors)
kangax-es2019/misc.Function-toString.unicode-escapes.js: SyntaxError: (anonymous): Line 1:30 Unexpected token ILLEGAL (and 7 more errors)
kangax-es2019/misc.JSON-stringify-well-formed.js: failed
kangax-es2019/misc.JSON-superset.line-separator.js: SyntaxError: (anonymous): Line 1:1 Unexpected token ILLEGAL
kangax-es2019/misc.JSON-superset.paragraph-separator.js: SyntaxError: (anonymous): Line 1:1 Unexpected token ILLEGAL
kangax-es2019/misc.optional-catch-binding.await.js: (anonymous): Line 44:10 Unexpected token function (and 8 more errors)
kangax-es2019/misc.optional-catch-binding.js: (anonymous): Line 12:9 Unexpected token { (and 1 more errors)
kangax-es2019/misc.optional-catch-binding.yield.js: (anonymous): Line 9:12 Unexpected token * (and 5 more errors)
kangax-es2020/BigInt64Array.js: (anonymous): Line 12:13 Unexpected token ILLEGAL (and 3 more errors)
kangax-es2020/BigInt.asIntN.js: ReferenceError: 'BigInt' is not defined
kangax-es2020/BigInt.asUintN.js: ReferenceError: 'BigInt' is not defined
kangax-es2020/BigInt.constructor.js: (anonymous): Line 10:26 Unexpected token ILLEGAL (and 1 more errors)
kangax-es2020/BigInt.js: (anonymous): Line 10:11 Unexpected token ILLEGAL (and 6 more errors)
kangax-es2020/BigUint64Array.js: (anonymous): Line 12:13 Unexpected token ILLEGAL (and 3 more errors)
kangax-es2020/DataView.prototype.getBigInt64.js: (anonymous): Line 12:23 Unexpected token ILLEGAL (and 4 more errors)
kangax-es2020/DataView.prototype.getBigUint64.js: (anonymous): Line 12:24 Unexpected token ILLEGAL (and 4 more errors)
kangax-es2020/Promise.allSettled.js: (anonymous): Line 49:15 Unexpected token > (and 9 more errors)
kangax-es2020/String.prototype.matchAll.js: TypeError: "matchAll" is not a function
kangax-es2020/String.prototype.matchAll.throws-non-global.js: failed
kangax-es2020/globalThis.descriptor.js: failed
kangax-es2020/globalThis.js: failed
kangax-es2020/nullish-coalescing.js: (anonymous): Line 10:17 Unexpected token ? (and 13 more errors)
kangax-es2020/optional-chaining.bracket.js: (anonymous): Line 12:14 Unexpected token . (and 12 more errors)
kangax-es2020/optional-chaining.function-call.js: (anonymous): Line 14:18 Unexpected token . (and 12 more errors)
kangax-es2020/optional-chaining.method-call.js: (anonymous): Line 12:14 Unexpected token . (and 12 more errors)
kangax-es2020/optional-chaining.property.js: (anonymous): Line 12:14 Unexpected token . (and 12 more errors)
kangax-es2020/optional-chaining.spread-params.js: (anonymous): Line 14:13 Unexpected token . (and 12 more errors)
kangax-es2021/FinalizationRegistry.js: ReferenceError: 'FinalizationRegistry' is not defined
kangax-es2021/Promise.any.AggregateError.js: (anonymous): Line 49:20 Unexpected token > (and 9 more errors)
kangax-es2021/Promise.any.fulfillment.js: (anonymous): Line 49:15 Unexpected token > (and 9 more errors)
kangax-es2021/String.prototype.replaceAll.js: TypeError: "replaceAll" is not a function
kangax-es2021/WeakRef.js: ReferenceError: 'WeakRef' is not defined
kangax-es2021/logical-assignment.and.js: (anonymous): Line 10:7 Unexpected identifier (and 3 more errors)
kangax-es2021/logical-assignment.and.setter-not-invoked.js: (anonymous): Line 9:7 Unexpected identifier (and 4 more errors)
kangax-es2021/logical-assignment.and.short-circuit.js: (anonymous): Line 9:7 Unexpected identifier (and 3 more errors)
kangax-es2021/logical-assignment.nullish.js: (anonymous): Line 10:7 Unexpected identifier (and 3 more errors)
kangax-es2021/logical-assignment.nullish.setter-not-invoked.js: (anonymous): Line 9:7 Unexpected identifier (and 4 more errors)
kangax-es2021/logical-assignment.nullish.short-circuit.js: (anonymous): Line 9:7 Unexpected identifier (and 2 more errors)
kangax-es2021/logical-assignment.or.js: (anonymous): Line 10:7 Unexpected identifier (and 3 more errors)
kangax-es2021/logical-assignment.or.setter-not-invoked.js: (anonymous): Line 9:7 Unexpected identifier (and 4 more errors)
kangax-es2021/logical-assignment.or.short-circuit.js: (anonymous): Line 9:7 Unexpected identifier (and 2 more errors)
kangax-es2021/numeric-separators.js: (anonymous): Line 9:10 Unexpected token ILLEGAL (and 1 more errors)
kangax-es2022/Error.cause.AggregateError-prototype-lacks.js: ReferenceError: 'AggregateError' is not defined
kangax-es2022/Error.cause.AggregateError.js: ReferenceError: 'AggregateError' is not defined
kangax-es2022/Error.cause.Error-prototype-lacks.js: OK
kangax-es2022/Error.cause.Error.js: failed
kangax-es2022/Error.cause.EvalError-prototype-lacks.js: OK
kangax-es2022/Error.cause.EvalError.js: failed
kangax-es2022/Error.cause.RangeError-prototype-lacks.js: OK
kangax-es2022/Error.cause.RangeError.js: failed
kangax-es2022/Error.cause.ReferenceError-prototype-lacks.js: OK
kangax-es2022/Error.cause.ReferenceError.js: failed
kangax-es2022/Error.cause.SyntaxError-prototype-lacks.js: OK
kangax-es2022/Error.cause.SyntaxError.js: failed
kangax-es2022/Error.cause.TypeError-prototype-lacks.js: OK
kangax-es2022/Error.cause.TypeError.js: failed
kangax-es2022/Error.cause.URIError-prototype-lacks.js: OK
kangax-es2022/Error.cause.URIError.js: failed
kangax-es2022/Object.hasOwn.ToObject-first.js: failed
kangax-es2022/Object.hasOwn.js: TypeError: "hasOwn" is not a function
kangax-es2022/at-method.Array.js: TypeError: "at" is not a function
kangax-es2022/at-method.String.js: TypeError: "at" is not a function
kangax-es2022/at-method.TypedArray.js: failed
kangax-es2022/class-fields.computed-instance.js: failed
kangax-es2022/class-fields.computed-static.js: failed
kangax-es2022/class-fields.instance.parent-scope.js: (anonymous): Line 10:9 Unexpected identifier (and 1 more errors)
kangax-es2022/class-fields.private-instance.initializers.js: (anonymous): Line 9:3 Unexpected reserved word (and 4 more errors)
kangax-es2022/class-fields.private-instance.js: (anonymous): Line 10:3 Unexpected reserved word (and 5 more errors)
kangax-es2022/class-fields.private-instance.optional-access.js: (anonymous): Line 9:3 Unexpected reserved word (and 5 more errors)
kangax-es2022/class-fields.private-instance.optional-deep-access.js: (anonymous): Line 9:3 Unexpected reserved word (and 5 more errors)
kangax-es2022/class-fields.private-static.js: (anonymous): Line 10:3 Unexpected reserved word (and 4 more errors)
kangax-es2022/class-fields.public-instance.js: failed
kangax-es2022/class-fields.public-static.js: failed
kangax-es2022/class-fields.static.define.js: (anonymous): Line 9:11 Unexpected reserved word (and 6 more errors)
kangax-es2022/class-methods.private-accessor.js: (anonymous): Line 10:3 Unexpected reserved word (and 11 more errors)
kangax-es2022/class-methods.private-instance.js: (anonymous): Line 9:3 Unexpected reserved word (and 6 more errors)
kangax-es2022/class-methods.private-static-accessor.js: (anonymous): Line 10:3 Unexpected reserved word (and 10 more errors)
kangax-es2022/class-methods.private-static.js: (anonymous): Line 9:3 Unexpected reserved word (and 6 more errors)
kangax-es2022/class-static-init-blocks.js: (anonymous): Line 10:7 Unexpected identifier (and 1 more errors)
kangax-es2022/ergonomic-brand-checks.js: (anonymous): Line 9:3 Unexpected reserved word (and 4 more errors)
kangax-es2022/regex.flags.d.constructor.js: OK
kangax-es2022/regex.flags.d.shows-in-flags.js: ReferenceError: 'Proxy' is not defined
kangax-es2023/Array.prototype.findLastIndex.js: TypeError: "findLastIndex" is not a function
kangax-es2023/Array.prototype.findLast.js: TypeError: "findLast" is not a function
kangax-es2023/Array.prototype.toReversed.js: TypeError: "toReversed" is not a function
kangax-es2023/Array.prototype.toSorted.js: TypeError: "toSorted" is not a function
kangax-es2023/Array.prototype.toSpliced.js: TypeError: "toSpliced" is not a function
kangax-es2023/Array.prototype.with.js: TypeError: "with" is not a function
kangax-es2023/TypedArray.prototype.toReversed.js: ReferenceError: 'Uint8Array' is not defined
kangax-es2023/TypedArray.prototype.toSorted.js: ReferenceError: 'Uint8Array' is not defined
kangax-es2023/TypedArray.prototype.with.js: ReferenceError: 'Uint8Array' is not defined
kangax-es2023/hashbang.js: (anonymous): Line 1:1 Unexpected token ILLEGAL (and 3 more errors)
kangax-es2024/ArrayBuffer.prototype.detached.js: (anonymous): Line 10:3 Unexpected reserved word (and 1 more errors)
kangax-es2024/ArrayBuffer.prototype.transferToFixedLength.js: (anonymous): Line 10:3 Unexpected reserved word (and 1 more errors)
kangax-es2024/ArrayBuffer.prototype.transfer.js: (anonymous): Line 10:3 Unexpected reserved word (and 1 more errors)
kangax-es2024/Map.groupBy.js: (anonymous): Line 10:3 Unexpected reserved word (and 4 more errors)
kangax-es2024/Object.groupBy.js: (anonymous): Line 10:3 Unexpected reserved word (and 4 more errors)
kangax-es2024/Promise.withResolvers.js: ReferenceError: 'Promise' is not defined
kangax-es2024/regex.flags.v.constructor.js: OK
kangax-es2024/regex.flags.v.properties-of-strings.js: failed
kangax-es2024/regex.flags.v.set-notations.js: (anonymous): Line 10:6 Invalid regular expression: invalid character class range: `}--`
kangax-es2024/regex.flags.v.shows-in-flags.js: ReferenceError: 'Proxy' is not defined
kangax-es2024/regex.flags.v.unicode-15.1.js: failed
kangax-es2024/regex.flags.v.unicode-16.0.js: failed
kangax-es2024/regex.flags.v.unicode-17.0.js: failed
kangax-es2025/Iterator.extends.js: (anonymous): Line 10:3 Unexpected reserved word (and 1 more errors)
kangax-es2025/Iterator.from.iterable.js: (anonymous): Line 10:3 Unexpected reserved word (and 1 more errors)
kangax-es2025/Iterator.from.iterator.js: (anonymous): Line 10:3 Unexpected reserved word (and 5 more errors)
kangax-es2025/Iterator.instanceof.js: TypeError: "values" is not a function
kangax-es2025/Iterator.prototype.Symbol.toStringTag.js: ReferenceError: 'Iterator' is not defined
kangax-es2025/Iterator.prototype.drop.js: TypeError: "values" is not a function
kangax-es2025/Iterator.prototype.every.js: (anonymous): Line 10:39 Unexpected token > (and 6 more errors)
kangax-es2025/Iterator.prototype.filter.js: (anonymous): Line 10:51 Unexpected token > (and 8 more errors)
kangax-es2025/Iterator.prototype.find.js: (anonymous): Line 10:38 Unexpected token > (and 6 more errors)
kangax-es2025/Iterator.prototype.flatMap.js: (anonymous): Line 10:52 Unexpected token > (and 8 more errors)
kangax-es2025/Iterator.prototype.forEach.js: (anonymous): Line 10:7 Unexpected identifier (and 2 more errors)
kangax-es2025/Iterator.prototype.map.js: (anonymous): Line 10:48 Unexpected token > (and 8 more errors)
kangax-es2025/Iterator.prototype.reduce.js: (anonymous): Line 10:37 invalid left-hand side in assignment (and 6 more errors)
kangax-es2025/Iterator.prototype.some.js: (anonymous): Line 10:38 Unexpected token > (and 6 more errors)
kangax-es2025/Iterator.prototype.take.js: TypeError: "values" is not a function
kangax-es2025/Iterator.prototype.toArray.js: (anonymous): Line 10:3 Unexpected reserved word (and 1 more errors)
kangax-es2025/Promise.try.js: ReferenceError: 'Promise' is not defined
kangax-es2025/RegExp.escape.js: TypeError: "escape" is not a function
kangax-es2025/Set.prototype.difference.js: ReferenceError: 'Set' is not defined
kangax-es2025/Set.prototype.intersection.js: ReferenceError: 'Set' is not defined
kangax-es2025/Set.prototype.isDisjointFrom.js: ReferenceError: 'Set' is not defined
kangax-es2025/Set.prototype.isSubsetOf.js: ReferenceError: 'Set' is not defined
kangax-es2025/Set.prototype.isSupersetOf.js: ReferenceError: 'Set' is not defined
kangax-es2025/Set.prototype.symmetricDifference.js: ReferenceError: 'Set' is not defined
kangax-es2025/Set.prototype.union.js: ReferenceError: 'Set' is not defined
kangax-es2025/regex.duplicate-named-groups.js: OK
kangax-es2025/regex.pattern-modifiers.i.js: (anonymous): Line 9:3 Unexpected reserved word (and 1 more errors)
kangax-es2025/regex.pattern-modifiers.m.js: (anonymous): Line 9:3 Unexpected reserved word (and 1 more errors)
kangax-es2025/regex.pattern-modifiers.s.js: (anonymous): Line 9:3 Unexpected reserved word (and 1 more errors)
kangax-intl/Array.prototype.toLocaleString.js: OK
kangax-intl/Date.prototype.toLocaleDateString.js: OK
kangax-intl/Date.prototype.toLocaleString.js: OK
kangax-intl/Date.prototype.toLocaleTimeString.js: OK
kangax-intl/Intl.Collator.js: ReferenceError: 'Intl' is not defined
kangax-intl/Intl.Collator.new-instances.js: ReferenceError: 'Intl' is not defined
kangax-intl/Intl.Collator.prototype.compare.js: ReferenceError: 'Intl' is not defined
kangax-intl/Intl.Collator.prototype.resolvedOptions.js: ReferenceError: 'Intl' is not defined
kangax-intl/Intl.Collator.rejects-invalid-tags.js: ReferenceError: 'Intl' is not defined
kangax-intl/Intl.Collator.valid-tags.js: failed
kangax-intl/Intl.Collator.without-new.js: ReferenceError: 'Intl' is not defined
kangax-intl/Intl.DateTimeFormat.iana-timezones.js: failed
kangax-intl/Intl.DateTimeFormat.js: ReferenceError: 'Intl' is not defined
kangax-intl/Intl.DateTimeFormat.new-instances.js: ReferenceError: 'Intl' is not defined
kangax-intl/Intl.DateTimeFormat.rejects-invalid-tags.js: ReferenceError: 'Intl' is not defined
kangax-intl/Intl.DateTimeFormat.resolvedOptions.timeZone-default.js: ReferenceError: 'Intl' is not defined
kangax-intl/Intl.DateTimeFormat.valid-tags.js: failed
kangax-intl/Intl.DateTimeFormat.without-new.js: ReferenceError: 'Intl' is not defined
kangax-intl/Intl.NumberFormat.js: ReferenceError: 'Intl' is not defined
kangax-intl/Intl.NumberFormat.new-instances.js: ReferenceError: 'Intl' is not defined
kangax-intl/Intl.NumberFormat.rejects-invalid-tags.js: ReferenceError: 'Intl' is not defined
kangax-intl/Intl.NumberFormat.valid-tags.js: failed
kangax-intl/Intl.NumberFormat.without-new.js: ReferenceError: 'Intl' is not defined
kangax-intl/Intl.js: failed
kangax-intl/Intl.prototype.js: ReferenceError: 'Intl' is not defined
kangax-intl/Number.prototype.toLocaleString.js: OK
kangax-intl/Object.prototype.toLocaleString.js: OK
kangax-intl/String.prototype.localeCompare.js: OK
kangax-next/Array.isTemplateObject.js: (anonymous): Line 10:36 Unexpected token > (and 10 more errors)
kangax-next/AsyncDisposableStack.js: (anonymous): Line 47:44 Unexpected token [ (and 20 more errors)
kangax-next/AsyncIterator.extends.js: (anonymous): Line 9:3 Unexpected reserved word (and 1 more errors)
kangax-next/AsyncIterator.from.async-iterable.js: (anonymous): Line 44:9 Unexpected token function (and 19 more errors)
kangax-next/AsyncIterator.from.iterable.js: (anonymous): Line 44:9 Unexpected token function (and 19 more errors)
kangax-next/AsyncIterator.from.iterator.js: (anonymous): Line 44:9 Unexpected token function (and 19 more errors)
kangax-next/AsyncIterator.instanceof.js: (anonymous): Line 9:17 Unexpected token function (and 7 more errors)
kangax-next/AsyncIterator.prototype.Symbol.toStringTag.js: ReferenceError: 'AsyncIterator' is not defined
kangax-next/AsyncIterator.prototype.drop.js: (anonymous): Line 44:9 Unexpected token function (and 17 more errors)
kangax-next/AsyncIterator.prototype.every.js: (anonymous): Line 44:10 Unexpected token function (and 10 more errors)
kangax-next/AsyncIterator.prototype.filter.js: (anonymous): Line 44:9 Unexpected token function (and 17 more errors)
kangax-next/AsyncIterator.prototype.find.js: (anonymous): Line 44:10 Unexpected token function (and 10 more errors)
kangax-next/AsyncIterator.prototype.flatMap.js: (anonymous): Line 44:9 Unexpected token function (and 17 more errors)
kangax-next/AsyncIterator.prototype.forEach.js: (anonymous): Line 44:7 Unexpected identifier (and 10 more errors)
kangax-next/AsyncIterator.prototype.map.js: (anonymous): Line 44:9 Unexpected token function (and 17 more errors)
kangax-next/AsyncIterator.prototype.reduce.js: (anonymous): Line 44:10 Unexpected token function (and 10 more errors)
kangax-next/AsyncIterator.prototype.some.js: (anonymous): Line 44:10 Unexpected token function (and 10 more errors)
kangax-next/AsyncIterator.prototype.take.js: (anonymous): Line 44:9 Unexpected token function (and 17 more errors)
kangax-next/AsyncIterator.prototype.toArray.js: (anonymous): Line 44:10 Unexpected token function (and 10 more errors)
kangax-next/DisposableStack.js: (anonymous): Line 12:39 Unexpected identifier (and 25 more errors)
kangax-next/Map.prototype.upsert.js: (anonymous): Line 9:3 Unexpected reserved word (and 7 more errors)
kangax-next/RegExp.1-9.js: failed
kangax-next/RegExp.lastMatch.js: failed
kangax-next/ShadowRealm.js: failed
kangax-next/SuppressedError.js: (anonymous): Line 13:11 Unexpected identifier (and 11 more errors)
kangax-next/Uint8Array.fromBase64.js: (anonymous): Line 10:3 Unexpected reserved word (and 8 more errors)
kangax-next/Uint8Array.fromHex.js: (anonymous): Line 10:3 Unexpected reserved word (and 8 more errors)
kangax-next/Uint8Array.setFromBase64.js: (anonymous): Line 10:3 Unexpected reserved word (and 8 more errors)
kangax-next/Uint8Array.setFromHex.js: (anonymous): Line 10:3 Unexpected reserved word (and 8 more errors)
kangax-next/Uint8Array.toBase64.js: (anonymous): Line 10:3 Unexpected reserved word (and 1 more errors)
kangax-next/Uint8Array.toHex.js: (anonymous): Line 10:3 Unexpected reserved word (and 1 more errors)
kangax-next/WeakMap.prototype.upsert.js: (anonymous): Line 9:3 Unexpected reserved word (and 7 more errors)
kangax-next/await-using.for-of.js: (anonymous): Line 46:11 Unexpected token [ (and 20 more errors)
kangax-next/await-using.js: (anonymous): Line 44:10 Unexpected token function (and 16 more errors)
kangax-next/class-decorators.js: (anonymous): Line 9:3 Unexpected reserved word (and 3 more errors)
kangax-next/function.sent.js: (anonymous): Line 10:11 Unexpected token * (and 11 more errors)
kangax-next/throw-expr.arrow.js: (anonymous): Line 9:13 Unexpected token ) (and 2 more errors)
kangax-next/throw-expr.conditional.js: (anonymous): Line 9:15 Unexpected token throw (and 3 more errors)
kangax-next/throw-expr.logical.js: (anonymous): Line 11:15 Unexpected token throw (and 3 more errors)
kangax-next/throw-expr.param-init.js: (anonymous): Line 9:20 Unexpected token = (and 2 more errors)
kangax-next/using.for-of.js: (anonymous): Line 11:6 Unexpected identifier (and 22 more errors)
kangax-next/using.js: (anonymous): Line 11:6 Unexpected identifier (and 16 more errors)
