Metadata: {"arch": "arm64", "dist_size": 913459, "dotnet": "10.0.102", "engine": "niljs", "repository": "https://github.com/nilproject/NiL.JS.git", "revision": "ebde4e9d9cd9b9d3f52eb9c40c0d5d22ff0a38d9", "revision_date": "2025-12-01", "version": "2.6.1712"}
es1/Array.js: OK
es1/Array.length.assignment.js: OK
es1/Array.length.js: OK
es1/Array.prototype.constructor.js: OK
es1/Array.prototype.join.generic.js: OK
es1/Array.prototype.join.js: OK
es1/Array.prototype.reverse.generic.js: OK
es1/Array.prototype.reverse.js: OK
es1/Array.prototype.sort.generic.js: OK
es1/Array.prototype.sort.js: OK
es1/Array.prototype.toString.js: OK
es1/Boolean.js: OK
es1/Boolean.prototype.constructor.js: OK
es1/Boolean.prototype.toString.js: OK
es1/Boolean.prototype.valueOf.js: OK
es1/Date.diff.js: OK
es1/Date.js: OK
es1/Date.prototype.constructor.js: OK
es1/Date.prototype.getDate.js: OK
es1/Date.prototype.getDay.js: OK
es1/Date.prototype.getFullYear.js: OK
es1/Date.prototype.getHours.js: OK
es1/Date.prototype.getMilliseconds.js: OK
es1/Date.prototype.getMinutes.js: OK
es1/Date.prototype.getMonth.js: OK
es1/Date.prototype.getSeconds.js: OK
es1/Date.prototype.getTimezoneOffset.js: OK
es1/Date.prototype.getTime.js: OK
es1/Date.prototype.getUTCDate.js: OK
es1/Date.prototype.getUTCDay.js: OK
es1/Date.prototype.getUTCFullYear.js: OK
es1/Date.prototype.getUTCHours.js: OK
es1/Date.prototype.getUTCMilliseconds.js: OK
es1/Date.prototype.getUTCMinutes.js: OK
es1/Date.prototype.getUTCMonth.js: OK
es1/Date.prototype.getUTCSeconds.js: OK
es1/Date.prototype.setDate.js: OK
es1/Date.prototype.setFullYear.js: OK
es1/Date.prototype.setHours.js: OK
es1/Date.prototype.setMilliseconds.js: OK
es1/Date.prototype.setMinutes.js: OK
es1/Date.prototype.setMonth.js: OK
es1/Date.prototype.setSeconds.js: OK
es1/Date.prototype.setTime.js: OK
es1/Date.prototype.setUTCDate.js: OK
es1/Date.prototype.setUTCFullYear.js: OK
es1/Date.prototype.setUTCHours.js: OK
es1/Date.prototype.setUTCMilliseconds.js: OK
es1/Date.prototype.setUTCMinutes.js: OK
es1/Date.prototype.setUTCMonth.js: OK
es1/Date.prototype.setUTCSeconds.js: OK
es1/Date.prototype.toLocaleString.js: OK
es1/Date.prototype.toString.js: OK
es1/Date.prototype.toUTCString.js: OK
es1/Date.prototype.valueOf.js: OK
es1/Function.js: OK
es1/Function.length.js: OK
es1/Function.prototype.constructor.js: OK
es1/Function.prototype.js: OK
es1/Function.prototype.toString.js: OK
es1/Math.E.js: OK
es1/Math.LN2.js: OK
es1/Math.LN10.js: OK
es1/Math.LOG2E.js: OK
es1/Math.LOG10E.js: OK
es1/Math.PI.js: OK
es1/Math.SQRT1_2.js: OK
es1/Math.SQRT2.js: OK
es1/Math.abs.js: OK
es1/Math.acos.js: OK
es1/Math.asin.js: OK
es1/Math.atan2.js: OK
es1/Math.atan.js: OK
es1/Math.ceil.js: OK
es1/Math.cos.js: OK
es1/Math.exp.js: OK
es1/Math.floor.js: OK
es1/Math.log.js: OK
es1/Math.max.js: OK
es1/Math.min.js: OK
es1/Math.pow.js: OK
es1/Math.random.js: OK
es1/Math.round.js: OK
es1/Math.sin.js: OK
es1/Math.sqrt.js: OK
es1/Math.tan.js: OK
es1/Number.MAX_VALUE.js: OK
es1/Number.MIN_VALUE.js: OK
es1/Number.NEGATIVE_INFINITY.js: OK
es1/Number.NaN.js: OK
es1/Number.POSITIVE_INFINITY.js: OK
es1/Number.js: OK
es1/Number.prototype.constructor.js: OK
es1/Number.prototype.toString.js: OK
es1/Number.prototype.valueOf.js: OK
es1/Object.js: OK
es1/Object.prototype.constructor.js: OK
es1/Object.prototype.toString.js: OK
es1/Object.prototype.valueOf.js: OK
es1/String.fromCharCode.js: OK
es1/String.generics.js: OK
es1/String.js: OK
es1/String.length.js: OK
es1/String.prototype.charAt.js: OK
es1/String.prototype.charCodeAt.js: OK
es1/String.prototype.constructor.js: OK
es1/String.prototype.indexOf.js: OK
es1/String.prototype.lastIndexOf.js: OK
es1/String.prototype.split.js: OK
es1/String.prototype.substring.js: OK
es1/String.prototype.toLowerCase.js: OK
es1/String.prototype.toString.js: OK
es1/String.prototype.toUpperCase.js: OK
es1/String.prototype.valueOf.js: OK
es1/annex-b.Date.prototype.getYear.js: OK
es1/annex-b.Date.prototype.setYear.js: OK
es1/annex-b.Date.prototype.toGMTString.js: OK
es1/annex-b.global.escape.js: failed
es1/annex-b.global.unescape.js: OK
es1/annex-b.literals.octal.js: OK
es1/annex-b.literals.string.octal.js: OK
es1/arguments.callee.js: OK
es1/arguments.js: OK
es1/asi.eval.js: OK
es1/asi.js: OK
es1/assignment.bitwise.js: OK
es1/assignment.js: OK
es1/assignment.ltr.js: OK
es1/assignment.unsigned-shift.js: OK
es1/bitwise.binary.js: OK
es1/bitwise.shifts.js: OK
es1/bitwise.tilde.js: OK
es1/bitwise.unsigned-shift.js: OK
es1/break.js: OK
es1/comma.js: OK
es1/comments.js: NiL.JS.Core.JSException: SyntaxError: Invalid pattern '(*' at offset 2. Quantifier '*' following nothing.
es1/conditional.js: OK
es1/continue.js: OK
es1/conversions.ToBoolean.js: OK
es1/conversions.ToInt32.js: OK
es1/conversions.ToInteger.js: OK
es1/conversions.ToNumber.js: OK
es1/conversions.ToObject.js: OK
es1/conversions.ToString.js: OK
es1/conversions.ToUint32.js: OK
es1/conversions.js: 123 != '0123'; 123.0 != '0123'
es1/equals.js: OK
es1/eval.js: OK
es1/for-in.js: OK
es1/for.js: OK
es1/functions.js: OK
es1/global.Infinity.js: OK
es1/global.NaN.js: OK
es1/global.isFinite.js: OK
es1/global.isNaN.js: OK
es1/global.parseFloat.js: OK
es1/global.parseInt.hex.js: OK
es1/global.parseInt.js: OK
es1/global.parseInt.radix.js: OK
es1/literals.decimal.js: OK
es1/literals.hex.js: OK
es1/literals.string.escapes.js: OK
es1/literals.string.hex.js: OK
es1/literals.string.js: OK
es1/literals.string.unicode.js: OK
es1/logical.js: OK
es1/new.typeof.js: OK
es1/numbers.double.js: OK
es1/numbers.fmod.js: OK
es1/numbers.inf.js: OK
es1/numbers.int.js: OK
es1/numbers.nan.js: OK
es1/postfix.decrement.js: OK
es1/postfix.increment.js: OK
es1/prefix.js: OK
es1/relational.js: OK
es1/return.js: OK
es1/return.typeof.js: OK
es1/this.js: OK
es1/typeof.js: OK
es1/typeof.null.js: OK
es1/typeof.undeclared.js: OK
es1/types.js: OK
es1/unary.decrement.js: OK
es1/unary.delete.js: OK
es1/unary.delete.var.js: OK
es1/unary.increment.js: OK
es1/unary.minus.js: OK
es1/unary.not.js: OK
es1/unary.plus.js: OK
es1/unary.plus.str.js: OK
es1/unary.tilde.js: OK
es1/var.js: OK
es1/var.typeof.js: OK
es1/void.js: OK
es1/void.typeof.js: OK
es1/while.js: OK
es1/with.js: OK
es3/Array.prototype.concat.js: OK
es3/Array.prototype.pop.generic.js: OK
es3/Array.prototype.pop.js: OK
es3/Array.prototype.push.generic.js: OK
es3/Array.prototype.push.js: OK
es3/Array.prototype.shift.generic.js: OK
es3/Array.prototype.shift.js: OK
es3/Array.prototype.slice.generic.js: OK
es3/Array.prototype.slice.js: OK
es3/Array.prototype.splice.generic.js: OK
es3/Array.prototype.splice.js: OK
es3/Array.prototype.toLocaleString.js: OK
es3/Array.prototype.unshift.generic.js: OK
es3/Array.prototype.unshift.js: OK
es3/Array.prototype.unshift.returns-new-length.js: OK
es3/Date.prototype.toDateString.js: OK
es3/Date.prototype.toLocaleDateString.js: OK
es3/Date.prototype.toLocaleString.js: OK
es3/Date.prototype.toLocaleTimeString.js: OK
es3/Date.prototype.toTimeString.js: OK
es3/Error.js: OK
es3/Error.prototype.constructor.js: OK
es3/Error.prototype.message.js: OK
es3/Error.prototype.name.js: OK
es3/Error.prototype.toString.js: OK
es3/Function.prototype.apply.js: OK
es3/Function.prototype.call.js: OK
es3/Math.max.variadic.js: OK
es3/Math.min.variadic.js: OK
es3/Number.prototype.toExponential.edge-cases.js: OK
es3/Number.prototype.toExponential.js: toExponential(2) failed; negative number failed; zero failed; small number failed
es3/Number.prototype.toExponential.rounding.js: (-6.9e-11).toExponential(4) != '-6.9000e-11' (got: '-6.9e-011'); (25).toExponential(0) != '3e+1' (got: '2.5e+001'); (12345).toExponential(3) != '1.235e+4' (got: '1.2e+004'); (1.25).toExponential(1) != '1.26e+0' (got: '1.2e+000'); (1.255).toExponential(2) != '1.25e+0', got '1.3e+000'
es3/Number.prototype.toExponential.throws-infinity.js: toExponential(Infinity) does not throw RangeError; toExponential(-Infinity) does not throw RangeError
es3/Number.prototype.toFixed.js: large number precision failed; rounding failed
es3/Number.prototype.toLocaleString.js: OK
es3/Number.prototype.toPrecision.js: toPrecision(5) fixed notation failed; NiL.JS.Core.JSException: RangeError: toPrecision() argument must be between 1 and 100
es3/Object.prototype.hasOwnProperty.js: OK
es3/Object.prototype.isPrototypeOf.js: NiL.JS.Core.JSException: TypeError: Cannot get prototype of null or undefined
es3/Object.prototype.propertyIsEnumerable.js: OK
es3/Object.prototype.toLocaleString.js: OK
es3/RegExp.global.js: OK
es3/RegExp.ignoreCase.js: OK
es3/RegExp.js: OK
es3/RegExp.lastIndex.js: OK
es3/RegExp.multiline.js: OK
es3/RegExp.prototype.constructor.js: OK
es3/RegExp.prototype.exec.js: OK
es3/RegExp.prototype.test.js: OK
es3/RegExp.prototype.toString.js: OK
es3/RegExp.source.js: OK
es3/String.prototype.concat.generic.js: OK
es3/String.prototype.concat.js: OK
es3/String.prototype.localeCompare.js: OK
es3/String.prototype.match.generic.js: OK
es3/String.prototype.match.js: OK
es3/String.prototype.replace.capture.js: OK
es3/String.prototype.replace.extra.js: OK
es3/String.prototype.replace.generic.js: OK
es3/String.prototype.replace.regex.js: OK
es3/String.prototype.replace.str.js: OK
es3/String.prototype.search.generic.js: OK
es3/String.prototype.search.js: OK
es3/String.prototype.search.str.js: string with \d+ pattern failed; string with \w+ pattern failed; string with [0-9]+ pattern failed; string with \s pattern failed; string with \. pattern failed
es3/String.prototype.slice.generic.js: OK
es3/String.prototype.slice.js: OK
es3/String.prototype.split.bugs.js: '0'.split(undefined, 0).length !== 0; 'ab'.split(/(?:ab)*/).length !== 2; '.'.split(/(.?)(.?)/).length !== 4
es3/String.prototype.split.limit.js: OK
es3/String.prototype.split.regex.js: OK
es3/String.prototype.toLocaleLowerCase.js: OK
es3/String.prototype.toLocaleUpperCase.js: OK
es3/annex-b.String.prototype.substr.js: OK
es3/do-while.js: OK
es3/function-expressions.IIFE.js: OK
es3/function-expressions.js: OK
es3/global.EvalError.js: OK
es3/global.RangeError.js: OK
es3/global.RangeError.thrown.js: OK
es3/global.ReferenceError.js: OK
es3/global.ReferenceError.thrown.js: OK
es3/global.SyntaxError.js: OK
es3/global.SyntaxError.thrown.js: OK
es3/global.TypeError.js: OK
es3/global.TypeError.thrown.js: OK
es3/global.URIError.js: OK
es3/global.URIError.thrown.js: OK
es3/global.decodeURIComponent.js: OK
es3/global.decodeURI.js: OK
es3/global.encodeURIComponent.js: OK
es3/global.encodeURI.js: OK
es3/global.undefined.js: OK
es3/identifiers.unicode.js: OK
es3/instanceof.js: OK
es3/in.js: OK
es3/labelled.break.js: OK
es3/labelled.continue.js: OK
es3/labelled.statements.js: OK
es3/literals.array.elisions.js: OK
es3/literals.array.js: OK
es3/literals.array.trailing-comma.js: OK
es3/literals.object.decimal.js: OK
es3/literals.object.hex.js: OK
es3/literals.object.int.js: OK
es3/literals.object.js: OK
es3/literals.object.str.js: OK
es3/literals.object.unicode.js: OK
es3/literals.regex.ambiguous.js: OK
es3/literals.regex.empty.js: OK
es3/literals.regex.js: OK
es3/literals.string.esc-v.js: OK
es3/nested-functions.eval.js: OK
es3/nested-functions.js: OK
es3/regex.backref.js: OK
es3/regex.begin.js: OK
es3/regex.bracket.esc-b.js: OK
es3/regex.bracket.js: OK
es3/regex.bracket.ranges.js: OK
es3/regex.class.esc-d.js: OK
es3/regex.class.esc-s.js: OK
es3/regex.class.esc-w.js: OK
es3/regex.disjunction.js: OK
es3/regex.dot.js: OK
es3/regex.end.js: OK
es3/regex.escape.control.js: OK
es3/regex.escape.hex.js: OK
es3/regex.escape.js: OK
es3/regex.escape.nul.js: OK
es3/regex.escape.unicode.js: OK
es3/regex.flag.global.js: OK
es3/regex.flag.ignorecase.js: OK
es3/regex.flag.multiline.js: OK
es3/regex.group.js: OK
es3/regex.lookahead.js: OK
es3/regex.negative-lookahead.js: OK
es3/regex.non-capturing-group.js: OK
es3/regex.quantifier.exact.js: OK
es3/regex.quantifier.maybe.js: OK
es3/regex.quantifier.min.js: OK
es3/regex.quantifier.plus.js: OK
es3/regex.quantifier.range.js: OK
es3/regex.quantifier.star.js: OK
es3/regex.word-boundary.js: OK
es3/source.line-terminators.js: OK
es3/source.whitespace.js: OK
es3/source.whitespace.unicode.js: NiL.JS.Core.JSException: SyntaxError: Unknown identifier "var" at (9:1) at NiL.JS.Core.Parser.Parse(ParseInfo state, Int32& index, CodeFragmentType ruleSet, Boolean throwError) in /src/NiL.JS/Core/Parser.cs:line 983
es3/strict-equals.js: OK
es3/switch.js: OK
es3/try-catch-finally.js: OK
es3/try-catch-throw.js: OK
es5/Array.isArray.js: OK
es5/Array.prototype.every.js: OK
es5/Array.prototype.filter.js: OK
es5/Array.prototype.forEach.js: OK
es5/Array.prototype.indexOf.js: OK
es5/Array.prototype.lastIndexOf.js: OK
es5/Array.prototype.map.js: OK
es5/Array.prototype.reduceRight.js: OK
es5/Array.prototype.reduce.js: OK
es5/Array.prototype.some.js: OK
es5/Array.prototype.sort.TypeError.js: failed
es5/Array.prototype.sort.undefined-comparefn.js: OK
es5/Date.now.js: OK
es5/Date.prototype.toISOString.js: OK
es5/Date.prototype.toJSON.js: NiL.JS.Core.JSException: RangeError: Invalid time value
es5/Function.prototype-not-enumerable.js: OK
es5/Function.prototype.apply.array-like.js: OK
es5/Function.prototype.bind.js: OK
es5/JSON.js: OK
es5/JSON.parse.js: OK
es5/JSON.parse.reviver.js: OK
es5/JSON.stringify.js: OK
es5/JSON.stringify.replacer.js: OK
es5/JSON.stringify.space.js: OK
es5/Object.create.js: OK
es5/Object.defineProperties.js: OK
es5/Object.defineProperty.js: OK
es5/Object.freeze.js: OK
es5/Object.getOwnPropertyDescriptor.js: OK
es5/Object.getOwnPropertyNames.js: OK
es5/Object.getPrototypeOf.js: OK
es5/Object.isExtensible.js: OK
es5/Object.isFrozen.js: OK
es5/Object.isSealed.js: OK
es5/Object.keys.js: OK
es5/Object.preventExtensions.js: OK
es5/Object.property-shadowing.js: failed: non-enumerable did not shadow enumerable
es5/Object.seal.js: OK
es5/String.indexing.js: OK
es5/String.prototype.trim.js: OK
es5/arguments.toStringTag.js: OK
es5/debugger.js: OK
es5/global.Infinity.immutable.js: OK
es5/global.NaN.immutable.js: OK
es5/global.parseInt.no-octal.js: OK
es5/global.undefined.immutable.js: OK
es5/literals.object.getters.js: OK
es5/literals.object.setters.js: OK
es5/literals.object.trailing-comma.js: OK
es5/source.keyword-properties.js: OK
es5/source.unreserved-words.js: OK
es5/source.whitespace.bom.js: OK
es5/source.zero-width-chars.js: NiL.JS.Core.JSException: SyntaxError: Invalid variable definition at (11:5) at NiL.JS.Core.Parser.Parse(ParseInfo state, Int32& index, CodeFragmentType ruleSet, Boolean throwError) in /src/NiL.JS/Core/Parser.cs:line 976
es5/strict.eval-cannot-create-bindings.js: OK
es5/strict.function-expr-with-matching-name.js: OK
es5/strict.js: OK
es5/strict.no-arguments-callee.js: OK
es5/strict.no-arguments-caller.js: OK
es5/strict.no-assignment-to-non-writable.js: OK
es5/strict.no-assignment-to-unresolvable.js: OK
es5/strict.no-delete-bindings.js: OK
es5/strict.no-delete-non-configurable.js: OK
es5/strict.no-duplicate-parameters.js: OK
es5/strict.no-eval-or-arguments-assignment.js: OK
es5/strict.no-eval-or-arguments-bindings.js: OK
es5/strict.no-function-caller-or-arguments.js: OK
es5/strict.no-octal-literals.js: OK
es5/strict.no-with.js: OK
es5/strict.reserved-words.js: OK
es5/strict.this-primitive-not-coerced-in-accessors.js: OK
es5/strict.this-primitive-not-coerced.js: OK
es5/strict.this-undefined-in-function.js: OK
es5/strict.unmapped-arguments.js: OK
es5/this.thrown-function.js: OK
kangax-es5/Array.isArray.js: OK
kangax-es5/Array.prototype.every.js: OK
kangax-es5/Array.prototype.filter.js: OK
kangax-es5/Array.prototype.forEach.js: OK
kangax-es5/Array.prototype.indexOf.js: OK
kangax-es5/Array.prototype.lastIndexOf.js: OK
kangax-es5/Array.prototype.map.js: OK
kangax-es5/Array.prototype.reduceRight.js: OK
kangax-es5/Array.prototype.reduce.js: OK
kangax-es5/Array.prototype.some.js: OK
kangax-es5/Array.prototype.sort.compareFn-type.js: failed
kangax-es5/Array.prototype.sort.compareFn-undefined.js: OK
kangax-es5/Array.prototype.unshift.return-count.js: OK
kangax-es5/Date.now.js: OK
kangax-es5/Date.prototype.toISOString.js: OK
kangax-es5/Date.prototype.toJSON.js: failed
kangax-es5/Function.prototype.bind.js: OK
kangax-es5/JSON.js: OK
kangax-es5/Number.prototype.toExponential.no-throw-edge-cases.js: OK
kangax-es5/Number.prototype.toExponential.rounds-properly.js: failed
kangax-es5/Number.prototype.toExponential.throws-infinity.js: failed
kangax-es5/Object.create.js: OK
kangax-es5/Object.defineProperties.js: OK
kangax-es5/Object.defineProperty.js: OK
kangax-es5/Object.freeze.js: OK
kangax-es5/Object.getOwnPropertyDescriptor.js: OK
kangax-es5/Object.getOwnPropertyNames.js: OK
kangax-es5/Object.getPrototypeOf.js: OK
kangax-es5/Object.isExtensible.js: OK
kangax-es5/Object.isFrozen.js: OK
kangax-es5/Object.isSealed.js: OK
kangax-es5/Object.keys.js: OK
kangax-es5/Object.preventExtensions.js: OK
kangax-es5/Object.seal.js: OK
kangax-es5/String.property-access.js: OK
kangax-es5/String.prototype.split.js: failed
kangax-es5/String.prototype.trim.js: OK
kangax-es5/annex-b.String.prototype.substr.js: OK
kangax-es5/immutable-globals.Infinity.js: OK
kangax-es5/immutable-globals.NaN.js: OK
kangax-es5/immutable-globals.undefined.js: OK
kangax-es5/literals.getter-accessors.js: OK
kangax-es5/literals.reserved-words-properties.js: OK
kangax-es5/literals.setter-accessors.js: OK
kangax-es5/literals.trailing-comma-array.js: OK
kangax-es5/literals.trailing-comma-object.js: OK
kangax-es5/misc.Arguments.toStringTag.js: OK
kangax-es5/misc.Function.apply.array-likes.js: OK
kangax-es5/misc.Function.prototype.non-enumerable.js: OK
kangax-es5/misc.enumerable-shadow.js: failed
kangax-es5/misc.parseInt.ignores-leading-zeros.js: OK
kangax-es5/misc.thrown-functions-this.js: OK
kangax-es5/misc.unreserved-words.js: OK
kangax-es5/misc.zero-width-identifiers.js: NiL.JS.Core.JSException: SyntaxError: Invalid variable definition at (8:7) at NiL.JS.Core.Parser.Parse(ParseInfo state, Int32& index, CodeFragmentType ruleSet, Boolean throwError) in /src/NiL.JS/Core/Parser.cs:line 976
kangax-es5/strict.arguments-callee-error.js: OK
kangax-es5/strict.arguments-caller-error.js: OK
kangax-es5/strict.arguments-unmapped.js: OK
kangax-es5/strict.assignment-eval-arguments-error.js: OK
kangax-es5/strict.assignment-non-writable-error.js: OK
kangax-es5/strict.assignment-unresolvable-error.js: OK
kangax-es5/strict.delete-bindings-error.js: OK
kangax-es5/strict.delete-non-configurable-error.js: OK
kangax-es5/strict.eval-arguments-bindings-error.js: OK
kangax-es5/strict.eval-no-bindings.js: OK
kangax-es5/strict.function-caller-arguments-error.js: OK
kangax-es5/strict.function-expr-matching-name-arg.js: OK
kangax-es5/strict.legacy-octal-error.js: OK
kangax-es5/strict.repeated-params-error.js: OK
kangax-es5/strict.reserved-words.js: OK
kangax-es5/strict.this-not-coerced-accessors.js: OK
kangax-es5/strict.this-not-coerced-methods.js: OK
kangax-es5/strict.this-undefined.js: OK
kangax-es5/strict.with-error.js: OK
kangax-es6/Array.Symbol.species.js: TypeError: Right-hand value of operator in is not an object.
kangax-es6/Array.from.array-like.js: TypeError: Callback is not a function.
kangax-es6/Array.from.generator.js: OK
kangax-es6/Array.from.iterable-instance.js: TypeError: Callback is not a function.
kangax-es6/Array.from.iterable.js: TypeError: Callback is not a function.
kangax-es6/Array.from.iterator-closing.js: failed
kangax-es6/Array.from.map.array-like.js: OK
kangax-es6/Array.from.map.generator.js: OK
kangax-es6/Array.from.map.iterable-instance.js: failed
kangax-es6/Array.from.map.iterable.js: failed
kangax-es6/Array.iterator-prototype-chain.js: failed
kangax-es6/Array.of.js: OK
kangax-es6/Array.prototype.Symbol.iterator.js: OK
kangax-es6/Array.prototype.Symbol.unscopables.js: failed
kangax-es6/Array.prototype.copyWithin.js: OK
kangax-es6/Array.prototype.entries.js: OK
kangax-es6/Array.prototype.fill.js: OK
kangax-es6/Array.prototype.findIndex.js: OK
kangax-es6/Array.prototype.find.js: OK
kangax-es6/Array.prototype.keys.js: failed
kangax-es6/Array.prototype.splice.js: failed
kangax-es6/Array.prototype.values.js: failed
kangax-es6/Date.prototype.Symbol.toPrimitive.js: TypeError: Can't get property ""call"" of "undefined"
kangax-es6/Function.name.accessor.js: failed
kangax-es6/Function.name.bound.js: failed
kangax-es6/Function.name.class-expression.js: TypeError: Cannot assign value to readonly property "name"
kangax-es6/Function.name.class-object-method.js: failed
kangax-es6/Function.name.class-prototype.js: OK
kangax-es6/Function.name.class-statement.js: TypeError: Cannot assign value to readonly property "name"
kangax-es6/Function.name.class-static.js: OK
kangax-es6/Function.name.class-variable.js: TypeError: Cannot assign value to readonly property "name"
kangax-es6/Function.name.configurable.js: OK
kangax-es6/Function.name.expression.js: failed
kangax-es6/Function.name.new-Function.js: OK
kangax-es6/Function.name.object-method.js: failed
kangax-es6/Function.name.shorthand.js: OK
kangax-es6/Function.name.shorthand.no-lexical.js: OK
kangax-es6/Function.name.statement.js: failed
kangax-es6/Function.name.symbol-keyed.js: failed
kangax-es6/Function.name.variable.js: failed
kangax-es6/Map.Symbol.species.js: TypeError: Right-hand value of operator in is not an object.
kangax-es6/Map.constructor-accepts-null.js: OK
kangax-es6/Map.constructor-arguments.js: OK
kangax-es6/Map.constructor-invokes-set.js: failed
kangax-es6/Map.constructor-requires-new.js: OK
kangax-es6/Map.iterator-closing.js: failed
kangax-es6/Map.iterator-prototype-chain.js: failed
kangax-es6/Map.js: OK
kangax-es6/Map.prototype-not-instance.js: failed
kangax-es6/Map.prototype.Symbol.iterator.js: OK
kangax-es6/Map.prototype.clear.js: OK
kangax-es6/Map.prototype.delete.js: OK
kangax-es6/Map.prototype.entries.js: OK
kangax-es6/Map.prototype.forEach.js: OK
kangax-es6/Map.prototype.keys.js: OK
kangax-es6/Map.prototype.set-returns-this.js: OK
kangax-es6/Map.prototype.size.js: OK
kangax-es6/Map.prototype.values.js: OK
kangax-es6/Map.zero-key.js: failed
kangax-es6/Math.acosh.js: OK
kangax-es6/Math.asinh.js: OK
kangax-es6/Math.atanh.js: OK
kangax-es6/Math.cbrt.js: OK
kangax-es6/Math.clz32.js: OK
kangax-es6/Math.cosh.js: OK
kangax-es6/Math.expm1.js: OK
kangax-es6/Math.fround.js: OK
kangax-es6/Math.hypot.js: OK
kangax-es6/Math.imul.js: OK
kangax-es6/Math.log1p.js: OK
kangax-es6/Math.log2.js: OK
kangax-es6/Math.log10.js: OK
kangax-es6/Math.sign.js: OK
kangax-es6/Math.sinh.js: OK
kangax-es6/Math.tanh.js: OK
kangax-es6/Math.trunc.js: OK
kangax-es6/Number.EPSILON.js: failed
kangax-es6/Number.MAX_SAFE_INTEGER.js: failed
kangax-es6/Number.MIN_SAFE_INTEGER.js: failed
kangax-es6/Number.isFinite.js: failed
kangax-es6/Number.isInteger.js: failed
kangax-es6/Number.isNaN.js: OK
kangax-es6/Number.isSafeInteger.js: failed
kangax-es6/Number.parseFloat.js: failed
kangax-es6/Number.parseInt.js: failed
kangax-es6/Object.assign.js: OK
kangax-es6/Object.getOwnPropertySymbols.js: OK
kangax-es6/Object.is.js: OK
kangax-es6/Object.setPrototypeOf.js: OK
kangax-es6/Promise.Symbol.species.js: TypeError: Right-hand value of operator in is not an object.
kangax-es6/Promise.all.iterable.js: failed
kangax-es6/Promise.all.js: failed
kangax-es6/Promise.constructor-requires-new.js: failed
kangax-es6/Promise.js: failed
kangax-es6/Promise.prototype-not-instance.js: OK
kangax-es6/Promise.race.iterable.js: failed
kangax-es6/Promise.race.js: failed
kangax-es6/Proxy.Array.isArray.js: ReferenceError: Variable "Proxy" is not defined
kangax-es6/Proxy.JSON.stringify.js: ReferenceError: Variable "Proxy" is not defined
kangax-es6/Proxy.constructor-requires-new.js: ReferenceError: Variable "Proxy" is not defined
kangax-es6/Proxy.handler.apply.invariants.js: ReferenceError: Variable "Proxy" is not defined
kangax-es6/Proxy.handler.apply.js: ReferenceError: Variable "Proxy" is not defined
kangax-es6/Proxy.handler.construct.invariants.js: ReferenceError: Variable "Proxy" is not defined
kangax-es6/Proxy.handler.construct.js: ReferenceError: Variable "Proxy" is not defined
kangax-es6/Proxy.handler.defineProperty.invariants.js: ReferenceError: Variable "Proxy" is not defined
kangax-es6/Proxy.handler.defineProperty.js: ReferenceError: Variable "Proxy" is not defined
kangax-es6/Proxy.handler.deleteProperty.invariants.js: ReferenceError: Variable "Proxy" is not defined
kangax-es6/Proxy.handler.deleteProperty.js: ReferenceError: Variable "Proxy" is not defined
kangax-es6/Proxy.handler.getOwnPropertyDescriptor.invariants.js: ReferenceError: Variable "Proxy" is not defined
kangax-es6/Proxy.handler.getOwnPropertyDescriptor.js: ReferenceError: Variable "Proxy" is not defined
kangax-es6/Proxy.handler.getPrototypeOf.invariants.js: ReferenceError: Variable "Proxy" is not defined
kangax-es6/Proxy.handler.getPrototypeOf.js: ReferenceError: Variable "Proxy" is not defined
kangax-es6/Proxy.handler.get.instances.js: ReferenceError: Variable "Proxy" is not defined
kangax-es6/Proxy.handler.get.invariants.js: ReferenceError: Variable "Proxy" is not defined
kangax-es6/Proxy.handler.get.js: ReferenceError: Variable "Proxy" is not defined
kangax-es6/Proxy.handler.has.instances.js: ReferenceError: Variable "Proxy" is not defined
kangax-es6/Proxy.handler.has.invariants.js: ReferenceError: Variable "Proxy" is not defined
kangax-es6/Proxy.handler.has.js: ReferenceError: Variable "Proxy" is not defined
kangax-es6/Proxy.handler.isExtensible.invariants.js: ReferenceError: Variable "Proxy" is not defined
kangax-es6/Proxy.handler.isExtensible.js: ReferenceError: Variable "Proxy" is not defined
kangax-es6/Proxy.handler.ownKeys.invariants.js: ReferenceError: Variable "Proxy" is not defined
kangax-es6/Proxy.handler.ownKeys.js: ReferenceError: Variable "Proxy" is not defined
kangax-es6/Proxy.handler.preventExtensions.invariants.js: ReferenceError: Variable "Proxy" is not defined
kangax-es6/Proxy.handler.preventExtensions.js: ReferenceError: Variable "Proxy" is not defined
kangax-es6/Proxy.handler.setPrototypeOf.invariants.js: ReferenceError: Variable "Proxy" is not defined
kangax-es6/Proxy.handler.setPrototypeOf.js: ReferenceError: Variable "Proxy" is not defined
kangax-es6/Proxy.handler.set.instances.js: ReferenceError: Variable "Proxy" is not defined
kangax-es6/Proxy.handler.set.invariants.js: ReferenceError: Variable "Proxy" is not defined
kangax-es6/Proxy.handler.set.js: ReferenceError: Variable "Proxy" is not defined
kangax-es6/Proxy.no-prototype.js: ReferenceError: Variable "Proxy" is not defined
kangax-es6/Proxy.revocable.js: ReferenceError: Variable "Proxy" is not defined
kangax-es6/Reflect.apply.js: ReferenceError: Variable "Reflect" is not defined
kangax-es6/Reflect.construct.Array-subclassing.js: ReferenceError: Variable "Reflect" is not defined
kangax-es6/Reflect.construct.Function-subclassing.js: ReferenceError: Variable "Reflect" is not defined
kangax-es6/Reflect.construct.Promise-subclassing.js: ReferenceError: Variable "Reflect" is not defined
kangax-es6/Reflect.construct.RegExp-subclassing.js: ReferenceError: Variable "Reflect" is not defined
kangax-es6/Reflect.construct.js: ReferenceError: Variable "Reflect" is not defined
kangax-es6/Reflect.construct.new-target.js: ReferenceError: Variable "Reflect" is not defined
kangax-es6/Reflect.construct.third-argument.js: ReferenceError: Variable "Reflect" is not defined
kangax-es6/Reflect.defineProperty.js: ReferenceError: Variable "Reflect" is not defined
kangax-es6/Reflect.deleteProperty.js: ReferenceError: Variable "Reflect" is not defined
kangax-es6/Reflect.getOwnPropertyDescriptor.js: ReferenceError: Variable "Reflect" is not defined
kangax-es6/Reflect.getPrototypeOf.js: ReferenceError: Variable "Reflect" is not defined
kangax-es6/Reflect.get.js: ReferenceError: Variable "Reflect" is not defined
kangax-es6/Reflect.has.js: ReferenceError: Variable "Reflect" is not defined
kangax-es6/Reflect.isExtensible.js: ReferenceError: Variable "Reflect" is not defined
kangax-es6/Reflect.ownKeys.string.js: ReferenceError: Variable "Reflect" is not defined
kangax-es6/Reflect.ownKeys.symbol.js: ReferenceError: Variable "Reflect" is not defined
kangax-es6/Reflect.preventExtensions.js: ReferenceError: Variable "Reflect" is not defined
kangax-es6/Reflect.setPrototypeOf.js: ReferenceError: Variable "Reflect" is not defined
kangax-es6/Reflect.set.js: ReferenceError: Variable "Reflect" is not defined
kangax-es6/RegExp.Symbol.species.js: TypeError: Right-hand value of operator in is not an object.
kangax-es6/RegExp.prototype.Symbol.match.js: failed
kangax-es6/RegExp.prototype.Symbol.replace.js: failed
kangax-es6/RegExp.prototype.Symbol.search.js: failed
kangax-es6/RegExp.prototype.Symbol.split.js: failed
kangax-es6/RegExp.prototype.flags.js: failed
kangax-es6/Set.Symbol.species.js: TypeError: Right-hand value of operator in is not an object.
kangax-es6/Set.constructor-accepts-null.js: OK
kangax-es6/Set.constructor-arguments.js: OK
kangax-es6/Set.constructor-invokes-add.js: failed
kangax-es6/Set.constructor-requires-new.js: OK
kangax-es6/Set.iterator-closing.js: failed
kangax-es6/Set.iterator-prototype-chain.js: failed
kangax-es6/Set.js: OK
kangax-es6/Set.prototype-not-instance.js: failed
kangax-es6/Set.prototype.Symbol.iterator.js: OK
kangax-es6/Set.prototype.add-returns-this.js: OK
kangax-es6/Set.prototype.clear.js: OK
kangax-es6/Set.prototype.delete.js: OK
kangax-es6/Set.prototype.entries.js: OK
kangax-es6/Set.prototype.forEach.js: OK
kangax-es6/Set.prototype.keys.js: OK
kangax-es6/Set.prototype.size.js: OK
kangax-es6/Set.prototype.values.js: OK
kangax-es6/Set.zero-key.js: failed
kangax-es6/String.fromCodePoint.js: OK
kangax-es6/String.iterator-prototype-chain.js: failed
kangax-es6/String.prototype.Symbol.iterator.js: OK
kangax-es6/String.prototype.codePointAt.js: OK
kangax-es6/String.prototype.endsWith.js: OK
kangax-es6/String.prototype.endsWith.throws-regex.js: failed
kangax-es6/String.prototype.includes.js: OK
kangax-es6/String.prototype.normalize.js: OK
kangax-es6/String.prototype.repeat.js: OK
kangax-es6/String.prototype.startsWith.js: OK
kangax-es6/String.prototype.startsWith.throws-regex.js: failed
kangax-es6/String.raw.js: OK
kangax-es6/Symbol.JSON.stringify.object.js: TypeError: Cannot define property "toJSON". Object immutable.
kangax-es6/Symbol.JSON.stringify.primitive.js: failed
kangax-es6/Symbol.Object.js: failed
kangax-es6/Symbol.String.js: OK
kangax-es6/Symbol.defineProperty.js: failed
kangax-es6/Symbol.global-registry.js: OK
kangax-es6/Symbol.hidden-keys.js: failed
kangax-es6/Symbol.js: OK
kangax-es6/Symbol.no-coerce.js: failed
kangax-es6/Symbol.no-new.js: OK
kangax-es6/Symbol.prototype.js: crashed (signal 6)
kangax-es6/Symbol.typeof.js: OK
kangax-es6/WeakMap.accept-primitives.js: ReferenceError: Variable "WeakMap" is not defined
kangax-es6/WeakMap.constructor-accepts-null.js: ReferenceError: Variable "WeakMap" is not defined
kangax-es6/WeakMap.constructor-arguments.js: ReferenceError: Variable "WeakMap" is not defined
kangax-es6/WeakMap.constructor-invokes-set.js: ReferenceError: Variable "WeakMap" is not defined
kangax-es6/WeakMap.constructor-requires-new.js: ReferenceError: Variable "WeakMap" is not defined
kangax-es6/WeakMap.frozen-keys.js: ReferenceError: Variable "WeakMap" is not defined
kangax-es6/WeakMap.iterator-closing.js: failed
kangax-es6/WeakMap.js: ReferenceError: Variable "WeakMap" is not defined
kangax-es6/WeakMap.no-clear.js: ReferenceError: Variable "WeakMap" is not defined
kangax-es6/WeakMap.prototype-not-instance.js: ReferenceError: Variable "WeakMap" is not defined
kangax-es6/WeakMap.prototype.delete.js: ReferenceError: Variable "WeakMap" is not defined
kangax-es6/WeakMap.prototype.set-returns-this.js: ReferenceError: Variable "WeakMap" is not defined
kangax-es6/WeakSet.accept-primitives.js: ReferenceError: Variable "WeakSet" is not defined
kangax-es6/WeakSet.constructor-accepts-null.js: ReferenceError: Variable "WeakSet" is not defined
kangax-es6/WeakSet.constructor-arguments.js: ReferenceError: Variable "WeakSet" is not defined
kangax-es6/WeakSet.constructor-invokes-add.js: ReferenceError: Variable "WeakSet" is not defined
kangax-es6/WeakSet.constructor-requires-new.js: ReferenceError: Variable "WeakSet" is not defined
kangax-es6/WeakSet.iterator-closing.js: failed
kangax-es6/WeakSet.js: ReferenceError: Variable "WeakSet" is not defined
kangax-es6/WeakSet.no-clear.js: ReferenceError: Variable "WeakSet" is not defined
kangax-es6/WeakSet.prototype-not-instance.js: ReferenceError: Variable "WeakSet" is not defined
kangax-es6/WeakSet.prototype.add-returns-this.js: ReferenceError: Variable "WeakSet" is not defined
kangax-es6/WeakSet.prototype.delete.js: ReferenceError: Variable "WeakSet" is not defined
kangax-es6/annex-b.RegExp.prototype.compile.js: OK
kangax-es6/annex-b.RegExp.prototype.compile.returns-this.js: OK
kangax-es6/annex-b.String.prototype.html.existence.js: OK
kangax-es6/annex-b.String.prototype.html.lowercase.js: failed
kangax-es6/annex-b.String.prototype.html.quotes-escaped.js: failed
kangax-es6/annex-b.function.hoisted-block-level.js: failed
kangax-es6/annex-b.function.if-statement.js: OK
kangax-es6/annex-b.function.labeled.js: OK
kangax-es6/annex-b.html-comments.js: NiL.JS.Core.JSException: SyntaxError: Unexpected token (9:5) at NiL.JS.Core.Parser.Parse(ParseInfo state, Int32& index, CodeFragmentType ruleSet, Boolean throwError) in /src/NiL.JS/Core/Parser.cs:line 976
kangax-es6/annex-b.regex.backreferences-octal.js: OK
kangax-es6/annex-b.regex.hyphens.js: OK
kangax-es6/annex-b.regex.incomplete-patterns.js: OK
kangax-es6/annex-b.regex.invalid-char-escapes.js: failed
kangax-es6/annex-b.regex.invalid-control-escapes.js: TypeError: Can't get property "0" of "null"
kangax-es6/annex-b.regex.invalid-hex-escapes.js: OK
kangax-es6/annex-b.regex.invalid-unicode-escapes.js: OK
kangax-es6/annex-b.regex.octal-escapes.js: OK
kangax-es6/annex-b.__proto__.Object.prototype.absent-from-null.js: OK
kangax-es6/annex-b.__proto__.Object.prototype.descriptor.js: failed
kangax-es6/annex-b.__proto__.Object.prototype.getOwnPropertyNames.js: OK
kangax-es6/annex-b.__proto__.Object.prototype.get.js: OK
kangax-es6/annex-b.__proto__.Object.prototype.hasOwnProperty.js: OK
kangax-es6/annex-b.__proto__.Object.prototype.set.js: OK
kangax-es6/annex-b.__proto__.literals.js: OK
kangax-es6/annex-b.__proto__.literals.multiple-error.js: failed
kangax-es6/annex-b.__proto__.literals.not-computed.js: failed
kangax-es6/annex-b.__proto__.literals.not-shorthand-method.js: failed
kangax-es6/annex-b.__proto__.literals.not-shorthand-property.js: failed
kangax-es6/arrow.0-params.js: OK
kangax-es6/arrow.1-param.js: OK
kangax-es6/arrow.5-param.js: OK
kangax-es6/arrow.bind.js: OK
kangax-es6/arrow.lexical-arguments.js: OK
kangax-es6/arrow.lexical-super.constructor.js: TypeError: Type "anonymous" can not be created with new keyword
kangax-es6/arrow.lexical-super.methods.js: TypeError: super.qux is not a function
kangax-es6/arrow.lexical-this.js: OK
kangax-es6/arrow.new-target.js: failed
kangax-es6/arrow.no-line-break.js: OK
kangax-es6/arrow.no-prototype.js: failed
kangax-es6/arrow.precedence.js: failed
kangax-es6/arrow.this-call-apply.js: OK
kangax-es6/class.accessor-properties.js: OK
kangax-es6/class.anonymous.js: OK
kangax-es6/class.block-scoped.js: OK
kangax-es6/class.computed-accessor-properties.js: NativeError: Object reference not set to an instance of an object.
kangax-es6/class.computed-names-tdz.js: failed
kangax-es6/class.computed-prototype-methods.js: failed
kangax-es6/class.computed-static-accessor-properties.js: NativeError: Object reference not set to an instance of an object.
kangax-es6/class.computed-static-methods.js: NativeError: Object reference not set to an instance of an object.
kangax-es6/class.constructor-requires-new.js: OK
kangax-es6/class.constructor.js: OK
kangax-es6/class.expression.js: OK
kangax-es6/class.extends-expressions.js: NiL.JS.Core.JSException: SyntaxError: Invalid base class name (11:19) at NiL.JS.Core.Parser.Parse(ParseInfo state, Int32& index, CodeFragmentType ruleSet, Boolean throwError) in /src/NiL.JS/Core/Parser.cs:line 976
kangax-es6/class.extends-null.js: failed
kangax-es6/class.extends.js: OK
kangax-es6/class.implicit-strict.js: OK
kangax-es6/class.lexical-name.js: TypeError: M is not a function
kangax-es6/class.methods-not-enumerable.js: failed
kangax-es6/class.new-target.js: OK
kangax-es6/class.optional-semicolons.js: failed
kangax-es6/class.prototype-methods.js: failed
kangax-es6/class.statement.js: OK
kangax-es6/class.static-accessor-properties.js: OK
kangax-es6/class.static-methods.js: OK
kangax-es6/class.string-keyed-methods.js: NiL.JS.Core.JSException: SyntaxError: Invalid function name (11:5) at NiL.JS.Core.Parser.Parse(ParseInfo state, Int32& index, CodeFragmentType ruleSet, Boolean throwError) in /src/NiL.JS/Core/Parser.cs:line 976
kangax-es6/const.basic.js: OK
kangax-es6/const.block-scoped.js: OK
kangax-es6/const.for-in.js: TypeError: Can't get property ""push"" of "undefined"
kangax-es6/const.for-loop.js: OK
kangax-es6/const.for-of.js: TypeError: Can't get property ""push"" of "undefined"
kangax-es6/const.no-redefine.js: failed
kangax-es6/const.no-statement.js: failed
kangax-es6/const.shadow.js: OK
kangax-es6/const.strict.basic.js: OK
kangax-es6/const.strict.block-scoped.js: OK
kangax-es6/const.strict.for-in.js: TypeError: Can't get property ""push"" of "undefined"
kangax-es6/const.strict.for-loop.js: OK
kangax-es6/const.strict.for-of.js: TypeError: Can't get property ""push"" of "undefined"
kangax-es6/const.strict.no-redefine.js: OK
kangax-es6/const.strict.no-statement.js: failed
kangax-es6/const.strict.shadow.js: OK
kangax-es6/const.strict.tdz.js: OK
kangax-es6/const.tdz.js: OK
kangax-es6/default-params.arguments.js: failed
kangax-es6/default-params.basic.js: OK
kangax-es6/default-params.explicit-undefined.js: OK
kangax-es6/default-params.new-function.js: OK
kangax-es6/default-params.refer-previous.js: ReferenceError: Variable "a" is not defined
kangax-es6/default-params.separate-scope.js: OK
kangax-es6/default-params.tdz.js: failed
kangax-es6/destructuring-assign.array.js: OK
kangax-es6/destructuring-assign.astral-string.js: failed
kangax-es6/destructuring-assign.chained-iterable.js: OK
kangax-es6/destructuring-assign.chained-object.js: OK
kangax-es6/destructuring-assign.computed-properties.js: OK
kangax-es6/destructuring-assign.defaults.js: failed
kangax-es6/destructuring-assign.empty-patterns.js: NiL.JS.Core.JSException: ReferenceError: Invalid left-hand side in assignment. (10:3) at NiL.JS.Core.Parser.Parse(ParseInfo state, Int32& index, CodeFragmentType ruleSet, Boolean throwError) in /src/NiL.JS/Core/Parser.cs:line 976
kangax-es6/destructuring-assign.generator.js: failed
kangax-es6/destructuring-assign.iterable-expression.js: OK
kangax-es6/destructuring-assign.iterable-instance.js: failed
kangax-es6/destructuring-assign.iterable.js: failed
kangax-es6/destructuring-assign.iterator-closing.js: failed
kangax-es6/destructuring-assign.nested-rest.js: NiL.JS.Core.JSException: ReferenceError: Invalid left-hand side in assignment. (11:3) at NiL.JS.Core.Parser.Parse(ParseInfo state, Int32& index, CodeFragmentType ruleSet, Boolean throwError) in /src/NiL.JS/Core/Parser.cs:line 976
kangax-es6/destructuring-assign.nested.js: NiL.JS.Core.JSException: ReferenceError: Invalid left-hand side in assignment. (12:4) at NiL.JS.Core.Parser.Parse(ParseInfo state, Int32& index, CodeFragmentType ruleSet, Boolean throwError) in /src/NiL.JS/Core/Parser.cs:line 976
kangax-es6/destructuring-assign.object-expression.js: OK
kangax-es6/destructuring-assign.object-primitives.js: OK
kangax-es6/destructuring-assign.object.js: OK
kangax-es6/destructuring-assign.parenthesised-error.js: OK
kangax-es6/destructuring-assign.rest.js: OK
kangax-es6/destructuring-assign.sparse-array.js: OK
kangax-es6/destructuring-assign.string.js: OK
kangax-es6/destructuring-assign.throws-null-undefined.js: OK
kangax-es6/destructuring-assign.trailing-comma-iterable.js: NiL.JS.Core.JSException: ReferenceError: Invalid left-hand side in assignment. (11:3) at NiL.JS.Core.Parser.Parse(ParseInfo state, Int32& index, CodeFragmentType ruleSet, Boolean throwError) in /src/NiL.JS/Core/Parser.cs:line 976
kangax-es6/destructuring-assign.trailing-comma-object.js: NiL.JS.Core.JSException: ReferenceError: Invalid left-hand side in assignment. (11:4) at NiL.JS.Core.Parser.Parse(ParseInfo state, Int32& index, CodeFragmentType ruleSet, Boolean throwError) in /src/NiL.JS/Core/Parser.cs:line 976
kangax-es6/destructuring-decl.array.js: OK
kangax-es6/destructuring-decl.astral-string.js: failed
kangax-es6/destructuring-decl.catch.js: NiL.JS.Core.JSException: SyntaxError: Catch block must contain variable name (12:11) at NiL.JS.Core.Parser.Parse(ParseInfo state, Int32& index, CodeFragmentType ruleSet, Boolean throwError) in /src/NiL.JS/Core/Parser.cs:line 976
kangax-es6/destructuring-decl.computed-properties.js: OK
kangax-es6/destructuring-decl.defaults-tdz.js: failed
kangax-es6/destructuring-decl.defaults.js: failed
kangax-es6/destructuring-decl.for-in.js: NiL.JS.Core.JSException: SyntaxError: Invalid variable initializer (10:21) at NiL.JS.Core.Parser.Parse(ParseInfo state, Int32& index, CodeFragmentType ruleSet, Boolean throwError) in /src/NiL.JS/Core/Parser.cs:line 976
kangax-es6/destructuring-decl.for-of.js: NiL.JS.Core.JSException: SyntaxError: Invalid variable initializer (10:21) at NiL.JS.Core.Parser.Parse(ParseInfo state, Int32& index, CodeFragmentType ruleSet, Boolean throwError) in /src/NiL.JS/Core/Parser.cs:line 976
kangax-es6/destructuring-decl.generator.js: failed
kangax-es6/destructuring-decl.iterable-instance.js: failed
kangax-es6/destructuring-decl.iterable.js: failed
kangax-es6/destructuring-decl.iterator-closing.js: failed
kangax-es6/destructuring-decl.multiple-var.js: OK
kangax-es6/destructuring-decl.nested.js: NiL.JS.Core.JSException: ReferenceError: Invalid left-hand side in assignment. (11:7) at NiL.JS.Core.Parser.Parse(ParseInfo state, Int32& index, CodeFragmentType ruleSet, Boolean throwError) in /src/NiL.JS/Core/Parser.cs:line 976
kangax-es6/destructuring-decl.object-primitives.js: OK
kangax-es6/destructuring-decl.object.js: OK
kangax-es6/destructuring-decl.rest.js: OK
kangax-es6/destructuring-decl.sparse-array.js: OK
kangax-es6/destructuring-decl.string.js: OK
kangax-es6/destructuring-decl.throws-null-undefined.js: OK
kangax-es6/destructuring-decl.trailing-comma-iterable.js: NiL.JS.Core.JSException: ReferenceError: Invalid left-hand side in assignment. (10:7) at NiL.JS.Core.Parser.Parse(ParseInfo state, Int32& index, CodeFragmentType ruleSet, Boolean throwError) in /src/NiL.JS/Core/Parser.cs:line 976
kangax-es6/destructuring-decl.trailing-comma-object.js: NiL.JS.Core.JSException: ReferenceError: Invalid left-hand side in assignment. (10:7) at NiL.JS.Core.Parser.Parse(ParseInfo state, Int32& index, CodeFragmentType ruleSet, Boolean throwError) in /src/NiL.JS/Core/Parser.cs:line 976
kangax-es6/destructuring-params.aliased-defaults-arrow.js: NiL.JS.Core.JSException: ReferenceError: Invalid left-hand side in assignment. (10:11) at NiL.JS.Core.Parser.Parse(ParseInfo state, Int32& index, CodeFragmentType ruleSet, Boolean throwError) in /src/NiL.JS/Core/Parser.cs:line 976
kangax-es6/destructuring-params.arguments.js: OK
kangax-es6/destructuring-params.array.js: OK
kangax-es6/destructuring-params.astral-string.js: failed
kangax-es6/destructuring-params.computed-properties.js: OK
kangax-es6/destructuring-params.defaults-new-function.js: failed
kangax-es6/destructuring-params.defaults-separate-scope.js: OK
kangax-es6/destructuring-params.defaults.js: failed
kangax-es6/destructuring-params.duplicate-identifier.js: failed
kangax-es6/destructuring-params.empty-patterns.js: System.InvalidOperationException: Operation is not valid due to the current state of the object. at NiL.JS.Core.Parser.Parse(ParseInfo state, Int32& index, CodeFragmentType ruleSet, Boolean throwError) in /src/NiL.JS/Core/Parser.cs:line 976
kangax-es6/destructuring-params.generator.js: failed
kangax-es6/destructuring-params.iterable-instance.js: failed
kangax-es6/destructuring-params.iterable.js: failed
kangax-es6/destructuring-params.iterator-closing.js: failed
kangax-es6/destructuring-params.length.js: OK
kangax-es6/destructuring-params.nested.js: OK
kangax-es6/destructuring-params.new-function.js: OK
kangax-es6/destructuring-params.object-primitives.js: OK
kangax-es6/destructuring-params.object.js: OK
kangax-es6/destructuring-params.rest.js: OK
kangax-es6/destructuring-params.shorthand-defaults-arrow.js: OK
kangax-es6/destructuring-params.sparse-array.js: OK
kangax-es6/destructuring-params.string.js: OK
kangax-es6/destructuring-params.throws-null-undefined.js: failed
kangax-es6/destructuring-params.trailing-comma-iterable.js: System.InvalidOperationException: Operation is not valid due to the current state of the object. at NiL.JS.Core.Parser.Parse(ParseInfo state, Int32& index, CodeFragmentType ruleSet, Boolean throwError) in /src/NiL.JS/Core/Parser.cs:line 976
kangax-es6/destructuring-params.trailing-comma-object.js: NiL.JS.Core.JSException: SyntaxError: Name expected (10:22) at NiL.JS.Core.Parser.Parse(ParseInfo state, Int32& index, CodeFragmentType ruleSet, Boolean throwError) in /src/NiL.JS/Core/Parser.cs:line 976
kangax-es6/for-of.array.js: OK
kangax-es6/for-of.astral-string.js: failed
kangax-es6/for-of.generator.js: OK
kangax-es6/for-of.iterable-instance.js: TypeError: source is not iterable
kangax-es6/for-of.iterable.js: TypeError: source is not iterable
kangax-es6/for-of.iterator-closing-break.js: TypeError: source is not iterable
kangax-es6/for-of.iterator-closing-throw.js: failed
kangax-es6/for-of.sparse-array.js: OK
kangax-es6/for-of.string.js: OK
kangax-es6/function.block-level-decl.js: OK
kangax-es6/generators.basic.js: NiL.JS.Core.JSException: SyntaxError: Invalid function name (10:12) at NiL.JS.Core.Parser.Parse(ParseInfo state, Int32& index, CodeFragmentType ruleSet, Boolean throwError) in /src/NiL.JS/Core/Parser.cs:line 976
kangax-es6/generators.constructor.js: NiL.JS.Core.JSException: SyntaxError: Invalid function name (10:12) at NiL.JS.Core.Parser.Parse(ParseInfo state, Int32& index, CodeFragmentType ruleSet, Boolean throwError) in /src/NiL.JS/Core/Parser.cs:line 976
kangax-es6/generators.expression.js: NiL.JS.Core.JSException: SyntaxError: Invalid function name (10:28) at NiL.JS.Core.Parser.Parse(ParseInfo state, Int32& index, CodeFragmentType ruleSet, Boolean throwError) in /src/NiL.JS/Core/Parser.cs:line 976
kangax-es6/generators.no-new-this.js: NiL.JS.Core.JSException: SyntaxError: Invalid function name (10:12) at NiL.JS.Core.Parser.Parse(ParseInfo state, Int32& index, CodeFragmentType ruleSet, Boolean throwError) in /src/NiL.JS/Core/Parser.cs:line 976
kangax-es6/generators.prototype-chain.js: NiL.JS.Core.JSException: SyntaxError: Invalid function name (10:12) at NiL.JS.Core.Parser.Parse(ParseInfo state, Int32& index, CodeFragmentType ruleSet, Boolean throwError) in /src/NiL.JS/Core/Parser.cs:line 976
kangax-es6/generators.prototype.js: NiL.JS.Core.JSException: SyntaxError: Invalid function name (10:12) at NiL.JS.Core.Parser.Parse(ParseInfo state, Int32& index, CodeFragmentType ruleSet, Boolean throwError) in /src/NiL.JS/Core/Parser.cs:line 976
kangax-es6/generators.return.js: NiL.JS.Core.JSException: SyntaxError: Invalid function name (10:12) at NiL.JS.Core.Parser.Parse(ParseInfo state, Int32& index, CodeFragmentType ruleSet, Boolean throwError) in /src/NiL.JS/Core/Parser.cs:line 976
kangax-es6/generators.sending.js: NiL.JS.Core.JSException: SyntaxError: Invalid function name (11:12) at NiL.JS.Core.Parser.Parse(ParseInfo state, Int32& index, CodeFragmentType ruleSet, Boolean throwError) in /src/NiL.JS/Core/Parser.cs:line 976
kangax-es6/generators.shorthand.class.js: TypeError: new C().generator is not a function
kangax-es6/generators.shorthand.computed.class.js: NativeError: Object reference not set to an instance of an object.
kangax-es6/generators.shorthand.computed.js: NiL.JS.Core.JSException: SyntaxError: Unexpected token (11:11) at NiL.JS.Core.Parser.Parse(ParseInfo state, Int32& index, CodeFragmentType ruleSet, Boolean throwError) in /src/NiL.JS/Core/Parser.cs:line 976
kangax-es6/generators.shorthand.js: NiL.JS.Core.JSException: SyntaxError: Unexpected token (10:11) at NiL.JS.Core.Parser.Parse(ParseInfo state, Int32& index, CodeFragmentType ruleSet, Boolean throwError) in /src/NiL.JS/Core/Parser.cs:line 976
kangax-es6/generators.shorthand.no-constructor.js: failed
kangax-es6/generators.shorthand.string-keyed.js: NiL.JS.Core.JSException: SyntaxError: Unexpected token (10:11) at NiL.JS.Core.Parser.Parse(ParseInfo state, Int32& index, CodeFragmentType ruleSet, Boolean throwError) in /src/NiL.JS/Core/Parser.cs:line 976
kangax-es6/generators.this.js: NiL.JS.Core.JSException: SyntaxError: Invalid function name (10:12) at NiL.JS.Core.Parser.Parse(ParseInfo state, Int32& index, CodeFragmentType ruleSet, Boolean throwError) in /src/NiL.JS/Core/Parser.cs:line 976
kangax-es6/generators.throw.js: NiL.JS.Core.JSException: SyntaxError: Invalid function name (11:12) at NiL.JS.Core.Parser.Parse(ParseInfo state, Int32& index, CodeFragmentType ruleSet, Boolean throwError) in /src/NiL.JS/Core/Parser.cs:line 976
kangax-es6/generators.yield-precedence.js: NiL.JS.Core.JSException: SyntaxError: Invalid function name (11:12) at NiL.JS.Core.Parser.Parse(ParseInfo state, Int32& index, CodeFragmentType ruleSet, Boolean throwError) in /src/NiL.JS/Core/Parser.cs:line 976
kangax-es6/generators.yield-star.array.js: NiL.JS.Core.JSException: SyntaxError: Invalid function name (10:28) at NiL.JS.Core.Parser.Parse(ParseInfo state, Int32& index, CodeFragmentType ruleSet, Boolean throwError) in /src/NiL.JS/Core/Parser.cs:line 976
kangax-es6/generators.yield-star.astral-string.js: NiL.JS.Core.JSException: SyntaxError: Invalid function name (10:28) at NiL.JS.Core.Parser.Parse(ParseInfo state, Int32& index, CodeFragmentType ruleSet, Boolean throwError) in /src/NiL.JS/Core/Parser.cs:line 976
kangax-es6/generators.yield-star.generator.js: NiL.JS.Core.JSException: SyntaxError: Invalid function name (10:28) at NiL.JS.Core.Parser.Parse(ParseInfo state, Int32& index, CodeFragmentType ruleSet, Boolean throwError) in /src/NiL.JS/Core/Parser.cs:line 976
kangax-es6/generators.yield-star.iterable-instance.js: NiL.JS.Core.JSException: SyntaxError: Invalid function name (33:28) at NiL.JS.Core.Parser.Parse(ParseInfo state, Int32& index, CodeFragmentType ruleSet, Boolean throwError) in /src/NiL.JS/Core/Parser.cs:line 976
kangax-es6/generators.yield-star.iterable.js: NiL.JS.Core.JSException: SyntaxError: Invalid function name (34:28) at NiL.JS.Core.Parser.Parse(ParseInfo state, Int32& index, CodeFragmentType ruleSet, Boolean throwError) in /src/NiL.JS/Core/Parser.cs:line 976
kangax-es6/generators.yield-star.iterator-closing-throw.js: NativeError: The given key '{
kangax-es6/generators.yield-star.iterator-closing.js: TypeError: source is not iterable
kangax-es6/generators.yield-star.non-iterable-error.js: NiL.JS.Core.JSException: SyntaxError: Invalid function name (10:28) at NiL.JS.Core.Parser.Parse(ParseInfo state, Int32& index, CodeFragmentType ruleSet, Boolean throwError) in /src/NiL.JS/Core/Parser.cs:line 976
kangax-es6/generators.yield-star.sparse-array.js: NiL.JS.Core.JSException: SyntaxError: Invalid function name (10:28) at NiL.JS.Core.Parser.Parse(ParseInfo state, Int32& index, CodeFragmentType ruleSet, Boolean throwError) in /src/NiL.JS/Core/Parser.cs:line 976
kangax-es6/generators.yield-star.string.js: NiL.JS.Core.JSException: SyntaxError: Invalid function name (10:28) at NiL.JS.Core.Parser.Parse(ParseInfo state, Int32& index, CodeFragmentType ruleSet, Boolean throwError) in /src/NiL.JS/Core/Parser.cs:line 976
kangax-es6/let.basic.js: OK
kangax-es6/let.block-scoped.js: OK
kangax-es6/let.for-in-shadow.js: OK
kangax-es6/let.for-iteration.js: ReferenceError: Variable "scopes" is not defined
kangax-es6/let.for-loop.js: OK
kangax-es6/let.no-statement.js: failed
kangax-es6/let.shadow.js: OK
kangax-es6/let.strict.basic.js: OK
kangax-es6/let.strict.block-scoped.js: OK
kangax-es6/let.strict.for-in-shadow.js: OK
kangax-es6/let.strict.for-iteration.js: ReferenceError: Variable "scopes" is not defined
kangax-es6/let.strict.for-loop.js: OK
kangax-es6/let.strict.no-statement.js: failed
kangax-es6/let.strict.shadow.js: OK
kangax-es6/let.strict.tdz.js: OK
kangax-es6/let.tdz.js: OK
kangax-es6/literals.binary.Number.js: OK
kangax-es6/literals.binary.js: OK
kangax-es6/literals.object.computed-accessors.js: OK
kangax-es6/literals.object.computed-properties.js: OK
kangax-es6/literals.object.computed-shorthand-methods.js: OK
kangax-es6/literals.object.shorthand-methods.js: OK
kangax-es6/literals.object.shorthand-properties.js: OK
kangax-es6/literals.object.string-keyed-shorthand-methods.js: NiL.JS.Core.JSException: SyntaxError: Invalid function name (10:13) at NiL.JS.Core.Parser.Parse(ParseInfo state, Int32& index, CodeFragmentType ruleSet, Boolean throwError) in /src/NiL.JS/Core/Parser.cs:line 976
kangax-es6/literals.octal.Number.js: OK
kangax-es6/literals.octal.js: OK
kangax-es6/misc.Invalid-Date.js: failed
kangax-es6/misc.Object.freeze.primitives.js: TypeError: Object.freeze called on non-object.
kangax-es6/misc.Object.getOwnPropertyDescriptor.primitives.js: TypeError: Object.getOwnPropertyDescriptor called on non-object.
kangax-es6/misc.Object.getOwnPropertyNames.primitives.js: TypeError: Object.getOwnPropertyNames called on non-object value.
kangax-es6/misc.Object.getPrototypeOf.primitives.js: TypeError: Parameter isn't an Object.
kangax-es6/misc.Object.isExtensible.primitives.js: TypeError: Object.isExtensible called on non-object.
kangax-es6/misc.Object.isFrozen.primitives.js: TypeError: Object.isFrozen called on non-object.
kangax-es6/misc.Object.isSealed.primitives.js: TypeError: Object.isSealed called on non-object.
kangax-es6/misc.Object.keys.primitives.js: TypeError: Object.keys called on non-object value.
kangax-es6/misc.Object.preventExtensions.primitives.js: TypeError: Prevent the expansion can only for objects
kangax-es6/misc.Object.seal.primitives.js: TypeError: Object.seal called on non-object.
kangax-es6/misc.Proxy.defineProperty.SetIntegrityLevel.js: ReferenceError: Variable "Proxy" is not defined
kangax-es6/misc.Proxy.defineProperty.Set.js: ReferenceError: Variable "Proxy" is not defined
kangax-es6/misc.Proxy.deleteProperty.Array.copyWithin.js: ReferenceError: Variable "Proxy" is not defined
kangax-es6/misc.Proxy.deleteProperty.Array.pop.js: ReferenceError: Variable "Proxy" is not defined
kangax-es6/misc.Proxy.deleteProperty.Array.reverse.js: ReferenceError: Variable "Proxy" is not defined
kangax-es6/misc.Proxy.deleteProperty.Array.shift.js: ReferenceError: Variable "Proxy" is not defined
kangax-es6/misc.Proxy.deleteProperty.Array.splice.js: ReferenceError: Variable "Proxy" is not defined
kangax-es6/misc.Proxy.deleteProperty.Array.unshift.js: ReferenceError: Variable "Proxy" is not defined
kangax-es6/misc.Proxy.getOwnPropertyDescriptor.Function.bind.js: ReferenceError: Variable "Proxy" is not defined
kangax-es6/misc.Proxy.getOwnPropertyDescriptor.Object.assign.js: ReferenceError: Variable "Proxy" is not defined
kangax-es6/misc.Proxy.getOwnPropertyDescriptor.Object.hasOwnProperty.js: ReferenceError: Variable "Proxy" is not defined
kangax-es6/misc.Proxy.getOwnPropertyDescriptor.Set.js: ReferenceError: Variable "Proxy" is not defined
kangax-es6/misc.Proxy.get.Array.concat.js: ReferenceError: Variable "Proxy" is not defined
kangax-es6/misc.Proxy.get.Array.from.js: ReferenceError: Variable "Proxy" is not defined
kangax-es6/misc.Proxy.get.Array.iteration.js: ReferenceError: Variable "Proxy" is not defined
kangax-es6/misc.Proxy.get.Array.pop.js: ReferenceError: Variable "Proxy" is not defined
kangax-es6/misc.Proxy.get.Array.reverse.js: ReferenceError: Variable "Proxy" is not defined
kangax-es6/misc.Proxy.get.Array.shift.js: ReferenceError: Variable "Proxy" is not defined
kangax-es6/misc.Proxy.get.Array.splice.js: ReferenceError: Variable "Proxy" is not defined
kangax-es6/misc.Proxy.get.Array.toString.js: ReferenceError: Variable "Proxy" is not defined
kangax-es6/misc.Proxy.get.ClassDefinitionEvaluation.js: ReferenceError: Variable "Proxy" is not defined
kangax-es6/misc.Proxy.get.CreateDynamicFunction.js: ReferenceError: Variable "Proxy" is not defined
kangax-es6/misc.Proxy.get.CreateListFromArrayLike.js: ReferenceError: Variable "Proxy" is not defined
kangax-es6/misc.Proxy.get.Date.toJSON.js: ReferenceError: Variable "Proxy" is not defined
kangax-es6/misc.Proxy.get.Error.toString.js: ReferenceError: Variable "Proxy" is not defined
kangax-es6/misc.Proxy.get.Function.bind.js: ReferenceError: Variable "Proxy" is not defined
kangax-es6/misc.Proxy.get.HasBinding.js: ReferenceError: Variable "Proxy" is not defined
kangax-es6/misc.Proxy.get.IteratorComplete.js: ReferenceError: Variable "Proxy" is not defined
kangax-es6/misc.Proxy.get.JSON.stringify.js: ReferenceError: Variable "Proxy" is not defined
kangax-es6/misc.Proxy.get.Object.assign.js: ReferenceError: Variable "Proxy" is not defined
kangax-es6/misc.Proxy.get.Object.defineProperties.js: ReferenceError: Variable "Proxy" is not defined
kangax-es6/misc.Proxy.get.Promise.resolve.js: ReferenceError: Variable "Proxy" is not defined
kangax-es6/misc.Proxy.get.RegExp-constructor.js: ReferenceError: Variable "Proxy" is not defined
kangax-es6/misc.Proxy.get.RegExp.Symbol.match.js: ReferenceError: Variable "Proxy" is not defined
kangax-es6/misc.Proxy.get.RegExp.Symbol.replace.js: ReferenceError: Variable "Proxy" is not defined
kangax-es6/misc.Proxy.get.RegExp.Symbol.search.js: ReferenceError: Variable "Proxy" is not defined
kangax-es6/misc.Proxy.get.RegExp.Symbol.split.js: ReferenceError: Variable "Proxy" is not defined
kangax-es6/misc.Proxy.get.RegExp.flags.js: ReferenceError: Variable "Proxy" is not defined
kangax-es6/misc.Proxy.get.RegExp.test.js: ReferenceError: Variable "Proxy" is not defined
kangax-es6/misc.Proxy.get.RegExp.toString.js: ReferenceError: Variable "Proxy" is not defined
kangax-es6/misc.Proxy.get.String.match.js: ReferenceError: Variable "Proxy" is not defined
kangax-es6/misc.Proxy.get.String.raw.js: ReferenceError: Variable "Proxy" is not defined
kangax-es6/misc.Proxy.get.String.replace.js: ReferenceError: Variable "Proxy" is not defined
kangax-es6/misc.Proxy.get.String.search.js: ReferenceError: Variable "Proxy" is not defined
kangax-es6/misc.Proxy.get.String.split.js: ReferenceError: Variable "Proxy" is not defined
kangax-es6/misc.Proxy.get.ToPrimitive.js: ReferenceError: Variable "Proxy" is not defined
kangax-es6/misc.Proxy.get.ToPropertyDescriptor.js: ReferenceError: Variable "Proxy" is not defined
kangax-es6/misc.Proxy.get.instanceof.js: ReferenceError: Variable "Proxy" is not defined
kangax-es6/misc.Proxy.ownKeys.SerializeJSONObject.js: ReferenceError: Variable "Proxy" is not defined
kangax-es6/misc.Proxy.ownKeys.SetIntegrityLevel.js: ReferenceError: Variable "Proxy" is not defined
kangax-es6/misc.Proxy.ownKeys.TestIntegrityLevel.js: ReferenceError: Variable "Proxy" is not defined
kangax-es6/misc.Proxy.set.Array.copyWithin.js: ReferenceError: Variable "Proxy" is not defined
kangax-es6/misc.Proxy.set.Array.fill.js: ReferenceError: Variable "Proxy" is not defined
kangax-es6/misc.Proxy.set.Array.from.js: ReferenceError: Variable "Proxy" is not defined
kangax-es6/misc.Proxy.set.Array.of.js: ReferenceError: Variable "Proxy" is not defined
kangax-es6/misc.Proxy.set.Array.pop.js: ReferenceError: Variable "Proxy" is not defined
kangax-es6/misc.Proxy.set.Array.push.js: ReferenceError: Variable "Proxy" is not defined
kangax-es6/misc.Proxy.set.Array.reverse.js: ReferenceError: Variable "Proxy" is not defined
kangax-es6/misc.Proxy.set.Array.shift.js: ReferenceError: Variable "Proxy" is not defined
kangax-es6/misc.Proxy.set.Array.splice.js: ReferenceError: Variable "Proxy" is not defined
kangax-es6/misc.Proxy.set.Array.unshift.js: ReferenceError: Variable "Proxy" is not defined
kangax-es6/misc.Proxy.set.Object.assign.js: ReferenceError: Variable "Proxy" is not defined
kangax-es6/misc.RegExp-alter-flags.js: TypeError: Cannot supply flags when constructing one RegExp from another
kangax-es6/misc.RegExp-prototype-toString-generic.js: TypeError: Cannot call function "toString" for object of another type.
kangax-es6/misc.accessors-no-constructor.js: OK
kangax-es6/misc.bound-function-prototype.arrow.js: failed
kangax-es6/misc.bound-function-prototype.class.js: failed
kangax-es6/misc.bound-function-prototype.function.js: failed
kangax-es6/misc.bound-function-prototype.generator.js: failed
kangax-es6/misc.bound-function-prototype.subclass.js: failed
kangax-es6/misc.do-while-no-semicolon.js: OK
kangax-es6/misc.duplicate-properties-strict.js: NiL.JS.Core.JSException: SyntaxError: Try to redefine field "a" (10:45*1) at NiL.JS.Core.Parser.Parse(ParseInfo state, Int32& index, CodeFragmentType ruleSet, Boolean throwError) in /src/NiL.JS/Core/Parser.cs:line 976
kangax-es6/misc.for-in-no-assignment-strict.js: failed
kangax-es6/misc.function-length-configurable.js: failed
kangax-es6/misc.identifier-syntax.no-escaped-reserved.js: OK
kangax-es6/misc.identifier-syntax.var-1.js: failed
kangax-es6/misc.identifier-syntax.var-2.js: NiL.JS.Core.JSException: SyntaxError: Invalid variable definition at (9:7) at NiL.JS.Core.Parser.Parse(ParseInfo state, Int32& index, CodeFragmentType ruleSet, Boolean throwError) in /src/NiL.JS/Core/Parser.cs:line 976
kangax-es6/misc.property-order.JSON.parse.js: OK
kangax-es6/misc.property-order.JSON.stringify.js: OK
kangax-es6/misc.property-order.Object.assign.js: OK
kangax-es6/misc.property-order.Object.getOwnPropertyNames.js: OK
kangax-es6/misc.property-order.Object.keys.js: OK
kangax-es6/misc.property-order.Reflect.ownKeys.string.js: ReferenceError: Variable "Reflect" is not defined
kangax-es6/misc.property-order.Reflect.ownKeys.symbol.js: ReferenceError: Variable "Reflect" is not defined
kangax-es6/misc.prototypes-not-instances.js: failed
kangax-es6/new-target.assignment-error.js: OK
kangax-es6/new-target.constructor.js: OK
kangax-es6/regex.flags.u.case-folding.js: failed
kangax-es6/regex.flags.u.codepoint.js: OK
kangax-es6/regex.flags.u.js: OK
kangax-es6/regex.flags.u.non-bmp.js: OK
kangax-es6/regex.flags.y.js: OK
kangax-es6/regex.flags.y.lastIndex.js: OK
kangax-es6/rest-params.arguments.js: failed
kangax-es6/rest-params.basic.js: OK
kangax-es6/rest-params.length.js: failed
kangax-es6/rest-params.new-function.js: OK
kangax-es6/rest-params.no-setter.js: failed
kangax-es6/spread.array-call.js: OK
kangax-es6/spread.array-literal.js: OK
kangax-es6/spread.astral-call.js: failed
kangax-es6/spread.astral-literal.js: failed
kangax-es6/spread.generator-call.js: OK
kangax-es6/spread.generator-literal.js: OK
kangax-es6/spread.iterable-call.js: TypeError: source is not iterable
kangax-es6/spread.iterable-instance-call.js: TypeError: source is not iterable
kangax-es6/spread.iterable-instance-literal.js: TypeError: source is not iterable
kangax-es6/spread.iterable-literal.js: TypeError: source is not iterable
kangax-es6/spread.non-iterable-error.js: OK
kangax-es6/spread.sparse-call.js: OK
kangax-es6/spread.sparse-literal.js: OK
kangax-es6/spread.string-call.js: OK
kangax-es6/spread.string-literal.js: OK
kangax-es6/subclassing.Array.concat.js: failed
kangax-es6/subclassing.Array.filter.js: failed
kangax-es6/subclassing.Array.from.js: TypeError: Callback is not a function.
kangax-es6/subclassing.Array.isArray.js: failed
kangax-es6/subclassing.Array.length-access.js: failed
kangax-es6/subclassing.Array.length-set.js: failed
kangax-es6/subclassing.Array.map.js: failed
kangax-es6/subclassing.Array.of.js: failed
kangax-es6/subclassing.Array.prototype-chain.js: OK
kangax-es6/subclassing.Array.slice.js: failed
kangax-es6/subclassing.Array.splice.js: failed
kangax-es6/subclassing.Function.call.js: TypeError: c is not a function
kangax-es6/subclassing.Function.new.js: TypeError: Cannot call function "get_prototype" for object of another type.
kangax-es6/subclassing.Function.prototype-chain.js: OK
kangax-es6/subclassing.Function.prototype.apply.js: TypeError: Cannot call function "apply" for object of another type.
kangax-es6/subclassing.Function.prototype.bind.js: TypeError: Cannot call function "bind" for object of another type.
kangax-es6/subclassing.Function.prototype.call.js: TypeError: Cannot call function "call" for object of another type.
kangax-es6/subclassing.Promise.all.js: failed
kangax-es6/subclassing.Promise.js: TypeError: Cannot call function "then" for object of another type.
kangax-es6/subclassing.Promise.prototype-chain.js: OK
kangax-es6/subclassing.Promise.race.js: failed
kangax-es6/subclassing.RegExp.exec.js: TypeError: Cannot call function "exec" for object of another type.
kangax-es6/subclassing.RegExp.js: TypeError: Cannot call function "get_global" for object of another type.
kangax-es6/subclassing.RegExp.prototype-chain.js: OK
kangax-es6/subclassing.RegExp.test.js: TypeError: Cannot call function "test" for object of another type.
kangax-es6/subclassing.misc.Boolean.js: TypeError: Boolean.prototype.valueOf called for not boolean.
kangax-es6/subclassing.misc.Error.js: failed
kangax-es6/subclassing.misc.Map.js: TypeError: Cannot call function "set" for object of another type.
kangax-es6/subclassing.misc.Number.js: TypeError: Try to call Number.valueOf on not number object.
kangax-es6/subclassing.misc.Set.js: TypeError: Cannot call function "add" for object of another type.
kangax-es6/subclassing.misc.String.js: TypeError: Try to call String.valueOf for not string object.
kangax-es6/super.correct-constructor.js: OK
kangax-es6/super.expression.js: NiL.JS.Core.JSException: SyntaxError: Unknown identifier "super("bar"" at (14:29) at NiL.JS.Core.Parser.Parse(ParseInfo state, Int32& index, CodeFragmentType ruleSet, Boolean throwError) in /src/NiL.JS/Core/Parser.cs:line 983 at NiL.JS.Core.Parser.Parse(ParseInfo state, Int32& index, CodeFragmentTyp
kangax-es6/super.method-calls.js: NiL.JS.Core.JSException: SyntaxError: Unknown identifier "super.qux("bar"" at (14:21) at NiL.JS.Core.Parser.Parse(ParseInfo state, Int32& index, CodeFragmentType ruleSet, Boolean throwError) in /src/NiL.JS/Core/Parser.cs:line 983 at NiL.JS.Core.Parser.Parse(ParseInfo state, Int32& index, CodeFragmen
kangax-es6/super.new-target-binding.js: OK
kangax-es6/super.property-access.js: NiL.JS.Core.JSException: SyntaxError: Unknown identifier "super.qux" at (14:22) at NiL.JS.Core.Parser.Parse(ParseInfo state, Int32& index, CodeFragmentType ruleSet, Boolean throwError) in /src/NiL.JS/Core/Parser.cs:line 983 at NiL.JS.Core.Parser.Parse(ParseInfo state, Int32& index, CodeFragmentType 
kangax-es6/super.statement.js: OK
kangax-es6/super.static-binding.js: NiL.JS.Core.JSException: SyntaxError: Unknown identifier "super.qux()" at (14:20) at NiL.JS.Core.Parser.Parse(ParseInfo state, Int32& index, CodeFragmentType ruleSet, Boolean throwError) in /src/NiL.JS/Core/Parser.cs:line 983 at NiL.JS.Core.Parser.Parse(ParseInfo state, Int32& index, CodeFragmentTyp
kangax-es6/super.this-binding.js: NiL.JS.Core.JSException: SyntaxError: Unknown identifier "super.qux("bar"" at (14:21) at NiL.JS.Core.Parser.Parse(ParseInfo state, Int32& index, CodeFragmentType ruleSet, Boolean throwError) in /src/NiL.JS/Core/Parser.cs:line 983 at NiL.JS.Core.Parser.Parse(ParseInfo state, Int32& index, CodeFragmen
kangax-es6/tail-calls.direct.js: OK
kangax-es6/tail-calls.mutual.js: RangeError: Stack overflow.
kangax-es6/template.basic.js: OK
kangax-es6/template.caching.js: failed
kangax-es6/template.escape-sequences.js: failed
kangax-es6/template.frozen-array.js: failed
kangax-es6/template.line-break.js: failed
kangax-es6/template.permanent-caching.js: failed
kangax-es6/template.tagged.js: failed
kangax-es6/template.toString.js: OK
kangax-es6/typed-arrays.ArrayBuffer.Symbol.species.js: failed
kangax-es6/typed-arrays.DataView.Float32.js: ReferenceError: Variable "DataView" is not defined
kangax-es6/typed-arrays.DataView.Float64.js: ReferenceError: Variable "DataView" is not defined
kangax-es6/typed-arrays.DataView.Int8.js: ReferenceError: Variable "DataView" is not defined
kangax-es6/typed-arrays.DataView.Int16.js: ReferenceError: Variable "DataView" is not defined
kangax-es6/typed-arrays.DataView.Int32.js: ReferenceError: Variable "DataView" is not defined
kangax-es6/typed-arrays.DataView.Uint8.js: ReferenceError: Variable "DataView" is not defined
kangax-es6/typed-arrays.DataView.Uint16.js: ReferenceError: Variable "DataView" is not defined
kangax-es6/typed-arrays.DataView.Uint32.js: ReferenceError: Variable "DataView" is not defined
kangax-es6/typed-arrays.Float32Array.js: OK
kangax-es6/typed-arrays.Float64Array.js: OK
kangax-es6/typed-arrays.Int8Array.js: OK
kangax-es6/typed-arrays.Int16Array.js: OK
kangax-es6/typed-arrays.Int32Array.js: OK
kangax-es6/typed-arrays.Symbol.species.js: failed
kangax-es6/typed-arrays.Uint8Array.js: OK
kangax-es6/typed-arrays.Uint8ClampedArray.js: OK
kangax-es6/typed-arrays.Uint16Array.js: OK
kangax-es6/typed-arrays.Uint32Array.js: OK
kangax-es6/typed-arrays.constructor-iterables.js: failed
kangax-es6/typed-arrays.constructor-requires-new.js: failed
kangax-es6/typed-arrays.correct-prototype-chains.js: failed
kangax-es6/typed-arrays.from.js: failed
kangax-es6/typed-arrays.of.js: failed
kangax-es6/typed-arrays.prototype.Symbol.iterator.js: OK
kangax-es6/typed-arrays.prototype.copyWithin.js: OK
kangax-es6/typed-arrays.prototype.entries.js: OK
kangax-es6/typed-arrays.prototype.every.js: OK
kangax-es6/typed-arrays.prototype.fill.js: OK
kangax-es6/typed-arrays.prototype.filter.js: OK
kangax-es6/typed-arrays.prototype.findIndex.js: OK
kangax-es6/typed-arrays.prototype.find.js: OK
kangax-es6/typed-arrays.prototype.forEach.js: OK
kangax-es6/typed-arrays.prototype.indexOf.js: OK
kangax-es6/typed-arrays.prototype.join.js: OK
kangax-es6/typed-arrays.prototype.keys.js: failed
kangax-es6/typed-arrays.prototype.lastIndexOf.js: OK
kangax-es6/typed-arrays.prototype.map.js: OK
kangax-es6/typed-arrays.prototype.reduceRight.js: OK
kangax-es6/typed-arrays.prototype.reduce.js: OK
kangax-es6/typed-arrays.prototype.reverse.js: OK
kangax-es6/typed-arrays.prototype.slice.js: OK
kangax-es6/typed-arrays.prototype.some.js: OK
kangax-es6/typed-arrays.prototype.sort.js: OK
kangax-es6/typed-arrays.prototype.subarray.js: OK
kangax-es6/typed-arrays.prototype.values.js: failed
kangax-es6/unicode-escapes.identifier.js: NiL.JS.Core.JSException: SyntaxError: Invalid escape code ("\u") at NiL.JS.Core.Parser.Parse(ParseInfo state, Int32& index, CodeFragmentType ruleSet, Boolean throwError) in /src/NiL.JS/Core/Parser.cs:line 976
kangax-es6/unicode-escapes.property-access.js: NiL.JS.Core.JSException: SyntaxError: Invalid escape code ("\u") at NiL.JS.Core.Parser.Parse(ParseInfo state, Int32& index, CodeFragmentType ruleSet, Boolean throwError) in /src/NiL.JS/Core/Parser.cs:line 976
kangax-es6/unicode-escapes.property-key.js: NiL.JS.Core.JSException: SyntaxError: Invalid escape code ("\u") at NiL.JS.Core.Parser.Parse(ParseInfo state, Int32& index, CodeFragmentType ruleSet, Boolean throwError) in /src/NiL.JS/Core/Parser.cs:line 974 at NiL.JS.Core.Parser.Parse(ParseInfo state, Int32& index, CodeFragmentType ruleSet, Boolea
kangax-es6/unicode-escapes.string.js: OK
kangax-es6/well-known.hasInstance.js: failed
kangax-es6/well-known.isConcatSpreadable.non-spreadable.js: failed
kangax-es6/well-known.isConcatSpreadable.poisoned-getter.js: failed
kangax-es6/well-known.iterator.arguments.js: failed
kangax-es6/well-known.iterator.js: OK
kangax-es6/well-known.match.RegExp-constructor.js: failed
kangax-es6/well-known.match.String.endsWith.js: failed
kangax-es6/well-known.match.String.includes.js: failed
kangax-es6/well-known.match.String.startsWith.js: failed
kangax-es6/well-known.match.js: failed
kangax-es6/well-known.replace.js: failed
kangax-es6/well-known.search.js: failed
kangax-es6/well-known.species.Array.concat.js: failed
kangax-es6/well-known.species.Array.filter.js: failed
kangax-es6/well-known.species.Array.map.js: failed
kangax-es6/well-known.species.Array.slice.js: failed
kangax-es6/well-known.species.Array.splice.js: failed
kangax-es6/well-known.species.Promise.then.js: failed
kangax-es6/well-known.species.RegExp.split.js: failed
kangax-es6/well-known.species.js: failed
kangax-es6/well-known.split.js: failed
kangax-es6/well-known.toPrimitive.js: failed
kangax-es6/well-known.toStringTag.existing-builtins.js: failed
kangax-es6/well-known.toStringTag.js: OK
kangax-es6/well-known.toStringTag.misc-builtins.js: failed
kangax-es6/well-known.toStringTag.new-builtins.js: failed
kangax-es6/well-known.unscopables.js: failed
kangax-es2016/Array.prototype.includes.generic.js: OK
kangax-es2016/Array.prototype.includes.js: OK
kangax-es2016/Array.prototype.includes.sparse.js: failed
kangax-es2016/Array.prototype.includes.typed-array.js: failed
kangax-es2016/exponentiation.assignment.js: OK
kangax-es2016/exponentiation.basic.js: OK
kangax-es2016/exponentiation.unary-negation-error.js: failed
kangax-es2016/misc.Proxy-Array-includes.js: ReferenceError: Variable "Proxy" is not defined
kangax-es2016/misc.Proxy-enumerate-removed.js: ReferenceError: Variable "Proxy" is not defined
kangax-es2016/misc.generator-no-new.js: NiL.JS.Core.JSException: SyntaxError: Invalid function name (10:12) at NiL.JS.Core.Parser.Parse(ParseInfo state, Int32& index, CodeFragmentType ruleSet, Boolean throwError) in /src/NiL.JS/Core/Parser.cs:line 976
kangax-es2016/misc.generator-throw-inner.js: NiL.JS.Core.JSException: SyntaxError: Invalid function name (10:12) at NiL.JS.Core.Parser.Parse(ParseInfo state, Int32& index, CodeFragmentType ruleSet, Boolean throwError) in /src/NiL.JS/Core/Parser.cs:line 976
kangax-es2016/misc.nested-rest-destructuring-decl.js: OK
kangax-es2016/misc.nested-rest-destructuring-params.js: OK
kangax-es2016/misc.strict-fn-non-simple-params-error.js: failed
kangax-es2017/Atomics.add.js: ReferenceError: Variable "Atomics" is not defined
kangax-es2017/Atomics.and.js: ReferenceError: Variable "Atomics" is not defined
kangax-es2017/Atomics.compareExchange.js: ReferenceError: Variable "Atomics" is not defined
kangax-es2017/Atomics.exchange.js: ReferenceError: Variable "Atomics" is not defined
kangax-es2017/Atomics.isLockFree.js: ReferenceError: Variable "Atomics" is not defined
kangax-es2017/Atomics.load.js: ReferenceError: Variable "Atomics" is not defined
kangax-es2017/Atomics.notify.js: ReferenceError: Variable "Atomics" is not defined
kangax-es2017/Atomics.or.js: ReferenceError: Variable "Atomics" is not defined
kangax-es2017/Atomics.store.js: ReferenceError: Variable "Atomics" is not defined
kangax-es2017/Atomics.sub.js: ReferenceError: Variable "Atomics" is not defined
kangax-es2017/Atomics.wait.js: ReferenceError: Variable "Atomics" is not defined
kangax-es2017/Atomics.xor.js: ReferenceError: Variable "Atomics" is not defined
kangax-es2017/Object.entries.js: TypeError: Object.entries is not a function
kangax-es2017/Object.getOwnPropertyDescriptors.js: TypeError: Object.getOwnPropertyDescriptors is not a function
kangax-es2017/Object.getOwnPropertyDescriptors.no-undefined.js: ReferenceError: Variable "Proxy" is not defined
kangax-es2017/Object.values.js: TypeError: Object.values is not a function
kangax-es2017/SharedArrayBuffer.Symbol.species.js: ReferenceError: Variable "SharedArrayBuffer" is not defined
kangax-es2017/SharedArrayBuffer.js: failed
kangax-es2017/SharedArrayBuffer.prototype.Symbol.toStringTag.js: ReferenceError: Variable "SharedArrayBuffer" is not defined
kangax-es2017/SharedArrayBuffer.prototype.byteLength.js: ReferenceError: Variable "SharedArrayBuffer" is not defined
kangax-es2017/SharedArrayBuffer.prototype.slice.js: ReferenceError: Variable "SharedArrayBuffer" is not defined
kangax-es2017/String.prototype.padEnd.js: failed
kangax-es2017/String.prototype.padStart.js: failed
kangax-es2017/annex-b.Object.prototype.__defineGetter__.ToObject.js: TypeError: Cannot call function "__defineGetter__" for object of another type.
kangax-es2017/annex-b.Object.prototype.__defineGetter__.js: OK
kangax-es2017/annex-b.Object.prototype.__defineGetter__.symbols.js: OK
kangax-es2017/annex-b.Object.prototype.__defineSetter__.ToObject.js: TypeError: Cannot call function "__defineSetter__" for object of another type.
kangax-es2017/annex-b.Object.prototype.__defineSetter__.js: OK
kangax-es2017/annex-b.Object.prototype.__defineSetter__.symbols.js: OK
kangax-es2017/annex-b.Object.prototype.__lookupGetter__.ToObject.js: TypeError: Cannot call function "__lookupGetter__" for object of another type.
kangax-es2017/annex-b.Object.prototype.__lookupGetter__.js: OK
kangax-es2017/annex-b.Object.prototype.__lookupGetter__.prototype-chain.js: OK
kangax-es2017/annex-b.Object.prototype.__lookupGetter__.shadow-accessors.js: OK
kangax-es2017/annex-b.Object.prototype.__lookupGetter__.symbols.js: TypeError: Cannot redefine not configurable property from accessor property to immediate value
kangax-es2017/annex-b.Object.prototype.__lookupSetter__.ToObject.js: TypeError: Cannot call function "__lookupSetter__" for object of another type.
kangax-es2017/annex-b.Object.prototype.__lookupSetter__.js: TypeError: foo is not a function
kangax-es2017/annex-b.Object.prototype.__lookupSetter__.prototype-chain.js: TypeError: foo is not a function
kangax-es2017/annex-b.Object.prototype.__lookupSetter__.shadow-accessors.js: OK
kangax-es2017/annex-b.Object.prototype.__lookupSetter__.symbols.js: TypeError: Cannot redefine not configurable property from accessor property to immediate value
kangax-es2017/annex-b.Proxy.__defineGetter__.js: ReferenceError: Variable "Proxy" is not defined
kangax-es2017/annex-b.Proxy.__defineSetter__.js: ReferenceError: Variable "Proxy" is not defined
kangax-es2017/annex-b.Proxy.__lookupGetter__.js: ReferenceError: Variable "Proxy" is not defined
kangax-es2017/annex-b.Proxy.__lookupSetter__.js: ReferenceError: Variable "Proxy" is not defined
kangax-es2017/annex-b.for-in-assignment-non-strict.js: failed
kangax-es2017/async.Symbol.toStringTag.js: failed
kangax-es2017/async.arrow-in-class.js: OK
kangax-es2017/async.arrow.js: NiL.JS.Core.JSException: SyntaxError: await is not allowed in this context (45:23*5) at NiL.JS.Core.Parser.Parse(ParseInfo state, Int32& index, CodeFragmentType ruleSet, Boolean throwError) in /src/NiL.JS/Core/Parser.cs:line 976
kangax-es2017/async.await-non-promise.js: failed
kangax-es2017/async.await-rejection.js: failed
kangax-es2017/async.await.js: failed
kangax-es2017/async.constructor.js: failed
kangax-es2017/async.methods-class.js: OK
kangax-es2017/async.methods-object.js: NiL.JS.Core.JSException: SyntaxError: Unexpected token (46:11) at NiL.JS.Core.Parser.Parse(ParseInfo state, Int32& index, CodeFragmentType ruleSet, Boolean throwError) in /src/NiL.JS/Core/Parser.cs:line 976
kangax-es2017/async.must-await-value.js: OK
kangax-es2017/async.no-await-in-params.js: OK
kangax-es2017/async.no-line-break.js: failed
kangax-es2017/async.no-prototype.js: NativeError: Object reference not set to an instance of an object.
kangax-es2017/async.prototype-chain.js: failed
kangax-es2017/async.return.js: failed
kangax-es2017/async.throw.js: failed
kangax-es2017/misc.arguments-caller-removed.js: failed
kangax-es2017/regex.flags.u.case-folding.js: failed
kangax-es2017/trailing-comma.arguments.js: OK
kangax-es2017/trailing-comma.params.js: OK
kangax-es2018/Promise.prototype.finally.change-rejection.js: failed
kangax-es2018/Promise.prototype.finally.js: failed
kangax-es2018/Promise.prototype.finally.no-change-resolution.js: failed
kangax-es2018/async-iterators.for-await-of.js: NiL.JS.Core.JSException: SyntaxError: Unknown identifier "for" at (60:5) at NiL.JS.Core.Parser.Parse(ParseInfo state, Int32& index, CodeFragmentType ruleSet, Boolean throwError) in /src/NiL.JS/Core/Parser.cs:line 983 at NiL.JS.Core.Parser.Parse(ParseInfo state, Int32& index, CodeFragmentType ruleSet
kangax-es2018/async-iterators.generators.js: NiL.JS.Core.JSException: SyntaxError: Invalid function name (44:17) at NiL.JS.Core.Parser.Parse(ParseInfo state, Int32& index, CodeFragmentType ruleSet, Boolean throwError) in /src/NiL.JS/Core/Parser.cs:line 976
kangax-es2018/misc.Proxy-ownKeys-duplicate-keys.js: ReferenceError: Variable "Proxy" is not defined
kangax-es2018/misc.template-literal-revision.js: failed
kangax-es2018/object-rest.js: OK
kangax-es2018/object-spread.js: OK
kangax-es2018/regex.flags.s.js: System.ArgumentException: Invalid flag in regexp definition at NiL.JS.Core.Parser.ValidateRegex(String code, Int32& index, Boolean throwError) in /src/NiL.JS/Core/Parser.cs:line 726 at NiL.JS.Core.Parser.Parse(ParseInfo state, Int32& index, CodeFragmentType ruleSet, Boolean throwError) in /src/NiL.J
kangax-es2018/regex.lookbehind.js: OK
kangax-es2018/regex.named-capture-groups.js: TypeError: Can't get property ""year"" of "undefined"
kangax-es2018/regex.unicode-property-escapes.js: failed
kangax-es2018/regex.unicode-property-escapes.unicode-11.js: failed
kangax-es2018/regex.unicode-property-escapes.unicode-12.1.js: failed
kangax-es2018/regex.unicode-property-escapes.unicode-12.js: failed
kangax-es2018/regex.unicode-property-escapes.unicode-13.js: failed
kangax-es2018/regex.unicode-property-escapes.unicode-14.js: failed
kangax-es2018/regex.unicode-property-escapes.unicode-15.1.js: failed
kangax-es2018/regex.unicode-property-escapes.unicode-15.js: failed
kangax-es2018/regex.unicode-property-escapes.unicode-16.0.js: failed
kangax-es2018/regex.unicode-property-escapes.unicode-17.0.js: failed
kangax-es2019/Array.prototype.flatMap.js: failed
kangax-es2019/Array.prototype.flat-flatMap.unscopables.js: TypeError: Can't get property ""flat"" of "undefined"
kangax-es2019/Array.prototype.flat.js: OK
kangax-es2019/Object.fromEntries.js: TypeError: Object.fromEntries is not a function
kangax-es2019/String.prototype.trimEnd.js: TypeError: " 	
kangax-es2019/String.prototype.trimStart.js: TypeError: " 	
kangax-es2019/Symbol.prototype.description.empty.js: OK
kangax-es2019/Symbol.prototype.description.js: OK
kangax-es2019/Symbol.prototype.description.undefined.js: failed
kangax-es2019/annex-b.String.prototype.trimLeft.js: TypeError: " 	
kangax-es2019/annex-b.String.prototype.trimRight.js: TypeError: " 	
kangax-es2019/misc.Function-toString.Function-constructor.js: SyntaxError: Unknown identifier "function" at (1:1)
kangax-es2019/misc.Function-toString.arrows.js: failed
kangax-es2019/misc.Function-toString.class-explicit-constructor.js: SyntaxError: Invalid base class name (1:54)
kangax-es2019/misc.Function-toString.class-implicit-constructor.js: failed
kangax-es2019/misc.Function-toString.computed-names.js: failed
kangax-es2019/misc.Function-toString.native-code.js: OK
kangax-es2019/misc.Function-toString.unicode-escapes.js: SyntaxError: Invalid escape code ("\u")
kangax-es2019/misc.JSON-stringify-well-formed.js: failed
kangax-es2019/misc.JSON-superset.line-separator.js: SyntaxError: Unknown identifier "'" at (1:1)
kangax-es2019/misc.JSON-superset.paragraph-separator.js: SyntaxError: Unknown identifier "'" at (1:1)
kangax-es2019/misc.optional-catch-binding.await.js: NiL.JS.Core.JSException: SyntaxError: try block must contain 'catch' or/and 'finally' block (45:5) at NiL.JS.Core.Parser.Parse(ParseInfo state, Int32& index, CodeFragmentType ruleSet, Boolean throwError) in /src/NiL.JS/Core/Parser.cs:line 976
kangax-es2019/misc.optional-catch-binding.js: NiL.JS.Core.JSException: SyntaxError: try block must contain 'catch' or/and 'finally' block (9:3) at NiL.JS.Core.Parser.Parse(ParseInfo state, Int32& index, CodeFragmentType ruleSet, Boolean throwError) in /src/NiL.JS/Core/Parser.cs:line 976
kangax-es2019/misc.optional-catch-binding.yield.js: NiL.JS.Core.JSException: SyntaxError: Invalid function name (9:12) at NiL.JS.Core.Parser.Parse(ParseInfo state, Int32& index, CodeFragmentType ruleSet, Boolean throwError) in /src/NiL.JS/Core/Parser.cs:line 976
kangax-es2020/BigInt64Array.js: NiL.JS.Core.JSException: SyntaxError: Unexpected token 'n' (12:31) at NiL.JS.Core.Parser.Parse(ParseInfo state, Int32& index, CodeFragmentType ruleSet, Boolean throwError) in /src/NiL.JS/Core/Parser.cs:line 976
kangax-es2020/BigInt.asIntN.js: ReferenceError: Variable "BigInt" is not defined
kangax-es2020/BigInt.asUintN.js: ReferenceError: Variable "BigInt" is not defined
kangax-es2020/BigInt.constructor.js: NiL.JS.Core.JSException: SyntaxError: Unexpected token 'n' (10:27) at NiL.JS.Core.Parser.Parse(ParseInfo state, Int32& index, CodeFragmentType ruleSet, Boolean throwError) in /src/NiL.JS/Core/Parser.cs:line 976
kangax-es2020/BigInt.js: NiL.JS.Core.JSException: SyntaxError: Unexpected token 'n' (10:12) at NiL.JS.Core.Parser.Parse(ParseInfo state, Int32& index, CodeFragmentType ruleSet, Boolean throwError) in /src/NiL.JS/Core/Parser.cs:line 976
kangax-es2020/BigUint64Array.js: NiL.JS.Core.JSException: SyntaxError: Unexpected token 'n' (12:32) at NiL.JS.Core.Parser.Parse(ParseInfo state, Int32& index, CodeFragmentType ruleSet, Boolean throwError) in /src/NiL.JS/Core/Parser.cs:line 976
kangax-es2020/DataView.prototype.getBigInt64.js: NiL.JS.Core.JSException: SyntaxError: Unexpected token 'n' (12:24) at NiL.JS.Core.Parser.Parse(ParseInfo state, Int32& index, CodeFragmentType ruleSet, Boolean throwError) in /src/NiL.JS/Core/Parser.cs:line 976
kangax-es2020/DataView.prototype.getBigUint64.js: NiL.JS.Core.JSException: SyntaxError: Unexpected token 'n' (12:25) at NiL.JS.Core.Parser.Parse(ParseInfo state, Int32& index, CodeFragmentType ruleSet, Boolean throwError) in /src/NiL.JS/Core/Parser.cs:line 976
kangax-es2020/Promise.allSettled.js: TypeError: Promise.allSettled is not a function
kangax-es2020/String.prototype.matchAll.js: TypeError: "11a2bb".matchAll is not a function
kangax-es2020/String.prototype.matchAll.throws-non-global.js: failed
kangax-es2020/globalThis.descriptor.js: failed
kangax-es2020/globalThis.js: failed
kangax-es2020/nullish-coalescing.js: OK
kangax-es2020/optional-chaining.bracket.js: OK
kangax-es2020/optional-chaining.function-call.js: OK
kangax-es2020/optional-chaining.method-call.js: OK
kangax-es2020/optional-chaining.property.js: OK
kangax-es2020/optional-chaining.spread-params.js: OK
kangax-es2021/FinalizationRegistry.js: ReferenceError: Variable "FinalizationRegistry" is not defined
kangax-es2021/Promise.any.AggregateError.js: TypeError: Promise.any is not a function
kangax-es2021/Promise.any.fulfillment.js: TypeError: Promise.any is not a function
kangax-es2021/String.prototype.replaceAll.js: TypeError: "q=query+string+parameters".replaceAll is not a function
kangax-es2021/WeakRef.js: ReferenceError: Variable "WeakRef" is not defined
kangax-es2021/logical-assignment.and.js: NiL.JS.Core.JSException: SyntaxError: Unexpected token (13:7) at NiL.JS.Core.Parser.Parse(ParseInfo state, Int32& index, CodeFragmentType ruleSet, Boolean throwError) in /src/NiL.JS/Core/Parser.cs:line 976
kangax-es2021/logical-assignment.and.setter-not-invoked.js: NiL.JS.Core.JSException: SyntaxError: Unexpected token (11:11) at NiL.JS.Core.Parser.Parse(ParseInfo state, Int32& index, CodeFragmentType ruleSet, Boolean throwError) in /src/NiL.JS/Core/Parser.cs:line 976
kangax-es2021/logical-assignment.and.short-circuit.js: NiL.JS.Core.JSException: SyntaxError: Unexpected token (11:7) at NiL.JS.Core.Parser.Parse(ParseInfo state, Int32& index, CodeFragmentType ruleSet, Boolean throwError) in /src/NiL.JS/Core/Parser.cs:line 976
kangax-es2021/logical-assignment.nullish.js: NiL.JS.Core.JSException: SyntaxError: Unexpected token (13:7) at NiL.JS.Core.Parser.Parse(ParseInfo state, Int32& index, CodeFragmentType ruleSet, Boolean throwError) in /src/NiL.JS/Core/Parser.cs:line 976
kangax-es2021/logical-assignment.nullish.setter-not-invoked.js: NiL.JS.Core.JSException: SyntaxError: Unexpected token (11:11) at NiL.JS.Core.Parser.Parse(ParseInfo state, Int32& index, CodeFragmentType ruleSet, Boolean throwError) in /src/NiL.JS/Core/Parser.cs:line 976
kangax-es2021/logical-assignment.nullish.short-circuit.js: NiL.JS.Core.JSException: SyntaxError: Unexpected token (11:7) at NiL.JS.Core.Parser.Parse(ParseInfo state, Int32& index, CodeFragmentType ruleSet, Boolean throwError) in /src/NiL.JS/Core/Parser.cs:line 976
kangax-es2021/logical-assignment.or.js: NiL.JS.Core.JSException: SyntaxError: Unexpected token (13:7) at NiL.JS.Core.Parser.Parse(ParseInfo state, Int32& index, CodeFragmentType ruleSet, Boolean throwError) in /src/NiL.JS/Core/Parser.cs:line 976
kangax-es2021/logical-assignment.or.setter-not-invoked.js: NiL.JS.Core.JSException: SyntaxError: Unexpected token (11:11) at NiL.JS.Core.Parser.Parse(ParseInfo state, Int32& index, CodeFragmentType ruleSet, Boolean throwError) in /src/NiL.JS/Core/Parser.cs:line 976
kangax-es2021/logical-assignment.or.short-circuit.js: NiL.JS.Core.JSException: SyntaxError: Unexpected token (11:7) at NiL.JS.Core.Parser.Parse(ParseInfo state, Int32& index, CodeFragmentType ruleSet, Boolean throwError) in /src/NiL.JS/Core/Parser.cs:line 976
kangax-es2021/numeric-separators.js: NiL.JS.Core.JSException: SyntaxError: Unexpected token '_' (10:11) at NiL.JS.Core.Parser.Parse(ParseInfo state, Int32& index, CodeFragmentType ruleSet, Boolean throwError) in /src/NiL.JS/Core/Parser.cs:line 976
kangax-es2022/Error.cause.AggregateError-prototype-lacks.js: ReferenceError: Variable "AggregateError" is not defined
kangax-es2022/Error.cause.AggregateError.js: ReferenceError: Variable "AggregateError" is not defined
kangax-es2022/Error.cause.Error-prototype-lacks.js: OK
kangax-es2022/Error.cause.Error.js: failed
kangax-es2022/Error.cause.EvalError-prototype-lacks.js: OK
kangax-es2022/Error.cause.EvalError.js: failed
kangax-es2022/Error.cause.RangeError-prototype-lacks.js: OK
kangax-es2022/Error.cause.RangeError.js: failed
kangax-es2022/Error.cause.ReferenceError-prototype-lacks.js: OK
kangax-es2022/Error.cause.ReferenceError.js: failed
kangax-es2022/Error.cause.SyntaxError-prototype-lacks.js: OK
kangax-es2022/Error.cause.SyntaxError.js: failed
kangax-es2022/Error.cause.TypeError-prototype-lacks.js: OK
kangax-es2022/Error.cause.TypeError.js: failed
kangax-es2022/Error.cause.URIError-prototype-lacks.js: OK
kangax-es2022/Error.cause.URIError.js: failed
kangax-es2022/Object.hasOwn.ToObject-first.js: failed
kangax-es2022/Object.hasOwn.js: TypeError: Object.hasOwn is not a function
kangax-es2022/at-method.Array.js: TypeError: arr.at is not a function
kangax-es2022/at-method.String.js: TypeError: str.at is not a function
kangax-es2022/at-method.TypedArray.js: TypeError: arr.at is not a function
kangax-es2022/class-fields.computed-instance.js: NiL.JS.Core.JSException: SyntaxError: Unexpected token (10:11) at NiL.JS.Core.Parser.Parse(ParseInfo state, Int32& index, CodeFragmentType ruleSet, Boolean throwError) in /src/NiL.JS/Core/Parser.cs:line 976
kangax-es2022/class-fields.computed-static.js: NiL.JS.Core.JSException: SyntaxError: Unexpected token (10:18) at NiL.JS.Core.Parser.Parse(ParseInfo state, Int32& index, CodeFragmentType ruleSet, Boolean throwError) in /src/NiL.JS/Core/Parser.cs:line 976
kangax-es2022/class-fields.instance.parent-scope.js: OK
kangax-es2022/class-fields.private-instance.initializers.js: NiL.JS.Core.JSException: SyntaxError: Invalid member name at (10:5) at NiL.JS.Core.Parser.Parse(ParseInfo state, Int32& index, CodeFragmentType ruleSet, Boolean throwError) in /src/NiL.JS/Core/Parser.cs:line 976
kangax-es2022/class-fields.private-instance.js: NiL.JS.Core.JSException: SyntaxError: Invalid member name at (11:5) at NiL.JS.Core.Parser.Parse(ParseInfo state, Int32& index, CodeFragmentType ruleSet, Boolean throwError) in /src/NiL.JS/Core/Parser.cs:line 976
kangax-es2022/class-fields.private-instance.optional-access.js: NiL.JS.Core.JSException: SyntaxError: Invalid member name at (10:5) at NiL.JS.Core.Parser.Parse(ParseInfo state, Int32& index, CodeFragmentType ruleSet, Boolean throwError) in /src/NiL.JS/Core/Parser.cs:line 976
kangax-es2022/class-fields.private-instance.optional-deep-access.js: NiL.JS.Core.JSException: SyntaxError: Invalid member name at (10:5) at NiL.JS.Core.Parser.Parse(ParseInfo state, Int32& index, CodeFragmentType ruleSet, Boolean throwError) in /src/NiL.JS/Core/Parser.cs:line 976
kangax-es2022/class-fields.private-static.js: NiL.JS.Core.JSException: SyntaxError: Invalid member name at (11:12) at NiL.JS.Core.Parser.Parse(ParseInfo state, Int32& index, CodeFragmentType ruleSet, Boolean throwError) in /src/NiL.JS/Core/Parser.cs:line 976
kangax-es2022/class-fields.public-instance.js: OK
kangax-es2022/class-fields.public-static.js: OK
kangax-es2022/class-fields.static.define.js: TypeError: Cannot assign value to readonly property "name"
kangax-es2022/class-methods.private-accessor.js: NiL.JS.Core.JSException: SyntaxError: Invalid function name (11:9) at NiL.JS.Core.Parser.Parse(ParseInfo state, Int32& index, CodeFragmentType ruleSet, Boolean throwError) in /src/NiL.JS/Core/Parser.cs:line 976
kangax-es2022/class-methods.private-instance.js: NiL.JS.Core.JSException: SyntaxError: Invalid member name at (10:5) at NiL.JS.Core.Parser.Parse(ParseInfo state, Int32& index, CodeFragmentType ruleSet, Boolean throwError) in /src/NiL.JS/Core/Parser.cs:line 976
kangax-es2022/class-methods.private-static-accessor.js: NiL.JS.Core.JSException: SyntaxError: Invalid function name (11:16) at NiL.JS.Core.Parser.Parse(ParseInfo state, Int32& index, CodeFragmentType ruleSet, Boolean throwError) in /src/NiL.JS/Core/Parser.cs:line 976
kangax-es2022/class-methods.private-static.js: NiL.JS.Core.JSException: SyntaxError: Invalid member name at (10:12) at NiL.JS.Core.Parser.Parse(ParseInfo state, Int32& index, CodeFragmentType ruleSet, Boolean throwError) in /src/NiL.JS/Core/Parser.cs:line 976
kangax-es2022/class-static-init-blocks.js: NiL.JS.Core.JSException: SyntaxError: Invalid member name at (12:12) at NiL.JS.Core.Parser.Parse(ParseInfo state, Int32& index, CodeFragmentType ruleSet, Boolean throwError) in /src/NiL.JS/Core/Parser.cs:line 976
kangax-es2022/ergonomic-brand-checks.js: NiL.JS.Core.JSException: SyntaxError: Invalid member name at (10:5) at NiL.JS.Core.Parser.Parse(ParseInfo state, Int32& index, CodeFragmentType ruleSet, Boolean throwError) in /src/NiL.JS/Core/Parser.cs:line 976
kangax-es2022/regex.flags.d.constructor.js: SyntaxError: Invalid RegExp flag "d"
kangax-es2022/regex.flags.d.shows-in-flags.js: ReferenceError: Variable "Proxy" is not defined
kangax-es2023/Array.prototype.findLastIndex.js: TypeError: arr.findLastIndex is not a function
kangax-es2023/Array.prototype.findLast.js: TypeError: arr.findLast is not a function
kangax-es2023/Array.prototype.toReversed.js: TypeError: arr.toReversed is not a function
kangax-es2023/Array.prototype.toSorted.js: TypeError: arr.toSorted is not a function
kangax-es2023/Array.prototype.toSpliced.js: TypeError: arr.toSpliced is not a function
kangax-es2023/Array.prototype.with.js: TypeError: arr.with is not a function
kangax-es2023/TypedArray.prototype.toReversed.js: TypeError: arr.toReversed is not a function
kangax-es2023/TypedArray.prototype.toSorted.js: TypeError: arr.toSorted is not a function
kangax-es2023/TypedArray.prototype.with.js: TypeError: arr.with is not a function
kangax-es2023/hashbang.js: NiL.JS.Core.JSException: SyntaxError: Unknown identifier "#!/usr/bin/env" at (1:1) at NiL.JS.Core.Parser.Parse(ParseInfo state, Int32& index, CodeFragmentType ruleSet, Boolean throwError) in /src/NiL.JS/Core/Parser.cs:line 983
kangax-es2024/ArrayBuffer.prototype.detached.js: TypeError: buffer1.transfer is not a function
kangax-es2024/ArrayBuffer.prototype.transferToFixedLength.js: TypeError: buffer1.transferToFixedLength is not a function
kangax-es2024/ArrayBuffer.prototype.transfer.js: TypeError: buffer1.transfer is not a function
kangax-es2024/Map.groupBy.js: TypeError: Map.groupBy is not a function
kangax-es2024/Object.groupBy.js: TypeError: Object.groupBy is not a function
kangax-es2024/Promise.withResolvers.js: TypeError: Promise.withResolvers is not a function
kangax-es2024/regex.flags.v.constructor.js: SyntaxError: Invalid RegExp flag "v"
kangax-es2024/regex.flags.v.properties-of-strings.js: System.ArgumentException: Invalid flag in regexp definition at NiL.JS.Core.Parser.ValidateRegex(String code, Int32& index, Boolean throwError) in /src/NiL.JS/Core/Parser.cs:line 726 at NiL.JS.Core.Parser.Parse(ParseInfo state, Int32& index, CodeFragmentType ruleSet, Boolean throwError) in /src/NiL.J
kangax-es2024/regex.flags.v.set-notations.js: System.ArgumentException: Invalid flag in regexp definition at NiL.JS.Core.Parser.ValidateRegex(String code, Int32& index, Boolean throwError) in /src/NiL.JS/Core/Parser.cs:line 726 at NiL.JS.Core.Parser.Parse(ParseInfo state, Int32& index, CodeFragmentType ruleSet, Boolean throwError) in /src/NiL.J
kangax-es2024/regex.flags.v.shows-in-flags.js: ReferenceError: Variable "Proxy" is not defined
kangax-es2024/regex.flags.v.unicode-15.1.js: System.ArgumentException: Invalid flag in regexp definition at NiL.JS.Core.Parser.ValidateRegex(String code, Int32& index, Boolean throwError) in /src/NiL.JS/Core/Parser.cs:line 726 at NiL.JS.Core.Parser.Parse(ParseInfo state, Int32& index, CodeFragmentType ruleSet, Boolean throwError) in /src/NiL.J
kangax-es2024/regex.flags.v.unicode-16.0.js: System.ArgumentException: Invalid flag in regexp definition at NiL.JS.Core.Parser.ValidateRegex(String code, Int32& index, Boolean throwError) in /src/NiL.JS/Core/Parser.cs:line 726 at NiL.JS.Core.Parser.Parse(ParseInfo state, Int32& index, CodeFragmentType ruleSet, Boolean throwError) in /src/NiL.J
kangax-es2024/regex.flags.v.unicode-17.0.js: System.ArgumentException: Invalid flag in regexp definition at NiL.JS.Core.Parser.ValidateRegex(String code, Int32& index, Boolean throwError) in /src/NiL.JS/Core/Parser.cs:line 726 at NiL.JS.Core.Parser.Parse(ParseInfo state, Int32& index, CodeFragmentType ruleSet, Boolean throwError) in /src/NiL.J
kangax-es2025/Iterator.extends.js: ReferenceError: Variable "Iterator" is not defined
kangax-es2025/Iterator.from.iterable.js: ReferenceError: Variable "Iterator" is not defined
kangax-es2025/Iterator.from.iterator.js: ReferenceError: Variable "Iterator" is not defined
kangax-es2025/Iterator.instanceof.js: TypeError: [1, 2, 3].values is not a function
kangax-es2025/Iterator.prototype.Symbol.toStringTag.js: ReferenceError: Variable "Iterator" is not defined
kangax-es2025/Iterator.prototype.drop.js: TypeError: [1, 2, 3].values is not a function
kangax-es2025/Iterator.prototype.every.js: TypeError: [1, 2, 3].values is not a function
kangax-es2025/Iterator.prototype.filter.js: TypeError: [1, 2, 3].values is not a function
kangax-es2025/Iterator.prototype.find.js: TypeError: [1, 2, 3].values is not a function
kangax-es2025/Iterator.prototype.flatMap.js: TypeError: [1, 2, 3].values is not a function
kangax-es2025/Iterator.prototype.forEach.js: TypeError: [1, 2, 3].values is not a function
kangax-es2025/Iterator.prototype.map.js: TypeError: [1, 2, 3].values is not a function
kangax-es2025/Iterator.prototype.reduce.js: TypeError: [1, 2, 3].values is not a function
kangax-es2025/Iterator.prototype.some.js: TypeError: [1, 2, 3].values is not a function
kangax-es2025/Iterator.prototype.take.js: TypeError: [1, 2, 3].values is not a function
kangax-es2025/Iterator.prototype.toArray.js: TypeError: [1, 2, 3].values is not a function
kangax-es2025/Promise.try.js: failed
kangax-es2025/RegExp.escape.js: TypeError: RegExp.escape is not a function
kangax-es2025/Set.prototype.difference.js: TypeError: new Set([1, 2, 3]).difference is not a function
kangax-es2025/Set.prototype.intersection.js: TypeError: new Set([1, 2, 3]).intersection is not a function
kangax-es2025/Set.prototype.isDisjointFrom.js: TypeError: new Set([1, 2, 3]).isDisjointFrom is not a function
kangax-es2025/Set.prototype.isSubsetOf.js: TypeError: new Set([1, 2, 3]).isSubsetOf is not a function
kangax-es2025/Set.prototype.isSupersetOf.js: TypeError: new Set([5, 4, 3, 2, 1]).isSupersetOf is not a function
kangax-es2025/Set.prototype.symmetricDifference.js: TypeError: new Set([1, 2]).symmetricDifference is not a function
kangax-es2025/Set.prototype.union.js: TypeError: new Set([1, 2]).union is not a function
kangax-es2025/regex.duplicate-named-groups.js: OK
kangax-es2025/regex.pattern-modifiers.i.js: OK
kangax-es2025/regex.pattern-modifiers.m.js: OK
kangax-es2025/regex.pattern-modifiers.s.js: System.ArgumentException: Invalid flag in regexp definition at NiL.JS.Core.Parser.ValidateRegex(String code, Int32& index, Boolean throwError) in /src/NiL.JS/Core/Parser.cs:line 726 at NiL.JS.Core.Parser.Parse(ParseInfo state, Int32& index, CodeFragmentType ruleSet, Boolean throwError) in /src/NiL.J
kangax-intl/Array.prototype.toLocaleString.js: OK
kangax-intl/Date.prototype.toLocaleDateString.js: OK
kangax-intl/Date.prototype.toLocaleString.js: OK
kangax-intl/Date.prototype.toLocaleTimeString.js: OK
kangax-intl/Intl.Collator.js: ReferenceError: Variable "Intl" is not defined
kangax-intl/Intl.Collator.new-instances.js: ReferenceError: Variable "Intl" is not defined
kangax-intl/Intl.Collator.prototype.compare.js: ReferenceError: Variable "Intl" is not defined
kangax-intl/Intl.Collator.prototype.resolvedOptions.js: ReferenceError: Variable "Intl" is not defined
kangax-intl/Intl.Collator.rejects-invalid-tags.js: ReferenceError: Variable "Intl" is not defined
kangax-intl/Intl.Collator.valid-tags.js: failed
kangax-intl/Intl.Collator.without-new.js: ReferenceError: Variable "Intl" is not defined
kangax-intl/Intl.DateTimeFormat.iana-timezones.js: failed
kangax-intl/Intl.DateTimeFormat.js: ReferenceError: Variable "Intl" is not defined
kangax-intl/Intl.DateTimeFormat.new-instances.js: ReferenceError: Variable "Intl" is not defined
kangax-intl/Intl.DateTimeFormat.rejects-invalid-tags.js: ReferenceError: Variable "Intl" is not defined
kangax-intl/Intl.DateTimeFormat.resolvedOptions.timeZone-default.js: ReferenceError: Variable "Intl" is not defined
kangax-intl/Intl.DateTimeFormat.valid-tags.js: failed
kangax-intl/Intl.DateTimeFormat.without-new.js: ReferenceError: Variable "Intl" is not defined
kangax-intl/Intl.NumberFormat.js: ReferenceError: Variable "Intl" is not defined
kangax-intl/Intl.NumberFormat.new-instances.js: ReferenceError: Variable "Intl" is not defined
kangax-intl/Intl.NumberFormat.rejects-invalid-tags.js: ReferenceError: Variable "Intl" is not defined
kangax-intl/Intl.NumberFormat.valid-tags.js: failed
kangax-intl/Intl.NumberFormat.without-new.js: ReferenceError: Variable "Intl" is not defined
kangax-intl/Intl.js: failed
kangax-intl/Intl.prototype.js: ReferenceError: Variable "Intl" is not defined
kangax-intl/Number.prototype.toLocaleString.js: OK
kangax-intl/Object.prototype.toLocaleString.js: OK
kangax-intl/String.prototype.localeCompare.js: OK
kangax-next/Array.isTemplateObject.js: TypeError: Array.isTemplateObject is not a function
kangax-next/AsyncDisposableStack.js: ReferenceError: Variable "AsyncDisposableStack" is not defined
kangax-next/AsyncIterator.extends.js: ReferenceError: Variable "AsyncIterator" is not defined
kangax-next/AsyncIterator.from.async-iterable.js: NiL.JS.Core.JSException: SyntaxError: Unknown identifier "for" at (46:5) at NiL.JS.Core.Parser.Parse(ParseInfo state, Int32& index, CodeFragmentType ruleSet, Boolean throwError) in /src/NiL.JS/Core/Parser.cs:line 983 at NiL.JS.Core.Parser.Parse(ParseInfo state, Int32& index, CodeFragmentType ruleSet
kangax-next/AsyncIterator.from.iterable.js: NiL.JS.Core.JSException: SyntaxError: Unknown identifier "for" at (46:5) at NiL.JS.Core.Parser.Parse(ParseInfo state, Int32& index, CodeFragmentType ruleSet, Boolean throwError) in /src/NiL.JS/Core/Parser.cs:line 983 at NiL.JS.Core.Parser.Parse(ParseInfo state, Int32& index, CodeFragmentType ruleSet
kangax-next/AsyncIterator.from.iterator.js: NiL.JS.Core.JSException: SyntaxError: Unknown identifier "for" at (46:5) at NiL.JS.Core.Parser.Parse(ParseInfo state, Int32& index, CodeFragmentType ruleSet, Boolean throwError) in /src/NiL.JS/Core/Parser.cs:line 983 at NiL.JS.Core.Parser.Parse(ParseInfo state, Int32& index, CodeFragmentType ruleSet
kangax-next/AsyncIterator.instanceof.js: NiL.JS.Core.JSException: SyntaxError: Invalid function name (9:25) at NiL.JS.Core.Parser.Parse(ParseInfo state, Int32& index, CodeFragmentType ruleSet, Boolean throwError) in /src/NiL.JS/Core/Parser.cs:line 976
kangax-next/AsyncIterator.prototype.Symbol.toStringTag.js: ReferenceError: Variable "AsyncIterator" is not defined
kangax-next/AsyncIterator.prototype.drop.js: NiL.JS.Core.JSException: SyntaxError: Unknown identifier "for" at (46:5) at NiL.JS.Core.Parser.Parse(ParseInfo state, Int32& index, CodeFragmentType ruleSet, Boolean throwError) in /src/NiL.JS/Core/Parser.cs:line 983 at NiL.JS.Core.Parser.Parse(ParseInfo state, Int32& index, CodeFragmentType ruleSet
kangax-next/AsyncIterator.prototype.every.js: NiL.JS.Core.JSException: SyntaxError: Invalid function name (44:18) at NiL.JS.Core.Parser.Parse(ParseInfo state, Int32& index, CodeFragmentType ruleSet, Boolean throwError) in /src/NiL.JS/Core/Parser.cs:line 976
kangax-next/AsyncIterator.prototype.filter.js: NiL.JS.Core.JSException: SyntaxError: Unknown identifier "for" at (46:5) at NiL.JS.Core.Parser.Parse(ParseInfo state, Int32& index, CodeFragmentType ruleSet, Boolean throwError) in /src/NiL.JS/Core/Parser.cs:line 983 at NiL.JS.Core.Parser.Parse(ParseInfo state, Int32& index, CodeFragmentType ruleSet
kangax-next/AsyncIterator.prototype.find.js: NiL.JS.Core.JSException: SyntaxError: Invalid function name (44:18) at NiL.JS.Core.Parser.Parse(ParseInfo state, Int32& index, CodeFragmentType ruleSet, Boolean throwError) in /src/NiL.JS/Core/Parser.cs:line 976
kangax-next/AsyncIterator.prototype.flatMap.js: NiL.JS.Core.JSException: SyntaxError: Unknown identifier "for" at (46:5) at NiL.JS.Core.Parser.Parse(ParseInfo state, Int32& index, CodeFragmentType ruleSet, Boolean throwError) in /src/NiL.JS/Core/Parser.cs:line 983 at NiL.JS.Core.Parser.Parse(ParseInfo state, Int32& index, CodeFragmentType ruleSet
kangax-next/AsyncIterator.prototype.forEach.js: NiL.JS.Core.JSException: SyntaxError: Invalid function name (45:18) at NiL.JS.Core.Parser.Parse(ParseInfo state, Int32& index, CodeFragmentType ruleSet, Boolean throwError) in /src/NiL.JS/Core/Parser.cs:line 976
kangax-next/AsyncIterator.prototype.map.js: NiL.JS.Core.JSException: SyntaxError: Unknown identifier "for" at (46:5) at NiL.JS.Core.Parser.Parse(ParseInfo state, Int32& index, CodeFragmentType ruleSet, Boolean throwError) in /src/NiL.JS/Core/Parser.cs:line 983 at NiL.JS.Core.Parser.Parse(ParseInfo state, Int32& index, CodeFragmentType ruleSet
kangax-next/AsyncIterator.prototype.reduce.js: NiL.JS.Core.JSException: SyntaxError: Invalid function name (44:18) at NiL.JS.Core.Parser.Parse(ParseInfo state, Int32& index, CodeFragmentType ruleSet, Boolean throwError) in /src/NiL.JS/Core/Parser.cs:line 976
kangax-next/AsyncIterator.prototype.some.js: NiL.JS.Core.JSException: SyntaxError: Invalid function name (44:18) at NiL.JS.Core.Parser.Parse(ParseInfo state, Int32& index, CodeFragmentType ruleSet, Boolean throwError) in /src/NiL.JS/Core/Parser.cs:line 976
kangax-next/AsyncIterator.prototype.take.js: NiL.JS.Core.JSException: SyntaxError: Unknown identifier "for" at (46:5) at NiL.JS.Core.Parser.Parse(ParseInfo state, Int32& index, CodeFragmentType ruleSet, Boolean throwError) in /src/NiL.JS/Core/Parser.cs:line 983 at NiL.JS.Core.Parser.Parse(ParseInfo state, Int32& index, CodeFragmentType ruleSet
kangax-next/AsyncIterator.prototype.toArray.js: NiL.JS.Core.JSException: SyntaxError: Invalid function name (44:18) at NiL.JS.Core.Parser.Parse(ParseInfo state, Int32& index, CodeFragmentType ruleSet, Boolean throwError) in /src/NiL.JS/Core/Parser.cs:line 976
kangax-next/DisposableStack.js: ReferenceError: Variable "DisposableStack" is not defined
kangax-next/Map.prototype.upsert.js: TypeError: map.upsert is not a function
kangax-next/RegExp.1-9.js: failed
kangax-next/RegExp.lastMatch.js: failed
kangax-next/ShadowRealm.js: failed
kangax-next/SuppressedError.js: NiL.JS.Core.JSException: SyntaxError: Unexpected token '_' (13:11) at NiL.JS.Core.Parser.Parse(ParseInfo state, Int32& index, CodeFragmentType ruleSet, Boolean throwError) in /src/NiL.JS/Core/Parser.cs:line 976
kangax-next/Uint8Array.fromBase64.js: TypeError: Uint8Array.fromBase64 is not a function
kangax-next/Uint8Array.fromHex.js: TypeError: Uint8Array.fromHex is not a function
kangax-next/Uint8Array.setFromBase64.js: TypeError: arr2.setFromBase64 is not a function
kangax-next/Uint8Array.setFromHex.js: TypeError: arr2.setFromHex is not a function
kangax-next/Uint8Array.toBase64.js: TypeError: arr.toBase64 is not a function
kangax-next/Uint8Array.toHex.js: TypeError: arr.toHex is not a function
kangax-next/WeakMap.prototype.upsert.js: ReferenceError: Variable "WeakMap" is not defined
kangax-next/await-using.for-of.js: NiL.JS.Core.JSException: SyntaxError: Unexpected token '_' (57:22) at NiL.JS.Core.Parser.Parse(ParseInfo state, Int32& index, CodeFragmentType ruleSet, Boolean throwError) in /src/NiL.JS/Core/Parser.cs:line 976
kangax-next/await-using.js: NiL.JS.Core.JSException: SyntaxError: Unexpected token '_' (52:19) at NiL.JS.Core.Parser.Parse(ParseInfo state, Int32& index, CodeFragmentType ruleSet, Boolean throwError) in /src/NiL.JS/Core/Parser.cs:line 976
kangax-next/class-decorators.js: NiL.JS.Core.JSException: SyntaxError: Invalid member name at (10:5) at NiL.JS.Core.Parser.Parse(ParseInfo state, Int32& index, CodeFragmentType ruleSet, Boolean throwError) in /src/NiL.JS/Core/Parser.cs:line 976
kangax-next/function.sent.js: NiL.JS.Core.JSException: SyntaxError: Unexpected token (11:14) at NiL.JS.Core.Parser.Parse(ParseInfo state, Int32& index, CodeFragmentType ruleSet, Boolean throwError) in /src/NiL.JS/Core/Parser.cs:line 976
kangax-next/throw-expr.arrow.js: NiL.JS.Core.JSException: SyntaxError: Unexpected token (9:18) at NiL.JS.Core.Parser.Parse(ParseInfo state, Int32& index, CodeFragmentType ruleSet, Boolean throwError) in /src/NiL.JS/Core/Parser.cs:line 976
kangax-next/throw-expr.conditional.js: NiL.JS.Core.JSException: SyntaxError: Unexpected token (9:15) at NiL.JS.Core.Parser.Parse(ParseInfo state, Int32& index, CodeFragmentType ruleSet, Boolean throwError) in /src/NiL.JS/Core/Parser.cs:line 976
kangax-next/throw-expr.logical.js: NiL.JS.Core.JSException: SyntaxError: Unexpected token (11:15) at NiL.JS.Core.Parser.Parse(ParseInfo state, Int32& index, CodeFragmentType ruleSet, Boolean throwError) in /src/NiL.JS/Core/Parser.cs:line 976
kangax-next/throw-expr.param-init.js: NiL.JS.Core.JSException: SyntaxError: Unexpected token (9:22) at NiL.JS.Core.Parser.Parse(ParseInfo state, Int32& index, CodeFragmentType ruleSet, Boolean throwError) in /src/NiL.JS/Core/Parser.cs:line 976
kangax-next/using.for-of.js: NiL.JS.Core.JSException: SyntaxError: Unexpected token '_' (22:16) at NiL.JS.Core.Parser.Parse(ParseInfo state, Int32& index, CodeFragmentType ruleSet, Boolean throwError) in /src/NiL.JS/Core/Parser.cs:line 976
kangax-next/using.js: NiL.JS.Core.JSException: SyntaxError: Unexpected token '_' (16:11) at NiL.JS.Core.Parser.Parse(ParseInfo state, Int32& index, CodeFragmentType ruleSet, Boolean throwError) in /src/NiL.JS/Core/Parser.cs:line 976
