Metadata: {"arch": "arm64", "dist_size": 664952, "dotnet": "10.0.102", "engine": "topaz", "repository": "https://github.com/koculu/Topaz.git", "revision": "03ef33706098e87e6272a43037fe44b78060f63d", "revision_date": "2024-11-14", "version": "release-v1.4.1"}
es1/Array.js: Array.length failed
es1/Array.length.assignment.js: failed
es1/Array.length.js: failed
es1/Array.prototype.constructor.js: failed
es1/Array.prototype.join.generic.js: failed
es1/Array.prototype.join.js: failed
es1/Array.prototype.reverse.generic.js: failed
es1/Array.prototype.reverse.js: failed
es1/Array.prototype.sort.generic.js: failed
es1/Array.prototype.sort.js: failed
es1/Array.prototype.toString.js: failed
es1/Boolean.js: failed
es1/Boolean.prototype.constructor.js: failed
es1/Boolean.prototype.toString.js: failed
es1/Boolean.prototype.valueOf.js: failed
es1/Date.diff.js: failed
es1/Date.js: failed
es1/Date.prototype.constructor.js: OK
es1/Date.prototype.getDate.js: failed
es1/Date.prototype.getDay.js: failed
es1/Date.prototype.getFullYear.js: failed
es1/Date.prototype.getHours.js: failed
es1/Date.prototype.getMilliseconds.js: failed
es1/Date.prototype.getMinutes.js: failed
es1/Date.prototype.getMonth.js: failed
es1/Date.prototype.getSeconds.js: failed
es1/Date.prototype.getTimezoneOffset.js: failed
es1/Date.prototype.getTime.js: failed
es1/Date.prototype.getUTCDate.js: failed
es1/Date.prototype.getUTCDay.js: failed
es1/Date.prototype.getUTCFullYear.js: failed
es1/Date.prototype.getUTCHours.js: failed
es1/Date.prototype.getUTCMilliseconds.js: failed
es1/Date.prototype.getUTCMinutes.js: failed
es1/Date.prototype.getUTCMonth.js: failed
es1/Date.prototype.getUTCSeconds.js: failed
es1/Date.prototype.setDate.js: failed
es1/Date.prototype.setFullYear.js: failed
es1/Date.prototype.setHours.js: failed
es1/Date.prototype.setMilliseconds.js: failed
es1/Date.prototype.setMinutes.js: failed
es1/Date.prototype.setMonth.js: failed
es1/Date.prototype.setSeconds.js: failed
es1/Date.prototype.setTime.js: failed
es1/Date.prototype.setUTCDate.js: failed
es1/Date.prototype.setUTCFullYear.js: failed
es1/Date.prototype.setUTCHours.js: failed
es1/Date.prototype.setUTCMilliseconds.js: failed
es1/Date.prototype.setUTCMinutes.js: failed
es1/Date.prototype.setUTCMonth.js: failed
es1/Date.prototype.setUTCSeconds.js: failed
es1/Date.prototype.toLocaleString.js: failed
es1/Date.prototype.toString.js: failed
es1/Date.prototype.toUTCString.js: failed
es1/Date.prototype.valueOf.js: failed
es1/Function.js: failed
es1/Function.length.js: Function.length failed; function with 0 params length failed; function with 1 param length failed; function with 3 params length failed
es1/Function.prototype.constructor.js: OK
es1/Function.prototype.js: failed
es1/Function.prototype.toString.js: failed
es1/Math.E.js: failed
es1/Math.LN2.js: failed
es1/Math.LN10.js: failed
es1/Math.LOG2E.js: failed
es1/Math.LOG10E.js: failed
es1/Math.PI.js: failed
es1/Math.SQRT1_2.js: failed
es1/Math.SQRT2.js: failed
es1/Math.abs.js: failed
es1/Math.acos.js: failed
es1/Math.asin.js: failed
es1/Math.atan2.js: failed
es1/Math.atan.js: failed
es1/Math.ceil.js: failed
es1/Math.cos.js: failed
es1/Math.exp.js: failed
es1/Math.floor.js: failed
es1/Math.log.js: failed
es1/Math.max.js: failed
es1/Math.min.js: failed
es1/Math.pow.js: failed
es1/Math.random.js: failed
es1/Math.round.js: failed
es1/Math.sin.js: failed
es1/Math.sqrt.js: failed
es1/Math.tan.js: failed
es1/Number.MAX_VALUE.js: failed
es1/Number.MIN_VALUE.js: failed
es1/Number.NEGATIVE_INFINITY.js: failed
es1/Number.NaN.js: failed
es1/Number.POSITIVE_INFINITY.js: failed
es1/Number.js: failed
es1/Number.prototype.constructor.js: failed
es1/Number.prototype.toString.js: failed
es1/Number.prototype.valueOf.js: failed
es1/Object.js: failed
es1/Object.prototype.constructor.js: failed
es1/Object.prototype.toString.js: failed
es1/Object.prototype.valueOf.js: failed
es1/String.fromCharCode.js: failed
es1/String.generics.js: failed
es1/String.js: failed
es1/String.length.js: string length failed; empty string length failed
es1/String.prototype.charAt.js: failed
es1/String.prototype.charCodeAt.js: failed
es1/String.prototype.constructor.js: failed
es1/String.prototype.indexOf.js: failed
es1/String.prototype.lastIndexOf.js: failed
es1/String.prototype.split.js: failed
es1/String.prototype.substring.js: failed
es1/String.prototype.toLowerCase.js: failed
es1/String.prototype.toString.js: failed
es1/String.prototype.toUpperCase.js: failed
es1/String.prototype.valueOf.js: failed
es1/annex-b.Date.prototype.getYear.js: failed
es1/annex-b.Date.prototype.setYear.js: failed
es1/annex-b.Date.prototype.toGMTString.js: failed
es1/annex-b.global.escape.js: failed
es1/annex-b.global.unescape.js: failed
es1/annex-b.literals.octal.js: OK
es1/annex-b.literals.string.octal.js: OK
es1/arguments.callee.js: failed
es1/arguments.js: arguments[i] not available; arguments.length not available
es1/asi.eval.js: failed
es1/asi.js: Cannot set object member Tenray.Topaz.TopazFunction.arg = 0
es1/assignment.bitwise.js: OK
es1/assignment.js: OK
es1/assignment.ltr.js: failed: C++ like evaluation order in 'x += f()'
es1/assignment.unsigned-shift.js: >>>= failed
es1/bitwise.binary.js: OK
es1/bitwise.shifts.js: OK
es1/bitwise.tilde.js: OK
es1/bitwise.unsigned-shift.js: -12345 >>> 2 != 1073738737 (got: 0); -12345 >>> 0 != 4294954951 (got: 0)
es1/break.js: OK
es1/comma.js: OK
es1/comments.js: OK
es1/conditional.js: OK
es1/continue.js: OK
es1/conversions.ToBoolean.js: failed
es1/conversions.ToInt32.js: +Infinity failed; -Infinity failed; 2^32-1 failed; 2^32 failed; 2^31 failed; -2^31-1 failed
es1/conversions.ToInteger.js: failed
es1/conversions.ToNumber.js: true failed
es1/conversions.ToObject.js: failed
es1/conversions.ToString.js: failed
es1/conversions.ToUint32.js: +Infinity failed; 2^32 failed; -1 failed; -2^31 failed
es1/conversions.js: 123 != '123'; 123 != '0123'; 0 != ''; 123.0 != '0123'; true != 1; false != 0; false != ''; Operator '>' cannot be applied to operands of type 'bool' and 'bool'
es1/equals.js: OK
es1/eval.js: failed
es1/for-in.js: failed
es1/for.js: OK
es1/functions.js: OK
es1/global.Infinity.js: failed
es1/global.NaN.js: failed
es1/global.isFinite.js: failed
es1/global.isNaN.js: failed
es1/global.parseFloat.js: failed
es1/global.parseInt.hex.js: failed
es1/global.parseInt.js: failed
es1/global.parseInt.radix.js: failed
es1/literals.decimal.js: OK
es1/literals.hex.js: OK
es1/literals.string.escapes.js: failed
es1/literals.string.hex.js: OK
es1/literals.string.js: OK
es1/literals.string.unicode.js: OK
es1/logical.js: && short-circuit failed, i=1; || short-circuit failed, j=1
es1/new.typeof.js: failed
es1/numbers.double.js: OK
es1/numbers.fmod.js: OK
es1/numbers.inf.js: OK
es1/numbers.int.js: OK
es1/numbers.nan.js: OK
es1/postfix.decrement.js: OK
es1/postfix.increment.js: OK
es1/prefix.js: OK
es1/relational.js: OK
es1/return.js: OK
es1/return.typeof.js: return without value failed; no return statement failed
es1/this.js: failed
es1/typeof.js: OK
es1/typeof.null.js: OK
es1/typeof.undeclared.js: typeof <undeclared reference> != 'undefined'
es1/types.js: failed
es1/unary.decrement.js: OK
es1/unary.delete.js: failed
es1/unary.delete.var.js: failed
es1/unary.increment.js: OK
es1/unary.minus.js: OK
es1/unary.not.js: OK
es1/unary.plus.js: OK
es1/unary.plus.str.js: failed
es1/unary.tilde.js: OK
es1/var.js: OK
es1/var.typeof.js: uninitialized var not undefined; multiple uninitialized vars failed; mixed initialized/uninitialized vars failed
es1/void.js: OK
es1/void.typeof.js: typeof void(0) != 'undefined'
es1/while.js: OK
es1/with.js: failed
es3/Array.prototype.concat.js: failed
es3/Array.prototype.pop.generic.js: failed
es3/Array.prototype.pop.js: failed
es3/Array.prototype.push.generic.js: failed
es3/Array.prototype.push.js: failed
es3/Array.prototype.shift.generic.js: failed
es3/Array.prototype.shift.js: failed
es3/Array.prototype.slice.generic.js: failed
es3/Array.prototype.slice.js: failed
es3/Array.prototype.splice.generic.js: failed
es3/Array.prototype.splice.js: failed
es3/Array.prototype.toLocaleString.js: failed
es3/Array.prototype.unshift.generic.js: failed
es3/Array.prototype.unshift.js: failed
es3/Array.prototype.unshift.returns-new-length.js: Interop error: Cannot find function matching given arguments:
es3/Date.prototype.toDateString.js: failed
es3/Date.prototype.toLocaleDateString.js: failed
es3/Date.prototype.toLocaleString.js: failed
es3/Date.prototype.toLocaleTimeString.js: failed
es3/Date.prototype.toTimeString.js: failed
es3/Error.js: failed
es3/Error.prototype.constructor.js: OK
es3/Error.prototype.message.js: failed
es3/Error.prototype.name.js: failed
es3/Error.prototype.toString.js: failed
es3/Function.prototype.apply.js: failed
es3/Function.prototype.call.js: failed
es3/Math.max.variadic.js: failed
es3/Math.min.variadic.js: failed
es3/Number.prototype.toExponential.edge-cases.js: NaN.toExponential(Infinity) throws; Infinity.toExponential(Infinity) throws
es3/Number.prototype.toExponential.js: failed
es3/Number.prototype.toExponential.rounding.js: failed
es3/Number.prototype.toExponential.throws-infinity.js: toExponential(Infinity) does not throw RangeError; toExponential(-Infinity) does not throw RangeError
es3/Number.prototype.toFixed.js: failed
es3/Number.prototype.toLocaleString.js: failed
es3/Number.prototype.toPrecision.js: failed
es3/Object.prototype.hasOwnProperty.js: failed
es3/Object.prototype.isPrototypeOf.js: failed
es3/Object.prototype.propertyIsEnumerable.js: failed
es3/Object.prototype.toLocaleString.js: failed
es3/RegExp.global.js: failed
es3/RegExp.ignoreCase.js: failed
es3/RegExp.js: failed
es3/RegExp.lastIndex.js: failed
es3/RegExp.multiline.js: failed
es3/RegExp.prototype.constructor.js: OK
es3/RegExp.prototype.exec.js: failed
es3/RegExp.prototype.test.js: failed
es3/RegExp.prototype.toString.js: failed
es3/RegExp.source.js: failed
es3/String.prototype.concat.generic.js: failed
es3/String.prototype.concat.js: failed
es3/String.prototype.localeCompare.js: failed
es3/String.prototype.match.generic.js: failed
es3/String.prototype.match.js: failed
es3/String.prototype.replace.capture.js: failed
es3/String.prototype.replace.extra.js: failed
es3/String.prototype.replace.generic.js: failed
es3/String.prototype.replace.regex.js: failed
es3/String.prototype.replace.str.js: failed
es3/String.prototype.search.generic.js: failed
es3/String.prototype.search.js: failed
es3/String.prototype.search.str.js: failed
es3/String.prototype.slice.generic.js: failed
es3/String.prototype.slice.js: failed
es3/String.prototype.split.bugs.js: failed
es3/String.prototype.split.limit.js: failed
es3/String.prototype.split.regex.js: failed
es3/String.prototype.toLocaleLowerCase.js: failed
es3/String.prototype.toLocaleUpperCase.js: failed
es3/annex-b.String.prototype.substr.js: failed
es3/do-while.js: OK
es3/function-expressions.IIFE.js: OK
es3/function-expressions.js: failed
es3/global.EvalError.js: constructor failed; name failed
es3/global.RangeError.js: constructor failed; name failed
es3/global.RangeError.thrown.js: wrong exception for new Array with negative length; wrong exception for new Array with non-integer length; wrong exception for new Array with length >= 2^32
es3/global.ReferenceError.js: constructor failed; name failed
es3/global.ReferenceError.thrown.js: no exception for undeclared variable; wrong exception for undeclared function; no exception for undeclared in expression; no exception for property access on undeclared
es3/global.SyntaxError.js: constructor failed; name failed
es3/global.SyntaxError.thrown.js: wrong exception type; wrong exception for unclosed string; wrong exception for invalid token
es3/global.TypeError.js: constructor failed; name failed
es3/global.TypeError.thrown.js: no exception for instanceof number; no exception for instanceof non-callable; wrong exception for in number; wrong exception for in null; wrong exception for new number; wrong exception for calling number; wrong exception for Function.prototype.toString on non-function; wrong exception for Function.
es3/global.URIError.js: constructor failed; name failed
es3/global.URIError.thrown.js: wrong exception for decodeURI incomplete escape; wrong exception for decodeURI invalid hex; wrong exception for decodeURI invalid UTF-8; wrong exception for decodeURIComponent incomplete escape; wrong exception for decodeURIComponent invalid hex; wrong exception for encodeURI lone low surrogate; wro
es3/global.decodeURIComponent.js: failed
es3/global.decodeURI.js: failed
es3/global.encodeURIComponent.js: failed
es3/global.encodeURI.js: failed
es3/global.undefined.js: failed
es3/identifiers.unicode.js: OK
es3/instanceof.js: failed
es3/in.js: failed
es3/labelled.break.js: failed
es3/labelled.continue.js: failed
es3/labelled.statements.js: failed
es3/literals.array.elisions.js: OK
es3/literals.array.js: OK
es3/literals.array.trailing-comma.js: OK
es3/literals.object.decimal.js: OK
es3/literals.object.hex.js: OK
es3/literals.object.int.js: OK
es3/literals.object.js: OK
es3/literals.object.str.js: OK
es3/literals.object.unicode.js: OK
es3/literals.regex.ambiguous.js: failed
es3/literals.regex.empty.js: failed
es3/literals.regex.js: OK
es3/literals.string.esc-v.js: OK
es3/nested-functions.eval.js: failed
es3/nested-functions.js: OK
es3/regex.backref.js: failed
es3/regex.begin.js: failed
es3/regex.bracket.esc-b.js: failed
es3/regex.bracket.js: failed
es3/regex.bracket.ranges.js: failed
es3/regex.class.esc-d.js: failed
es3/regex.class.esc-s.js: failed
es3/regex.class.esc-w.js: failed
es3/regex.disjunction.js: failed
es3/regex.dot.js: failed
es3/regex.end.js: failed
es3/regex.escape.control.js: failed
es3/regex.escape.hex.js: failed
es3/regex.escape.js: failed
es3/regex.escape.nul.js: failed
es3/regex.escape.unicode.js: failed
es3/regex.flag.global.js: failed
es3/regex.flag.ignorecase.js: failed
es3/regex.flag.multiline.js: failed
es3/regex.group.js: failed
es3/regex.lookahead.js: failed
es3/regex.negative-lookahead.js: failed
es3/regex.non-capturing-group.js: failed
es3/regex.quantifier.exact.js: failed
es3/regex.quantifier.maybe.js: failed
es3/regex.quantifier.min.js: failed
es3/regex.quantifier.plus.js: failed
es3/regex.quantifier.range.js: failed
es3/regex.quantifier.star.js: failed
es3/regex.word-boundary.js: failed
es3/source.line-terminators.js: OK
es3/source.whitespace.js: OK
es3/source.whitespace.unicode.js: OK
es3/strict-equals.js: null === undefined failed; null !== undefined failed
es3/switch.js: OK
es3/try-catch-finally.js: try/catch/finally failed
es3/try-catch-throw.js: basic throw/catch failed; throw string failed; throw stops execution failed
es5/Array.isArray.js: Array.isArray not a function
es5/Array.prototype.every.js: Array.prototype.every not a function; Interop error: Cannot find function matching given arguments:
es5/Array.prototype.filter.js: Array.prototype.filter not a function; Interop error: Cannot find function matching given arguments:
es5/Array.prototype.forEach.js: Array.prototype.forEach not a function; Interop error: Cannot find function matching given arguments:
es5/Array.prototype.indexOf.js: Array.prototype.indexOf not a function; Exception has been thrown by the target of an invocation.
es5/Array.prototype.lastIndexOf.js: Array.prototype.lastIndexOf not a function; Exception has been thrown by the target of an invocation.
es5/Array.prototype.map.js: Array.prototype.map not a function; Interop error: Cannot find function matching given arguments:
es5/Array.prototype.reduceRight.js: Array.prototype.reduceRight not a function
es5/Array.prototype.reduce.js: Array.prototype.reduce not a function
es5/Array.prototype.some.js: Array.prototype.some not a function; Interop error: Cannot find function matching given arguments:
es5/Array.prototype.sort.TypeError.js: Security Exception: System.Reflection type members are not accessible: System.Reflection.TargetInvocationException: Exception has been thrown by the target of an invocation. ---> System.InvalidOperationException: Failed to compare two elements in the array. ---> System.NullReferenceException: Object
es5/Array.prototype.sort.undefined-comparefn.js: Exception has been thrown by the target of an invocation.
es5/Date.now.js: Date.now not a function
es5/Date.prototype.toISOString.js: Date.prototype.toISOString not a function
es5/Date.prototype.toJSON.js: Date.prototype.toJSON not a function
es5/Function.prototype-not-enumerable.js: failed
es5/Function.prototype.apply.array-like.js: array-like object not accepted
es5/Function.prototype.bind.js: Function.prototype.bind not a function
es5/JSON.js: OK
es5/JSON.parse.js: failed: typeof JSON.parse !== 'function'
es5/JSON.parse.reviver.js: failed: typeof JSON.parse !== 'function'
es5/JSON.stringify.js: failed: typeof JSON.stringify !== 'function'
es5/JSON.stringify.replacer.js: failed: typeof JSON.stringify !== 'function'
es5/JSON.stringify.space.js: failed: typeof JSON.stringify !== 'function'
es5/Object.create.js: Object.create not a function
es5/Object.defineProperties.js: Object.defineProperties not a function
es5/Object.defineProperty.js: Object.defineProperty not a function
es5/Object.freeze.js: Object.freeze not a function
es5/Object.getOwnPropertyDescriptor.js: Object.getOwnPropertyDescriptor not a function
es5/Object.getOwnPropertyNames.js: Object.getOwnPropertyNames not a function
es5/Object.getPrototypeOf.js: Object.getPrototypeOf not a function
es5/Object.isExtensible.js: Object.isExtensible not a function
es5/Object.isFrozen.js: Object.isFrozen not a function
es5/Object.isSealed.js: Object.isSealed not a function
es5/Object.keys.js: Object.keys not a function
es5/Object.preventExtensions.js: Object.preventExtensions not a function
es5/Object.property-shadowing.js: OK
es5/Object.seal.js: Object.seal not a function
es5/String.indexing.js: 'foobar'[3] !== 'b'; test with variable failed; Exception has been thrown by the target of an invocation.
es5/String.prototype.trim.js: String.prototype.trim not a function
es5/arguments.toStringTag.js: failed
es5/debugger.js: failed
es5/global.Infinity.immutable.js: Infinity is not a number after assignment; Infinity not positive infinity after assignment
es5/global.NaN.immutable.js: NaN is not a number after assignment; NaN === NaN after assignment
es5/global.parseInt.no-octal.js: failed
es5/global.undefined.immutable.js: undefined is not undefined after assignment
es5/literals.object.getters.js: { get x(){ return 1 } }.x failed; getter returning value failed; getter with side effects failed; getter accessing this failed
es5/literals.object.setters.js: { set x(v){ value = v; } }.x failed; setter with computation failed; setter accessing this failed
es5/literals.object.trailing-comma.js: OK
es5/source.keyword-properties.js: OK
es5/source.unreserved-words.js: OK
es5/source.whitespace.bom.js: OK
es5/source.zero-width-chars.js: OK
es5/strict.eval-cannot-create-bindings.js: failed
es5/strict.function-expr-with-matching-name.js: failed
es5/strict.js: failed
es5/strict.no-arguments-callee.js: failed
es5/strict.no-arguments-caller.js: TypeError: Cannot use 'in' operator to search for 'caller' in null
es5/strict.no-assignment-to-non-writable.js: failed
es5/strict.no-assignment-to-unresolvable.js: failed
es5/strict.no-delete-bindings.js: failed
es5/strict.no-delete-non-configurable.js: failed
es5/strict.no-duplicate-parameters.js: failed
es5/strict.no-eval-or-arguments-assignment.js: failed
es5/strict.no-eval-or-arguments-bindings.js: failed
es5/strict.no-function-caller-or-arguments.js: failed
es5/strict.no-octal-literals.js: failed
es5/strict.no-with.js: failed
es5/strict.reserved-words.js: failed
es5/strict.this-primitive-not-coerced-in-accessors.js: failed
es5/strict.this-primitive-not-coerced.js: failed
es5/strict.this-undefined-in-function.js: failed
es5/strict.unmapped-arguments.js: failed
es5/this.thrown-function.js: Can not call System.Exception: Tenray.Topaz.TopazFunction
kangax-es5/Array.isArray.js: failed
kangax-es5/Array.prototype.every.js: failed
kangax-es5/Array.prototype.filter.js: failed
kangax-es5/Array.prototype.forEach.js: failed
kangax-es5/Array.prototype.indexOf.js: failed
kangax-es5/Array.prototype.lastIndexOf.js: failed
kangax-es5/Array.prototype.map.js: failed
kangax-es5/Array.prototype.reduceRight.js: failed
kangax-es5/Array.prototype.reduce.js: failed
kangax-es5/Array.prototype.some.js: failed
kangax-es5/Array.prototype.sort.compareFn-type.js: OK
kangax-es5/Array.prototype.sort.compareFn-undefined.js: failed
kangax-es5/Array.prototype.unshift.return-count.js: OK
kangax-es5/Date.now.js: failed
kangax-es5/Date.prototype.toISOString.js: failed
kangax-es5/Date.prototype.toJSON.js: failed
kangax-es5/Function.prototype.bind.js: failed
kangax-es5/JSON.js: OK
kangax-es5/Number.prototype.toExponential.no-throw-edge-cases.js: failed
kangax-es5/Number.prototype.toExponential.rounds-properly.js: Tenray.Topaz.TopazException: Function -6.9E-11.toExponential is not defined.; at Tenray.Topaz.ErrorHandling.Exceptions.ThrowFunctionIsNotDefined(Object callee, ScriptExecutor scope) in /_/src/Topaz/ErrorHandling/Exceptions.cs:line 73
kangax-es5/Number.prototype.toExponential.throws-infinity.js: OK
kangax-es5/Object.create.js: failed
kangax-es5/Object.defineProperties.js: failed
kangax-es5/Object.defineProperty.js: failed
kangax-es5/Object.freeze.js: failed
kangax-es5/Object.getOwnPropertyDescriptor.js: failed
kangax-es5/Object.getOwnPropertyNames.js: failed
kangax-es5/Object.getPrototypeOf.js: failed
kangax-es5/Object.isExtensible.js: failed
kangax-es5/Object.isFrozen.js: failed
kangax-es5/Object.isSealed.js: failed
kangax-es5/Object.keys.js: failed
kangax-es5/Object.preventExtensions.js: failed
kangax-es5/Object.seal.js: failed
kangax-es5/String.property-access.js: failed
kangax-es5/String.prototype.split.js: Tenray.Topaz.TopazException: Function .split is not defined.; at Tenray.Topaz.ErrorHandling.Exceptions.ThrowFunctionIsNotDefined(Object callee, ScriptExecutor scope) in /_/src/Topaz/ErrorHandling/Exceptions.cs:line 73
kangax-es5/String.prototype.trim.js: failed
kangax-es5/annex-b.String.prototype.substr.js: Tenray.Topaz.TopazException: Function 0b.substr is not defined.; at Tenray.Topaz.ErrorHandling.Exceptions.ThrowFunctionIsNotDefined(Object callee, ScriptExecutor scope) in /_/src/Topaz/ErrorHandling/Exceptions.cs:line 73
kangax-es5/immutable-globals.Infinity.js: failed
kangax-es5/immutable-globals.NaN.js: Tenray.Topaz.TopazException: Function Math.sqrt is not defined.; at Tenray.Topaz.ErrorHandling.Exceptions.ThrowFunctionIsNotDefined(Object callee, ScriptExecutor scope) in /_/src/Topaz/ErrorHandling/Exceptions.cs:line 73
kangax-es5/immutable-globals.undefined.js: failed
kangax-es5/literals.getter-accessors.js: failed
kangax-es5/literals.reserved-words-properties.js: OK
kangax-es5/literals.setter-accessors.js: failed
kangax-es5/literals.trailing-comma-array.js: OK
kangax-es5/literals.trailing-comma-object.js: OK
kangax-es5/misc.Arguments.toStringTag.js: Tenray.Topaz.TopazException: Function Object.prototype.toString.call is not defined.; at Tenray.Topaz.ErrorHandling.Exceptions.ThrowFunctionIsNotDefined(Object callee, ScriptExecutor scope) in /_/src/Topaz/ErrorHandling/Exceptions.cs:line 73
kangax-es5/misc.Function.apply.array-likes.js: failed
kangax-es5/misc.Function.prototype.non-enumerable.js: Tenray.Topaz.TopazException: Function Function is not defined.; at Tenray.Topaz.ErrorHandling.Exceptions.ThrowFunctionIsNotDefined(Object callee, ScriptExecutor scope) in /_/src/Topaz/ErrorHandling/Exceptions.cs:line 73
kangax-es5/misc.enumerable-shadow.js: OK
kangax-es5/misc.parseInt.ignores-leading-zeros.js: Tenray.Topaz.TopazException: Function parseInt is not defined.; at Tenray.Topaz.ErrorHandling.Exceptions.ThrowFunctionIsNotDefined(Object callee, ScriptExecutor scope) in /_/src/Topaz/ErrorHandling/Exceptions.cs:line 73
kangax-es5/misc.thrown-functions-this.js: Tenray.Topaz.TopazException: Can not call System.Exception: Tenray.Topaz.TopazFunction; at Tenray.Topaz.ErrorHandling.Exceptions.ThrowCannotCallFunction(Object value) in /_/src/Topaz/ErrorHandling/Exceptions.cs:line 162 at Tenray.Topaz.Statements.TryStatementHandler.HandleCatch(ScriptExecutor script
kangax-es5/misc.unreserved-words.js: OK
kangax-es5/misc.zero-width-identifiers.js: OK
kangax-es5/strict.arguments-callee-error.js: failed
kangax-es5/strict.arguments-caller-error.js: Tenray.Topaz.TopazException: TypeError: Cannot use 'in' operator to search for 'caller' in null; at Tenray.Topaz.ErrorHandling.Exceptions.ThrowCannotUseInOperatorToSearchForIn(Object d1, Object d2) in /_/src/Topaz/ErrorHandling/Exceptions.cs:line 142
kangax-es5/strict.arguments-unmapped.js: failed
kangax-es5/strict.assignment-eval-arguments-error.js: failed
kangax-es5/strict.assignment-non-writable-error.js: failed
kangax-es5/strict.assignment-unresolvable-error.js: failed
kangax-es5/strict.delete-bindings-error.js: failed
kangax-es5/strict.delete-non-configurable-error.js: failed
kangax-es5/strict.eval-arguments-bindings-error.js: failed
kangax-es5/strict.eval-no-bindings.js: failed
kangax-es5/strict.function-caller-arguments-error.js: failed
kangax-es5/strict.function-expr-matching-name-arg.js: OK
kangax-es5/strict.legacy-octal-error.js: failed
kangax-es5/strict.repeated-params-error.js: failed
kangax-es5/strict.reserved-words.js: Tenray.Topaz.TopazException: Function implements,interface,let,package,private,protected,public,static,yield.split is not defined.; at Tenray.Topaz.ErrorHandling.Exceptions.ThrowFunctionIsNotDefined(Object callee, ScriptExecutor scope) in /_/src/Topaz/ErrorHandling/Exceptions.cs:line 73
kangax-es5/strict.this-not-coerced-accessors.js: Tenray.Topaz.TopazException: Function Object.defineProperty is not defined.; at Tenray.Topaz.ErrorHandling.Exceptions.ThrowFunctionIsNotDefined(Object callee, ScriptExecutor scope) in /_/src/Topaz/ErrorHandling/Exceptions.cs:line 73
kangax-es5/strict.this-not-coerced-methods.js: Tenray.Topaz.TopazException: Function Tenray.Topaz.TopazFunction.call is not defined.; at Tenray.Topaz.ErrorHandling.Exceptions.ThrowFunctionIsNotDefined(Object callee, ScriptExecutor scope) in /_/src/Topaz/ErrorHandling/Exceptions.cs:line 73
kangax-es5/strict.this-undefined.js: Tenray.Topaz.TopazException: Esprima.Ast.ThisExpression is not supported.; at Tenray.Topaz.ErrorHandling.Exceptions.ThrowNotImplemented(Node statement, ScriptExecutor scope) in /_/src/Topaz/ErrorHandling/Exceptions.cs:line 122
kangax-es5/strict.with-error.js: failed
kangax-es6/Array.Symbol.species.js: Tenray.Topaz.TopazException: Function Object.getOwnPropertyDescriptor is not defined.; at Tenray.Topaz.ErrorHandling.Exceptions.ThrowFunctionIsNotDefined(Object callee, ScriptExecutor scope) in /_/src/Topaz/ErrorHandling/Exceptions.cs:line 73
kangax-es6/Array.from.array-like.js: Tenray.Topaz.TopazException: Function Array.from is not defined.; at Tenray.Topaz.ErrorHandling.Exceptions.ThrowFunctionIsNotDefined(Object callee, ScriptExecutor scope) in /_/src/Topaz/ErrorHandling/Exceptions.cs:line 73
kangax-es6/Array.from.generator.js: Tenray.Topaz.TopazException: Esprima.Ast.YieldExpression is not supported.; at Tenray.Topaz.ErrorHandling.Exceptions.ThrowNotImplemented(Node statement, ScriptExecutor scope) in /_/src/Topaz/ErrorHandling/Exceptions.cs:line 122
kangax-es6/Array.from.iterable-instance.js: Tenray.Topaz.TopazException: Function global.__createIterableObject is not defined.; at Tenray.Topaz.ErrorHandling.Exceptions.ThrowFunctionIsNotDefined(Object callee, ScriptExecutor scope) in /_/src/Topaz/ErrorHandling/Exceptions.cs:line 73
kangax-es6/Array.from.iterable.js: Tenray.Topaz.TopazException: Function global.__createIterableObject is not defined.; at Tenray.Topaz.ErrorHandling.Exceptions.ThrowFunctionIsNotDefined(Object callee, ScriptExecutor scope) in /_/src/Topaz/ErrorHandling/Exceptions.cs:line 73
kangax-es6/Array.from.iterator-closing.js: Tenray.Topaz.TopazException: Function global.__createIterableObject is not defined.; at Tenray.Topaz.ErrorHandling.Exceptions.ThrowFunctionIsNotDefined(Object callee, ScriptExecutor scope) in /_/src/Topaz/ErrorHandling/Exceptions.cs:line 73
kangax-es6/Array.from.map.array-like.js: Tenray.Topaz.TopazException: Function Array.from is not defined.; at Tenray.Topaz.ErrorHandling.Exceptions.ThrowFunctionIsNotDefined(Object callee, ScriptExecutor scope) in /_/src/Topaz/ErrorHandling/Exceptions.cs:line 73
kangax-es6/Array.from.map.generator.js: Tenray.Topaz.TopazException: Esprima.Ast.YieldExpression is not supported.; at Tenray.Topaz.ErrorHandling.Exceptions.ThrowNotImplemented(Node statement, ScriptExecutor scope) in /_/src/Topaz/ErrorHandling/Exceptions.cs:line 122
kangax-es6/Array.from.map.iterable-instance.js: Tenray.Topaz.TopazException: Function global.__createIterableObject is not defined.; at Tenray.Topaz.ErrorHandling.Exceptions.ThrowFunctionIsNotDefined(Object callee, ScriptExecutor scope) in /_/src/Topaz/ErrorHandling/Exceptions.cs:line 73
kangax-es6/Array.from.map.iterable.js: Tenray.Topaz.TopazException: Function global.__createIterableObject is not defined.; at Tenray.Topaz.ErrorHandling.Exceptions.ThrowFunctionIsNotDefined(Object callee, ScriptExecutor scope) in /_/src/Topaz/ErrorHandling/Exceptions.cs:line 73
kangax-es6/Array.iterator-prototype-chain.js: Tenray.Topaz.TopazException: Can not retrieve member 'null' of type Tenray.Topaz.API.JsArray.; at Tenray.Topaz.ErrorHandling.Exceptions.ThrowCannotRetrieveMemberOfType(String name, Object member) in /_/src/Topaz/ErrorHandling/Exceptions.cs:line 102
kangax-es6/Array.of.js: Tenray.Topaz.TopazException: Function Array.of is not defined.; at Tenray.Topaz.ErrorHandling.Exceptions.ThrowFunctionIsNotDefined(Object callee, ScriptExecutor scope) in /_/src/Topaz/ErrorHandling/Exceptions.cs:line 73
kangax-es6/Array.prototype.Symbol.iterator.js: failed
kangax-es6/Array.prototype.Symbol.unscopables.js: failed
kangax-es6/Array.prototype.copyWithin.js: failed
kangax-es6/Array.prototype.entries.js: failed
kangax-es6/Array.prototype.fill.js: failed
kangax-es6/Array.prototype.findIndex.js: failed
kangax-es6/Array.prototype.find.js: failed
kangax-es6/Array.prototype.keys.js: failed
kangax-es6/Array.prototype.splice.js: Tenray.Topaz.TopazException: Interop error: Cannot find function matching given arguments:; at Tenray.Topaz.ErrorHandling.Exceptions.ThrowCannotFindFunctionMatchingGivenArguments(String name, IReadOnlyList`1 args) in /_/src/Topaz/ErrorHandling/Exceptions.cs:line 178
kangax-es6/Array.prototype.values.js: failed
kangax-es6/Date.prototype.Symbol.toPrimitive.js: Tenray.Topaz.TopazException: Function Object is not defined.; at Tenray.Topaz.ErrorHandling.Exceptions.ThrowFunctionIsNotDefined(Object callee, ScriptExecutor scope) in /_/src/Topaz/ErrorHandling/Exceptions.cs:line 73
kangax-es6/Function.name.accessor.js: Tenray.Topaz.TopazException: Function Object.getOwnPropertyDescriptor is not defined.; at Tenray.Topaz.ErrorHandling.Exceptions.ThrowFunctionIsNotDefined(Object callee, ScriptExecutor scope) in /_/src/Topaz/ErrorHandling/Exceptions.cs:line 73
kangax-es6/Function.name.bound.js: Tenray.Topaz.TopazException: Function foo.bind is not defined.; at Tenray.Topaz.ErrorHandling.Exceptions.ThrowFunctionIsNotDefined(Object callee, ScriptExecutor scope) in /_/src/Topaz/ErrorHandling/Exceptions.cs:line 73
kangax-es6/Function.name.class-expression.js: Tenray.Topaz.TopazException: Esprima.Ast.ClassExpression is not supported.; at Tenray.Topaz.ErrorHandling.Exceptions.ThrowNotImplemented(Node statement, ScriptExecutor scope) in /_/src/Topaz/ErrorHandling/Exceptions.cs:line 122
kangax-es6/Function.name.class-object-method.js: Tenray.Topaz.TopazException: Esprima.Ast.ClassExpression is not supported.; at Tenray.Topaz.ErrorHandling.Exceptions.ThrowNotImplemented(Node statement, ScriptExecutor scope) in /_/src/Topaz/ErrorHandling/Exceptions.cs:line 122
kangax-es6/Function.name.class-prototype.js: Tenray.Topaz.TopazException: Esprima.Ast.ClassDeclaration is not supported.; at Tenray.Topaz.ErrorHandling.Exceptions.ThrowNotImplemented(Node statement, ScriptExecutor scope) in /_/src/Topaz/ErrorHandling/Exceptions.cs:line 122
kangax-es6/Function.name.class-statement.js: Tenray.Topaz.TopazException: Esprima.Ast.ClassDeclaration is not supported.; at Tenray.Topaz.ErrorHandling.Exceptions.ThrowNotImplemented(Node statement, ScriptExecutor scope) in /_/src/Topaz/ErrorHandling/Exceptions.cs:line 122
kangax-es6/Function.name.class-static.js: Tenray.Topaz.TopazException: Esprima.Ast.ClassDeclaration is not supported.; at Tenray.Topaz.ErrorHandling.Exceptions.ThrowNotImplemented(Node statement, ScriptExecutor scope) in /_/src/Topaz/ErrorHandling/Exceptions.cs:line 122
kangax-es6/Function.name.class-variable.js: Tenray.Topaz.TopazException: Esprima.Ast.ClassExpression is not supported.; at Tenray.Topaz.ErrorHandling.Exceptions.ThrowNotImplemented(Node statement, ScriptExecutor scope) in /_/src/Topaz/ErrorHandling/Exceptions.cs:line 122
kangax-es6/Function.name.configurable.js: Tenray.Topaz.TopazException: Function Object.getOwnPropertyDescriptor is not defined.; at Tenray.Topaz.ErrorHandling.Exceptions.ThrowFunctionIsNotDefined(Object callee, ScriptExecutor scope) in /_/src/Topaz/ErrorHandling/Exceptions.cs:line 73
kangax-es6/Function.name.expression.js: failed
kangax-es6/Function.name.new-Function.js: Tenray.Topaz.TopazException: Constructor call on null is not defined.; at Tenray.Topaz.ErrorHandling.Exceptions.ThrowCanNotCallConstructor(Object callee) in /_/src/Topaz/ErrorHandling/Exceptions.cs:line 27
kangax-es6/Function.name.object-method.js: failed
kangax-es6/Function.name.shorthand.js: failed
kangax-es6/Function.name.shorthand.no-lexical.js: OK
kangax-es6/Function.name.statement.js: failed
kangax-es6/Function.name.symbol-keyed.js: Tenray.Topaz.TopazException: Function Symbol is not defined.; at Tenray.Topaz.ErrorHandling.Exceptions.ThrowFunctionIsNotDefined(Object callee, ScriptExecutor scope) in /_/src/Topaz/ErrorHandling/Exceptions.cs:line 73
kangax-es6/Function.name.variable.js: failed
kangax-es6/Map.Symbol.species.js: Tenray.Topaz.TopazException: Function Object.getOwnPropertyDescriptor is not defined.; at Tenray.Topaz.ErrorHandling.Exceptions.ThrowFunctionIsNotDefined(Object callee, ScriptExecutor scope) in /_/src/Topaz/ErrorHandling/Exceptions.cs:line 73
kangax-es6/Map.constructor-accepts-null.js: Tenray.Topaz.TopazException: Constructor call on null is not defined.; at Tenray.Topaz.ErrorHandling.Exceptions.ThrowCanNotCallConstructor(Object callee) in /_/src/Topaz/ErrorHandling/Exceptions.cs:line 27
kangax-es6/Map.constructor-arguments.js: Tenray.Topaz.TopazException: Constructor call on null is not defined.; at Tenray.Topaz.ErrorHandling.Exceptions.ThrowCanNotCallConstructor(Object callee) in /_/src/Topaz/ErrorHandling/Exceptions.cs:line 27
kangax-es6/Map.constructor-invokes-set.js: Tenray.Topaz.TopazException: Constructor call on null is not defined.; at Tenray.Topaz.ErrorHandling.Exceptions.ThrowCanNotCallConstructor(Object callee) in /_/src/Topaz/ErrorHandling/Exceptions.cs:line 27
kangax-es6/Map.constructor-requires-new.js: Tenray.Topaz.TopazException: Constructor call on null is not defined.; at Tenray.Topaz.ErrorHandling.Exceptions.ThrowCanNotCallConstructor(Object callee) in /_/src/Topaz/ErrorHandling/Exceptions.cs:line 27
kangax-es6/Map.iterator-closing.js: Tenray.Topaz.TopazException: Function global.__createIterableObject is not defined.; at Tenray.Topaz.ErrorHandling.Exceptions.ThrowFunctionIsNotDefined(Object callee, ScriptExecutor scope) in /_/src/Topaz/ErrorHandling/Exceptions.cs:line 73
kangax-es6/Map.iterator-prototype-chain.js: Tenray.Topaz.TopazException: Constructor call on null is not defined.; at Tenray.Topaz.ErrorHandling.Exceptions.ThrowCanNotCallConstructor(Object callee) in /_/src/Topaz/ErrorHandling/Exceptions.cs:line 27
kangax-es6/Map.js: Tenray.Topaz.TopazException: Constructor call on null is not defined.; at Tenray.Topaz.ErrorHandling.Exceptions.ThrowCanNotCallConstructor(Object callee) in /_/src/Topaz/ErrorHandling/Exceptions.cs:line 27
kangax-es6/Map.prototype-not-instance.js: Tenray.Topaz.TopazException: Constructor call on null is not defined.; at Tenray.Topaz.ErrorHandling.Exceptions.ThrowCanNotCallConstructor(Object callee) in /_/src/Topaz/ErrorHandling/Exceptions.cs:line 27
kangax-es6/Map.prototype.Symbol.iterator.js: failed
kangax-es6/Map.prototype.clear.js: failed
kangax-es6/Map.prototype.delete.js: failed
kangax-es6/Map.prototype.entries.js: failed
kangax-es6/Map.prototype.forEach.js: failed
kangax-es6/Map.prototype.keys.js: failed
kangax-es6/Map.prototype.set-returns-this.js: Tenray.Topaz.TopazException: Constructor call on null is not defined.; at Tenray.Topaz.ErrorHandling.Exceptions.ThrowCanNotCallConstructor(Object callee) in /_/src/Topaz/ErrorHandling/Exceptions.cs:line 27
kangax-es6/Map.prototype.size.js: Tenray.Topaz.TopazException: Constructor call on null is not defined.; at Tenray.Topaz.ErrorHandling.Exceptions.ThrowCanNotCallConstructor(Object callee) in /_/src/Topaz/ErrorHandling/Exceptions.cs:line 27
kangax-es6/Map.prototype.values.js: failed
kangax-es6/Map.zero-key.js: Tenray.Topaz.TopazException: Constructor call on null is not defined.; at Tenray.Topaz.ErrorHandling.Exceptions.ThrowCanNotCallConstructor(Object callee) in /_/src/Topaz/ErrorHandling/Exceptions.cs:line 27
kangax-es6/Math.acosh.js: failed
kangax-es6/Math.asinh.js: failed
kangax-es6/Math.atanh.js: failed
kangax-es6/Math.cbrt.js: failed
kangax-es6/Math.clz32.js: failed
kangax-es6/Math.cosh.js: failed
kangax-es6/Math.expm1.js: failed
kangax-es6/Math.fround.js: failed
kangax-es6/Math.hypot.js: Tenray.Topaz.TopazException: Function Math.hypot is not defined.; at Tenray.Topaz.ErrorHandling.Exceptions.ThrowFunctionIsNotDefined(Object callee, ScriptExecutor scope) in /_/src/Topaz/ErrorHandling/Exceptions.cs:line 73
kangax-es6/Math.imul.js: failed
kangax-es6/Math.log1p.js: failed
kangax-es6/Math.log2.js: failed
kangax-es6/Math.log10.js: failed
kangax-es6/Math.sign.js: failed
kangax-es6/Math.sinh.js: failed
kangax-es6/Math.tanh.js: failed
kangax-es6/Math.trunc.js: failed
kangax-es6/Number.EPSILON.js: failed
kangax-es6/Number.MAX_SAFE_INTEGER.js: failed
kangax-es6/Number.MIN_SAFE_INTEGER.js: failed
kangax-es6/Number.isFinite.js: failed
kangax-es6/Number.isInteger.js: failed
kangax-es6/Number.isNaN.js: failed
kangax-es6/Number.isSafeInteger.js: failed
kangax-es6/Number.parseFloat.js: Tenray.Topaz.TopazException: Function Function is not defined.; at Tenray.Topaz.ErrorHandling.Exceptions.ThrowFunctionIsNotDefined(Object callee, ScriptExecutor scope) in /_/src/Topaz/ErrorHandling/Exceptions.cs:line 73
kangax-es6/Number.parseInt.js: Tenray.Topaz.TopazException: Function Function is not defined.; at Tenray.Topaz.ErrorHandling.Exceptions.ThrowFunctionIsNotDefined(Object callee, ScriptExecutor scope) in /_/src/Topaz/ErrorHandling/Exceptions.cs:line 73
kangax-es6/Object.assign.js: Tenray.Topaz.TopazException: Function Object.assign is not defined.; at Tenray.Topaz.ErrorHandling.Exceptions.ThrowFunctionIsNotDefined(Object callee, ScriptExecutor scope) in /_/src/Topaz/ErrorHandling/Exceptions.cs:line 73
kangax-es6/Object.getOwnPropertySymbols.js: Tenray.Topaz.TopazException: Function Symbol is not defined.; at Tenray.Topaz.ErrorHandling.Exceptions.ThrowFunctionIsNotDefined(Object callee, ScriptExecutor scope) in /_/src/Topaz/ErrorHandling/Exceptions.cs:line 73
kangax-es6/Object.is.js: Tenray.Topaz.TopazException: Function Object.is is not defined.; at Tenray.Topaz.ErrorHandling.Exceptions.ThrowFunctionIsNotDefined(Object callee, ScriptExecutor scope) in /_/src/Topaz/ErrorHandling/Exceptions.cs:line 73
kangax-es6/Object.setPrototypeOf.js: Tenray.Topaz.TopazException: Function Object.setPrototypeOf is not defined.; at Tenray.Topaz.ErrorHandling.Exceptions.ThrowFunctionIsNotDefined(Object callee, ScriptExecutor scope) in /_/src/Topaz/ErrorHandling/Exceptions.cs:line 73
kangax-es6/Promise.Symbol.species.js: Tenray.Topaz.TopazException: Function Object.getOwnPropertyDescriptor is not defined.; at Tenray.Topaz.ErrorHandling.Exceptions.ThrowFunctionIsNotDefined(Object callee, ScriptExecutor scope) in /_/src/Topaz/ErrorHandling/Exceptions.cs:line 73
kangax-es6/Promise.all.iterable.js: Tenray.Topaz.TopazException: Constructor call on null is not defined.; at Tenray.Topaz.ErrorHandling.Exceptions.ThrowCanNotCallConstructor(Object callee) in /_/src/Topaz/ErrorHandling/Exceptions.cs:line 27
kangax-es6/Promise.all.js: Tenray.Topaz.TopazException: Constructor call on null is not defined.; at Tenray.Topaz.ErrorHandling.Exceptions.ThrowCanNotCallConstructor(Object callee) in /_/src/Topaz/ErrorHandling/Exceptions.cs:line 27
kangax-es6/Promise.constructor-requires-new.js: Tenray.Topaz.TopazException: Constructor call on null is not defined.; at Tenray.Topaz.ErrorHandling.Exceptions.ThrowCanNotCallConstructor(Object callee) in /_/src/Topaz/ErrorHandling/Exceptions.cs:line 27
kangax-es6/Promise.js: Tenray.Topaz.TopazException: Constructor call on null is not defined.; at Tenray.Topaz.ErrorHandling.Exceptions.ThrowCanNotCallConstructor(Object callee) in /_/src/Topaz/ErrorHandling/Exceptions.cs:line 27
kangax-es6/Promise.prototype-not-instance.js: Tenray.Topaz.TopazException: Constructor call on null is not defined.; at Tenray.Topaz.ErrorHandling.Exceptions.ThrowCanNotCallConstructor(Object callee) in /_/src/Topaz/ErrorHandling/Exceptions.cs:line 27
kangax-es6/Promise.race.iterable.js: Tenray.Topaz.TopazException: Constructor call on null is not defined.; at Tenray.Topaz.ErrorHandling.Exceptions.ThrowCanNotCallConstructor(Object callee) in /_/src/Topaz/ErrorHandling/Exceptions.cs:line 27
kangax-es6/Promise.race.js: Tenray.Topaz.TopazException: Constructor call on null is not defined.; at Tenray.Topaz.ErrorHandling.Exceptions.ThrowCanNotCallConstructor(Object callee) in /_/src/Topaz/ErrorHandling/Exceptions.cs:line 27
kangax-es6/Proxy.Array.isArray.js: Tenray.Topaz.TopazException: Constructor call on null is not defined.; at Tenray.Topaz.ErrorHandling.Exceptions.ThrowCanNotCallConstructor(Object callee) in /_/src/Topaz/ErrorHandling/Exceptions.cs:line 27
kangax-es6/Proxy.JSON.stringify.js: Tenray.Topaz.TopazException: Constructor call on null is not defined.; at Tenray.Topaz.ErrorHandling.Exceptions.ThrowCanNotCallConstructor(Object callee) in /_/src/Topaz/ErrorHandling/Exceptions.cs:line 27
kangax-es6/Proxy.constructor-requires-new.js: Tenray.Topaz.TopazException: Constructor call on null is not defined.; at Tenray.Topaz.ErrorHandling.Exceptions.ThrowCanNotCallConstructor(Object callee) in /_/src/Topaz/ErrorHandling/Exceptions.cs:line 27
kangax-es6/Proxy.handler.apply.invariants.js: Tenray.Topaz.TopazException: Constructor call on null is not defined.; at Tenray.Topaz.ErrorHandling.Exceptions.ThrowCanNotCallConstructor(Object callee) in /_/src/Topaz/ErrorHandling/Exceptions.cs:line 27
kangax-es6/Proxy.handler.apply.js: Tenray.Topaz.TopazException: Constructor call on null is not defined.; at Tenray.Topaz.ErrorHandling.Exceptions.ThrowCanNotCallConstructor(Object callee) in /_/src/Topaz/ErrorHandling/Exceptions.cs:line 27
kangax-es6/Proxy.handler.construct.invariants.js: Tenray.Topaz.TopazException: Constructor call on null is not defined.; at Tenray.Topaz.ErrorHandling.Exceptions.ThrowCanNotCallConstructor(Object callee) in /_/src/Topaz/ErrorHandling/Exceptions.cs:line 27
kangax-es6/Proxy.handler.construct.js: Tenray.Topaz.TopazException: Constructor call on null is not defined.; at Tenray.Topaz.ErrorHandling.Exceptions.ThrowCanNotCallConstructor(Object callee) in /_/src/Topaz/ErrorHandling/Exceptions.cs:line 27
kangax-es6/Proxy.handler.defineProperty.invariants.js: Tenray.Topaz.TopazException: Constructor call on null is not defined.; at Tenray.Topaz.ErrorHandling.Exceptions.ThrowCanNotCallConstructor(Object callee) in /_/src/Topaz/ErrorHandling/Exceptions.cs:line 27
kangax-es6/Proxy.handler.defineProperty.js: Tenray.Topaz.TopazException: Constructor call on null is not defined.; at Tenray.Topaz.ErrorHandling.Exceptions.ThrowCanNotCallConstructor(Object callee) in /_/src/Topaz/ErrorHandling/Exceptions.cs:line 27
kangax-es6/Proxy.handler.deleteProperty.invariants.js: Tenray.Topaz.TopazException: Constructor call on null is not defined.; at Tenray.Topaz.ErrorHandling.Exceptions.ThrowCanNotCallConstructor(Object callee) in /_/src/Topaz/ErrorHandling/Exceptions.cs:line 27
kangax-es6/Proxy.handler.deleteProperty.js: Tenray.Topaz.TopazException: Constructor call on null is not defined.; at Tenray.Topaz.ErrorHandling.Exceptions.ThrowCanNotCallConstructor(Object callee) in /_/src/Topaz/ErrorHandling/Exceptions.cs:line 27
kangax-es6/Proxy.handler.getOwnPropertyDescriptor.invariants.js: Tenray.Topaz.TopazException: Constructor call on null is not defined.; at Tenray.Topaz.ErrorHandling.Exceptions.ThrowCanNotCallConstructor(Object callee) in /_/src/Topaz/ErrorHandling/Exceptions.cs:line 27
kangax-es6/Proxy.handler.getOwnPropertyDescriptor.js: Tenray.Topaz.TopazException: Constructor call on null is not defined.; at Tenray.Topaz.ErrorHandling.Exceptions.ThrowCanNotCallConstructor(Object callee) in /_/src/Topaz/ErrorHandling/Exceptions.cs:line 27
kangax-es6/Proxy.handler.getPrototypeOf.invariants.js: Tenray.Topaz.TopazException: Constructor call on null is not defined.; at Tenray.Topaz.ErrorHandling.Exceptions.ThrowCanNotCallConstructor(Object callee) in /_/src/Topaz/ErrorHandling/Exceptions.cs:line 27
kangax-es6/Proxy.handler.getPrototypeOf.js: Tenray.Topaz.TopazException: Constructor call on null is not defined.; at Tenray.Topaz.ErrorHandling.Exceptions.ThrowCanNotCallConstructor(Object callee) in /_/src/Topaz/ErrorHandling/Exceptions.cs:line 27
kangax-es6/Proxy.handler.get.instances.js: Tenray.Topaz.TopazException: Constructor call on null is not defined.; at Tenray.Topaz.ErrorHandling.Exceptions.ThrowCanNotCallConstructor(Object callee) in /_/src/Topaz/ErrorHandling/Exceptions.cs:line 27
kangax-es6/Proxy.handler.get.invariants.js: Tenray.Topaz.TopazException: Constructor call on null is not defined.; at Tenray.Topaz.ErrorHandling.Exceptions.ThrowCanNotCallConstructor(Object callee) in /_/src/Topaz/ErrorHandling/Exceptions.cs:line 27
kangax-es6/Proxy.handler.get.js: Tenray.Topaz.TopazException: Constructor call on null is not defined.; at Tenray.Topaz.ErrorHandling.Exceptions.ThrowCanNotCallConstructor(Object callee) in /_/src/Topaz/ErrorHandling/Exceptions.cs:line 27
kangax-es6/Proxy.handler.has.instances.js: Tenray.Topaz.TopazException: Constructor call on null is not defined.; at Tenray.Topaz.ErrorHandling.Exceptions.ThrowCanNotCallConstructor(Object callee) in /_/src/Topaz/ErrorHandling/Exceptions.cs:line 27
kangax-es6/Proxy.handler.has.invariants.js: Tenray.Topaz.TopazException: Constructor call on null is not defined.; at Tenray.Topaz.ErrorHandling.Exceptions.ThrowCanNotCallConstructor(Object callee) in /_/src/Topaz/ErrorHandling/Exceptions.cs:line 27
kangax-es6/Proxy.handler.has.js: Tenray.Topaz.TopazException: Constructor call on null is not defined.; at Tenray.Topaz.ErrorHandling.Exceptions.ThrowCanNotCallConstructor(Object callee) in /_/src/Topaz/ErrorHandling/Exceptions.cs:line 27
kangax-es6/Proxy.handler.isExtensible.invariants.js: Tenray.Topaz.TopazException: Constructor call on null is not defined.; at Tenray.Topaz.ErrorHandling.Exceptions.ThrowCanNotCallConstructor(Object callee) in /_/src/Topaz/ErrorHandling/Exceptions.cs:line 27
kangax-es6/Proxy.handler.isExtensible.js: Tenray.Topaz.TopazException: Constructor call on null is not defined.; at Tenray.Topaz.ErrorHandling.Exceptions.ThrowCanNotCallConstructor(Object callee) in /_/src/Topaz/ErrorHandling/Exceptions.cs:line 27
kangax-es6/Proxy.handler.ownKeys.invariants.js: Tenray.Topaz.TopazException: Constructor call on null is not defined.; at Tenray.Topaz.ErrorHandling.Exceptions.ThrowCanNotCallConstructor(Object callee) in /_/src/Topaz/ErrorHandling/Exceptions.cs:line 27
kangax-es6/Proxy.handler.ownKeys.js: Tenray.Topaz.TopazException: Constructor call on null is not defined.; at Tenray.Topaz.ErrorHandling.Exceptions.ThrowCanNotCallConstructor(Object callee) in /_/src/Topaz/ErrorHandling/Exceptions.cs:line 27
kangax-es6/Proxy.handler.preventExtensions.invariants.js: Tenray.Topaz.TopazException: Constructor call on null is not defined.; at Tenray.Topaz.ErrorHandling.Exceptions.ThrowCanNotCallConstructor(Object callee) in /_/src/Topaz/ErrorHandling/Exceptions.cs:line 27
kangax-es6/Proxy.handler.preventExtensions.js: Tenray.Topaz.TopazException: Constructor call on null is not defined.; at Tenray.Topaz.ErrorHandling.Exceptions.ThrowCanNotCallConstructor(Object callee) in /_/src/Topaz/ErrorHandling/Exceptions.cs:line 27
kangax-es6/Proxy.handler.setPrototypeOf.invariants.js: Tenray.Topaz.TopazException: Constructor call on null is not defined.; at Tenray.Topaz.ErrorHandling.Exceptions.ThrowCanNotCallConstructor(Object callee) in /_/src/Topaz/ErrorHandling/Exceptions.cs:line 27
kangax-es6/Proxy.handler.setPrototypeOf.js: Tenray.Topaz.TopazException: Constructor call on null is not defined.; at Tenray.Topaz.ErrorHandling.Exceptions.ThrowCanNotCallConstructor(Object callee) in /_/src/Topaz/ErrorHandling/Exceptions.cs:line 27
kangax-es6/Proxy.handler.set.instances.js: Tenray.Topaz.TopazException: Constructor call on null is not defined.; at Tenray.Topaz.ErrorHandling.Exceptions.ThrowCanNotCallConstructor(Object callee) in /_/src/Topaz/ErrorHandling/Exceptions.cs:line 27
kangax-es6/Proxy.handler.set.invariants.js: Tenray.Topaz.TopazException: Constructor call on null is not defined.; at Tenray.Topaz.ErrorHandling.Exceptions.ThrowCanNotCallConstructor(Object callee) in /_/src/Topaz/ErrorHandling/Exceptions.cs:line 27
kangax-es6/Proxy.handler.set.js: Tenray.Topaz.TopazException: Constructor call on null is not defined.; at Tenray.Topaz.ErrorHandling.Exceptions.ThrowCanNotCallConstructor(Object callee) in /_/src/Topaz/ErrorHandling/Exceptions.cs:line 27
kangax-es6/Proxy.no-prototype.js: Tenray.Topaz.TopazException: Constructor call on null is not defined.; at Tenray.Topaz.ErrorHandling.Exceptions.ThrowCanNotCallConstructor(Object callee) in /_/src/Topaz/ErrorHandling/Exceptions.cs:line 27
kangax-es6/Proxy.revocable.js: Tenray.Topaz.TopazException: Function Proxy.revocable is not defined.; at Tenray.Topaz.ErrorHandling.Exceptions.ThrowFunctionIsNotDefined(Object callee, ScriptExecutor scope) in /_/src/Topaz/ErrorHandling/Exceptions.cs:line 73
kangax-es6/Reflect.apply.js: Tenray.Topaz.TopazException: Function Reflect.apply is not defined.; at Tenray.Topaz.ErrorHandling.Exceptions.ThrowFunctionIsNotDefined(Object callee, ScriptExecutor scope) in /_/src/Topaz/ErrorHandling/Exceptions.cs:line 73
kangax-es6/Reflect.construct.Array-subclassing.js: Tenray.Topaz.TopazException: Function Reflect.construct is not defined.; at Tenray.Topaz.ErrorHandling.Exceptions.ThrowFunctionIsNotDefined(Object callee, ScriptExecutor scope) in /_/src/Topaz/ErrorHandling/Exceptions.cs:line 73
kangax-es6/Reflect.construct.Function-subclassing.js: Tenray.Topaz.TopazException: Function Reflect.construct is not defined.; at Tenray.Topaz.ErrorHandling.Exceptions.ThrowFunctionIsNotDefined(Object callee, ScriptExecutor scope) in /_/src/Topaz/ErrorHandling/Exceptions.cs:line 73
kangax-es6/Reflect.construct.Promise-subclassing.js: Tenray.Topaz.TopazException: Function Reflect.construct is not defined.; at Tenray.Topaz.ErrorHandling.Exceptions.ThrowFunctionIsNotDefined(Object callee, ScriptExecutor scope) in /_/src/Topaz/ErrorHandling/Exceptions.cs:line 73
kangax-es6/Reflect.construct.RegExp-subclassing.js: Tenray.Topaz.TopazException: Function Reflect.construct is not defined.; at Tenray.Topaz.ErrorHandling.Exceptions.ThrowFunctionIsNotDefined(Object callee, ScriptExecutor scope) in /_/src/Topaz/ErrorHandling/Exceptions.cs:line 73
kangax-es6/Reflect.construct.js: Tenray.Topaz.TopazException: Function Reflect.construct is not defined.; at Tenray.Topaz.ErrorHandling.Exceptions.ThrowFunctionIsNotDefined(Object callee, ScriptExecutor scope) in /_/src/Topaz/ErrorHandling/Exceptions.cs:line 73
kangax-es6/Reflect.construct.new-target.js: Tenray.Topaz.TopazException: Function Reflect.construct is not defined.; at Tenray.Topaz.ErrorHandling.Exceptions.ThrowFunctionIsNotDefined(Object callee, ScriptExecutor scope) in /_/src/Topaz/ErrorHandling/Exceptions.cs:line 73
kangax-es6/Reflect.construct.third-argument.js: Tenray.Topaz.TopazException: Function Reflect.construct is not defined.; at Tenray.Topaz.ErrorHandling.Exceptions.ThrowFunctionIsNotDefined(Object callee, ScriptExecutor scope) in /_/src/Topaz/ErrorHandling/Exceptions.cs:line 73
kangax-es6/Reflect.defineProperty.js: Tenray.Topaz.TopazException: Function Reflect.defineProperty is not defined.; at Tenray.Topaz.ErrorHandling.Exceptions.ThrowFunctionIsNotDefined(Object callee, ScriptExecutor scope) in /_/src/Topaz/ErrorHandling/Exceptions.cs:line 73
kangax-es6/Reflect.deleteProperty.js: Tenray.Topaz.TopazException: Function Reflect.deleteProperty is not defined.; at Tenray.Topaz.ErrorHandling.Exceptions.ThrowFunctionIsNotDefined(Object callee, ScriptExecutor scope) in /_/src/Topaz/ErrorHandling/Exceptions.cs:line 73
kangax-es6/Reflect.getOwnPropertyDescriptor.js: Tenray.Topaz.TopazException: Function Reflect.getOwnPropertyDescriptor is not defined.; at Tenray.Topaz.ErrorHandling.Exceptions.ThrowFunctionIsNotDefined(Object callee, ScriptExecutor scope) in /_/src/Topaz/ErrorHandling/Exceptions.cs:line 73
kangax-es6/Reflect.getPrototypeOf.js: Tenray.Topaz.TopazException: Function Reflect.getPrototypeOf is not defined.; at Tenray.Topaz.ErrorHandling.Exceptions.ThrowFunctionIsNotDefined(Object callee, ScriptExecutor scope) in /_/src/Topaz/ErrorHandling/Exceptions.cs:line 73
kangax-es6/Reflect.get.js: Tenray.Topaz.TopazException: Function Reflect.get is not defined.; at Tenray.Topaz.ErrorHandling.Exceptions.ThrowFunctionIsNotDefined(Object callee, ScriptExecutor scope) in /_/src/Topaz/ErrorHandling/Exceptions.cs:line 73
kangax-es6/Reflect.has.js: Tenray.Topaz.TopazException: Function Reflect.has is not defined.; at Tenray.Topaz.ErrorHandling.Exceptions.ThrowFunctionIsNotDefined(Object callee, ScriptExecutor scope) in /_/src/Topaz/ErrorHandling/Exceptions.cs:line 73
kangax-es6/Reflect.isExtensible.js: Tenray.Topaz.TopazException: Function Reflect.isExtensible is not defined.; at Tenray.Topaz.ErrorHandling.Exceptions.ThrowFunctionIsNotDefined(Object callee, ScriptExecutor scope) in /_/src/Topaz/ErrorHandling/Exceptions.cs:line 73
kangax-es6/Reflect.ownKeys.string.js: Tenray.Topaz.TopazException: Function Object.create is not defined.; at Tenray.Topaz.ErrorHandling.Exceptions.ThrowFunctionIsNotDefined(Object callee, ScriptExecutor scope) in /_/src/Topaz/ErrorHandling/Exceptions.cs:line 73
kangax-es6/Reflect.ownKeys.symbol.js: Tenray.Topaz.TopazException: Function Symbol is not defined.; at Tenray.Topaz.ErrorHandling.Exceptions.ThrowFunctionIsNotDefined(Object callee, ScriptExecutor scope) in /_/src/Topaz/ErrorHandling/Exceptions.cs:line 73
kangax-es6/Reflect.preventExtensions.js: Tenray.Topaz.TopazException: Function Reflect.preventExtensions is not defined.; at Tenray.Topaz.ErrorHandling.Exceptions.ThrowFunctionIsNotDefined(Object callee, ScriptExecutor scope) in /_/src/Topaz/ErrorHandling/Exceptions.cs:line 73
kangax-es6/Reflect.setPrototypeOf.js: Tenray.Topaz.TopazException: Function Reflect.setPrototypeOf is not defined.; at Tenray.Topaz.ErrorHandling.Exceptions.ThrowFunctionIsNotDefined(Object callee, ScriptExecutor scope) in /_/src/Topaz/ErrorHandling/Exceptions.cs:line 73
kangax-es6/Reflect.set.js: Tenray.Topaz.TopazException: Function Reflect.set is not defined.; at Tenray.Topaz.ErrorHandling.Exceptions.ThrowFunctionIsNotDefined(Object callee, ScriptExecutor scope) in /_/src/Topaz/ErrorHandling/Exceptions.cs:line 73
kangax-es6/RegExp.Symbol.species.js: Tenray.Topaz.TopazException: Function Object.getOwnPropertyDescriptor is not defined.; at Tenray.Topaz.ErrorHandling.Exceptions.ThrowFunctionIsNotDefined(Object callee, ScriptExecutor scope) in /_/src/Topaz/ErrorHandling/Exceptions.cs:line 73
kangax-es6/RegExp.prototype.Symbol.match.js: failed
kangax-es6/RegExp.prototype.Symbol.replace.js: failed
kangax-es6/RegExp.prototype.Symbol.search.js: failed
kangax-es6/RegExp.prototype.Symbol.split.js: failed
kangax-es6/RegExp.prototype.flags.js: failed
kangax-es6/Set.Symbol.species.js: Tenray.Topaz.TopazException: Function Object.getOwnPropertyDescriptor is not defined.; at Tenray.Topaz.ErrorHandling.Exceptions.ThrowFunctionIsNotDefined(Object callee, ScriptExecutor scope) in /_/src/Topaz/ErrorHandling/Exceptions.cs:line 73
kangax-es6/Set.constructor-accepts-null.js: Tenray.Topaz.TopazException: Constructor call on null is not defined.; at Tenray.Topaz.ErrorHandling.Exceptions.ThrowCanNotCallConstructor(Object callee) in /_/src/Topaz/ErrorHandling/Exceptions.cs:line 27
kangax-es6/Set.constructor-arguments.js: Tenray.Topaz.TopazException: Constructor call on null is not defined.; at Tenray.Topaz.ErrorHandling.Exceptions.ThrowCanNotCallConstructor(Object callee) in /_/src/Topaz/ErrorHandling/Exceptions.cs:line 27
kangax-es6/Set.constructor-invokes-add.js: Tenray.Topaz.TopazException: Constructor call on null is not defined.; at Tenray.Topaz.ErrorHandling.Exceptions.ThrowCanNotCallConstructor(Object callee) in /_/src/Topaz/ErrorHandling/Exceptions.cs:line 27
kangax-es6/Set.constructor-requires-new.js: Tenray.Topaz.TopazException: Constructor call on null is not defined.; at Tenray.Topaz.ErrorHandling.Exceptions.ThrowCanNotCallConstructor(Object callee) in /_/src/Topaz/ErrorHandling/Exceptions.cs:line 27
kangax-es6/Set.iterator-closing.js: Tenray.Topaz.TopazException: Function global.__createIterableObject is not defined.; at Tenray.Topaz.ErrorHandling.Exceptions.ThrowFunctionIsNotDefined(Object callee, ScriptExecutor scope) in /_/src/Topaz/ErrorHandling/Exceptions.cs:line 73
kangax-es6/Set.iterator-prototype-chain.js: Tenray.Topaz.TopazException: Constructor call on null is not defined.; at Tenray.Topaz.ErrorHandling.Exceptions.ThrowCanNotCallConstructor(Object callee) in /_/src/Topaz/ErrorHandling/Exceptions.cs:line 27
kangax-es6/Set.js: Tenray.Topaz.TopazException: Constructor call on null is not defined.; at Tenray.Topaz.ErrorHandling.Exceptions.ThrowCanNotCallConstructor(Object callee) in /_/src/Topaz/ErrorHandling/Exceptions.cs:line 27
kangax-es6/Set.prototype-not-instance.js: Tenray.Topaz.TopazException: Constructor call on null is not defined.; at Tenray.Topaz.ErrorHandling.Exceptions.ThrowCanNotCallConstructor(Object callee) in /_/src/Topaz/ErrorHandling/Exceptions.cs:line 27
kangax-es6/Set.prototype.Symbol.iterator.js: failed
kangax-es6/Set.prototype.add-returns-this.js: Tenray.Topaz.TopazException: Constructor call on null is not defined.; at Tenray.Topaz.ErrorHandling.Exceptions.ThrowCanNotCallConstructor(Object callee) in /_/src/Topaz/ErrorHandling/Exceptions.cs:line 27
kangax-es6/Set.prototype.clear.js: failed
kangax-es6/Set.prototype.delete.js: failed
kangax-es6/Set.prototype.entries.js: failed
kangax-es6/Set.prototype.forEach.js: failed
kangax-es6/Set.prototype.keys.js: failed
kangax-es6/Set.prototype.size.js: Tenray.Topaz.TopazException: Constructor call on null is not defined.; at Tenray.Topaz.ErrorHandling.Exceptions.ThrowCanNotCallConstructor(Object callee) in /_/src/Topaz/ErrorHandling/Exceptions.cs:line 27
kangax-es6/Set.prototype.values.js: failed
kangax-es6/Set.zero-key.js: Tenray.Topaz.TopazException: Constructor call on null is not defined.; at Tenray.Topaz.ErrorHandling.Exceptions.ThrowCanNotCallConstructor(Object callee) in /_/src/Topaz/ErrorHandling/Exceptions.cs:line 27
kangax-es6/String.fromCodePoint.js: failed
kangax-es6/String.iterator-prototype-chain.js: Tenray.Topaz.TopazException: Function .Symbol.iterator is not defined.; at Tenray.Topaz.ErrorHandling.Exceptions.ThrowFunctionIsNotDefined(Object callee, ScriptExecutor scope) in /_/src/Topaz/ErrorHandling/Exceptions.cs:line 73
kangax-es6/String.prototype.Symbol.iterator.js: failed
kangax-es6/String.prototype.codePointAt.js: failed
kangax-es6/String.prototype.endsWith.js: Tenray.Topaz.TopazException: Function foobar.endsWith is not defined.; at Tenray.Topaz.ErrorHandling.Exceptions.ThrowFunctionIsNotDefined(Object callee, ScriptExecutor scope) in /_/src/Topaz/ErrorHandling/Exceptions.cs:line 73
kangax-es6/String.prototype.endsWith.throws-regex.js: failed
kangax-es6/String.prototype.includes.js: Tenray.Topaz.TopazException: Function foobar.includes is not defined.; at Tenray.Topaz.ErrorHandling.Exceptions.ThrowFunctionIsNotDefined(Object callee, ScriptExecutor scope) in /_/src/Topaz/ErrorHandling/Exceptions.cs:line 73
kangax-es6/String.prototype.normalize.js: Tenray.Topaz.TopazException: Function c.normalize is not defined.; at Tenray.Topaz.ErrorHandling.Exceptions.ThrowFunctionIsNotDefined(Object callee, ScriptExecutor scope) in /_/src/Topaz/ErrorHandling/Exceptions.cs:line 73
kangax-es6/String.prototype.repeat.js: Tenray.Topaz.TopazException: Function foo.repeat is not defined.; at Tenray.Topaz.ErrorHandling.Exceptions.ThrowFunctionIsNotDefined(Object callee, ScriptExecutor scope) in /_/src/Topaz/ErrorHandling/Exceptions.cs:line 73
kangax-es6/String.prototype.startsWith.js: Tenray.Topaz.TopazException: Function foobar.startsWith is not defined.; at Tenray.Topaz.ErrorHandling.Exceptions.ThrowFunctionIsNotDefined(Object callee, ScriptExecutor scope) in /_/src/Topaz/ErrorHandling/Exceptions.cs:line 73
kangax-es6/String.prototype.startsWith.throws-regex.js: failed
kangax-es6/String.raw.js: failed
kangax-es6/Symbol.JSON.stringify.object.js: Tenray.Topaz.TopazException: Function Symbol is not defined.; at Tenray.Topaz.ErrorHandling.Exceptions.ThrowFunctionIsNotDefined(Object callee, ScriptExecutor scope) in /_/src/Topaz/ErrorHandling/Exceptions.cs:line 73
kangax-es6/Symbol.JSON.stringify.primitive.js: Tenray.Topaz.TopazException: Function Symbol is not defined.; at Tenray.Topaz.ErrorHandling.Exceptions.ThrowFunctionIsNotDefined(Object callee, ScriptExecutor scope) in /_/src/Topaz/ErrorHandling/Exceptions.cs:line 73
kangax-es6/Symbol.Object.js: Tenray.Topaz.TopazException: Function Symbol is not defined.; at Tenray.Topaz.ErrorHandling.Exceptions.ThrowFunctionIsNotDefined(Object callee, ScriptExecutor scope) in /_/src/Topaz/ErrorHandling/Exceptions.cs:line 73
kangax-es6/Symbol.String.js: Tenray.Topaz.TopazException: Function Symbol is not defined.; at Tenray.Topaz.ErrorHandling.Exceptions.ThrowFunctionIsNotDefined(Object callee, ScriptExecutor scope) in /_/src/Topaz/ErrorHandling/Exceptions.cs:line 73
kangax-es6/Symbol.defineProperty.js: Tenray.Topaz.TopazException: Function Symbol is not defined.; at Tenray.Topaz.ErrorHandling.Exceptions.ThrowFunctionIsNotDefined(Object callee, ScriptExecutor scope) in /_/src/Topaz/ErrorHandling/Exceptions.cs:line 73
kangax-es6/Symbol.global-registry.js: Tenray.Topaz.TopazException: Function Symbol.for is not defined.; at Tenray.Topaz.ErrorHandling.Exceptions.ThrowFunctionIsNotDefined(Object callee, ScriptExecutor scope) in /_/src/Topaz/ErrorHandling/Exceptions.cs:line 73
kangax-es6/Symbol.hidden-keys.js: Tenray.Topaz.TopazException: Function Symbol is not defined.; at Tenray.Topaz.ErrorHandling.Exceptions.ThrowFunctionIsNotDefined(Object callee, ScriptExecutor scope) in /_/src/Topaz/ErrorHandling/Exceptions.cs:line 73
kangax-es6/Symbol.js: Tenray.Topaz.TopazException: Function Symbol is not defined.; at Tenray.Topaz.ErrorHandling.Exceptions.ThrowFunctionIsNotDefined(Object callee, ScriptExecutor scope) in /_/src/Topaz/ErrorHandling/Exceptions.cs:line 73
kangax-es6/Symbol.no-coerce.js: Tenray.Topaz.TopazException: Function Symbol is not defined.; at Tenray.Topaz.ErrorHandling.Exceptions.ThrowFunctionIsNotDefined(Object callee, ScriptExecutor scope) in /_/src/Topaz/ErrorHandling/Exceptions.cs:line 73
kangax-es6/Symbol.no-new.js: Tenray.Topaz.TopazException: Function Symbol is not defined.; at Tenray.Topaz.ErrorHandling.Exceptions.ThrowFunctionIsNotDefined(Object callee, ScriptExecutor scope) in /_/src/Topaz/ErrorHandling/Exceptions.cs:line 73
kangax-es6/Symbol.prototype.js: Tenray.Topaz.TopazException: Function Symbol is not defined.; at Tenray.Topaz.ErrorHandling.Exceptions.ThrowFunctionIsNotDefined(Object callee, ScriptExecutor scope) in /_/src/Topaz/ErrorHandling/Exceptions.cs:line 73
kangax-es6/Symbol.typeof.js: Tenray.Topaz.TopazException: Function Symbol is not defined.; at Tenray.Topaz.ErrorHandling.Exceptions.ThrowFunctionIsNotDefined(Object callee, ScriptExecutor scope) in /_/src/Topaz/ErrorHandling/Exceptions.cs:line 73
kangax-es6/WeakMap.accept-primitives.js: Tenray.Topaz.TopazException: Constructor call on null is not defined.; at Tenray.Topaz.ErrorHandling.Exceptions.ThrowCanNotCallConstructor(Object callee) in /_/src/Topaz/ErrorHandling/Exceptions.cs:line 27
kangax-es6/WeakMap.constructor-accepts-null.js: Tenray.Topaz.TopazException: Constructor call on null is not defined.; at Tenray.Topaz.ErrorHandling.Exceptions.ThrowCanNotCallConstructor(Object callee) in /_/src/Topaz/ErrorHandling/Exceptions.cs:line 27
kangax-es6/WeakMap.constructor-arguments.js: Tenray.Topaz.TopazException: Constructor call on null is not defined.; at Tenray.Topaz.ErrorHandling.Exceptions.ThrowCanNotCallConstructor(Object callee) in /_/src/Topaz/ErrorHandling/Exceptions.cs:line 27
kangax-es6/WeakMap.constructor-invokes-set.js: Tenray.Topaz.TopazException: Constructor call on null is not defined.; at Tenray.Topaz.ErrorHandling.Exceptions.ThrowCanNotCallConstructor(Object callee) in /_/src/Topaz/ErrorHandling/Exceptions.cs:line 27
kangax-es6/WeakMap.constructor-requires-new.js: Tenray.Topaz.TopazException: Constructor call on null is not defined.; at Tenray.Topaz.ErrorHandling.Exceptions.ThrowCanNotCallConstructor(Object callee) in /_/src/Topaz/ErrorHandling/Exceptions.cs:line 27
kangax-es6/WeakMap.frozen-keys.js: Tenray.Topaz.TopazException: Function Object.freeze is not defined.; at Tenray.Topaz.ErrorHandling.Exceptions.ThrowFunctionIsNotDefined(Object callee, ScriptExecutor scope) in /_/src/Topaz/ErrorHandling/Exceptions.cs:line 73
kangax-es6/WeakMap.iterator-closing.js: Tenray.Topaz.TopazException: Function global.__createIterableObject is not defined.; at Tenray.Topaz.ErrorHandling.Exceptions.ThrowFunctionIsNotDefined(Object callee, ScriptExecutor scope) in /_/src/Topaz/ErrorHandling/Exceptions.cs:line 73
kangax-es6/WeakMap.js: Tenray.Topaz.TopazException: Constructor call on null is not defined.; at Tenray.Topaz.ErrorHandling.Exceptions.ThrowCanNotCallConstructor(Object callee) in /_/src/Topaz/ErrorHandling/Exceptions.cs:line 27
kangax-es6/WeakMap.no-clear.js: Tenray.Topaz.TopazException: TypeError: Cannot use 'in' operator to search for 'clear' in null; at Tenray.Topaz.ErrorHandling.Exceptions.ThrowCannotUseInOperatorToSearchForIn(Object d1, Object d2) in /_/src/Topaz/ErrorHandling/Exceptions.cs:line 142
kangax-es6/WeakMap.prototype-not-instance.js: Tenray.Topaz.TopazException: Constructor call on null is not defined.; at Tenray.Topaz.ErrorHandling.Exceptions.ThrowCanNotCallConstructor(Object callee) in /_/src/Topaz/ErrorHandling/Exceptions.cs:line 27
kangax-es6/WeakMap.prototype.delete.js: failed
kangax-es6/WeakMap.prototype.set-returns-this.js: Tenray.Topaz.TopazException: Constructor call on null is not defined.; at Tenray.Topaz.ErrorHandling.Exceptions.ThrowCanNotCallConstructor(Object callee) in /_/src/Topaz/ErrorHandling/Exceptions.cs:line 27
kangax-es6/WeakSet.accept-primitives.js: Tenray.Topaz.TopazException: Constructor call on null is not defined.; at Tenray.Topaz.ErrorHandling.Exceptions.ThrowCanNotCallConstructor(Object callee) in /_/src/Topaz/ErrorHandling/Exceptions.cs:line 27
kangax-es6/WeakSet.constructor-accepts-null.js: Tenray.Topaz.TopazException: Constructor call on null is not defined.; at Tenray.Topaz.ErrorHandling.Exceptions.ThrowCanNotCallConstructor(Object callee) in /_/src/Topaz/ErrorHandling/Exceptions.cs:line 27
kangax-es6/WeakSet.constructor-arguments.js: Tenray.Topaz.TopazException: Constructor call on null is not defined.; at Tenray.Topaz.ErrorHandling.Exceptions.ThrowCanNotCallConstructor(Object callee) in /_/src/Topaz/ErrorHandling/Exceptions.cs:line 27
kangax-es6/WeakSet.constructor-invokes-add.js: Tenray.Topaz.TopazException: Constructor call on null is not defined.; at Tenray.Topaz.ErrorHandling.Exceptions.ThrowCanNotCallConstructor(Object callee) in /_/src/Topaz/ErrorHandling/Exceptions.cs:line 27
kangax-es6/WeakSet.constructor-requires-new.js: Tenray.Topaz.TopazException: Constructor call on null is not defined.; at Tenray.Topaz.ErrorHandling.Exceptions.ThrowCanNotCallConstructor(Object callee) in /_/src/Topaz/ErrorHandling/Exceptions.cs:line 27
kangax-es6/WeakSet.iterator-closing.js: Tenray.Topaz.TopazException: Function global.__createIterableObject is not defined.; at Tenray.Topaz.ErrorHandling.Exceptions.ThrowFunctionIsNotDefined(Object callee, ScriptExecutor scope) in /_/src/Topaz/ErrorHandling/Exceptions.cs:line 73
kangax-es6/WeakSet.js: Tenray.Topaz.TopazException: Constructor call on null is not defined.; at Tenray.Topaz.ErrorHandling.Exceptions.ThrowCanNotCallConstructor(Object callee) in /_/src/Topaz/ErrorHandling/Exceptions.cs:line 27
kangax-es6/WeakSet.no-clear.js: Tenray.Topaz.TopazException: TypeError: Cannot use 'in' operator to search for 'clear' in null; at Tenray.Topaz.ErrorHandling.Exceptions.ThrowCannotUseInOperatorToSearchForIn(Object d1, Object d2) in /_/src/Topaz/ErrorHandling/Exceptions.cs:line 142
kangax-es6/WeakSet.prototype-not-instance.js: Tenray.Topaz.TopazException: Constructor call on null is not defined.; at Tenray.Topaz.ErrorHandling.Exceptions.ThrowCanNotCallConstructor(Object callee) in /_/src/Topaz/ErrorHandling/Exceptions.cs:line 27
kangax-es6/WeakSet.prototype.add-returns-this.js: Tenray.Topaz.TopazException: Constructor call on null is not defined.; at Tenray.Topaz.ErrorHandling.Exceptions.ThrowCanNotCallConstructor(Object callee) in /_/src/Topaz/ErrorHandling/Exceptions.cs:line 27
kangax-es6/WeakSet.prototype.delete.js: failed
kangax-es6/annex-b.RegExp.prototype.compile.js: failed
kangax-es6/annex-b.RegExp.prototype.compile.returns-this.js: Tenray.Topaz.TopazException: Function rx.compile is not defined.; at Tenray.Topaz.ErrorHandling.Exceptions.ThrowFunctionIsNotDefined(Object callee, ScriptExecutor scope) in /_/src/Topaz/ErrorHandling/Exceptions.cs:line 73
kangax-es6/annex-b.String.prototype.html.existence.js: failed
kangax-es6/annex-b.String.prototype.html.lowercase.js: Tenray.Topaz.TopazException: Function .names.i is not defined.; at Tenray.Topaz.ErrorHandling.Exceptions.ThrowFunctionIsNotDefined(Object callee, ScriptExecutor scope) in /_/src/Topaz/ErrorHandling/Exceptions.cs:line 73
kangax-es6/annex-b.String.prototype.html.quotes-escaped.js: Tenray.Topaz.TopazException: Function .names.i is not defined.; at Tenray.Topaz.ErrorHandling.Exceptions.ThrowFunctionIsNotDefined(Object callee, ScriptExecutor scope) in /_/src/Topaz/ErrorHandling/Exceptions.cs:line 73
kangax-es6/annex-b.function.hoisted-block-level.js: Tenray.Topaz.TopazException: Esprima.Ast.ThisExpression is not supported.; at Tenray.Topaz.ErrorHandling.Exceptions.ThrowNotImplemented(Node statement, ScriptExecutor scope) in /_/src/Topaz/ErrorHandling/Exceptions.cs:line 122
kangax-es6/annex-b.function.if-statement.js: Tenray.Topaz.TopazException: Esprima.Ast.ThisExpression is not supported.; at Tenray.Topaz.ErrorHandling.Exceptions.ThrowNotImplemented(Node statement, ScriptExecutor scope) in /_/src/Topaz/ErrorHandling/Exceptions.cs:line 122
kangax-es6/annex-b.function.labeled.js: Tenray.Topaz.TopazException: Esprima.Ast.ThisExpression is not supported.; at Tenray.Topaz.ErrorHandling.Exceptions.ThrowNotImplemented(Node statement, ScriptExecutor scope) in /_/src/Topaz/ErrorHandling/Exceptions.cs:line 122
kangax-es6/annex-b.html-comments.js: OK
kangax-es6/annex-b.regex.backreferences-octal.js: Tenray.Topaz.TopazException: Function .exec is not defined.; at Tenray.Topaz.ErrorHandling.Exceptions.ThrowFunctionIsNotDefined(Object callee, ScriptExecutor scope) in /_/src/Topaz/ErrorHandling/Exceptions.cs:line 73
kangax-es6/annex-b.regex.hyphens.js: Tenray.Topaz.TopazException: Function .exec is not defined.; at Tenray.Topaz.ErrorHandling.Exceptions.ThrowFunctionIsNotDefined(Object callee, ScriptExecutor scope) in /_/src/Topaz/ErrorHandling/Exceptions.cs:line 73
kangax-es6/annex-b.regex.incomplete-patterns.js: Tenray.Topaz.TopazException: Function .exec is not defined.; at Tenray.Topaz.ErrorHandling.Exceptions.ThrowFunctionIsNotDefined(Object callee, ScriptExecutor scope) in /_/src/Topaz/ErrorHandling/Exceptions.cs:line 73
kangax-es6/annex-b.regex.invalid-char-escapes.js: Tenray.Topaz.TopazException: Function .exec is not defined.; at Tenray.Topaz.ErrorHandling.Exceptions.ThrowFunctionIsNotDefined(Object callee, ScriptExecutor scope) in /_/src/Topaz/ErrorHandling/Exceptions.cs:line 73
kangax-es6/annex-b.regex.invalid-control-escapes.js: Line 9: Invalid regular expression
kangax-es6/annex-b.regex.invalid-hex-escapes.js: Line 9: Invalid regular expression
kangax-es6/annex-b.regex.invalid-unicode-escapes.js: Line 9: Invalid regular expression
kangax-es6/annex-b.regex.octal-escapes.js: Tenray.Topaz.TopazException: Function .exec is not defined.; at Tenray.Topaz.ErrorHandling.Exceptions.ThrowFunctionIsNotDefined(Object callee, ScriptExecutor scope) in /_/src/Topaz/ErrorHandling/Exceptions.cs:line 73
kangax-es6/annex-b.__proto__.Object.prototype.absent-from-null.js: Tenray.Topaz.TopazException: Function Object.create is not defined.; at Tenray.Topaz.ErrorHandling.Exceptions.ThrowFunctionIsNotDefined(Object callee, ScriptExecutor scope) in /_/src/Topaz/ErrorHandling/Exceptions.cs:line 73
kangax-es6/annex-b.__proto__.Object.prototype.descriptor.js: Tenray.Topaz.TopazException: Function Object.getOwnPropertyDescriptor is not defined.; at Tenray.Topaz.ErrorHandling.Exceptions.ThrowFunctionIsNotDefined(Object callee, ScriptExecutor scope) in /_/src/Topaz/ErrorHandling/Exceptions.cs:line 73
kangax-es6/annex-b.__proto__.Object.prototype.getOwnPropertyNames.js: Tenray.Topaz.TopazException: Function Object.getOwnPropertyNames is not defined.; at Tenray.Topaz.ErrorHandling.Exceptions.ThrowFunctionIsNotDefined(Object callee, ScriptExecutor scope) in /_/src/Topaz/ErrorHandling/Exceptions.cs:line 73
kangax-es6/annex-b.__proto__.Object.prototype.get.js: Tenray.Topaz.TopazException: Constructor call on Tenray.Topaz.TopazFunction is not defined.; at Tenray.Topaz.ErrorHandling.Exceptions.ThrowCanNotCallConstructor(Object callee) in /_/src/Topaz/ErrorHandling/Exceptions.cs:line 27
kangax-es6/annex-b.__proto__.Object.prototype.hasOwnProperty.js: Tenray.Topaz.TopazException: Function Object.prototype.hasOwnProperty is not defined.; at Tenray.Topaz.ErrorHandling.Exceptions.ThrowFunctionIsNotDefined(Object callee, ScriptExecutor scope) in /_/src/Topaz/ErrorHandling/Exceptions.cs:line 73
kangax-es6/annex-b.__proto__.Object.prototype.set.js: failed
kangax-es6/annex-b.__proto__.literals.js: failed
kangax-es6/annex-b.__proto__.literals.multiple-error.js: OK
kangax-es6/annex-b.__proto__.literals.not-computed.js: failed
kangax-es6/annex-b.__proto__.literals.not-shorthand-method.js: failed
kangax-es6/annex-b.__proto__.literals.not-shorthand-property.js: failed
kangax-es6/arrow.0-params.js: OK
kangax-es6/arrow.1-param.js: OK
kangax-es6/arrow.5-param.js: OK
kangax-es6/arrow.bind.js: Tenray.Topaz.TopazException: Function Tenray.Topaz.TopazFunction.bind is not defined.; at Tenray.Topaz.ErrorHandling.Exceptions.ThrowFunctionIsNotDefined(Object callee, ScriptExecutor scope) in /_/src/Topaz/ErrorHandling/Exceptions.cs:line 73
kangax-es6/arrow.lexical-arguments.js: failed
kangax-es6/arrow.lexical-super.constructor.js: Tenray.Topaz.TopazException: Esprima.Ast.ClassDeclaration is not supported.; at Tenray.Topaz.ErrorHandling.Exceptions.ThrowNotImplemented(Node statement, ScriptExecutor scope) in /_/src/Topaz/ErrorHandling/Exceptions.cs:line 122
kangax-es6/arrow.lexical-super.methods.js: Tenray.Topaz.TopazException: Esprima.Ast.ClassDeclaration is not supported.; at Tenray.Topaz.ErrorHandling.Exceptions.ThrowNotImplemented(Node statement, ScriptExecutor scope) in /_/src/Topaz/ErrorHandling/Exceptions.cs:line 122
kangax-es6/arrow.lexical-this.js: Tenray.Topaz.TopazException: Esprima.Ast.ThisExpression is not supported.; at Tenray.Topaz.ErrorHandling.Exceptions.ThrowNotImplemented(Node statement, ScriptExecutor scope) in /_/src/Topaz/ErrorHandling/Exceptions.cs:line 122
kangax-es6/arrow.new-target.js: Tenray.Topaz.TopazException: Constructor call on Tenray.Topaz.TopazFunction is not defined.; at Tenray.Topaz.ErrorHandling.Exceptions.ThrowCanNotCallConstructor(Object callee) in /_/src/Topaz/ErrorHandling/Exceptions.cs:line 27
kangax-es6/arrow.no-line-break.js: OK
kangax-es6/arrow.no-prototype.js: Tenray.Topaz.TopazException: Function a.hasOwnProperty is not defined.; at Tenray.Topaz.ErrorHandling.Exceptions.ThrowFunctionIsNotDefined(Object callee, ScriptExecutor scope) in /_/src/Topaz/ErrorHandling/Exceptions.cs:line 73
kangax-es6/arrow.precedence.js: OK
kangax-es6/arrow.this-call-apply.js: Tenray.Topaz.TopazException: Function Tenray.Topaz.TopazFunction.call is not defined.; at Tenray.Topaz.ErrorHandling.Exceptions.ThrowFunctionIsNotDefined(Object callee, ScriptExecutor scope) in /_/src/Topaz/ErrorHandling/Exceptions.cs:line 73
kangax-es6/class.accessor-properties.js: Tenray.Topaz.TopazException: Esprima.Ast.ClassDeclaration is not supported.; at Tenray.Topaz.ErrorHandling.Exceptions.ThrowNotImplemented(Node statement, ScriptExecutor scope) in /_/src/Topaz/ErrorHandling/Exceptions.cs:line 122
kangax-es6/class.anonymous.js: Tenray.Topaz.TopazException: Esprima.Ast.ClassExpression is not supported.; at Tenray.Topaz.ErrorHandling.Exceptions.ThrowNotImplemented(Node statement, ScriptExecutor scope) in /_/src/Topaz/ErrorHandling/Exceptions.cs:line 122
kangax-es6/class.block-scoped.js: Tenray.Topaz.TopazException: Esprima.Ast.ClassDeclaration is not supported.; at Tenray.Topaz.ErrorHandling.Exceptions.ThrowNotImplemented(Node statement, ScriptExecutor scope) in /_/src/Topaz/ErrorHandling/Exceptions.cs:line 122
kangax-es6/class.computed-accessor-properties.js: Tenray.Topaz.TopazException: Esprima.Ast.ClassDeclaration is not supported.; at Tenray.Topaz.ErrorHandling.Exceptions.ThrowNotImplemented(Node statement, ScriptExecutor scope) in /_/src/Topaz/ErrorHandling/Exceptions.cs:line 122
kangax-es6/class.computed-names-tdz.js: OK
kangax-es6/class.computed-prototype-methods.js: Tenray.Topaz.TopazException: Esprima.Ast.ClassDeclaration is not supported.; at Tenray.Topaz.ErrorHandling.Exceptions.ThrowNotImplemented(Node statement, ScriptExecutor scope) in /_/src/Topaz/ErrorHandling/Exceptions.cs:line 122
kangax-es6/class.computed-static-accessor-properties.js: Tenray.Topaz.TopazException: Esprima.Ast.ClassDeclaration is not supported.; at Tenray.Topaz.ErrorHandling.Exceptions.ThrowNotImplemented(Node statement, ScriptExecutor scope) in /_/src/Topaz/ErrorHandling/Exceptions.cs:line 122
kangax-es6/class.computed-static-methods.js: Tenray.Topaz.TopazException: Esprima.Ast.ClassDeclaration is not supported.; at Tenray.Topaz.ErrorHandling.Exceptions.ThrowNotImplemented(Node statement, ScriptExecutor scope) in /_/src/Topaz/ErrorHandling/Exceptions.cs:line 122
kangax-es6/class.constructor-requires-new.js: Tenray.Topaz.TopazException: Esprima.Ast.ClassDeclaration is not supported.; at Tenray.Topaz.ErrorHandling.Exceptions.ThrowNotImplemented(Node statement, ScriptExecutor scope) in /_/src/Topaz/ErrorHandling/Exceptions.cs:line 122
kangax-es6/class.constructor.js: Tenray.Topaz.TopazException: Esprima.Ast.ClassDeclaration is not supported.; at Tenray.Topaz.ErrorHandling.Exceptions.ThrowNotImplemented(Node statement, ScriptExecutor scope) in /_/src/Topaz/ErrorHandling/Exceptions.cs:line 122
kangax-es6/class.expression.js: Tenray.Topaz.TopazException: Esprima.Ast.ClassExpression is not supported.; at Tenray.Topaz.ErrorHandling.Exceptions.ThrowNotImplemented(Node statement, ScriptExecutor scope) in /_/src/Topaz/ErrorHandling/Exceptions.cs:line 122
kangax-es6/class.extends-expressions.js: Tenray.Topaz.TopazException: Esprima.Ast.ClassDeclaration is not supported.; at Tenray.Topaz.ErrorHandling.Exceptions.ThrowNotImplemented(Node statement, ScriptExecutor scope) in /_/src/Topaz/ErrorHandling/Exceptions.cs:line 122
kangax-es6/class.extends-null.js: Tenray.Topaz.TopazException: Esprima.Ast.ClassDeclaration is not supported.; at Tenray.Topaz.ErrorHandling.Exceptions.ThrowNotImplemented(Node statement, ScriptExecutor scope) in /_/src/Topaz/ErrorHandling/Exceptions.cs:line 122
kangax-es6/class.extends.js: Tenray.Topaz.TopazException: Esprima.Ast.ClassDeclaration is not supported.; at Tenray.Topaz.ErrorHandling.Exceptions.ThrowNotImplemented(Node statement, ScriptExecutor scope) in /_/src/Topaz/ErrorHandling/Exceptions.cs:line 122
kangax-es6/class.implicit-strict.js: Tenray.Topaz.TopazException: Esprima.Ast.ClassDeclaration is not supported.; at Tenray.Topaz.ErrorHandling.Exceptions.ThrowNotImplemented(Node statement, ScriptExecutor scope) in /_/src/Topaz/ErrorHandling/Exceptions.cs:line 122
kangax-es6/class.lexical-name.js: Tenray.Topaz.TopazException: Esprima.Ast.ClassDeclaration is not supported.; at Tenray.Topaz.ErrorHandling.Exceptions.ThrowNotImplemented(Node statement, ScriptExecutor scope) in /_/src/Topaz/ErrorHandling/Exceptions.cs:line 122
kangax-es6/class.methods-not-enumerable.js: Tenray.Topaz.TopazException: Esprima.Ast.ClassDeclaration is not supported.; at Tenray.Topaz.ErrorHandling.Exceptions.ThrowNotImplemented(Node statement, ScriptExecutor scope) in /_/src/Topaz/ErrorHandling/Exceptions.cs:line 122
kangax-es6/class.new-target.js: Tenray.Topaz.TopazException: Constructor call on Tenray.Topaz.TopazFunction is not defined.; at Tenray.Topaz.ErrorHandling.Exceptions.ThrowCanNotCallConstructor(Object callee) in /_/src/Topaz/ErrorHandling/Exceptions.cs:line 27
kangax-es6/class.optional-semicolons.js: Tenray.Topaz.TopazException: Esprima.Ast.ClassDeclaration is not supported.; at Tenray.Topaz.ErrorHandling.Exceptions.ThrowNotImplemented(Node statement, ScriptExecutor scope) in /_/src/Topaz/ErrorHandling/Exceptions.cs:line 122
kangax-es6/class.prototype-methods.js: Tenray.Topaz.TopazException: Esprima.Ast.ClassDeclaration is not supported.; at Tenray.Topaz.ErrorHandling.Exceptions.ThrowNotImplemented(Node statement, ScriptExecutor scope) in /_/src/Topaz/ErrorHandling/Exceptions.cs:line 122
kangax-es6/class.statement.js: Tenray.Topaz.TopazException: Esprima.Ast.ClassDeclaration is not supported.; at Tenray.Topaz.ErrorHandling.Exceptions.ThrowNotImplemented(Node statement, ScriptExecutor scope) in /_/src/Topaz/ErrorHandling/Exceptions.cs:line 122
kangax-es6/class.static-accessor-properties.js: Tenray.Topaz.TopazException: Esprima.Ast.ClassDeclaration is not supported.; at Tenray.Topaz.ErrorHandling.Exceptions.ThrowNotImplemented(Node statement, ScriptExecutor scope) in /_/src/Topaz/ErrorHandling/Exceptions.cs:line 122
kangax-es6/class.static-methods.js: Tenray.Topaz.TopazException: Esprima.Ast.ClassDeclaration is not supported.; at Tenray.Topaz.ErrorHandling.Exceptions.ThrowNotImplemented(Node statement, ScriptExecutor scope) in /_/src/Topaz/ErrorHandling/Exceptions.cs:line 122
kangax-es6/class.string-keyed-methods.js: Tenray.Topaz.TopazException: Esprima.Ast.ClassDeclaration is not supported.; at Tenray.Topaz.ErrorHandling.Exceptions.ThrowNotImplemented(Node statement, ScriptExecutor scope) in /_/src/Topaz/ErrorHandling/Exceptions.cs:line 122
kangax-es6/const.basic.js: OK
kangax-es6/const.block-scoped.js: OK
kangax-es6/const.for-in.js: failed
kangax-es6/const.for-loop.js: OK
kangax-es6/const.for-of.js: OK
kangax-es6/const.no-redefine.js: OK
kangax-es6/const.no-statement.js: OK
kangax-es6/const.shadow.js: OK
kangax-es6/const.strict.basic.js: OK
kangax-es6/const.strict.block-scoped.js: OK
kangax-es6/const.strict.for-in.js: failed
kangax-es6/const.strict.for-loop.js: OK
kangax-es6/const.strict.for-of.js: OK
kangax-es6/const.strict.no-redefine.js: OK
kangax-es6/const.strict.no-statement.js: OK
kangax-es6/const.strict.shadow.js: OK
kangax-es6/const.strict.tdz.js: failed
kangax-es6/const.tdz.js: failed
kangax-es6/default-params.arguments.js: failed
kangax-es6/default-params.basic.js: OK
kangax-es6/default-params.explicit-undefined.js: failed
kangax-es6/default-params.new-function.js: Tenray.Topaz.TopazException: Constructor call on null is not defined.; at Tenray.Topaz.ErrorHandling.Exceptions.ThrowCanNotCallConstructor(Object callee) in /_/src/Topaz/ErrorHandling/Exceptions.cs:line 27
kangax-es6/default-params.refer-previous.js: OK
kangax-es6/default-params.separate-scope.js: failed
kangax-es6/default-params.tdz.js: OK
kangax-es6/destructuring-assign.array.js: OK
kangax-es6/destructuring-assign.astral-string.js: failed
kangax-es6/destructuring-assign.chained-iterable.js: OK
kangax-es6/destructuring-assign.chained-object.js: OK
kangax-es6/destructuring-assign.computed-properties.js: failed
kangax-es6/destructuring-assign.defaults.js: Tenray.Topaz.TopazException: Expects Reference Value On Left Side Of Assignment.; at Tenray.Topaz.ErrorHandling.Exceptions.ThrowExpectsReferenceValueOnLeftSideOfAssignment(Object reference, Object value, ScriptExecutor ScriptExecutor) in /_/src/Topaz/ErrorHandling/Exceptions.cs:line 152
kangax-es6/destructuring-assign.empty-patterns.js: OK
kangax-es6/destructuring-assign.generator.js: Tenray.Topaz.TopazException: Esprima.Ast.YieldExpression is not supported.; at Tenray.Topaz.ErrorHandling.Exceptions.ThrowNotImplemented(Node statement, ScriptExecutor scope) in /_/src/Topaz/ErrorHandling/Exceptions.cs:line 122
kangax-es6/destructuring-assign.iterable-expression.js: OK
kangax-es6/destructuring-assign.iterable-instance.js: Tenray.Topaz.TopazException: Function global.__createIterableObject is not defined.; at Tenray.Topaz.ErrorHandling.Exceptions.ThrowFunctionIsNotDefined(Object callee, ScriptExecutor scope) in /_/src/Topaz/ErrorHandling/Exceptions.cs:line 73
kangax-es6/destructuring-assign.iterable.js: Tenray.Topaz.TopazException: Function global.__createIterableObject is not defined.; at Tenray.Topaz.ErrorHandling.Exceptions.ThrowFunctionIsNotDefined(Object callee, ScriptExecutor scope) in /_/src/Topaz/ErrorHandling/Exceptions.cs:line 73
kangax-es6/destructuring-assign.iterator-closing.js: Tenray.Topaz.TopazException: Function global.__createIterableObject is not defined.; at Tenray.Topaz.ErrorHandling.Exceptions.ThrowFunctionIsNotDefined(Object callee, ScriptExecutor scope) in /_/src/Topaz/ErrorHandling/Exceptions.cs:line 73
kangax-es6/destructuring-assign.nested-rest.js: Tenray.Topaz.TopazException: Esprima.Ast.ArrayPattern is not supported.; at Tenray.Topaz.ErrorHandling.Exceptions.ThrowNotImplemented(Node statement, ScriptExecutor scope) in /_/src/Topaz/ErrorHandling/Exceptions.cs:line 122
kangax-es6/destructuring-assign.nested.js: failed
kangax-es6/destructuring-assign.object-expression.js: OK
kangax-es6/destructuring-assign.object-primitives.js: OK
kangax-es6/destructuring-assign.object.js: failed
kangax-es6/destructuring-assign.parenthesised-error.js: OK
kangax-es6/destructuring-assign.rest.js: failed
kangax-es6/destructuring-assign.sparse-array.js: OK
kangax-es6/destructuring-assign.string.js: failed
kangax-es6/destructuring-assign.throws-null-undefined.js: failed
kangax-es6/destructuring-assign.trailing-comma-iterable.js: OK
kangax-es6/destructuring-assign.trailing-comma-object.js: OK
kangax-es6/destructuring-decl.array.js: OK
kangax-es6/destructuring-decl.astral-string.js: failed
kangax-es6/destructuring-decl.catch.js: failed
kangax-es6/destructuring-decl.computed-properties.js: failed
kangax-es6/destructuring-decl.defaults-tdz.js: OK
kangax-es6/destructuring-decl.defaults.js: Tenray.Topaz.TopazException: Internal error: Cannot define variable with given object: Esprima.Ast.AssignmentPattern; at Tenray.Topaz.ErrorHandling.Exceptions.ThrowCannotDefineVariableWithGivenObject(Object value) in /_/src/Topaz/ErrorHandling/Exceptions.cs:line 172
kangax-es6/destructuring-decl.for-in.js: failed
kangax-es6/destructuring-decl.for-of.js: OK
kangax-es6/destructuring-decl.generator.js: Tenray.Topaz.TopazException: Esprima.Ast.YieldExpression is not supported.; at Tenray.Topaz.ErrorHandling.Exceptions.ThrowNotImplemented(Node statement, ScriptExecutor scope) in /_/src/Topaz/ErrorHandling/Exceptions.cs:line 122
kangax-es6/destructuring-decl.iterable-instance.js: Tenray.Topaz.TopazException: Function global.__createIterableObject is not defined.; at Tenray.Topaz.ErrorHandling.Exceptions.ThrowFunctionIsNotDefined(Object callee, ScriptExecutor scope) in /_/src/Topaz/ErrorHandling/Exceptions.cs:line 73
kangax-es6/destructuring-decl.iterable.js: Tenray.Topaz.TopazException: Function global.__createIterableObject is not defined.; at Tenray.Topaz.ErrorHandling.Exceptions.ThrowFunctionIsNotDefined(Object callee, ScriptExecutor scope) in /_/src/Topaz/ErrorHandling/Exceptions.cs:line 73
kangax-es6/destructuring-decl.iterator-closing.js: Tenray.Topaz.TopazException: Function global.__createIterableObject is not defined.; at Tenray.Topaz.ErrorHandling.Exceptions.ThrowFunctionIsNotDefined(Object callee, ScriptExecutor scope) in /_/src/Topaz/ErrorHandling/Exceptions.cs:line 73
kangax-es6/destructuring-decl.multiple-var.js: OK
kangax-es6/destructuring-decl.nested.js: failed
kangax-es6/destructuring-decl.object-primitives.js: OK
kangax-es6/destructuring-decl.object.js: failed
kangax-es6/destructuring-decl.rest.js: failed
kangax-es6/destructuring-decl.sparse-array.js: OK
kangax-es6/destructuring-decl.string.js: failed
kangax-es6/destructuring-decl.throws-null-undefined.js: failed
kangax-es6/destructuring-decl.trailing-comma-iterable.js: OK
kangax-es6/destructuring-decl.trailing-comma-object.js: OK
kangax-es6/destructuring-params.aliased-defaults-arrow.js: failed
kangax-es6/destructuring-params.arguments.js: System.InvalidCastException: Unable to cast object of type 'Esprima.Ast.ArrayPattern' to type 'Esprima.Ast.Identifier'.
kangax-es6/destructuring-params.array.js: System.InvalidCastException: Unable to cast object of type 'Esprima.Ast.ArrayPattern' to type 'Esprima.Ast.Identifier'.
kangax-es6/destructuring-params.astral-string.js: System.InvalidCastException: Unable to cast object of type 'Esprima.Ast.ArrayPattern' to type 'Esprima.Ast.Identifier'.
kangax-es6/destructuring-params.computed-properties.js: failed
kangax-es6/destructuring-params.defaults-new-function.js: Tenray.Topaz.TopazException: Constructor call on null is not defined.; at Tenray.Topaz.ErrorHandling.Exceptions.ThrowCanNotCallConstructor(Object callee) in /_/src/Topaz/ErrorHandling/Exceptions.cs:line 27
kangax-es6/destructuring-params.defaults-separate-scope.js: failed
kangax-es6/destructuring-params.defaults.js: System.InvalidCastException: Unable to cast object of type 'Esprima.Ast.ArrayPattern' to type 'Esprima.Ast.Identifier'.
kangax-es6/destructuring-params.duplicate-identifier.js: OK
kangax-es6/destructuring-params.empty-patterns.js: System.InvalidCastException: Unable to cast object of type 'Esprima.Ast.ArrayPattern' to type 'Esprima.Ast.Identifier'.
kangax-es6/destructuring-params.generator.js: Tenray.Topaz.TopazException: Esprima.Ast.YieldExpression is not supported.; at Tenray.Topaz.ErrorHandling.Exceptions.ThrowNotImplemented(Node statement, ScriptExecutor scope) in /_/src/Topaz/ErrorHandling/Exceptions.cs:line 122
kangax-es6/destructuring-params.iterable-instance.js: Tenray.Topaz.TopazException: Function global.__createIterableObject is not defined.; at Tenray.Topaz.ErrorHandling.Exceptions.ThrowFunctionIsNotDefined(Object callee, ScriptExecutor scope) in /_/src/Topaz/ErrorHandling/Exceptions.cs:line 73
kangax-es6/destructuring-params.iterable.js: Tenray.Topaz.TopazException: Function global.__createIterableObject is not defined.; at Tenray.Topaz.ErrorHandling.Exceptions.ThrowFunctionIsNotDefined(Object callee, ScriptExecutor scope) in /_/src/Topaz/ErrorHandling/Exceptions.cs:line 73
kangax-es6/destructuring-params.iterator-closing.js: Tenray.Topaz.TopazException: Function global.__createIterableObject is not defined.; at Tenray.Topaz.ErrorHandling.Exceptions.ThrowFunctionIsNotDefined(Object callee, ScriptExecutor scope) in /_/src/Topaz/ErrorHandling/Exceptions.cs:line 73
kangax-es6/destructuring-params.length.js: failed
kangax-es6/destructuring-params.nested.js: System.InvalidCastException: Unable to cast object of type 'Esprima.Ast.ArrayPattern' to type 'Esprima.Ast.Identifier'.
kangax-es6/destructuring-params.new-function.js: Tenray.Topaz.TopazException: Constructor call on null is not defined.; at Tenray.Topaz.ErrorHandling.Exceptions.ThrowCanNotCallConstructor(Object callee) in /_/src/Topaz/ErrorHandling/Exceptions.cs:line 27
kangax-es6/destructuring-params.object-primitives.js: OK
kangax-es6/destructuring-params.object.js: failed
kangax-es6/destructuring-params.rest.js: System.InvalidCastException: Unable to cast object of type 'Esprima.Ast.ArrayPattern' to type 'Esprima.Ast.Identifier'.
kangax-es6/destructuring-params.shorthand-defaults-arrow.js: OK
kangax-es6/destructuring-params.sparse-array.js: System.InvalidCastException: Unable to cast object of type 'Esprima.Ast.ArrayPattern' to type 'Esprima.Ast.Identifier'.
kangax-es6/destructuring-params.string.js: System.InvalidCastException: Unable to cast object of type 'Esprima.Ast.ArrayPattern' to type 'Esprima.Ast.Identifier'.
kangax-es6/destructuring-params.throws-null-undefined.js: failed
kangax-es6/destructuring-params.trailing-comma-iterable.js: System.InvalidCastException: Unable to cast object of type 'Esprima.Ast.ArrayPattern' to type 'Esprima.Ast.Identifier'.
kangax-es6/destructuring-params.trailing-comma-object.js: OK
kangax-es6/for-of.array.js: OK
kangax-es6/for-of.astral-string.js: failed
kangax-es6/for-of.generator.js: Tenray.Topaz.TopazException: Esprima.Ast.YieldExpression is not supported.; at Tenray.Topaz.ErrorHandling.Exceptions.ThrowNotImplemented(Node statement, ScriptExecutor scope) in /_/src/Topaz/ErrorHandling/Exceptions.cs:line 122
kangax-es6/for-of.iterable-instance.js: Tenray.Topaz.TopazException: Function global.__createIterableObject is not defined.; at Tenray.Topaz.ErrorHandling.Exceptions.ThrowFunctionIsNotDefined(Object callee, ScriptExecutor scope) in /_/src/Topaz/ErrorHandling/Exceptions.cs:line 73
kangax-es6/for-of.iterable.js: Tenray.Topaz.TopazException: Function global.__createIterableObject is not defined.; at Tenray.Topaz.ErrorHandling.Exceptions.ThrowFunctionIsNotDefined(Object callee, ScriptExecutor scope) in /_/src/Topaz/ErrorHandling/Exceptions.cs:line 73
kangax-es6/for-of.iterator-closing-break.js: failed
kangax-es6/for-of.iterator-closing-throw.js: failed
kangax-es6/for-of.sparse-array.js: failed
kangax-es6/for-of.string.js: OK
kangax-es6/function.block-level-decl.js: Tenray.Topaz.TopazException: Function f is not defined.; at Tenray.Topaz.ErrorHandling.Exceptions.ThrowFunctionIsNotDefined(Object callee, ScriptExecutor scope) in /_/src/Topaz/ErrorHandling/Exceptions.cs:line 73
kangax-es6/generators.basic.js: Tenray.Topaz.TopazException: Esprima.Ast.YieldExpression is not supported.; at Tenray.Topaz.ErrorHandling.Exceptions.ThrowNotImplemented(Node statement, ScriptExecutor scope) in /_/src/Topaz/ErrorHandling/Exceptions.cs:line 122
kangax-es6/generators.constructor.js: Tenray.Topaz.TopazException: Constructor call on null is not defined.; at Tenray.Topaz.ErrorHandling.Exceptions.ThrowCanNotCallConstructor(Object callee) in /_/src/Topaz/ErrorHandling/Exceptions.cs:line 27
kangax-es6/generators.expression.js: Tenray.Topaz.TopazException: Esprima.Ast.YieldExpression is not supported.; at Tenray.Topaz.ErrorHandling.Exceptions.ThrowNotImplemented(Node statement, ScriptExecutor scope) in /_/src/Topaz/ErrorHandling/Exceptions.cs:line 122
kangax-es6/generators.no-new-this.js: OK
kangax-es6/generators.prototype-chain.js: Tenray.Topaz.TopazException: Function Object.getPrototypeOf is not defined.; at Tenray.Topaz.ErrorHandling.Exceptions.ThrowFunctionIsNotDefined(Object callee, ScriptExecutor scope) in /_/src/Topaz/ErrorHandling/Exceptions.cs:line 73
kangax-es6/generators.prototype.js: Tenray.Topaz.TopazException: Function Object.getPrototypeOf is not defined.; at Tenray.Topaz.ErrorHandling.Exceptions.ThrowFunctionIsNotDefined(Object callee, ScriptExecutor scope) in /_/src/Topaz/ErrorHandling/Exceptions.cs:line 73
kangax-es6/generators.return.js: Tenray.Topaz.TopazException: Esprima.Ast.YieldExpression is not supported.; at Tenray.Topaz.ErrorHandling.Exceptions.ThrowNotImplemented(Node statement, ScriptExecutor scope) in /_/src/Topaz/ErrorHandling/Exceptions.cs:line 122
kangax-es6/generators.sending.js: Tenray.Topaz.TopazException: Esprima.Ast.YieldExpression is not supported.; at Tenray.Topaz.ErrorHandling.Exceptions.ThrowNotImplemented(Node statement, ScriptExecutor scope) in /_/src/Topaz/ErrorHandling/Exceptions.cs:line 122
kangax-es6/generators.shorthand.class.js: Tenray.Topaz.TopazException: Esprima.Ast.ClassDeclaration is not supported.; at Tenray.Topaz.ErrorHandling.Exceptions.ThrowNotImplemented(Node statement, ScriptExecutor scope) in /_/src/Topaz/ErrorHandling/Exceptions.cs:line 122
kangax-es6/generators.shorthand.computed.class.js: Tenray.Topaz.TopazException: Esprima.Ast.ClassDeclaration is not supported.; at Tenray.Topaz.ErrorHandling.Exceptions.ThrowNotImplemented(Node statement, ScriptExecutor scope) in /_/src/Topaz/ErrorHandling/Exceptions.cs:line 122
kangax-es6/generators.shorthand.computed.js: Tenray.Topaz.TopazException: Esprima.Ast.YieldExpression is not supported.; at Tenray.Topaz.ErrorHandling.Exceptions.ThrowNotImplemented(Node statement, ScriptExecutor scope) in /_/src/Topaz/ErrorHandling/Exceptions.cs:line 122
kangax-es6/generators.shorthand.js: Tenray.Topaz.TopazException: Esprima.Ast.YieldExpression is not supported.; at Tenray.Topaz.ErrorHandling.Exceptions.ThrowNotImplemented(Node statement, ScriptExecutor scope) in /_/src/Topaz/ErrorHandling/Exceptions.cs:line 122
kangax-es6/generators.shorthand.no-constructor.js: Tenray.Topaz.TopazException: Esprima.Ast.ClassDeclaration is not supported.; at Tenray.Topaz.ErrorHandling.Exceptions.ThrowNotImplemented(Node statement, ScriptExecutor scope) in /_/src/Topaz/ErrorHandling/Exceptions.cs:line 122
kangax-es6/generators.shorthand.string-keyed.js: Tenray.Topaz.TopazException: Esprima.Ast.YieldExpression is not supported.; at Tenray.Topaz.ErrorHandling.Exceptions.ThrowNotImplemented(Node statement, ScriptExecutor scope) in /_/src/Topaz/ErrorHandling/Exceptions.cs:line 122
kangax-es6/generators.this.js: Tenray.Topaz.TopazException: Esprima.Ast.YieldExpression is not supported.; at Tenray.Topaz.ErrorHandling.Exceptions.ThrowNotImplemented(Node statement, ScriptExecutor scope) in /_/src/Topaz/ErrorHandling/Exceptions.cs:line 122
kangax-es6/generators.throw.js: Tenray.Topaz.TopazException: Function iterator.next is not defined.; at Tenray.Topaz.ErrorHandling.Exceptions.ThrowFunctionIsNotDefined(Object callee, ScriptExecutor scope) in /_/src/Topaz/ErrorHandling/Exceptions.cs:line 73
kangax-es6/generators.yield-precedence.js: Tenray.Topaz.TopazException: Esprima.Ast.YieldExpression is not supported.; at Tenray.Topaz.ErrorHandling.Exceptions.ThrowNotImplemented(Node statement, ScriptExecutor scope) in /_/src/Topaz/ErrorHandling/Exceptions.cs:line 122
kangax-es6/generators.yield-star.array.js: Tenray.Topaz.TopazException: Esprima.Ast.YieldExpression is not supported.; at Tenray.Topaz.ErrorHandling.Exceptions.ThrowNotImplemented(Node statement, ScriptExecutor scope) in /_/src/Topaz/ErrorHandling/Exceptions.cs:line 122
kangax-es6/generators.yield-star.astral-string.js: Tenray.Topaz.TopazException: Esprima.Ast.YieldExpression is not supported.; at Tenray.Topaz.ErrorHandling.Exceptions.ThrowNotImplemented(Node statement, ScriptExecutor scope) in /_/src/Topaz/ErrorHandling/Exceptions.cs:line 122
kangax-es6/generators.yield-star.generator.js: Tenray.Topaz.TopazException: Esprima.Ast.YieldExpression is not supported.; at Tenray.Topaz.ErrorHandling.Exceptions.ThrowNotImplemented(Node statement, ScriptExecutor scope) in /_/src/Topaz/ErrorHandling/Exceptions.cs:line 122
kangax-es6/generators.yield-star.iterable-instance.js: Tenray.Topaz.TopazException: Esprima.Ast.YieldExpression is not supported.; at Tenray.Topaz.ErrorHandling.Exceptions.ThrowNotImplemented(Node statement, ScriptExecutor scope) in /_/src/Topaz/ErrorHandling/Exceptions.cs:line 122
kangax-es6/generators.yield-star.iterable.js: Tenray.Topaz.TopazException: Esprima.Ast.YieldExpression is not supported.; at Tenray.Topaz.ErrorHandling.Exceptions.ThrowNotImplemented(Node statement, ScriptExecutor scope) in /_/src/Topaz/ErrorHandling/Exceptions.cs:line 122
kangax-es6/generators.yield-star.iterator-closing-throw.js: Tenray.Topaz.TopazException: Function global.__createIterableObject is not defined.; at Tenray.Topaz.ErrorHandling.Exceptions.ThrowFunctionIsNotDefined(Object callee, ScriptExecutor scope) in /_/src/Topaz/ErrorHandling/Exceptions.cs:line 73
kangax-es6/generators.yield-star.iterator-closing.js: Tenray.Topaz.TopazException: Esprima.Ast.YieldExpression is not supported.; at Tenray.Topaz.ErrorHandling.Exceptions.ThrowNotImplemented(Node statement, ScriptExecutor scope) in /_/src/Topaz/ErrorHandling/Exceptions.cs:line 122
kangax-es6/generators.yield-star.non-iterable-error.js: Tenray.Topaz.TopazException: Esprima.Ast.YieldExpression is not supported.; at Tenray.Topaz.ErrorHandling.Exceptions.ThrowNotImplemented(Node statement, ScriptExecutor scope) in /_/src/Topaz/ErrorHandling/Exceptions.cs:line 122
kangax-es6/generators.yield-star.sparse-array.js: Tenray.Topaz.TopazException: Esprima.Ast.YieldExpression is not supported.; at Tenray.Topaz.ErrorHandling.Exceptions.ThrowNotImplemented(Node statement, ScriptExecutor scope) in /_/src/Topaz/ErrorHandling/Exceptions.cs:line 122
kangax-es6/generators.yield-star.string.js: Tenray.Topaz.TopazException: Esprima.Ast.YieldExpression is not supported.; at Tenray.Topaz.ErrorHandling.Exceptions.ThrowNotImplemented(Node statement, ScriptExecutor scope) in /_/src/Topaz/ErrorHandling/Exceptions.cs:line 122
kangax-es6/let.basic.js: OK
kangax-es6/let.block-scoped.js: OK
kangax-es6/let.for-in-shadow.js: failed
kangax-es6/let.for-iteration.js: failed
kangax-es6/let.for-loop.js: OK
kangax-es6/let.no-statement.js: OK
kangax-es6/let.shadow.js: OK
kangax-es6/let.strict.basic.js: OK
kangax-es6/let.strict.block-scoped.js: OK
kangax-es6/let.strict.for-in-shadow.js: failed
kangax-es6/let.strict.for-iteration.js: failed
kangax-es6/let.strict.for-loop.js: OK
kangax-es6/let.strict.no-statement.js: OK
kangax-es6/let.strict.shadow.js: OK
kangax-es6/let.strict.tdz.js: failed
kangax-es6/let.tdz.js: failed
kangax-es6/literals.binary.Number.js: Tenray.Topaz.TopazException: Function Number is not defined.; at Tenray.Topaz.ErrorHandling.Exceptions.ThrowFunctionIsNotDefined(Object callee, ScriptExecutor scope) in /_/src/Topaz/ErrorHandling/Exceptions.cs:line 73
kangax-es6/literals.binary.js: OK
kangax-es6/literals.object.computed-accessors.js: failed
kangax-es6/literals.object.computed-properties.js: OK
kangax-es6/literals.object.computed-shorthand-methods.js: OK
kangax-es6/literals.object.shorthand-methods.js: OK
kangax-es6/literals.object.shorthand-properties.js: OK
kangax-es6/literals.object.string-keyed-shorthand-methods.js: OK
kangax-es6/literals.octal.Number.js: Tenray.Topaz.TopazException: Function Number is not defined.; at Tenray.Topaz.ErrorHandling.Exceptions.ThrowFunctionIsNotDefined(Object callee, ScriptExecutor scope) in /_/src/Topaz/ErrorHandling/Exceptions.cs:line 73
kangax-es6/literals.octal.js: OK
kangax-es6/misc.Invalid-Date.js: Tenray.Topaz.TopazException: Constructor call on null is not defined.; at Tenray.Topaz.ErrorHandling.Exceptions.ThrowCanNotCallConstructor(Object callee) in /_/src/Topaz/ErrorHandling/Exceptions.cs:line 27
kangax-es6/misc.Object.freeze.primitives.js: Tenray.Topaz.TopazException: Function Object.freeze is not defined.; at Tenray.Topaz.ErrorHandling.Exceptions.ThrowFunctionIsNotDefined(Object callee, ScriptExecutor scope) in /_/src/Topaz/ErrorHandling/Exceptions.cs:line 73
kangax-es6/misc.Object.getOwnPropertyDescriptor.primitives.js: Tenray.Topaz.TopazException: Function Object.getOwnPropertyDescriptor is not defined.; at Tenray.Topaz.ErrorHandling.Exceptions.ThrowFunctionIsNotDefined(Object callee, ScriptExecutor scope) in /_/src/Topaz/ErrorHandling/Exceptions.cs:line 73
kangax-es6/misc.Object.getOwnPropertyNames.primitives.js: Tenray.Topaz.TopazException: Function Object.getOwnPropertyNames is not defined.; at Tenray.Topaz.ErrorHandling.Exceptions.ThrowFunctionIsNotDefined(Object callee, ScriptExecutor scope) in /_/src/Topaz/ErrorHandling/Exceptions.cs:line 73
kangax-es6/misc.Object.getPrototypeOf.primitives.js: Tenray.Topaz.TopazException: Function Object.getPrototypeOf is not defined.; at Tenray.Topaz.ErrorHandling.Exceptions.ThrowFunctionIsNotDefined(Object callee, ScriptExecutor scope) in /_/src/Topaz/ErrorHandling/Exceptions.cs:line 73
kangax-es6/misc.Object.isExtensible.primitives.js: Tenray.Topaz.TopazException: Function Object.isExtensible is not defined.; at Tenray.Topaz.ErrorHandling.Exceptions.ThrowFunctionIsNotDefined(Object callee, ScriptExecutor scope) in /_/src/Topaz/ErrorHandling/Exceptions.cs:line 73
kangax-es6/misc.Object.isFrozen.primitives.js: Tenray.Topaz.TopazException: Function Object.isFrozen is not defined.; at Tenray.Topaz.ErrorHandling.Exceptions.ThrowFunctionIsNotDefined(Object callee, ScriptExecutor scope) in /_/src/Topaz/ErrorHandling/Exceptions.cs:line 73
kangax-es6/misc.Object.isSealed.primitives.js: Tenray.Topaz.TopazException: Function Object.isSealed is not defined.; at Tenray.Topaz.ErrorHandling.Exceptions.ThrowFunctionIsNotDefined(Object callee, ScriptExecutor scope) in /_/src/Topaz/ErrorHandling/Exceptions.cs:line 73
kangax-es6/misc.Object.keys.primitives.js: Tenray.Topaz.TopazException: Function Object.keys is not defined.; at Tenray.Topaz.ErrorHandling.Exceptions.ThrowFunctionIsNotDefined(Object callee, ScriptExecutor scope) in /_/src/Topaz/ErrorHandling/Exceptions.cs:line 73
kangax-es6/misc.Object.preventExtensions.primitives.js: Tenray.Topaz.TopazException: Function Object.preventExtensions is not defined.; at Tenray.Topaz.ErrorHandling.Exceptions.ThrowFunctionIsNotDefined(Object callee, ScriptExecutor scope) in /_/src/Topaz/ErrorHandling/Exceptions.cs:line 73
kangax-es6/misc.Object.seal.primitives.js: Tenray.Topaz.TopazException: Function Object.seal is not defined.; at Tenray.Topaz.ErrorHandling.Exceptions.ThrowFunctionIsNotDefined(Object callee, ScriptExecutor scope) in /_/src/Topaz/ErrorHandling/Exceptions.cs:line 73
kangax-es6/misc.Proxy.defineProperty.SetIntegrityLevel.js: Tenray.Topaz.TopazException: Constructor call on null is not defined.; at Tenray.Topaz.ErrorHandling.Exceptions.ThrowCanNotCallConstructor(Object callee) in /_/src/Topaz/ErrorHandling/Exceptions.cs:line 27
kangax-es6/misc.Proxy.defineProperty.Set.js: Tenray.Topaz.TopazException: Constructor call on null is not defined.; at Tenray.Topaz.ErrorHandling.Exceptions.ThrowCanNotCallConstructor(Object callee) in /_/src/Topaz/ErrorHandling/Exceptions.cs:line 27
kangax-es6/misc.Proxy.deleteProperty.Array.copyWithin.js: Tenray.Topaz.TopazException: Constructor call on null is not defined.; at Tenray.Topaz.ErrorHandling.Exceptions.ThrowCanNotCallConstructor(Object callee) in /_/src/Topaz/ErrorHandling/Exceptions.cs:line 27
kangax-es6/misc.Proxy.deleteProperty.Array.pop.js: Tenray.Topaz.TopazException: Constructor call on null is not defined.; at Tenray.Topaz.ErrorHandling.Exceptions.ThrowCanNotCallConstructor(Object callee) in /_/src/Topaz/ErrorHandling/Exceptions.cs:line 27
kangax-es6/misc.Proxy.deleteProperty.Array.reverse.js: Tenray.Topaz.TopazException: Constructor call on null is not defined.; at Tenray.Topaz.ErrorHandling.Exceptions.ThrowCanNotCallConstructor(Object callee) in /_/src/Topaz/ErrorHandling/Exceptions.cs:line 27
kangax-es6/misc.Proxy.deleteProperty.Array.shift.js: Tenray.Topaz.TopazException: Constructor call on null is not defined.; at Tenray.Topaz.ErrorHandling.Exceptions.ThrowCanNotCallConstructor(Object callee) in /_/src/Topaz/ErrorHandling/Exceptions.cs:line 27
kangax-es6/misc.Proxy.deleteProperty.Array.splice.js: Tenray.Topaz.TopazException: Constructor call on null is not defined.; at Tenray.Topaz.ErrorHandling.Exceptions.ThrowCanNotCallConstructor(Object callee) in /_/src/Topaz/ErrorHandling/Exceptions.cs:line 27
kangax-es6/misc.Proxy.deleteProperty.Array.unshift.js: Tenray.Topaz.TopazException: Constructor call on null is not defined.; at Tenray.Topaz.ErrorHandling.Exceptions.ThrowCanNotCallConstructor(Object callee) in /_/src/Topaz/ErrorHandling/Exceptions.cs:line 27
kangax-es6/misc.Proxy.getOwnPropertyDescriptor.Function.bind.js: Tenray.Topaz.TopazException: Constructor call on null is not defined.; at Tenray.Topaz.ErrorHandling.Exceptions.ThrowCanNotCallConstructor(Object callee) in /_/src/Topaz/ErrorHandling/Exceptions.cs:line 27
kangax-es6/misc.Proxy.getOwnPropertyDescriptor.Object.assign.js: Tenray.Topaz.TopazException: Constructor call on null is not defined.; at Tenray.Topaz.ErrorHandling.Exceptions.ThrowCanNotCallConstructor(Object callee) in /_/src/Topaz/ErrorHandling/Exceptions.cs:line 27
kangax-es6/misc.Proxy.getOwnPropertyDescriptor.Object.hasOwnProperty.js: Tenray.Topaz.TopazException: Constructor call on null is not defined.; at Tenray.Topaz.ErrorHandling.Exceptions.ThrowCanNotCallConstructor(Object callee) in /_/src/Topaz/ErrorHandling/Exceptions.cs:line 27
kangax-es6/misc.Proxy.getOwnPropertyDescriptor.Set.js: Tenray.Topaz.TopazException: Constructor call on null is not defined.; at Tenray.Topaz.ErrorHandling.Exceptions.ThrowCanNotCallConstructor(Object callee) in /_/src/Topaz/ErrorHandling/Exceptions.cs:line 27
kangax-es6/misc.Proxy.get.Array.concat.js: Tenray.Topaz.TopazException: Constructor call on null is not defined.; at Tenray.Topaz.ErrorHandling.Exceptions.ThrowCanNotCallConstructor(Object callee) in /_/src/Topaz/ErrorHandling/Exceptions.cs:line 27
kangax-es6/misc.Proxy.get.Array.from.js: Tenray.Topaz.TopazException: Constructor call on null is not defined.; at Tenray.Topaz.ErrorHandling.Exceptions.ThrowCanNotCallConstructor(Object callee) in /_/src/Topaz/ErrorHandling/Exceptions.cs:line 27
kangax-es6/misc.Proxy.get.Array.iteration.js: Tenray.Topaz.TopazException: Constructor call on null is not defined.; at Tenray.Topaz.ErrorHandling.Exceptions.ThrowCanNotCallConstructor(Object callee) in /_/src/Topaz/ErrorHandling/Exceptions.cs:line 27
kangax-es6/misc.Proxy.get.Array.pop.js: Tenray.Topaz.TopazException: Constructor call on null is not defined.; at Tenray.Topaz.ErrorHandling.Exceptions.ThrowCanNotCallConstructor(Object callee) in /_/src/Topaz/ErrorHandling/Exceptions.cs:line 27
kangax-es6/misc.Proxy.get.Array.reverse.js: Tenray.Topaz.TopazException: Constructor call on null is not defined.; at Tenray.Topaz.ErrorHandling.Exceptions.ThrowCanNotCallConstructor(Object callee) in /_/src/Topaz/ErrorHandling/Exceptions.cs:line 27
kangax-es6/misc.Proxy.get.Array.shift.js: Tenray.Topaz.TopazException: Constructor call on null is not defined.; at Tenray.Topaz.ErrorHandling.Exceptions.ThrowCanNotCallConstructor(Object callee) in /_/src/Topaz/ErrorHandling/Exceptions.cs:line 27
kangax-es6/misc.Proxy.get.Array.splice.js: Tenray.Topaz.TopazException: Constructor call on null is not defined.; at Tenray.Topaz.ErrorHandling.Exceptions.ThrowCanNotCallConstructor(Object callee) in /_/src/Topaz/ErrorHandling/Exceptions.cs:line 27
kangax-es6/misc.Proxy.get.Array.toString.js: Tenray.Topaz.TopazException: Constructor call on null is not defined.; at Tenray.Topaz.ErrorHandling.Exceptions.ThrowCanNotCallConstructor(Object callee) in /_/src/Topaz/ErrorHandling/Exceptions.cs:line 27
kangax-es6/misc.Proxy.get.ClassDefinitionEvaluation.js: Tenray.Topaz.TopazException: Constructor call on null is not defined.; at Tenray.Topaz.ErrorHandling.Exceptions.ThrowCanNotCallConstructor(Object callee) in /_/src/Topaz/ErrorHandling/Exceptions.cs:line 27
kangax-es6/misc.Proxy.get.CreateDynamicFunction.js: Tenray.Topaz.TopazException: Constructor call on null is not defined.; at Tenray.Topaz.ErrorHandling.Exceptions.ThrowCanNotCallConstructor(Object callee) in /_/src/Topaz/ErrorHandling/Exceptions.cs:line 27
kangax-es6/misc.Proxy.get.CreateListFromArrayLike.js: Tenray.Topaz.TopazException: Constructor call on null is not defined.; at Tenray.Topaz.ErrorHandling.Exceptions.ThrowCanNotCallConstructor(Object callee) in /_/src/Topaz/ErrorHandling/Exceptions.cs:line 27
kangax-es6/misc.Proxy.get.Date.toJSON.js: Tenray.Topaz.TopazException: Constructor call on null is not defined.; at Tenray.Topaz.ErrorHandling.Exceptions.ThrowCanNotCallConstructor(Object callee) in /_/src/Topaz/ErrorHandling/Exceptions.cs:line 27
kangax-es6/misc.Proxy.get.Error.toString.js: Tenray.Topaz.TopazException: Constructor call on null is not defined.; at Tenray.Topaz.ErrorHandling.Exceptions.ThrowCanNotCallConstructor(Object callee) in /_/src/Topaz/ErrorHandling/Exceptions.cs:line 27
kangax-es6/misc.Proxy.get.Function.bind.js: Tenray.Topaz.TopazException: Constructor call on null is not defined.; at Tenray.Topaz.ErrorHandling.Exceptions.ThrowCanNotCallConstructor(Object callee) in /_/src/Topaz/ErrorHandling/Exceptions.cs:line 27
kangax-es6/misc.Proxy.get.HasBinding.js: Tenray.Topaz.TopazException: Constructor call on null is not defined.; at Tenray.Topaz.ErrorHandling.Exceptions.ThrowCanNotCallConstructor(Object callee) in /_/src/Topaz/ErrorHandling/Exceptions.cs:line 27
kangax-es6/misc.Proxy.get.IteratorComplete.js: failed
kangax-es6/misc.Proxy.get.JSON.stringify.js: Tenray.Topaz.TopazException: Constructor call on null is not defined.; at Tenray.Topaz.ErrorHandling.Exceptions.ThrowCanNotCallConstructor(Object callee) in /_/src/Topaz/ErrorHandling/Exceptions.cs:line 27
kangax-es6/misc.Proxy.get.Object.assign.js: Tenray.Topaz.TopazException: Constructor call on null is not defined.; at Tenray.Topaz.ErrorHandling.Exceptions.ThrowCanNotCallConstructor(Object callee) in /_/src/Topaz/ErrorHandling/Exceptions.cs:line 27
kangax-es6/misc.Proxy.get.Object.defineProperties.js: Tenray.Topaz.TopazException: Constructor call on null is not defined.; at Tenray.Topaz.ErrorHandling.Exceptions.ThrowCanNotCallConstructor(Object callee) in /_/src/Topaz/ErrorHandling/Exceptions.cs:line 27
kangax-es6/misc.Proxy.get.Promise.resolve.js: Tenray.Topaz.TopazException: Constructor call on null is not defined.; at Tenray.Topaz.ErrorHandling.Exceptions.ThrowCanNotCallConstructor(Object callee) in /_/src/Topaz/ErrorHandling/Exceptions.cs:line 27
kangax-es6/misc.Proxy.get.RegExp-constructor.js: Tenray.Topaz.TopazException: Constructor call on null is not defined.; at Tenray.Topaz.ErrorHandling.Exceptions.ThrowCanNotCallConstructor(Object callee) in /_/src/Topaz/ErrorHandling/Exceptions.cs:line 27
kangax-es6/misc.Proxy.get.RegExp.Symbol.match.js: Tenray.Topaz.TopazException: Constructor call on null is not defined.; at Tenray.Topaz.ErrorHandling.Exceptions.ThrowCanNotCallConstructor(Object callee) in /_/src/Topaz/ErrorHandling/Exceptions.cs:line 27
kangax-es6/misc.Proxy.get.RegExp.Symbol.replace.js: Tenray.Topaz.TopazException: Constructor call on null is not defined.; at Tenray.Topaz.ErrorHandling.Exceptions.ThrowCanNotCallConstructor(Object callee) in /_/src/Topaz/ErrorHandling/Exceptions.cs:line 27
kangax-es6/misc.Proxy.get.RegExp.Symbol.search.js: Tenray.Topaz.TopazException: Constructor call on null is not defined.; at Tenray.Topaz.ErrorHandling.Exceptions.ThrowCanNotCallConstructor(Object callee) in /_/src/Topaz/ErrorHandling/Exceptions.cs:line 27
kangax-es6/misc.Proxy.get.RegExp.Symbol.split.js: Tenray.Topaz.TopazException: Function Function is not defined.; at Tenray.Topaz.ErrorHandling.Exceptions.ThrowFunctionIsNotDefined(Object callee, ScriptExecutor scope) in /_/src/Topaz/ErrorHandling/Exceptions.cs:line 73
kangax-es6/misc.Proxy.get.RegExp.flags.js: Tenray.Topaz.TopazException: TypeError: Cannot use 'in' operator to search for 'hasIndices' in null; at Tenray.Topaz.ErrorHandling.Exceptions.ThrowCannotUseInOperatorToSearchForIn(Object d1, Object d2) in /_/src/Topaz/ErrorHandling/Exceptions.cs:line 142
kangax-es6/misc.Proxy.get.RegExp.test.js: Tenray.Topaz.TopazException: Constructor call on null is not defined.; at Tenray.Topaz.ErrorHandling.Exceptions.ThrowCanNotCallConstructor(Object callee) in /_/src/Topaz/ErrorHandling/Exceptions.cs:line 27
kangax-es6/misc.Proxy.get.RegExp.toString.js: Tenray.Topaz.TopazException: Constructor call on null is not defined.; at Tenray.Topaz.ErrorHandling.Exceptions.ThrowCanNotCallConstructor(Object callee) in /_/src/Topaz/ErrorHandling/Exceptions.cs:line 27
kangax-es6/misc.Proxy.get.String.match.js: Tenray.Topaz.TopazException: Function Function is not defined.; at Tenray.Topaz.ErrorHandling.Exceptions.ThrowFunctionIsNotDefined(Object callee, ScriptExecutor scope) in /_/src/Topaz/ErrorHandling/Exceptions.cs:line 73
kangax-es6/misc.Proxy.get.String.raw.js: Tenray.Topaz.TopazException: Constructor call on null is not defined.; at Tenray.Topaz.ErrorHandling.Exceptions.ThrowCanNotCallConstructor(Object callee) in /_/src/Topaz/ErrorHandling/Exceptions.cs:line 27
kangax-es6/misc.Proxy.get.String.replace.js: Tenray.Topaz.TopazException: Function Function is not defined.; at Tenray.Topaz.ErrorHandling.Exceptions.ThrowFunctionIsNotDefined(Object callee, ScriptExecutor scope) in /_/src/Topaz/ErrorHandling/Exceptions.cs:line 73
kangax-es6/misc.Proxy.get.String.search.js: Tenray.Topaz.TopazException: Function Function is not defined.; at Tenray.Topaz.ErrorHandling.Exceptions.ThrowFunctionIsNotDefined(Object callee, ScriptExecutor scope) in /_/src/Topaz/ErrorHandling/Exceptions.cs:line 73
kangax-es6/misc.Proxy.get.String.split.js: Tenray.Topaz.TopazException: Function Function is not defined.; at Tenray.Topaz.ErrorHandling.Exceptions.ThrowFunctionIsNotDefined(Object callee, ScriptExecutor scope) in /_/src/Topaz/ErrorHandling/Exceptions.cs:line 73
kangax-es6/misc.Proxy.get.ToPrimitive.js: Tenray.Topaz.TopazException: Constructor call on null is not defined.; at Tenray.Topaz.ErrorHandling.Exceptions.ThrowCanNotCallConstructor(Object callee) in /_/src/Topaz/ErrorHandling/Exceptions.cs:line 27
kangax-es6/misc.Proxy.get.ToPropertyDescriptor.js: Tenray.Topaz.TopazException: Constructor call on null is not defined.; at Tenray.Topaz.ErrorHandling.Exceptions.ThrowCanNotCallConstructor(Object callee) in /_/src/Topaz/ErrorHandling/Exceptions.cs:line 27
kangax-es6/misc.Proxy.get.instanceof.js: Tenray.Topaz.TopazException: Constructor call on null is not defined.; at Tenray.Topaz.ErrorHandling.Exceptions.ThrowCanNotCallConstructor(Object callee) in /_/src/Topaz/ErrorHandling/Exceptions.cs:line 27
kangax-es6/misc.Proxy.ownKeys.SerializeJSONObject.js: Tenray.Topaz.TopazException: Constructor call on null is not defined.; at Tenray.Topaz.ErrorHandling.Exceptions.ThrowCanNotCallConstructor(Object callee) in /_/src/Topaz/ErrorHandling/Exceptions.cs:line 27
kangax-es6/misc.Proxy.ownKeys.SetIntegrityLevel.js: Tenray.Topaz.TopazException: Constructor call on null is not defined.; at Tenray.Topaz.ErrorHandling.Exceptions.ThrowCanNotCallConstructor(Object callee) in /_/src/Topaz/ErrorHandling/Exceptions.cs:line 27
kangax-es6/misc.Proxy.ownKeys.TestIntegrityLevel.js: Tenray.Topaz.TopazException: Constructor call on null is not defined.; at Tenray.Topaz.ErrorHandling.Exceptions.ThrowCanNotCallConstructor(Object callee) in /_/src/Topaz/ErrorHandling/Exceptions.cs:line 27
kangax-es6/misc.Proxy.set.Array.copyWithin.js: Tenray.Topaz.TopazException: Constructor call on null is not defined.; at Tenray.Topaz.ErrorHandling.Exceptions.ThrowCanNotCallConstructor(Object callee) in /_/src/Topaz/ErrorHandling/Exceptions.cs:line 27
kangax-es6/misc.Proxy.set.Array.fill.js: Tenray.Topaz.TopazException: Constructor call on null is not defined.; at Tenray.Topaz.ErrorHandling.Exceptions.ThrowCanNotCallConstructor(Object callee) in /_/src/Topaz/ErrorHandling/Exceptions.cs:line 27
kangax-es6/misc.Proxy.set.Array.from.js: Tenray.Topaz.TopazException: Constructor call on null is not defined.; at Tenray.Topaz.ErrorHandling.Exceptions.ThrowCanNotCallConstructor(Object callee) in /_/src/Topaz/ErrorHandling/Exceptions.cs:line 27
kangax-es6/misc.Proxy.set.Array.of.js: Tenray.Topaz.TopazException: Constructor call on null is not defined.; at Tenray.Topaz.ErrorHandling.Exceptions.ThrowCanNotCallConstructor(Object callee) in /_/src/Topaz/ErrorHandling/Exceptions.cs:line 27
kangax-es6/misc.Proxy.set.Array.pop.js: Tenray.Topaz.TopazException: Constructor call on null is not defined.; at Tenray.Topaz.ErrorHandling.Exceptions.ThrowCanNotCallConstructor(Object callee) in /_/src/Topaz/ErrorHandling/Exceptions.cs:line 27
kangax-es6/misc.Proxy.set.Array.push.js: Tenray.Topaz.TopazException: Constructor call on null is not defined.; at Tenray.Topaz.ErrorHandling.Exceptions.ThrowCanNotCallConstructor(Object callee) in /_/src/Topaz/ErrorHandling/Exceptions.cs:line 27
kangax-es6/misc.Proxy.set.Array.reverse.js: Tenray.Topaz.TopazException: Constructor call on null is not defined.; at Tenray.Topaz.ErrorHandling.Exceptions.ThrowCanNotCallConstructor(Object callee) in /_/src/Topaz/ErrorHandling/Exceptions.cs:line 27
kangax-es6/misc.Proxy.set.Array.shift.js: Tenray.Topaz.TopazException: Constructor call on null is not defined.; at Tenray.Topaz.ErrorHandling.Exceptions.ThrowCanNotCallConstructor(Object callee) in /_/src/Topaz/ErrorHandling/Exceptions.cs:line 27
kangax-es6/misc.Proxy.set.Array.splice.js: Tenray.Topaz.TopazException: Constructor call on null is not defined.; at Tenray.Topaz.ErrorHandling.Exceptions.ThrowCanNotCallConstructor(Object callee) in /_/src/Topaz/ErrorHandling/Exceptions.cs:line 27
kangax-es6/misc.Proxy.set.Array.unshift.js: Tenray.Topaz.TopazException: Constructor call on null is not defined.; at Tenray.Topaz.ErrorHandling.Exceptions.ThrowCanNotCallConstructor(Object callee) in /_/src/Topaz/ErrorHandling/Exceptions.cs:line 27
kangax-es6/misc.Proxy.set.Object.assign.js: Tenray.Topaz.TopazException: Constructor call on null is not defined.; at Tenray.Topaz.ErrorHandling.Exceptions.ThrowCanNotCallConstructor(Object callee) in /_/src/Topaz/ErrorHandling/Exceptions.cs:line 27
kangax-es6/misc.RegExp-alter-flags.js: Tenray.Topaz.TopazException: Constructor call on null is not defined.; at Tenray.Topaz.ErrorHandling.Exceptions.ThrowCanNotCallConstructor(Object callee) in /_/src/Topaz/ErrorHandling/Exceptions.cs:line 27
kangax-es6/misc.RegExp-prototype-toString-generic.js: Tenray.Topaz.TopazException: Function RegExp.prototype.toString.call is not defined.; at Tenray.Topaz.ErrorHandling.Exceptions.ThrowFunctionIsNotDefined(Object callee, ScriptExecutor scope) in /_/src/Topaz/ErrorHandling/Exceptions.cs:line 73
kangax-es6/misc.accessors-no-constructor.js: Tenray.Topaz.TopazException: Function Object.getOwnPropertyDescriptor is not defined.; at Tenray.Topaz.ErrorHandling.Exceptions.ThrowFunctionIsNotDefined(Object callee, ScriptExecutor scope) in /_/src/Topaz/ErrorHandling/Exceptions.cs:line 73
kangax-es6/misc.bound-function-prototype.arrow.js: Tenray.Topaz.TopazException: Cannot set object member Tenray.Topaz.TopazFunction.__proto__ =; at Tenray.Topaz.ErrorHandling.Exceptions.ThrowCannotSetObjectMember(Object obj, Object member, Object value, Boolean computed) in /_/src/Topaz/ErrorHandling/Exceptions.cs:line 202
kangax-es6/misc.bound-function-prototype.class.js: Tenray.Topaz.TopazException: Esprima.Ast.ClassDeclaration is not supported.; at Tenray.Topaz.ErrorHandling.Exceptions.ThrowNotImplemented(Node statement, ScriptExecutor scope) in /_/src/Topaz/ErrorHandling/Exceptions.cs:line 122
kangax-es6/misc.bound-function-prototype.function.js: Tenray.Topaz.TopazException: Cannot set object member Tenray.Topaz.TopazFunction.__proto__ =; at Tenray.Topaz.ErrorHandling.Exceptions.ThrowCannotSetObjectMember(Object obj, Object member, Object value, Boolean computed) in /_/src/Topaz/ErrorHandling/Exceptions.cs:line 202
kangax-es6/misc.bound-function-prototype.generator.js: Tenray.Topaz.TopazException: Cannot set object member Tenray.Topaz.TopazFunction.__proto__ =; at Tenray.Topaz.ErrorHandling.Exceptions.ThrowCannotSetObjectMember(Object obj, Object member, Object value, Boolean computed) in /_/src/Topaz/ErrorHandling/Exceptions.cs:line 202
kangax-es6/misc.bound-function-prototype.subclass.js: Tenray.Topaz.TopazException: Esprima.Ast.ClassDeclaration is not supported.; at Tenray.Topaz.ErrorHandling.Exceptions.ThrowNotImplemented(Node statement, ScriptExecutor scope) in /_/src/Topaz/ErrorHandling/Exceptions.cs:line 122
kangax-es6/misc.do-while-no-semicolon.js: OK
kangax-es6/misc.duplicate-properties-strict.js: Tenray.Topaz.TopazException: Esprima.Ast.ThisExpression is not supported.; at Tenray.Topaz.ErrorHandling.Exceptions.ThrowNotImplemented(Node statement, ScriptExecutor scope) in /_/src/Topaz/ErrorHandling/Exceptions.cs:line 122
kangax-es6/misc.for-in-no-assignment-strict.js: OK
kangax-es6/misc.function-length-configurable.js: Tenray.Topaz.TopazException: Function Object.getOwnPropertyDescriptor is not defined.; at Tenray.Topaz.ErrorHandling.Exceptions.ThrowFunctionIsNotDefined(Object callee, ScriptExecutor scope) in /_/src/Topaz/ErrorHandling/Exceptions.cs:line 73
kangax-es6/misc.identifier-syntax.no-escaped-reserved.js: OK
kangax-es6/misc.identifier-syntax.var-1.js: OK
kangax-es6/misc.identifier-syntax.var-2.js: OK
kangax-es6/misc.property-order.JSON.parse.js: Tenray.Topaz.TopazException: Function JSON.parse is not defined.; at Tenray.Topaz.ErrorHandling.Exceptions.ThrowFunctionIsNotDefined(Object callee, ScriptExecutor scope) in /_/src/Topaz/ErrorHandling/Exceptions.cs:line 73
kangax-es6/misc.property-order.JSON.stringify.js: Tenray.Topaz.TopazException: Function EFGHIJKLMNOPQRSTUVWXYZ.split is not defined.; at Tenray.Topaz.ErrorHandling.Exceptions.ThrowFunctionIsNotDefined(Object callee, ScriptExecutor scope) in /_/src/Topaz/ErrorHandling/Exceptions.cs:line 73
kangax-es6/misc.property-order.Object.assign.js: Tenray.Topaz.TopazException: Function 012349 DBACEFGHIJKLMNOPQRST.split is not defined.; at Tenray.Topaz.ErrorHandling.Exceptions.ThrowFunctionIsNotDefined(Object callee, ScriptExecutor scope) in /_/src/Topaz/ErrorHandling/Exceptions.cs:line 73
kangax-es6/misc.property-order.Object.getOwnPropertyNames.js: Tenray.Topaz.TopazException: Function EFGHIJKLMNOPQRSTUVWXYZ.split is not defined.; at Tenray.Topaz.ErrorHandling.Exceptions.ThrowFunctionIsNotDefined(Object callee, ScriptExecutor scope) in /_/src/Topaz/ErrorHandling/Exceptions.cs:line 73
kangax-es6/misc.property-order.Object.keys.js: Tenray.Topaz.TopazException: Function EFGHIJKLMNOPQRSTUVWXYZ.split is not defined.; at Tenray.Topaz.ErrorHandling.Exceptions.ThrowFunctionIsNotDefined(Object callee, ScriptExecutor scope) in /_/src/Topaz/ErrorHandling/Exceptions.cs:line 73
kangax-es6/misc.property-order.Reflect.ownKeys.string.js: Tenray.Topaz.TopazException: Function EFGHIJKLMNOPQRSTUVWXYZ.split is not defined.; at Tenray.Topaz.ErrorHandling.Exceptions.ThrowFunctionIsNotDefined(Object callee, ScriptExecutor scope) in /_/src/Topaz/ErrorHandling/Exceptions.cs:line 73
kangax-es6/misc.property-order.Reflect.ownKeys.symbol.js: Tenray.Topaz.TopazException: Function Symbol is not defined.; at Tenray.Topaz.ErrorHandling.Exceptions.ThrowFunctionIsNotDefined(Object callee, ScriptExecutor scope) in /_/src/Topaz/ErrorHandling/Exceptions.cs:line 73
kangax-es6/misc.prototypes-not-instances.js: System.Reflection.TargetInvocationException: Exception has been thrown by the target of an invocation.; ---> Tenray.Topaz.TopazException: Function Object.prototype.toString.call is not defined. at Tenray.Topaz.ErrorHandling.Exceptions.ThrowFunctionIsNotDefined(Object callee, ScriptExecutor scope) in
kangax-es6/new-target.assignment-error.js: Tenray.Topaz.TopazException: Constructor call on Tenray.Topaz.TopazFunction is not defined.; at Tenray.Topaz.ErrorHandling.Exceptions.ThrowCanNotCallConstructor(Object callee) in /_/src/Topaz/ErrorHandling/Exceptions.cs:line 27
kangax-es6/new-target.constructor.js: Tenray.Topaz.TopazException: Constructor call on Tenray.Topaz.TopazFunction is not defined.; at Tenray.Topaz.ErrorHandling.Exceptions.ThrowCanNotCallConstructor(Object callee) in /_/src/Topaz/ErrorHandling/Exceptions.cs:line 27
kangax-es6/regex.flags.u.case-folding.js: Tenray.Topaz.TopazException: Function .match is not defined.; at Tenray.Topaz.ErrorHandling.Exceptions.ThrowFunctionIsNotDefined(Object callee, ScriptExecutor scope) in /_/src/Topaz/ErrorHandling/Exceptions.cs:line 73
kangax-es6/regex.flags.u.codepoint.js: Tenray.Topaz.TopazException: Function .match is not defined.; at Tenray.Topaz.ErrorHandling.Exceptions.ThrowFunctionIsNotDefined(Object callee, ScriptExecutor scope) in /_/src/Topaz/ErrorHandling/Exceptions.cs:line 73
kangax-es6/regex.flags.u.js: Tenray.Topaz.TopazException: Function .match is not defined.; at Tenray.Topaz.ErrorHandling.Exceptions.ThrowFunctionIsNotDefined(Object callee, ScriptExecutor scope) in /_/src/Topaz/ErrorHandling/Exceptions.cs:line 73
kangax-es6/regex.flags.u.non-bmp.js: Tenray.Topaz.TopazException: Function x.match is not defined.; at Tenray.Topaz.ErrorHandling.Exceptions.ThrowFunctionIsNotDefined(Object callee, ScriptExecutor scope) in /_/src/Topaz/ErrorHandling/Exceptions.cs:line 73
kangax-es6/regex.flags.y.js: Tenray.Topaz.TopazException: Constructor call on null is not defined.; at Tenray.Topaz.ErrorHandling.Exceptions.ThrowCanNotCallConstructor(Object callee) in /_/src/Topaz/ErrorHandling/Exceptions.cs:line 27
kangax-es6/regex.flags.y.lastIndex.js: Tenray.Topaz.TopazException: Constructor call on null is not defined.; at Tenray.Topaz.ErrorHandling.Exceptions.ThrowCanNotCallConstructor(Object callee) in /_/src/Topaz/ErrorHandling/Exceptions.cs:line 27
kangax-es6/rest-params.arguments.js: failed
kangax-es6/rest-params.basic.js: failed
kangax-es6/rest-params.length.js: failed
kangax-es6/rest-params.new-function.js: Tenray.Topaz.TopazException: Constructor call on null is not defined.; at Tenray.Topaz.ErrorHandling.Exceptions.ThrowCanNotCallConstructor(Object callee) in /_/src/Topaz/ErrorHandling/Exceptions.cs:line 27
kangax-es6/rest-params.no-setter.js: OK
kangax-es6/spread.array-call.js: Tenray.Topaz.TopazException: Function Math.max is not defined.; at Tenray.Topaz.ErrorHandling.Exceptions.ThrowFunctionIsNotDefined(Object callee, ScriptExecutor scope) in /_/src/Topaz/ErrorHandling/Exceptions.cs:line 73
kangax-es6/spread.array-literal.js: OK
kangax-es6/spread.astral-call.js: Tenray.Topaz.TopazException: Function Array is not defined.; at Tenray.Topaz.ErrorHandling.Exceptions.ThrowFunctionIsNotDefined(Object callee, ScriptExecutor scope) in /_/src/Topaz/ErrorHandling/Exceptions.cs:line 73
kangax-es6/spread.astral-literal.js: failed
kangax-es6/spread.generator-call.js: Tenray.Topaz.TopazException: Esprima.Ast.YieldExpression is not supported.; at Tenray.Topaz.ErrorHandling.Exceptions.ThrowNotImplemented(Node statement, ScriptExecutor scope) in /_/src/Topaz/ErrorHandling/Exceptions.cs:line 122
kangax-es6/spread.generator-literal.js: Tenray.Topaz.TopazException: Esprima.Ast.YieldExpression is not supported.; at Tenray.Topaz.ErrorHandling.Exceptions.ThrowNotImplemented(Node statement, ScriptExecutor scope) in /_/src/Topaz/ErrorHandling/Exceptions.cs:line 122
kangax-es6/spread.iterable-call.js: Tenray.Topaz.TopazException: Function global.__createIterableObject is not defined.; at Tenray.Topaz.ErrorHandling.Exceptions.ThrowFunctionIsNotDefined(Object callee, ScriptExecutor scope) in /_/src/Topaz/ErrorHandling/Exceptions.cs:line 73
kangax-es6/spread.iterable-instance-call.js: Tenray.Topaz.TopazException: Function global.__createIterableObject is not defined.; at Tenray.Topaz.ErrorHandling.Exceptions.ThrowFunctionIsNotDefined(Object callee, ScriptExecutor scope) in /_/src/Topaz/ErrorHandling/Exceptions.cs:line 73
kangax-es6/spread.iterable-instance-literal.js: Tenray.Topaz.TopazException: Function global.__createIterableObject is not defined.; at Tenray.Topaz.ErrorHandling.Exceptions.ThrowFunctionIsNotDefined(Object callee, ScriptExecutor scope) in /_/src/Topaz/ErrorHandling/Exceptions.cs:line 73
kangax-es6/spread.iterable-literal.js: Tenray.Topaz.TopazException: Function global.__createIterableObject is not defined.; at Tenray.Topaz.ErrorHandling.Exceptions.ThrowFunctionIsNotDefined(Object callee, ScriptExecutor scope) in /_/src/Topaz/ErrorHandling/Exceptions.cs:line 73
kangax-es6/spread.non-iterable-error.js: Tenray.Topaz.TopazException: Function Math.max is not defined.; at Tenray.Topaz.ErrorHandling.Exceptions.ThrowFunctionIsNotDefined(Object callee, ScriptExecutor scope) in /_/src/Topaz/ErrorHandling/Exceptions.cs:line 73 at Tenray.Topaz.Statements.TryStatementHandler.HandleCatch(ScriptExecutor script
kangax-es6/spread.sparse-call.js: Tenray.Topaz.TopazException: Function Array is not defined.; at Tenray.Topaz.ErrorHandling.Exceptions.ThrowFunctionIsNotDefined(Object callee, ScriptExecutor scope) in /_/src/Topaz/ErrorHandling/Exceptions.cs:line 73
kangax-es6/spread.sparse-literal.js: failed
kangax-es6/spread.string-call.js: Tenray.Topaz.TopazException: Function Math.max is not defined.; at Tenray.Topaz.ErrorHandling.Exceptions.ThrowFunctionIsNotDefined(Object callee, ScriptExecutor scope) in /_/src/Topaz/ErrorHandling/Exceptions.cs:line 73
kangax-es6/spread.string-literal.js: failed
kangax-es6/subclassing.Array.concat.js: Tenray.Topaz.TopazException: Esprima.Ast.ClassDeclaration is not supported.; at Tenray.Topaz.ErrorHandling.Exceptions.ThrowNotImplemented(Node statement, ScriptExecutor scope) in /_/src/Topaz/ErrorHandling/Exceptions.cs:line 122
kangax-es6/subclassing.Array.filter.js: Tenray.Topaz.TopazException: Esprima.Ast.ClassDeclaration is not supported.; at Tenray.Topaz.ErrorHandling.Exceptions.ThrowNotImplemented(Node statement, ScriptExecutor scope) in /_/src/Topaz/ErrorHandling/Exceptions.cs:line 122
kangax-es6/subclassing.Array.from.js: Tenray.Topaz.TopazException: Esprima.Ast.ClassDeclaration is not supported.; at Tenray.Topaz.ErrorHandling.Exceptions.ThrowNotImplemented(Node statement, ScriptExecutor scope) in /_/src/Topaz/ErrorHandling/Exceptions.cs:line 122
kangax-es6/subclassing.Array.isArray.js: Tenray.Topaz.TopazException: Esprima.Ast.ClassDeclaration is not supported.; at Tenray.Topaz.ErrorHandling.Exceptions.ThrowNotImplemented(Node statement, ScriptExecutor scope) in /_/src/Topaz/ErrorHandling/Exceptions.cs:line 122
kangax-es6/subclassing.Array.length-access.js: Tenray.Topaz.TopazException: Esprima.Ast.ClassDeclaration is not supported.; at Tenray.Topaz.ErrorHandling.Exceptions.ThrowNotImplemented(Node statement, ScriptExecutor scope) in /_/src/Topaz/ErrorHandling/Exceptions.cs:line 122
kangax-es6/subclassing.Array.length-set.js: Tenray.Topaz.TopazException: Esprima.Ast.ClassDeclaration is not supported.; at Tenray.Topaz.ErrorHandling.Exceptions.ThrowNotImplemented(Node statement, ScriptExecutor scope) in /_/src/Topaz/ErrorHandling/Exceptions.cs:line 122
kangax-es6/subclassing.Array.map.js: Tenray.Topaz.TopazException: Esprima.Ast.ClassDeclaration is not supported.; at Tenray.Topaz.ErrorHandling.Exceptions.ThrowNotImplemented(Node statement, ScriptExecutor scope) in /_/src/Topaz/ErrorHandling/Exceptions.cs:line 122
kangax-es6/subclassing.Array.of.js: Tenray.Topaz.TopazException: Esprima.Ast.ClassDeclaration is not supported.; at Tenray.Topaz.ErrorHandling.Exceptions.ThrowNotImplemented(Node statement, ScriptExecutor scope) in /_/src/Topaz/ErrorHandling/Exceptions.cs:line 122
kangax-es6/subclassing.Array.prototype-chain.js: Tenray.Topaz.TopazException: Esprima.Ast.ClassDeclaration is not supported.; at Tenray.Topaz.ErrorHandling.Exceptions.ThrowNotImplemented(Node statement, ScriptExecutor scope) in /_/src/Topaz/ErrorHandling/Exceptions.cs:line 122
kangax-es6/subclassing.Array.slice.js: Tenray.Topaz.TopazException: Esprima.Ast.ClassDeclaration is not supported.; at Tenray.Topaz.ErrorHandling.Exceptions.ThrowNotImplemented(Node statement, ScriptExecutor scope) in /_/src/Topaz/ErrorHandling/Exceptions.cs:line 122
kangax-es6/subclassing.Array.splice.js: Tenray.Topaz.TopazException: Esprima.Ast.ClassDeclaration is not supported.; at Tenray.Topaz.ErrorHandling.Exceptions.ThrowNotImplemented(Node statement, ScriptExecutor scope) in /_/src/Topaz/ErrorHandling/Exceptions.cs:line 122
kangax-es6/subclassing.Function.call.js: Tenray.Topaz.TopazException: Esprima.Ast.ClassDeclaration is not supported.; at Tenray.Topaz.ErrorHandling.Exceptions.ThrowNotImplemented(Node statement, ScriptExecutor scope) in /_/src/Topaz/ErrorHandling/Exceptions.cs:line 122
kangax-es6/subclassing.Function.new.js: Tenray.Topaz.TopazException: Esprima.Ast.ClassDeclaration is not supported.; at Tenray.Topaz.ErrorHandling.Exceptions.ThrowNotImplemented(Node statement, ScriptExecutor scope) in /_/src/Topaz/ErrorHandling/Exceptions.cs:line 122
kangax-es6/subclassing.Function.prototype-chain.js: Tenray.Topaz.TopazException: Esprima.Ast.ClassDeclaration is not supported.; at Tenray.Topaz.ErrorHandling.Exceptions.ThrowNotImplemented(Node statement, ScriptExecutor scope) in /_/src/Topaz/ErrorHandling/Exceptions.cs:line 122
kangax-es6/subclassing.Function.prototype.apply.js: Tenray.Topaz.TopazException: Esprima.Ast.ClassDeclaration is not supported.; at Tenray.Topaz.ErrorHandling.Exceptions.ThrowNotImplemented(Node statement, ScriptExecutor scope) in /_/src/Topaz/ErrorHandling/Exceptions.cs:line 122
kangax-es6/subclassing.Function.prototype.bind.js: Tenray.Topaz.TopazException: Esprima.Ast.ClassDeclaration is not supported.; at Tenray.Topaz.ErrorHandling.Exceptions.ThrowNotImplemented(Node statement, ScriptExecutor scope) in /_/src/Topaz/ErrorHandling/Exceptions.cs:line 122
kangax-es6/subclassing.Function.prototype.call.js: Tenray.Topaz.TopazException: Esprima.Ast.ClassDeclaration is not supported.; at Tenray.Topaz.ErrorHandling.Exceptions.ThrowNotImplemented(Node statement, ScriptExecutor scope) in /_/src/Topaz/ErrorHandling/Exceptions.cs:line 122
kangax-es6/subclassing.Promise.all.js: Tenray.Topaz.TopazException: Esprima.Ast.ClassDeclaration is not supported.; at Tenray.Topaz.ErrorHandling.Exceptions.ThrowNotImplemented(Node statement, ScriptExecutor scope) in /_/src/Topaz/ErrorHandling/Exceptions.cs:line 122
kangax-es6/subclassing.Promise.js: Tenray.Topaz.TopazException: Esprima.Ast.ClassDeclaration is not supported.; at Tenray.Topaz.ErrorHandling.Exceptions.ThrowNotImplemented(Node statement, ScriptExecutor scope) in /_/src/Topaz/ErrorHandling/Exceptions.cs:line 122
kangax-es6/subclassing.Promise.prototype-chain.js: Tenray.Topaz.TopazException: Esprima.Ast.ClassDeclaration is not supported.; at Tenray.Topaz.ErrorHandling.Exceptions.ThrowNotImplemented(Node statement, ScriptExecutor scope) in /_/src/Topaz/ErrorHandling/Exceptions.cs:line 122
kangax-es6/subclassing.Promise.race.js: Tenray.Topaz.TopazException: Esprima.Ast.ClassDeclaration is not supported.; at Tenray.Topaz.ErrorHandling.Exceptions.ThrowNotImplemented(Node statement, ScriptExecutor scope) in /_/src/Topaz/ErrorHandling/Exceptions.cs:line 122
kangax-es6/subclassing.RegExp.exec.js: Tenray.Topaz.TopazException: Esprima.Ast.ClassDeclaration is not supported.; at Tenray.Topaz.ErrorHandling.Exceptions.ThrowNotImplemented(Node statement, ScriptExecutor scope) in /_/src/Topaz/ErrorHandling/Exceptions.cs:line 122
kangax-es6/subclassing.RegExp.js: Tenray.Topaz.TopazException: Esprima.Ast.ClassDeclaration is not supported.; at Tenray.Topaz.ErrorHandling.Exceptions.ThrowNotImplemented(Node statement, ScriptExecutor scope) in /_/src/Topaz/ErrorHandling/Exceptions.cs:line 122
kangax-es6/subclassing.RegExp.prototype-chain.js: Tenray.Topaz.TopazException: Esprima.Ast.ClassDeclaration is not supported.; at Tenray.Topaz.ErrorHandling.Exceptions.ThrowNotImplemented(Node statement, ScriptExecutor scope) in /_/src/Topaz/ErrorHandling/Exceptions.cs:line 122
kangax-es6/subclassing.RegExp.test.js: Tenray.Topaz.TopazException: Esprima.Ast.ClassDeclaration is not supported.; at Tenray.Topaz.ErrorHandling.Exceptions.ThrowNotImplemented(Node statement, ScriptExecutor scope) in /_/src/Topaz/ErrorHandling/Exceptions.cs:line 122
kangax-es6/subclassing.misc.Boolean.js: Tenray.Topaz.TopazException: Esprima.Ast.ClassDeclaration is not supported.; at Tenray.Topaz.ErrorHandling.Exceptions.ThrowNotImplemented(Node statement, ScriptExecutor scope) in /_/src/Topaz/ErrorHandling/Exceptions.cs:line 122
kangax-es6/subclassing.misc.Error.js: Tenray.Topaz.TopazException: Esprima.Ast.ClassDeclaration is not supported.; at Tenray.Topaz.ErrorHandling.Exceptions.ThrowNotImplemented(Node statement, ScriptExecutor scope) in /_/src/Topaz/ErrorHandling/Exceptions.cs:line 122
kangax-es6/subclassing.misc.Map.js: Tenray.Topaz.TopazException: Esprima.Ast.ClassDeclaration is not supported.; at Tenray.Topaz.ErrorHandling.Exceptions.ThrowNotImplemented(Node statement, ScriptExecutor scope) in /_/src/Topaz/ErrorHandling/Exceptions.cs:line 122
kangax-es6/subclassing.misc.Number.js: Tenray.Topaz.TopazException: Esprima.Ast.ClassDeclaration is not supported.; at Tenray.Topaz.ErrorHandling.Exceptions.ThrowNotImplemented(Node statement, ScriptExecutor scope) in /_/src/Topaz/ErrorHandling/Exceptions.cs:line 122
kangax-es6/subclassing.misc.Set.js: Tenray.Topaz.TopazException: Esprima.Ast.ClassDeclaration is not supported.; at Tenray.Topaz.ErrorHandling.Exceptions.ThrowNotImplemented(Node statement, ScriptExecutor scope) in /_/src/Topaz/ErrorHandling/Exceptions.cs:line 122
kangax-es6/subclassing.misc.String.js: Tenray.Topaz.TopazException: Esprima.Ast.ClassDeclaration is not supported.; at Tenray.Topaz.ErrorHandling.Exceptions.ThrowNotImplemented(Node statement, ScriptExecutor scope) in /_/src/Topaz/ErrorHandling/Exceptions.cs:line 122
kangax-es6/super.correct-constructor.js: Tenray.Topaz.TopazException: Esprima.Ast.ClassDeclaration is not supported.; at Tenray.Topaz.ErrorHandling.Exceptions.ThrowNotImplemented(Node statement, ScriptExecutor scope) in /_/src/Topaz/ErrorHandling/Exceptions.cs:line 122
kangax-es6/super.expression.js: Tenray.Topaz.TopazException: Esprima.Ast.ClassDeclaration is not supported.; at Tenray.Topaz.ErrorHandling.Exceptions.ThrowNotImplemented(Node statement, ScriptExecutor scope) in /_/src/Topaz/ErrorHandling/Exceptions.cs:line 122
kangax-es6/super.method-calls.js: Tenray.Topaz.TopazException: Esprima.Ast.ClassDeclaration is not supported.; at Tenray.Topaz.ErrorHandling.Exceptions.ThrowNotImplemented(Node statement, ScriptExecutor scope) in /_/src/Topaz/ErrorHandling/Exceptions.cs:line 122
kangax-es6/super.new-target-binding.js: Tenray.Topaz.TopazException: Esprima.Ast.ClassDeclaration is not supported.; at Tenray.Topaz.ErrorHandling.Exceptions.ThrowNotImplemented(Node statement, ScriptExecutor scope) in /_/src/Topaz/ErrorHandling/Exceptions.cs:line 122
kangax-es6/super.property-access.js: Tenray.Topaz.TopazException: Esprima.Ast.ClassDeclaration is not supported.; at Tenray.Topaz.ErrorHandling.Exceptions.ThrowNotImplemented(Node statement, ScriptExecutor scope) in /_/src/Topaz/ErrorHandling/Exceptions.cs:line 122
kangax-es6/super.statement.js: Tenray.Topaz.TopazException: Esprima.Ast.ClassDeclaration is not supported.; at Tenray.Topaz.ErrorHandling.Exceptions.ThrowNotImplemented(Node statement, ScriptExecutor scope) in /_/src/Topaz/ErrorHandling/Exceptions.cs:line 122
kangax-es6/super.static-binding.js: Tenray.Topaz.TopazException: Esprima.Ast.ClassDeclaration is not supported.; at Tenray.Topaz.ErrorHandling.Exceptions.ThrowNotImplemented(Node statement, ScriptExecutor scope) in /_/src/Topaz/ErrorHandling/Exceptions.cs:line 122
kangax-es6/super.this-binding.js: Tenray.Topaz.TopazException: Esprima.Ast.ClassDeclaration is not supported.; at Tenray.Topaz.ErrorHandling.Exceptions.ThrowNotImplemented(Node statement, ScriptExecutor scope) in /_/src/Topaz/ErrorHandling/Exceptions.cs:line 122
kangax-es6/tail-calls.direct.js: crashed (signal 6)
kangax-es6/tail-calls.mutual.js: crashed (signal 6)
kangax-es6/template.basic.js: Tenray.Topaz.TopazException: Function b.toLowerCase is not defined.; at Tenray.Topaz.ErrorHandling.Exceptions.ThrowFunctionIsNotDefined(Object callee, ScriptExecutor scope) in /_/src/Topaz/ErrorHandling/Exceptions.cs:line 73
kangax-es6/template.caching.js: failed
kangax-es6/template.escape-sequences.js: failed
kangax-es6/template.frozen-array.js: Tenray.Topaz.TopazException: Function Object.isFrozen is not defined.; at Tenray.Topaz.ErrorHandling.Exceptions.ThrowFunctionIsNotDefined(Object callee, ScriptExecutor scope) in /_/src/Topaz/ErrorHandling/Exceptions.cs:line 73
kangax-es6/template.line-break.js: Tenray.Topaz.TopazException: Function String.fromCharCode is not defined.; at Tenray.Topaz.ErrorHandling.Exceptions.ThrowFunctionIsNotDefined(Object callee, ScriptExecutor scope) in /_/src/Topaz/ErrorHandling/Exceptions.cs:line 73
kangax-es6/template.permanent-caching.js: Tenray.Topaz.TopazException: Constructor call on Tenray.Topaz.TopazFunction is not defined.; at Tenray.Topaz.ErrorHandling.Exceptions.ThrowCanNotCallConstructor(Object callee) in /_/src/Topaz/ErrorHandling/Exceptions.cs:line 27
kangax-es6/template.tagged.js: failed
kangax-es6/template.toString.js: failed
kangax-es6/typed-arrays.ArrayBuffer.Symbol.species.js: failed
kangax-es6/typed-arrays.DataView.Float32.js: Tenray.Topaz.TopazException: Constructor call on null is not defined.; at Tenray.Topaz.ErrorHandling.Exceptions.ThrowCanNotCallConstructor(Object callee) in /_/src/Topaz/ErrorHandling/Exceptions.cs:line 27
kangax-es6/typed-arrays.DataView.Float64.js: Tenray.Topaz.TopazException: Constructor call on null is not defined.; at Tenray.Topaz.ErrorHandling.Exceptions.ThrowCanNotCallConstructor(Object callee) in /_/src/Topaz/ErrorHandling/Exceptions.cs:line 27
kangax-es6/typed-arrays.DataView.Int8.js: Tenray.Topaz.TopazException: Constructor call on null is not defined.; at Tenray.Topaz.ErrorHandling.Exceptions.ThrowCanNotCallConstructor(Object callee) in /_/src/Topaz/ErrorHandling/Exceptions.cs:line 27
kangax-es6/typed-arrays.DataView.Int16.js: Tenray.Topaz.TopazException: Constructor call on null is not defined.; at Tenray.Topaz.ErrorHandling.Exceptions.ThrowCanNotCallConstructor(Object callee) in /_/src/Topaz/ErrorHandling/Exceptions.cs:line 27
kangax-es6/typed-arrays.DataView.Int32.js: Tenray.Topaz.TopazException: Constructor call on null is not defined.; at Tenray.Topaz.ErrorHandling.Exceptions.ThrowCanNotCallConstructor(Object callee) in /_/src/Topaz/ErrorHandling/Exceptions.cs:line 27
kangax-es6/typed-arrays.DataView.Uint8.js: Tenray.Topaz.TopazException: Constructor call on null is not defined.; at Tenray.Topaz.ErrorHandling.Exceptions.ThrowCanNotCallConstructor(Object callee) in /_/src/Topaz/ErrorHandling/Exceptions.cs:line 27
kangax-es6/typed-arrays.DataView.Uint16.js: Tenray.Topaz.TopazException: Constructor call on null is not defined.; at Tenray.Topaz.ErrorHandling.Exceptions.ThrowCanNotCallConstructor(Object callee) in /_/src/Topaz/ErrorHandling/Exceptions.cs:line 27
kangax-es6/typed-arrays.DataView.Uint32.js: Tenray.Topaz.TopazException: Constructor call on null is not defined.; at Tenray.Topaz.ErrorHandling.Exceptions.ThrowCanNotCallConstructor(Object callee) in /_/src/Topaz/ErrorHandling/Exceptions.cs:line 27
kangax-es6/typed-arrays.Float32Array.js: Tenray.Topaz.TopazException: Constructor call on null is not defined.; at Tenray.Topaz.ErrorHandling.Exceptions.ThrowCanNotCallConstructor(Object callee) in /_/src/Topaz/ErrorHandling/Exceptions.cs:line 27
kangax-es6/typed-arrays.Float64Array.js: Tenray.Topaz.TopazException: Constructor call on null is not defined.; at Tenray.Topaz.ErrorHandling.Exceptions.ThrowCanNotCallConstructor(Object callee) in /_/src/Topaz/ErrorHandling/Exceptions.cs:line 27
kangax-es6/typed-arrays.Int8Array.js: Tenray.Topaz.TopazException: Constructor call on null is not defined.; at Tenray.Topaz.ErrorHandling.Exceptions.ThrowCanNotCallConstructor(Object callee) in /_/src/Topaz/ErrorHandling/Exceptions.cs:line 27
kangax-es6/typed-arrays.Int16Array.js: Tenray.Topaz.TopazException: Constructor call on null is not defined.; at Tenray.Topaz.ErrorHandling.Exceptions.ThrowCanNotCallConstructor(Object callee) in /_/src/Topaz/ErrorHandling/Exceptions.cs:line 27
kangax-es6/typed-arrays.Int32Array.js: Tenray.Topaz.TopazException: Constructor call on null is not defined.; at Tenray.Topaz.ErrorHandling.Exceptions.ThrowCanNotCallConstructor(Object callee) in /_/src/Topaz/ErrorHandling/Exceptions.cs:line 27
kangax-es6/typed-arrays.Symbol.species.js: failed
kangax-es6/typed-arrays.Uint8Array.js: Tenray.Topaz.TopazException: Constructor call on null is not defined.; at Tenray.Topaz.ErrorHandling.Exceptions.ThrowCanNotCallConstructor(Object callee) in /_/src/Topaz/ErrorHandling/Exceptions.cs:line 27
kangax-es6/typed-arrays.Uint8ClampedArray.js: Tenray.Topaz.TopazException: Constructor call on null is not defined.; at Tenray.Topaz.ErrorHandling.Exceptions.ThrowCanNotCallConstructor(Object callee) in /_/src/Topaz/ErrorHandling/Exceptions.cs:line 27
kangax-es6/typed-arrays.Uint16Array.js: Tenray.Topaz.TopazException: Constructor call on null is not defined.; at Tenray.Topaz.ErrorHandling.Exceptions.ThrowCanNotCallConstructor(Object callee) in /_/src/Topaz/ErrorHandling/Exceptions.cs:line 27
kangax-es6/typed-arrays.Uint32Array.js: Tenray.Topaz.TopazException: Constructor call on null is not defined.; at Tenray.Topaz.ErrorHandling.Exceptions.ThrowCanNotCallConstructor(Object callee) in /_/src/Topaz/ErrorHandling/Exceptions.cs:line 27
kangax-es6/typed-arrays.constructor-iterables.js: Tenray.Topaz.TopazException: Constructor call on null is not defined.; at Tenray.Topaz.ErrorHandling.Exceptions.ThrowCanNotCallConstructor(Object callee) in /_/src/Topaz/ErrorHandling/Exceptions.cs:line 27
kangax-es6/typed-arrays.constructor-requires-new.js: Tenray.Topaz.TopazException: Constructor call on null is not defined.; at Tenray.Topaz.ErrorHandling.Exceptions.ThrowCanNotCallConstructor(Object callee) in /_/src/Topaz/ErrorHandling/Exceptions.cs:line 27
kangax-es6/typed-arrays.correct-prototype-chains.js: Tenray.Topaz.TopazException: Function Object.getPrototypeOf is not defined.; at Tenray.Topaz.ErrorHandling.Exceptions.ThrowFunctionIsNotDefined(Object callee, ScriptExecutor scope) in /_/src/Topaz/ErrorHandling/Exceptions.cs:line 73
kangax-es6/typed-arrays.from.js: failed
kangax-es6/typed-arrays.of.js: failed
kangax-es6/typed-arrays.prototype.Symbol.iterator.js: failed
kangax-es6/typed-arrays.prototype.copyWithin.js: failed
kangax-es6/typed-arrays.prototype.entries.js: failed
kangax-es6/typed-arrays.prototype.every.js: failed
kangax-es6/typed-arrays.prototype.fill.js: failed
kangax-es6/typed-arrays.prototype.filter.js: failed
kangax-es6/typed-arrays.prototype.findIndex.js: failed
kangax-es6/typed-arrays.prototype.find.js: failed
kangax-es6/typed-arrays.prototype.forEach.js: failed
kangax-es6/typed-arrays.prototype.indexOf.js: failed
kangax-es6/typed-arrays.prototype.join.js: failed
kangax-es6/typed-arrays.prototype.keys.js: failed
kangax-es6/typed-arrays.prototype.lastIndexOf.js: failed
kangax-es6/typed-arrays.prototype.map.js: failed
kangax-es6/typed-arrays.prototype.reduceRight.js: failed
kangax-es6/typed-arrays.prototype.reduce.js: failed
kangax-es6/typed-arrays.prototype.reverse.js: failed
kangax-es6/typed-arrays.prototype.slice.js: failed
kangax-es6/typed-arrays.prototype.some.js: failed
kangax-es6/typed-arrays.prototype.sort.js: failed
kangax-es6/typed-arrays.prototype.subarray.js: failed
kangax-es6/typed-arrays.prototype.values.js: failed
kangax-es6/unicode-escapes.identifier.js: OK
kangax-es6/unicode-escapes.property-access.js: OK
kangax-es6/unicode-escapes.property-key.js: OK
kangax-es6/unicode-escapes.string.js: OK
kangax-es6/well-known.hasInstance.js: Tenray.Topaz.TopazException: Function Object.defineProperty is not defined.; at Tenray.Topaz.ErrorHandling.Exceptions.ThrowFunctionIsNotDefined(Object callee, ScriptExecutor scope) in /_/src/Topaz/ErrorHandling/Exceptions.cs:line 73
kangax-es6/well-known.isConcatSpreadable.non-spreadable.js: failed
kangax-es6/well-known.isConcatSpreadable.poisoned-getter.js: failed
kangax-es6/well-known.iterator.arguments.js: Tenray.Topaz.TopazException: Function Object.hasOwnProperty.call is not defined.; at Tenray.Topaz.ErrorHandling.Exceptions.ThrowFunctionIsNotDefined(Object callee, ScriptExecutor scope) in /_/src/Topaz/ErrorHandling/Exceptions.cs:line 73
kangax-es6/well-known.iterator.js: Tenray.Topaz.TopazException: TypeError: Cannot use 'in' operator to search for 'iterator' in null; at Tenray.Topaz.ErrorHandling.Exceptions.ThrowCannotUseInOperatorToSearchForIn(Object d1, Object d2) in /_/src/Topaz/ErrorHandling/Exceptions.cs:line 142
kangax-es6/well-known.match.RegExp-constructor.js: Tenray.Topaz.TopazException: Function RegExp is not defined.; at Tenray.Topaz.ErrorHandling.Exceptions.ThrowFunctionIsNotDefined(Object callee, ScriptExecutor scope) in /_/src/Topaz/ErrorHandling/Exceptions.cs:line 73
kangax-es6/well-known.match.String.endsWith.js: Tenray.Topaz.TopazException: Function /./.endsWith is not defined.; at Tenray.Topaz.ErrorHandling.Exceptions.ThrowFunctionIsNotDefined(Object callee, ScriptExecutor scope) in /_/src/Topaz/ErrorHandling/Exceptions.cs:line 73 at Tenray.Topaz.Statements.TryStatementHandler.HandleCatch(ScriptExecutor sc
kangax-es6/well-known.match.String.includes.js: Tenray.Topaz.TopazException: Function /./.includes is not defined.; at Tenray.Topaz.ErrorHandling.Exceptions.ThrowFunctionIsNotDefined(Object callee, ScriptExecutor scope) in /_/src/Topaz/ErrorHandling/Exceptions.cs:line 73 at Tenray.Topaz.Statements.TryStatementHandler.HandleCatch(ScriptExecutor sc
kangax-es6/well-known.match.String.startsWith.js: Tenray.Topaz.TopazException: Function /./.startsWith is not defined.; at Tenray.Topaz.ErrorHandling.Exceptions.ThrowFunctionIsNotDefined(Object callee, ScriptExecutor scope) in /_/src/Topaz/ErrorHandling/Exceptions.cs:line 73 at Tenray.Topaz.Statements.TryStatementHandler.HandleCatch(ScriptExecutor 
kangax-es6/well-known.match.js: Tenray.Topaz.TopazException: Function .match is not defined.; at Tenray.Topaz.ErrorHandling.Exceptions.ThrowFunctionIsNotDefined(Object callee, ScriptExecutor scope) in /_/src/Topaz/ErrorHandling/Exceptions.cs:line 73
kangax-es6/well-known.replace.js: Tenray.Topaz.TopazException: Function .replace is not defined.; at Tenray.Topaz.ErrorHandling.Exceptions.ThrowFunctionIsNotDefined(Object callee, ScriptExecutor scope) in /_/src/Topaz/ErrorHandling/Exceptions.cs:line 73
kangax-es6/well-known.search.js: Tenray.Topaz.TopazException: Function .search is not defined.; at Tenray.Topaz.ErrorHandling.Exceptions.ThrowFunctionIsNotDefined(Object callee, ScriptExecutor scope) in /_/src/Topaz/ErrorHandling/Exceptions.cs:line 73
kangax-es6/well-known.species.Array.concat.js: Tenray.Topaz.TopazException: Function Array.prototype.concat.call is not defined.; at Tenray.Topaz.ErrorHandling.Exceptions.ThrowFunctionIsNotDefined(Object callee, ScriptExecutor scope) in /_/src/Topaz/ErrorHandling/Exceptions.cs:line 73
kangax-es6/well-known.species.Array.filter.js: Tenray.Topaz.TopazException: Function Array.prototype.filter.call is not defined.; at Tenray.Topaz.ErrorHandling.Exceptions.ThrowFunctionIsNotDefined(Object callee, ScriptExecutor scope) in /_/src/Topaz/ErrorHandling/Exceptions.cs:line 73
kangax-es6/well-known.species.Array.map.js: Tenray.Topaz.TopazException: Function Array.prototype.map.call is not defined.; at Tenray.Topaz.ErrorHandling.Exceptions.ThrowFunctionIsNotDefined(Object callee, ScriptExecutor scope) in /_/src/Topaz/ErrorHandling/Exceptions.cs:line 73
kangax-es6/well-known.species.Array.slice.js: Tenray.Topaz.TopazException: Function Array.prototype.slice.call is not defined.; at Tenray.Topaz.ErrorHandling.Exceptions.ThrowFunctionIsNotDefined(Object callee, ScriptExecutor scope) in /_/src/Topaz/ErrorHandling/Exceptions.cs:line 73
kangax-es6/well-known.species.Array.splice.js: Tenray.Topaz.TopazException: Function Array.prototype.splice.call is not defined.; at Tenray.Topaz.ErrorHandling.Exceptions.ThrowFunctionIsNotDefined(Object callee, ScriptExecutor scope) in /_/src/Topaz/ErrorHandling/Exceptions.cs:line 73
kangax-es6/well-known.species.Promise.then.js: Tenray.Topaz.TopazException: Constructor call on null is not defined.; at Tenray.Topaz.ErrorHandling.Exceptions.ThrowCanNotCallConstructor(Object callee) in /_/src/Topaz/ErrorHandling/Exceptions.cs:line 27
kangax-es6/well-known.species.RegExp.split.js: Tenray.Topaz.TopazException: Function .split is not defined.; at Tenray.Topaz.ErrorHandling.Exceptions.ThrowFunctionIsNotDefined(Object callee, ScriptExecutor scope) in /_/src/Topaz/ErrorHandling/Exceptions.cs:line 73
kangax-es6/well-known.species.js: Tenray.Topaz.TopazException: TypeError: Cannot use 'in' operator to search for 'species' in null; at Tenray.Topaz.ErrorHandling.Exceptions.ThrowCannotUseInOperatorToSearchForIn(Object d1, Object d2) in /_/src/Topaz/ErrorHandling/Exceptions.cs:line 142
kangax-es6/well-known.split.js: Tenray.Topaz.TopazException: Function .split is not defined.; at Tenray.Topaz.ErrorHandling.Exceptions.ThrowFunctionIsNotDefined(Object callee, ScriptExecutor scope) in /_/src/Topaz/ErrorHandling/Exceptions.cs:line 73
kangax-es6/well-known.toPrimitive.js: failed
kangax-es6/well-known.toStringTag.existing-builtins.js: Tenray.Topaz.TopazException: Constructor call on null is not defined.; at Tenray.Topaz.ErrorHandling.Exceptions.ThrowCanNotCallConstructor(Object callee) in /_/src/Topaz/ErrorHandling/Exceptions.cs:line 27
kangax-es6/well-known.toStringTag.js: failed
kangax-es6/well-known.toStringTag.misc-builtins.js: failed
kangax-es6/well-known.toStringTag.new-builtins.js: System.Reflection.TargetInvocationException: Exception has been thrown by the target of an invocation.; ---> Tenray.Topaz.TopazException: Constructor call on null is not defined. at Tenray.Topaz.ErrorHandling.Exceptions.ThrowCanNotCallConstructor(Object callee) in /_/src/Topaz/ErrorHandling/Exceptio
kangax-es6/well-known.unscopables.js: Tenray.Topaz.TopazException: Esprima.Ast.WithStatement is not supported.; at Tenray.Topaz.ErrorHandling.Exceptions.ThrowNotImplemented(Node statement, ScriptExecutor scope) in /_/src/Topaz/ErrorHandling/Exceptions.cs:line 122
kangax-es2016/Array.prototype.includes.generic.js: Tenray.Topaz.TopazException: Function Tenray.Topaz.API.JsArray.includes.call is not defined.; at Tenray.Topaz.ErrorHandling.Exceptions.ThrowFunctionIsNotDefined(Object callee, ScriptExecutor scope) in /_/src/Topaz/ErrorHandling/Exceptions.cs:line 73
kangax-es2016/Array.prototype.includes.js: OK
kangax-es2016/Array.prototype.includes.sparse.js: Tenray.Topaz.TopazException: Interop error: Cannot find function matching given arguments:; at Tenray.Topaz.ErrorHandling.Exceptions.ThrowCannotFindFunctionMatchingGivenArguments(String name, IReadOnlyList`1 args) in /_/src/Topaz/ErrorHandling/Exceptions.cs:line 178
kangax-es2016/Array.prototype.includes.typed-array.js: System.Reflection.TargetInvocationException: Exception has been thrown by the target of an invocation.; ---> Tenray.Topaz.TopazException: Constructor call on null is not defined. at Tenray.Topaz.ErrorHandling.Exceptions.ThrowCanNotCallConstructor(Object callee) in /_/src/Topaz/ErrorHandling/Exceptio
kangax-es2016/exponentiation.assignment.js: OK
kangax-es2016/exponentiation.basic.js: failed
kangax-es2016/exponentiation.unary-negation-error.js: OK
kangax-es2016/misc.Proxy-Array-includes.js: Tenray.Topaz.TopazException: Constructor call on null is not defined.; at Tenray.Topaz.ErrorHandling.Exceptions.ThrowCanNotCallConstructor(Object callee) in /_/src/Topaz/ErrorHandling/Exceptions.cs:line 27
kangax-es2016/misc.Proxy-enumerate-removed.js: Tenray.Topaz.TopazException: Constructor call on null is not defined.; at Tenray.Topaz.ErrorHandling.Exceptions.ThrowCanNotCallConstructor(Object callee) in /_/src/Topaz/ErrorHandling/Exceptions.cs:line 27
kangax-es2016/misc.generator-no-new.js: OK
kangax-es2016/misc.generator-throw-inner.js: Tenray.Topaz.TopazException: Esprima.Ast.YieldExpression is not supported.; at Tenray.Topaz.ErrorHandling.Exceptions.ThrowNotImplemented(Node statement, ScriptExecutor scope) in /_/src/Topaz/ErrorHandling/Exceptions.cs:line 122
kangax-es2016/misc.nested-rest-destructuring-decl.js: Tenray.Topaz.TopazException: Internal error: Cannot define variable with given object: Esprima.Ast.ArrayPattern; at Tenray.Topaz.ErrorHandling.Exceptions.ThrowCannotDefineVariableWithGivenObject(Object value) in /_/src/Topaz/ErrorHandling/Exceptions.cs:line 172
kangax-es2016/misc.nested-rest-destructuring-params.js: System.InvalidCastException: Unable to cast object of type 'Esprima.Ast.ArrayPattern' to type 'Esprima.Ast.Identifier'.
kangax-es2016/misc.strict-fn-non-simple-params-error.js: OK
kangax-es2017/Atomics.add.js: failed
kangax-es2017/Atomics.and.js: failed
kangax-es2017/Atomics.compareExchange.js: failed
kangax-es2017/Atomics.exchange.js: failed
kangax-es2017/Atomics.isLockFree.js: failed
kangax-es2017/Atomics.load.js: failed
kangax-es2017/Atomics.notify.js: failed
kangax-es2017/Atomics.or.js: failed
kangax-es2017/Atomics.store.js: failed
kangax-es2017/Atomics.sub.js: failed
kangax-es2017/Atomics.wait.js: failed
kangax-es2017/Atomics.xor.js: failed
kangax-es2017/Object.entries.js: Tenray.Topaz.TopazException: Function Object.create is not defined.; at Tenray.Topaz.ErrorHandling.Exceptions.ThrowFunctionIsNotDefined(Object callee, ScriptExecutor scope) in /_/src/Topaz/ErrorHandling/Exceptions.cs:line 73
kangax-es2017/Object.getOwnPropertyDescriptors.js: Tenray.Topaz.TopazException: Function Object.defineProperty is not defined.; at Tenray.Topaz.ErrorHandling.Exceptions.ThrowFunctionIsNotDefined(Object callee, ScriptExecutor scope) in /_/src/Topaz/ErrorHandling/Exceptions.cs:line 73
kangax-es2017/Object.getOwnPropertyDescriptors.no-undefined.js: Tenray.Topaz.TopazException: Constructor call on null is not defined.; at Tenray.Topaz.ErrorHandling.Exceptions.ThrowCanNotCallConstructor(Object callee) in /_/src/Topaz/ErrorHandling/Exceptions.cs:line 27
kangax-es2017/Object.values.js: Tenray.Topaz.TopazException: Function Object.create is not defined.; at Tenray.Topaz.ErrorHandling.Exceptions.ThrowFunctionIsNotDefined(Object callee, ScriptExecutor scope) in /_/src/Topaz/ErrorHandling/Exceptions.cs:line 73
kangax-es2017/SharedArrayBuffer.Symbol.species.js: OK
kangax-es2017/SharedArrayBuffer.js: failed
kangax-es2017/SharedArrayBuffer.prototype.Symbol.toStringTag.js: failed
kangax-es2017/SharedArrayBuffer.prototype.byteLength.js: Tenray.Topaz.TopazException: TypeError: Cannot use 'in' operator to search for 'byteLength' in null; at Tenray.Topaz.ErrorHandling.Exceptions.ThrowCannotUseInOperatorToSearchForIn(Object d1, Object d2) in /_/src/Topaz/ErrorHandling/Exceptions.cs:line 142
kangax-es2017/SharedArrayBuffer.prototype.slice.js: failed
kangax-es2017/String.prototype.padEnd.js: Tenray.Topaz.TopazException: Function hello.padEnd is not defined.; at Tenray.Topaz.ErrorHandling.Exceptions.ThrowFunctionIsNotDefined(Object callee, ScriptExecutor scope) in /_/src/Topaz/ErrorHandling/Exceptions.cs:line 73
kangax-es2017/String.prototype.padStart.js: Tenray.Topaz.TopazException: Function hello.padStart is not defined.; at Tenray.Topaz.ErrorHandling.Exceptions.ThrowFunctionIsNotDefined(Object callee, ScriptExecutor scope) in /_/src/Topaz/ErrorHandling/Exceptions.cs:line 73
kangax-es2017/annex-b.Object.prototype.__defineGetter__.ToObject.js: Tenray.Topaz.TopazException: Function __defineGetter__.call is not defined.; at Tenray.Topaz.ErrorHandling.Exceptions.ThrowFunctionIsNotDefined(Object callee, ScriptExecutor scope) in /_/src/Topaz/ErrorHandling/Exceptions.cs:line 73
kangax-es2017/annex-b.Object.prototype.__defineGetter__.js: Tenray.Topaz.TopazException: Function Object.prototype.__defineGetter__.call is not defined.; at Tenray.Topaz.ErrorHandling.Exceptions.ThrowFunctionIsNotDefined(Object callee, ScriptExecutor scope) in /_/src/Topaz/ErrorHandling/Exceptions.cs:line 73
kangax-es2017/annex-b.Object.prototype.__defineGetter__.symbols.js: Tenray.Topaz.TopazException: Function Symbol is not defined.; at Tenray.Topaz.ErrorHandling.Exceptions.ThrowFunctionIsNotDefined(Object callee, ScriptExecutor scope) in /_/src/Topaz/ErrorHandling/Exceptions.cs:line 73
kangax-es2017/annex-b.Object.prototype.__defineSetter__.ToObject.js: Tenray.Topaz.TopazException: Function __defineSetter__.call is not defined.; at Tenray.Topaz.ErrorHandling.Exceptions.ThrowFunctionIsNotDefined(Object callee, ScriptExecutor scope) in /_/src/Topaz/ErrorHandling/Exceptions.cs:line 73
kangax-es2017/annex-b.Object.prototype.__defineSetter__.js: Tenray.Topaz.TopazException: Function Object.prototype.__defineSetter__.call is not defined.; at Tenray.Topaz.ErrorHandling.Exceptions.ThrowFunctionIsNotDefined(Object callee, ScriptExecutor scope) in /_/src/Topaz/ErrorHandling/Exceptions.cs:line 73
kangax-es2017/annex-b.Object.prototype.__defineSetter__.symbols.js: Tenray.Topaz.TopazException: Function Symbol is not defined.; at Tenray.Topaz.ErrorHandling.Exceptions.ThrowFunctionIsNotDefined(Object callee, ScriptExecutor scope) in /_/src/Topaz/ErrorHandling/Exceptions.cs:line 73
kangax-es2017/annex-b.Object.prototype.__lookupGetter__.ToObject.js: Tenray.Topaz.TopazException: Function __lookupGetter__.call is not defined.; at Tenray.Topaz.ErrorHandling.Exceptions.ThrowFunctionIsNotDefined(Object callee, ScriptExecutor scope) in /_/src/Topaz/ErrorHandling/Exceptions.cs:line 73
kangax-es2017/annex-b.Object.prototype.__lookupGetter__.js: Tenray.Topaz.TopazException: Function Object.prototype.__lookupGetter__.call is not defined.; at Tenray.Topaz.ErrorHandling.Exceptions.ThrowFunctionIsNotDefined(Object callee, ScriptExecutor scope) in /_/src/Topaz/ErrorHandling/Exceptions.cs:line 73
kangax-es2017/annex-b.Object.prototype.__lookupGetter__.prototype-chain.js: Tenray.Topaz.TopazException: Function Object.create is not defined.; at Tenray.Topaz.ErrorHandling.Exceptions.ThrowFunctionIsNotDefined(Object callee, ScriptExecutor scope) in /_/src/Topaz/ErrorHandling/Exceptions.cs:line 73
kangax-es2017/annex-b.Object.prototype.__lookupGetter__.shadow-accessors.js: Tenray.Topaz.TopazException: Function Object.create is not defined.; at Tenray.Topaz.ErrorHandling.Exceptions.ThrowFunctionIsNotDefined(Object callee, ScriptExecutor scope) in /_/src/Topaz/ErrorHandling/Exceptions.cs:line 73
kangax-es2017/annex-b.Object.prototype.__lookupGetter__.symbols.js: Tenray.Topaz.TopazException: Function Symbol is not defined.; at Tenray.Topaz.ErrorHandling.Exceptions.ThrowFunctionIsNotDefined(Object callee, ScriptExecutor scope) in /_/src/Topaz/ErrorHandling/Exceptions.cs:line 73
kangax-es2017/annex-b.Object.prototype.__lookupSetter__.ToObject.js: Tenray.Topaz.TopazException: Function __lookupSetter__.call is not defined.; at Tenray.Topaz.ErrorHandling.Exceptions.ThrowFunctionIsNotDefined(Object callee, ScriptExecutor scope) in /_/src/Topaz/ErrorHandling/Exceptions.cs:line 73
kangax-es2017/annex-b.Object.prototype.__lookupSetter__.js: Tenray.Topaz.TopazException: Function Object.prototype.__lookupSetter__.call is not defined.; at Tenray.Topaz.ErrorHandling.Exceptions.ThrowFunctionIsNotDefined(Object callee, ScriptExecutor scope) in /_/src/Topaz/ErrorHandling/Exceptions.cs:line 73
kangax-es2017/annex-b.Object.prototype.__lookupSetter__.prototype-chain.js: Tenray.Topaz.TopazException: Function Object.create is not defined.; at Tenray.Topaz.ErrorHandling.Exceptions.ThrowFunctionIsNotDefined(Object callee, ScriptExecutor scope) in /_/src/Topaz/ErrorHandling/Exceptions.cs:line 73
kangax-es2017/annex-b.Object.prototype.__lookupSetter__.shadow-accessors.js: Tenray.Topaz.TopazException: Function Object.create is not defined.; at Tenray.Topaz.ErrorHandling.Exceptions.ThrowFunctionIsNotDefined(Object callee, ScriptExecutor scope) in /_/src/Topaz/ErrorHandling/Exceptions.cs:line 73
kangax-es2017/annex-b.Object.prototype.__lookupSetter__.symbols.js: Tenray.Topaz.TopazException: Function Symbol is not defined.; at Tenray.Topaz.ErrorHandling.Exceptions.ThrowFunctionIsNotDefined(Object callee, ScriptExecutor scope) in /_/src/Topaz/ErrorHandling/Exceptions.cs:line 73
kangax-es2017/annex-b.Proxy.__defineGetter__.js: Tenray.Topaz.TopazException: Constructor call on null is not defined.; at Tenray.Topaz.ErrorHandling.Exceptions.ThrowCanNotCallConstructor(Object callee) in /_/src/Topaz/ErrorHandling/Exceptions.cs:line 27
kangax-es2017/annex-b.Proxy.__defineSetter__.js: Tenray.Topaz.TopazException: Constructor call on null is not defined.; at Tenray.Topaz.ErrorHandling.Exceptions.ThrowCanNotCallConstructor(Object callee) in /_/src/Topaz/ErrorHandling/Exceptions.cs:line 27
kangax-es2017/annex-b.Proxy.__lookupGetter__.js: Tenray.Topaz.TopazException: Constructor call on null is not defined.; at Tenray.Topaz.ErrorHandling.Exceptions.ThrowCanNotCallConstructor(Object callee) in /_/src/Topaz/ErrorHandling/Exceptions.cs:line 27
kangax-es2017/annex-b.Proxy.__lookupSetter__.js: Tenray.Topaz.TopazException: Constructor call on null is not defined.; at Tenray.Topaz.ErrorHandling.Exceptions.ThrowCanNotCallConstructor(Object callee) in /_/src/Topaz/ErrorHandling/Exceptions.cs:line 27
kangax-es2017/annex-b.for-in-assignment-non-strict.js: failed
kangax-es2017/async.Symbol.toStringTag.js: Tenray.Topaz.TopazException: Function Object.getPrototypeOf is not defined.; at Tenray.Topaz.ErrorHandling.Exceptions.ThrowFunctionIsNotDefined(Object callee, ScriptExecutor scope) in /_/src/Topaz/ErrorHandling/Exceptions.cs:line 73
kangax-es2017/async.arrow-in-class.js: Tenray.Topaz.TopazException: Esprima.Ast.ClassDeclaration is not supported.; at Tenray.Topaz.ErrorHandling.Exceptions.ThrowNotImplemented(Node statement, ScriptExecutor scope) in /_/src/Topaz/ErrorHandling/Exceptions.cs:line 122
kangax-es2017/async.arrow.js: Tenray.Topaz.TopazException: Function Promise.resolve is not defined.; at Tenray.Topaz.ErrorHandling.Exceptions.ThrowFunctionIsNotDefined(Object callee, ScriptExecutor scope) in /_/src/Topaz/ErrorHandling/Exceptions.cs:line 73
kangax-es2017/async.await-non-promise.js: Tenray.Topaz.TopazException: Function Promise.resolve is not defined.; at Tenray.Topaz.ErrorHandling.Exceptions.ThrowFunctionIsNotDefined(Object callee, ScriptExecutor scope) in /_/src/Topaz/ErrorHandling/Exceptions.cs:line 73
kangax-es2017/async.await-rejection.js: Tenray.Topaz.TopazException: Function Promise.resolve is not defined.; at Tenray.Topaz.ErrorHandling.Exceptions.ThrowFunctionIsNotDefined(Object callee, ScriptExecutor scope) in /_/src/Topaz/ErrorHandling/Exceptions.cs:line 73
kangax-es2017/async.await.js: Tenray.Topaz.TopazException: Function Promise.resolve is not defined.; at Tenray.Topaz.ErrorHandling.Exceptions.ThrowFunctionIsNotDefined(Object callee, ScriptExecutor scope) in /_/src/Topaz/ErrorHandling/Exceptions.cs:line 73
kangax-es2017/async.constructor.js: Tenray.Topaz.TopazException: Function Tenray.Topaz.TopazFunction.constructor is not defined.; at Tenray.Topaz.ErrorHandling.Exceptions.ThrowFunctionIsNotDefined(Object callee, ScriptExecutor scope) in /_/src/Topaz/ErrorHandling/Exceptions.cs:line 73
kangax-es2017/async.methods-class.js: Tenray.Topaz.TopazException: Esprima.Ast.ClassDeclaration is not supported.; at Tenray.Topaz.ErrorHandling.Exceptions.ThrowNotImplemented(Node statement, ScriptExecutor scope) in /_/src/Topaz/ErrorHandling/Exceptions.cs:line 122
kangax-es2017/async.methods-object.js: Tenray.Topaz.TopazException: Function Promise.resolve is not defined.; at Tenray.Topaz.ErrorHandling.Exceptions.ThrowFunctionIsNotDefined(Object callee, ScriptExecutor scope) in /_/src/Topaz/ErrorHandling/Exceptions.cs:line 73
kangax-es2017/async.must-await-value.js: OK
kangax-es2017/async.no-await-in-params.js: OK
kangax-es2017/async.no-line-break.js: OK
kangax-es2017/async.no-prototype.js: Tenray.Topaz.TopazException: Function a.hasOwnProperty is not defined.; at Tenray.Topaz.ErrorHandling.Exceptions.ThrowFunctionIsNotDefined(Object callee, ScriptExecutor scope) in /_/src/Topaz/ErrorHandling/Exceptions.cs:line 73
kangax-es2017/async.prototype-chain.js: Tenray.Topaz.TopazException: Function Object.getPrototypeOf is not defined.; at Tenray.Topaz.ErrorHandling.Exceptions.ThrowFunctionIsNotDefined(Object callee, ScriptExecutor scope) in /_/src/Topaz/ErrorHandling/Exceptions.cs:line 73
kangax-es2017/async.return.js: Tenray.Topaz.TopazException: Function Promise.resolve is not defined.; at Tenray.Topaz.ErrorHandling.Exceptions.ThrowFunctionIsNotDefined(Object callee, ScriptExecutor scope) in /_/src/Topaz/ErrorHandling/Exceptions.cs:line 73
kangax-es2017/async.throw.js: System.Exception: foo
kangax-es2017/misc.arguments-caller-removed.js: Tenray.Topaz.TopazException: Function Object.getOwnPropertyDescriptor is not defined.; at Tenray.Topaz.ErrorHandling.Exceptions.ThrowFunctionIsNotDefined(Object callee, ScriptExecutor scope) in /_/src/Topaz/ErrorHandling/Exceptions.cs:line 73
kangax-es2017/regex.flags.u.case-folding.js: Tenray.Topaz.TopazException: Function .match is not defined.; at Tenray.Topaz.ErrorHandling.Exceptions.ThrowFunctionIsNotDefined(Object callee, ScriptExecutor scope) in /_/src/Topaz/ErrorHandling/Exceptions.cs:line 73
kangax-es2017/trailing-comma.arguments.js: Tenray.Topaz.TopazException: Function Math.min is not defined.; at Tenray.Topaz.ErrorHandling.Exceptions.ThrowFunctionIsNotDefined(Object callee, ScriptExecutor scope) in /_/src/Topaz/ErrorHandling/Exceptions.cs:line 73
kangax-es2017/trailing-comma.params.js: OK
kangax-es2018/Promise.prototype.finally.change-rejection.js: Tenray.Topaz.TopazException: Function Promise.reject is not defined.; at Tenray.Topaz.ErrorHandling.Exceptions.ThrowFunctionIsNotDefined(Object callee, ScriptExecutor scope) in /_/src/Topaz/ErrorHandling/Exceptions.cs:line 73
kangax-es2018/Promise.prototype.finally.js: Tenray.Topaz.TopazException: Function Promise.resolve is not defined.; at Tenray.Topaz.ErrorHandling.Exceptions.ThrowFunctionIsNotDefined(Object callee, ScriptExecutor scope) in /_/src/Topaz/ErrorHandling/Exceptions.cs:line 73
kangax-es2018/Promise.prototype.finally.no-change-resolution.js: Tenray.Topaz.TopazException: Function Promise.resolve is not defined.; at Tenray.Topaz.ErrorHandling.Exceptions.ThrowFunctionIsNotDefined(Object callee, ScriptExecutor scope) in /_/src/Topaz/ErrorHandling/Exceptions.cs:line 73
kangax-es2018/async-iterators.for-await-of.js: Tenray.Topaz.TopazException: Function Promise.resolve is not defined.; at Tenray.Topaz.ErrorHandling.Exceptions.ThrowFunctionIsNotDefined(Object callee, ScriptExecutor scope) in /_/src/Topaz/ErrorHandling/Exceptions.cs:line 73
kangax-es2018/async-iterators.generators.js: Tenray.Topaz.TopazException: Esprima.Ast.YieldExpression is not supported.; at Tenray.Topaz.ErrorHandling.Exceptions.ThrowNotImplemented(Node statement, ScriptExecutor scope) in /_/src/Topaz/ErrorHandling/Exceptions.cs:line 122
kangax-es2018/misc.Proxy-ownKeys-duplicate-keys.js: Tenray.Topaz.TopazException: Constructor call on null is not defined.; at Tenray.Topaz.ErrorHandling.Exceptions.ThrowCanNotCallConstructor(Object callee) in /_/src/Topaz/ErrorHandling/Exceptions.cs:line 27
kangax-es2018/misc.template-literal-revision.js: failed
kangax-es2018/object-rest.js: failed
kangax-es2018/object-spread.js: failed
kangax-es2018/regex.flags.s.js: Tenray.Topaz.TopazException: Function regex.test is not defined.; at Tenray.Topaz.ErrorHandling.Exceptions.ThrowFunctionIsNotDefined(Object callee, ScriptExecutor scope) in /_/src/Topaz/ErrorHandling/Exceptions.cs:line 73
kangax-es2018/regex.lookbehind.js: Tenray.Topaz.TopazException: Function .test is not defined.; at Tenray.Topaz.ErrorHandling.Exceptions.ThrowFunctionIsNotDefined(Object callee, ScriptExecutor scope) in /_/src/Topaz/ErrorHandling/Exceptions.cs:line 73
kangax-es2018/regex.named-capture-groups.js: Tenray.Topaz.TopazException: Function .exec is not defined.; at Tenray.Topaz.ErrorHandling.Exceptions.ThrowFunctionIsNotDefined(Object callee, ScriptExecutor scope) in /_/src/Topaz/ErrorHandling/Exceptions.cs:line 73
kangax-es2018/regex.unicode-property-escapes.js: Line 10: Invalid regular expression
kangax-es2018/regex.unicode-property-escapes.unicode-11.js: Line 10: Invalid regular expression
kangax-es2018/regex.unicode-property-escapes.unicode-12.1.js: Line 10: Invalid regular expression
kangax-es2018/regex.unicode-property-escapes.unicode-12.js: Line 10: Invalid regular expression
kangax-es2018/regex.unicode-property-escapes.unicode-13.js: Line 10: Invalid regular expression
kangax-es2018/regex.unicode-property-escapes.unicode-14.js: Line 10: Invalid regular expression
kangax-es2018/regex.unicode-property-escapes.unicode-15.1.js: Line 10: Invalid regular expression
kangax-es2018/regex.unicode-property-escapes.unicode-15.js: Line 10: Invalid regular expression
kangax-es2018/regex.unicode-property-escapes.unicode-16.0.js: Line 10: Invalid regular expression
kangax-es2018/regex.unicode-property-escapes.unicode-17.0.js: Line 10: Invalid regular expression
kangax-es2019/Array.prototype.flatMap.js: OK
kangax-es2019/Array.prototype.flat-flatMap.unscopables.js: failed
kangax-es2019/Array.prototype.flat.js: failed
kangax-es2019/Object.fromEntries.js: Tenray.Topaz.TopazException: Constructor call on null is not defined.; at Tenray.Topaz.ErrorHandling.Exceptions.ThrowCanNotCallConstructor(Object callee) in /_/src/Topaz/ErrorHandling/Exceptions.cs:line 27
kangax-es2019/String.prototype.trimEnd.js: Tenray.Topaz.TopazException: Function  	; at Tenray.Topaz.ErrorHandling.Exceptions.ThrowFunctionIsNotDefined(Object callee, ScriptExecutor scope) in /_/src/Topaz/ErrorHandling/Exceptions.cs:line 73
kangax-es2019/String.prototype.trimStart.js: Tenray.Topaz.TopazException: Function  	; at Tenray.Topaz.ErrorHandling.Exceptions.ThrowFunctionIsNotDefined(Object callee, ScriptExecutor scope) in /_/src/Topaz/ErrorHandling/Exceptions.cs:line 73
kangax-es2019/Symbol.prototype.description.empty.js: Tenray.Topaz.TopazException: Function Symbol is not defined.; at Tenray.Topaz.ErrorHandling.Exceptions.ThrowFunctionIsNotDefined(Object callee, ScriptExecutor scope) in /_/src/Topaz/ErrorHandling/Exceptions.cs:line 73
kangax-es2019/Symbol.prototype.description.js: Tenray.Topaz.TopazException: Function Symbol is not defined.; at Tenray.Topaz.ErrorHandling.Exceptions.ThrowFunctionIsNotDefined(Object callee, ScriptExecutor scope) in /_/src/Topaz/ErrorHandling/Exceptions.cs:line 73
kangax-es2019/Symbol.prototype.description.undefined.js: Tenray.Topaz.TopazException: Function Symbol.prototype.hasOwnProperty is not defined.; at Tenray.Topaz.ErrorHandling.Exceptions.ThrowFunctionIsNotDefined(Object callee, ScriptExecutor scope) in /_/src/Topaz/ErrorHandling/Exceptions.cs:line 73
kangax-es2019/annex-b.String.prototype.trimLeft.js: Tenray.Topaz.TopazException: Function  	; at Tenray.Topaz.ErrorHandling.Exceptions.ThrowFunctionIsNotDefined(Object callee, ScriptExecutor scope) in /_/src/Topaz/ErrorHandling/Exceptions.cs:line 73
kangax-es2019/annex-b.String.prototype.trimRight.js: Tenray.Topaz.TopazException: Function  	; at Tenray.Topaz.ErrorHandling.Exceptions.ThrowFunctionIsNotDefined(Object callee, ScriptExecutor scope) in /_/src/Topaz/ErrorHandling/Exceptions.cs:line 73
kangax-es2019/misc.Function-toString.Function-constructor.js: Tenray.Topaz.TopazException: Function Function is not defined.; at Tenray.Topaz.ErrorHandling.Exceptions.ThrowFunctionIsNotDefined(Object callee, ScriptExecutor scope) in /_/src/Topaz/ErrorHandling/Exceptions.cs:line 73
kangax-es2019/misc.Function-toString.arrows.js: Tenray.Topaz.TopazException: Function eval is not defined.; at Tenray.Topaz.ErrorHandling.Exceptions.ThrowFunctionIsNotDefined(Object callee, ScriptExecutor scope) in /_/src/Topaz/ErrorHandling/Exceptions.cs:line 73
kangax-es2019/misc.Function-toString.class-explicit-constructor.js: Tenray.Topaz.TopazException: Function eval is not defined.; at Tenray.Topaz.ErrorHandling.Exceptions.ThrowFunctionIsNotDefined(Object callee, ScriptExecutor scope) in /_/src/Topaz/ErrorHandling/Exceptions.cs:line 73
kangax-es2019/misc.Function-toString.class-implicit-constructor.js: Tenray.Topaz.TopazException: Function eval is not defined.; at Tenray.Topaz.ErrorHandling.Exceptions.ThrowFunctionIsNotDefined(Object callee, ScriptExecutor scope) in /_/src/Topaz/ErrorHandling/Exceptions.cs:line 73
kangax-es2019/misc.Function-toString.computed-names.js: Tenray.Topaz.TopazException: Function eval is not defined.; at Tenray.Topaz.ErrorHandling.Exceptions.ThrowFunctionIsNotDefined(Object callee, ScriptExecutor scope) in /_/src/Topaz/ErrorHandling/Exceptions.cs:line 73
kangax-es2019/misc.Function-toString.native-code.js: Tenray.Topaz.TopazException: Function NATIVE_EVAL_RE.test is not defined.; at Tenray.Topaz.ErrorHandling.Exceptions.ThrowFunctionIsNotDefined(Object callee, ScriptExecutor scope) in /_/src/Topaz/ErrorHandling/Exceptions.cs:line 73
kangax-es2019/misc.Function-toString.unicode-escapes.js: Tenray.Topaz.TopazException: Function eval is not defined.; at Tenray.Topaz.ErrorHandling.Exceptions.ThrowFunctionIsNotDefined(Object callee, ScriptExecutor scope) in /_/src/Topaz/ErrorHandling/Exceptions.cs:line 73
kangax-es2019/misc.JSON-stringify-well-formed.js: Tenray.Topaz.TopazException: Function JSON.stringify is not defined.; at Tenray.Topaz.ErrorHandling.Exceptions.ThrowFunctionIsNotDefined(Object callee, ScriptExecutor scope) in /_/src/Topaz/ErrorHandling/Exceptions.cs:line 73
kangax-es2019/misc.JSON-superset.line-separator.js: Tenray.Topaz.TopazException: Function eval is not defined.; at Tenray.Topaz.ErrorHandling.Exceptions.ThrowFunctionIsNotDefined(Object callee, ScriptExecutor scope) in /_/src/Topaz/ErrorHandling/Exceptions.cs:line 73
kangax-es2019/misc.JSON-superset.paragraph-separator.js: Tenray.Topaz.TopazException: Function eval is not defined.; at Tenray.Topaz.ErrorHandling.Exceptions.ThrowFunctionIsNotDefined(Object callee, ScriptExecutor scope) in /_/src/Topaz/ErrorHandling/Exceptions.cs:line 73
kangax-es2019/misc.optional-catch-binding.await.js: OK; Tenray.Topaz.TopazException: Function Promise.resolve is not defined.; at Tenray.Topaz.ErrorHandling.Exceptions.ThrowFunctionIsNotDefined(Object callee, ScriptExecutor scope) in /_/src/Topaz/ErrorHandling/Exceptions.cs:line 73
kangax-es2019/misc.optional-catch-binding.js: OK
kangax-es2019/misc.optional-catch-binding.yield.js: Tenray.Topaz.TopazException: Function it.next is not defined.; at Tenray.Topaz.ErrorHandling.Exceptions.ThrowFunctionIsNotDefined(Object callee, ScriptExecutor scope) in /_/src/Topaz/ErrorHandling/Exceptions.cs:line 73
kangax-es2020/BigInt64Array.js: failed
kangax-es2020/BigInt.asIntN.js: failed
kangax-es2020/BigInt.asUintN.js: failed
kangax-es2020/BigInt.constructor.js: failed
kangax-es2020/BigInt.js: failed
kangax-es2020/BigUint64Array.js: failed
kangax-es2020/DataView.prototype.getBigInt64.js: failed
kangax-es2020/DataView.prototype.getBigUint64.js: failed
kangax-es2020/Promise.allSettled.js: Tenray.Topaz.TopazException: Function Promise.resolve is not defined.; at Tenray.Topaz.ErrorHandling.Exceptions.ThrowFunctionIsNotDefined(Object callee, ScriptExecutor scope) in /_/src/Topaz/ErrorHandling/Exceptions.cs:line 73
kangax-es2020/String.prototype.matchAll.js: Tenray.Topaz.TopazException: Function 11a2bb.matchAll is not defined.; at Tenray.Topaz.ErrorHandling.Exceptions.ThrowFunctionIsNotDefined(Object callee, ScriptExecutor scope) in /_/src/Topaz/ErrorHandling/Exceptions.cs:line 73
kangax-es2020/String.prototype.matchAll.throws-non-global.js: failed
kangax-es2020/globalThis.descriptor.js: Tenray.Topaz.TopazException: Function Function is not defined.; at Tenray.Topaz.ErrorHandling.Exceptions.ThrowFunctionIsNotDefined(Object callee, ScriptExecutor scope) in /_/src/Topaz/ErrorHandling/Exceptions.cs:line 73
kangax-es2020/globalThis.js: failed
kangax-es2020/nullish-coalescing.js: Tenray.Topaz.TopazException: Function isNaN is not defined.; at Tenray.Topaz.ErrorHandling.Exceptions.ThrowFunctionIsNotDefined(Object callee, ScriptExecutor scope) in /_/src/Topaz/ErrorHandling/Exceptions.cs:line 73
kangax-es2020/optional-chaining.bracket.js: OK
kangax-es2020/optional-chaining.function-call.js: OK
kangax-es2020/optional-chaining.method-call.js: Tenray.Topaz.TopazException: Esprima.Ast.ThisExpression is not supported.; at Tenray.Topaz.ErrorHandling.Exceptions.ThrowNotImplemented(Node statement, ScriptExecutor scope) in /_/src/Topaz/ErrorHandling/Exceptions.cs:line 122
kangax-es2020/optional-chaining.property.js: OK
kangax-es2020/optional-chaining.spread-params.js: Tenray.Topaz.TopazException: Function n?.method is not defined.; at Tenray.Topaz.ErrorHandling.Exceptions.ThrowFunctionIsNotDefined(Object callee, ScriptExecutor scope) in /_/src/Topaz/ErrorHandling/Exceptions.cs:line 73
kangax-es2021/FinalizationRegistry.js: Tenray.Topaz.TopazException: Constructor call on null is not defined.; at Tenray.Topaz.ErrorHandling.Exceptions.ThrowCanNotCallConstructor(Object callee) in /_/src/Topaz/ErrorHandling/Exceptions.cs:line 27
kangax-es2021/Promise.any.AggregateError.js: Tenray.Topaz.TopazException: Function Promise.reject is not defined.; at Tenray.Topaz.ErrorHandling.Exceptions.ThrowFunctionIsNotDefined(Object callee, ScriptExecutor scope) in /_/src/Topaz/ErrorHandling/Exceptions.cs:line 73
kangax-es2021/Promise.any.fulfillment.js: Tenray.Topaz.TopazException: Function Promise.reject is not defined.; at Tenray.Topaz.ErrorHandling.Exceptions.ThrowFunctionIsNotDefined(Object callee, ScriptExecutor scope) in /_/src/Topaz/ErrorHandling/Exceptions.cs:line 73
kangax-es2021/String.prototype.replaceAll.js: Tenray.Topaz.TopazException: Function q=query+string+parameters.replaceAll is not defined.; at Tenray.Topaz.ErrorHandling.Exceptions.ThrowFunctionIsNotDefined(Object callee, ScriptExecutor scope) in /_/src/Topaz/ErrorHandling/Exceptions.cs:line 73
kangax-es2021/WeakRef.js: Tenray.Topaz.TopazException: Constructor call on null is not defined.; at Tenray.Topaz.ErrorHandling.Exceptions.ThrowCanNotCallConstructor(Object callee) in /_/src/Topaz/ErrorHandling/Exceptions.cs:line 27
kangax-es2021/logical-assignment.and.js: failed
kangax-es2021/logical-assignment.and.setter-not-invoked.js: OK
kangax-es2021/logical-assignment.and.short-circuit.js: failed
kangax-es2021/logical-assignment.nullish.js: OK
kangax-es2021/logical-assignment.nullish.setter-not-invoked.js: OK
kangax-es2021/logical-assignment.nullish.short-circuit.js: failed
kangax-es2021/logical-assignment.or.js: OK
kangax-es2021/logical-assignment.or.setter-not-invoked.js: OK
kangax-es2021/logical-assignment.or.short-circuit.js: failed
kangax-es2021/numeric-separators.js: failed
kangax-es2022/Error.cause.AggregateError-prototype-lacks.js: Tenray.Topaz.TopazException: TypeError: Cannot use 'in' operator to search for 'cause' in null; at Tenray.Topaz.ErrorHandling.Exceptions.ThrowCannotUseInOperatorToSearchForIn(Object d1, Object d2) in /_/src/Topaz/ErrorHandling/Exceptions.cs:line 142
kangax-es2022/Error.cause.AggregateError.js: Tenray.Topaz.TopazException: Constructor call on null is not defined.; at Tenray.Topaz.ErrorHandling.Exceptions.ThrowCanNotCallConstructor(Object callee) in /_/src/Topaz/ErrorHandling/Exceptions.cs:line 27
kangax-es2022/Error.cause.Error-prototype-lacks.js: Tenray.Topaz.TopazException: TypeError: Cannot use 'in' operator to search for 'cause' in null; at Tenray.Topaz.ErrorHandling.Exceptions.ThrowCannotUseInOperatorToSearchForIn(Object d1, Object d2) in /_/src/Topaz/ErrorHandling/Exceptions.cs:line 142
kangax-es2022/Error.cause.Error.js: Tenray.Topaz.TopazException: Constructor call on null is not defined.; at Tenray.Topaz.ErrorHandling.Exceptions.ThrowCanNotCallConstructor(Object callee) in /_/src/Topaz/ErrorHandling/Exceptions.cs:line 27
kangax-es2022/Error.cause.EvalError-prototype-lacks.js: Tenray.Topaz.TopazException: TypeError: Cannot use 'in' operator to search for 'cause' in null; at Tenray.Topaz.ErrorHandling.Exceptions.ThrowCannotUseInOperatorToSearchForIn(Object d1, Object d2) in /_/src/Topaz/ErrorHandling/Exceptions.cs:line 142
kangax-es2022/Error.cause.EvalError.js: Tenray.Topaz.TopazException: Constructor call on null is not defined.; at Tenray.Topaz.ErrorHandling.Exceptions.ThrowCanNotCallConstructor(Object callee) in /_/src/Topaz/ErrorHandling/Exceptions.cs:line 27
kangax-es2022/Error.cause.RangeError-prototype-lacks.js: Tenray.Topaz.TopazException: TypeError: Cannot use 'in' operator to search for 'cause' in null; at Tenray.Topaz.ErrorHandling.Exceptions.ThrowCannotUseInOperatorToSearchForIn(Object d1, Object d2) in /_/src/Topaz/ErrorHandling/Exceptions.cs:line 142
kangax-es2022/Error.cause.RangeError.js: Tenray.Topaz.TopazException: Constructor call on null is not defined.; at Tenray.Topaz.ErrorHandling.Exceptions.ThrowCanNotCallConstructor(Object callee) in /_/src/Topaz/ErrorHandling/Exceptions.cs:line 27
kangax-es2022/Error.cause.ReferenceError-prototype-lacks.js: Tenray.Topaz.TopazException: TypeError: Cannot use 'in' operator to search for 'cause' in null; at Tenray.Topaz.ErrorHandling.Exceptions.ThrowCannotUseInOperatorToSearchForIn(Object d1, Object d2) in /_/src/Topaz/ErrorHandling/Exceptions.cs:line 142
kangax-es2022/Error.cause.ReferenceError.js: Tenray.Topaz.TopazException: Constructor call on null is not defined.; at Tenray.Topaz.ErrorHandling.Exceptions.ThrowCanNotCallConstructor(Object callee) in /_/src/Topaz/ErrorHandling/Exceptions.cs:line 27
kangax-es2022/Error.cause.SyntaxError-prototype-lacks.js: Tenray.Topaz.TopazException: TypeError: Cannot use 'in' operator to search for 'cause' in null; at Tenray.Topaz.ErrorHandling.Exceptions.ThrowCannotUseInOperatorToSearchForIn(Object d1, Object d2) in /_/src/Topaz/ErrorHandling/Exceptions.cs:line 142
kangax-es2022/Error.cause.SyntaxError.js: Tenray.Topaz.TopazException: Constructor call on null is not defined.; at Tenray.Topaz.ErrorHandling.Exceptions.ThrowCanNotCallConstructor(Object callee) in /_/src/Topaz/ErrorHandling/Exceptions.cs:line 27
kangax-es2022/Error.cause.TypeError-prototype-lacks.js: Tenray.Topaz.TopazException: TypeError: Cannot use 'in' operator to search for 'cause' in null; at Tenray.Topaz.ErrorHandling.Exceptions.ThrowCannotUseInOperatorToSearchForIn(Object d1, Object d2) in /_/src/Topaz/ErrorHandling/Exceptions.cs:line 142
kangax-es2022/Error.cause.TypeError.js: Tenray.Topaz.TopazException: Constructor call on null is not defined.; at Tenray.Topaz.ErrorHandling.Exceptions.ThrowCanNotCallConstructor(Object callee) in /_/src/Topaz/ErrorHandling/Exceptions.cs:line 27
kangax-es2022/Error.cause.URIError-prototype-lacks.js: Tenray.Topaz.TopazException: TypeError: Cannot use 'in' operator to search for 'cause' in null; at Tenray.Topaz.ErrorHandling.Exceptions.ThrowCannotUseInOperatorToSearchForIn(Object d1, Object d2) in /_/src/Topaz/ErrorHandling/Exceptions.cs:line 142
kangax-es2022/Error.cause.URIError.js: Tenray.Topaz.TopazException: Constructor call on null is not defined.; at Tenray.Topaz.ErrorHandling.Exceptions.ThrowCanNotCallConstructor(Object callee) in /_/src/Topaz/ErrorHandling/Exceptions.cs:line 27
kangax-es2022/Object.hasOwn.ToObject-first.js: failed
kangax-es2022/Object.hasOwn.js: Tenray.Topaz.TopazException: Function Object.hasOwn is not defined.; at Tenray.Topaz.ErrorHandling.Exceptions.ThrowFunctionIsNotDefined(Object callee, ScriptExecutor scope) in /_/src/Topaz/ErrorHandling/Exceptions.cs:line 73
kangax-es2022/at-method.Array.js: failed
kangax-es2022/at-method.String.js: Tenray.Topaz.TopazException: Function str.at is not defined.; at Tenray.Topaz.ErrorHandling.Exceptions.ThrowFunctionIsNotDefined(Object callee, ScriptExecutor scope) in /_/src/Topaz/ErrorHandling/Exceptions.cs:line 73
kangax-es2022/at-method.TypedArray.js: failed
kangax-es2022/class-fields.computed-instance.js: failed
kangax-es2022/class-fields.computed-static.js: failed
kangax-es2022/class-fields.instance.parent-scope.js: failed
kangax-es2022/class-fields.private-instance.initializers.js: failed
kangax-es2022/class-fields.private-instance.js: failed
kangax-es2022/class-fields.private-instance.optional-access.js: failed
kangax-es2022/class-fields.private-instance.optional-deep-access.js: failed
kangax-es2022/class-fields.private-static.js: failed
kangax-es2022/class-fields.public-instance.js: failed
kangax-es2022/class-fields.public-static.js: failed
kangax-es2022/class-fields.static.define.js: failed
kangax-es2022/class-methods.private-accessor.js: failed
kangax-es2022/class-methods.private-instance.js: failed
kangax-es2022/class-methods.private-static-accessor.js: failed
kangax-es2022/class-methods.private-static.js: failed
kangax-es2022/class-static-init-blocks.js: failed
kangax-es2022/ergonomic-brand-checks.js: failed
kangax-es2022/regex.flags.d.constructor.js: Tenray.Topaz.TopazException: Constructor call on null is not defined.; at Tenray.Topaz.ErrorHandling.Exceptions.ThrowCanNotCallConstructor(Object callee) in /_/src/Topaz/ErrorHandling/Exceptions.cs:line 27
kangax-es2022/regex.flags.d.shows-in-flags.js: Tenray.Topaz.TopazException: TypeError: Cannot use 'in' operator to search for 'global' in null; at Tenray.Topaz.ErrorHandling.Exceptions.ThrowCannotUseInOperatorToSearchForIn(Object d1, Object d2) in /_/src/Topaz/ErrorHandling/Exceptions.cs:line 142
kangax-es2023/Array.prototype.findLastIndex.js: Tenray.Topaz.TopazException: Function arr.findLastIndex is not defined.; at Tenray.Topaz.ErrorHandling.Exceptions.ThrowFunctionIsNotDefined(Object callee, ScriptExecutor scope) in /_/src/Topaz/ErrorHandling/Exceptions.cs:line 73
kangax-es2023/Array.prototype.findLast.js: Tenray.Topaz.TopazException: Function arr.findLast is not defined.; at Tenray.Topaz.ErrorHandling.Exceptions.ThrowFunctionIsNotDefined(Object callee, ScriptExecutor scope) in /_/src/Topaz/ErrorHandling/Exceptions.cs:line 73
kangax-es2023/Array.prototype.toReversed.js: Tenray.Topaz.TopazException: Function arr.toReversed is not defined.; at Tenray.Topaz.ErrorHandling.Exceptions.ThrowFunctionIsNotDefined(Object callee, ScriptExecutor scope) in /_/src/Topaz/ErrorHandling/Exceptions.cs:line 73
kangax-es2023/Array.prototype.toSorted.js: Tenray.Topaz.TopazException: Function arr.toSorted is not defined.; at Tenray.Topaz.ErrorHandling.Exceptions.ThrowFunctionIsNotDefined(Object callee, ScriptExecutor scope) in /_/src/Topaz/ErrorHandling/Exceptions.cs:line 73
kangax-es2023/Array.prototype.toSpliced.js: Tenray.Topaz.TopazException: Function arr.toSpliced is not defined.; at Tenray.Topaz.ErrorHandling.Exceptions.ThrowFunctionIsNotDefined(Object callee, ScriptExecutor scope) in /_/src/Topaz/ErrorHandling/Exceptions.cs:line 73
kangax-es2023/Array.prototype.with.js: Tenray.Topaz.TopazException: Function arr.with is not defined.; at Tenray.Topaz.ErrorHandling.Exceptions.ThrowFunctionIsNotDefined(Object callee, ScriptExecutor scope) in /_/src/Topaz/ErrorHandling/Exceptions.cs:line 73
kangax-es2023/TypedArray.prototype.toReversed.js: Tenray.Topaz.TopazException: Constructor call on null is not defined.; at Tenray.Topaz.ErrorHandling.Exceptions.ThrowCanNotCallConstructor(Object callee) in /_/src/Topaz/ErrorHandling/Exceptions.cs:line 27
kangax-es2023/TypedArray.prototype.toSorted.js: Tenray.Topaz.TopazException: Constructor call on null is not defined.; at Tenray.Topaz.ErrorHandling.Exceptions.ThrowCanNotCallConstructor(Object callee) in /_/src/Topaz/ErrorHandling/Exceptions.cs:line 27
kangax-es2023/TypedArray.prototype.with.js: Tenray.Topaz.TopazException: Constructor call on null is not defined.; at Tenray.Topaz.ErrorHandling.Exceptions.ThrowCanNotCallConstructor(Object callee) in /_/src/Topaz/ErrorHandling/Exceptions.cs:line 27
kangax-es2023/hashbang.js: failed
kangax-es2024/ArrayBuffer.prototype.detached.js: Tenray.Topaz.TopazException: Constructor call on null is not defined.; at Tenray.Topaz.ErrorHandling.Exceptions.ThrowCanNotCallConstructor(Object callee) in /_/src/Topaz/ErrorHandling/Exceptions.cs:line 27
kangax-es2024/ArrayBuffer.prototype.transferToFixedLength.js: Tenray.Topaz.TopazException: Constructor call on null is not defined.; at Tenray.Topaz.ErrorHandling.Exceptions.ThrowCanNotCallConstructor(Object callee) in /_/src/Topaz/ErrorHandling/Exceptions.cs:line 27
kangax-es2024/ArrayBuffer.prototype.transfer.js: Tenray.Topaz.TopazException: Constructor call on null is not defined.; at Tenray.Topaz.ErrorHandling.Exceptions.ThrowCanNotCallConstructor(Object callee) in /_/src/Topaz/ErrorHandling/Exceptions.cs:line 27
kangax-es2024/Map.groupBy.js: Tenray.Topaz.TopazException: Function Map.groupBy is not defined.; at Tenray.Topaz.ErrorHandling.Exceptions.ThrowFunctionIsNotDefined(Object callee, ScriptExecutor scope) in /_/src/Topaz/ErrorHandling/Exceptions.cs:line 73
kangax-es2024/Object.groupBy.js: Tenray.Topaz.TopazException: Function Object.groupBy is not defined.; at Tenray.Topaz.ErrorHandling.Exceptions.ThrowFunctionIsNotDefined(Object callee, ScriptExecutor scope) in /_/src/Topaz/ErrorHandling/Exceptions.cs:line 73
kangax-es2024/Promise.withResolvers.js: Tenray.Topaz.TopazException: Function Promise.withResolvers is not defined.; at Tenray.Topaz.ErrorHandling.Exceptions.ThrowFunctionIsNotDefined(Object callee, ScriptExecutor scope) in /_/src/Topaz/ErrorHandling/Exceptions.cs:line 73
kangax-es2024/regex.flags.v.constructor.js: Tenray.Topaz.TopazException: Constructor call on null is not defined.; at Tenray.Topaz.ErrorHandling.Exceptions.ThrowCanNotCallConstructor(Object callee) in /_/src/Topaz/ErrorHandling/Exceptions.cs:line 27
kangax-es2024/regex.flags.v.properties-of-strings.js: Line 9: Invalid regular expression
kangax-es2024/regex.flags.v.set-notations.js: Line 9: Invalid regular expression
kangax-es2024/regex.flags.v.shows-in-flags.js: Tenray.Topaz.TopazException: Constructor call on null is not defined.; at Tenray.Topaz.ErrorHandling.Exceptions.ThrowCanNotCallConstructor(Object callee) in /_/src/Topaz/ErrorHandling/Exceptions.cs:line 27
kangax-es2024/regex.flags.v.unicode-15.1.js: Line 9: Invalid regular expression
kangax-es2024/regex.flags.v.unicode-16.0.js: Line 9: Invalid regular expression
kangax-es2024/regex.flags.v.unicode-17.0.js: Line 9: Invalid regular expression
kangax-es2025/Iterator.extends.js: Tenray.Topaz.TopazException: Esprima.Ast.ClassDeclaration is not supported.; at Tenray.Topaz.ErrorHandling.Exceptions.ThrowNotImplemented(Node statement, ScriptExecutor scope) in /_/src/Topaz/ErrorHandling/Exceptions.cs:line 122
kangax-es2025/Iterator.from.iterable.js: Tenray.Topaz.TopazException: Function Iterator.from is not defined.; at Tenray.Topaz.ErrorHandling.Exceptions.ThrowFunctionIsNotDefined(Object callee, ScriptExecutor scope) in /_/src/Topaz/ErrorHandling/Exceptions.cs:line 73
kangax-es2025/Iterator.from.iterator.js: Tenray.Topaz.TopazException: Function Iterator.from is not defined.; at Tenray.Topaz.ErrorHandling.Exceptions.ThrowFunctionIsNotDefined(Object callee, ScriptExecutor scope) in /_/src/Topaz/ErrorHandling/Exceptions.cs:line 73
kangax-es2025/Iterator.instanceof.js: failed
kangax-es2025/Iterator.prototype.Symbol.toStringTag.js: failed
kangax-es2025/Iterator.prototype.drop.js: Tenray.Topaz.TopazException: Function Tenray.Topaz.API.JsArray+<values>d__104.drop is not defined.; at Tenray.Topaz.ErrorHandling.Exceptions.ThrowFunctionIsNotDefined(Object callee, ScriptExecutor scope) in /_/src/Topaz/ErrorHandling/Exceptions.cs:line 73
kangax-es2025/Iterator.prototype.every.js: Tenray.Topaz.TopazException: Function Tenray.Topaz.API.JsArray+<values>d__104.every is not defined.; at Tenray.Topaz.ErrorHandling.Exceptions.ThrowFunctionIsNotDefined(Object callee, ScriptExecutor scope) in /_/src/Topaz/ErrorHandling/Exceptions.cs:line 73
kangax-es2025/Iterator.prototype.filter.js: Tenray.Topaz.TopazException: Function Tenray.Topaz.API.JsArray+<values>d__104.filter is not defined.; at Tenray.Topaz.ErrorHandling.Exceptions.ThrowFunctionIsNotDefined(Object callee, ScriptExecutor scope) in /_/src/Topaz/ErrorHandling/Exceptions.cs:line 73
kangax-es2025/Iterator.prototype.find.js: Tenray.Topaz.TopazException: Function Tenray.Topaz.API.JsArray+<values>d__104.find is not defined.; at Tenray.Topaz.ErrorHandling.Exceptions.ThrowFunctionIsNotDefined(Object callee, ScriptExecutor scope) in /_/src/Topaz/ErrorHandling/Exceptions.cs:line 73
kangax-es2025/Iterator.prototype.flatMap.js: Tenray.Topaz.TopazException: Function Tenray.Topaz.API.JsArray+<values>d__104.flatMap is not defined.; at Tenray.Topaz.ErrorHandling.Exceptions.ThrowFunctionIsNotDefined(Object callee, ScriptExecutor scope) in /_/src/Topaz/ErrorHandling/Exceptions.cs:line 73
kangax-es2025/Iterator.prototype.forEach.js: Tenray.Topaz.TopazException: Function Tenray.Topaz.API.JsArray+<values>d__104.forEach is not defined.; at Tenray.Topaz.ErrorHandling.Exceptions.ThrowFunctionIsNotDefined(Object callee, ScriptExecutor scope) in /_/src/Topaz/ErrorHandling/Exceptions.cs:line 73
kangax-es2025/Iterator.prototype.map.js: Tenray.Topaz.TopazException: Function Tenray.Topaz.API.JsArray+<values>d__104.map is not defined.; at Tenray.Topaz.ErrorHandling.Exceptions.ThrowFunctionIsNotDefined(Object callee, ScriptExecutor scope) in /_/src/Topaz/ErrorHandling/Exceptions.cs:line 73
kangax-es2025/Iterator.prototype.reduce.js: Tenray.Topaz.TopazException: Function Tenray.Topaz.API.JsArray+<values>d__104.reduce is not defined.; at Tenray.Topaz.ErrorHandling.Exceptions.ThrowFunctionIsNotDefined(Object callee, ScriptExecutor scope) in /_/src/Topaz/ErrorHandling/Exceptions.cs:line 73
kangax-es2025/Iterator.prototype.some.js: Tenray.Topaz.TopazException: Function Tenray.Topaz.API.JsArray+<values>d__104.some is not defined.; at Tenray.Topaz.ErrorHandling.Exceptions.ThrowFunctionIsNotDefined(Object callee, ScriptExecutor scope) in /_/src/Topaz/ErrorHandling/Exceptions.cs:line 73
kangax-es2025/Iterator.prototype.take.js: Tenray.Topaz.TopazException: Function Tenray.Topaz.API.JsArray+<values>d__104.take is not defined.; at Tenray.Topaz.ErrorHandling.Exceptions.ThrowFunctionIsNotDefined(Object callee, ScriptExecutor scope) in /_/src/Topaz/ErrorHandling/Exceptions.cs:line 73
kangax-es2025/Iterator.prototype.toArray.js: Tenray.Topaz.TopazException: Function Tenray.Topaz.API.JsArray+<values>d__104.toArray is not defined.; at Tenray.Topaz.ErrorHandling.Exceptions.ThrowFunctionIsNotDefined(Object callee, ScriptExecutor scope) in /_/src/Topaz/ErrorHandling/Exceptions.cs:line 73
kangax-es2025/Promise.try.js: Tenray.Topaz.TopazException: TypeError: Cannot use 'in' operator to search for 'try' in null; at Tenray.Topaz.ErrorHandling.Exceptions.ThrowCannotUseInOperatorToSearchForIn(Object d1, Object d2) in /_/src/Topaz/ErrorHandling/Exceptions.cs:line 142
kangax-es2025/RegExp.escape.js: Tenray.Topaz.TopazException: Function RegExp.escape is not defined.; at Tenray.Topaz.ErrorHandling.Exceptions.ThrowFunctionIsNotDefined(Object callee, ScriptExecutor scope) in /_/src/Topaz/ErrorHandling/Exceptions.cs:line 73
kangax-es2025/Set.prototype.difference.js: Tenray.Topaz.TopazException: Constructor call on null is not defined.; at Tenray.Topaz.ErrorHandling.Exceptions.ThrowCanNotCallConstructor(Object callee) in /_/src/Topaz/ErrorHandling/Exceptions.cs:line 27
kangax-es2025/Set.prototype.intersection.js: Tenray.Topaz.TopazException: Constructor call on null is not defined.; at Tenray.Topaz.ErrorHandling.Exceptions.ThrowCanNotCallConstructor(Object callee) in /_/src/Topaz/ErrorHandling/Exceptions.cs:line 27
kangax-es2025/Set.prototype.isDisjointFrom.js: Tenray.Topaz.TopazException: Constructor call on null is not defined.; at Tenray.Topaz.ErrorHandling.Exceptions.ThrowCanNotCallConstructor(Object callee) in /_/src/Topaz/ErrorHandling/Exceptions.cs:line 27
kangax-es2025/Set.prototype.isSubsetOf.js: Tenray.Topaz.TopazException: Constructor call on null is not defined.; at Tenray.Topaz.ErrorHandling.Exceptions.ThrowCanNotCallConstructor(Object callee) in /_/src/Topaz/ErrorHandling/Exceptions.cs:line 27
kangax-es2025/Set.prototype.isSupersetOf.js: Tenray.Topaz.TopazException: Constructor call on null is not defined.; at Tenray.Topaz.ErrorHandling.Exceptions.ThrowCanNotCallConstructor(Object callee) in /_/src/Topaz/ErrorHandling/Exceptions.cs:line 27
kangax-es2025/Set.prototype.symmetricDifference.js: Tenray.Topaz.TopazException: Constructor call on null is not defined.; at Tenray.Topaz.ErrorHandling.Exceptions.ThrowCanNotCallConstructor(Object callee) in /_/src/Topaz/ErrorHandling/Exceptions.cs:line 27
kangax-es2025/Set.prototype.union.js: Tenray.Topaz.TopazException: Constructor call on null is not defined.; at Tenray.Topaz.ErrorHandling.Exceptions.ThrowCanNotCallConstructor(Object callee) in /_/src/Topaz/ErrorHandling/Exceptions.cs:line 27
kangax-es2025/regex.duplicate-named-groups.js: Tenray.Topaz.TopazException: Function .test is not defined.; at Tenray.Topaz.ErrorHandling.Exceptions.ThrowFunctionIsNotDefined(Object callee, ScriptExecutor scope) in /_/src/Topaz/ErrorHandling/Exceptions.cs:line 73
kangax-es2025/regex.pattern-modifiers.i.js: Tenray.Topaz.TopazException: Function regex.test is not defined.; at Tenray.Topaz.ErrorHandling.Exceptions.ThrowFunctionIsNotDefined(Object callee, ScriptExecutor scope) in /_/src/Topaz/ErrorHandling/Exceptions.cs:line 73
kangax-es2025/regex.pattern-modifiers.m.js: Tenray.Topaz.TopazException: Function regex.test is not defined.; at Tenray.Topaz.ErrorHandling.Exceptions.ThrowFunctionIsNotDefined(Object callee, ScriptExecutor scope) in /_/src/Topaz/ErrorHandling/Exceptions.cs:line 73
kangax-es2025/regex.pattern-modifiers.s.js: Tenray.Topaz.TopazException: Function regex.test is not defined.; at Tenray.Topaz.ErrorHandling.Exceptions.ThrowFunctionIsNotDefined(Object callee, ScriptExecutor scope) in /_/src/Topaz/ErrorHandling/Exceptions.cs:line 73
kangax-intl/Array.prototype.toLocaleString.js: failed
kangax-intl/Date.prototype.toLocaleDateString.js: failed
kangax-intl/Date.prototype.toLocaleString.js: failed
kangax-intl/Date.prototype.toLocaleTimeString.js: failed
kangax-intl/Intl.Collator.js: failed
kangax-intl/Intl.Collator.new-instances.js: Tenray.Topaz.TopazException: Constructor call on null is not defined.; at Tenray.Topaz.ErrorHandling.Exceptions.ThrowCanNotCallConstructor(Object callee) in /_/src/Topaz/ErrorHandling/Exceptions.cs:line 27
kangax-intl/Intl.Collator.prototype.compare.js: Tenray.Topaz.TopazException: Function Intl.Collator is not defined.; at Tenray.Topaz.ErrorHandling.Exceptions.ThrowFunctionIsNotDefined(Object callee, ScriptExecutor scope) in /_/src/Topaz/ErrorHandling/Exceptions.cs:line 73
kangax-intl/Intl.Collator.prototype.resolvedOptions.js: Tenray.Topaz.TopazException: Function Intl.Collator is not defined.; at Tenray.Topaz.ErrorHandling.Exceptions.ThrowFunctionIsNotDefined(Object callee, ScriptExecutor scope) in /_/src/Topaz/ErrorHandling/Exceptions.cs:line 73
kangax-intl/Intl.Collator.rejects-invalid-tags.js: failed
kangax-intl/Intl.Collator.valid-tags.js: failed
kangax-intl/Intl.Collator.without-new.js: Tenray.Topaz.TopazException: Function Intl.Collator is not defined.; at Tenray.Topaz.ErrorHandling.Exceptions.ThrowFunctionIsNotDefined(Object callee, ScriptExecutor scope) in /_/src/Topaz/ErrorHandling/Exceptions.cs:line 73
kangax-intl/Intl.DateTimeFormat.iana-timezones.js: failed
kangax-intl/Intl.DateTimeFormat.js: failed
kangax-intl/Intl.DateTimeFormat.new-instances.js: Tenray.Topaz.TopazException: Constructor call on null is not defined.; at Tenray.Topaz.ErrorHandling.Exceptions.ThrowCanNotCallConstructor(Object callee) in /_/src/Topaz/ErrorHandling/Exceptions.cs:line 27
kangax-intl/Intl.DateTimeFormat.rejects-invalid-tags.js: failed
kangax-intl/Intl.DateTimeFormat.resolvedOptions.timeZone-default.js: Tenray.Topaz.TopazException: Function Intl.DateTimeFormat is not defined.; at Tenray.Topaz.ErrorHandling.Exceptions.ThrowFunctionIsNotDefined(Object callee, ScriptExecutor scope) in /_/src/Topaz/ErrorHandling/Exceptions.cs:line 73
kangax-intl/Intl.DateTimeFormat.valid-tags.js: failed
kangax-intl/Intl.DateTimeFormat.without-new.js: Tenray.Topaz.TopazException: Function Intl.DateTimeFormat is not defined.; at Tenray.Topaz.ErrorHandling.Exceptions.ThrowFunctionIsNotDefined(Object callee, ScriptExecutor scope) in /_/src/Topaz/ErrorHandling/Exceptions.cs:line 73
kangax-intl/Intl.NumberFormat.js: failed
kangax-intl/Intl.NumberFormat.new-instances.js: Tenray.Topaz.TopazException: Constructor call on null is not defined.; at Tenray.Topaz.ErrorHandling.Exceptions.ThrowCanNotCallConstructor(Object callee) in /_/src/Topaz/ErrorHandling/Exceptions.cs:line 27
kangax-intl/Intl.NumberFormat.rejects-invalid-tags.js: failed
kangax-intl/Intl.NumberFormat.valid-tags.js: failed
kangax-intl/Intl.NumberFormat.without-new.js: Tenray.Topaz.TopazException: Function Intl.NumberFormat is not defined.; at Tenray.Topaz.ErrorHandling.Exceptions.ThrowFunctionIsNotDefined(Object callee, ScriptExecutor scope) in /_/src/Topaz/ErrorHandling/Exceptions.cs:line 73
kangax-intl/Intl.js: OK
kangax-intl/Intl.prototype.js: OK
kangax-intl/Number.prototype.toLocaleString.js: failed
kangax-intl/Object.prototype.toLocaleString.js: failed
kangax-intl/String.prototype.localeCompare.js: failed
kangax-next/Array.isTemplateObject.js: Tenray.Topaz.TopazException: Function Array.isTemplateObject is not defined.; at Tenray.Topaz.ErrorHandling.Exceptions.ThrowFunctionIsNotDefined(Object callee, ScriptExecutor scope) in /_/src/Topaz/ErrorHandling/Exceptions.cs:line 73
kangax-next/AsyncDisposableStack.js: Tenray.Topaz.TopazException: Constructor call on null is not defined.; at Tenray.Topaz.ErrorHandling.Exceptions.ThrowCanNotCallConstructor(Object callee) in /_/src/Topaz/ErrorHandling/Exceptions.cs:line 27
kangax-next/AsyncIterator.extends.js: Tenray.Topaz.TopazException: Esprima.Ast.ClassDeclaration is not supported.; at Tenray.Topaz.ErrorHandling.Exceptions.ThrowNotImplemented(Node statement, ScriptExecutor scope) in /_/src/Topaz/ErrorHandling/Exceptions.cs:line 122
kangax-next/AsyncIterator.from.async-iterable.js: Tenray.Topaz.TopazException: Esprima.Ast.YieldExpression is not supported.; at Tenray.Topaz.ErrorHandling.Exceptions.ThrowNotImplemented(Node statement, ScriptExecutor scope) in /_/src/Topaz/ErrorHandling/Exceptions.cs:line 122
kangax-next/AsyncIterator.from.iterable.js: Tenray.Topaz.TopazException: Function AsyncIterator.from is not defined.; at Tenray.Topaz.ErrorHandling.Exceptions.ThrowFunctionIsNotDefined(Object callee, ScriptExecutor scope) in /_/src/Topaz/ErrorHandling/Exceptions.cs:line 73
kangax-next/AsyncIterator.from.iterator.js: Tenray.Topaz.TopazException: Function AsyncIterator.from is not defined.; at Tenray.Topaz.ErrorHandling.Exceptions.ThrowFunctionIsNotDefined(Object callee, ScriptExecutor scope) in /_/src/Topaz/ErrorHandling/Exceptions.cs:line 73
kangax-next/AsyncIterator.instanceof.js: OK
kangax-next/AsyncIterator.prototype.Symbol.toStringTag.js: failed
kangax-next/AsyncIterator.prototype.drop.js: Tenray.Topaz.TopazException: Esprima.Ast.YieldExpression is not supported.; at Tenray.Topaz.ErrorHandling.Exceptions.ThrowNotImplemented(Node statement, ScriptExecutor scope) in /_/src/Topaz/ErrorHandling/Exceptions.cs:line 122
kangax-next/AsyncIterator.prototype.every.js: Tenray.Topaz.TopazException: Esprima.Ast.YieldExpression is not supported.; at Tenray.Topaz.ErrorHandling.Exceptions.ThrowNotImplemented(Node statement, ScriptExecutor scope) in /_/src/Topaz/ErrorHandling/Exceptions.cs:line 122
kangax-next/AsyncIterator.prototype.filter.js: Tenray.Topaz.TopazException: Esprima.Ast.YieldExpression is not supported.; at Tenray.Topaz.ErrorHandling.Exceptions.ThrowNotImplemented(Node statement, ScriptExecutor scope) in /_/src/Topaz/ErrorHandling/Exceptions.cs:line 122
kangax-next/AsyncIterator.prototype.find.js: Tenray.Topaz.TopazException: Esprima.Ast.YieldExpression is not supported.; at Tenray.Topaz.ErrorHandling.Exceptions.ThrowNotImplemented(Node statement, ScriptExecutor scope) in /_/src/Topaz/ErrorHandling/Exceptions.cs:line 122
kangax-next/AsyncIterator.prototype.flatMap.js: Tenray.Topaz.TopazException: Esprima.Ast.YieldExpression is not supported.; at Tenray.Topaz.ErrorHandling.Exceptions.ThrowNotImplemented(Node statement, ScriptExecutor scope) in /_/src/Topaz/ErrorHandling/Exceptions.cs:line 122
kangax-next/AsyncIterator.prototype.forEach.js: Tenray.Topaz.TopazException: Esprima.Ast.YieldExpression is not supported.; at Tenray.Topaz.ErrorHandling.Exceptions.ThrowNotImplemented(Node statement, ScriptExecutor scope) in /_/src/Topaz/ErrorHandling/Exceptions.cs:line 122
kangax-next/AsyncIterator.prototype.map.js: Tenray.Topaz.TopazException: Esprima.Ast.YieldExpression is not supported.; at Tenray.Topaz.ErrorHandling.Exceptions.ThrowNotImplemented(Node statement, ScriptExecutor scope) in /_/src/Topaz/ErrorHandling/Exceptions.cs:line 122
kangax-next/AsyncIterator.prototype.reduce.js: Tenray.Topaz.TopazException: Esprima.Ast.YieldExpression is not supported.; at Tenray.Topaz.ErrorHandling.Exceptions.ThrowNotImplemented(Node statement, ScriptExecutor scope) in /_/src/Topaz/ErrorHandling/Exceptions.cs:line 122
kangax-next/AsyncIterator.prototype.some.js: Tenray.Topaz.TopazException: Esprima.Ast.YieldExpression is not supported.; at Tenray.Topaz.ErrorHandling.Exceptions.ThrowNotImplemented(Node statement, ScriptExecutor scope) in /_/src/Topaz/ErrorHandling/Exceptions.cs:line 122
kangax-next/AsyncIterator.prototype.take.js: Tenray.Topaz.TopazException: Esprima.Ast.YieldExpression is not supported.; at Tenray.Topaz.ErrorHandling.Exceptions.ThrowNotImplemented(Node statement, ScriptExecutor scope) in /_/src/Topaz/ErrorHandling/Exceptions.cs:line 122
kangax-next/AsyncIterator.prototype.toArray.js: Tenray.Topaz.TopazException: Esprima.Ast.YieldExpression is not supported.; at Tenray.Topaz.ErrorHandling.Exceptions.ThrowNotImplemented(Node statement, ScriptExecutor scope) in /_/src/Topaz/ErrorHandling/Exceptions.cs:line 122
kangax-next/DisposableStack.js: Tenray.Topaz.TopazException: Constructor call on null is not defined.; at Tenray.Topaz.ErrorHandling.Exceptions.ThrowCanNotCallConstructor(Object callee) in /_/src/Topaz/ErrorHandling/Exceptions.cs:line 27
kangax-next/Map.prototype.upsert.js: Tenray.Topaz.TopazException: Constructor call on null is not defined.; at Tenray.Topaz.ErrorHandling.Exceptions.ThrowCanNotCallConstructor(Object callee) in /_/src/Topaz/ErrorHandling/Exceptions.cs:line 27
kangax-next/RegExp.1-9.js: Tenray.Topaz.TopazException: TypeError: Cannot use 'in' operator to search for '$1' in null; at Tenray.Topaz.ErrorHandling.Exceptions.ThrowCannotUseInOperatorToSearchForIn(Object d1, Object d2) in /_/src/Topaz/ErrorHandling/Exceptions.cs:line 142
kangax-next/RegExp.lastMatch.js: Tenray.Topaz.TopazException: Function re.exec is not defined.; at Tenray.Topaz.ErrorHandling.Exceptions.ThrowFunctionIsNotDefined(Object callee, ScriptExecutor scope) in /_/src/Topaz/ErrorHandling/Exceptions.cs:line 73
kangax-next/ShadowRealm.js: System.Reflection.TargetInvocationException: Exception has been thrown by the target of an invocation.; ---> Tenray.Topaz.TopazException: TypeError: Cannot use 'in' operator to search for 'evaluate' in null at Tenray.Topaz.ErrorHandling.Exceptions.ThrowCannotUseInOperatorToSearchForIn(Object d1, Obj
kangax-next/SuppressedError.js: failed
kangax-next/Uint8Array.fromBase64.js: Tenray.Topaz.TopazException: Constructor call on null is not defined.; at Tenray.Topaz.ErrorHandling.Exceptions.ThrowCanNotCallConstructor(Object callee) in /_/src/Topaz/ErrorHandling/Exceptions.cs:line 27
kangax-next/Uint8Array.fromHex.js: Tenray.Topaz.TopazException: Constructor call on null is not defined.; at Tenray.Topaz.ErrorHandling.Exceptions.ThrowCanNotCallConstructor(Object callee) in /_/src/Topaz/ErrorHandling/Exceptions.cs:line 27
kangax-next/Uint8Array.setFromBase64.js: Tenray.Topaz.TopazException: Constructor call on null is not defined.; at Tenray.Topaz.ErrorHandling.Exceptions.ThrowCanNotCallConstructor(Object callee) in /_/src/Topaz/ErrorHandling/Exceptions.cs:line 27
kangax-next/Uint8Array.setFromHex.js: Tenray.Topaz.TopazException: Constructor call on null is not defined.; at Tenray.Topaz.ErrorHandling.Exceptions.ThrowCanNotCallConstructor(Object callee) in /_/src/Topaz/ErrorHandling/Exceptions.cs:line 27
kangax-next/Uint8Array.toBase64.js: Tenray.Topaz.TopazException: Constructor call on null is not defined.; at Tenray.Topaz.ErrorHandling.Exceptions.ThrowCanNotCallConstructor(Object callee) in /_/src/Topaz/ErrorHandling/Exceptions.cs:line 27
kangax-next/Uint8Array.toHex.js: Tenray.Topaz.TopazException: Constructor call on null is not defined.; at Tenray.Topaz.ErrorHandling.Exceptions.ThrowCanNotCallConstructor(Object callee) in /_/src/Topaz/ErrorHandling/Exceptions.cs:line 27
kangax-next/WeakMap.prototype.upsert.js: Tenray.Topaz.TopazException: Constructor call on null is not defined.; at Tenray.Topaz.ErrorHandling.Exceptions.ThrowCanNotCallConstructor(Object callee) in /_/src/Topaz/ErrorHandling/Exceptions.cs:line 27
kangax-next/await-using.for-of.js: failed
kangax-next/await-using.js: failed
kangax-next/class-decorators.js: failed
kangax-next/function.sent.js: failed
kangax-next/throw-expr.arrow.js: failed
kangax-next/throw-expr.conditional.js: failed
kangax-next/throw-expr.logical.js: failed
kangax-next/throw-expr.param-init.js: failed
kangax-next/using.for-of.js: failed
kangax-next/using.js: failed
