Metadata: {"arch": "arm64", "console_log": "writeln", "dist_size": 955225, "engine": "fesi", "repository": "https://github.com/ivankra/fesi.git", "revision": "ad4a0511f28f5d6c5cfbb400dd46d604812361f2", "revision_date": "2026-02-24", "version": "1.1.8"}
es1/Array.js: OK
es1/Array.length.assignment.js: OK
es1/Array.length.js: OK
es1/Array.prototype.constructor.js: OK
es1/Array.prototype.join.generic.js: OK
es1/Array.prototype.join.js: OK
es1/Array.prototype.reverse.generic.js: Runtime error reverse only implemented for arrays [[Error loading file' Array.prototype.reverse.generic.js']]
es1/Array.prototype.reverse.js: OK
es1/Array.prototype.sort.generic.js: Runtime error sort only implemented for arrays [[Error loading file' Array.prototype.sort.generic.js']]
es1/Array.prototype.sort.js: OK
es1/Array.prototype.toString.js: OK
es1/Boolean.js: OK
es1/Boolean.prototype.constructor.js: OK
es1/Boolean.prototype.toString.js: OK
es1/Boolean.prototype.valueOf.js: OK
es1/Date.diff.js: OK
es1/Date.js: OK
es1/Date.prototype.constructor.js: OK
es1/Date.prototype.getDate.js: OK
es1/Date.prototype.getDay.js: OK
es1/Date.prototype.getFullYear.js: OK
es1/Date.prototype.getHours.js: OK
es1/Date.prototype.getMilliseconds.js: OK
es1/Date.prototype.getMinutes.js: OK
es1/Date.prototype.getMonth.js: OK
es1/Date.prototype.getSeconds.js: OK
es1/Date.prototype.getTimezoneOffset.js: OK
es1/Date.prototype.getTime.js: OK
es1/Date.prototype.getUTCDate.js: OK
es1/Date.prototype.getUTCDay.js: OK
es1/Date.prototype.getUTCFullYear.js: OK
es1/Date.prototype.getUTCHours.js: OK
es1/Date.prototype.getUTCMilliseconds.js: OK
es1/Date.prototype.getUTCMinutes.js: OK
es1/Date.prototype.getUTCMonth.js: OK
es1/Date.prototype.getUTCSeconds.js: OK
es1/Date.prototype.setDate.js: OK
es1/Date.prototype.setFullYear.js: OK
es1/Date.prototype.setHours.js: OK
es1/Date.prototype.setMilliseconds.js: OK
es1/Date.prototype.setMinutes.js: OK
es1/Date.prototype.setMonth.js: OK
es1/Date.prototype.setSeconds.js: OK
es1/Date.prototype.setTime.js: OK
es1/Date.prototype.setUTCDate.js: OK
es1/Date.prototype.setUTCFullYear.js: OK
es1/Date.prototype.setUTCHours.js: OK
es1/Date.prototype.setUTCMilliseconds.js: OK
es1/Date.prototype.setUTCMinutes.js: OK
es1/Date.prototype.setUTCMonth.js: OK
es1/Date.prototype.setUTCSeconds.js: OK
es1/Date.prototype.toLocaleString.js: OK
es1/Date.prototype.toString.js: OK
es1/Date.prototype.toUTCString.js: OK
es1/Date.prototype.valueOf.js: OK
es1/Function.js: OK
es1/Function.length.js: OK
es1/Function.prototype.constructor.js: OK
es1/Function.prototype.js: OK
es1/Function.prototype.toString.js: OK
es1/Math.E.js: OK
es1/Math.LN2.js: OK
es1/Math.LN10.js: OK
es1/Math.LOG2E.js: OK
es1/Math.LOG10E.js: OK
es1/Math.PI.js: OK
es1/Math.SQRT1_2.js: OK
es1/Math.SQRT2.js: OK
es1/Math.abs.js: OK
es1/Math.acos.js: OK
es1/Math.asin.js: OK
es1/Math.atan2.js: OK
es1/Math.atan.js: OK
es1/Math.ceil.js: OK
es1/Math.cos.js: OK
es1/Math.exp.js: OK
es1/Math.floor.js: OK
es1/Math.log.js: OK
es1/Math.max.js: OK
es1/Math.min.js: OK
es1/Math.pow.js: OK
es1/Math.random.js: OK
es1/Math.round.js: OK
es1/Math.sin.js: OK
es1/Math.sqrt.js: OK
es1/Math.tan.js: OK
es1/Number.MAX_VALUE.js: OK
es1/Number.MIN_VALUE.js: OK
es1/Number.NEGATIVE_INFINITY.js: OK
es1/Number.NaN.js: OK
es1/Number.POSITIVE_INFINITY.js: OK
es1/Number.js: OK
es1/Number.prototype.constructor.js: OK
es1/Number.prototype.toString.js: OK
es1/Number.prototype.valueOf.js: OK
es1/Object.js: OK
es1/Object.prototype.constructor.js: OK
es1/Object.prototype.toString.js: OK
es1/Object.prototype.valueOf.js: OK
es1/String.fromCharCode.js: OK
es1/String.generics.js: OK
es1/String.js: OK
es1/String.length.js: OK
es1/String.prototype.charAt.js: OK
es1/String.prototype.charCodeAt.js: OK
es1/String.prototype.constructor.js: OK
es1/String.prototype.indexOf.js: OK
es1/String.prototype.lastIndexOf.js: OK
es1/String.prototype.split.js: OK
es1/String.prototype.substring.js: OK
es1/String.prototype.toLowerCase.js: OK
es1/String.prototype.toString.js: OK
es1/String.prototype.toUpperCase.js: OK
es1/String.prototype.valueOf.js: OK
es1/annex-b.Date.prototype.getYear.js: OK
es1/annex-b.Date.prototype.setYear.js: OK
es1/annex-b.Date.prototype.toGMTString.js: OK
es1/annex-b.global.escape.js: failed
es1/annex-b.global.unescape.js: OK
es1/annex-b.literals.octal.js: OK
es1/annex-b.literals.string.octal.js: failed
es1/arguments.callee.js: Runtime error The function 'callee' is not defined for object '[object Object]' [[Error loading file' arguments.callee.js']]
es1/arguments.js: OK
es1/asi.eval.js: OK
es1/asi.js: Syntax error detected near line 71, column 5, after "++" [[Error loading file' asi.js']]
es1/assignment.bitwise.js: OK
es1/assignment.js: OK
es1/assignment.ltr.js: failed: C++ like evaluation order in 'x += f()'
es1/assignment.unsigned-shift.js: OK
es1/bitwise.binary.js: OK
es1/bitwise.shifts.js: OK
es1/bitwise.tilde.js: OK
es1/bitwise.unsigned-shift.js: -12345 >>> 0 != 4294954951 (got: -12345)
es1/break.js: OK
es1/comma.js: OK
es1/comments.js: OK
es1/conditional.js: OK
es1/continue.js: OK
es1/conversions.ToBoolean.js: new Boolean(false) failed - expected it to be truthy
es1/conversions.ToInt32.js: +Infinity failed; -Infinity failed; 2^32-1 failed; 2^32 failed; 2^31 failed; -2^31-1 failed
es1/conversions.ToInteger.js: OK
es1/conversions.ToNumber.js: '' failed; '0xff' failed
es1/conversions.ToObject.js: OK
es1/conversions.ToString.js: 0.0001 failed; 1e21 failed; 1e-7 failed
es1/conversions.ToUint32.js: +Infinity failed; -Infinity failed; 2^32-1 failed; 2^32 failed; 2^31 failed; -1 failed; -2^31 failed
es1/conversions.js: 0 != ''; false != ''; 123 - '' != 123; 123 * '' != 0
es1/equals.js: OK
es1/eval.js: OK
es1/for-in.js: OK
es1/for.js: OK
es1/functions.js: OK
es1/global.Infinity.js: OK
es1/global.NaN.js: OK
es1/global.isFinite.js: isFinite(0/0) failed
es1/global.isNaN.js: OK
es1/global.parseFloat.js: OK
es1/global.parseInt.hex.js: OK
es1/global.parseInt.js: OK
es1/global.parseInt.radix.js: Runtime error Only radix 2,8,10 and 16 supported [[Error loading file' global.parseInt.radix.js']]
es1/literals.decimal.js: OK
es1/literals.hex.js: OK
es1/literals.string.escapes.js: OK
es1/literals.string.hex.js: failed
es1/literals.string.js: OK
es1/literals.string.unicode.js: OK
es1/logical.js: OK
es1/new.typeof.js: OK
es1/numbers.double.js: OK
es1/numbers.fmod.js: OK
es1/numbers.inf.js: OK
es1/numbers.int.js: OK
es1/numbers.nan.js: OK
es1/postfix.decrement.js: OK
es1/postfix.increment.js: OK
es1/prefix.js: OK
es1/relational.js: OK
es1/return.js: OK
es1/return.typeof.js: OK
es1/this.js: Syntax error detected near line 11, column 16, after "=" [[Error loading file' this.js']]
es1/typeof.js: OK
es1/typeof.null.js: OK
es1/typeof.undeclared.js: OK
es1/types.js: OK
es1/unary.decrement.js: OK
es1/unary.delete.js: OK
es1/unary.delete.var.js: OK
es1/unary.increment.js: OK
es1/unary.minus.js: OK
es1/unary.not.js: OK
es1/unary.plus.js: OK
es1/unary.plus.str.js: OK
es1/unary.tilde.js: OK
es1/var.js: OK
es1/var.typeof.js: OK
es1/void.js: Exception in thread "main" java.lang.NullPointerException: value
es1/void.typeof.js: Exception in thread "main" java.lang.NullPointerException: value
es1/while.js: OK
es1/with.js: OK
es3/Array.prototype.concat.js: Runtime error The function 'concat' is not defined for object '1,2' [[Error loading file' Array.prototype.concat.js']]
es3/Array.prototype.pop.generic.js: Runtime error The property 'pop' is not defined in object '' [[Error loading file' Array.prototype.pop.generic.js']]
es3/Array.prototype.pop.js: Runtime error The function 'pop' is not defined for object '1,2,3' [[Error loading file' Array.prototype.pop.js']]
es3/Array.prototype.push.generic.js: Runtime error The property 'push' is not defined in object '' [[Error loading file' Array.prototype.push.generic.js']]
es3/Array.prototype.push.js: Runtime error The function 'push' is not defined for object '1,2' [[Error loading file' Array.prototype.push.js']]
es3/Array.prototype.shift.generic.js: Runtime error The property 'shift' is not defined in object '' [[Error loading file' Array.prototype.shift.generic.js']]
es3/Array.prototype.shift.js: Runtime error The function 'shift' is not defined for object '1,2,3' [[Error loading file' Array.prototype.shift.js']]
es3/Array.prototype.slice.generic.js: Runtime error The property 'slice' is not defined in object '' [[Error loading file' Array.prototype.slice.generic.js']]
es3/Array.prototype.slice.js: Runtime error The function 'slice' is not defined for object '1,2,3,4' [[Error loading file' Array.prototype.slice.js']]
es3/Array.prototype.splice.generic.js: Runtime error The property 'splice' is not defined in object '' [[Error loading file' Array.prototype.splice.generic.js']]
es3/Array.prototype.splice.js: Runtime error The function 'splice' is not defined for object '1,2,3,4' [[Error loading file' Array.prototype.splice.js']]
es3/Array.prototype.toLocaleString.js: Runtime error The function 'toLocaleString' is not defined for object '1,2,3' [[Error loading file' Array.prototype.toLocaleString.js']]
es3/Array.prototype.unshift.generic.js: Runtime error The property 'unshift' is not defined in object '' [[Error loading file' Array.prototype.unshift.generic.js']]
es3/Array.prototype.unshift.js: Runtime error The function 'unshift' is not defined for object '2,3' [[Error loading file' Array.prototype.unshift.js']]
es3/Array.prototype.unshift.returns-new-length.js: Syntax error detected near line 9, column 15, after "=" [[Error loading file' Array.prototype.unshift.returns-new-length.js']]
es3/Date.prototype.toDateString.js: Runtime error The function 'toDateString' is not defined for object 'Mon Feb 23 18:50:11 UTC 2026' [[Error loading file' Date.prototype.toDateString.js']]
es3/Date.prototype.toLocaleDateString.js: Runtime error The function 'toLocaleDateString' is not defined for object 'Mon Feb 23 18:50:11 UTC 2026' [[Error loading file' Date.prototype.toLocaleDateString.js']]
es3/Date.prototype.toLocaleString.js: OK
es3/Date.prototype.toLocaleTimeString.js: Runtime error The function 'toLocaleTimeString' is not defined for object 'Mon Feb 23 18:50:11 UTC 2026' [[Error loading file' Date.prototype.toLocaleTimeString.js']]
es3/Date.prototype.toTimeString.js: Runtime error The function 'toTimeString' is not defined for object 'Mon Feb 23 18:50:11 UTC 2026' [[Error loading file' Date.prototype.toTimeString.js']]
es3/Error.js: Runtime error global variable 'Error' does not have a value detected at line 10 in file: 'Error.js' [[Error loading file' Error.js']]
es3/Error.prototype.constructor.js: Runtime error global variable 'Error' does not have a value detected at line 6 in file: 'Error.prototype.constructor.js' [[Error loading file' Error.prototype.constructor.js']]
es3/Error.prototype.message.js: Runtime error global variable 'Error' does not have a value detected at line 6 in file: 'Error.prototype.message.js' [[Error loading file' Error.prototype.message.js']]
es3/Error.prototype.name.js: Runtime error global variable 'Error' does not have a value detected at line 6 in file: 'Error.prototype.name.js' [[Error loading file' Error.prototype.name.js']]
es3/Error.prototype.toString.js: Runtime error global variable 'Error' does not have a value detected at line 6 in file: 'Error.prototype.toString.js' [[Error loading file' Error.prototype.toString.js']]
es3/Function.prototype.apply.js: Syntax error detected near line 12, column 31, after "," [[Error loading file' Function.prototype.apply.js']]
es3/Function.prototype.call.js: Syntax error detected near line 23, column 11, after "=" [[Error loading file' Function.prototype.call.js']]
es3/Math.max.variadic.js: Runtime error Missing parameter in function <max:FESI.Data.MathObject$11> [[Error loading file' Math.max.variadic.js']]
es3/Math.min.variadic.js: Runtime error Missing parameter in function <min:FESI.Data.MathObject$12> [[Error loading file' Math.min.variadic.js']]
es3/Number.prototype.toExponential.edge-cases.js: [[Error loading file' Number.prototype.toExponential.edge-cases.js']]
es3/Number.prototype.toExponential.js: Runtime error The function 'toExponential' is not defined for object '123.456' [[Error loading file' Number.prototype.toExponential.js']]
es3/Number.prototype.toExponential.rounding.js: Syntax error detected near line 14, column 11, after "==" [[Error loading file' Number.prototype.toExponential.rounding.js']]
es3/Number.prototype.toExponential.throws-infinity.js: [[Error loading file' Number.prototype.toExponential.throws-infinity.js']]
es3/Number.prototype.toFixed.js: Runtime error The function 'toFixed' is not defined for object '123.456' [[Error loading file' Number.prototype.toFixed.js']]
es3/Number.prototype.toLocaleString.js: Runtime error The function 'toLocaleString' is not defined for object '123.456' [[Error loading file' Number.prototype.toLocaleString.js']]
es3/Number.prototype.toPrecision.js: Runtime error The function 'toPrecision' is not defined for object '123.456' [[Error loading file' Number.prototype.toPrecision.js']]
es3/Object.prototype.hasOwnProperty.js: Runtime error The function 'hasOwnProperty' is not defined for object '[object Object]' [[Error loading file' Object.prototype.hasOwnProperty.js']]
es3/Object.prototype.isPrototypeOf.js: Runtime error The function 'isPrototypeOf' is not defined for object '[object Object]' [[Error loading file' Object.prototype.isPrototypeOf.js']]
es3/Object.prototype.propertyIsEnumerable.js: Runtime error The function 'propertyIsEnumerable' is not defined for object '[object Object]' [[Error loading file' Object.prototype.propertyIsEnumerable.js']]
es3/Object.prototype.toLocaleString.js: Syntax error detected near line 26, column 35, after "=" [[Error loading file' Object.prototype.toLocaleString.js']]
es3/RegExp.global.js: Syntax error detected near line 22, column 11, after "=" [[Error loading file' RegExp.global.js']]
es3/RegExp.ignoreCase.js: Syntax error detected near line 22, column 11, after "=" [[Error loading file' RegExp.ignoreCase.js']]
es3/RegExp.js: Runtime error new FunctionCallParameters did not return an object [[Error loading file' RegExp.js']]
es3/RegExp.lastIndex.js: Runtime error new FunctionCallParameters did not return an object [[Error loading file' RegExp.lastIndex.js']]
es3/RegExp.multiline.js: Syntax error detected near line 22, column 11, after "=" [[Error loading file' RegExp.multiline.js']]
es3/RegExp.prototype.constructor.js: OK
es3/RegExp.prototype.exec.js: OK
es3/RegExp.prototype.test.js: OK
es3/RegExp.prototype.toString.js: Runtime error new FunctionCallParameters did not return an object [[Error loading file' RegExp.prototype.toString.js']]
es3/RegExp.source.js: failed
es3/String.prototype.concat.generic.js: Runtime error The property 'concat' is not defined in object '' [[Error loading file' String.prototype.concat.generic.js']]
es3/String.prototype.concat.js: Runtime error The function 'concat' is not defined for object 'Hello' [[Error loading file' String.prototype.concat.js']]
es3/String.prototype.localeCompare.js: Runtime error The function 'localeCompare' is not defined for object 'a' [[Error loading file' String.prototype.localeCompare.js']]
es3/String.prototype.match.generic.js: Syntax error detected near line 7, column 47, after "," [[Error loading file' String.prototype.match.generic.js']]
es3/String.prototype.match.js: Syntax error detected near line 9, column 24, after "(" [[Error loading file' String.prototype.match.js']]
es3/String.prototype.replace.capture.js: Syntax error detected near line 9, column 21, after "(" [[Error loading file' String.prototype.replace.capture.js']]
es3/String.prototype.replace.extra.js: Syntax error detected near line 9, column 21, after "(" [[Error loading file' String.prototype.replace.extra.js']]
es3/String.prototype.replace.generic.js: Syntax error detected near line 9, column 17, after "=" [[Error loading file' String.prototype.replace.generic.js']]
es3/String.prototype.replace.regex.js: Syntax error detected near line 9, column 26, after "(" [[Error loading file' String.prototype.replace.regex.js']]
es3/String.prototype.replace.str.js: Runtime error The replace argument must be a RegExp [[Error loading file' String.prototype.replace.str.js']]
es3/String.prototype.search.generic.js: Syntax error detected near line 7, column 48, after "," [[Error loading file' String.prototype.search.generic.js']]
es3/String.prototype.search.js: Syntax error detected near line 9, column 25, after "(" [[Error loading file' String.prototype.search.js']]
es3/String.prototype.search.str.js: Runtime error The search argument must be a RegExp [[Error loading file' String.prototype.search.str.js']]
es3/String.prototype.slice.generic.js: Runtime error The property 'slice' is not defined in object '' [[Error loading file' String.prototype.slice.generic.js']]
es3/String.prototype.slice.js: Runtime error The function 'slice' is not defined for object 'hello world' [[Error loading file' String.prototype.slice.js']]
es3/String.prototype.split.bugs.js: Syntax error detected near line 14, column 12, after <STRING_LITERAL> [[Error loading file' String.prototype.split.bugs.js']]
es3/String.prototype.split.limit.js: split with limit 2 failed; split with limit 0 failed; split with limit 3 failed; split with limit 1 failed
es3/String.prototype.split.regex.js: Syntax error detected near line 9, column 24, after "(" [[Error loading file' String.prototype.split.regex.js']]
es3/String.prototype.toLocaleLowerCase.js: Runtime error The function 'toLocaleLowerCase' is not defined for object 'HELLO' [[Error loading file' String.prototype.toLocaleLowerCase.js']]
es3/String.prototype.toLocaleUpperCase.js: Runtime error The function 'toLocaleUpperCase' is not defined for object 'hello' [[Error loading file' String.prototype.toLocaleUpperCase.js']]
es3/annex-b.String.prototype.substr.js: Syntax error detected near line 20, column 21, after "==" [[Error loading file' annex-b.String.prototype.substr.js']]
es3/do-while.js: [[Error loading file' do-while.js']]
es3/function-expressions.IIFE.js: Syntax error detected near line 8, column 16, after "(" [[Error loading file' function-expressions.IIFE.js']]
es3/function-expressions.js: Syntax error detected near line 8, column 10, after "=" [[Error loading file' function-expressions.js']]
es3/global.EvalError.js: constructor failed; Runtime error global variable 'EvalError' does not have a value detected at line 14 in file: 'global.EvalError.js' [[Error loading file' global.EvalError.js']]
es3/global.RangeError.js: constructor failed; Runtime error global variable 'RangeError' does not have a value detected at line 14 in file: 'global.RangeError.js' [[Error loading file' global.RangeError.js']]
es3/global.RangeError.thrown.js: in file: 'global.RangeError.thrown.js' [[Error loading file' global.RangeError.thrown.js']]
es3/global.ReferenceError.js: constructor failed; Runtime error global variable 'ReferenceError' does not have a value detected at line 14 in file: 'global.ReferenceError.js' [[Error loading file' global.ReferenceError.js']]
es3/global.ReferenceError.thrown.js: in file: 'global.ReferenceError.thrown.js' [[Error loading file' global.ReferenceError.thrown.js']]
es3/global.SyntaxError.js: constructor failed; Runtime error global variable 'SyntaxError' does not have a value detected at line 14 in file: 'global.SyntaxError.js' [[Error loading file' global.SyntaxError.js']]
es3/global.SyntaxError.thrown.js: in file: 'global.SyntaxError.thrown.js' [[Error loading file' global.SyntaxError.thrown.js']]
es3/global.TypeError.js: constructor failed; Runtime error global variable 'TypeError' does not have a value detected at line 14 in file: 'global.TypeError.js' [[Error loading file' global.TypeError.js']]
es3/global.TypeError.thrown.js: in file: 'global.TypeError.thrown.js' [[Error loading file' global.TypeError.thrown.js']]
es3/global.URIError.js: constructor failed; Runtime error global variable 'URIError' does not have a value detected at line 14 in file: 'global.URIError.js' [[Error loading file' global.URIError.js']]
es3/global.URIError.thrown.js: in file: 'global.URIError.thrown.js' [[Error loading file' global.URIError.thrown.js']]
es3/global.decodeURIComponent.js: Runtime error no global function named 'decodeURIComponent' [[Error loading file' global.decodeURIComponent.js']]
es3/global.decodeURI.js: Runtime error no global function named 'decodeURI' [[Error loading file' global.decodeURI.js']]
es3/global.encodeURIComponent.js: Runtime error no global function named 'encodeURIComponent' [[Error loading file' global.encodeURIComponent.js']]
es3/global.encodeURI.js: Runtime error no global function named 'encodeURI' [[Error loading file' global.encodeURI.js']]
es3/global.undefined.js: OK
es3/identifiers.unicode.js: Lexical error at line 8, column 5.  Encountered: "\u0436" (1078), after : "" [[Error loading file' identifiers.unicode.js']]
es3/instanceof.js: Syntax error detected near line 9, column 9, after <IDENTIFIER> [[Error loading file' instanceof.js']]
es3/in.js: Syntax error detected near line 10, column 11, after <STRING_LITERAL> [[Error loading file' in.js']]
es3/labelled.break.js: Syntax error detected near line 10, column 6, after <IDENTIFIER> [[Error loading file' labelled.break.js']]
es3/labelled.continue.js: Syntax error detected near line 11, column 6, after <IDENTIFIER> [[Error loading file' labelled.continue.js']]
es3/labelled.statements.js: Syntax error detected near line 9, column 7, after <IDENTIFIER> [[Error loading file' labelled.statements.js']]
es3/literals.array.elisions.js: Syntax error detected near line 8, column 10, after "=" [[Error loading file' literals.array.elisions.js']]
es3/literals.array.js: Syntax error detected near line 8, column 10, after "=" [[Error loading file' literals.array.js']]
es3/literals.array.trailing-comma.js: Syntax error detected near line 9, column 10, after "=" [[Error loading file' literals.array.trailing-comma.js']]
es3/literals.object.decimal.js: Syntax error detected near line 9, column 10, after "=" [[Error loading file' literals.object.decimal.js']]
es3/literals.object.hex.js: Syntax error detected near line 9, column 10, after "=" [[Error loading file' literals.object.hex.js']]
es3/literals.object.int.js: Syntax error detected near line 9, column 10, after "=" [[Error loading file' literals.object.int.js']]
es3/literals.object.js: Syntax error detected near line 8, column 10, after "=" [[Error loading file' literals.object.js']]
es3/literals.object.str.js: Syntax error detected near line 8, column 10, after "=" [[Error loading file' literals.object.str.js']]
es3/literals.object.unicode.js: Syntax error detected near line 9, column 10, after "=" [[Error loading file' literals.object.unicode.js']]
es3/literals.regex.ambiguous.js: Syntax error detected near line 18, column 10, after "=" [[Error loading file' literals.regex.ambiguous.js']]
es3/literals.regex.empty.js: Syntax error detected near line 8, column 10, after "=" [[Error loading file' literals.regex.empty.js']]
es3/literals.regex.js: Syntax error detected near line 6, column 10, after "=" [[Error loading file' literals.regex.js']]
es3/literals.string.esc-v.js: [[Error loading file' literals.string.esc-v.js']]
es3/nested-functions.eval.js: Syntax error detected near line 10, column 3, after "{" [[Error loading file' nested-functions.eval.js']]
es3/nested-functions.js: Syntax error detected near line 10, column 3, after "{" [[Error loading file' nested-functions.js']]
es3/regex.backref.js: Syntax error detected near line 9, column 10, after "=" [[Error loading file' regex.backref.js']]
es3/regex.begin.js: Syntax error detected near line 9, column 5, after "(" [[Error loading file' regex.begin.js']]
es3/regex.bracket.esc-b.js: Syntax error detected near line 7, column 5, after "(" [[Error loading file' regex.bracket.esc-b.js']]
es3/regex.bracket.js: Syntax error detected near line 10, column 10, after "=" [[Error loading file' regex.bracket.js']]
es3/regex.bracket.ranges.js: Syntax error detected near line 10, column 5, after "(" [[Error loading file' regex.bracket.ranges.js']]
es3/regex.class.esc-d.js: Syntax error detected near line 11, column 5, after "(" [[Error loading file' regex.class.esc-d.js']]
es3/regex.class.esc-s.js: Syntax error detected near line 11, column 5, after "(" [[Error loading file' regex.class.esc-s.js']]
es3/regex.class.esc-w.js: Syntax error detected near line 11, column 5, after "(" [[Error loading file' regex.class.esc-w.js']]
es3/regex.disjunction.js: Syntax error detected near line 8, column 10, after "=" [[Error loading file' regex.disjunction.js']]
es3/regex.dot.js: Syntax error detected near line 9, column 10, after "=" [[Error loading file' regex.dot.js']]
es3/regex.end.js: Syntax error detected near line 9, column 5, after "(" [[Error loading file' regex.end.js']]
es3/regex.escape.control.js: Syntax error detected near line 9, column 5, after "(" [[Error loading file' regex.escape.control.js']]
es3/regex.escape.hex.js: Syntax error detected near line 9, column 10, after "=" [[Error loading file' regex.escape.hex.js']]
es3/regex.escape.js: Syntax error detected near line 10, column 10, after "=" [[Error loading file' regex.escape.js']]
es3/regex.escape.nul.js: Syntax error detected near line 7, column 9, after "=" [[Error loading file' regex.escape.nul.js']]
es3/regex.escape.unicode.js: Syntax error detected near line 9, column 10, after "=" [[Error loading file' regex.escape.unicode.js']]
es3/regex.flag.global.js: Syntax error detected near line 9, column 15, after <STRING_LITERAL> [[Error loading file' regex.flag.global.js']]
es3/regex.flag.ignorecase.js: Syntax error detected near line 9, column 10, after "=" [[Error loading file' regex.flag.ignorecase.js']]
es3/regex.flag.multiline.js: Syntax error detected near line 10, column 10, after "=" [[Error loading file' regex.flag.multiline.js']]
es3/regex.group.js: Syntax error detected near line 9, column 10, after "=" [[Error loading file' regex.group.js']]
es3/regex.lookahead.js: Syntax error detected near line 9, column 10, after "=" [[Error loading file' regex.lookahead.js']]
es3/regex.negative-lookahead.js: Syntax error detected near line 9, column 10, after "=" [[Error loading file' regex.negative-lookahead.js']]
es3/regex.non-capturing-group.js: Syntax error detected near line 9, column 10, after "=" [[Error loading file' regex.non-capturing-group.js']]
es3/regex.quantifier.exact.js: Syntax error detected near line 9, column 10, after "=" [[Error loading file' regex.quantifier.exact.js']]
es3/regex.quantifier.maybe.js: Syntax error detected near line 9, column 10, after "=" [[Error loading file' regex.quantifier.maybe.js']]
es3/regex.quantifier.min.js: Syntax error detected near line 9, column 10, after "=" [[Error loading file' regex.quantifier.min.js']]
es3/regex.quantifier.plus.js: Syntax error detected near line 9, column 10, after "=" [[Error loading file' regex.quantifier.plus.js']]
es3/regex.quantifier.range.js: Syntax error detected near line 9, column 10, after "=" [[Error loading file' regex.quantifier.range.js']]
es3/regex.quantifier.star.js: Syntax error detected near line 9, column 10, after "=" [[Error loading file' regex.quantifier.star.js']]
es3/regex.word-boundary.js: Syntax error detected near line 10, column 5, after "(" [[Error loading file' regex.word-boundary.js']]
es3/source.line-terminators.js: Syntax error detected near line 12, column 10, after "=" [[Error loading file' source.line-terminators.js']]
es3/source.whitespace.js: Lexical error at line 10, column 4.  Encountered: "\u000b" (11), after : "" [[Error loading file' source.whitespace.js']]
es3/source.whitespace.unicode.js: Lexical error at line 8, column 4.  Encountered: "\u2000" (8192), after : "" [[Error loading file' source.whitespace.unicode.js']]
es3/strict-equals.js: Syntax error detected near line 9, column 9, after "==" [[Error loading file' strict-equals.js']]
es3/switch.js: [[Error loading file' switch.js']]
es3/try-catch-finally.js: [[Error loading file' try-catch-finally.js']]
es3/try-catch-throw.js: [[Error loading file' try-catch-throw.js']]
es5/Array.isArray.js: Syntax error detected near line 10, column 28, after "==" [[Error loading file' Array.isArray.js']]
es5/Array.prototype.every.js: Syntax error detected near line 10, column 36, after "==" [[Error loading file' Array.prototype.every.js']]
es5/Array.prototype.filter.js: Syntax error detected near line 10, column 37, after "==" [[Error loading file' Array.prototype.filter.js']]
es5/Array.prototype.forEach.js: Syntax error detected near line 10, column 38, after "==" [[Error loading file' Array.prototype.forEach.js']]
es5/Array.prototype.indexOf.js: Syntax error detected near line 10, column 38, after "==" [[Error loading file' Array.prototype.indexOf.js']]
es5/Array.prototype.lastIndexOf.js: Syntax error detected near line 10, column 42, after "==" [[Error loading file' Array.prototype.lastIndexOf.js']]
es5/Array.prototype.map.js: Syntax error detected near line 10, column 34, after "==" [[Error loading file' Array.prototype.map.js']]
es5/Array.prototype.reduceRight.js: Syntax error detected near line 10, column 42, after "==" [[Error loading file' Array.prototype.reduceRight.js']]
es5/Array.prototype.reduce.js: Syntax error detected near line 10, column 37, after "==" [[Error loading file' Array.prototype.reduce.js']]
es5/Array.prototype.some.js: Syntax error detected near line 10, column 35, after "==" [[Error loading file' Array.prototype.some.js']]
es5/Array.prototype.sort.TypeError.js: Syntax error detected near line 8, column 11, after "=" in file: 'Array.prototype.sort.TypeError.js' [[Error loading file' Array.prototype.sort.TypeError.js']]
es5/Array.prototype.sort.undefined-comparefn.js: Syntax error detected near line 9, column 11, after "=" [[Error loading file' Array.prototype.sort.undefined-comparefn.js']]
es5/Date.now.js: Syntax error detected near line 10, column 23, after "==" [[Error loading file' Date.now.js']]
es5/Date.prototype.toISOString.js: Syntax error detected near line 10, column 41, after "==" [[Error loading file' Date.prototype.toISOString.js']]
es5/Date.prototype.toJSON.js: Syntax error detected near line 10, column 36, after "==" [[Error loading file' Date.prototype.toJSON.js']]
es5/Function.prototype-not-enumerable.js: Syntax error detected near line 17, column 9, after "=" [[Error loading file' Function.prototype-not-enumerable.js']]
es5/Function.prototype.apply.array-like.js: [[Error loading file' Function.prototype.apply.array-like.js']]
es5/Function.prototype.bind.js: Syntax error detected near line 10, column 38, after "==" [[Error loading file' Function.prototype.bind.js']]
es5/JSON.js: Syntax error detected near line 8, column 19, after "==" [[Error loading file' JSON.js']]
es5/JSON.parse.js: Syntax error detected near line 7, column 25, after "!=" [[Error loading file' JSON.parse.js']]
es5/JSON.parse.reviver.js: Syntax error detected near line 7, column 25, after "!=" [[Error loading file' JSON.parse.reviver.js']]
es5/JSON.stringify.js: Syntax error detected near line 7, column 29, after "!=" [[Error loading file' JSON.stringify.js']]
es5/JSON.stringify.replacer.js: Syntax error detected near line 7, column 29, after "!=" [[Error loading file' JSON.stringify.replacer.js']]
es5/JSON.stringify.space.js: Syntax error detected near line 7, column 29, after "!=" [[Error loading file' JSON.stringify.space.js']]
es5/Object.create.js: Syntax error detected near line 10, column 28, after "==" [[Error loading file' Object.create.js']]
es5/Object.defineProperties.js: Syntax error detected near line 10, column 38, after "==" [[Error loading file' Object.defineProperties.js']]
es5/Object.defineProperty.js: Syntax error detected near line 10, column 36, after "==" [[Error loading file' Object.defineProperty.js']]
es5/Object.freeze.js: Syntax error detected near line 10, column 28, after "==" [[Error loading file' Object.freeze.js']]
es5/Object.getOwnPropertyDescriptor.js: Syntax error detected near line 10, column 46, after "==" [[Error loading file' Object.getOwnPropertyDescriptor.js']]
es5/Object.getOwnPropertyNames.js: Syntax error detected near line 10, column 41, after "==" [[Error loading file' Object.getOwnPropertyNames.js']]
es5/Object.getPrototypeOf.js: Syntax error detected near line 10, column 36, after "==" [[Error loading file' Object.getPrototypeOf.js']]
es5/Object.isExtensible.js: Syntax error detected near line 10, column 34, after "==" [[Error loading file' Object.isExtensible.js']]
es5/Object.isFrozen.js: Syntax error detected near line 10, column 30, after "==" [[Error loading file' Object.isFrozen.js']]
es5/Object.isSealed.js: Syntax error detected near line 10, column 30, after "==" [[Error loading file' Object.isSealed.js']]
es5/Object.keys.js: Syntax error detected near line 10, column 26, after "==" [[Error loading file' Object.keys.js']]
es5/Object.preventExtensions.js: Syntax error detected near line 10, column 39, after "==" [[Error loading file' Object.preventExtensions.js']]
es5/Object.property-shadowing.js: Syntax error detected near line 13, column 11, after "==" [[Error loading file' Object.property-shadowing.js']]
es5/Object.seal.js: Syntax error detected near line 10, column 26, after "==" [[Error loading file' Object.seal.js']]
es5/String.indexing.js: Syntax error detected near line 10, column 13, after <STRING_LITERAL> [[Error loading file' String.indexing.js']]
es5/String.prototype.trim.js: Syntax error detected near line 10, column 36, after "==" [[Error loading file' String.prototype.trim.js']]
es5/arguments.toStringTag.js: Syntax error detected near line 10, column 15, after "(" [[Error loading file' arguments.toStringTag.js']]
es5/debugger.js: [[Error loading file' debugger.js']]
es5/global.Infinity.immutable.js: Syntax error detected near line 13, column 23, after "==" [[Error loading file' global.Infinity.immutable.js']]
es5/global.NaN.immutable.js: Syntax error detected near line 13, column 18, after "==" [[Error loading file' global.NaN.immutable.js']]
es5/global.parseInt.no-octal.js: Syntax error detected near line 13, column 23, after "==" [[Error loading file' global.parseInt.no-octal.js']]
es5/global.undefined.immutable.js: Syntax error detected near line 14, column 24, after "==" [[Error loading file' global.undefined.immutable.js']]
es5/literals.object.getters.js: Syntax error detected near line 9, column 10, after "=" [[Error loading file' literals.object.getters.js']]
es5/literals.object.setters.js: Syntax error detected near line 10, column 10, after "=" [[Error loading file' literals.object.setters.js']]
es5/literals.object.trailing-comma.js: Syntax error detected near line 9, column 10, after "=" [[Error loading file' literals.object.trailing-comma.js']]
es5/source.keyword-properties.js: Syntax error detected near line 15, column 10, after "=" [[Error loading file' source.keyword-properties.js']]
es5/source.unreserved-words.js: Syntax error detected near line 32, column 16, after "==" [[Error loading file' source.unreserved-words.js']]
es5/source.whitespace.bom.js: Lexical error at line 1, column 1.  Encountered: "\ufeff" (65279), after : "" [[Error loading file' source.whitespace.bom.js']]
es5/source.zero-width-chars.js: Lexical error at line 11, column 6.  Encountered: "\\" (92), after : "" [[Error loading file' source.zero-width-chars.js']]
es5/strict.eval-cannot-create-bindings.js: Syntax error detected near line 14, column 15, after "(" in file: 'strict.eval-cannot-create-bindings.js' [[Error loading file' strict.eval-cannot-create-bindings.js']]
es5/strict.function-expr-with-matching-name.js: Syntax error detected near line 8, column 11, after "=" [[Error loading file' strict.function-expr-with-matching-name.js']]
es5/strict.js: Syntax error detected near line 10, column 20, after "(" [[Error loading file' strict.js']]
es5/strict.no-arguments-callee.js: Syntax error detected near line 12, column 15, after "(" [[Error loading file' strict.no-arguments-callee.js']]
es5/strict.no-arguments-caller.js: Syntax error detected near line 12, column 15, after "(" [[Error loading file' strict.no-arguments-caller.js']]
es5/strict.no-assignment-to-non-writable.js: Syntax error detected near line 11, column 15, after "(" [[Error loading file' strict.no-assignment-to-non-writable.js']]
es5/strict.no-assignment-to-unresolvable.js: Syntax error detected near line 12, column 15, after "(" [[Error loading file' strict.no-assignment-to-unresolvable.js']]
es5/strict.no-delete-bindings.js: Syntax error detected near line 12, column 15, after "(" [[Error loading file' strict.no-delete-bindings.js']]
es5/strict.no-delete-non-configurable.js: Syntax error detected near line 12, column 15, after "(" [[Error loading file' strict.no-delete-non-configurable.js']]
es5/strict.no-duplicate-parameters.js: Syntax error detected near line 13, column 15, after "(" [[Error loading file' strict.no-duplicate-parameters.js']]
es5/strict.no-eval-or-arguments-assignment.js: Syntax error detected near line 12, column 15, after "(" [[Error loading file' strict.no-eval-or-arguments-assignment.js']]
es5/strict.no-eval-or-arguments-bindings.js: Syntax error detected near line 21, column 15, after "(" [[Error loading file' strict.no-eval-or-arguments-bindings.js']]
es5/strict.no-function-caller-or-arguments.js: Syntax error detected near line 12, column 15, after "(" [[Error loading file' strict.no-function-caller-or-arguments.js']]
es5/strict.no-octal-literals.js: Syntax error detected near line 16, column 15, after "(" [[Error loading file' strict.no-octal-literals.js']]
es5/strict.no-with.js: Syntax error detected near line 11, column 15, after "(" [[Error loading file' strict.no-with.js']]
es5/strict.reserved-words.js: Syntax error detected near line 11, column 15, after "(" [[Error loading file' strict.reserved-words.js']]
es5/strict.this-primitive-not-coerced-in-accessors.js: Syntax error detected near line 7, column 15, after "(" [[Error loading file' strict.this-primitive-not-coerced-in-accessors.js']]
es5/strict.this-primitive-not-coerced.js: Syntax error detected near line 10, column 15, after "(" [[Error loading file' strict.this-primitive-not-coerced.js']]
es5/strict.this-undefined-in-function.js: Syntax error detected near line 10, column 15, after "(" [[Error loading file' strict.this-undefined-in-function.js']]
es5/strict.unmapped-arguments.js: Syntax error detected near line 12, column 15, after "(" [[Error loading file' strict.unmapped-arguments.js']]
es5/this.thrown-function.js: Syntax error detected near line 10, column 15, after "(" [[Error loading file' this.thrown-function.js']]
kangax-es5/Array.isArray.js: Syntax error detected near line 9, column 33, after "==" [[Error loading file' Array.isArray.js']]
kangax-es5/Array.prototype.every.js: Syntax error detected near line 9, column 41, after "==" [[Error loading file' Array.prototype.every.js']]
kangax-es5/Array.prototype.filter.js: Syntax error detected near line 9, column 42, after "==" [[Error loading file' Array.prototype.filter.js']]
kangax-es5/Array.prototype.forEach.js: Syntax error detected near line 9, column 43, after "==" [[Error loading file' Array.prototype.forEach.js']]
kangax-es5/Array.prototype.indexOf.js: Syntax error detected near line 9, column 43, after "==" [[Error loading file' Array.prototype.indexOf.js']]
kangax-es5/Array.prototype.lastIndexOf.js: Syntax error detected near line 9, column 47, after "==" [[Error loading file' Array.prototype.lastIndexOf.js']]
kangax-es5/Array.prototype.map.js: Syntax error detected near line 9, column 39, after "==" [[Error loading file' Array.prototype.map.js']]
kangax-es5/Array.prototype.reduceRight.js: Syntax error detected near line 9, column 47, after "==" [[Error loading file' Array.prototype.reduceRight.js']]
kangax-es5/Array.prototype.reduce.js: Syntax error detected near line 9, column 42, after "==" [[Error loading file' Array.prototype.reduce.js']]
kangax-es5/Array.prototype.some.js: Syntax error detected near line 9, column 40, after "==" [[Error loading file' Array.prototype.some.js']]
kangax-es5/Array.prototype.sort.compareFn-type.js: [[Error loading file' Array.prototype.sort.compareFn-type.js']]
kangax-es5/Array.prototype.sort.compareFn-undefined.js: [[Error loading file' Array.prototype.sort.compareFn-undefined.js']]
kangax-es5/Array.prototype.unshift.return-count.js: Syntax error detected near line 8, column 10, after "return" [[Error loading file' Array.prototype.unshift.return-count.js']]
kangax-es5/Date.now.js: Syntax error detected near line 9, column 28, after "==" [[Error loading file' Date.now.js']]
kangax-es5/Date.prototype.toISOString.js: Syntax error detected near line 9, column 46, after "==" [[Error loading file' Date.prototype.toISOString.js']]
kangax-es5/Date.prototype.toJSON.js: [[Error loading file' Date.prototype.toJSON.js']]
kangax-es5/Function.prototype.bind.js: Syntax error detected near line 9, column 43, after "==" [[Error loading file' Function.prototype.bind.js']]
kangax-es5/JSON.js: Syntax error detected near line 9, column 24, after "==" [[Error loading file' JSON.js']]
kangax-es5/Number.prototype.toExponential.no-throw-edge-cases.js: [[Error loading file' Number.prototype.toExponential.no-throw-edge-cases.js']]
kangax-es5/Number.prototype.toExponential.rounds-properly.js: Syntax error detected near line 8, column 40, after "==" [[Error loading file' Number.prototype.toExponential.rounds-properly.js']]
kangax-es5/Number.prototype.toExponential.throws-infinity.js: [[Error loading file' Number.prototype.toExponential.throws-infinity.js']]
kangax-es5/Object.create.js: Syntax error detected near line 9, column 33, after "==" [[Error loading file' Object.create.js']]
kangax-es5/Object.defineProperties.js: Syntax error detected near line 9, column 43, after "==" [[Error loading file' Object.defineProperties.js']]
kangax-es5/Object.defineProperty.js: Syntax error detected near line 9, column 41, after "==" [[Error loading file' Object.defineProperty.js']]
kangax-es5/Object.freeze.js: Syntax error detected near line 9, column 33, after "==" [[Error loading file' Object.freeze.js']]
kangax-es5/Object.getOwnPropertyDescriptor.js: Syntax error detected near line 9, column 51, after "==" [[Error loading file' Object.getOwnPropertyDescriptor.js']]
kangax-es5/Object.getOwnPropertyNames.js: Syntax error detected near line 9, column 46, after "==" [[Error loading file' Object.getOwnPropertyNames.js']]
kangax-es5/Object.getPrototypeOf.js: Syntax error detected near line 9, column 41, after "==" [[Error loading file' Object.getPrototypeOf.js']]
kangax-es5/Object.isExtensible.js: Syntax error detected near line 9, column 39, after "==" [[Error loading file' Object.isExtensible.js']]
kangax-es5/Object.isFrozen.js: Syntax error detected near line 9, column 35, after "==" [[Error loading file' Object.isFrozen.js']]
kangax-es5/Object.isSealed.js: Syntax error detected near line 9, column 35, after "==" [[Error loading file' Object.isSealed.js']]
kangax-es5/Object.keys.js: Syntax error detected near line 9, column 31, after "==" [[Error loading file' Object.keys.js']]
kangax-es5/Object.preventExtensions.js: Syntax error detected near line 9, column 44, after "==" [[Error loading file' Object.preventExtensions.js']]
kangax-es5/Object.seal.js: Syntax error detected near line 9, column 31, after "==" [[Error loading file' Object.seal.js']]
kangax-es5/String.property-access.js: Syntax error detected near line 9, column 18, after <STRING_LITERAL> [[Error loading file' String.property-access.js']]
kangax-es5/String.prototype.split.js: Syntax error detected near line 10, column 42, after "==" [[Error loading file' String.prototype.split.js']]
kangax-es5/String.prototype.trim.js: Syntax error detected near line 9, column 41, after "==" [[Error loading file' String.prototype.trim.js']]
kangax-es5/annex-b.String.prototype.substr.js: Syntax error detected near line 9, column 14, after <STRING_LITERAL> [[Error loading file' annex-b.String.prototype.substr.js']]
kangax-es5/immutable-globals.Infinity.js: Syntax error detected near line 9, column 34, after "==" [[Error loading file' immutable-globals.Infinity.js']]
kangax-es5/immutable-globals.NaN.js: Syntax error detected near line 9, column 29, after "==" [[Error loading file' immutable-globals.NaN.js']]
kangax-es5/immutable-globals.undefined.js: Syntax error detected near line 9, column 35, after "==" [[Error loading file' immutable-globals.undefined.js']]
kangax-es5/literals.getter-accessors.js: Syntax error detected near line 8, column 11, after "(" [[Error loading file' literals.getter-accessors.js']]
kangax-es5/literals.reserved-words-properties.js: Syntax error detected near line 8, column 11, after "(" [[Error loading file' literals.reserved-words-properties.js']]
kangax-es5/literals.setter-accessors.js: Syntax error detected near line 9, column 4, after "(" [[Error loading file' literals.setter-accessors.js']]
kangax-es5/literals.trailing-comma-array.js: Syntax error detected near line 8, column 10, after "return" [[Error loading file' literals.trailing-comma-array.js']]
kangax-es5/literals.trailing-comma-object.js: Syntax error detected near line 8, column 10, after "return" [[Error loading file' literals.trailing-comma-object.js']]
kangax-es5/misc.Arguments.toStringTag.js: Syntax error detected near line 8, column 11, after "(" [[Error loading file' misc.Arguments.toStringTag.js']]
kangax-es5/misc.Function.apply.array-likes.js: [[Error loading file' misc.Function.apply.array-likes.js']]
kangax-es5/misc.Function.prototype.non-enumerable.js: [[Error loading file' misc.Function.prototype.non-enumerable.js']]
kangax-es5/misc.enumerable-shadow.js: Syntax error detected near line 11, column 15, after "==" [[Error loading file' misc.enumerable-shadow.js']]
kangax-es5/misc.parseInt.ignores-leading-zeros.js: Syntax error detected near line 8, column 28, after "==" [[Error loading file' misc.parseInt.ignores-leading-zeros.js']]
kangax-es5/misc.thrown-functions-this.js: [[Error loading file' misc.thrown-functions-this.js']]
kangax-es5/misc.unreserved-words.js: [[Error loading file' misc.unreserved-words.js']]
kangax-es5/misc.zero-width-identifiers.js: Lexical error at line 8, column 8.  Encountered: "\\" (92), after : "" [[Error loading file' misc.zero-width-identifiers.js']]
kangax-es5/strict.arguments-callee-error.js: in file: 'strict.arguments-callee-error.js' [[Error loading file' strict.arguments-callee-error.js']]
kangax-es5/strict.arguments-caller-error.js: Syntax error detected near line 10, column 16, after <STRING_LITERAL> in file: 'strict.arguments-caller-error.js' [[Error loading file' strict.arguments-caller-error.js']]
kangax-es5/strict.arguments-unmapped.js: Syntax error detected near line 10, column 11, after "(" [[Error loading file' strict.arguments-unmapped.js']]
kangax-es5/strict.assignment-eval-arguments-error.js: in file: 'strict.assignment-eval-arguments-error.js' [[Error loading file' strict.assignment-eval-arguments-error.js']]
kangax-es5/strict.assignment-non-writable-error.js: in file: 'strict.assignment-non-writable-error.js' [[Error loading file' strict.assignment-non-writable-error.js']]
kangax-es5/strict.assignment-unresolvable-error.js: in file: 'strict.assignment-unresolvable-error.js' [[Error loading file' strict.assignment-unresolvable-error.js']]
kangax-es5/strict.delete-bindings-error.js: in file: 'strict.delete-bindings-error.js' [[Error loading file' strict.delete-bindings-error.js']]
kangax-es5/strict.delete-non-configurable-error.js: in file: 'strict.delete-non-configurable-error.js' [[Error loading file' strict.delete-non-configurable-error.js']]
kangax-es5/strict.eval-arguments-bindings-error.js: in file: 'strict.eval-arguments-bindings-error.js' [[Error loading file' strict.eval-arguments-bindings-error.js']]
kangax-es5/strict.eval-no-bindings.js: [[Error loading file' strict.eval-no-bindings.js']]
kangax-es5/strict.function-caller-arguments-error.js: in file: 'strict.function-caller-arguments-error.js' [[Error loading file' strict.function-caller-arguments-error.js']]
kangax-es5/strict.function-expr-matching-name-arg.js: Syntax error detected near line 9, column 13, after "=" [[Error loading file' strict.function-expr-matching-name-arg.js']]
kangax-es5/strict.legacy-octal-error.js: in file: 'strict.legacy-octal-error.js' [[Error loading file' strict.legacy-octal-error.js']]
kangax-es5/strict.repeated-params-error.js: in file: 'strict.repeated-params-error.js' [[Error loading file' strict.repeated-params-error.js']]
kangax-es5/strict.reserved-words.js: Syntax error detected near line 10, column 87, after <STRING_LITERAL> [[Error loading file' strict.reserved-words.js']]
kangax-es5/strict.this-not-coerced-accessors.js: Syntax error detected near line 11, column 3, after ";" [[Error loading file' strict.this-not-coerced-accessors.js']]
kangax-es5/strict.this-not-coerced-methods.js: Syntax error detected near line 10, column 11, after "(" [[Error loading file' strict.this-not-coerced-methods.js']]
kangax-es5/strict.this-undefined.js: Syntax error detected near line 10, column 17, after "==" [[Error loading file' strict.this-undefined.js']]
kangax-es5/strict.with-error.js: in file: 'strict.with-error.js' [[Error loading file' strict.with-error.js']]
kangax-es6/Array.Symbol.species.js: Syntax error detected near line 11, column 16, after <STRING_LITERAL> [[Error loading file' Array.Symbol.species.js']]
kangax-es6/Array.from.array-like.js: Syntax error detected near line 10, column 21, after "(" [[Error loading file' Array.from.array-like.js']]
kangax-es6/Array.from.generator.js: Syntax error detected near line 9, column 19, after "(" [[Error loading file' Array.from.generator.js']]
kangax-es6/Array.from.iterable-instance.js: Syntax error detected near line 8, column 21, after "==" [[Error loading file' Array.from.iterable-instance.js']]
kangax-es6/Array.from.iterable.js: Syntax error detected near line 8, column 21, after "==" [[Error loading file' Array.from.iterable.js']]
kangax-es6/Array.from.iterator-closing.js: Syntax error detected near line 8, column 21, after "==" [[Error loading file' Array.from.iterator-closing.js']]
kangax-es6/Array.from.map.array-like.js: Syntax error detected near line 9, column 21, after "(" [[Error loading file' Array.from.map.array-like.js']]
kangax-es6/Array.from.map.generator.js: Syntax error detected near line 9, column 19, after "(" [[Error loading file' Array.from.map.generator.js']]
kangax-es6/Array.from.map.iterable-instance.js: Syntax error detected near line 8, column 21, after "==" [[Error loading file' Array.from.map.iterable-instance.js']]
kangax-es6/Array.from.map.iterable.js: Syntax error detected near line 8, column 21, after "==" [[Error loading file' Array.from.map.iterable.js']]
kangax-es6/Array.iterator-prototype-chain.js: Syntax error detected near line 10, column 18, after "=" [[Error loading file' Array.iterator-prototype-chain.js']]
kangax-es6/Array.of.js: Syntax error detected near line 10, column 28, after "==" [[Error loading file' Array.of.js']]
kangax-es6/Array.prototype.Symbol.iterator.js: Syntax error detected near line 10, column 52, after "==" [[Error loading file' Array.prototype.Symbol.iterator.js']]
kangax-es6/Array.prototype.Symbol.unscopables.js: Syntax error detected near line 14, column 64, after <STRING_LITERAL> [[Error loading file' Array.prototype.Symbol.unscopables.js']]
kangax-es6/Array.prototype.copyWithin.js: Syntax error detected near line 10, column 46, after "==" [[Error loading file' Array.prototype.copyWithin.js']]
kangax-es6/Array.prototype.entries.js: Syntax error detected near line 10, column 43, after "==" [[Error loading file' Array.prototype.entries.js']]
kangax-es6/Array.prototype.fill.js: Syntax error detected near line 10, column 40, after "==" [[Error loading file' Array.prototype.fill.js']]
kangax-es6/Array.prototype.findIndex.js: Syntax error detected near line 10, column 45, after "==" [[Error loading file' Array.prototype.findIndex.js']]
kangax-es6/Array.prototype.find.js: Syntax error detected near line 10, column 40, after "==" [[Error loading file' Array.prototype.find.js']]
kangax-es6/Array.prototype.keys.js: Syntax error detected near line 10, column 40, after "==" [[Error loading file' Array.prototype.keys.js']]
kangax-es6/Array.prototype.splice.js: Syntax error detected near line 10, column 7, after "(" [[Error loading file' Array.prototype.splice.js']]
kangax-es6/Array.prototype.values.js: Syntax error detected near line 10, column 42, after "==" [[Error loading file' Array.prototype.values.js']]
kangax-es6/Date.prototype.Symbol.toPrimitive.js: Syntax error detected near line 11, column 41, after "==" [[Error loading file' Date.prototype.Symbol.toPrimitive.js']]
kangax-es6/Function.name.accessor.js: Syntax error detected near line 10, column 11, after "=" [[Error loading file' Function.name.accessor.js']]
kangax-es6/Function.name.bound.js: Syntax error detected near line 10, column 3, after "{" [[Error loading file' Function.name.bound.js']]
kangax-es6/Function.name.class-expression.js: [[Error loading file' Function.name.class-expression.js']]
kangax-es6/Function.name.class-object-method.js: Syntax error detected near line 10, column 11, after "=" [[Error loading file' Function.name.class-object-method.js']]
kangax-es6/Function.name.class-prototype.js: [[Error loading file' Function.name.class-prototype.js']]
kangax-es6/Function.name.class-statement.js: [[Error loading file' Function.name.class-statement.js']]
kangax-es6/Function.name.class-static.js: [[Error loading file' Function.name.class-static.js']]
kangax-es6/Function.name.class-variable.js: [[Error loading file' Function.name.class-variable.js']]
kangax-es6/Function.name.configurable.js: Syntax error detected near line 10, column 52, after "(" [[Error loading file' Function.name.configurable.js']]
kangax-es6/Function.name.expression.js: Syntax error detected near line 10, column 11, after "(" [[Error loading file' Function.name.expression.js']]
kangax-es6/Function.name.new-Function.js: Syntax error detected near line 10, column 32, after "==" [[Error loading file' Function.name.new-Function.js']]
kangax-es6/Function.name.object-method.js: Syntax error detected near line 10, column 11, after "=" [[Error loading file' Function.name.object-method.js']]
kangax-es6/Function.name.shorthand.js: Syntax error detected near line 10, column 11, after "=" [[Error loading file' Function.name.shorthand.js']]
kangax-es6/Function.name.shorthand.no-lexical.js: Syntax error detected near line 11, column 11, after "(" [[Error loading file' Function.name.shorthand.no-lexical.js']]
kangax-es6/Function.name.statement.js: Syntax error detected near line 10, column 3, after "{" [[Error loading file' Function.name.statement.js']]
kangax-es6/Function.name.symbol-keyed.js: Syntax error detected near line 12, column 11, after "=" [[Error loading file' Function.name.symbol-keyed.js']]
kangax-es6/Function.name.variable.js: Syntax error detected near line 10, column 13, after "=" [[Error loading file' Function.name.variable.js']]
kangax-es6/Map.Symbol.species.js: Syntax error detected near line 11, column 16, after <STRING_LITERAL> [[Error loading file' Map.Symbol.species.js']]
kangax-es6/Map.constructor-accepts-null.js: [[Error loading file' Map.constructor-accepts-null.js']]
kangax-es6/Map.constructor-arguments.js: Syntax error detected near line 10, column 14, after "=" [[Error loading file' Map.constructor-arguments.js']]
kangax-es6/Map.constructor-invokes-set.js: Syntax error detected near line 13, column 23, after "=" [[Error loading file' Map.constructor-invokes-set.js']]
kangax-es6/Map.constructor-requires-new.js: [[Error loading file' Map.constructor-requires-new.js']]
kangax-es6/Map.iterator-closing.js: Syntax error detected near line 9, column 21, after "==" [[Error loading file' Map.iterator-closing.js']]
kangax-es6/Map.iterator-prototype-chain.js: Syntax error detected near line 11, column 27, after ")" [[Error loading file' Map.iterator-prototype-chain.js']]
kangax-es6/Map.js: Syntax error detected near line 10, column 13, after "=" [[Error loading file' Map.js']]
kangax-es6/Map.prototype-not-instance.js: Syntax error detected near line 11, column 13, after "=" [[Error loading file' Map.prototype-not-instance.js']]
kangax-es6/Map.prototype.Symbol.iterator.js: Syntax error detected near line 10, column 50, after "==" [[Error loading file' Map.prototype.Symbol.iterator.js']]
kangax-es6/Map.prototype.clear.js: Syntax error detected near line 10, column 39, after "==" [[Error loading file' Map.prototype.clear.js']]
kangax-es6/Map.prototype.delete.js: Syntax error detected near line 10, column 31, after "." [[Error loading file' Map.prototype.delete.js']]
kangax-es6/Map.prototype.entries.js: Syntax error detected near line 10, column 41, after "==" [[Error loading file' Map.prototype.entries.js']]
kangax-es6/Map.prototype.forEach.js: Syntax error detected near line 10, column 41, after "==" [[Error loading file' Map.prototype.forEach.js']]
kangax-es6/Map.prototype.keys.js: Syntax error detected near line 10, column 38, after "==" [[Error loading file' Map.prototype.keys.js']]
kangax-es6/Map.prototype.set-returns-this.js: Syntax error detected near line 11, column 26, after "==" [[Error loading file' Map.prototype.set-returns-this.js']]
kangax-es6/Map.prototype.size.js: Syntax error detected near line 10, column 13, after "=" [[Error loading file' Map.prototype.size.js']]
kangax-es6/Map.prototype.values.js: Syntax error detected near line 10, column 40, after "==" [[Error loading file' Map.prototype.values.js']]
kangax-es6/Map.zero-key.js: Syntax error detected near line 13, column 15, after "(" [[Error loading file' Map.zero-key.js']]
kangax-es6/Math.acosh.js: Syntax error detected near line 10, column 30, after "==" [[Error loading file' Math.acosh.js']]
kangax-es6/Math.asinh.js: Syntax error detected near line 10, column 30, after "==" [[Error loading file' Math.asinh.js']]
kangax-es6/Math.atanh.js: Syntax error detected near line 10, column 30, after "==" [[Error loading file' Math.atanh.js']]
kangax-es6/Math.cbrt.js: Syntax error detected near line 10, column 29, after "==" [[Error loading file' Math.cbrt.js']]
kangax-es6/Math.clz32.js: Syntax error detected near line 10, column 30, after "==" [[Error loading file' Math.clz32.js']]
kangax-es6/Math.cosh.js: Syntax error detected near line 10, column 29, after "==" [[Error loading file' Math.cosh.js']]
kangax-es6/Math.expm1.js: Syntax error detected near line 10, column 30, after "==" [[Error loading file' Math.expm1.js']]
kangax-es6/Math.fround.js: Syntax error detected near line 10, column 31, after "==" [[Error loading file' Math.fround.js']]
kangax-es6/Math.hypot.js: Syntax error detected near line 10, column 25, after "==" [[Error loading file' Math.hypot.js']]
kangax-es6/Math.imul.js: Syntax error detected near line 10, column 29, after "==" [[Error loading file' Math.imul.js']]
kangax-es6/Math.log1p.js: Syntax error detected near line 10, column 30, after "==" [[Error loading file' Math.log1p.js']]
kangax-es6/Math.log2.js: Syntax error detected near line 10, column 29, after "==" [[Error loading file' Math.log2.js']]
kangax-es6/Math.log10.js: Syntax error detected near line 10, column 30, after "==" [[Error loading file' Math.log10.js']]
kangax-es6/Math.sign.js: Syntax error detected near line 10, column 29, after "==" [[Error loading file' Math.sign.js']]
kangax-es6/Math.sinh.js: Syntax error detected near line 10, column 29, after "==" [[Error loading file' Math.sinh.js']]
kangax-es6/Math.tanh.js: Syntax error detected near line 10, column 29, after "==" [[Error loading file' Math.tanh.js']]
kangax-es6/Math.trunc.js: Syntax error detected near line 10, column 30, after "==" [[Error loading file' Math.trunc.js']]
kangax-es6/Number.EPSILON.js: Syntax error detected near line 10, column 34, after "==" [[Error loading file' Number.EPSILON.js']]
kangax-es6/Number.MAX_SAFE_INTEGER.js: Syntax error detected near line 10, column 43, after "==" [[Error loading file' Number.MAX_SAFE_INTEGER.js']]
kangax-es6/Number.MIN_SAFE_INTEGER.js: Syntax error detected near line 10, column 43, after "==" [[Error loading file' Number.MIN_SAFE_INTEGER.js']]
kangax-es6/Number.isFinite.js: Syntax error detected near line 10, column 35, after "==" [[Error loading file' Number.isFinite.js']]
kangax-es6/Number.isInteger.js: Syntax error detected near line 10, column 36, after "==" [[Error loading file' Number.isInteger.js']]
kangax-es6/Number.isNaN.js: Syntax error detected near line 10, column 32, after "==" [[Error loading file' Number.isNaN.js']]
kangax-es6/Number.isSafeInteger.js: Syntax error detected near line 10, column 40, after "==" [[Error loading file' Number.isSafeInteger.js']]
kangax-es6/Number.parseFloat.js: Syntax error detected near line 11, column 37, after "==" [[Error loading file' Number.parseFloat.js']]
kangax-es6/Number.parseInt.js: Syntax error detected near line 11, column 35, after "==" [[Error loading file' Number.parseInt.js']]
kangax-es6/Object.assign.js: Syntax error detected near line 10, column 25, after "(" [[Error loading file' Object.assign.js']]
kangax-es6/Object.getOwnPropertySymbols.js: Syntax error detected near line 10, column 11, after "=" [[Error loading file' Object.getOwnPropertySymbols.js']]
kangax-es6/Object.is.js: Syntax error detected near line 10, column 29, after "==" [[Error loading file' Object.is.js']]
kangax-es6/Object.setPrototypeOf.js: Syntax error detected near line 10, column 32, after "(" [[Error loading file' Object.setPrototypeOf.js']]
kangax-es6/Promise.Symbol.species.js: Syntax error detected near line 11, column 16, after <STRING_LITERAL> [[Error loading file' Promise.Symbol.species.js']]
kangax-es6/Promise.all.iterable.js: Syntax error detected near line 9, column 21, after "==" [[Error loading file' Promise.all.iterable.js']]
kangax-es6/Promise.all.js: Syntax error detected near line 9, column 16, after "=" [[Error loading file' Promise.all.js']]
kangax-es6/Promise.constructor-requires-new.js: Syntax error detected near line 10, column 15, after "(" [[Error loading file' Promise.constructor-requires-new.js']]
kangax-es6/Promise.js: Syntax error detected near line 9, column 16, after "=" [[Error loading file' Promise.js']]
kangax-es6/Promise.prototype-not-instance.js: Syntax error detected near line 10, column 15, after "(" [[Error loading file' Promise.prototype-not-instance.js']]
kangax-es6/Promise.race.iterable.js: Syntax error detected near line 9, column 21, after "==" [[Error loading file' Promise.race.iterable.js']]
kangax-es6/Promise.race.js: Syntax error detected near line 9, column 16, after "=" [[Error loading file' Promise.race.js']]
kangax-es6/Proxy.Array.isArray.js: Syntax error detected near line 10, column 34, after "(" [[Error loading file' Proxy.Array.isArray.js']]
kangax-es6/Proxy.JSON.stringify.js: Syntax error detected near line 10, column 35, after "(" [[Error loading file' Proxy.JSON.stringify.js']]
kangax-es6/Proxy.constructor-requires-new.js: Syntax error detected near line 10, column 13, after "(" [[Error loading file' Proxy.constructor-requires-new.js']]
kangax-es6/Proxy.handler.apply.invariants.js: Syntax error detected near line 11, column 13, after "(" [[Error loading file' Proxy.handler.apply.invariants.js']]
kangax-es6/Proxy.handler.apply.js: Syntax error detected near line 10, column 17, after "=" [[Error loading file' Proxy.handler.apply.js']]
kangax-es6/Proxy.handler.construct.invariants.js: Syntax error detected near line 11, column 13, after "(" [[Error loading file' Proxy.handler.construct.invariants.js']]
kangax-es6/Proxy.handler.construct.js: Syntax error detected near line 10, column 17, after "=" [[Error loading file' Proxy.handler.construct.js']]
kangax-es6/Proxy.handler.defineProperty.invariants.js: Syntax error detected near line 11, column 13, after "(" [[Error loading file' Proxy.handler.defineProperty.invariants.js']]
kangax-es6/Proxy.handler.defineProperty.js: Syntax error detected near line 10, column 17, after "=" [[Error loading file' Proxy.handler.defineProperty.js']]
kangax-es6/Proxy.handler.deleteProperty.invariants.js: Syntax error detected near line 11, column 13, after "(" [[Error loading file' Proxy.handler.deleteProperty.invariants.js']]
kangax-es6/Proxy.handler.deleteProperty.js: Syntax error detected near line 10, column 17, after "=" [[Error loading file' Proxy.handler.deleteProperty.js']]
kangax-es6/Proxy.handler.getOwnPropertyDescriptor.invariants.js: Syntax error detected near line 11, column 13, after "(" [[Error loading file' Proxy.handler.getOwnPropertyDescriptor.invariants.js']]
kangax-es6/Proxy.handler.getOwnPropertyDescriptor.js: Syntax error detected near line 10, column 17, after "=" [[Error loading file' Proxy.handler.getOwnPropertyDescriptor.js']]
kangax-es6/Proxy.handler.getPrototypeOf.invariants.js: Syntax error detected near line 11, column 13, after "(" [[Error loading file' Proxy.handler.getPrototypeOf.invariants.js']]
kangax-es6/Proxy.handler.getPrototypeOf.js: Syntax error detected near line 10, column 17, after "=" [[Error loading file' Proxy.handler.getPrototypeOf.js']]
kangax-es6/Proxy.handler.get.instances.js: Syntax error detected near line 10, column 17, after "=" [[Error loading file' Proxy.handler.get.instances.js']]
kangax-es6/Proxy.handler.get.invariants.js: Syntax error detected near line 11, column 17, after "=" [[Error loading file' Proxy.handler.get.invariants.js']]
kangax-es6/Proxy.handler.get.js: Syntax error detected near line 10, column 17, after "=" [[Error loading file' Proxy.handler.get.js']]
kangax-es6/Proxy.handler.has.instances.js: Syntax error detected near line 10, column 17, after "=" [[Error loading file' Proxy.handler.has.instances.js']]
kangax-es6/Proxy.handler.has.invariants.js: Syntax error detected near line 11, column 13, after "(" [[Error loading file' Proxy.handler.has.invariants.js']]
kangax-es6/Proxy.handler.has.js: Syntax error detected near line 10, column 17, after "=" [[Error loading file' Proxy.handler.has.js']]
kangax-es6/Proxy.handler.isExtensible.invariants.js: Syntax error detected near line 11, column 13, after "(" [[Error loading file' Proxy.handler.isExtensible.invariants.js']]
kangax-es6/Proxy.handler.isExtensible.js: Syntax error detected near line 10, column 17, after "=" [[Error loading file' Proxy.handler.isExtensible.js']]
kangax-es6/Proxy.handler.ownKeys.invariants.js: Syntax error detected near line 11, column 13, after "(" [[Error loading file' Proxy.handler.ownKeys.invariants.js']]
kangax-es6/Proxy.handler.ownKeys.js: Syntax error detected near line 10, column 17, after "=" [[Error loading file' Proxy.handler.ownKeys.js']]
kangax-es6/Proxy.handler.preventExtensions.invariants.js: Syntax error detected near line 11, column 13, after "(" [[Error loading file' Proxy.handler.preventExtensions.invariants.js']]
kangax-es6/Proxy.handler.preventExtensions.js: Syntax error detected near line 10, column 17, after "=" [[Error loading file' Proxy.handler.preventExtensions.js']]
kangax-es6/Proxy.handler.setPrototypeOf.invariants.js: Syntax error detected near line 11, column 13, after "(" [[Error loading file' Proxy.handler.setPrototypeOf.invariants.js']]
kangax-es6/Proxy.handler.setPrototypeOf.js: Syntax error detected near line 10, column 17, after "=" [[Error loading file' Proxy.handler.setPrototypeOf.js']]
kangax-es6/Proxy.handler.set.instances.js: Syntax error detected near line 10, column 17, after "=" [[Error loading file' Proxy.handler.set.instances.js']]
kangax-es6/Proxy.handler.set.invariants.js: Syntax error detected near line 11, column 13, after "(" [[Error loading file' Proxy.handler.set.invariants.js']]
kangax-es6/Proxy.handler.set.js: Syntax error detected near line 10, column 17, after "=" [[Error loading file' Proxy.handler.set.js']]
kangax-es6/Proxy.no-prototype.js: Syntax error detected near line 10, column 13, after "(" [[Error loading file' Proxy.no-prototype.js']]
kangax-es6/Proxy.revocable.js: Syntax error detected near line 10, column 29, after "(" [[Error loading file' Proxy.revocable.js']]
kangax-es6/Reflect.apply.js: Syntax error detected near line 10, column 46, after "," [[Error loading file' Reflect.apply.js']]
kangax-es6/Reflect.construct.Array-subclassing.js: Syntax error detected near line 10, column 3, after "{" [[Error loading file' Reflect.construct.Array-subclassing.js']]
kangax-es6/Reflect.construct.Function-subclassing.js: Syntax error detected near line 10, column 3, after "{" [[Error loading file' Reflect.construct.Function-subclassing.js']]
kangax-es6/Reflect.construct.Promise-subclassing.js: Syntax error detected near line 9, column 16, after "=" [[Error loading file' Reflect.construct.Promise-subclassing.js']]
kangax-es6/Reflect.construct.RegExp-subclassing.js: Syntax error detected near line 10, column 3, after "{" [[Error loading file' Reflect.construct.RegExp-subclassing.js']]
kangax-es6/Reflect.construct.js: Syntax error detected near line 10, column 28, after "(" [[Error loading file' Reflect.construct.js']]
kangax-es6/Reflect.construct.new-target.js: Syntax error detected near line 10, column 28, after "(" [[Error loading file' Reflect.construct.new-target.js']]
kangax-es6/Reflect.construct.third-argument.js: Syntax error detected near line 10, column 3, after "{" [[Error loading file' Reflect.construct.third-argument.js']]
kangax-es6/Reflect.defineProperty.js: Syntax error detected near line 10, column 13, after "=" [[Error loading file' Reflect.defineProperty.js']]
kangax-es6/Reflect.deleteProperty.js: Syntax error detected near line 10, column 13, after "=" [[Error loading file' Reflect.deleteProperty.js']]
kangax-es6/Reflect.getOwnPropertyDescriptor.js: Syntax error detected near line 10, column 13, after "=" [[Error loading file' Reflect.getOwnPropertyDescriptor.js']]
kangax-es6/Reflect.getPrototypeOf.js: Syntax error detected near line 10, column 33, after "(" [[Error loading file' Reflect.getPrototypeOf.js']]
kangax-es6/Reflect.get.js: Syntax error detected near line 10, column 22, after "(" [[Error loading file' Reflect.get.js']]
kangax-es6/Reflect.has.js: Syntax error detected near line 10, column 22, after "(" [[Error loading file' Reflect.has.js']]
kangax-es6/Reflect.isExtensible.js: Syntax error detected near line 10, column 31, after "(" [[Error loading file' Reflect.isExtensible.js']]
kangax-es6/Reflect.ownKeys.string.js: Syntax error detected near line 10, column 27, after "(" [[Error loading file' Reflect.ownKeys.string.js']]
kangax-es6/Reflect.ownKeys.symbol.js: Syntax error detected near line 11, column 15, after "=" [[Error loading file' Reflect.ownKeys.symbol.js']]
kangax-es6/Reflect.preventExtensions.js: Syntax error detected near line 10, column 13, after "=" [[Error loading file' Reflect.preventExtensions.js']]
kangax-es6/Reflect.setPrototypeOf.js: Syntax error detected near line 10, column 13, after "=" [[Error loading file' Reflect.setPrototypeOf.js']]
kangax-es6/Reflect.set.js: Syntax error detected near line 10, column 13, after "=" [[Error loading file' Reflect.set.js']]
kangax-es6/RegExp.Symbol.species.js: Syntax error detected near line 11, column 16, after <STRING_LITERAL> [[Error loading file' RegExp.Symbol.species.js']]
kangax-es6/RegExp.prototype.Symbol.match.js: Syntax error detected near line 10, column 50, after "==" [[Error loading file' RegExp.prototype.Symbol.match.js']]
kangax-es6/RegExp.prototype.Symbol.replace.js: Syntax error detected near line 10, column 52, after "==" [[Error loading file' RegExp.prototype.Symbol.replace.js']]
kangax-es6/RegExp.prototype.Symbol.search.js: Syntax error detected near line 10, column 51, after "==" [[Error loading file' RegExp.prototype.Symbol.search.js']]
kangax-es6/RegExp.prototype.Symbol.split.js: Syntax error detected near line 10, column 50, after "==" [[Error loading file' RegExp.prototype.Symbol.split.js']]
kangax-es6/RegExp.prototype.flags.js: Syntax error detected near line 10, column 10, after "return" [[Error loading file' RegExp.prototype.flags.js']]
kangax-es6/Set.Symbol.species.js: Syntax error detected near line 11, column 16, after <STRING_LITERAL> [[Error loading file' Set.Symbol.species.js']]
kangax-es6/Set.constructor-accepts-null.js: [[Error loading file' Set.constructor-accepts-null.js']]
kangax-es6/Set.constructor-arguments.js: Syntax error detected near line 10, column 14, after "=" [[Error loading file' Set.constructor-arguments.js']]
kangax-es6/Set.constructor-invokes-add.js: Syntax error detected near line 13, column 23, after "=" [[Error loading file' Set.constructor-invokes-add.js']]
kangax-es6/Set.constructor-requires-new.js: [[Error loading file' Set.constructor-requires-new.js']]
kangax-es6/Set.iterator-closing.js: Syntax error detected near line 9, column 21, after "==" [[Error loading file' Set.iterator-closing.js']]
kangax-es6/Set.iterator-prototype-chain.js: Syntax error detected near line 11, column 27, after ")" [[Error loading file' Set.iterator-prototype-chain.js']]
kangax-es6/Set.js: Syntax error detected near line 10, column 13, after "=" [[Error loading file' Set.js']]
kangax-es6/Set.prototype-not-instance.js: Syntax error detected near line 11, column 13, after "=" [[Error loading file' Set.prototype-not-instance.js']]
kangax-es6/Set.prototype.Symbol.iterator.js: Syntax error detected near line 10, column 50, after "==" [[Error loading file' Set.prototype.Symbol.iterator.js']]
kangax-es6/Set.prototype.add-returns-this.js: Syntax error detected near line 11, column 23, after "==" [[Error loading file' Set.prototype.add-returns-this.js']]
kangax-es6/Set.prototype.clear.js: Syntax error detected near line 10, column 39, after "==" [[Error loading file' Set.prototype.clear.js']]
kangax-es6/Set.prototype.delete.js: Syntax error detected near line 10, column 31, after "." [[Error loading file' Set.prototype.delete.js']]
kangax-es6/Set.prototype.entries.js: Syntax error detected near line 10, column 41, after "==" [[Error loading file' Set.prototype.entries.js']]
kangax-es6/Set.prototype.forEach.js: Syntax error detected near line 10, column 41, after "==" [[Error loading file' Set.prototype.forEach.js']]
kangax-es6/Set.prototype.keys.js: Syntax error detected near line 10, column 38, after "==" [[Error loading file' Set.prototype.keys.js']]
kangax-es6/Set.prototype.size.js: Syntax error detected near line 10, column 13, after "=" [[Error loading file' Set.prototype.size.js']]
kangax-es6/Set.prototype.values.js: Syntax error detected near line 10, column 40, after "==" [[Error loading file' Set.prototype.values.js']]
kangax-es6/Set.zero-key.js: Syntax error detected near line 13, column 15, after "(" [[Error loading file' Set.zero-key.js']]
kangax-es6/String.fromCodePoint.js: Syntax error detected near line 10, column 40, after "==" [[Error loading file' String.fromCodePoint.js']]
kangax-es6/String.iterator-prototype-chain.js: Syntax error detected near line 10, column 20, after <STRING_LITERAL> [[Error loading file' String.iterator-prototype-chain.js']]
kangax-es6/String.prototype.Symbol.iterator.js: Syntax error detected near line 10, column 53, after "==" [[Error loading file' String.prototype.Symbol.iterator.js']]
kangax-es6/String.prototype.codePointAt.js: Syntax error detected near line 10, column 48, after "==" [[Error loading file' String.prototype.codePointAt.js']]
kangax-es6/String.prototype.endsWith.js: Syntax error detected near line 10, column 45, after "==" [[Error loading file' String.prototype.endsWith.js']]
kangax-es6/String.prototype.endsWith.throws-regex.js: [[Error loading file' String.prototype.endsWith.throws-regex.js']]
kangax-es6/String.prototype.includes.js: Syntax error detected near line 10, column 45, after "==" [[Error loading file' String.prototype.includes.js']]
kangax-es6/String.prototype.normalize.js: Syntax error detected near line 10, column 46, after "==" [[Error loading file' String.prototype.normalize.js']]
kangax-es6/String.prototype.repeat.js: Syntax error detected near line 10, column 43, after "==" [[Error loading file' String.prototype.repeat.js']]
kangax-es6/String.prototype.startsWith.js: Syntax error detected near line 10, column 47, after "==" [[Error loading file' String.prototype.startsWith.js']]
kangax-es6/String.prototype.startsWith.throws-regex.js: [[Error loading file' String.prototype.startsWith.throws-regex.js']]
kangax-es6/String.raw.js: Syntax error detected near line 10, column 30, after "==" [[Error loading file' String.raw.js']]
kangax-es6/Symbol.JSON.stringify.object.js: Syntax error detected near line 10, column 26, after "=" [[Error loading file' Symbol.JSON.stringify.object.js']]
kangax-es6/Symbol.JSON.stringify.primitive.js: Syntax error detected near line 10, column 16, after "=" [[Error loading file' Symbol.JSON.stringify.primitive.js']]
kangax-es6/Symbol.Object.js: Syntax error detected near line 13, column 32, after "==" [[Error loading file' Symbol.Object.js']]
kangax-es6/Symbol.String.js: Syntax error detected near line 10, column 34, after "==" [[Error loading file' Symbol.String.js']]
kangax-es6/Symbol.defineProperty.js: Syntax error detected near line 10, column 16, after "=" [[Error loading file' Symbol.defineProperty.js']]
kangax-es6/Symbol.global-registry.js: Syntax error detected near line 10, column 23, after "." [[Error loading file' Symbol.global-registry.js']]
kangax-es6/Symbol.hidden-keys.js: Syntax error detected near line 10, column 16, after "=" [[Error loading file' Symbol.hidden-keys.js']]
kangax-es6/Symbol.js: Syntax error detected near line 10, column 16, after "=" [[Error loading file' Symbol.js']]
kangax-es6/Symbol.no-coerce.js: [[Error loading file' Symbol.no-coerce.js']]
kangax-es6/Symbol.no-new.js: [[Error loading file' Symbol.no-new.js']]
kangax-es6/Symbol.prototype.js: Syntax error detected near line 11, column 29, after "==" [[Error loading file' Symbol.prototype.js']]
kangax-es6/Symbol.typeof.js: Syntax error detected near line 10, column 28, after "==" [[Error loading file' Symbol.typeof.js']]
kangax-es6/WeakMap.accept-primitives.js: Syntax error detected near line 11, column 21, after "==" [[Error loading file' WeakMap.accept-primitives.js']]
kangax-es6/WeakMap.constructor-accepts-null.js: [[Error loading file' WeakMap.constructor-accepts-null.js']]
kangax-es6/WeakMap.constructor-arguments.js: Syntax error detected near line 10, column 14, after "=" [[Error loading file' WeakMap.constructor-arguments.js']]
kangax-es6/WeakMap.constructor-invokes-set.js: Syntax error detected near line 13, column 27, after "=" [[Error loading file' WeakMap.constructor-invokes-set.js']]
kangax-es6/WeakMap.constructor-requires-new.js: [[Error loading file' WeakMap.constructor-requires-new.js']]
kangax-es6/WeakMap.frozen-keys.js: Syntax error detected near line 10, column 25, after "(" [[Error loading file' WeakMap.frozen-keys.js']]
kangax-es6/WeakMap.iterator-closing.js: Syntax error detected near line 9, column 21, after "==" [[Error loading file' WeakMap.iterator-closing.js']]
kangax-es6/WeakMap.js: Syntax error detected near line 10, column 13, after "=" [[Error loading file' WeakMap.js']]
kangax-es6/WeakMap.no-clear.js: Syntax error detected near line 10, column 17, after <STRING_LITERAL> [[Error loading file' WeakMap.no-clear.js']]
kangax-es6/WeakMap.prototype-not-instance.js: Syntax error detected near line 11, column 13, after "=" [[Error loading file' WeakMap.prototype-not-instance.js']]
kangax-es6/WeakMap.prototype.delete.js: Syntax error detected near line 10, column 35, after "." [[Error loading file' WeakMap.prototype.delete.js']]
kangax-es6/WeakMap.prototype.set-returns-this.js: Syntax error detected near line 11, column 13, after "=" [[Error loading file' WeakMap.prototype.set-returns-this.js']]
kangax-es6/WeakSet.accept-primitives.js: Syntax error detected near line 11, column 21, after "==" [[Error loading file' WeakSet.accept-primitives.js']]
kangax-es6/WeakSet.constructor-accepts-null.js: [[Error loading file' WeakSet.constructor-accepts-null.js']]
kangax-es6/WeakSet.constructor-arguments.js: Syntax error detected near line 10, column 14, after "=" [[Error loading file' WeakSet.constructor-arguments.js']]
kangax-es6/WeakSet.constructor-invokes-add.js: Syntax error detected near line 13, column 27, after "=" [[Error loading file' WeakSet.constructor-invokes-add.js']]
kangax-es6/WeakSet.constructor-requires-new.js: [[Error loading file' WeakSet.constructor-requires-new.js']]
kangax-es6/WeakSet.iterator-closing.js: Syntax error detected near line 9, column 21, after "==" [[Error loading file' WeakSet.iterator-closing.js']]
kangax-es6/WeakSet.js: Syntax error detected near line 10, column 14, after "=" [[Error loading file' WeakSet.js']]
kangax-es6/WeakSet.no-clear.js: Syntax error detected near line 10, column 17, after <STRING_LITERAL> [[Error loading file' WeakSet.no-clear.js']]
kangax-es6/WeakSet.prototype-not-instance.js: Syntax error detected near line 11, column 13, after "=" [[Error loading file' WeakSet.prototype-not-instance.js']]
kangax-es6/WeakSet.prototype.add-returns-this.js: Syntax error detected near line 11, column 13, after "=" [[Error loading file' WeakSet.prototype.add-returns-this.js']]
kangax-es6/WeakSet.prototype.delete.js: Syntax error detected near line 10, column 35, after "." [[Error loading file' WeakSet.prototype.delete.js']]
kangax-es6/annex-b.RegExp.prototype.compile.js: Syntax error detected near line 10, column 41, after "!=" [[Error loading file' annex-b.RegExp.prototype.compile.js']]
kangax-es6/annex-b.RegExp.prototype.compile.returns-this.js: Syntax error detected near line 10, column 12, after "=" [[Error loading file' annex-b.RegExp.prototype.compile.returns-this.js']]
kangax-es6/annex-b.String.prototype.html.existence.js: Syntax error detected near line 10, column 18, after "=" [[Error loading file' annex-b.String.prototype.html.existence.js']]
kangax-es6/annex-b.String.prototype.html.lowercase.js: Syntax error detected near line 9, column 18, after "=" [[Error loading file' annex-b.String.prototype.html.lowercase.js']]
kangax-es6/annex-b.String.prototype.html.quotes-escaped.js: Syntax error detected near line 9, column 18, after "=" [[Error loading file' annex-b.String.prototype.html.quotes-escaped.js']]
kangax-es6/annex-b.function.hoisted-block-level.js: Syntax error detected near line 11, column 22, after "==" [[Error loading file' annex-b.function.hoisted-block-level.js']]
kangax-es6/annex-b.function.if-statement.js: Syntax error detected near line 12, column 12, after ")" [[Error loading file' annex-b.function.if-statement.js']]
kangax-es6/annex-b.function.labeled.js: Syntax error detected near line 12, column 8, after <IDENTIFIER> [[Error loading file' annex-b.function.labeled.js']]
kangax-es6/annex-b.html-comments.js: Syntax error detected near line 9, column 5, after "--" [[Error loading file' annex-b.html-comments.js']]
kangax-es6/annex-b.regex.backreferences-octal.js: Syntax error detected near line 9, column 10, after "return" [[Error loading file' annex-b.regex.backreferences-octal.js']]
kangax-es6/annex-b.regex.hyphens.js: Syntax error detected near line 9, column 10, after "return" [[Error loading file' annex-b.regex.hyphens.js']]
kangax-es6/annex-b.regex.incomplete-patterns.js: Syntax error detected near line 9, column 10, after "return" [[Error loading file' annex-b.regex.incomplete-patterns.js']]
kangax-es6/annex-b.regex.invalid-char-escapes.js: Syntax error detected near line 9, column 10, after "return" in file: 'annex-b.regex.invalid-char-escapes.js' [[Error loading file' annex-b.regex.invalid-char-escapes.js']]
kangax-es6/annex-b.regex.invalid-control-escapes.js: Syntax error detected near line 9, column 10, after "return" in file: 'annex-b.regex.invalid-control-escapes.js' [[Error loading file' annex-b.regex.invalid-control-escapes.js']]
kangax-es6/annex-b.regex.invalid-hex-escapes.js: Syntax error detected near line 9, column 10, after "return" in file: 'annex-b.regex.invalid-hex-escapes.js' [[Error loading file' annex-b.regex.invalid-hex-escapes.js']]
kangax-es6/annex-b.regex.invalid-unicode-escapes.js: Syntax error detected near line 9, column 10, after "return" in file: 'annex-b.regex.invalid-unicode-escapes.js' [[Error loading file' annex-b.regex.invalid-unicode-escapes.js']]
kangax-es6/annex-b.regex.octal-escapes.js: Syntax error detected near line 9, column 10, after "return" [[Error loading file' annex-b.regex.octal-escapes.js']]
kangax-es6/annex-b.__proto__.Object.prototype.absent-from-null.js: Syntax error detected near line 10, column 36, after "=" [[Error loading file' annex-b.__proto__.Object.prototype.absent-from-null.js']]
kangax-es6/annex-b.__proto__.Object.prototype.descriptor.js: Syntax error detected near line 11, column 11, after "=" [[Error loading file' annex-b.__proto__.Object.prototype.descriptor.js']]
kangax-es6/annex-b.__proto__.Object.prototype.getOwnPropertyNames.js: [[Error loading file' annex-b.__proto__.Object.prototype.getOwnPropertyNames.js']]
kangax-es6/annex-b.__proto__.Object.prototype.get.js: Syntax error detected near line 10, column 11, after "=" [[Error loading file' annex-b.__proto__.Object.prototype.get.js']]
kangax-es6/annex-b.__proto__.Object.prototype.hasOwnProperty.js: [[Error loading file' annex-b.__proto__.Object.prototype.hasOwnProperty.js']]
kangax-es6/annex-b.__proto__.Object.prototype.set.js: Syntax error detected near line 10, column 11, after "=" [[Error loading file' annex-b.__proto__.Object.prototype.set.js']]
kangax-es6/annex-b.__proto__.literals.js: Syntax error detected near line 10, column 10, after "return" [[Error loading file' annex-b.__proto__.literals.js']]
kangax-es6/annex-b.__proto__.literals.multiple-error.js: in file: 'annex-b.__proto__.literals.multiple-error.js' [[Error loading file' annex-b.__proto__.literals.multiple-error.js']]
kangax-es6/annex-b.__proto__.literals.not-computed.js: Syntax error detected near line 10, column 9, after "(" [[Error loading file' annex-b.__proto__.literals.not-computed.js']]
kangax-es6/annex-b.__proto__.literals.not-shorthand-method.js: Syntax error detected near line 10, column 9, after "(" [[Error loading file' annex-b.__proto__.literals.not-shorthand-method.js']]
kangax-es6/annex-b.__proto__.literals.not-shorthand-property.js: Syntax error detected near line 10, column 9, after "(" [[Error loading file' annex-b.__proto__.literals.not-shorthand-property.js']]
kangax-es6/arrow.0-params.js: Syntax error detected near line 10, column 12, after "(" [[Error loading file' arrow.0-params.js']]
kangax-es6/arrow.1-param.js: Syntax error detected near line 10, column 14, after "=" [[Error loading file' arrow.1-param.js']]
kangax-es6/arrow.5-param.js: Syntax error detected near line 10, column 28, after "=" [[Error loading file' arrow.5-param.js']]
kangax-es6/arrow.bind.js: Syntax error detected near line 10, column 11, after "=" [[Error loading file' arrow.bind.js']]
kangax-es6/arrow.lexical-arguments.js: Syntax error detected near line 10, column 12, after "(" [[Error loading file' arrow.lexical-arguments.js']]
kangax-es6/arrow.lexical-super.constructor.js: [[Error loading file' arrow.lexical-super.constructor.js']]
kangax-es6/arrow.lexical-super.methods.js: [[Error loading file' arrow.lexical-super.methods.js']]
kangax-es6/arrow.lexical-this.js: Syntax error detected near line 10, column 11, after "=" [[Error loading file' arrow.lexical-this.js']]
kangax-es6/arrow.new-target.js: Syntax error detected near line 10, column 3, after "{" [[Error loading file' arrow.new-target.js']]
kangax-es6/arrow.no-line-break.js: Syntax error detected near line 10, column 12, after "(" [[Error loading file' arrow.no-line-break.js']]
kangax-es6/arrow.no-prototype.js: Syntax error detected near line 10, column 12, after "(" [[Error loading file' arrow.no-prototype.js']]
kangax-es6/arrow.precedence.js: Syntax error detected near line 10, column 12, after "(" [[Error loading file' arrow.precedence.js']]
kangax-es6/arrow.this-call-apply.js: Syntax error detected near line 10, column 11, after "=" [[Error loading file' arrow.this-call-apply.js']]
kangax-es6/class.accessor-properties.js: [[Error loading file' class.accessor-properties.js']]
kangax-es6/class.anonymous.js: [[Error loading file' class.anonymous.js']]
kangax-es6/class.block-scoped.js: [[Error loading file' class.block-scoped.js']]
kangax-es6/class.computed-accessor-properties.js: [[Error loading file' class.computed-accessor-properties.js']]
kangax-es6/class.computed-names-tdz.js: [[Error loading file' class.computed-names-tdz.js']]
kangax-es6/class.computed-prototype-methods.js: [[Error loading file' class.computed-prototype-methods.js']]
kangax-es6/class.computed-static-accessor-properties.js: [[Error loading file' class.computed-static-accessor-properties.js']]
kangax-es6/class.computed-static-methods.js: [[Error loading file' class.computed-static-methods.js']]
kangax-es6/class.constructor-requires-new.js: [[Error loading file' class.constructor-requires-new.js']]
kangax-es6/class.constructor.js: [[Error loading file' class.constructor.js']]
kangax-es6/class.expression.js: [[Error loading file' class.expression.js']]
kangax-es6/class.extends-expressions.js: [[Error loading file' class.extends-expressions.js']]
kangax-es6/class.extends-null.js: [[Error loading file' class.extends-null.js']]
kangax-es6/class.extends.js: [[Error loading file' class.extends.js']]
kangax-es6/class.implicit-strict.js: [[Error loading file' class.implicit-strict.js']]
kangax-es6/class.lexical-name.js: [[Error loading file' class.lexical-name.js']]
kangax-es6/class.methods-not-enumerable.js: [[Error loading file' class.methods-not-enumerable.js']]
kangax-es6/class.new-target.js: Syntax error detected near line 11, column 7, after "new" [[Error loading file' class.new-target.js']]
kangax-es6/class.optional-semicolons.js: [[Error loading file' class.optional-semicolons.js']]
kangax-es6/class.prototype-methods.js: [[Error loading file' class.prototype-methods.js']]
kangax-es6/class.statement.js: [[Error loading file' class.statement.js']]
kangax-es6/class.static-accessor-properties.js: [[Error loading file' class.static-accessor-properties.js']]
kangax-es6/class.static-methods.js: [[Error loading file' class.static-methods.js']]
kangax-es6/class.string-keyed-methods.js: [[Error loading file' class.string-keyed-methods.js']]
kangax-es6/const.basic.js: [[Error loading file' const.basic.js']]
kangax-es6/const.block-scoped.js: [[Error loading file' const.block-scoped.js']]
kangax-es6/const.for-in.js: Syntax error detected near line 10, column 16, after "=" [[Error loading file' const.for-in.js']]
kangax-es6/const.for-loop.js: [[Error loading file' const.for-loop.js']]
kangax-es6/const.for-of.js: Syntax error detected near line 10, column 16, after "=" [[Error loading file' const.for-of.js']]
kangax-es6/const.no-redefine.js: [[Error loading file' const.no-redefine.js']]
kangax-es6/const.no-statement.js: [[Error loading file' const.no-statement.js']]
kangax-es6/const.shadow.js: [[Error loading file' const.shadow.js']]
kangax-es6/const.strict.basic.js: [[Error loading file' const.strict.basic.js']]
kangax-es6/const.strict.block-scoped.js: [[Error loading file' const.strict.block-scoped.js']]
kangax-es6/const.strict.for-in.js: Syntax error detected near line 11, column 16, after "=" [[Error loading file' const.strict.for-in.js']]
kangax-es6/const.strict.for-loop.js: [[Error loading file' const.strict.for-loop.js']]
kangax-es6/const.strict.for-of.js: Syntax error detected near line 11, column 16, after "=" [[Error loading file' const.strict.for-of.js']]
kangax-es6/const.strict.no-redefine.js: [[Error loading file' const.strict.no-redefine.js']]
kangax-es6/const.strict.no-statement.js: [[Error loading file' const.strict.no-statement.js']]
kangax-es6/const.strict.shadow.js: [[Error loading file' const.strict.shadow.js']]
kangax-es6/const.strict.tdz.js: Syntax error detected near line 11, column 17, after "(" [[Error loading file' const.strict.tdz.js']]
kangax-es6/const.tdz.js: Syntax error detected near line 10, column 17, after "(" [[Error loading file' const.tdz.js']]
kangax-es6/default-params.arguments.js: Syntax error detected near line 10, column 11, after "(" [[Error loading file' default-params.arguments.js']]
kangax-es6/default-params.basic.js: Syntax error detected near line 10, column 11, after "(" [[Error loading file' default-params.basic.js']]
kangax-es6/default-params.explicit-undefined.js: Syntax error detected near line 10, column 11, after "(" [[Error loading file' default-params.explicit-undefined.js']]
kangax-es6/default-params.new-function.js: Syntax error detected near line 12, column 4, after ")" [[Error loading file' default-params.new-function.js']]
kangax-es6/default-params.refer-previous.js: Syntax error detected near line 10, column 11, after "(" [[Error loading file' default-params.refer-previous.js']]
kangax-es6/default-params.separate-scope.js: Syntax error detected near line 10, column 11, after "(" [[Error loading file' default-params.separate-scope.js']]
kangax-es6/default-params.tdz.js: Syntax error detected near line 10, column 11, after "(" [[Error loading file' default-params.tdz.js']]
kangax-es6/destructuring-assign.array.js: Syntax error detected near line 11, column 3, after ";" [[Error loading file' destructuring-assign.array.js']]
kangax-es6/destructuring-assign.astral-string.js: Syntax error detected near line 11, column 3, after ";" [[Error loading file' destructuring-assign.astral-string.js']]
kangax-es6/destructuring-assign.chained-iterable.js: Syntax error detected near line 11, column 3, after ";" [[Error loading file' destructuring-assign.chained-iterable.js']]
kangax-es6/destructuring-assign.chained-object.js: Syntax error detected near line 11, column 4, after "(" [[Error loading file' destructuring-assign.chained-object.js']]
kangax-es6/destructuring-assign.computed-properties.js: Syntax error detected near line 11, column 4, after "(" [[Error loading file' destructuring-assign.computed-properties.js']]
kangax-es6/destructuring-assign.defaults.js: Syntax error detected near line 11, column 4, after "(" [[Error loading file' destructuring-assign.defaults.js']]
kangax-es6/destructuring-assign.empty-patterns.js: Syntax error detected near line 10, column 3, after "{" [[Error loading file' destructuring-assign.empty-patterns.js']]
kangax-es6/destructuring-assign.generator.js: Syntax error detected near line 11, column 3, after ";" [[Error loading file' destructuring-assign.generator.js']]
kangax-es6/destructuring-assign.iterable-expression.js: Syntax error detected near line 10, column 24, after "=" [[Error loading file' destructuring-assign.iterable-expression.js']]
kangax-es6/destructuring-assign.iterable-instance.js: Syntax error detected near line 9, column 21, after "==" [[Error loading file' destructuring-assign.iterable-instance.js']]
kangax-es6/destructuring-assign.iterable.js: Syntax error detected near line 9, column 21, after "==" [[Error loading file' destructuring-assign.iterable.js']]
kangax-es6/destructuring-assign.iterator-closing.js: Syntax error detected near line 9, column 21, after "==" [[Error loading file' destructuring-assign.iterator-closing.js']]
kangax-es6/destructuring-assign.nested-rest.js: Syntax error detected near line 10, column 11, after "=" [[Error loading file' destructuring-assign.nested-rest.js']]
kangax-es6/destructuring-assign.nested.js: Syntax error detected near line 11, column 3, after ";" [[Error loading file' destructuring-assign.nested.js']]
kangax-es6/destructuring-assign.object-expression.js: Syntax error detected near line 10, column 19, after "=" [[Error loading file' destructuring-assign.object-expression.js']]
kangax-es6/destructuring-assign.object-primitives.js: Syntax error detected near line 11, column 4, after "(" [[Error loading file' destructuring-assign.object-primitives.js']]
kangax-es6/destructuring-assign.object.js: Syntax error detected near line 11, column 4, after "(" [[Error loading file' destructuring-assign.object.js']]
kangax-es6/destructuring-assign.parenthesised-error.js: Syntax error detected near line 11, column 4, after "(" in file: 'destructuring-assign.parenthesised-error.js' [[Error loading file' destructuring-assign.parenthesised-error.js']]
kangax-es6/destructuring-assign.rest.js: Syntax error detected near line 11, column 3, after ";" [[Error loading file' destructuring-assign.rest.js']]
kangax-es6/destructuring-assign.sparse-array.js: Syntax error detected near line 11, column 3, after ";" [[Error loading file' destructuring-assign.sparse-array.js']]
kangax-es6/destructuring-assign.string.js: Syntax error detected near line 11, column 3, after ";" [[Error loading file' destructuring-assign.string.js']]
kangax-es6/destructuring-assign.throws-null-undefined.js: [[Error loading file' destructuring-assign.throws-null-undefined.js']]
kangax-es6/destructuring-assign.trailing-comma-iterable.js: Syntax error detected near line 11, column 3, after ";" [[Error loading file' destructuring-assign.trailing-comma-iterable.js']]
kangax-es6/destructuring-assign.trailing-comma-object.js: Syntax error detected near line 11, column 4, after "(" [[Error loading file' destructuring-assign.trailing-comma-object.js']]
kangax-es6/destructuring-decl.array.js: Syntax error detected near line 10, column 7, after "var" [[Error loading file' destructuring-decl.array.js']]
kangax-es6/destructuring-decl.astral-string.js: Syntax error detected near line 10, column 7, after "var" [[Error loading file' destructuring-decl.astral-string.js']]
kangax-es6/destructuring-decl.catch.js: [[Error loading file' destructuring-decl.catch.js']]
kangax-es6/destructuring-decl.computed-properties.js: Syntax error detected near line 11, column 7, after "var" [[Error loading file' destructuring-decl.computed-properties.js']]
kangax-es6/destructuring-decl.defaults-tdz.js: Syntax error detected near line 10, column 7, after "var" [[Error loading file' destructuring-decl.defaults-tdz.js']]
kangax-es6/destructuring-decl.defaults.js: Syntax error detected near line 10, column 7, after "var" [[Error loading file' destructuring-decl.defaults.js']]
kangax-es6/destructuring-decl.for-in.js: Syntax error detected near line 10, column 11, after "var" [[Error loading file' destructuring-decl.for-in.js']]
kangax-es6/destructuring-decl.for-of.js: Syntax error detected near line 10, column 11, after "var" [[Error loading file' destructuring-decl.for-of.js']]
kangax-es6/destructuring-decl.generator.js: Syntax error detected near line 10, column 7, after "var" [[Error loading file' destructuring-decl.generator.js']]
kangax-es6/destructuring-decl.iterable-instance.js: Syntax error detected near line 9, column 21, after "==" [[Error loading file' destructuring-decl.iterable-instance.js']]
kangax-es6/destructuring-decl.iterable.js: Syntax error detected near line 9, column 21, after "==" [[Error loading file' destructuring-decl.iterable.js']]
kangax-es6/destructuring-decl.iterator-closing.js: Syntax error detected near line 9, column 21, after "==" [[Error loading file' destructuring-decl.iterator-closing.js']]
kangax-es6/destructuring-decl.multiple-var.js: Syntax error detected near line 10, column 7, after "var" [[Error loading file' destructuring-decl.multiple-var.js']]
kangax-es6/destructuring-decl.nested.js: Syntax error detected near line 10, column 7, after "var" [[Error loading file' destructuring-decl.nested.js']]
kangax-es6/destructuring-decl.object-primitives.js: Syntax error detected near line 10, column 7, after "var" [[Error loading file' destructuring-decl.object-primitives.js']]
kangax-es6/destructuring-decl.object.js: Syntax error detected near line 10, column 7, after "var" [[Error loading file' destructuring-decl.object.js']]
kangax-es6/destructuring-decl.rest.js: Syntax error detected near line 10, column 7, after "var" [[Error loading file' destructuring-decl.rest.js']]
kangax-es6/destructuring-decl.sparse-array.js: Syntax error detected near line 10, column 7, after "var" [[Error loading file' destructuring-decl.sparse-array.js']]
kangax-es6/destructuring-decl.string.js: Syntax error detected near line 10, column 7, after "var" [[Error loading file' destructuring-decl.string.js']]
kangax-es6/destructuring-decl.throws-null-undefined.js: [[Error loading file' destructuring-decl.throws-null-undefined.js']]
kangax-es6/destructuring-decl.trailing-comma-iterable.js: Syntax error detected near line 10, column 7, after "var" [[Error loading file' destructuring-decl.trailing-comma-iterable.js']]
kangax-es6/destructuring-decl.trailing-comma-object.js: Syntax error detected near line 10, column 7, after "var" [[Error loading file' destructuring-decl.trailing-comma-object.js']]
kangax-es6/destructuring-params.aliased-defaults-arrow.js: Syntax error detected near line 10, column 15, after "," [[Error loading file' destructuring-params.aliased-defaults-arrow.js']]
kangax-es6/destructuring-params.arguments.js: Syntax error detected near line 10, column 11, after "(" [[Error loading file' destructuring-params.arguments.js']]
kangax-es6/destructuring-params.array.js: Syntax error detected near line 10, column 10, after "return" [[Error loading file' destructuring-params.array.js']]
kangax-es6/destructuring-params.astral-string.js: Syntax error detected near line 10, column 10, after "return" [[Error loading file' destructuring-params.astral-string.js']]
kangax-es6/destructuring-params.computed-properties.js: Syntax error detected near line 11, column 10, after "return" [[Error loading file' destructuring-params.computed-properties.js']]
kangax-es6/destructuring-params.defaults-new-function.js: Syntax error detected near line 12, column 4, after ")" [[Error loading file' destructuring-params.defaults-new-function.js']]
kangax-es6/destructuring-params.defaults-separate-scope.js: Syntax error detected near line 10, column 11, after "(" [[Error loading file' destructuring-params.defaults-separate-scope.js']]
kangax-es6/destructuring-params.defaults.js: Syntax error detected near line 10, column 11, after "(" [[Error loading file' destructuring-params.defaults.js']]
kangax-es6/destructuring-params.duplicate-identifier.js: [[Error loading file' destructuring-params.duplicate-identifier.js']]
kangax-es6/destructuring-params.empty-patterns.js: Syntax error detected near line 10, column 10, after "return" [[Error loading file' destructuring-params.empty-patterns.js']]
kangax-es6/destructuring-params.generator.js: Syntax error detected near line 10, column 10, after "return" [[Error loading file' destructuring-params.generator.js']]
kangax-es6/destructuring-params.iterable-instance.js: Syntax error detected near line 9, column 21, after "==" [[Error loading file' destructuring-params.iterable-instance.js']]
kangax-es6/destructuring-params.iterable.js: Syntax error detected near line 9, column 21, after "==" [[Error loading file' destructuring-params.iterable.js']]
kangax-es6/destructuring-params.iterator-closing.js: Syntax error detected near line 9, column 21, after "==" [[Error loading file' destructuring-params.iterator-closing.js']]
kangax-es6/destructuring-params.length.js: Syntax error detected near line 10, column 10, after "return" [[Error loading file' destructuring-params.length.js']]
kangax-es6/destructuring-params.nested.js: Syntax error detected near line 10, column 10, after "return" [[Error loading file' destructuring-params.nested.js']]
kangax-es6/destructuring-params.new-function.js: Syntax error detected near line 13, column 4, after ")" [[Error loading file' destructuring-params.new-function.js']]
kangax-es6/destructuring-params.object-primitives.js: Syntax error detected near line 10, column 10, after "return" [[Error loading file' destructuring-params.object-primitives.js']]
kangax-es6/destructuring-params.object.js: Syntax error detected near line 10, column 10, after "return" [[Error loading file' destructuring-params.object.js']]
kangax-es6/destructuring-params.rest.js: Syntax error detected near line 10, column 10, after "return" [[Error loading file' destructuring-params.rest.js']]
kangax-es6/destructuring-params.shorthand-defaults-arrow.js: Syntax error detected near line 10, column 15, after "," [[Error loading file' destructuring-params.shorthand-defaults-arrow.js']]
kangax-es6/destructuring-params.sparse-array.js: Syntax error detected near line 10, column 10, after "return" [[Error loading file' destructuring-params.sparse-array.js']]
kangax-es6/destructuring-params.string.js: Syntax error detected near line 10, column 10, after "return" [[Error loading file' destructuring-params.string.js']]
kangax-es6/destructuring-params.throws-null-undefined.js: [[Error loading file' destructuring-params.throws-null-undefined.js']]
kangax-es6/destructuring-params.trailing-comma-iterable.js: Syntax error detected near line 10, column 10, after "return" [[Error loading file' destructuring-params.trailing-comma-iterable.js']]
kangax-es6/destructuring-params.trailing-comma-object.js: Syntax error detected near line 10, column 10, after "return" [[Error loading file' destructuring-params.trailing-comma-object.js']]
kangax-es6/for-of.array.js: Syntax error detected near line 10, column 13, after "=" [[Error loading file' for-of.array.js']]
kangax-es6/for-of.astral-string.js: Syntax error detected near line 11, column 17, after <IDENTIFIER> [[Error loading file' for-of.astral-string.js']]
kangax-es6/for-of.generator.js: Syntax error detected near line 11, column 19, after "(" [[Error loading file' for-of.generator.js']]
kangax-es6/for-of.iterable-instance.js: Syntax error detected near line 9, column 21, after "==" [[Error loading file' for-of.iterable-instance.js']]
kangax-es6/for-of.iterable.js: Syntax error detected near line 9, column 21, after "==" [[Error loading file' for-of.iterable.js']]
kangax-es6/for-of.iterator-closing-break.js: Syntax error detected near line 11, column 24, after "||" [[Error loading file' for-of.iterator-closing-break.js']]
kangax-es6/for-of.iterator-closing-throw.js: Syntax error detected near line 11, column 24, after "||" [[Error loading file' for-of.iterator-closing-throw.js']]
kangax-es6/for-of.sparse-array.js: Syntax error detected near line 10, column 13, after "=" [[Error loading file' for-of.sparse-array.js']]
kangax-es6/for-of.string.js: Syntax error detected near line 11, column 17, after <IDENTIFIER> [[Error loading file' for-of.string.js']]
kangax-es6/function.block-level-decl.js: Syntax error detected near line 12, column 13, after "!=" [[Error loading file' function.block-level-decl.js']]
kangax-es6/generators.basic.js: Syntax error detected near line 10, column 3, after "{" [[Error loading file' generators.basic.js']]
kangax-es6/generators.constructor.js: Syntax error detected near line 10, column 3, after "{" [[Error loading file' generators.constructor.js']]
kangax-es6/generators.expression.js: Syntax error detected near line 10, column 19, after "=" [[Error loading file' generators.expression.js']]
kangax-es6/generators.no-new-this.js: Syntax error detected near line 10, column 3, after "{" [[Error loading file' generators.no-new-this.js']]
kangax-es6/generators.prototype-chain.js: Syntax error detected near line 10, column 3, after "{" [[Error loading file' generators.prototype-chain.js']]
kangax-es6/generators.prototype.js: Syntax error detected near line 10, column 3, after "{" [[Error loading file' generators.prototype.js']]
kangax-es6/generators.return.js: Syntax error detected near line 10, column 3, after "{" [[Error loading file' generators.return.js']]
kangax-es6/generators.sending.js: Syntax error detected near line 11, column 3, after ";" [[Error loading file' generators.sending.js']]
kangax-es6/generators.shorthand.class.js: [[Error loading file' generators.shorthand.class.js']]
kangax-es6/generators.shorthand.computed.class.js: [[Error loading file' generators.shorthand.computed.class.js']]
kangax-es6/generators.shorthand.computed.js: Syntax error detected near line 11, column 11, after "=" [[Error loading file' generators.shorthand.computed.js']]
kangax-es6/generators.shorthand.js: Syntax error detected near line 10, column 11, after "=" [[Error loading file' generators.shorthand.js']]
kangax-es6/generators.shorthand.no-constructor.js: [[Error loading file' generators.shorthand.no-constructor.js']]
kangax-es6/generators.shorthand.string-keyed.js: Syntax error detected near line 10, column 11, after "=" [[Error loading file' generators.shorthand.string-keyed.js']]
kangax-es6/generators.this.js: Syntax error detected near line 10, column 3, after "{" [[Error loading file' generators.this.js']]
kangax-es6/generators.throw.js: Syntax error detected near line 11, column 3, after ";" [[Error loading file' generators.throw.js']]
kangax-es6/generators.yield-precedence.js: Syntax error detected near line 11, column 3, after ";" [[Error loading file' generators.yield-precedence.js']]
kangax-es6/generators.yield-star.array.js: Syntax error detected near line 10, column 19, after "(" [[Error loading file' generators.yield-star.array.js']]
kangax-es6/generators.yield-star.astral-string.js: Syntax error detected near line 10, column 19, after "(" [[Error loading file' generators.yield-star.astral-string.js']]
kangax-es6/generators.yield-star.generator.js: Syntax error detected near line 10, column 19, after "(" [[Error loading file' generators.yield-star.generator.js']]
kangax-es6/generators.yield-star.iterable-instance.js: Syntax error detected near line 11, column 24, after "||" [[Error loading file' generators.yield-star.iterable-instance.js']]
kangax-es6/generators.yield-star.iterable.js: Syntax error detected near line 9, column 21, after "==" [[Error loading file' generators.yield-star.iterable.js']]
kangax-es6/generators.yield-star.iterator-closing-throw.js: Syntax error detected near line 9, column 21, after "==" [[Error loading file' generators.yield-star.iterator-closing-throw.js']]
kangax-es6/generators.yield-star.iterator-closing.js: Syntax error detected near line 11, column 24, after "||" [[Error loading file' generators.yield-star.iterator-closing.js']]
kangax-es6/generators.yield-star.non-iterable-error.js: Syntax error detected near line 10, column 19, after "(" in file: 'generators.yield-star.non-iterable-error.js' [[Error loading file' generators.yield-star.non-iterable-error.js']]
kangax-es6/generators.yield-star.sparse-array.js: Syntax error detected near line 10, column 19, after "(" [[Error loading file' generators.yield-star.sparse-array.js']]
kangax-es6/generators.yield-star.string.js: Syntax error detected near line 10, column 19, after "(" [[Error loading file' generators.yield-star.string.js']]
kangax-es6/let.basic.js: Syntax error detected near line 10, column 7, after <IDENTIFIER> [[Error loading file' let.basic.js']]
kangax-es6/let.block-scoped.js: Syntax error detected near line 10, column 7, after <IDENTIFIER> [[Error loading file' let.block-scoped.js']]
kangax-es6/let.for-in-shadow.js: [[Error loading file' let.for-in-shadow.js']]
kangax-es6/let.for-iteration.js: Syntax error detected near line 10, column 7, after <IDENTIFIER> [[Error loading file' let.for-iteration.js']]
kangax-es6/let.for-loop.js: Syntax error detected near line 10, column 7, after <IDENTIFIER> [[Error loading file' let.for-loop.js']]
kangax-es6/let.no-statement.js: Syntax error detected near line 10, column 7, after <IDENTIFIER> [[Error loading file' let.no-statement.js']]
kangax-es6/let.shadow.js: [[Error loading file' let.shadow.js']]
kangax-es6/let.strict.basic.js: Syntax error detected near line 11, column 7, after <IDENTIFIER> [[Error loading file' let.strict.basic.js']]
kangax-es6/let.strict.block-scoped.js: Syntax error detected near line 11, column 7, after <IDENTIFIER> [[Error loading file' let.strict.block-scoped.js']]
kangax-es6/let.strict.for-in-shadow.js: [[Error loading file' let.strict.for-in-shadow.js']]
kangax-es6/let.strict.for-iteration.js: Syntax error detected near line 11, column 7, after <IDENTIFIER> [[Error loading file' let.strict.for-iteration.js']]
kangax-es6/let.strict.for-loop.js: Syntax error detected near line 11, column 7, after <IDENTIFIER> [[Error loading file' let.strict.for-loop.js']]
kangax-es6/let.strict.no-statement.js: Syntax error detected near line 11, column 7, after <IDENTIFIER> [[Error loading file' let.strict.no-statement.js']]
kangax-es6/let.strict.shadow.js: [[Error loading file' let.strict.shadow.js']]
kangax-es6/let.strict.tdz.js: Syntax error detected near line 11, column 17, after "(" [[Error loading file' let.strict.tdz.js']]
kangax-es6/let.tdz.js: Syntax error detected near line 10, column 17, after "(" [[Error loading file' let.tdz.js']]
kangax-es6/literals.binary.Number.js: Syntax error detected near line 9, column 26, after "==" [[Error loading file' literals.binary.Number.js']]
kangax-es6/literals.binary.js: Syntax error detected near line 9, column 11, after <OCTAL_LITERAL> [[Error loading file' literals.binary.js']]
kangax-es6/literals.object.computed-accessors.js: Syntax error detected near line 12, column 13, after "=" [[Error loading file' literals.object.computed-accessors.js']]
kangax-es6/literals.object.computed-properties.js: Syntax error detected near line 11, column 11, after "(" [[Error loading file' literals.object.computed-properties.js']]
kangax-es6/literals.object.computed-shorthand-methods.js: Syntax error detected near line 11, column 11, after "(" [[Error loading file' literals.object.computed-shorthand-methods.js']]
kangax-es6/literals.object.shorthand-methods.js: Syntax error detected near line 10, column 11, after "(" [[Error loading file' literals.object.shorthand-methods.js']]
kangax-es6/literals.object.shorthand-properties.js: Syntax error detected near line 10, column 25, after "=" [[Error loading file' literals.object.shorthand-properties.js']]
kangax-es6/literals.object.string-keyed-shorthand-methods.js: Syntax error detected near line 10, column 11, after "(" [[Error loading file' literals.object.string-keyed-shorthand-methods.js']]
kangax-es6/literals.octal.Number.js: Syntax error detected near line 9, column 26, after "==" [[Error loading file' literals.octal.Number.js']]
kangax-es6/literals.octal.js: Syntax error detected near line 9, column 11, after <OCTAL_LITERAL> [[Error loading file' literals.octal.js']]
kangax-es6/misc.Invalid-Date.js: Syntax error detected near line 9, column 31, after "==" in file: 'misc.Invalid-Date.js' [[Error loading file' misc.Invalid-Date.js']]
kangax-es6/misc.Object.freeze.primitives.js: Syntax error detected near line 10, column 31, after "==" [[Error loading file' misc.Object.freeze.primitives.js']]
kangax-es6/misc.Object.getOwnPropertyDescriptor.primitives.js: Syntax error detected near line 10, column 56, after "==" [[Error loading file' misc.Object.getOwnPropertyDescriptor.primitives.js']]
kangax-es6/misc.Object.getOwnPropertyNames.primitives.js: Syntax error detected near line 11, column 21, after "==" [[Error loading file' misc.Object.getOwnPropertyNames.primitives.js']]
kangax-es6/misc.Object.getPrototypeOf.primitives.js: Syntax error detected near line 10, column 51, after "==" [[Error loading file' misc.Object.getPrototypeOf.primitives.js']]
kangax-es6/misc.Object.isExtensible.primitives.js: Syntax error detected near line 10, column 37, after "==" [[Error loading file' misc.Object.isExtensible.primitives.js']]
kangax-es6/misc.Object.isFrozen.primitives.js: Syntax error detected near line 10, column 33, after "==" [[Error loading file' misc.Object.isFrozen.primitives.js']]
kangax-es6/misc.Object.isSealed.primitives.js: Syntax error detected near line 10, column 33, after "==" [[Error loading file' misc.Object.isSealed.primitives.js']]
kangax-es6/misc.Object.keys.primitives.js: Syntax error detected near line 11, column 21, after "==" [[Error loading file' misc.Object.keys.primitives.js']]
kangax-es6/misc.Object.preventExtensions.primitives.js: Syntax error detected near line 10, column 42, after "==" [[Error loading file' misc.Object.preventExtensions.primitives.js']]
kangax-es6/misc.Object.seal.primitives.js: Syntax error detected near line 10, column 29, after "==" [[Error loading file' misc.Object.seal.primitives.js']]
kangax-es6/misc.Proxy.defineProperty.SetIntegrityLevel.js: Syntax error detected near line 11, column 13, after "=" [[Error loading file' misc.Proxy.defineProperty.SetIntegrityLevel.js']]
kangax-es6/misc.Proxy.defineProperty.Set.js: Syntax error detected near line 11, column 13, after "=" [[Error loading file' misc.Proxy.defineProperty.Set.js']]
kangax-es6/misc.Proxy.deleteProperty.Array.copyWithin.js: Syntax error detected near line 11, column 13, after "=" [[Error loading file' misc.Proxy.deleteProperty.Array.copyWithin.js']]
kangax-es6/misc.Proxy.deleteProperty.Array.pop.js: Syntax error detected near line 11, column 13, after "=" [[Error loading file' misc.Proxy.deleteProperty.Array.pop.js']]
kangax-es6/misc.Proxy.deleteProperty.Array.reverse.js: Syntax error detected near line 11, column 13, after "=" [[Error loading file' misc.Proxy.deleteProperty.Array.reverse.js']]
kangax-es6/misc.Proxy.deleteProperty.Array.shift.js: Syntax error detected near line 11, column 13, after "=" [[Error loading file' misc.Proxy.deleteProperty.Array.shift.js']]
kangax-es6/misc.Proxy.deleteProperty.Array.splice.js: Syntax error detected near line 11, column 13, after "=" [[Error loading file' misc.Proxy.deleteProperty.Array.splice.js']]
kangax-es6/misc.Proxy.deleteProperty.Array.unshift.js: Syntax error detected near line 11, column 13, after "=" [[Error loading file' misc.Proxy.deleteProperty.Array.unshift.js']]
kangax-es6/misc.Proxy.getOwnPropertyDescriptor.Function.bind.js: Syntax error detected near line 11, column 14, after "=" [[Error loading file' misc.Proxy.getOwnPropertyDescriptor.Function.bind.js']]
kangax-es6/misc.Proxy.getOwnPropertyDescriptor.Object.assign.js: Syntax error detected near line 11, column 14, after "=" [[Error loading file' misc.Proxy.getOwnPropertyDescriptor.Object.assign.js']]
kangax-es6/misc.Proxy.getOwnPropertyDescriptor.Object.hasOwnProperty.js: Syntax error detected near line 11, column 14, after "=" [[Error loading file' misc.Proxy.getOwnPropertyDescriptor.Object.hasOwnProperty.js']]
kangax-es6/misc.Proxy.getOwnPropertyDescriptor.Set.js: Syntax error detected near line 11, column 14, after "=" [[Error loading file' misc.Proxy.getOwnPropertyDescriptor.Set.js']]
kangax-es6/misc.Proxy.get.Array.concat.js: Syntax error detected near line 11, column 13, after "=" [[Error loading file' misc.Proxy.get.Array.concat.js']]
kangax-es6/misc.Proxy.get.Array.from.js: Syntax error detected near line 11, column 13, after "=" [[Error loading file' misc.Proxy.get.Array.from.js']]
kangax-es6/misc.Proxy.get.Array.iteration.js: Syntax error detected near line 11, column 17, after "=" [[Error loading file' misc.Proxy.get.Array.iteration.js']]
kangax-es6/misc.Proxy.get.Array.pop.js: Syntax error detected near line 11, column 13, after "=" [[Error loading file' misc.Proxy.get.Array.pop.js']]
kangax-es6/misc.Proxy.get.Array.reverse.js: Syntax error detected near line 11, column 13, after "=" [[Error loading file' misc.Proxy.get.Array.reverse.js']]
kangax-es6/misc.Proxy.get.Array.shift.js: Syntax error detected near line 11, column 13, after "=" [[Error loading file' misc.Proxy.get.Array.shift.js']]
kangax-es6/misc.Proxy.get.Array.splice.js: Syntax error detected near line 11, column 13, after "=" [[Error loading file' misc.Proxy.get.Array.splice.js']]
kangax-es6/misc.Proxy.get.Array.toString.js: Syntax error detected near line 11, column 13, after "=" [[Error loading file' misc.Proxy.get.Array.toString.js']]
kangax-es6/misc.Proxy.get.ClassDefinitionEvaluation.js: Syntax error detected near line 11, column 13, after "=" [[Error loading file' misc.Proxy.get.ClassDefinitionEvaluation.js']]
kangax-es6/misc.Proxy.get.CreateDynamicFunction.js: Syntax error detected near line 11, column 13, after "=" [[Error loading file' misc.Proxy.get.CreateDynamicFunction.js']]
kangax-es6/misc.Proxy.get.CreateListFromArrayLike.js: Syntax error detected near line 11, column 13, after "=" [[Error loading file' misc.Proxy.get.CreateListFromArrayLike.js']]
kangax-es6/misc.Proxy.get.Date.toJSON.js: Syntax error detected near line 12, column 13, after "=" [[Error loading file' misc.Proxy.get.Date.toJSON.js']]
kangax-es6/misc.Proxy.get.Error.toString.js: Syntax error detected near line 11, column 13, after "=" in file: 'misc.Proxy.get.Error.toString.js' [[Error loading file' misc.Proxy.get.Error.toString.js']]
kangax-es6/misc.Proxy.get.Function.bind.js: Syntax error detected near line 11, column 13, after "=" [[Error loading file' misc.Proxy.get.Function.bind.js']]
kangax-es6/misc.Proxy.get.HasBinding.js: Syntax error detected near line 11, column 13, after "=" [[Error loading file' misc.Proxy.get.HasBinding.js']]
kangax-es6/misc.Proxy.get.IteratorComplete.js: Syntax error detected near line 12, column 13, after "=" [[Error loading file' misc.Proxy.get.IteratorComplete.js']]
kangax-es6/misc.Proxy.get.JSON.stringify.js: Syntax error detected near line 11, column 13, after "=" [[Error loading file' misc.Proxy.get.JSON.stringify.js']]
kangax-es6/misc.Proxy.get.Object.assign.js: Syntax error detected near line 11, column 13, after "=" [[Error loading file' misc.Proxy.get.Object.assign.js']]
kangax-es6/misc.Proxy.get.Object.defineProperties.js: Syntax error detected near line 11, column 13, after "=" [[Error loading file' misc.Proxy.get.Object.defineProperties.js']]
kangax-es6/misc.Proxy.get.Promise.resolve.js: Syntax error detected near line 11, column 13, after "=" [[Error loading file' misc.Proxy.get.Promise.resolve.js']]
kangax-es6/misc.Proxy.get.RegExp-constructor.js: Syntax error detected near line 11, column 13, after "=" [[Error loading file' misc.Proxy.get.RegExp-constructor.js']]
kangax-es6/misc.Proxy.get.RegExp.Symbol.match.js: Syntax error detected near line 9, column 21, after "==" [[Error loading file' misc.Proxy.get.RegExp.Symbol.match.js']]
kangax-es6/misc.Proxy.get.RegExp.Symbol.replace.js: Syntax error detected near line 9, column 21, after "==" [[Error loading file' misc.Proxy.get.RegExp.Symbol.replace.js']]
kangax-es6/misc.Proxy.get.RegExp.Symbol.search.js: Syntax error detected near line 13, column 13, after "=" [[Error loading file' misc.Proxy.get.RegExp.Symbol.search.js']]
kangax-es6/misc.Proxy.get.RegExp.Symbol.split.js: Syntax error detected near line 11, column 13, after "=" [[Error loading file' misc.Proxy.get.RegExp.Symbol.split.js']]
kangax-es6/misc.Proxy.get.RegExp.flags.js: Syntax error detected near line 9, column 21, after "==" [[Error loading file' misc.Proxy.get.RegExp.flags.js']]
kangax-es6/misc.Proxy.get.RegExp.test.js: Syntax error detected near line 11, column 13, after "=" [[Error loading file' misc.Proxy.get.RegExp.test.js']]
kangax-es6/misc.Proxy.get.RegExp.toString.js: Syntax error detected near line 11, column 13, after "=" [[Error loading file' misc.Proxy.get.RegExp.toString.js']]
kangax-es6/misc.Proxy.get.String.match.js: Syntax error detected near line 11, column 13, after "=" [[Error loading file' misc.Proxy.get.String.match.js']]
kangax-es6/misc.Proxy.get.String.raw.js: Syntax error detected near line 11, column 13, after "=" [[Error loading file' misc.Proxy.get.String.raw.js']]
kangax-es6/misc.Proxy.get.String.replace.js: Syntax error detected near line 11, column 13, after "=" [[Error loading file' misc.Proxy.get.String.replace.js']]
kangax-es6/misc.Proxy.get.String.search.js: Syntax error detected near line 11, column 13, after "=" [[Error loading file' misc.Proxy.get.String.search.js']]
kangax-es6/misc.Proxy.get.String.split.js: Syntax error detected near line 11, column 13, after "=" [[Error loading file' misc.Proxy.get.String.split.js']]
kangax-es6/misc.Proxy.get.ToPrimitive.js: Syntax error detected near line 11, column 13, after "=" [[Error loading file' misc.Proxy.get.ToPrimitive.js']]
kangax-es6/misc.Proxy.get.ToPropertyDescriptor.js: Syntax error detected near line 11, column 13, after "=" [[Error loading file' misc.Proxy.get.ToPropertyDescriptor.js']]
kangax-es6/misc.Proxy.get.instanceof.js: Syntax error detected near line 12, column 13, after "=" [[Error loading file' misc.Proxy.get.instanceof.js']]
kangax-es6/misc.Proxy.ownKeys.SerializeJSONObject.js: Syntax error detected near line 12, column 21, after "(" [[Error loading file' misc.Proxy.ownKeys.SerializeJSONObject.js']]
kangax-es6/misc.Proxy.ownKeys.SetIntegrityLevel.js: Syntax error detected near line 12, column 21, after "(" [[Error loading file' misc.Proxy.ownKeys.SetIntegrityLevel.js']]
kangax-es6/misc.Proxy.ownKeys.TestIntegrityLevel.js: Syntax error detected near line 12, column 46, after "(" [[Error loading file' misc.Proxy.ownKeys.TestIntegrityLevel.js']]
kangax-es6/misc.Proxy.set.Array.copyWithin.js: Syntax error detected near line 11, column 13, after "=" [[Error loading file' misc.Proxy.set.Array.copyWithin.js']]
kangax-es6/misc.Proxy.set.Array.fill.js: Syntax error detected near line 11, column 13, after "=" [[Error loading file' misc.Proxy.set.Array.fill.js']]
kangax-es6/misc.Proxy.set.Array.from.js: Syntax error detected near line 11, column 13, after "=" [[Error loading file' misc.Proxy.set.Array.from.js']]
kangax-es6/misc.Proxy.set.Array.of.js: Syntax error detected near line 11, column 13, after "=" [[Error loading file' misc.Proxy.set.Array.of.js']]
kangax-es6/misc.Proxy.set.Array.pop.js: Syntax error detected near line 11, column 13, after "=" [[Error loading file' misc.Proxy.set.Array.pop.js']]
kangax-es6/misc.Proxy.set.Array.push.js: Syntax error detected near line 11, column 13, after "=" [[Error loading file' misc.Proxy.set.Array.push.js']]
kangax-es6/misc.Proxy.set.Array.reverse.js: Syntax error detected near line 11, column 13, after "=" [[Error loading file' misc.Proxy.set.Array.reverse.js']]
kangax-es6/misc.Proxy.set.Array.shift.js: Syntax error detected near line 11, column 13, after "=" [[Error loading file' misc.Proxy.set.Array.shift.js']]
kangax-es6/misc.Proxy.set.Array.splice.js: Syntax error detected near line 11, column 13, after "=" [[Error loading file' misc.Proxy.set.Array.splice.js']]
kangax-es6/misc.Proxy.set.Array.unshift.js: Syntax error detected near line 11, column 13, after "=" [[Error loading file' misc.Proxy.set.Array.unshift.js']]
kangax-es6/misc.Proxy.set.Object.assign.js: Syntax error detected near line 11, column 13, after "=" [[Error loading file' misc.Proxy.set.Object.assign.js']]
kangax-es6/misc.RegExp-alter-flags.js: Syntax error detected near line 8, column 21, after "==" [[Error loading file' misc.RegExp-alter-flags.js']]
kangax-es6/misc.RegExp-prototype-toString-generic.js: Syntax error detected near line 9, column 41, after "(" [[Error loading file' misc.RegExp-prototype-toString-generic.js']]
kangax-es6/misc.accessors-no-constructor.js: Syntax error detected near line 9, column 44, after "(" [[Error loading file' misc.accessors-no-constructor.js']]
kangax-es6/misc.bound-function-prototype.arrow.js: Syntax error detected near line 9, column 3, after "{" [[Error loading file' misc.bound-function-prototype.arrow.js']]
kangax-es6/misc.bound-function-prototype.class.js: Syntax error detected near line 9, column 3, after "{" [[Error loading file' misc.bound-function-prototype.class.js']]
kangax-es6/misc.bound-function-prototype.function.js: Syntax error detected near line 9, column 3, after "{" [[Error loading file' misc.bound-function-prototype.function.js']]
kangax-es6/misc.bound-function-prototype.generator.js: Syntax error detected near line 9, column 3, after "{" [[Error loading file' misc.bound-function-prototype.generator.js']]
kangax-es6/misc.bound-function-prototype.subclass.js: Syntax error detected near line 9, column 3, after "{" [[Error loading file' misc.bound-function-prototype.subclass.js']]
kangax-es6/misc.do-while-no-semicolon.js: [[Error loading file' misc.do-while-no-semicolon.js']]
kangax-es6/misc.duplicate-properties-strict.js: Syntax error detected near line 10, column 17, after "==" [[Error loading file' misc.duplicate-properties-strict.js']]
kangax-es6/misc.for-in-no-assignment-strict.js: [[Error loading file' misc.for-in-no-assignment-strict.js']]
kangax-es6/misc.function-length-configurable.js: Syntax error detected near line 9, column 12, after "=" [[Error loading file' misc.function-length-configurable.js']]
kangax-es6/misc.identifier-syntax.no-escaped-reserved.js: Lexical error at line 9, column 7.  Encountered: "\\" (92), after : "" [[Error loading file' misc.identifier-syntax.no-escaped-reserved.js']]
kangax-es6/misc.identifier-syntax.var-1.js: [[Error loading file' misc.identifier-syntax.var-1.js']]
kangax-es6/misc.identifier-syntax.var-2.js: Lexical error at line 9, column 7.  Encountered: "\ud800" (55296), after : "" [[Error loading file' misc.identifier-syntax.var-2.js']]
kangax-es6/misc.property-order.JSON.parse.js: Syntax error detected near line 12, column 5, after "," [[Error loading file' misc.property-order.JSON.parse.js']]
kangax-es6/misc.property-order.JSON.stringify.js: Syntax error detected near line 9, column 13, after "=" [[Error loading file' misc.property-order.JSON.stringify.js']]
kangax-es6/misc.property-order.Object.assign.js: Syntax error detected near line 10, column 16, after "=" [[Error loading file' misc.property-order.Object.assign.js']]
kangax-es6/misc.property-order.Object.getOwnPropertyNames.js: Syntax error detected near line 9, column 13, after "=" [[Error loading file' misc.property-order.Object.getOwnPropertyNames.js']]
kangax-es6/misc.property-order.Object.keys.js: Syntax error detected near line 9, column 13, after "=" [[Error loading file' misc.property-order.Object.keys.js']]
kangax-es6/misc.property-order.Reflect.ownKeys.string.js: Syntax error detected near line 9, column 13, after "=" [[Error loading file' misc.property-order.Reflect.ownKeys.string.js']]
kangax-es6/misc.property-order.Reflect.ownKeys.symbol.js: Syntax error detected near line 10, column 13, after "=" [[Error loading file' misc.property-order.Reflect.ownKeys.symbol.js']]
kangax-es6/misc.prototypes-not-instances.js: [[Error loading file' misc.prototypes-not-instances.js']]
kangax-es6/new-target.assignment-error.js: Syntax error detected near line 11, column 7, after "new" in file: 'new-target.assignment-error.js' [[Error loading file' new-target.assignment-error.js']]
kangax-es6/new-target.constructor.js: Syntax error detected near line 11, column 7, after "new" [[Error loading file' new-target.constructor.js']]
kangax-es6/regex.flags.u.case-folding.js: [[Error loading file' regex.flags.u.case-folding.js']]
kangax-es6/regex.flags.u.codepoint.js: [[Error loading file' regex.flags.u.codepoint.js']]
kangax-es6/regex.flags.u.js: [[Error loading file' regex.flags.u.js']]
kangax-es6/regex.flags.u.non-bmp.js: [[Error loading file' regex.flags.u.non-bmp.js']]
kangax-es6/regex.flags.y.js: Syntax error detected near line 12, column 30, after "==" [[Error loading file' regex.flags.y.js']]
kangax-es6/regex.flags.y.lastIndex.js: Syntax error detected near line 13, column 19, after "==" [[Error loading file' regex.flags.y.lastIndex.js']]
kangax-es6/rest-params.arguments.js: Syntax error detected near line 10, column 11, after "(" [[Error loading file' rest-params.arguments.js']]
kangax-es6/rest-params.basic.js: Syntax error detected near line 10, column 11, after "(" [[Error loading file' rest-params.basic.js']]
kangax-es6/rest-params.length.js: Syntax error detected near line 10, column 10, after "return" [[Error loading file' rest-params.length.js']]
kangax-es6/rest-params.new-function.js: Syntax error detected near line 12, column 4, after ")" [[Error loading file' rest-params.new-function.js']]
kangax-es6/rest-params.no-setter.js: Syntax error detected near line 10, column 11, after "(" [[Error loading file' rest-params.no-setter.js']]
kangax-es6/spread.array-call.js: Syntax error detected near line 10, column 19, after "(" [[Error loading file' spread.array-call.js']]
kangax-es6/spread.array-literal.js: Syntax error detected near line 10, column 10, after "return" [[Error loading file' spread.array-literal.js']]
kangax-es6/spread.astral-call.js: Syntax error detected near line 10, column 16, after "(" [[Error loading file' spread.astral-call.js']]
kangax-es6/spread.astral-literal.js: Syntax error detected near line 10, column 10, after "return" [[Error loading file' spread.astral-literal.js']]
kangax-es6/spread.generator-call.js: Syntax error detected near line 10, column 19, after "(" [[Error loading file' spread.generator-call.js']]
kangax-es6/spread.generator-literal.js: Syntax error detected near line 10, column 19, after "(" [[Error loading file' spread.generator-literal.js']]
kangax-es6/spread.iterable-call.js: Syntax error detected near line 9, column 21, after "==" [[Error loading file' spread.iterable-call.js']]
kangax-es6/spread.iterable-instance-call.js: Syntax error detected near line 9, column 21, after "==" [[Error loading file' spread.iterable-instance-call.js']]
kangax-es6/spread.iterable-instance-literal.js: Syntax error detected near line 9, column 21, after "==" [[Error loading file' spread.iterable-instance-literal.js']]
kangax-es6/spread.iterable-literal.js: Syntax error detected near line 9, column 21, after "==" [[Error loading file' spread.iterable-literal.js']]
kangax-es6/spread.non-iterable-error.js: in file: 'spread.non-iterable-error.js' [[Error loading file' spread.non-iterable-error.js']]
kangax-es6/spread.sparse-call.js: Syntax error detected near line 10, column 17, after "(" [[Error loading file' spread.sparse-call.js']]
kangax-es6/spread.sparse-literal.js: Syntax error detected near line 10, column 11, after "=" [[Error loading file' spread.sparse-literal.js']]
kangax-es6/spread.string-call.js: Syntax error detected near line 10, column 19, after "(" [[Error loading file' spread.string-call.js']]
kangax-es6/spread.string-literal.js: Syntax error detected near line 10, column 10, after "return" [[Error loading file' spread.string-literal.js']]
kangax-es6/subclassing.Array.concat.js: [[Error loading file' subclassing.Array.concat.js']]
kangax-es6/subclassing.Array.filter.js: [[Error loading file' subclassing.Array.filter.js']]
kangax-es6/subclassing.Array.from.js: [[Error loading file' subclassing.Array.from.js']]
kangax-es6/subclassing.Array.isArray.js: [[Error loading file' subclassing.Array.isArray.js']]
kangax-es6/subclassing.Array.length-access.js: [[Error loading file' subclassing.Array.length-access.js']]
kangax-es6/subclassing.Array.length-set.js: [[Error loading file' subclassing.Array.length-set.js']]
kangax-es6/subclassing.Array.map.js: [[Error loading file' subclassing.Array.map.js']]
kangax-es6/subclassing.Array.of.js: [[Error loading file' subclassing.Array.of.js']]
kangax-es6/subclassing.Array.prototype-chain.js: [[Error loading file' subclassing.Array.prototype-chain.js']]
kangax-es6/subclassing.Array.slice.js: [[Error loading file' subclassing.Array.slice.js']]
kangax-es6/subclassing.Array.splice.js: [[Error loading file' subclassing.Array.splice.js']]
kangax-es6/subclassing.Function.call.js: [[Error loading file' subclassing.Function.call.js']]
kangax-es6/subclassing.Function.new.js: [[Error loading file' subclassing.Function.new.js']]
kangax-es6/subclassing.Function.prototype-chain.js: [[Error loading file' subclassing.Function.prototype-chain.js']]
kangax-es6/subclassing.Function.prototype.apply.js: [[Error loading file' subclassing.Function.prototype.apply.js']]
kangax-es6/subclassing.Function.prototype.bind.js: [[Error loading file' subclassing.Function.prototype.bind.js']]
kangax-es6/subclassing.Function.prototype.call.js: [[Error loading file' subclassing.Function.prototype.call.js']]
kangax-es6/subclassing.Promise.all.js: Syntax error detected near line 8, column 16, after "=" [[Error loading file' subclassing.Promise.all.js']]
kangax-es6/subclassing.Promise.js: Syntax error detected near line 8, column 16, after "=" [[Error loading file' subclassing.Promise.js']]
kangax-es6/subclassing.Promise.prototype-chain.js: [[Error loading file' subclassing.Promise.prototype-chain.js']]
kangax-es6/subclassing.Promise.race.js: Syntax error detected near line 8, column 16, after "=" [[Error loading file' subclassing.Promise.race.js']]
kangax-es6/subclassing.RegExp.exec.js: [[Error loading file' subclassing.RegExp.exec.js']]
kangax-es6/subclassing.RegExp.js: Syntax error detected near line 8, column 21, after "==" [[Error loading file' subclassing.RegExp.js']]
kangax-es6/subclassing.RegExp.prototype-chain.js: [[Error loading file' subclassing.RegExp.prototype-chain.js']]
kangax-es6/subclassing.RegExp.test.js: [[Error loading file' subclassing.RegExp.test.js']]
kangax-es6/subclassing.misc.Boolean.js: [[Error loading file' subclassing.misc.Boolean.js']]
kangax-es6/subclassing.misc.Error.js: in file: 'subclassing.misc.Error.js' [[Error loading file' subclassing.misc.Error.js']]
kangax-es6/subclassing.misc.Map.js: Syntax error detected near line 9, column 13, after "=" [[Error loading file' subclassing.misc.Map.js']]
kangax-es6/subclassing.misc.Number.js: [[Error loading file' subclassing.misc.Number.js']]
kangax-es6/subclassing.misc.Set.js: Syntax error detected near line 9, column 13, after "=" [[Error loading file' subclassing.misc.Set.js']]
kangax-es6/subclassing.misc.String.js: [[Error loading file' subclassing.misc.String.js']]
kangax-es6/super.correct-constructor.js: [[Error loading file' super.correct-constructor.js']]
kangax-es6/super.expression.js: [[Error loading file' super.expression.js']]
kangax-es6/super.method-calls.js: [[Error loading file' super.method-calls.js']]
kangax-es6/super.new-target-binding.js: [[Error loading file' super.new-target-binding.js']]
kangax-es6/super.property-access.js: [[Error loading file' super.property-access.js']]
kangax-es6/super.statement.js: [[Error loading file' super.statement.js']]
kangax-es6/super.static-binding.js: [[Error loading file' super.static-binding.js']]
kangax-es6/super.this-binding.js: [[Error loading file' super.this-binding.js']]
kangax-es6/tail-calls.direct.js: Syntax error detected near line 10, column 11, after "(" [[Error loading file' tail-calls.direct.js']]
kangax-es6/tail-calls.mutual.js: Syntax error detected near line 10, column 3, after ";" [[Error loading file' tail-calls.mutual.js']]
kangax-es6/template.basic.js: Lexical error at line 11, column 8.  Encountered: "`" (96), after : "" [[Error loading file' template.basic.js']]
kangax-es6/template.caching.js: Syntax error detected near line 13, column 3, after "{" [[Error loading file' template.caching.js']]
kangax-es6/template.escape-sequences.js: Syntax error detected near line 10, column 3, after "{" [[Error loading file' template.escape-sequences.js']]
kangax-es6/template.frozen-array.js: Syntax error detected near line 10, column 11, after "(" [[Error loading file' template.frozen-array.js']]
kangax-es6/template.line-break.js: Syntax error detected near line 14, column 22, after "==" [[Error loading file' template.line-break.js']]
kangax-es6/template.permanent-caching.js: Syntax error detected near line 10, column 3, after "{" [[Error loading file' template.permanent-caching.js']]
kangax-es6/template.tagged.js: Syntax error detected near line 11, column 3, after ";" [[Error loading file' template.tagged.js']]
kangax-es6/template.toString.js: Syntax error detected near line 10, column 11, after "=" [[Error loading file' template.toString.js']]
kangax-es6/typed-arrays.ArrayBuffer.Symbol.species.js: Syntax error detected near line 10, column 47, after "==" [[Error loading file' typed-arrays.ArrayBuffer.Symbol.species.js']]
kangax-es6/typed-arrays.DataView.Float32.js: Syntax error detected near line 13, column 31, after "==" [[Error loading file' typed-arrays.DataView.Float32.js']]
kangax-es6/typed-arrays.DataView.Float64.js: Syntax error detected near line 13, column 31, after "==" [[Error loading file' typed-arrays.DataView.Float64.js']]
kangax-es6/typed-arrays.DataView.Int8.js: Syntax error detected near line 13, column 28, after "==" [[Error loading file' typed-arrays.DataView.Int8.js']]
kangax-es6/typed-arrays.DataView.Int16.js: Syntax error detected near line 13, column 29, after "==" [[Error loading file' typed-arrays.DataView.Int16.js']]
kangax-es6/typed-arrays.DataView.Int32.js: Syntax error detected near line 13, column 29, after "==" [[Error loading file' typed-arrays.DataView.Int32.js']]
kangax-es6/typed-arrays.DataView.Uint8.js: Syntax error detected near line 13, column 29, after "==" [[Error loading file' typed-arrays.DataView.Uint8.js']]
kangax-es6/typed-arrays.DataView.Uint16.js: Syntax error detected near line 13, column 30, after "==" [[Error loading file' typed-arrays.DataView.Uint16.js']]
kangax-es6/typed-arrays.DataView.Uint32.js: Syntax error detected near line 13, column 30, after "==" [[Error loading file' typed-arrays.DataView.Uint32.js']]
kangax-es6/typed-arrays.Float32Array.js: Syntax error detected near line 12, column 20, after "==" [[Error loading file' typed-arrays.Float32Array.js']]
kangax-es6/typed-arrays.Float64Array.js: Syntax error detected near line 12, column 20, after "==" [[Error loading file' typed-arrays.Float64Array.js']]
kangax-es6/typed-arrays.Int8Array.js: Syntax error detected near line 12, column 20, after "==" [[Error loading file' typed-arrays.Int8Array.js']]
kangax-es6/typed-arrays.Int16Array.js: Syntax error detected near line 12, column 20, after "==" [[Error loading file' typed-arrays.Int16Array.js']]
kangax-es6/typed-arrays.Int32Array.js: Syntax error detected near line 12, column 20, after "==" [[Error loading file' typed-arrays.Int32Array.js']]
kangax-es6/typed-arrays.Symbol.species.js: Syntax error detected near line 10, column 45, after "==" [[Error loading file' typed-arrays.Symbol.species.js']]
kangax-es6/typed-arrays.Uint8Array.js: Syntax error detected near line 12, column 20, after "==" [[Error loading file' typed-arrays.Uint8Array.js']]
kangax-es6/typed-arrays.Uint8ClampedArray.js: Syntax error detected near line 12, column 20, after "==" [[Error loading file' typed-arrays.Uint8ClampedArray.js']]
kangax-es6/typed-arrays.Uint16Array.js: Syntax error detected near line 12, column 20, after "==" [[Error loading file' typed-arrays.Uint16Array.js']]
kangax-es6/typed-arrays.Uint32Array.js: Syntax error detected near line 12, column 20, after "==" [[Error loading file' typed-arrays.Uint32Array.js']]
kangax-es6/typed-arrays.constructor-iterables.js: Syntax error detected near line 9, column 21, after "==" [[Error loading file' typed-arrays.constructor-iterables.js']]
kangax-es6/typed-arrays.constructor-requires-new.js: Syntax error detected near line 9, column 21, after "==" [[Error loading file' typed-arrays.constructor-requires-new.js']]
kangax-es6/typed-arrays.correct-prototype-chains.js: Syntax error detected near line 9, column 21, after "==" [[Error loading file' typed-arrays.correct-prototype-chains.js']]
kangax-es6/typed-arrays.from.js: Syntax error detected near line 10, column 34, after "==" [[Error loading file' typed-arrays.from.js']]
kangax-es6/typed-arrays.of.js: Syntax error detected near line 10, column 32, after "==" [[Error loading file' typed-arrays.of.js']]
kangax-es6/typed-arrays.prototype.Symbol.iterator.js: Syntax error detected near line 10, column 56, after "==" [[Error loading file' typed-arrays.prototype.Symbol.iterator.js']]
kangax-es6/typed-arrays.prototype.copyWithin.js: Syntax error detected near line 10, column 50, after "==" [[Error loading file' typed-arrays.prototype.copyWithin.js']]
kangax-es6/typed-arrays.prototype.entries.js: Syntax error detected near line 10, column 47, after "==" [[Error loading file' typed-arrays.prototype.entries.js']]
kangax-es6/typed-arrays.prototype.every.js: Syntax error detected near line 10, column 45, after "==" [[Error loading file' typed-arrays.prototype.every.js']]
kangax-es6/typed-arrays.prototype.fill.js: Syntax error detected near line 10, column 44, after "==" [[Error loading file' typed-arrays.prototype.fill.js']]
kangax-es6/typed-arrays.prototype.filter.js: Syntax error detected near line 10, column 46, after "==" [[Error loading file' typed-arrays.prototype.filter.js']]
kangax-es6/typed-arrays.prototype.findIndex.js: Syntax error detected near line 10, column 49, after "==" [[Error loading file' typed-arrays.prototype.findIndex.js']]
kangax-es6/typed-arrays.prototype.find.js: Syntax error detected near line 10, column 44, after "==" [[Error loading file' typed-arrays.prototype.find.js']]
kangax-es6/typed-arrays.prototype.forEach.js: Syntax error detected near line 10, column 47, after "==" [[Error loading file' typed-arrays.prototype.forEach.js']]
kangax-es6/typed-arrays.prototype.indexOf.js: Syntax error detected near line 10, column 47, after "==" [[Error loading file' typed-arrays.prototype.indexOf.js']]
kangax-es6/typed-arrays.prototype.join.js: Syntax error detected near line 10, column 44, after "==" [[Error loading file' typed-arrays.prototype.join.js']]
kangax-es6/typed-arrays.prototype.keys.js: Syntax error detected near line 10, column 44, after "==" [[Error loading file' typed-arrays.prototype.keys.js']]
kangax-es6/typed-arrays.prototype.lastIndexOf.js: Syntax error detected near line 10, column 51, after "==" [[Error loading file' typed-arrays.prototype.lastIndexOf.js']]
kangax-es6/typed-arrays.prototype.map.js: Syntax error detected near line 10, column 43, after "==" [[Error loading file' typed-arrays.prototype.map.js']]
kangax-es6/typed-arrays.prototype.reduceRight.js: Syntax error detected near line 10, column 51, after "==" [[Error loading file' typed-arrays.prototype.reduceRight.js']]
kangax-es6/typed-arrays.prototype.reduce.js: Syntax error detected near line 10, column 46, after "==" [[Error loading file' typed-arrays.prototype.reduce.js']]
kangax-es6/typed-arrays.prototype.reverse.js: Syntax error detected near line 10, column 47, after "==" [[Error loading file' typed-arrays.prototype.reverse.js']]
kangax-es6/typed-arrays.prototype.slice.js: Syntax error detected near line 10, column 45, after "==" [[Error loading file' typed-arrays.prototype.slice.js']]
kangax-es6/typed-arrays.prototype.some.js: Syntax error detected near line 10, column 44, after "==" [[Error loading file' typed-arrays.prototype.some.js']]
kangax-es6/typed-arrays.prototype.sort.js: Syntax error detected near line 10, column 44, after "==" [[Error loading file' typed-arrays.prototype.sort.js']]
kangax-es6/typed-arrays.prototype.subarray.js: Syntax error detected near line 10, column 48, after "==" [[Error loading file' typed-arrays.prototype.subarray.js']]
kangax-es6/typed-arrays.prototype.values.js: Syntax error detected near line 10, column 46, after "==" [[Error loading file' typed-arrays.prototype.values.js']]
kangax-es6/unicode-escapes.identifier.js: Lexical error at line 9, column 7.  Encountered: "\\" (92), after : "" [[Error loading file' unicode-escapes.identifier.js']]
kangax-es6/unicode-escapes.property-access.js: Syntax error detected near line 9, column 11, after "=" [[Error loading file' unicode-escapes.property-access.js']]
kangax-es6/unicode-escapes.property-key.js: Syntax error detected near line 9, column 11, after "=" [[Error loading file' unicode-escapes.property-key.js']]
kangax-es6/unicode-escapes.string.js: [[Error loading file' unicode-escapes.string.js']]
kangax-es6/well-known.hasInstance.js: Syntax error detected near line 11, column 13, after "=" [[Error loading file' well-known.hasInstance.js']]
kangax-es6/well-known.isConcatSpreadable.non-spreadable.js: Syntax error detected near line 10, column 11, after "=" [[Error loading file' well-known.isConcatSpreadable.non-spreadable.js']]
kangax-es6/well-known.isConcatSpreadable.poisoned-getter.js: Syntax error detected near line 10, column 23, after "!=" [[Error loading file' well-known.isConcatSpreadable.poisoned-getter.js']]
kangax-es6/well-known.iterator.arguments.js: Syntax error detected near line 9, column 11, after "(" [[Error loading file' well-known.iterator.arguments.js']]
kangax-es6/well-known.iterator.js: Syntax error detected near line 10, column 21, after <STRING_LITERAL> [[Error loading file' well-known.iterator.js']]
kangax-es6/well-known.match.RegExp-constructor.js: Syntax error detected near line 9, column 12, after "=" [[Error loading file' well-known.match.RegExp-constructor.js']]
kangax-es6/well-known.match.String.endsWith.js: Syntax error detected near line 9, column 12, after "=" [[Error loading file' well-known.match.String.endsWith.js']]
kangax-es6/well-known.match.String.includes.js: Syntax error detected near line 9, column 12, after "=" [[Error loading file' well-known.match.String.includes.js']]
kangax-es6/well-known.match.String.startsWith.js: Syntax error detected near line 9, column 12, after "=" [[Error loading file' well-known.match.String.startsWith.js']]
kangax-es6/well-known.match.js: Syntax error detected near line 10, column 11, after "=" [[Error loading file' well-known.match.js']]
kangax-es6/well-known.replace.js: Syntax error detected near line 10, column 11, after "=" [[Error loading file' well-known.replace.js']]
kangax-es6/well-known.search.js: Syntax error detected near line 10, column 11, after "=" [[Error loading file' well-known.search.js']]
kangax-es6/well-known.species.Array.concat.js: Syntax error detected near line 9, column 13, after "=" [[Error loading file' well-known.species.Array.concat.js']]
kangax-es6/well-known.species.Array.filter.js: Syntax error detected near line 9, column 13, after "=" [[Error loading file' well-known.species.Array.filter.js']]
kangax-es6/well-known.species.Array.map.js: Syntax error detected near line 9, column 13, after "=" [[Error loading file' well-known.species.Array.map.js']]
kangax-es6/well-known.species.Array.slice.js: Syntax error detected near line 9, column 13, after "=" [[Error loading file' well-known.species.Array.slice.js']]
kangax-es6/well-known.species.Array.splice.js: Syntax error detected near line 9, column 13, after "=" [[Error loading file' well-known.species.Array.splice.js']]
kangax-es6/well-known.species.Promise.then.js: Syntax error detected near line 9, column 34, after "(" [[Error loading file' well-known.species.Promise.then.js']]
kangax-es6/well-known.species.RegExp.split.js: Syntax error detected near line 10, column 13, after "=" [[Error loading file' well-known.species.RegExp.split.js']]
kangax-es6/well-known.species.js: Syntax error detected near line 10, column 20, after <STRING_LITERAL> [[Error loading file' well-known.species.js']]
kangax-es6/well-known.split.js: Syntax error detected near line 10, column 11, after "=" [[Error loading file' well-known.split.js']]
kangax-es6/well-known.toPrimitive.js: Syntax error detected near line 10, column 11, after "=" [[Error loading file' well-known.toPrimitive.js']]
kangax-es6/well-known.toStringTag.existing-builtins.js: Syntax error detected near line 11, column 3, after ";" [[Error loading file' well-known.toStringTag.existing-builtins.js']]
kangax-es6/well-known.toStringTag.js: Syntax error detected near line 10, column 11, after "=" [[Error loading file' well-known.toStringTag.js']]
kangax-es6/well-known.toStringTag.misc-builtins.js: Syntax error detected near line 10, column 20, after "==" [[Error loading file' well-known.toStringTag.misc-builtins.js']]
kangax-es6/well-known.toStringTag.new-builtins.js: Syntax error detected near line 11, column 3, after ";" [[Error loading file' well-known.toStringTag.new-builtins.js']]
kangax-es6/well-known.unscopables.js: Syntax error detected near line 10, column 11, after "=" [[Error loading file' well-known.unscopables.js']]
kangax-es2016/Array.prototype.includes.generic.js: Syntax error detected near line 11, column 10, after "return" [[Error loading file' Array.prototype.includes.generic.js']]
kangax-es2016/Array.prototype.includes.js: Syntax error detected near line 10, column 10, after "return" [[Error loading file' Array.prototype.includes.js']]
kangax-es2016/Array.prototype.includes.sparse.js: Syntax error detected near line 10, column 10, after "return" [[Error loading file' Array.prototype.includes.sparse.js']]
kangax-es2016/Array.prototype.includes.typed-array.js: Syntax error detected near line 10, column 10, after "return" [[Error loading file' Array.prototype.includes.typed-array.js']]
kangax-es2016/exponentiation.assignment.js: Syntax error detected near line 10, column 17, after "*" [[Error loading file' exponentiation.assignment.js']]
kangax-es2016/exponentiation.basic.js: Syntax error detected near line 10, column 13, after "*" [[Error loading file' exponentiation.basic.js']]
kangax-es2016/exponentiation.unary-negation-error.js: Syntax error detected near line 10, column 10, after "*" in file: 'exponentiation.unary-negation-error.js' [[Error loading file' exponentiation.unary-negation-error.js']]
kangax-es2016/misc.Proxy-Array-includes.js: Syntax error detected near line 10, column 13, after "=" [[Error loading file' misc.Proxy-Array-includes.js']]
kangax-es2016/misc.Proxy-enumerate-removed.js: Syntax error detected near line 11, column 25, after "(" [[Error loading file' misc.Proxy-enumerate-removed.js']]
kangax-es2016/misc.generator-no-new.js: Syntax error detected near line 10, column 3, after "{" [[Error loading file' misc.generator-no-new.js']]
kangax-es2016/misc.generator-throw-inner.js: Syntax error detected near line 10, column 3, after "{" [[Error loading file' misc.generator-throw-inner.js']]
kangax-es2016/misc.nested-rest-destructuring-decl.js: Syntax error detected near line 10, column 7, after "var" [[Error loading file' misc.nested-rest-destructuring-decl.js']]
kangax-es2016/misc.nested-rest-destructuring-params.js: Syntax error detected near line 9, column 10, after "return" [[Error loading file' misc.nested-rest-destructuring-params.js']]
kangax-es2016/misc.strict-fn-non-simple-params-error.js: Syntax error detected near line 9, column 3, after "{" in file: 'misc.strict-fn-non-simple-params-error.js' [[Error loading file' misc.strict-fn-non-simple-params-error.js']]
kangax-es2017/Atomics.add.js: Syntax error detected near line 10, column 31, after "==" [[Error loading file' Atomics.add.js']]
kangax-es2017/Atomics.and.js: Syntax error detected near line 10, column 31, after "==" [[Error loading file' Atomics.and.js']]
kangax-es2017/Atomics.compareExchange.js: Syntax error detected near line 10, column 43, after "==" [[Error loading file' Atomics.compareExchange.js']]
kangax-es2017/Atomics.exchange.js: Syntax error detected near line 10, column 36, after "==" [[Error loading file' Atomics.exchange.js']]
kangax-es2017/Atomics.isLockFree.js: Syntax error detected near line 10, column 38, after "==" [[Error loading file' Atomics.isLockFree.js']]
kangax-es2017/Atomics.load.js: Syntax error detected near line 10, column 32, after "==" [[Error loading file' Atomics.load.js']]
kangax-es2017/Atomics.notify.js: Syntax error detected near line 10, column 34, after "==" [[Error loading file' Atomics.notify.js']]
kangax-es2017/Atomics.or.js: Syntax error detected near line 10, column 30, after "==" [[Error loading file' Atomics.or.js']]
kangax-es2017/Atomics.store.js: Syntax error detected near line 10, column 33, after "==" [[Error loading file' Atomics.store.js']]
kangax-es2017/Atomics.sub.js: Syntax error detected near line 10, column 31, after "==" [[Error loading file' Atomics.sub.js']]
kangax-es2017/Atomics.wait.js: Syntax error detected near line 10, column 32, after "==" [[Error loading file' Atomics.wait.js']]
kangax-es2017/Atomics.xor.js: Syntax error detected near line 10, column 31, after "==" [[Error loading file' Atomics.xor.js']]
kangax-es2017/Object.entries.js: Syntax error detected near line 10, column 27, after "(" [[Error loading file' Object.entries.js']]
kangax-es2017/Object.getOwnPropertyDescriptors.js: Syntax error detected near line 10, column 16, after "=" [[Error loading file' Object.getOwnPropertyDescriptors.js']]
kangax-es2017/Object.getOwnPropertyDescriptors.no-undefined.js: Syntax error detected near line 9, column 21, after "(" [[Error loading file' Object.getOwnPropertyDescriptors.no-undefined.js']]
kangax-es2017/Object.values.js: Syntax error detected near line 10, column 27, after "(" [[Error loading file' Object.values.js']]
kangax-es2017/SharedArrayBuffer.Symbol.species.js: Syntax error detected near line 8, column 46, after "==" [[Error loading file' SharedArrayBuffer.Symbol.species.js']]
kangax-es2017/SharedArrayBuffer.js: Syntax error detected near line 10, column 37, after "==" [[Error loading file' SharedArrayBuffer.js']]
kangax-es2017/SharedArrayBuffer.prototype.Symbol.toStringTag.js: Syntax error detected near line 9, column 60, after "==" [[Error loading file' SharedArrayBuffer.prototype.Symbol.toStringTag.js']]
kangax-es2017/SharedArrayBuffer.prototype.byteLength.js: Syntax error detected near line 10, column 23, after <STRING_LITERAL> [[Error loading file' SharedArrayBuffer.prototype.byteLength.js']]
kangax-es2017/SharedArrayBuffer.prototype.slice.js: Syntax error detected near line 10, column 53, after "==" [[Error loading file' SharedArrayBuffer.prototype.slice.js']]
kangax-es2017/String.prototype.padEnd.js: Syntax error detected near line 10, column 17, after <STRING_LITERAL> [[Error loading file' String.prototype.padEnd.js']]
kangax-es2017/String.prototype.padStart.js: Syntax error detected near line 10, column 17, after <STRING_LITERAL> [[Error loading file' String.prototype.padStart.js']]
kangax-es2017/annex-b.Object.prototype.__defineGetter__.ToObject.js: Syntax error detected near line 10, column 33, after "," [[Error loading file' annex-b.Object.prototype.__defineGetter__.ToObject.js']]
kangax-es2017/annex-b.Object.prototype.__defineGetter__.js: Syntax error detected near line 10, column 13, after "=" [[Error loading file' annex-b.Object.prototype.__defineGetter__.js']]
kangax-es2017/annex-b.Object.prototype.__defineGetter__.symbols.js: Syntax error detected near line 9, column 13, after "=" [[Error loading file' annex-b.Object.prototype.__defineGetter__.symbols.js']]
kangax-es2017/annex-b.Object.prototype.__defineSetter__.ToObject.js: Syntax error detected near line 10, column 33, after "," [[Error loading file' annex-b.Object.prototype.__defineSetter__.ToObject.js']]
kangax-es2017/annex-b.Object.prototype.__defineSetter__.js: Syntax error detected near line 10, column 13, after "=" [[Error loading file' annex-b.Object.prototype.__defineSetter__.js']]
kangax-es2017/annex-b.Object.prototype.__defineSetter__.symbols.js: Syntax error detected near line 9, column 13, after "=" [[Error loading file' annex-b.Object.prototype.__defineSetter__.symbols.js']]
kangax-es2017/annex-b.Object.prototype.__lookupGetter__.ToObject.js: [[Error loading file' annex-b.Object.prototype.__lookupGetter__.ToObject.js']]
kangax-es2017/annex-b.Object.prototype.__lookupGetter__.js: Syntax error detected near line 10, column 13, after "=" [[Error loading file' annex-b.Object.prototype.__lookupGetter__.js']]
kangax-es2017/annex-b.Object.prototype.__lookupGetter__.prototype-chain.js: Syntax error detected near line 9, column 13, after "=" [[Error loading file' annex-b.Object.prototype.__lookupGetter__.prototype-chain.js']]
kangax-es2017/annex-b.Object.prototype.__lookupGetter__.shadow-accessors.js: Syntax error detected near line 9, column 11, after "=" [[Error loading file' annex-b.Object.prototype.__lookupGetter__.shadow-accessors.js']]
kangax-es2017/annex-b.Object.prototype.__lookupGetter__.symbols.js: Syntax error detected near line 11, column 13, after "=" [[Error loading file' annex-b.Object.prototype.__lookupGetter__.symbols.js']]
kangax-es2017/annex-b.Object.prototype.__lookupSetter__.ToObject.js: [[Error loading file' annex-b.Object.prototype.__lookupSetter__.ToObject.js']]
kangax-es2017/annex-b.Object.prototype.__lookupSetter__.js: Syntax error detected near line 10, column 13, after "=" [[Error loading file' annex-b.Object.prototype.__lookupSetter__.js']]
kangax-es2017/annex-b.Object.prototype.__lookupSetter__.prototype-chain.js: Syntax error detected near line 9, column 13, after "=" [[Error loading file' annex-b.Object.prototype.__lookupSetter__.prototype-chain.js']]
kangax-es2017/annex-b.Object.prototype.__lookupSetter__.shadow-accessors.js: Syntax error detected near line 9, column 11, after "=" [[Error loading file' annex-b.Object.prototype.__lookupSetter__.shadow-accessors.js']]
kangax-es2017/annex-b.Object.prototype.__lookupSetter__.symbols.js: Syntax error detected near line 11, column 13, after "=" [[Error loading file' annex-b.Object.prototype.__lookupSetter__.symbols.js']]
kangax-es2017/annex-b.Proxy.__defineGetter__.js: Syntax error detected near line 10, column 13, after "=" [[Error loading file' annex-b.Proxy.__defineGetter__.js']]
kangax-es2017/annex-b.Proxy.__defineSetter__.js: Syntax error detected near line 10, column 13, after "=" [[Error loading file' annex-b.Proxy.__defineSetter__.js']]
kangax-es2017/annex-b.Proxy.__lookupGetter__.js: Syntax error detected near line 11, column 14, after "=" [[Error loading file' annex-b.Proxy.__lookupGetter__.js']]
kangax-es2017/annex-b.Proxy.__lookupSetter__.js: Syntax error detected near line 11, column 14, after "=" [[Error loading file' annex-b.Proxy.__lookupSetter__.js']]
kangax-es2017/annex-b.for-in-assignment-non-strict.js: Syntax error detected near line 10, column 21, after "in" [[Error loading file' annex-b.for-in-assignment-non-strict.js']]
kangax-es2017/async.Symbol.toStringTag.js: Syntax error detected near line 10, column 38, after <IDENTIFIER> [[Error loading file' async.Symbol.toStringTag.js']]
kangax-es2017/async.arrow-in-class.js: Syntax error detected near line 9, column 16, after "=" [[Error loading file' async.arrow-in-class.js']]
kangax-es2017/async.arrow.js: Syntax error detected near line 9, column 16, after "=" [[Error loading file' async.arrow.js']]
kangax-es2017/async.await-non-promise.js: Syntax error detected near line 9, column 16, after "=" [[Error loading file' async.await-non-promise.js']]
kangax-es2017/async.await-rejection.js: Syntax error detected near line 9, column 16, after "=" [[Error loading file' async.await-rejection.js']]
kangax-es2017/async.await.js: Syntax error detected near line 9, column 16, after "=" [[Error loading file' async.await.js']]
kangax-es2017/async.constructor.js: Syntax error detected near line 9, column 16, after "=" [[Error loading file' async.constructor.js']]
kangax-es2017/async.methods-class.js: Syntax error detected near line 9, column 16, after "=" [[Error loading file' async.methods-class.js']]
kangax-es2017/async.methods-object.js: Syntax error detected near line 9, column 16, after "=" [[Error loading file' async.methods-object.js']]
kangax-es2017/async.must-await-value.js: Syntax error detected near line 10, column 9, after <IDENTIFIER> [[Error loading file' async.must-await-value.js']]
kangax-es2017/async.no-await-in-params.js: Syntax error detected near line 10, column 9, after <IDENTIFIER> [[Error loading file' async.no-await-in-params.js']]
kangax-es2017/async.no-line-break.js: Syntax error detected near line 10, column 9, after <IDENTIFIER> [[Error loading file' async.no-line-break.js']]
kangax-es2017/async.no-prototype.js: Syntax error detected near line 10, column 9, after <IDENTIFIER> [[Error loading file' async.no-prototype.js']]
kangax-es2017/async.prototype-chain.js: Syntax error detected near line 10, column 56, after <IDENTIFIER> [[Error loading file' async.prototype-chain.js']]
kangax-es2017/async.return.js: Syntax error detected near line 9, column 16, after "=" [[Error loading file' async.return.js']]
kangax-es2017/async.throw.js: Syntax error detected near line 9, column 16, after "=" [[Error loading file' async.throw.js']]
kangax-es2017/misc.arguments-caller-removed.js: Syntax error detected near line 10, column 11, after "(" [[Error loading file' misc.arguments-caller-removed.js']]
kangax-es2017/regex.flags.u.case-folding.js: [[Error loading file' regex.flags.u.case-folding.js']]
kangax-es2017/trailing-comma.arguments.js: Syntax error detected near line 10, column 25, after "," [[Error loading file' trailing-comma.arguments.js']]
kangax-es2017/trailing-comma.params.js: Syntax error detected near line 10, column 17, after "typeof" [[Error loading file' trailing-comma.params.js']]
kangax-es2018/Promise.prototype.finally.change-rejection.js: Syntax error detected near line 9, column 16, after "=" [[Error loading file' Promise.prototype.finally.change-rejection.js']]
kangax-es2018/Promise.prototype.finally.js: Syntax error detected near line 9, column 16, after "=" [[Error loading file' Promise.prototype.finally.js']]
kangax-es2018/Promise.prototype.finally.no-change-resolution.js: Syntax error detected near line 9, column 16, after "=" [[Error loading file' Promise.prototype.finally.no-change-resolution.js']]
kangax-es2018/async-iterators.for-await-of.js: Syntax error detected near line 9, column 16, after "=" [[Error loading file' async-iterators.for-await-of.js']]
kangax-es2018/async-iterators.generators.js: Syntax error detected near line 8, column 16, after "=" [[Error loading file' async-iterators.generators.js']]
kangax-es2018/misc.Proxy-ownKeys-duplicate-keys.js: Syntax error detected near line 10, column 21, after "(" [[Error loading file' misc.Proxy-ownKeys-duplicate-keys.js']]
kangax-es2018/misc.template-literal-revision.js: Syntax error detected near line 9, column 3, after "{" [[Error loading file' misc.template-literal-revision.js']]
kangax-es2018/object-rest.js: Syntax error detected near line 9, column 7, after "var" [[Error loading file' object-rest.js']]
kangax-es2018/object-spread.js: Syntax error detected near line 9, column 16, after "=" [[Error loading file' object-spread.js']]
kangax-es2018/regex.flags.s.js: [[Error loading file' regex.flags.s.js']]
kangax-es2018/regex.lookbehind.js: Syntax error detected near line 10, column 10, after "return" [[Error loading file' regex.lookbehind.js']]
kangax-es2018/regex.named-capture-groups.js: Syntax error detected near line 10, column 16, after "=" [[Error loading file' regex.named-capture-groups.js']]
kangax-es2018/regex.unicode-property-escapes.js: [[Error loading file' regex.unicode-property-escapes.js']]
kangax-es2018/regex.unicode-property-escapes.unicode-11.js: Syntax error detected near line 10, column 10, after "return" [[Error loading file' regex.unicode-property-escapes.unicode-11.js']]
kangax-es2018/regex.unicode-property-escapes.unicode-12.1.js: Syntax error detected near line 10, column 10, after "return" [[Error loading file' regex.unicode-property-escapes.unicode-12.1.js']]
kangax-es2018/regex.unicode-property-escapes.unicode-12.js: Syntax error detected near line 10, column 10, after "return" [[Error loading file' regex.unicode-property-escapes.unicode-12.js']]
kangax-es2018/regex.unicode-property-escapes.unicode-13.js: Syntax error detected near line 10, column 10, after "return" [[Error loading file' regex.unicode-property-escapes.unicode-13.js']]
kangax-es2018/regex.unicode-property-escapes.unicode-14.js: Syntax error detected near line 10, column 10, after "return" [[Error loading file' regex.unicode-property-escapes.unicode-14.js']]
kangax-es2018/regex.unicode-property-escapes.unicode-15.1.js: Syntax error detected near line 10, column 10, after "return" [[Error loading file' regex.unicode-property-escapes.unicode-15.1.js']]
kangax-es2018/regex.unicode-property-escapes.unicode-15.js: Syntax error detected near line 10, column 10, after "return" [[Error loading file' regex.unicode-property-escapes.unicode-15.js']]
kangax-es2018/regex.unicode-property-escapes.unicode-16.0.js: Syntax error detected near line 10, column 10, after "return" [[Error loading file' regex.unicode-property-escapes.unicode-16.0.js']]
kangax-es2018/regex.unicode-property-escapes.unicode-17.0.js: Syntax error detected near line 10, column 10, after "return" [[Error loading file' regex.unicode-property-escapes.unicode-17.0.js']]
kangax-es2019/Array.prototype.flatMap.js: Syntax error detected near line 10, column 10, after "return" [[Error loading file' Array.prototype.flatMap.js']]
kangax-es2019/Array.prototype.flat-flatMap.unscopables.js: [[Error loading file' Array.prototype.flat-flatMap.unscopables.js']]
kangax-es2019/Array.prototype.flat.js: Syntax error detected near line 10, column 10, after "return" [[Error loading file' Array.prototype.flat.js']]
kangax-es2019/Object.fromEntries.js: Syntax error detected near line 10, column 43, after "(" [[Error loading file' Object.fromEntries.js']]
kangax-es2019/String.prototype.trimEnd.js: Syntax error detected near line 10, column 29, after <STRING_LITERAL> [[Error loading file' String.prototype.trimEnd.js']]
kangax-es2019/String.prototype.trimStart.js: Syntax error detected near line 10, column 29, after <STRING_LITERAL> [[Error loading file' String.prototype.trimStart.js']]
kangax-es2019/Symbol.prototype.description.empty.js: Syntax error detected near line 10, column 35, after "==" [[Error loading file' Symbol.prototype.description.empty.js']]
kangax-es2019/Symbol.prototype.description.js: Syntax error detected near line 10, column 38, after "==" [[Error loading file' Symbol.prototype.description.js']]
kangax-es2019/Symbol.prototype.description.undefined.js: Syntax error detected near line 11, column 31, after "==" [[Error loading file' Symbol.prototype.description.undefined.js']]
kangax-es2019/annex-b.String.prototype.trimLeft.js: Syntax error detected near line 10, column 29, after <STRING_LITERAL> [[Error loading file' annex-b.String.prototype.trimLeft.js']]
kangax-es2019/annex-b.String.prototype.trimRight.js: Syntax error detected near line 10, column 29, after <STRING_LITERAL> [[Error loading file' annex-b.String.prototype.trimRight.js']]
kangax-es2019/misc.Function-toString.Function-constructor.js: Syntax error detected near line 12, column 20, after "==" [[Error loading file' misc.Function-toString.Function-constructor.js']]
kangax-es2019/misc.Function-toString.arrows.js: Syntax error detected near line 11, column 39, after "==" [[Error loading file' misc.Function-toString.arrows.js']]
kangax-es2019/misc.Function-toString.class-explicit-constructor.js: Syntax error detected near line 11, column 74, after "==" [[Error loading file' misc.Function-toString.class-explicit-constructor.js']]
kangax-es2019/misc.Function-toString.class-implicit-constructor.js: Syntax error detected near line 11, column 39, after "==" [[Error loading file' misc.Function-toString.class-implicit-constructor.js']]
kangax-es2019/misc.Function-toString.computed-names.js: Syntax error detected near line 11, column 80, after "==" [[Error loading file' misc.Function-toString.computed-names.js']]
kangax-es2019/misc.Function-toString.native-code.js: [[Error loading file' misc.Function-toString.native-code.js']]
kangax-es2019/misc.Function-toString.unicode-escapes.js: Syntax error detected near line 11, column 74, after "==" [[Error loading file' misc.Function-toString.unicode-escapes.js']]
kangax-es2019/misc.JSON-stringify-well-formed.js: Syntax error detected near line 10, column 43, after "==" [[Error loading file' misc.JSON-stringify-well-formed.js']]
kangax-es2019/misc.JSON-superset.line-separator.js: Syntax error detected near line 9, column 29, after "==" [[Error loading file' misc.JSON-superset.line-separator.js']]
kangax-es2019/misc.JSON-superset.paragraph-separator.js: Syntax error detected near line 9, column 29, after "==" [[Error loading file' misc.JSON-superset.paragraph-separator.js']]
kangax-es2019/misc.optional-catch-binding.await.js: Syntax error detected near line 8, column 16, after "=" [[Error loading file' misc.optional-catch-binding.await.js']]
kangax-es2019/misc.optional-catch-binding.js: [[Error loading file' misc.optional-catch-binding.js']]
kangax-es2019/misc.optional-catch-binding.yield.js: Syntax error detected near line 9, column 3, after "{" [[Error loading file' misc.optional-catch-binding.yield.js']]
kangax-es2020/BigInt64Array.js: Exception in thread "main" java.lang.NumberFormatException: For input string: "0x8000000000000000"
kangax-es2020/BigInt.asIntN.js: Syntax error detected near line 10, column 33, after "==" [[Error loading file' BigInt.asIntN.js']]
kangax-es2020/BigInt.asUintN.js: Syntax error detected near line 10, column 34, after "==" [[Error loading file' BigInt.asUintN.js']]
kangax-es2020/BigInt.constructor.js: Syntax error detected near line 10, column 24, after "==" [[Error loading file' BigInt.constructor.js']]
kangax-es2020/BigInt.js: Syntax error detected near line 10, column 12, after <DECIMAL_LITERAL> [[Error loading file' BigInt.js']]
kangax-es2020/BigUint64Array.js: Exception in thread "main" java.lang.NumberFormatException: For input string: "0x10000000000000000"
kangax-es2020/DataView.prototype.getBigInt64.js: Syntax error detected near line 12, column 24, after <DECIMAL_LITERAL> [[Error loading file' DataView.prototype.getBigInt64.js']]
kangax-es2020/DataView.prototype.getBigUint64.js: Syntax error detected near line 12, column 25, after <DECIMAL_LITERAL> [[Error loading file' DataView.prototype.getBigUint64.js']]
kangax-es2020/Promise.allSettled.js: Syntax error detected near line 9, column 16, after "=" [[Error loading file' Promise.allSettled.js']]
kangax-es2020/String.prototype.matchAll.js: Syntax error detected near line 10, column 26, after <STRING_LITERAL> [[Error loading file' String.prototype.matchAll.js']]
kangax-es2020/String.prototype.matchAll.throws-non-global.js: Syntax error detected near line 10, column 42, after "!=" [[Error loading file' String.prototype.matchAll.throws-non-global.js']]
kangax-es2020/globalThis.descriptor.js: Syntax error detected near line 9, column 25, after "==" [[Error loading file' globalThis.descriptor.js']]
kangax-es2020/globalThis.js: Syntax error detected near line 9, column 44, after "==" [[Error loading file' globalThis.js']]
kangax-es2020/nullish-coalescing.js: Syntax error detected near line 10, column 17, after "?" [[Error loading file' nullish-coalescing.js']]
kangax-es2020/optional-chaining.bracket.js: Syntax error detected near line 10, column 13, after "=" [[Error loading file' optional-chaining.bracket.js']]
kangax-es2020/optional-chaining.function-call.js: Syntax error detected near line 10, column 13, after "=" [[Error loading file' optional-chaining.function-call.js']]
kangax-es2020/optional-chaining.method-call.js: Syntax error detected near line 10, column 13, after "=" [[Error loading file' optional-chaining.method-call.js']]
kangax-es2020/optional-chaining.property.js: Syntax error detected near line 10, column 13, after "=" [[Error loading file' optional-chaining.property.js']]
kangax-es2020/optional-chaining.spread-params.js: Syntax error detected near line 12, column 11, after "=" [[Error loading file' optional-chaining.spread-params.js']]
kangax-es2021/FinalizationRegistry.js: Syntax error detected near line 10, column 37, after "(" [[Error loading file' FinalizationRegistry.js']]
kangax-es2021/Promise.any.AggregateError.js: Syntax error detected near line 9, column 16, after "=" in file: 'Promise.any.AggregateError.js' [[Error loading file' Promise.any.AggregateError.js']]
kangax-es2021/Promise.any.fulfillment.js: Syntax error detected near line 9, column 16, after "=" [[Error loading file' Promise.any.fulfillment.js']]
kangax-es2021/String.prototype.replaceAll.js: Syntax error detected near line 10, column 37, after <STRING_LITERAL> [[Error loading file' String.prototype.replaceAll.js']]
kangax-es2021/WeakRef.js: Syntax error detected near line 10, column 11, after "=" [[Error loading file' WeakRef.js']]
kangax-es2021/logical-assignment.and.js: Syntax error detected near line 10, column 7, after <IDENTIFIER> [[Error loading file' logical-assignment.and.js']]
kangax-es2021/logical-assignment.and.setter-not-invoked.js: Syntax error detected near line 9, column 7, after <IDENTIFIER> [[Error loading file' logical-assignment.and.setter-not-invoked.js']]
kangax-es2021/logical-assignment.and.short-circuit.js: Syntax error detected near line 9, column 7, after <IDENTIFIER> [[Error loading file' logical-assignment.and.short-circuit.js']]
kangax-es2021/logical-assignment.nullish.js: Syntax error detected near line 10, column 7, after <IDENTIFIER> [[Error loading file' logical-assignment.nullish.js']]
kangax-es2021/logical-assignment.nullish.setter-not-invoked.js: Syntax error detected near line 9, column 7, after <IDENTIFIER> [[Error loading file' logical-assignment.nullish.setter-not-invoked.js']]
kangax-es2021/logical-assignment.nullish.short-circuit.js: Syntax error detected near line 9, column 7, after <IDENTIFIER> [[Error loading file' logical-assignment.nullish.short-circuit.js']]
kangax-es2021/logical-assignment.or.js: Syntax error detected near line 10, column 7, after <IDENTIFIER> [[Error loading file' logical-assignment.or.js']]
kangax-es2021/logical-assignment.or.setter-not-invoked.js: Syntax error detected near line 9, column 7, after <IDENTIFIER> [[Error loading file' logical-assignment.or.setter-not-invoked.js']]
kangax-es2021/logical-assignment.or.short-circuit.js: Syntax error detected near line 9, column 7, after <IDENTIFIER> [[Error loading file' logical-assignment.or.short-circuit.js']]
kangax-es2021/numeric-separators.js: Syntax error detected near line 9, column 11, after <DECIMAL_LITERAL> [[Error loading file' numeric-separators.js']]
kangax-es2022/Error.cause.AggregateError-prototype-lacks.js: Syntax error detected near line 9, column 20, after <STRING_LITERAL> in file: 'Error.cause.AggregateError-prototype-lacks.js' [[Error loading file' Error.cause.AggregateError-prototype-lacks.js']]
kangax-es2022/Error.cause.AggregateError.js: Syntax error detected near line 9, column 34, after "(" in file: 'Error.cause.AggregateError.js' [[Error loading file' Error.cause.AggregateError.js']]
kangax-es2022/Error.cause.Error-prototype-lacks.js: Syntax error detected near line 9, column 20, after <STRING_LITERAL> in file: 'Error.cause.Error-prototype-lacks.js' [[Error loading file' Error.cause.Error-prototype-lacks.js']]
kangax-es2022/Error.cause.Error.js: Syntax error detected near line 9, column 34, after "," in file: 'Error.cause.Error.js' [[Error loading file' Error.cause.Error.js']]
kangax-es2022/Error.cause.EvalError-prototype-lacks.js: Syntax error detected near line 9, column 20, after <STRING_LITERAL> in file: 'Error.cause.EvalError-prototype-lacks.js' [[Error loading file' Error.cause.EvalError-prototype-lacks.js']]
kangax-es2022/Error.cause.EvalError.js: Syntax error detected near line 9, column 38, after "," in file: 'Error.cause.EvalError.js' [[Error loading file' Error.cause.EvalError.js']]
kangax-es2022/Error.cause.RangeError-prototype-lacks.js: Syntax error detected near line 9, column 20, after <STRING_LITERAL> in file: 'Error.cause.RangeError-prototype-lacks.js' [[Error loading file' Error.cause.RangeError-prototype-lacks.js']]
kangax-es2022/Error.cause.RangeError.js: Syntax error detected near line 9, column 39, after "," in file: 'Error.cause.RangeError.js' [[Error loading file' Error.cause.RangeError.js']]
kangax-es2022/Error.cause.ReferenceError-prototype-lacks.js: Syntax error detected near line 9, column 20, after <STRING_LITERAL> in file: 'Error.cause.ReferenceError-prototype-lacks.js' [[Error loading file' Error.cause.ReferenceError-prototype-lacks.js']]
kangax-es2022/Error.cause.ReferenceError.js: Syntax error detected near line 9, column 43, after "," in file: 'Error.cause.ReferenceError.js' [[Error loading file' Error.cause.ReferenceError.js']]
kangax-es2022/Error.cause.SyntaxError-prototype-lacks.js: Syntax error detected near line 9, column 20, after <STRING_LITERAL> in file: 'Error.cause.SyntaxError-prototype-lacks.js' [[Error loading file' Error.cause.SyntaxError-prototype-lacks.js']]
kangax-es2022/Error.cause.SyntaxError.js: Syntax error detected near line 9, column 40, after "," in file: 'Error.cause.SyntaxError.js' [[Error loading file' Error.cause.SyntaxError.js']]
kangax-es2022/Error.cause.TypeError-prototype-lacks.js: Syntax error detected near line 9, column 20, after <STRING_LITERAL> in file: 'Error.cause.TypeError-prototype-lacks.js' [[Error loading file' Error.cause.TypeError-prototype-lacks.js']]
kangax-es2022/Error.cause.TypeError.js: Syntax error detected near line 9, column 38, after "," in file: 'Error.cause.TypeError.js' [[Error loading file' Error.cause.TypeError.js']]
kangax-es2022/Error.cause.URIError-prototype-lacks.js: Syntax error detected near line 9, column 20, after <STRING_LITERAL> in file: 'Error.cause.URIError-prototype-lacks.js' [[Error loading file' Error.cause.URIError-prototype-lacks.js']]
kangax-es2022/Error.cause.URIError.js: Syntax error detected near line 9, column 37, after "," in file: 'Error.cause.URIError.js' [[Error loading file' Error.cause.URIError.js']]
kangax-es2022/Object.hasOwn.ToObject-first.js: [[Error loading file' Object.hasOwn.ToObject-first.js']]
kangax-es2022/Object.hasOwn.js: Syntax error detected near line 10, column 24, after "(" [[Error loading file' Object.hasOwn.js']]
kangax-es2022/at-method.Array.js: Syntax error detected near line 10, column 13, after "=" [[Error loading file' at-method.Array.js']]
kangax-es2022/at-method.String.js: Syntax error detected near line 11, column 22, after "==" [[Error loading file' at-method.String.js']]
kangax-es2022/at-method.TypedArray.js: Syntax error detected near line 8, column 25, after "==" [[Error loading file' at-method.TypedArray.js']]
kangax-es2022/class-fields.computed-instance.js: [[Error loading file' class-fields.computed-instance.js']]
kangax-es2022/class-fields.computed-static.js: [[Error loading file' class-fields.computed-static.js']]
kangax-es2022/class-fields.instance.parent-scope.js: Syntax error detected near line 10, column 9, after <IDENTIFIER> [[Error loading file' class-fields.instance.parent-scope.js']]
kangax-es2022/class-fields.private-instance.initializers.js: [[Error loading file' class-fields.private-instance.initializers.js']]
kangax-es2022/class-fields.private-instance.js: [[Error loading file' class-fields.private-instance.js']]
kangax-es2022/class-fields.private-instance.optional-access.js: [[Error loading file' class-fields.private-instance.optional-access.js']]
kangax-es2022/class-fields.private-instance.optional-deep-access.js: [[Error loading file' class-fields.private-instance.optional-deep-access.js']]
kangax-es2022/class-fields.private-static.js: [[Error loading file' class-fields.private-static.js']]
kangax-es2022/class-fields.public-instance.js: [[Error loading file' class-fields.public-instance.js']]
kangax-es2022/class-fields.public-static.js: [[Error loading file' class-fields.public-static.js']]
kangax-es2022/class-fields.static.define.js: [[Error loading file' class-fields.static.define.js']]
kangax-es2022/class-methods.private-accessor.js: [[Error loading file' class-methods.private-accessor.js']]
kangax-es2022/class-methods.private-instance.js: [[Error loading file' class-methods.private-instance.js']]
kangax-es2022/class-methods.private-static-accessor.js: [[Error loading file' class-methods.private-static-accessor.js']]
kangax-es2022/class-methods.private-static.js: [[Error loading file' class-methods.private-static.js']]
kangax-es2022/class-static-init-blocks.js: Syntax error detected near line 10, column 7, after <IDENTIFIER> [[Error loading file' class-static-init-blocks.js']]
kangax-es2022/ergonomic-brand-checks.js: [[Error loading file' ergonomic-brand-checks.js']]
kangax-es2022/regex.flags.d.constructor.js: Syntax error detected near line 9, column 31, after ")" [[Error loading file' regex.flags.d.constructor.js']]
kangax-es2022/regex.flags.d.shows-in-flags.js: Syntax error detected near line 8, column 21, after "==" [[Error loading file' regex.flags.d.shows-in-flags.js']]
kangax-es2023/Array.prototype.findLastIndex.js: Syntax error detected near line 10, column 13, after "=" [[Error loading file' Array.prototype.findLastIndex.js']]
kangax-es2023/Array.prototype.findLast.js: Syntax error detected near line 10, column 13, after "=" [[Error loading file' Array.prototype.findLast.js']]
kangax-es2023/Array.prototype.toReversed.js: Syntax error detected near line 10, column 13, after "=" [[Error loading file' Array.prototype.toReversed.js']]
kangax-es2023/Array.prototype.toSorted.js: Syntax error detected near line 10, column 13, after "=" [[Error loading file' Array.prototype.toSorted.js']]
kangax-es2023/Array.prototype.toSpliced.js: Syntax error detected near line 10, column 13, after "=" [[Error loading file' Array.prototype.toSpliced.js']]
kangax-es2023/Array.prototype.with.js: Syntax error detected near line 10, column 13, after "=" [[Error loading file' Array.prototype.with.js']]
kangax-es2023/TypedArray.prototype.toReversed.js: Syntax error detected near line 10, column 28, after "(" [[Error loading file' TypedArray.prototype.toReversed.js']]
kangax-es2023/TypedArray.prototype.toSorted.js: Syntax error detected near line 10, column 28, after "(" [[Error loading file' TypedArray.prototype.toSorted.js']]
kangax-es2023/TypedArray.prototype.with.js: Syntax error detected near line 10, column 28, after "(" [[Error loading file' TypedArray.prototype.with.js']]
kangax-es2023/hashbang.js: Lexical error at line 1, column 1.  Encountered: "#" (35), after : "" [[Error loading file' hashbang.js']]
kangax-es2024/ArrayBuffer.prototype.detached.js: [[Error loading file' ArrayBuffer.prototype.detached.js']]
kangax-es2024/ArrayBuffer.prototype.transferToFixedLength.js: [[Error loading file' ArrayBuffer.prototype.transferToFixedLength.js']]
kangax-es2024/ArrayBuffer.prototype.transfer.js: [[Error loading file' ArrayBuffer.prototype.transfer.js']]
kangax-es2024/Map.groupBy.js: [[Error loading file' Map.groupBy.js']]
kangax-es2024/Object.groupBy.js: [[Error loading file' Object.groupBy.js']]
kangax-es2024/Promise.withResolvers.js: Syntax error detected near line 11, column 14, after <IDENTIFIER> [[Error loading file' Promise.withResolvers.js']]
kangax-es2024/regex.flags.v.constructor.js: Syntax error detected near line 9, column 31, after ")" [[Error loading file' regex.flags.v.constructor.js']]
kangax-es2024/regex.flags.v.properties-of-strings.js: Syntax error detected near line 9, column 10, after "return" [[Error loading file' regex.flags.v.properties-of-strings.js']]
kangax-es2024/regex.flags.v.set-notations.js: Syntax error detected near line 9, column 10, after "return" [[Error loading file' regex.flags.v.set-notations.js']]
kangax-es2024/regex.flags.v.shows-in-flags.js: Syntax error detected near line 9, column 15, after "=" [[Error loading file' regex.flags.v.shows-in-flags.js']]
kangax-es2024/regex.flags.v.unicode-15.1.js: Syntax error detected near line 9, column 10, after "return" [[Error loading file' regex.flags.v.unicode-15.1.js']]
kangax-es2024/regex.flags.v.unicode-16.0.js: Syntax error detected near line 9, column 10, after "return" [[Error loading file' regex.flags.v.unicode-16.0.js']]
kangax-es2024/regex.flags.v.unicode-17.0.js: Syntax error detected near line 9, column 10, after "return" [[Error loading file' regex.flags.v.unicode-17.0.js']]
kangax-es2025/Iterator.extends.js: [[Error loading file' Iterator.extends.js']]
kangax-es2025/Iterator.from.iterable.js: [[Error loading file' Iterator.from.iterable.js']]
kangax-es2025/Iterator.from.iterator.js: [[Error loading file' Iterator.from.iterator.js']]
kangax-es2025/Iterator.instanceof.js: Syntax error detected near line 10, column 10, after "return" [[Error loading file' Iterator.instanceof.js']]
kangax-es2025/Iterator.prototype.Symbol.toStringTag.js: Syntax error detected near line 10, column 51, after "==" [[Error loading file' Iterator.prototype.Symbol.toStringTag.js']]
kangax-es2025/Iterator.prototype.drop.js: Syntax error detected near line 10, column 21, after "(" [[Error loading file' Iterator.prototype.drop.js']]
kangax-es2025/Iterator.prototype.every.js: Syntax error detected near line 10, column 10, after "return" [[Error loading file' Iterator.prototype.every.js']]
kangax-es2025/Iterator.prototype.filter.js: Syntax error detected near line 10, column 21, after "(" [[Error loading file' Iterator.prototype.filter.js']]
kangax-es2025/Iterator.prototype.find.js: Syntax error detected near line 10, column 10, after "return" [[Error loading file' Iterator.prototype.find.js']]
kangax-es2025/Iterator.prototype.flatMap.js: Syntax error detected near line 10, column 21, after "(" [[Error loading file' Iterator.prototype.flatMap.js']]
kangax-es2025/Iterator.prototype.forEach.js: Syntax error detected near line 10, column 7, after <IDENTIFIER> [[Error loading file' Iterator.prototype.forEach.js']]
kangax-es2025/Iterator.prototype.map.js: Syntax error detected near line 10, column 21, after "(" [[Error loading file' Iterator.prototype.map.js']]
kangax-es2025/Iterator.prototype.reduce.js: Syntax error detected near line 10, column 10, after "return" [[Error loading file' Iterator.prototype.reduce.js']]
kangax-es2025/Iterator.prototype.some.js: Syntax error detected near line 10, column 10, after "return" [[Error loading file' Iterator.prototype.some.js']]
kangax-es2025/Iterator.prototype.take.js: Syntax error detected near line 10, column 21, after "(" [[Error loading file' Iterator.prototype.take.js']]
kangax-es2025/Iterator.prototype.toArray.js: [[Error loading file' Iterator.prototype.toArray.js']]
kangax-es2025/Promise.try.js: Syntax error detected near line 9, column 16, after "=" [[Error loading file' Promise.try.js']]
kangax-es2025/RegExp.escape.js: Syntax error detected near line 10, column 49, after "==" [[Error loading file' RegExp.escape.js']]
kangax-es2025/Set.prototype.difference.js: Syntax error detected near line 10, column 21, after "(" [[Error loading file' Set.prototype.difference.js']]
kangax-es2025/Set.prototype.intersection.js: Syntax error detected near line 10, column 21, after "(" [[Error loading file' Set.prototype.intersection.js']]
kangax-es2025/Set.prototype.isDisjointFrom.js: Syntax error detected near line 10, column 18, after "(" [[Error loading file' Set.prototype.isDisjointFrom.js']]
kangax-es2025/Set.prototype.isSubsetOf.js: Syntax error detected near line 10, column 18, after "(" [[Error loading file' Set.prototype.isSubsetOf.js']]
kangax-es2025/Set.prototype.isSupersetOf.js: Syntax error detected near line 10, column 18, after "(" [[Error loading file' Set.prototype.isSupersetOf.js']]
kangax-es2025/Set.prototype.symmetricDifference.js: Syntax error detected near line 10, column 21, after "(" [[Error loading file' Set.prototype.symmetricDifference.js']]
kangax-es2025/Set.prototype.union.js: Syntax error detected near line 10, column 21, after "(" [[Error loading file' Set.prototype.union.js']]
kangax-es2025/regex.duplicate-named-groups.js: Syntax error detected near line 9, column 10, after "return" [[Error loading file' regex.duplicate-named-groups.js']]
kangax-es2025/regex.pattern-modifiers.i.js: [[Error loading file' regex.pattern-modifiers.i.js']]
kangax-es2025/regex.pattern-modifiers.m.js: [[Error loading file' regex.pattern-modifiers.m.js']]
kangax-es2025/regex.pattern-modifiers.s.js: [[Error loading file' regex.pattern-modifiers.s.js']]
kangax-intl/Array.prototype.toLocaleString.js: Syntax error detected near line 10, column 50, after "==" [[Error loading file' Array.prototype.toLocaleString.js']]
kangax-intl/Date.prototype.toLocaleDateString.js: Syntax error detected near line 10, column 53, after "==" [[Error loading file' Date.prototype.toLocaleDateString.js']]
kangax-intl/Date.prototype.toLocaleString.js: Syntax error detected near line 10, column 49, after "==" [[Error loading file' Date.prototype.toLocaleString.js']]
kangax-intl/Date.prototype.toLocaleTimeString.js: Syntax error detected near line 10, column 53, after "==" [[Error loading file' Date.prototype.toLocaleTimeString.js']]
kangax-intl/Intl.Collator.js: Syntax error detected near line 10, column 33, after "==" [[Error loading file' Intl.Collator.js']]
kangax-intl/Intl.Collator.new-instances.js: Syntax error detected near line 10, column 30, after ")" [[Error loading file' Intl.Collator.new-instances.js']]
kangax-intl/Intl.Collator.prototype.compare.js: Syntax error detected near line 10, column 43, after "==" [[Error loading file' Intl.Collator.prototype.compare.js']]
kangax-intl/Intl.Collator.prototype.resolvedOptions.js: Syntax error detected near line 10, column 51, after "==" [[Error loading file' Intl.Collator.prototype.resolvedOptions.js']]
kangax-intl/Intl.Collator.rejects-invalid-tags.js: Syntax error detected near line 10, column 30, after "!=" in file: 'Intl.Collator.rejects-invalid-tags.js' [[Error loading file' Intl.Collator.rejects-invalid-tags.js']]
kangax-intl/Intl.Collator.valid-tags.js: [[Error loading file' Intl.Collator.valid-tags.js']]
kangax-intl/Intl.Collator.without-new.js: Syntax error detected near line 10, column 26, after ")" [[Error loading file' Intl.Collator.without-new.js']]
kangax-intl/Intl.DateTimeFormat.iana-timezones.js: [[Error loading file' Intl.DateTimeFormat.iana-timezones.js']]
kangax-intl/Intl.DateTimeFormat.js: Syntax error detected near line 10, column 39, after "==" [[Error loading file' Intl.DateTimeFormat.js']]
kangax-intl/Intl.DateTimeFormat.new-instances.js: Syntax error detected near line 10, column 36, after ")" [[Error loading file' Intl.DateTimeFormat.new-instances.js']]
kangax-intl/Intl.DateTimeFormat.rejects-invalid-tags.js: Syntax error detected near line 10, column 36, after "!=" in file: 'Intl.DateTimeFormat.rejects-invalid-tags.js' [[Error loading file' Intl.DateTimeFormat.rejects-invalid-tags.js']]
kangax-intl/Intl.DateTimeFormat.resolvedOptions.timeZone-default.js: Syntax error detected near line 11, column 15, after "!=" [[Error loading file' Intl.DateTimeFormat.resolvedOptions.timeZone-default.js']]
kangax-intl/Intl.DateTimeFormat.valid-tags.js: [[Error loading file' Intl.DateTimeFormat.valid-tags.js']]
kangax-intl/Intl.DateTimeFormat.without-new.js: Syntax error detected near line 10, column 32, after ")" [[Error loading file' Intl.DateTimeFormat.without-new.js']]
kangax-intl/Intl.NumberFormat.js: Syntax error detected near line 10, column 37, after "==" [[Error loading file' Intl.NumberFormat.js']]
kangax-intl/Intl.NumberFormat.new-instances.js: Syntax error detected near line 10, column 34, after ")" [[Error loading file' Intl.NumberFormat.new-instances.js']]
kangax-intl/Intl.NumberFormat.rejects-invalid-tags.js: Syntax error detected near line 10, column 34, after "!=" in file: 'Intl.NumberFormat.rejects-invalid-tags.js' [[Error loading file' Intl.NumberFormat.rejects-invalid-tags.js']]
kangax-intl/Intl.NumberFormat.valid-tags.js: [[Error loading file' Intl.NumberFormat.valid-tags.js']]
kangax-intl/Intl.NumberFormat.without-new.js: Syntax error detected near line 10, column 30, after ")" [[Error loading file' Intl.NumberFormat.without-new.js']]
kangax-intl/Intl.js: Syntax error detected near line 10, column 24, after "==" [[Error loading file' Intl.js']]
kangax-intl/Intl.prototype.js: Syntax error detected near line 10, column 29, after "==" [[Error loading file' Intl.prototype.js']]
kangax-intl/Number.prototype.toLocaleString.js: Syntax error detected near line 10, column 51, after "==" [[Error loading file' Number.prototype.toLocaleString.js']]
kangax-intl/Object.prototype.toLocaleString.js: Syntax error detected near line 10, column 51, after "==" [[Error loading file' Object.prototype.toLocaleString.js']]
kangax-intl/String.prototype.localeCompare.js: Syntax error detected near line 10, column 50, after "==" [[Error loading file' String.prototype.localeCompare.js']]
kangax-next/Array.isTemplateObject.js: Syntax error detected near line 9, column 34, after "(" [[Error loading file' Array.isTemplateObject.js']]
kangax-next/AsyncDisposableStack.js: Syntax error detected near line 8, column 16, after "=" [[Error loading file' AsyncDisposableStack.js']]
kangax-next/AsyncIterator.extends.js: [[Error loading file' AsyncIterator.extends.js']]
kangax-next/AsyncIterator.from.async-iterable.js: Syntax error detected near line 8, column 16, after "=" [[Error loading file' AsyncIterator.from.async-iterable.js']]
kangax-next/AsyncIterator.from.iterable.js: Syntax error detected near line 8, column 16, after "=" [[Error loading file' AsyncIterator.from.iterable.js']]
kangax-next/AsyncIterator.from.iterator.js: Syntax error detected near line 8, column 16, after "=" [[Error loading file' AsyncIterator.from.iterator.js']]
kangax-next/AsyncIterator.instanceof.js: Syntax error detected near line 9, column 17, after <IDENTIFIER> [[Error loading file' AsyncIterator.instanceof.js']]
kangax-next/AsyncIterator.prototype.Symbol.toStringTag.js: Syntax error detected near line 9, column 56, after "==" [[Error loading file' AsyncIterator.prototype.Symbol.toStringTag.js']]
kangax-next/AsyncIterator.prototype.drop.js: Syntax error detected near line 8, column 16, after "=" [[Error loading file' AsyncIterator.prototype.drop.js']]
kangax-next/AsyncIterator.prototype.every.js: Syntax error detected near line 8, column 16, after "=" [[Error loading file' AsyncIterator.prototype.every.js']]
kangax-next/AsyncIterator.prototype.filter.js: Syntax error detected near line 8, column 16, after "=" [[Error loading file' AsyncIterator.prototype.filter.js']]
kangax-next/AsyncIterator.prototype.find.js: Syntax error detected near line 8, column 16, after "=" [[Error loading file' AsyncIterator.prototype.find.js']]
kangax-next/AsyncIterator.prototype.flatMap.js: Syntax error detected near line 8, column 16, after "=" [[Error loading file' AsyncIterator.prototype.flatMap.js']]
kangax-next/AsyncIterator.prototype.forEach.js: Syntax error detected near line 8, column 16, after "=" [[Error loading file' AsyncIterator.prototype.forEach.js']]
kangax-next/AsyncIterator.prototype.map.js: Syntax error detected near line 8, column 16, after "=" [[Error loading file' AsyncIterator.prototype.map.js']]
kangax-next/AsyncIterator.prototype.reduce.js: Syntax error detected near line 8, column 16, after "=" [[Error loading file' AsyncIterator.prototype.reduce.js']]
kangax-next/AsyncIterator.prototype.some.js: Syntax error detected near line 8, column 16, after "=" [[Error loading file' AsyncIterator.prototype.some.js']]
kangax-next/AsyncIterator.prototype.take.js: Syntax error detected near line 8, column 16, after "=" [[Error loading file' AsyncIterator.prototype.take.js']]
kangax-next/AsyncIterator.prototype.toArray.js: Syntax error detected near line 8, column 16, after "=" [[Error loading file' AsyncIterator.prototype.toArray.js']]
kangax-next/DisposableStack.js: Syntax error detected near line 10, column 19, after "=" [[Error loading file' DisposableStack.js']]
kangax-next/Map.prototype.upsert.js: [[Error loading file' Map.prototype.upsert.js']]
kangax-next/RegExp.1-9.js: Syntax error detected near line 11, column 21, after ")" [[Error loading file' RegExp.1-9.js']]
kangax-next/RegExp.lastMatch.js: Syntax error detected near line 10, column 12, after "=" [[Error loading file' RegExp.lastMatch.js']]
kangax-next/ShadowRealm.js: Syntax error detected near line 9, column 31, after "==" [[Error loading file' ShadowRealm.js']]
kangax-next/SuppressedError.js: in file: 'SuppressedError.js' [[Error loading file' SuppressedError.js']]
kangax-next/Uint8Array.fromBase64.js: [[Error loading file' Uint8Array.fromBase64.js']]
kangax-next/Uint8Array.fromHex.js: [[Error loading file' Uint8Array.fromHex.js']]
kangax-next/Uint8Array.setFromBase64.js: [[Error loading file' Uint8Array.setFromBase64.js']]
kangax-next/Uint8Array.setFromHex.js: [[Error loading file' Uint8Array.setFromHex.js']]
kangax-next/Uint8Array.toBase64.js: [[Error loading file' Uint8Array.toBase64.js']]
kangax-next/Uint8Array.toHex.js: [[Error loading file' Uint8Array.toHex.js']]
kangax-next/WeakMap.prototype.upsert.js: [[Error loading file' WeakMap.prototype.upsert.js']]
kangax-next/await-using.for-of.js: Syntax error detected near line 8, column 16, after "=" [[Error loading file' await-using.for-of.js']]
kangax-next/await-using.js: Syntax error detected near line 8, column 16, after "=" [[Error loading file' await-using.js']]
kangax-next/class-decorators.js: [[Error loading file' class-decorators.js']]
kangax-next/function.sent.js: Syntax error detected near line 10, column 3, after ";" [[Error loading file' function.sent.js']]
kangax-next/throw-expr.arrow.js: Syntax error detected near line 9, column 13, after "(" [[Error loading file' throw-expr.arrow.js']]
kangax-next/throw-expr.conditional.js: [[Error loading file' throw-expr.conditional.js']]
kangax-next/throw-expr.logical.js: [[Error loading file' throw-expr.logical.js']]
kangax-next/throw-expr.param-init.js: Syntax error detected near line 9, column 3, after "{" [[Error loading file' throw-expr.param-init.js']]
kangax-next/using.for-of.js: Syntax error detected near line 9, column 19, after "=" [[Error loading file' using.for-of.js']]
kangax-next/using.js: Syntax error detected near line 9, column 18, after "=" [[Error loading file' using.js']]
